[2024-06-02 12:39:52,373][flwr][INFO] - Starting Flower simulation, config: ServerConfig(num_rounds=100, round_timeout=None)
[2024-06-02 12:39:54,409][flwr][INFO] - Flower VCE: Ray initialized with resources: {'node:172.17.34.3': 1.0, 'memory': 83160560640.0, 'GPU': 2.0, 'CPU': 24.0, 'object_store_memory': 39925954560.0, 'accelerator_type:G': 1.0}
[2024-06-02 12:39:54,410][flwr][INFO] - Initializing global parameters
[2024-06-02 12:39:54,410][flwr][INFO] - Requesting initial parameters from one random client
[2024-06-02 12:39:55,517][flwr][INFO] - Received initial parameters from one random client
[2024-06-02 12:39:55,517][flwr][INFO] - Evaluating initial parameters
[2024-06-02 12:39:57,472][flwr][INFO] - initial parameters (loss, other metrics): 180.36799931526184, {'accuracy': 0.0566}
[2024-06-02 12:39:57,472][flwr][INFO] - FL starting
[2024-06-02 12:39:57,472][flwr][DEBUG] - fit_round 1: strategy sampled 10 clients (out of 50)
[2024-06-02 12:40:02,237][flwr][DEBUG] - fit_round 1 received 10 results and 0 failures
[2024-06-02 12:40:02,253][flwr][WARNING] - No fit_metrics_aggregation_fn provided
[2024-06-02 12:40:02,591][flwr][INFO] - fit progress: (1, 115.81465256214142, {'accuracy': 0.5212}, 5.1183479013852775)
[2024-06-02 12:40:02,591][flwr][DEBUG] - evaluate_round 1: strategy sampled 1 clients (out of 50)
[2024-06-02 12:40:02,759][flwr][DEBUG] - evaluate_round 1 received 1 results and 0 failures
[2024-06-02 12:40:02,759][flwr][WARNING] - No evaluate_metrics_aggregation_fn provided
[2024-06-02 12:40:02,760][flwr][DEBUG] - fit_round 2: strategy sampled 10 clients (out of 50)
[2024-06-02 12:40:03,442][flwr][DEBUG] - fit_round 2 received 10 results and 0 failures
[2024-06-02 12:40:03,799][flwr][INFO] - fit progress: (2, 86.90150582790375, {'accuracy': 0.6755}, 6.327127269934863)
[2024-06-02 12:40:03,799][flwr][DEBUG] - evaluate_round 2: strategy sampled 1 clients (out of 50)
[2024-06-02 12:40:03,966][flwr][DEBUG] - evaluate_round 2 received 1 results and 0 failures
[2024-06-02 12:40:03,966][flwr][DEBUG] - fit_round 3: strategy sampled 10 clients (out of 50)
[2024-06-02 12:40:04,734][flwr][DEBUG] - fit_round 3 received 10 results and 0 failures
[2024-06-02 12:40:05,079][flwr][INFO] - fit progress: (3, 22.114524498581886, {'accuracy': 0.9224}, 7.606984902173281)
[2024-06-02 12:40:05,079][flwr][DEBUG] - evaluate_round 3: strategy sampled 1 clients (out of 50)
[2024-06-02 12:40:05,245][flwr][DEBUG] - evaluate_round 3 received 1 results and 0 failures
[2024-06-02 12:40:05,245][flwr][DEBUG] - fit_round 4: strategy sampled 10 clients (out of 50)
[2024-06-02 12:40:06,098][flwr][DEBUG] - fit_round 4 received 10 results and 0 failures
[2024-06-02 12:40:06,656][flwr][INFO] - fit progress: (4, 15.880109313875437, {'accuracy': 0.9319}, 9.183417218271643)
[2024-06-02 12:40:06,656][flwr][DEBUG] - evaluate_round 4: strategy sampled 1 clients (out of 50)
[2024-06-02 12:40:06,875][flwr][DEBUG] - evaluate_round 4 received 1 results and 0 failures
[2024-06-02 12:40:06,875][flwr][DEBUG] - fit_round 5: strategy sampled 10 clients (out of 50)
[2024-06-02 12:40:07,578][flwr][DEBUG] - fit_round 5 received 10 results and 0 failures
[2024-06-02 12:40:08,141][flwr][INFO] - fit progress: (5, 13.710137233138084, {'accuracy': 0.9477}, 10.668461921159178)
[2024-06-02 12:40:08,141][flwr][DEBUG] - evaluate_round 5: strategy sampled 1 clients (out of 50)
[2024-06-02 12:40:08,282][flwr][DEBUG] - evaluate_round 5 received 1 results and 0 failures
[2024-06-02 12:40:08,282][flwr][DEBUG] - fit_round 6: strategy sampled 10 clients (out of 50)
[2024-06-02 12:40:09,045][flwr][DEBUG] - fit_round 6 received 10 results and 0 failures
[2024-06-02 12:40:09,617][flwr][INFO] - fit progress: (6, 11.489156546071172, {'accuracy': 0.9539}, 12.144361952319741)
[2024-06-02 12:40:09,617][flwr][DEBUG] - evaluate_round 6: strategy sampled 1 clients (out of 50)
[2024-06-02 12:40:09,818][flwr][DEBUG] - evaluate_round 6 received 1 results and 0 failures
[2024-06-02 12:40:09,819][flwr][DEBUG] - fit_round 7: strategy sampled 10 clients (out of 50)
[2024-06-02 12:40:10,569][flwr][DEBUG] - fit_round 7 received 10 results and 0 failures
[2024-06-02 12:40:11,131][flwr][INFO] - fit progress: (7, 7.522929857484996, {'accuracy': 0.9707}, 13.658770157955587)
[2024-06-02 12:40:11,131][flwr][DEBUG] - evaluate_round 7: strategy sampled 1 clients (out of 50)
[2024-06-02 12:40:11,291][flwr][DEBUG] - evaluate_round 7 received 1 results and 0 failures
[2024-06-02 12:40:11,291][flwr][DEBUG] - fit_round 8: strategy sampled 10 clients (out of 50)
[2024-06-02 12:40:12,067][flwr][DEBUG] - fit_round 8 received 10 results and 0 failures
[2024-06-02 12:40:12,620][flwr][INFO] - fit progress: (8, 6.10048527084291, {'accuracy': 0.9738}, 15.147701003123075)
[2024-06-02 12:40:12,620][flwr][DEBUG] - evaluate_round 8: strategy sampled 1 clients (out of 50)
[2024-06-02 12:40:12,808][flwr][DEBUG] - evaluate_round 8 received 1 results and 0 failures
[2024-06-02 12:40:12,808][flwr][DEBUG] - fit_round 9: strategy sampled 10 clients (out of 50)
[2024-06-02 12:40:13,575][flwr][DEBUG] - fit_round 9 received 10 results and 0 failures
[2024-06-02 12:40:14,543][flwr][INFO] - fit progress: (9, 6.47418567398563, {'accuracy': 0.9747}, 17.071048064157367)
[2024-06-02 12:40:14,543][flwr][DEBUG] - evaluate_round 9: strategy sampled 1 clients (out of 50)
[2024-06-02 12:40:14,703][flwr][DEBUG] - evaluate_round 9 received 1 results and 0 failures
[2024-06-02 12:40:14,703][flwr][DEBUG] - fit_round 10: strategy sampled 10 clients (out of 50)
[2024-06-02 12:40:15,431][flwr][DEBUG] - fit_round 10 received 10 results and 0 failures
[2024-06-02 12:40:16,369][flwr][INFO] - fit progress: (10, 7.02071954542771, {'accuracy': 0.9697}, 18.896789510268718)
[2024-06-02 12:40:16,369][flwr][DEBUG] - evaluate_round 10: strategy sampled 1 clients (out of 50)
[2024-06-02 12:40:16,544][flwr][DEBUG] - evaluate_round 10 received 1 results and 0 failures
[2024-06-02 12:40:16,544][flwr][DEBUG] - fit_round 11: strategy sampled 10 clients (out of 50)
[2024-06-02 12:40:17,338][flwr][DEBUG] - fit_round 11 received 10 results and 0 failures
[2024-06-02 12:40:17,887][flwr][INFO] - fit progress: (11, 5.236558886594139, {'accuracy': 0.9783}, 20.41464633308351)
[2024-06-02 12:40:17,887][flwr][DEBUG] - evaluate_round 11: strategy sampled 1 clients (out of 50)
[2024-06-02 12:40:18,063][flwr][DEBUG] - evaluate_round 11 received 1 results and 0 failures
[2024-06-02 12:40:18,063][flwr][DEBUG] - fit_round 12: strategy sampled 10 clients (out of 50)
[2024-06-02 12:40:18,793][flwr][DEBUG] - fit_round 12 received 10 results and 0 failures
[2024-06-02 12:40:19,351][flwr][INFO] - fit progress: (12, 5.0239264271222055, {'accuracy': 0.9778}, 21.879262979142368)
[2024-06-02 12:40:19,352][flwr][DEBUG] - evaluate_round 12: strategy sampled 1 clients (out of 50)
[2024-06-02 12:40:19,525][flwr][DEBUG] - evaluate_round 12 received 1 results and 0 failures
[2024-06-02 12:40:19,526][flwr][DEBUG] - fit_round 13: strategy sampled 10 clients (out of 50)
[2024-06-02 12:40:20,383][flwr][DEBUG] - fit_round 13 received 10 results and 0 failures
[2024-06-02 12:40:20,942][flwr][INFO] - fit progress: (13, 6.8053071070462465, {'accuracy': 0.9726}, 23.469831123016775)
[2024-06-02 12:40:20,942][flwr][DEBUG] - evaluate_round 13: strategy sampled 1 clients (out of 50)
[2024-06-02 12:40:21,135][flwr][DEBUG] - evaluate_round 13 received 1 results and 0 failures
[2024-06-02 12:40:21,135][flwr][DEBUG] - fit_round 14: strategy sampled 10 clients (out of 50)
[2024-06-02 12:40:21,907][flwr][DEBUG] - fit_round 14 received 10 results and 0 failures
[2024-06-02 12:40:22,478][flwr][INFO] - fit progress: (14, 4.409174697822891, {'accuracy': 0.9817}, 25.006296544335783)
[2024-06-02 12:40:22,479][flwr][DEBUG] - evaluate_round 14: strategy sampled 1 clients (out of 50)
[2024-06-02 12:40:22,647][flwr][DEBUG] - evaluate_round 14 received 1 results and 0 failures
[2024-06-02 12:40:22,647][flwr][DEBUG] - fit_round 15: strategy sampled 10 clients (out of 50)
[2024-06-02 12:40:23,484][flwr][DEBUG] - fit_round 15 received 10 results and 0 failures
[2024-06-02 12:40:24,344][flwr][INFO] - fit progress: (15, 6.125802970957011, {'accuracy': 0.9767}, 26.87188669014722)
[2024-06-02 12:40:24,344][flwr][DEBUG] - evaluate_round 15: strategy sampled 1 clients (out of 50)
[2024-06-02 12:40:24,551][flwr][DEBUG] - evaluate_round 15 received 1 results and 0 failures
[2024-06-02 12:40:24,551][flwr][DEBUG] - fit_round 16: strategy sampled 10 clients (out of 50)
[2024-06-02 12:40:25,379][flwr][DEBUG] - fit_round 16 received 10 results and 0 failures
[2024-06-02 12:40:25,933][flwr][INFO] - fit progress: (16, 5.461942355381325, {'accuracy': 0.9781}, 28.460849093273282)
[2024-06-02 12:40:25,933][flwr][DEBUG] - evaluate_round 16: strategy sampled 1 clients (out of 50)
[2024-06-02 12:40:26,102][flwr][DEBUG] - evaluate_round 16 received 1 results and 0 failures
[2024-06-02 12:40:26,102][flwr][DEBUG] - fit_round 17: strategy sampled 10 clients (out of 50)
[2024-06-02 12:40:26,851][flwr][DEBUG] - fit_round 17 received 10 results and 0 failures
[2024-06-02 12:40:27,419][flwr][INFO] - fit progress: (17, 6.823522479273379, {'accuracy': 0.9729}, 29.94672173820436)
[2024-06-02 12:40:27,419][flwr][DEBUG] - evaluate_round 17: strategy sampled 1 clients (out of 50)
[2024-06-02 12:40:27,579][flwr][DEBUG] - evaluate_round 17 received 1 results and 0 failures
[2024-06-02 12:40:27,579][flwr][DEBUG] - fit_round 18: strategy sampled 10 clients (out of 50)
[2024-06-02 12:40:28,273][flwr][DEBUG] - fit_round 18 received 10 results and 0 failures
[2024-06-02 12:40:28,826][flwr][INFO] - fit progress: (18, 4.810051020234823, {'accuracy': 0.979}, 31.353849144186825)
[2024-06-02 12:40:28,826][flwr][DEBUG] - evaluate_round 18: strategy sampled 1 clients (out of 50)
[2024-06-02 12:40:28,955][flwr][DEBUG] - evaluate_round 18 received 1 results and 0 failures
[2024-06-02 12:40:28,956][flwr][DEBUG] - fit_round 19: strategy sampled 10 clients (out of 50)
[2024-06-02 12:40:29,675][flwr][DEBUG] - fit_round 19 received 10 results and 0 failures
[2024-06-02 12:40:30,238][flwr][INFO] - fit progress: (19, 4.917834106832743, {'accuracy': 0.9807}, 32.765805901028216)
[2024-06-02 12:40:30,238][flwr][DEBUG] - evaluate_round 19: strategy sampled 1 clients (out of 50)
[2024-06-02 12:40:30,384][flwr][DEBUG] - evaluate_round 19 received 1 results and 0 failures
[2024-06-02 12:40:30,384][flwr][DEBUG] - fit_round 20: strategy sampled 10 clients (out of 50)
[2024-06-02 12:40:31,166][flwr][DEBUG] - fit_round 20 received 10 results and 0 failures
[2024-06-02 12:40:31,719][flwr][INFO] - fit progress: (20, 4.245050040539354, {'accuracy': 0.9833}, 34.246769971214235)
[2024-06-02 12:40:31,719][flwr][DEBUG] - evaluate_round 20: strategy sampled 1 clients (out of 50)
[2024-06-02 12:40:31,894][flwr][DEBUG] - evaluate_round 20 received 1 results and 0 failures
[2024-06-02 12:40:31,894][flwr][DEBUG] - fit_round 21: strategy sampled 10 clients (out of 50)
[2024-06-02 12:40:32,692][flwr][DEBUG] - fit_round 21 received 10 results and 0 failures
[2024-06-02 12:40:33,243][flwr][INFO] - fit progress: (21, 3.9910997187253088, {'accuracy': 0.9846}, 35.7711162623018)
[2024-06-02 12:40:33,243][flwr][DEBUG] - evaluate_round 21: strategy sampled 1 clients (out of 50)
[2024-06-02 12:40:33,405][flwr][DEBUG] - evaluate_round 21 received 1 results and 0 failures
[2024-06-02 12:40:33,405][flwr][DEBUG] - fit_round 22: strategy sampled 10 clients (out of 50)
[2024-06-02 12:40:34,155][flwr][DEBUG] - fit_round 22 received 10 results and 0 failures
[2024-06-02 12:40:34,740][flwr][INFO] - fit progress: (22, 3.4987724635575432, {'accuracy': 0.9844}, 37.268164040055126)
[2024-06-02 12:40:34,740][flwr][DEBUG] - evaluate_round 22: strategy sampled 1 clients (out of 50)
[2024-06-02 12:40:34,901][flwr][DEBUG] - evaluate_round 22 received 1 results and 0 failures
[2024-06-02 12:40:34,901][flwr][DEBUG] - fit_round 23: strategy sampled 10 clients (out of 50)
[2024-06-02 12:40:35,648][flwr][DEBUG] - fit_round 23 received 10 results and 0 failures
[2024-06-02 12:40:36,199][flwr][INFO] - fit progress: (23, 4.103263702563709, {'accuracy': 0.9829}, 38.72688625426963)
[2024-06-02 12:40:36,199][flwr][DEBUG] - evaluate_round 23: strategy sampled 1 clients (out of 50)
[2024-06-02 12:40:36,356][flwr][DEBUG] - evaluate_round 23 received 1 results and 0 failures
[2024-06-02 12:40:36,356][flwr][DEBUG] - fit_round 24: strategy sampled 10 clients (out of 50)
[2024-06-02 12:40:37,075][flwr][DEBUG] - fit_round 24 received 10 results and 0 failures
[2024-06-02 12:40:37,625][flwr][INFO] - fit progress: (24, 4.622368463402381, {'accuracy': 0.9789}, 40.152416662313044)
[2024-06-02 12:40:37,625][flwr][DEBUG] - evaluate_round 24: strategy sampled 1 clients (out of 50)
[2024-06-02 12:40:37,781][flwr][DEBUG] - evaluate_round 24 received 1 results and 0 failures
[2024-06-02 12:40:37,781][flwr][DEBUG] - fit_round 25: strategy sampled 10 clients (out of 50)
[2024-06-02 12:40:38,477][flwr][DEBUG] - fit_round 25 received 10 results and 0 failures
[2024-06-02 12:40:39,488][flwr][INFO] - fit progress: (25, 3.497701787913684, {'accuracy': 0.9839}, 42.015757233370095)
[2024-06-02 12:40:39,488][flwr][DEBUG] - evaluate_round 25: strategy sampled 1 clients (out of 50)
[2024-06-02 12:40:39,655][flwr][DEBUG] - evaluate_round 25 received 1 results and 0 failures
[2024-06-02 12:40:39,655][flwr][DEBUG] - fit_round 26: strategy sampled 10 clients (out of 50)
[2024-06-02 12:40:40,412][flwr][DEBUG] - fit_round 26 received 10 results and 0 failures
[2024-06-02 12:40:40,960][flwr][INFO] - fit progress: (26, 3.3702367872174364, {'accuracy': 0.9847}, 43.48731422238052)
[2024-06-02 12:40:40,960][flwr][DEBUG] - evaluate_round 26: strategy sampled 1 clients (out of 50)
[2024-06-02 12:40:41,136][flwr][DEBUG] - evaluate_round 26 received 1 results and 0 failures
[2024-06-02 12:40:41,136][flwr][DEBUG] - fit_round 27: strategy sampled 10 clients (out of 50)
[2024-06-02 12:40:41,900][flwr][DEBUG] - fit_round 27 received 10 results and 0 failures
[2024-06-02 12:40:42,464][flwr][INFO] - fit progress: (27, 3.67814305848151, {'accuracy': 0.9842}, 44.99136649724096)
[2024-06-02 12:40:42,464][flwr][DEBUG] - evaluate_round 27: strategy sampled 1 clients (out of 50)
[2024-06-02 12:40:42,621][flwr][DEBUG] - evaluate_round 27 received 1 results and 0 failures
[2024-06-02 12:40:42,621][flwr][DEBUG] - fit_round 28: strategy sampled 10 clients (out of 50)
[2024-06-02 12:40:43,373][flwr][DEBUG] - fit_round 28 received 10 results and 0 failures
[2024-06-02 12:40:43,931][flwr][INFO] - fit progress: (28, 3.258156728144968, {'accuracy': 0.9866}, 46.458667011000216)
[2024-06-02 12:40:43,931][flwr][DEBUG] - evaluate_round 28: strategy sampled 1 clients (out of 50)
[2024-06-02 12:40:44,093][flwr][DEBUG] - evaluate_round 28 received 1 results and 0 failures
[2024-06-02 12:40:44,093][flwr][DEBUG] - fit_round 29: strategy sampled 10 clients (out of 50)
[2024-06-02 12:40:44,836][flwr][DEBUG] - fit_round 29 received 10 results and 0 failures
[2024-06-02 12:40:45,390][flwr][INFO] - fit progress: (29, 3.9365147534990683, {'accuracy': 0.9819}, 47.91796680632979)
[2024-06-02 12:40:45,390][flwr][DEBUG] - evaluate_round 29: strategy sampled 1 clients (out of 50)
[2024-06-02 12:40:45,552][flwr][DEBUG] - evaluate_round 29 received 1 results and 0 failures
[2024-06-02 12:40:45,553][flwr][DEBUG] - fit_round 30: strategy sampled 10 clients (out of 50)
[2024-06-02 12:40:46,306][flwr][DEBUG] - fit_round 30 received 10 results and 0 failures
[2024-06-02 12:40:46,886][flwr][INFO] - fit progress: (30, 3.7364407170098275, {'accuracy': 0.984}, 49.413816321175545)
[2024-06-02 12:40:46,886][flwr][DEBUG] - evaluate_round 30: strategy sampled 1 clients (out of 50)
[2024-06-02 12:40:47,030][flwr][DEBUG] - evaluate_round 30 received 1 results and 0 failures
[2024-06-02 12:40:47,030][flwr][DEBUG] - fit_round 31: strategy sampled 10 clients (out of 50)
[2024-06-02 12:40:47,787][flwr][DEBUG] - fit_round 31 received 10 results and 0 failures
[2024-06-02 12:40:48,336][flwr][INFO] - fit progress: (31, 2.9240673266758677, {'accuracy': 0.988}, 50.8641940089874)
[2024-06-02 12:40:48,337][flwr][DEBUG] - evaluate_round 31: strategy sampled 1 clients (out of 50)
[2024-06-02 12:40:48,483][flwr][DEBUG] - evaluate_round 31 received 1 results and 0 failures
[2024-06-02 12:40:48,484][flwr][DEBUG] - fit_round 32: strategy sampled 10 clients (out of 50)
[2024-06-02 12:40:49,247][flwr][DEBUG] - fit_round 32 received 10 results and 0 failures
[2024-06-02 12:40:49,800][flwr][INFO] - fit progress: (32, 3.679397831845563, {'accuracy': 0.9831}, 52.32740218099207)
[2024-06-02 12:40:49,800][flwr][DEBUG] - evaluate_round 32: strategy sampled 1 clients (out of 50)
[2024-06-02 12:40:49,975][flwr][DEBUG] - evaluate_round 32 received 1 results and 0 failures
[2024-06-02 12:40:49,975][flwr][DEBUG] - fit_round 33: strategy sampled 10 clients (out of 50)
[2024-06-02 12:40:50,729][flwr][DEBUG] - fit_round 33 received 10 results and 0 failures
[2024-06-02 12:40:51,694][flwr][INFO] - fit progress: (33, 2.869542784857913, {'accuracy': 0.987}, 54.221895260270685)
[2024-06-02 12:40:51,694][flwr][DEBUG] - evaluate_round 33: strategy sampled 1 clients (out of 50)
[2024-06-02 12:40:51,852][flwr][DEBUG] - evaluate_round 33 received 1 results and 0 failures
[2024-06-02 12:40:51,852][flwr][DEBUG] - fit_round 34: strategy sampled 10 clients (out of 50)
[2024-06-02 12:40:52,681][flwr][DEBUG] - fit_round 34 received 10 results and 0 failures
[2024-06-02 12:40:53,678][flwr][INFO] - fit progress: (34, 3.1782188415527344, {'accuracy': 0.9861}, 56.206004871055484)
[2024-06-02 12:40:53,678][flwr][DEBUG] - evaluate_round 34: strategy sampled 1 clients (out of 50)
[2024-06-02 12:40:53,853][flwr][DEBUG] - evaluate_round 34 received 1 results and 0 failures
[2024-06-02 12:40:53,854][flwr][DEBUG] - fit_round 35: strategy sampled 10 clients (out of 50)
[2024-06-02 12:40:54,611][flwr][DEBUG] - fit_round 35 received 10 results and 0 failures
[2024-06-02 12:40:55,179][flwr][INFO] - fit progress: (35, 3.1794371683536156, {'accuracy': 0.9871}, 57.706383211072534)
[2024-06-02 12:40:55,179][flwr][DEBUG] - evaluate_round 35: strategy sampled 1 clients (out of 50)
[2024-06-02 12:40:55,336][flwr][DEBUG] - evaluate_round 35 received 1 results and 0 failures
[2024-06-02 12:40:55,336][flwr][DEBUG] - fit_round 36: strategy sampled 10 clients (out of 50)
[2024-06-02 12:40:56,144][flwr][DEBUG] - fit_round 36 received 10 results and 0 failures
[2024-06-02 12:40:56,697][flwr][INFO] - fit progress: (36, 4.139966510236263, {'accuracy': 0.9835}, 59.225289079360664)
[2024-06-02 12:40:56,698][flwr][DEBUG] - evaluate_round 36: strategy sampled 1 clients (out of 50)
[2024-06-02 12:40:56,875][flwr][DEBUG] - evaluate_round 36 received 1 results and 0 failures
[2024-06-02 12:40:56,875][flwr][DEBUG] - fit_round 37: strategy sampled 10 clients (out of 50)
[2024-06-02 12:40:57,653][flwr][DEBUG] - fit_round 37 received 10 results and 0 failures
[2024-06-02 12:40:58,202][flwr][INFO] - fit progress: (37, 3.533589993894566, {'accuracy': 0.9841}, 60.72972478112206)
[2024-06-02 12:40:58,202][flwr][DEBUG] - evaluate_round 37: strategy sampled 1 clients (out of 50)
[2024-06-02 12:40:58,373][flwr][DEBUG] - evaluate_round 37 received 1 results and 0 failures
[2024-06-02 12:40:58,373][flwr][DEBUG] - fit_round 38: strategy sampled 10 clients (out of 50)
[2024-06-02 12:40:59,174][flwr][DEBUG] - fit_round 38 received 10 results and 0 failures
[2024-06-02 12:40:59,732][flwr][INFO] - fit progress: (38, 3.0198578316776548, {'accuracy': 0.9869}, 62.25952214701101)
[2024-06-02 12:40:59,732][flwr][DEBUG] - evaluate_round 38: strategy sampled 1 clients (out of 50)
[2024-06-02 12:40:59,911][flwr][DEBUG] - evaluate_round 38 received 1 results and 0 failures
[2024-06-02 12:40:59,911][flwr][DEBUG] - fit_round 39: strategy sampled 10 clients (out of 50)
[2024-06-02 12:41:00,703][flwr][DEBUG] - fit_round 39 received 10 results and 0 failures
[2024-06-02 12:41:01,255][flwr][INFO] - fit progress: (39, 2.6673990811686963, {'accuracy': 0.9882}, 63.782825217116624)
[2024-06-02 12:41:01,255][flwr][DEBUG] - evaluate_round 39: strategy sampled 1 clients (out of 50)
[2024-06-02 12:41:01,390][flwr][DEBUG] - evaluate_round 39 received 1 results and 0 failures
[2024-06-02 12:41:01,390][flwr][DEBUG] - fit_round 40: strategy sampled 10 clients (out of 50)
[2024-06-02 12:41:02,133][flwr][DEBUG] - fit_round 40 received 10 results and 0 failures
[2024-06-02 12:41:02,686][flwr][INFO] - fit progress: (40, 2.8166118426597677, {'accuracy': 0.9889}, 65.2137339762412)
[2024-06-02 12:41:02,686][flwr][DEBUG] - evaluate_round 40: strategy sampled 1 clients (out of 50)
[2024-06-02 12:41:02,824][flwr][DEBUG] - evaluate_round 40 received 1 results and 0 failures
[2024-06-02 12:41:02,824][flwr][DEBUG] - fit_round 41: strategy sampled 10 clients (out of 50)
[2024-06-02 12:41:03,682][flwr][DEBUG] - fit_round 41 received 10 results and 0 failures
[2024-06-02 12:41:04,551][flwr][INFO] - fit progress: (41, 3.2392840903048636, {'accuracy': 0.9871}, 67.07901937002316)
[2024-06-02 12:41:04,551][flwr][DEBUG] - evaluate_round 41: strategy sampled 1 clients (out of 50)
[2024-06-02 12:41:04,718][flwr][DEBUG] - evaluate_round 41 received 1 results and 0 failures
[2024-06-02 12:41:04,718][flwr][DEBUG] - fit_round 42: strategy sampled 10 clients (out of 50)
[2024-06-02 12:41:05,513][flwr][DEBUG] - fit_round 42 received 10 results and 0 failures
[2024-06-02 12:41:06,067][flwr][INFO] - fit progress: (42, 3.4136143485084176, {'accuracy': 0.9859}, 68.5949317603372)
[2024-06-02 12:41:06,067][flwr][DEBUG] - evaluate_round 42: strategy sampled 1 clients (out of 50)
[2024-06-02 12:41:06,236][flwr][DEBUG] - evaluate_round 42 received 1 results and 0 failures
[2024-06-02 12:41:06,236][flwr][DEBUG] - fit_round 43: strategy sampled 10 clients (out of 50)
[2024-06-02 12:41:06,993][flwr][DEBUG] - fit_round 43 received 10 results and 0 failures
[2024-06-02 12:41:07,556][flwr][INFO] - fit progress: (43, 3.0485286932671443, {'accuracy': 0.9865}, 70.08397576212883)
[2024-06-02 12:41:07,556][flwr][DEBUG] - evaluate_round 43: strategy sampled 1 clients (out of 50)
[2024-06-02 12:41:07,724][flwr][DEBUG] - evaluate_round 43 received 1 results and 0 failures
[2024-06-02 12:41:07,724][flwr][DEBUG] - fit_round 44: strategy sampled 10 clients (out of 50)
[2024-06-02 12:41:08,465][flwr][DEBUG] - fit_round 44 received 10 results and 0 failures
[2024-06-02 12:41:09,016][flwr][INFO] - fit progress: (44, 3.134043695696164, {'accuracy': 0.9857}, 71.5440629562363)
[2024-06-02 12:41:09,016][flwr][DEBUG] - evaluate_round 44: strategy sampled 1 clients (out of 50)
[2024-06-02 12:41:09,188][flwr][DEBUG] - evaluate_round 44 received 1 results and 0 failures
[2024-06-02 12:41:09,188][flwr][DEBUG] - fit_round 45: strategy sampled 10 clients (out of 50)
[2024-06-02 12:41:09,975][flwr][DEBUG] - fit_round 45 received 10 results and 0 failures
[2024-06-02 12:41:10,531][flwr][INFO] - fit progress: (45, 2.731822572211968, {'accuracy': 0.9883}, 73.05888210097328)
[2024-06-02 12:41:10,531][flwr][DEBUG] - evaluate_round 45: strategy sampled 1 clients (out of 50)
[2024-06-02 12:41:10,699][flwr][DEBUG] - evaluate_round 45 received 1 results and 0 failures
[2024-06-02 12:41:10,699][flwr][DEBUG] - fit_round 46: strategy sampled 10 clients (out of 50)
[2024-06-02 12:41:11,454][flwr][DEBUG] - fit_round 46 received 10 results and 0 failures
[2024-06-02 12:41:12,005][flwr][INFO] - fit progress: (46, 3.0129199598450214, {'accuracy': 0.9873}, 74.53270090697333)
[2024-06-02 12:41:12,005][flwr][DEBUG] - evaluate_round 46: strategy sampled 1 clients (out of 50)
[2024-06-02 12:41:12,159][flwr][DEBUG] - evaluate_round 46 received 1 results and 0 failures
[2024-06-02 12:41:12,160][flwr][DEBUG] - fit_round 47: strategy sampled 10 clients (out of 50)
[2024-06-02 12:41:12,883][flwr][DEBUG] - fit_round 47 received 10 results and 0 failures
[2024-06-02 12:41:13,451][flwr][INFO] - fit progress: (47, 4.67029230161279, {'accuracy': 0.9839}, 75.97923876531422)
[2024-06-02 12:41:13,452][flwr][DEBUG] - evaluate_round 47: strategy sampled 1 clients (out of 50)
[2024-06-02 12:41:13,623][flwr][DEBUG] - evaluate_round 47 received 1 results and 0 failures
[2024-06-02 12:41:13,623][flwr][DEBUG] - fit_round 48: strategy sampled 10 clients (out of 50)
[2024-06-02 12:41:14,393][flwr][DEBUG] - fit_round 48 received 10 results and 0 failures
[2024-06-02 12:41:14,947][flwr][INFO] - fit progress: (48, 2.7715347141420352, {'accuracy': 0.9884}, 77.47441964503378)
[2024-06-02 12:41:14,947][flwr][DEBUG] - evaluate_round 48: strategy sampled 1 clients (out of 50)
[2024-06-02 12:41:15,115][flwr][DEBUG] - evaluate_round 48 received 1 results and 0 failures
[2024-06-02 12:41:15,115][flwr][DEBUG] - fit_round 49: strategy sampled 10 clients (out of 50)
[2024-06-02 12:41:15,918][flwr][DEBUG] - fit_round 49 received 10 results and 0 failures
[2024-06-02 12:41:16,471][flwr][INFO] - fit progress: (49, 3.816592149087228, {'accuracy': 0.984}, 78.99846736621112)
[2024-06-02 12:41:16,471][flwr][DEBUG] - evaluate_round 49: strategy sampled 1 clients (out of 50)
[2024-06-02 12:41:16,643][flwr][DEBUG] - evaluate_round 49 received 1 results and 0 failures
[2024-06-02 12:41:16,643][flwr][DEBUG] - fit_round 50: strategy sampled 10 clients (out of 50)
[2024-06-02 12:41:17,392][flwr][DEBUG] - fit_round 50 received 10 results and 0 failures
[2024-06-02 12:41:17,943][flwr][INFO] - fit progress: (50, 3.034715165529633, {'accuracy': 0.9871}, 80.47089792229235)
[2024-06-02 12:41:17,943][flwr][DEBUG] - evaluate_round 50: strategy sampled 1 clients (out of 50)
[2024-06-02 12:41:18,112][flwr][DEBUG] - evaluate_round 50 received 1 results and 0 failures
[2024-06-02 12:41:18,112][flwr][DEBUG] - fit_round 51: strategy sampled 10 clients (out of 50)
[2024-06-02 12:41:18,850][flwr][DEBUG] - fit_round 51 received 10 results and 0 failures
[2024-06-02 12:41:19,399][flwr][INFO] - fit progress: (51, 3.1058657720932388, {'accuracy': 0.9889}, 81.92692073620856)
[2024-06-02 12:41:19,399][flwr][DEBUG] - evaluate_round 51: strategy sampled 1 clients (out of 50)
[2024-06-02 12:41:19,553][flwr][DEBUG] - evaluate_round 51 received 1 results and 0 failures
[2024-06-02 12:41:19,554][flwr][DEBUG] - fit_round 52: strategy sampled 10 clients (out of 50)
[2024-06-02 12:41:20,311][flwr][DEBUG] - fit_round 52 received 10 results and 0 failures
[2024-06-02 12:41:20,887][flwr][INFO] - fit progress: (52, 3.4047561705228873, {'accuracy': 0.9857}, 83.41481235018)
[2024-06-02 12:41:20,887][flwr][DEBUG] - evaluate_round 52: strategy sampled 1 clients (out of 50)
[2024-06-02 12:41:21,066][flwr][DEBUG] - evaluate_round 52 received 1 results and 0 failures
[2024-06-02 12:41:21,066][flwr][DEBUG] - fit_round 53: strategy sampled 10 clients (out of 50)
[2024-06-02 12:41:21,863][flwr][DEBUG] - fit_round 53 received 10 results and 0 failures
[2024-06-02 12:41:22,425][flwr][INFO] - fit progress: (53, 3.0819781398167834, {'accuracy': 0.9878}, 84.95268076611683)
[2024-06-02 12:41:22,425][flwr][DEBUG] - evaluate_round 53: strategy sampled 1 clients (out of 50)
[2024-06-02 12:41:22,594][flwr][DEBUG] - evaluate_round 53 received 1 results and 0 failures
[2024-06-02 12:41:22,594][flwr][DEBUG] - fit_round 54: strategy sampled 10 clients (out of 50)
[2024-06-02 12:41:23,321][flwr][DEBUG] - fit_round 54 received 10 results and 0 failures
[2024-06-02 12:41:23,901][flwr][INFO] - fit progress: (54, 3.577809184018406, {'accuracy': 0.9852}, 86.42888295324519)
[2024-06-02 12:41:23,901][flwr][DEBUG] - evaluate_round 54: strategy sampled 1 clients (out of 50)
[2024-06-02 12:41:24,034][flwr][DEBUG] - evaluate_round 54 received 1 results and 0 failures
[2024-06-02 12:41:24,034][flwr][DEBUG] - fit_round 55: strategy sampled 10 clients (out of 50)
[2024-06-02 12:41:24,768][flwr][DEBUG] - fit_round 55 received 10 results and 0 failures
[2024-06-02 12:41:25,336][flwr][INFO] - fit progress: (55, 4.051759599504294, {'accuracy': 0.9832}, 87.86409783409908)
[2024-06-02 12:41:25,336][flwr][DEBUG] - evaluate_round 55: strategy sampled 1 clients (out of 50)
[2024-06-02 12:41:25,499][flwr][DEBUG] - evaluate_round 55 received 1 results and 0 failures
[2024-06-02 12:41:25,499][flwr][DEBUG] - fit_round 56: strategy sampled 10 clients (out of 50)
[2024-06-02 12:41:26,274][flwr][DEBUG] - fit_round 56 received 10 results and 0 failures
[2024-06-02 12:41:26,824][flwr][INFO] - fit progress: (56, 3.447310180286877, {'accuracy': 0.9864}, 89.35219410806894)
[2024-06-02 12:41:26,825][flwr][DEBUG] - evaluate_round 56: strategy sampled 1 clients (out of 50)
[2024-06-02 12:41:27,006][flwr][DEBUG] - evaluate_round 56 received 1 results and 0 failures
[2024-06-02 12:41:27,006][flwr][DEBUG] - fit_round 57: strategy sampled 10 clients (out of 50)
[2024-06-02 12:41:27,765][flwr][DEBUG] - fit_round 57 received 10 results and 0 failures
[2024-06-02 12:41:28,731][flwr][INFO] - fit progress: (57, 3.5035152510972694, {'accuracy': 0.9874}, 91.25928055495024)
[2024-06-02 12:41:28,732][flwr][DEBUG] - evaluate_round 57: strategy sampled 1 clients (out of 50)
[2024-06-02 12:41:28,883][flwr][DEBUG] - evaluate_round 57 received 1 results and 0 failures
[2024-06-02 12:41:28,883][flwr][DEBUG] - fit_round 58: strategy sampled 10 clients (out of 50)
[2024-06-02 12:41:29,697][flwr][DEBUG] - fit_round 58 received 10 results and 0 failures
[2024-06-02 12:41:30,257][flwr][INFO] - fit progress: (58, 3.0538400200894102, {'accuracy': 0.9871}, 92.78479965403676)
[2024-06-02 12:41:30,257][flwr][DEBUG] - evaluate_round 58: strategy sampled 1 clients (out of 50)
[2024-06-02 12:41:30,414][flwr][DEBUG] - evaluate_round 58 received 1 results and 0 failures
[2024-06-02 12:41:30,414][flwr][DEBUG] - fit_round 59: strategy sampled 10 clients (out of 50)
[2024-06-02 12:41:31,171][flwr][DEBUG] - fit_round 59 received 10 results and 0 failures
[2024-06-02 12:41:31,721][flwr][INFO] - fit progress: (59, 3.3001597655238584, {'accuracy': 0.9859}, 94.24872958194464)
[2024-06-02 12:41:31,721][flwr][DEBUG] - evaluate_round 59: strategy sampled 1 clients (out of 50)
[2024-06-02 12:41:31,892][flwr][DEBUG] - evaluate_round 59 received 1 results and 0 failures
[2024-06-02 12:41:31,892][flwr][DEBUG] - fit_round 60: strategy sampled 10 clients (out of 50)
[2024-06-02 12:41:32,642][flwr][DEBUG] - fit_round 60 received 10 results and 0 failures
[2024-06-02 12:41:33,326][flwr][INFO] - fit progress: (60, 2.843112928851042, {'accuracy': 0.9896}, 95.85330794425681)
[2024-06-02 12:41:33,326][flwr][DEBUG] - evaluate_round 60: strategy sampled 1 clients (out of 50)
[2024-06-02 12:41:33,491][flwr][DEBUG] - evaluate_round 60 received 1 results and 0 failures
[2024-06-02 12:41:33,491][flwr][DEBUG] - fit_round 61: strategy sampled 10 clients (out of 50)
[2024-06-02 12:41:34,291][flwr][DEBUG] - fit_round 61 received 10 results and 0 failures
[2024-06-02 12:41:34,844][flwr][INFO] - fit progress: (61, 2.961702676519053, {'accuracy': 0.987}, 97.37200294528157)
[2024-06-02 12:41:34,844][flwr][DEBUG] - evaluate_round 61: strategy sampled 1 clients (out of 50)
[2024-06-02 12:41:34,999][flwr][DEBUG] - evaluate_round 61 received 1 results and 0 failures
[2024-06-02 12:41:34,999][flwr][DEBUG] - fit_round 62: strategy sampled 10 clients (out of 50)
[2024-06-02 12:41:35,730][flwr][DEBUG] - fit_round 62 received 10 results and 0 failures
[2024-06-02 12:41:36,691][flwr][INFO] - fit progress: (62, 2.711922988004517, {'accuracy': 0.987}, 99.21866709692404)
[2024-06-02 12:41:36,691][flwr][DEBUG] - evaluate_round 62: strategy sampled 1 clients (out of 50)
[2024-06-02 12:41:36,854][flwr][DEBUG] - evaluate_round 62 received 1 results and 0 failures
[2024-06-02 12:41:36,854][flwr][DEBUG] - fit_round 63: strategy sampled 10 clients (out of 50)
[2024-06-02 12:41:37,576][flwr][DEBUG] - fit_round 63 received 10 results and 0 failures
[2024-06-02 12:41:38,125][flwr][INFO] - fit progress: (63, 3.3357717115013656, {'accuracy': 0.9865}, 100.65242044627666)
[2024-06-02 12:41:38,125][flwr][DEBUG] - evaluate_round 63: strategy sampled 1 clients (out of 50)
[2024-06-02 12:41:38,303][flwr][DEBUG] - evaluate_round 63 received 1 results and 0 failures
[2024-06-02 12:41:38,303][flwr][DEBUG] - fit_round 64: strategy sampled 10 clients (out of 50)
[2024-06-02 12:41:39,063][flwr][DEBUG] - fit_round 64 received 10 results and 0 failures
[2024-06-02 12:41:39,612][flwr][INFO] - fit progress: (64, 3.322937052245834, {'accuracy': 0.9868}, 102.13996219914407)
[2024-06-02 12:41:39,612][flwr][DEBUG] - evaluate_round 64: strategy sampled 1 clients (out of 50)
[2024-06-02 12:41:39,782][flwr][DEBUG] - evaluate_round 64 received 1 results and 0 failures
[2024-06-02 12:41:39,782][flwr][DEBUG] - fit_round 65: strategy sampled 10 clients (out of 50)
[2024-06-02 12:41:40,547][flwr][DEBUG] - fit_round 65 received 10 results and 0 failures
[2024-06-02 12:41:41,478][flwr][INFO] - fit progress: (65, 3.1053890793409664, {'accuracy': 0.9878}, 104.00547026237473)
[2024-06-02 12:41:41,478][flwr][DEBUG] - evaluate_round 65: strategy sampled 1 clients (out of 50)
[2024-06-02 12:41:41,655][flwr][DEBUG] - evaluate_round 65 received 1 results and 0 failures
[2024-06-02 12:41:41,655][flwr][DEBUG] - fit_round 66: strategy sampled 10 clients (out of 50)
[2024-06-02 12:41:42,347][flwr][DEBUG] - fit_round 66 received 10 results and 0 failures
[2024-06-02 12:41:42,911][flwr][INFO] - fit progress: (66, 3.0799873523646966, {'accuracy': 0.9875}, 105.43914029793814)
[2024-06-02 12:41:42,911][flwr][DEBUG] - evaluate_round 66: strategy sampled 1 clients (out of 50)
[2024-06-02 12:41:43,076][flwr][DEBUG] - evaluate_round 66 received 1 results and 0 failures
[2024-06-02 12:41:43,076][flwr][DEBUG] - fit_round 67: strategy sampled 10 clients (out of 50)
[2024-06-02 12:41:43,842][flwr][DEBUG] - fit_round 67 received 10 results and 0 failures
[2024-06-02 12:41:44,395][flwr][INFO] - fit progress: (67, 2.84426211043683, {'accuracy': 0.9893}, 106.92305499827489)
[2024-06-02 12:41:44,395][flwr][DEBUG] - evaluate_round 67: strategy sampled 1 clients (out of 50)
[2024-06-02 12:41:44,561][flwr][DEBUG] - evaluate_round 67 received 1 results and 0 failures
[2024-06-02 12:41:44,561][flwr][DEBUG] - fit_round 68: strategy sampled 10 clients (out of 50)
[2024-06-02 12:41:45,329][flwr][DEBUG] - fit_round 68 received 10 results and 0 failures
[2024-06-02 12:41:45,892][flwr][INFO] - fit progress: (68, 2.9395912356267218, {'accuracy': 0.9878}, 108.42000320414081)
[2024-06-02 12:41:45,892][flwr][DEBUG] - evaluate_round 68: strategy sampled 1 clients (out of 50)
[2024-06-02 12:41:46,069][flwr][DEBUG] - evaluate_round 68 received 1 results and 0 failures
[2024-06-02 12:41:46,070][flwr][DEBUG] - fit_round 69: strategy sampled 10 clients (out of 50)
[2024-06-02 12:41:46,792][flwr][DEBUG] - fit_round 69 received 10 results and 0 failures
[2024-06-02 12:41:47,348][flwr][INFO] - fit progress: (69, 3.1779160214828153, {'accuracy': 0.9867}, 109.87595109827816)
[2024-06-02 12:41:47,348][flwr][DEBUG] - evaluate_round 69: strategy sampled 1 clients (out of 50)
[2024-06-02 12:41:47,486][flwr][DEBUG] - evaluate_round 69 received 1 results and 0 failures
[2024-06-02 12:41:47,486][flwr][DEBUG] - fit_round 70: strategy sampled 10 clients (out of 50)
[2024-06-02 12:41:48,240][flwr][DEBUG] - fit_round 70 received 10 results and 0 failures
[2024-06-02 12:41:48,789][flwr][INFO] - fit progress: (70, 3.565214676360938, {'accuracy': 0.9865}, 111.31686478992924)
[2024-06-02 12:41:48,789][flwr][DEBUG] - evaluate_round 70: strategy sampled 1 clients (out of 50)
[2024-06-02 12:41:48,964][flwr][DEBUG] - evaluate_round 70 received 1 results and 0 failures
[2024-06-02 12:41:48,965][flwr][DEBUG] - fit_round 71: strategy sampled 10 clients (out of 50)
[2024-06-02 12:41:49,710][flwr][DEBUG] - fit_round 71 received 10 results and 0 failures
[2024-06-02 12:41:50,639][flwr][INFO] - fit progress: (71, 3.932049256429309, {'accuracy': 0.9863}, 113.16717595234513)
[2024-06-02 12:41:50,639][flwr][DEBUG] - evaluate_round 71: strategy sampled 1 clients (out of 50)
[2024-06-02 12:41:50,817][flwr][DEBUG] - evaluate_round 71 received 1 results and 0 failures
[2024-06-02 12:41:50,817][flwr][DEBUG] - fit_round 72: strategy sampled 10 clients (out of 50)
[2024-06-02 12:41:51,558][flwr][DEBUG] - fit_round 72 received 10 results and 0 failures
[2024-06-02 12:41:52,121][flwr][INFO] - fit progress: (72, 3.4470927934889914, {'accuracy': 0.9868}, 114.64915171638131)
[2024-06-02 12:41:52,121][flwr][DEBUG] - evaluate_round 72: strategy sampled 1 clients (out of 50)
[2024-06-02 12:41:52,294][flwr][DEBUG] - evaluate_round 72 received 1 results and 0 failures
[2024-06-02 12:41:52,294][flwr][DEBUG] - fit_round 73: strategy sampled 10 clients (out of 50)
[2024-06-02 12:41:53,036][flwr][DEBUG] - fit_round 73 received 10 results and 0 failures
[2024-06-02 12:41:53,588][flwr][INFO] - fit progress: (73, 3.5010908492840827, {'accuracy': 0.9866}, 116.11541599733755)
[2024-06-02 12:41:53,588][flwr][DEBUG] - evaluate_round 73: strategy sampled 1 clients (out of 50)
[2024-06-02 12:41:53,742][flwr][DEBUG] - evaluate_round 73 received 1 results and 0 failures
[2024-06-02 12:41:53,743][flwr][DEBUG] - fit_round 74: strategy sampled 10 clients (out of 50)
[2024-06-02 12:41:54,484][flwr][DEBUG] - fit_round 74 received 10 results and 0 failures
[2024-06-02 12:41:55,029][flwr][INFO] - fit progress: (74, 3.797229423551471, {'accuracy': 0.9869}, 117.55680352821946)
[2024-06-02 12:41:55,029][flwr][DEBUG] - evaluate_round 74: strategy sampled 1 clients (out of 50)
[2024-06-02 12:41:55,191][flwr][DEBUG] - evaluate_round 74 received 1 results and 0 failures
[2024-06-02 12:41:55,191][flwr][DEBUG] - fit_round 75: strategy sampled 10 clients (out of 50)
[2024-06-02 12:41:55,921][flwr][DEBUG] - fit_round 75 received 10 results and 0 failures
[2024-06-02 12:41:56,478][flwr][INFO] - fit progress: (75, 3.79179504091735, {'accuracy': 0.9863}, 119.0062263449654)
[2024-06-02 12:41:56,479][flwr][DEBUG] - evaluate_round 75: strategy sampled 1 clients (out of 50)
[2024-06-02 12:41:56,618][flwr][DEBUG] - evaluate_round 75 received 1 results and 0 failures
[2024-06-02 12:41:56,618][flwr][DEBUG] - fit_round 76: strategy sampled 10 clients (out of 50)
[2024-06-02 12:41:57,422][flwr][DEBUG] - fit_round 76 received 10 results and 0 failures
[2024-06-02 12:41:57,979][flwr][INFO] - fit progress: (76, 3.5811903621070087, {'accuracy': 0.986}, 120.50722487596795)
[2024-06-02 12:41:57,980][flwr][DEBUG] - evaluate_round 76: strategy sampled 1 clients (out of 50)
[2024-06-02 12:41:58,157][flwr][DEBUG] - evaluate_round 76 received 1 results and 0 failures
[2024-06-02 12:41:58,157][flwr][DEBUG] - fit_round 77: strategy sampled 10 clients (out of 50)
[2024-06-02 12:41:58,896][flwr][DEBUG] - fit_round 77 received 10 results and 0 failures
[2024-06-02 12:41:59,452][flwr][INFO] - fit progress: (77, 2.9320490716054337, {'accuracy': 0.9882}, 121.97944910405204)
[2024-06-02 12:41:59,452][flwr][DEBUG] - evaluate_round 77: strategy sampled 1 clients (out of 50)
[2024-06-02 12:41:59,619][flwr][DEBUG] - evaluate_round 77 received 1 results and 0 failures
[2024-06-02 12:41:59,619][flwr][DEBUG] - fit_round 78: strategy sampled 10 clients (out of 50)
[2024-06-02 12:42:00,343][flwr][DEBUG] - fit_round 78 received 10 results and 0 failures
[2024-06-02 12:42:00,892][flwr][INFO] - fit progress: (78, 3.670127048469112, {'accuracy': 0.9857}, 123.41964221419767)
[2024-06-02 12:42:00,892][flwr][DEBUG] - evaluate_round 78: strategy sampled 1 clients (out of 50)
[2024-06-02 12:42:01,031][flwr][DEBUG] - evaluate_round 78 received 1 results and 0 failures
[2024-06-02 12:42:01,031][flwr][DEBUG] - fit_round 79: strategy sampled 10 clients (out of 50)
[2024-06-02 12:42:01,761][flwr][DEBUG] - fit_round 79 received 10 results and 0 failures
[2024-06-02 12:42:02,311][flwr][INFO] - fit progress: (79, 2.9022998940235993, {'accuracy': 0.9884}, 124.83878318499774)
[2024-06-02 12:42:02,311][flwr][DEBUG] - evaluate_round 79: strategy sampled 1 clients (out of 50)
[2024-06-02 12:42:02,475][flwr][DEBUG] - evaluate_round 79 received 1 results and 0 failures
[2024-06-02 12:42:02,476][flwr][DEBUG] - fit_round 80: strategy sampled 10 clients (out of 50)
[2024-06-02 12:42:03,207][flwr][DEBUG] - fit_round 80 received 10 results and 0 failures
[2024-06-02 12:42:03,758][flwr][INFO] - fit progress: (80, 3.3759880854850053, {'accuracy': 0.987}, 126.2860039062798)
[2024-06-02 12:42:03,758][flwr][DEBUG] - evaluate_round 80: strategy sampled 1 clients (out of 50)
[2024-06-02 12:42:03,903][flwr][DEBUG] - evaluate_round 80 received 1 results and 0 failures
[2024-06-02 12:42:03,903][flwr][DEBUG] - fit_round 81: strategy sampled 10 clients (out of 50)
[2024-06-02 12:42:04,665][flwr][DEBUG] - fit_round 81 received 10 results and 0 failures
[2024-06-02 12:42:05,218][flwr][INFO] - fit progress: (81, 4.3798930304910755, {'accuracy': 0.9834}, 127.74559981934726)
[2024-06-02 12:42:05,218][flwr][DEBUG] - evaluate_round 81: strategy sampled 1 clients (out of 50)
[2024-06-02 12:42:05,391][flwr][DEBUG] - evaluate_round 81 received 1 results and 0 failures
[2024-06-02 12:42:05,391][flwr][DEBUG] - fit_round 82: strategy sampled 10 clients (out of 50)
[2024-06-02 12:42:06,134][flwr][DEBUG] - fit_round 82 received 10 results and 0 failures
[2024-06-02 12:42:06,690][flwr][INFO] - fit progress: (82, 2.878130700417387, {'accuracy': 0.9893}, 129.21818396402523)
[2024-06-02 12:42:06,691][flwr][DEBUG] - evaluate_round 82: strategy sampled 1 clients (out of 50)
[2024-06-02 12:42:06,846][flwr][DEBUG] - evaluate_round 82 received 1 results and 0 failures
[2024-06-02 12:42:06,846][flwr][DEBUG] - fit_round 83: strategy sampled 10 clients (out of 50)
[2024-06-02 12:42:07,585][flwr][DEBUG] - fit_round 83 received 10 results and 0 failures
[2024-06-02 12:42:08,142][flwr][INFO] - fit progress: (83, 3.1386657434195513, {'accuracy': 0.9878}, 130.669790902175)
[2024-06-02 12:42:08,142][flwr][DEBUG] - evaluate_round 83: strategy sampled 1 clients (out of 50)
[2024-06-02 12:42:08,274][flwr][DEBUG] - evaluate_round 83 received 1 results and 0 failures
[2024-06-02 12:42:08,274][flwr][DEBUG] - fit_round 84: strategy sampled 10 clients (out of 50)
[2024-06-02 12:42:09,050][flwr][DEBUG] - fit_round 84 received 10 results and 0 failures
[2024-06-02 12:42:09,601][flwr][INFO] - fit progress: (84, 3.100948058767244, {'accuracy': 0.987}, 132.1291034463793)
[2024-06-02 12:42:09,601][flwr][DEBUG] - evaluate_round 84: strategy sampled 1 clients (out of 50)
[2024-06-02 12:42:09,767][flwr][DEBUG] - evaluate_round 84 received 1 results and 0 failures
[2024-06-02 12:42:09,767][flwr][DEBUG] - fit_round 85: strategy sampled 10 clients (out of 50)
[2024-06-02 12:42:10,553][flwr][DEBUG] - fit_round 85 received 10 results and 0 failures
[2024-06-02 12:42:11,114][flwr][INFO] - fit progress: (85, 2.9340556000897777, {'accuracy': 0.9886}, 133.64154023723677)
[2024-06-02 12:42:11,114][flwr][DEBUG] - evaluate_round 85: strategy sampled 1 clients (out of 50)
[2024-06-02 12:42:11,261][flwr][DEBUG] - evaluate_round 85 received 1 results and 0 failures
[2024-06-02 12:42:11,262][flwr][DEBUG] - fit_round 86: strategy sampled 10 clients (out of 50)
[2024-06-02 12:42:11,974][flwr][DEBUG] - fit_round 86 received 10 results and 0 failures
[2024-06-02 12:42:12,939][flwr][INFO] - fit progress: (86, 3.694059497087437, {'accuracy': 0.987}, 135.46704559307545)
[2024-06-02 12:42:12,939][flwr][DEBUG] - evaluate_round 86: strategy sampled 1 clients (out of 50)
[2024-06-02 12:42:13,091][flwr][DEBUG] - evaluate_round 86 received 1 results and 0 failures
[2024-06-02 12:42:13,092][flwr][DEBUG] - fit_round 87: strategy sampled 10 clients (out of 50)
[2024-06-02 12:42:13,866][flwr][DEBUG] - fit_round 87 received 10 results and 0 failures
[2024-06-02 12:42:14,417][flwr][INFO] - fit progress: (87, 2.8374325465556467, {'accuracy': 0.9889}, 136.94501205021515)
[2024-06-02 12:42:14,417][flwr][DEBUG] - evaluate_round 87: strategy sampled 1 clients (out of 50)
[2024-06-02 12:42:14,586][flwr][DEBUG] - evaluate_round 87 received 1 results and 0 failures
[2024-06-02 12:42:14,586][flwr][DEBUG] - fit_round 88: strategy sampled 10 clients (out of 50)
[2024-06-02 12:42:15,411][flwr][DEBUG] - fit_round 88 received 10 results and 0 failures
[2024-06-02 12:42:15,958][flwr][INFO] - fit progress: (88, 2.9002769867656752, {'accuracy': 0.9877}, 138.48548884922639)
[2024-06-02 12:42:15,958][flwr][DEBUG] - evaluate_round 88: strategy sampled 1 clients (out of 50)
[2024-06-02 12:42:16,128][flwr][DEBUG] - evaluate_round 88 received 1 results and 0 failures
[2024-06-02 12:42:16,128][flwr][DEBUG] - fit_round 89: strategy sampled 10 clients (out of 50)
[2024-06-02 12:42:16,891][flwr][DEBUG] - fit_round 89 received 10 results and 0 failures
[2024-06-02 12:42:17,446][flwr][INFO] - fit progress: (89, 3.865294797138631, {'accuracy': 0.9869}, 139.97383637307212)
[2024-06-02 12:42:17,446][flwr][DEBUG] - evaluate_round 89: strategy sampled 1 clients (out of 50)
[2024-06-02 12:42:17,622][flwr][DEBUG] - evaluate_round 89 received 1 results and 0 failures
[2024-06-02 12:42:17,622][flwr][DEBUG] - fit_round 90: strategy sampled 10 clients (out of 50)
[2024-06-02 12:42:18,378][flwr][DEBUG] - fit_round 90 received 10 results and 0 failures
[2024-06-02 12:42:18,930][flwr][INFO] - fit progress: (90, 3.1047844465938397, {'accuracy': 0.9879}, 141.4582526073791)
[2024-06-02 12:42:18,931][flwr][DEBUG] - evaluate_round 90: strategy sampled 1 clients (out of 50)
[2024-06-02 12:42:19,099][flwr][DEBUG] - evaluate_round 90 received 1 results and 0 failures
[2024-06-02 12:42:19,100][flwr][DEBUG] - fit_round 91: strategy sampled 10 clients (out of 50)
[2024-06-02 12:42:19,855][flwr][DEBUG] - fit_round 91 received 10 results and 0 failures
[2024-06-02 12:42:20,410][flwr][INFO] - fit progress: (91, 3.493664611632994, {'accuracy': 0.9876}, 142.938216147013)
[2024-06-02 12:42:20,411][flwr][DEBUG] - evaluate_round 91: strategy sampled 1 clients (out of 50)
[2024-06-02 12:42:20,588][flwr][DEBUG] - evaluate_round 91 received 1 results and 0 failures
[2024-06-02 12:42:20,589][flwr][DEBUG] - fit_round 92: strategy sampled 10 clients (out of 50)
[2024-06-02 12:42:21,380][flwr][DEBUG] - fit_round 92 received 10 results and 0 failures
[2024-06-02 12:42:21,933][flwr][INFO] - fit progress: (92, 3.1133438890392426, {'accuracy': 0.9879}, 144.46099818730727)
[2024-06-02 12:42:21,933][flwr][DEBUG] - evaluate_round 92: strategy sampled 1 clients (out of 50)
[2024-06-02 12:42:22,108][flwr][DEBUG] - evaluate_round 92 received 1 results and 0 failures
[2024-06-02 12:42:22,108][flwr][DEBUG] - fit_round 93: strategy sampled 10 clients (out of 50)
[2024-06-02 12:42:22,902][flwr][DEBUG] - fit_round 93 received 10 results and 0 failures
[2024-06-02 12:42:23,458][flwr][INFO] - fit progress: (93, 2.878522768485709, {'accuracy': 0.9894}, 145.98621141025797)
[2024-06-02 12:42:23,459][flwr][DEBUG] - evaluate_round 93: strategy sampled 1 clients (out of 50)
[2024-06-02 12:42:23,608][flwr][DEBUG] - evaluate_round 93 received 1 results and 0 failures
[2024-06-02 12:42:23,608][flwr][DEBUG] - fit_round 94: strategy sampled 10 clients (out of 50)
[2024-06-02 12:42:24,412][flwr][DEBUG] - fit_round 94 received 10 results and 0 failures
[2024-06-02 12:42:24,963][flwr][INFO] - fit progress: (94, 3.0087444937835244, {'accuracy': 0.9889}, 147.4904169519432)
[2024-06-02 12:42:24,963][flwr][DEBUG] - evaluate_round 94: strategy sampled 1 clients (out of 50)
[2024-06-02 12:42:25,127][flwr][DEBUG] - evaluate_round 94 received 1 results and 0 failures
[2024-06-02 12:42:25,127][flwr][DEBUG] - fit_round 95: strategy sampled 10 clients (out of 50)
[2024-06-02 12:42:25,875][flwr][DEBUG] - fit_round 95 received 10 results and 0 failures
[2024-06-02 12:42:26,442][flwr][INFO] - fit progress: (95, 3.258035844956794, {'accuracy': 0.988}, 148.96969951922074)
[2024-06-02 12:42:26,442][flwr][DEBUG] - evaluate_round 95: strategy sampled 1 clients (out of 50)
[2024-06-02 12:42:26,626][flwr][DEBUG] - evaluate_round 95 received 1 results and 0 failures
[2024-06-02 12:42:26,626][flwr][DEBUG] - fit_round 96: strategy sampled 10 clients (out of 50)
[2024-06-02 12:42:27,462][flwr][DEBUG] - fit_round 96 received 10 results and 0 failures
[2024-06-02 12:42:28,426][flwr][INFO] - fit progress: (96, 3.274189461768401, {'accuracy': 0.9883}, 150.95379344001412)
[2024-06-02 12:42:28,426][flwr][DEBUG] - evaluate_round 96: strategy sampled 1 clients (out of 50)
[2024-06-02 12:42:28,584][flwr][DEBUG] - evaluate_round 96 received 1 results and 0 failures
[2024-06-02 12:42:28,584][flwr][DEBUG] - fit_round 97: strategy sampled 10 clients (out of 50)
[2024-06-02 12:42:29,400][flwr][DEBUG] - fit_round 97 received 10 results and 0 failures
[2024-06-02 12:42:29,951][flwr][INFO] - fit progress: (97, 2.865473864689193, {'accuracy': 0.9886}, 152.47853400325403)
[2024-06-02 12:42:29,951][flwr][DEBUG] - evaluate_round 97: strategy sampled 1 clients (out of 50)
[2024-06-02 12:42:30,103][flwr][DEBUG] - evaluate_round 97 received 1 results and 0 failures
[2024-06-02 12:42:30,103][flwr][DEBUG] - fit_round 98: strategy sampled 10 clients (out of 50)
[2024-06-02 12:42:30,846][flwr][DEBUG] - fit_round 98 received 10 results and 0 failures
[2024-06-02 12:42:31,396][flwr][INFO] - fit progress: (98, 3.480649990549864, {'accuracy': 0.9863}, 153.92404073197395)
[2024-06-02 12:42:31,396][flwr][DEBUG] - evaluate_round 98: strategy sampled 1 clients (out of 50)
[2024-06-02 12:42:31,563][flwr][DEBUG] - evaluate_round 98 received 1 results and 0 failures
[2024-06-02 12:42:31,564][flwr][DEBUG] - fit_round 99: strategy sampled 10 clients (out of 50)
[2024-06-02 12:42:32,311][flwr][DEBUG] - fit_round 99 received 10 results and 0 failures
[2024-06-02 12:42:32,861][flwr][INFO] - fit progress: (99, 3.5322597378253704, {'accuracy': 0.9875}, 155.38837573397905)
[2024-06-02 12:42:32,861][flwr][DEBUG] - evaluate_round 99: strategy sampled 1 clients (out of 50)
[2024-06-02 12:42:33,039][flwr][DEBUG] - evaluate_round 99 received 1 results and 0 failures
[2024-06-02 12:42:33,040][flwr][DEBUG] - fit_round 100: strategy sampled 10 clients (out of 50)
[2024-06-02 12:42:33,745][flwr][DEBUG] - fit_round 100 received 10 results and 0 failures
[2024-06-02 12:42:34,314][flwr][INFO] - fit progress: (100, 5.691209952134727, {'accuracy': 0.9853}, 156.84192784596235)
[2024-06-02 12:42:34,314][flwr][DEBUG] - evaluate_round 100: strategy sampled 1 clients (out of 50)
[2024-06-02 12:42:34,482][flwr][DEBUG] - evaluate_round 100 received 1 results and 0 failures
[2024-06-02 12:42:34,482][flwr][INFO] - FL finished in 157.00975331524387
[2024-06-02 12:42:34,482][flwr][INFO] - app_fit: losses_distributed [(1, 4.7587631940841675), (2, 0.26344569213688374), (3, 0.69529989361763), (4, 0.6563671082258224), (5, 0.36241308599710464), (6, 0.16179727436974645), (7, 0.09375238046050072), (8, 0.6584498370066285), (9, 0.23338838294148445), (10, 0.2727279234677553), (11, 0.40448207780718803), (12, 0.5875328406691551), (13, 1.039362147450447), (14, 0.6292344927787781), (15, 0.3290555737912655), (16, 0.6948635447770357), (17, 0.12299049459397793), (18, 0.19185252487659454), (19, 0.36201675422489643), (20, 0.0968898378778249), (21, 0.049311465583741665), (22, 0.24208829691633582), (23, 0.1151666494552046), (24, 0.08101437985897064), (25, 0.36766877491027117), (26, 0.09057167079299688), (27, 0.17674688063561916), (28, 0.11467793677002192), (29, 0.009231626288965344), (30, 0.12627913057804108), (31, 0.044156605552416295), (32, 0.25261889584362507), (33, 0.045073814457282424), (34, 0.10252970666624606), (35, 0.15478928200900555), (36, 0.09303656965494156), (37, 0.1496349833905697), (38, 0.2413738559698686), (39, 0.1201824969612062), (40, 0.36066305744679994), (41, 0.3992836218094453), (42, 0.07106733962427825), (43, 0.11529326270101592), (44, 0.04962270241230726), (45, 0.331522474065423), (46, 0.11049344134517014), (47, 0.2984080314054154), (48, 0.06439684680663049), (49, 0.29727575927972794), (50, 0.12343998128199019), (51, 0.10162197674799245), (52, 0.013499915861757472), (53, 0.09837585757486522), (54, 0.0014208740321919322), (55, 0.3007251834496856), (56, 0.05723587574902922), (57, 0.004575186132569797), (58, 0.3568612003000453), (59, 0.43914590403437614), (60, 0.05940424802247435), (61, 0.0007783834469137219), (62, 0.018726776324911043), (63, 0.251445586734917), (64, 0.3678684690967202), (65, 0.8828115346841514), (66, 0.16941985255107284), (67, 0.12550097308849217), (68, 0.6771385784959421), (69, 0.23648802504612831), (70, 0.020282160956412554), (71, 0.14550784262064553), (72, 0.08848981870687567), (73, 0.06620726792607456), (74, 1.0292666424356867), (75, 0.3412002510158345), (76, 0.5744860842823982), (77, 0.008554442923923489), (78, 0.40098485350608826), (79, 0.060317270501400344), (80, 0.16814874112606049), (81, 0.2885660005995305), (82, 0.03989585622912273), (83, 0.0667512440122664), (84, 0.09522415394894779), (85, 0.05104238464264199), (86, 0.020385784246741423), (87, 0.10420211371820187), (88, 0.01904570357874036), (89, 0.08449283192749135), (90, 0.04298698983620852), (91, 0.012379344610963017), (92, 0.13671189453452826), (93, 0.0005874769030356219), (94, 0.20557403432030696), (95, 0.04604389938322129), (96, 0.13243373238765344), (97, 0.34112386405467987), (98, 0.10999551003988017), (99, 0.005039508525896963), (100, 0.0027989442023681477)]
[2024-06-02 12:42:34,482][flwr][INFO] - app_fit: metrics_distributed_fit {}
[2024-06-02 12:42:34,482][flwr][INFO] - app_fit: metrics_distributed {}
[2024-06-02 12:42:34,482][flwr][INFO] - app_fit: losses_centralized [(0, 180.36799931526184), (1, 115.81465256214142), (2, 86.90150582790375), (3, 22.114524498581886), (4, 15.880109313875437), (5, 13.710137233138084), (6, 11.489156546071172), (7, 7.522929857484996), (8, 6.10048527084291), (9, 6.47418567398563), (10, 7.02071954542771), (11, 5.236558886594139), (12, 5.0239264271222055), (13, 6.8053071070462465), (14, 4.409174697822891), (15, 6.125802970957011), (16, 5.461942355381325), (17, 6.823522479273379), (18, 4.810051020234823), (19, 4.917834106832743), (20, 4.245050040539354), (21, 3.9910997187253088), (22, 3.4987724635575432), (23, 4.103263702563709), (24, 4.622368463402381), (25, 3.497701787913684), (26, 3.3702367872174364), (27, 3.67814305848151), (28, 3.258156728144968), (29, 3.9365147534990683), (30, 3.7364407170098275), (31, 2.9240673266758677), (32, 3.679397831845563), (33, 2.869542784857913), (34, 3.1782188415527344), (35, 3.1794371683536156), (36, 4.139966510236263), (37, 3.533589993894566), (38, 3.0198578316776548), (39, 2.6673990811686963), (40, 2.8166118426597677), (41, 3.2392840903048636), (42, 3.4136143485084176), (43, 3.0485286932671443), (44, 3.134043695696164), (45, 2.731822572211968), (46, 3.0129199598450214), (47, 4.67029230161279), (48, 2.7715347141420352), (49, 3.816592149087228), (50, 3.034715165529633), (51, 3.1058657720932388), (52, 3.4047561705228873), (53, 3.0819781398167834), (54, 3.577809184018406), (55, 4.051759599504294), (56, 3.447310180286877), (57, 3.5035152510972694), (58, 3.0538400200894102), (59, 3.3001597655238584), (60, 2.843112928851042), (61, 2.961702676519053), (62, 2.711922988004517), (63, 3.3357717115013656), (64, 3.322937052245834), (65, 3.1053890793409664), (66, 3.0799873523646966), (67, 2.84426211043683), (68, 2.9395912356267218), (69, 3.1779160214828153), (70, 3.565214676360938), (71, 3.932049256429309), (72, 3.4470927934889914), (73, 3.5010908492840827), (74, 3.797229423551471), (75, 3.79179504091735), (76, 3.5811903621070087), (77, 2.9320490716054337), (78, 3.670127048469112), (79, 2.9022998940235993), (80, 3.3759880854850053), (81, 4.3798930304910755), (82, 2.878130700417387), (83, 3.1386657434195513), (84, 3.100948058767244), (85, 2.9340556000897777), (86, 3.694059497087437), (87, 2.8374325465556467), (88, 2.9002769867656752), (89, 3.865294797138631), (90, 3.1047844465938397), (91, 3.493664611632994), (92, 3.1133438890392426), (93, 2.878522768485709), (94, 3.0087444937835244), (95, 3.258035844956794), (96, 3.274189461768401), (97, 2.865473864689193), (98, 3.480649990549864), (99, 3.5322597378253704), (100, 5.691209952134727)]
[2024-06-02 12:42:34,482][flwr][INFO] - app_fit: metrics_centralized {'accuracy': [(0, 0.0566), (1, 0.5212), (2, 0.6755), (3, 0.9224), (4, 0.9319), (5, 0.9477), (6, 0.9539), (7, 0.9707), (8, 0.9738), (9, 0.9747), (10, 0.9697), (11, 0.9783), (12, 0.9778), (13, 0.9726), (14, 0.9817), (15, 0.9767), (16, 0.9781), (17, 0.9729), (18, 0.979), (19, 0.9807), (20, 0.9833), (21, 0.9846), (22, 0.9844), (23, 0.9829), (24, 0.9789), (25, 0.9839), (26, 0.9847), (27, 0.9842), (28, 0.9866), (29, 0.9819), (30, 0.984), (31, 0.988), (32, 0.9831), (33, 0.987), (34, 0.9861), (35, 0.9871), (36, 0.9835), (37, 0.9841), (38, 0.9869), (39, 0.9882), (40, 0.9889), (41, 0.9871), (42, 0.9859), (43, 0.9865), (44, 0.9857), (45, 0.9883), (46, 0.9873), (47, 0.9839), (48, 0.9884), (49, 0.984), (50, 0.9871), (51, 0.9889), (52, 0.9857), (53, 0.9878), (54, 0.9852), (55, 0.9832), (56, 0.9864), (57, 0.9874), (58, 0.9871), (59, 0.9859), (60, 0.9896), (61, 0.987), (62, 0.987), (63, 0.9865), (64, 0.9868), (65, 0.9878), (66, 0.9875), (67, 0.9893), (68, 0.9878), (69, 0.9867), (70, 0.9865), (71, 0.9863), (72, 0.9868), (73, 0.9866), (74, 0.9869), (75, 0.9863), (76, 0.986), (77, 0.9882), (78, 0.9857), (79, 0.9884), (80, 0.987), (81, 0.9834), (82, 0.9893), (83, 0.9878), (84, 0.987), (85, 0.9886), (86, 0.987), (87, 0.9889), (88, 0.9877), (89, 0.9869), (90, 0.9879), (91, 0.9876), (92, 0.9879), (93, 0.9894), (94, 0.9889), (95, 0.988), (96, 0.9883), (97, 0.9886), (98, 0.9863), (99, 0.9875), (100, 0.9853)]}
