[2024-05-30 22:25:38,477][flwr][INFO] - Starting Flower simulation, config: ServerConfig(num_rounds=100, round_timeout=None)
[2024-05-30 22:25:39,534][flwr][INFO] - Flower VCE: Ray initialized with resources: {'memory': 83074343936.0, 'GPU': 2.0, 'object_store_memory': 39889004544.0, 'CPU': 24.0, 'accelerator_type:G': 1.0, 'node:172.17.34.3': 1.0}
[2024-05-30 22:25:39,535][flwr][INFO] - Initializing global parameters
[2024-05-30 22:25:39,536][flwr][INFO] - Requesting initial parameters from one random client
[2024-05-30 22:25:40,630][flwr][INFO] - Received initial parameters from one random client
[2024-05-30 22:25:40,630][flwr][INFO] - Evaluating initial parameters
[2024-05-30 22:25:42,591][flwr][INFO] - initial parameters (loss, other metrics): 181.99169826507568, {'accuracy': 0.1305}
[2024-05-30 22:25:42,591][flwr][INFO] - FL starting
[2024-05-30 22:25:42,591][flwr][DEBUG] - fit_round 1: strategy sampled 10 clients (out of 50)
[2024-05-30 22:25:47,379][flwr][DEBUG] - fit_round 1 received 10 results and 0 failures
[2024-05-30 22:25:47,446][flwr][WARNING] - No fit_metrics_aggregation_fn provided
[2024-05-30 22:25:47,781][flwr][INFO] - fit progress: (1, 177.06310892105103, {'accuracy': 0.3131}, 5.1904628039337695)
[2024-05-30 22:25:47,781][flwr][DEBUG] - evaluate_round 1: strategy sampled 1 clients (out of 50)
[2024-05-30 22:25:47,954][flwr][DEBUG] - evaluate_round 1 received 1 results and 0 failures
[2024-05-30 22:25:47,954][flwr][WARNING] - No evaluate_metrics_aggregation_fn provided
[2024-05-30 22:25:47,954][flwr][DEBUG] - fit_round 2: strategy sampled 10 clients (out of 50)
[2024-05-30 22:25:48,685][flwr][DEBUG] - fit_round 2 received 10 results and 0 failures
[2024-05-30 22:25:49,081][flwr][INFO] - fit progress: (2, 172.14235472679138, {'accuracy': 0.4736}, 6.4901915290392935)
[2024-05-30 22:25:49,081][flwr][DEBUG] - evaluate_round 2: strategy sampled 1 clients (out of 50)
[2024-05-30 22:25:49,258][flwr][DEBUG] - evaluate_round 2 received 1 results and 0 failures
[2024-05-30 22:25:49,258][flwr][DEBUG] - fit_round 3: strategy sampled 10 clients (out of 50)
[2024-05-30 22:25:50,000][flwr][DEBUG] - fit_round 3 received 10 results and 0 failures
[2024-05-30 22:25:50,396][flwr][INFO] - fit progress: (3, 166.5975046157837, {'accuracy': 0.5726}, 7.804807384964079)
[2024-05-30 22:25:50,396][flwr][DEBUG] - evaluate_round 3: strategy sampled 1 clients (out of 50)
[2024-05-30 22:25:50,555][flwr][DEBUG] - evaluate_round 3 received 1 results and 0 failures
[2024-05-30 22:25:50,555][flwr][DEBUG] - fit_round 4: strategy sampled 10 clients (out of 50)
[2024-05-30 22:25:51,270][flwr][DEBUG] - fit_round 4 received 10 results and 0 failures
[2024-05-30 22:25:51,670][flwr][INFO] - fit progress: (4, 160.5708669424057, {'accuracy': 0.6394}, 9.07957592094317)
[2024-05-30 22:25:51,670][flwr][DEBUG] - evaluate_round 4: strategy sampled 1 clients (out of 50)
[2024-05-30 22:25:51,855][flwr][DEBUG] - evaluate_round 4 received 1 results and 0 failures
[2024-05-30 22:25:51,855][flwr][DEBUG] - fit_round 5: strategy sampled 10 clients (out of 50)
[2024-05-30 22:25:52,608][flwr][DEBUG] - fit_round 5 received 10 results and 0 failures
[2024-05-30 22:25:53,013][flwr][INFO] - fit progress: (5, 153.7599138021469, {'accuracy': 0.7069}, 10.42210347391665)
[2024-05-30 22:25:53,013][flwr][DEBUG] - evaluate_round 5: strategy sampled 1 clients (out of 50)
[2024-05-30 22:25:53,194][flwr][DEBUG] - evaluate_round 5 received 1 results and 0 failures
[2024-05-30 22:25:53,194][flwr][DEBUG] - fit_round 6: strategy sampled 10 clients (out of 50)
[2024-05-30 22:25:53,977][flwr][DEBUG] - fit_round 6 received 10 results and 0 failures
[2024-05-30 22:25:54,378][flwr][INFO] - fit progress: (6, 146.49379217624664, {'accuracy': 0.7352}, 11.787208276800811)
[2024-05-30 22:25:54,378][flwr][DEBUG] - evaluate_round 6: strategy sampled 1 clients (out of 50)
[2024-05-30 22:25:54,608][flwr][DEBUG] - evaluate_round 6 received 1 results and 0 failures
[2024-05-30 22:25:54,608][flwr][DEBUG] - fit_round 7: strategy sampled 10 clients (out of 50)
[2024-05-30 22:25:55,325][flwr][DEBUG] - fit_round 7 received 10 results and 0 failures
[2024-05-30 22:25:55,720][flwr][INFO] - fit progress: (7, 138.53087067604065, {'accuracy': 0.7599}, 13.129519829060882)
[2024-05-30 22:25:55,720][flwr][DEBUG] - evaluate_round 7: strategy sampled 1 clients (out of 50)
[2024-05-30 22:25:55,887][flwr][DEBUG] - evaluate_round 7 received 1 results and 0 failures
[2024-05-30 22:25:55,887][flwr][DEBUG] - fit_round 8: strategy sampled 10 clients (out of 50)
[2024-05-30 22:25:56,640][flwr][DEBUG] - fit_round 8 received 10 results and 0 failures
[2024-05-30 22:25:57,026][flwr][INFO] - fit progress: (8, 130.67533576488495, {'accuracy': 0.7737}, 14.43547116778791)
[2024-05-30 22:25:57,026][flwr][DEBUG] - evaluate_round 8: strategy sampled 1 clients (out of 50)
[2024-05-30 22:25:57,191][flwr][DEBUG] - evaluate_round 8 received 1 results and 0 failures
[2024-05-30 22:25:57,191][flwr][DEBUG] - fit_round 9: strategy sampled 10 clients (out of 50)
[2024-05-30 22:25:57,938][flwr][DEBUG] - fit_round 9 received 10 results and 0 failures
[2024-05-30 22:25:58,339][flwr][INFO] - fit progress: (9, 122.15037524700165, {'accuracy': 0.7767}, 15.748192344792187)
[2024-05-30 22:25:58,339][flwr][DEBUG] - evaluate_round 9: strategy sampled 1 clients (out of 50)
[2024-05-30 22:25:58,512][flwr][DEBUG] - evaluate_round 9 received 1 results and 0 failures
[2024-05-30 22:25:58,512][flwr][DEBUG] - fit_round 10: strategy sampled 10 clients (out of 50)
[2024-05-30 22:25:59,248][flwr][DEBUG] - fit_round 10 received 10 results and 0 failures
[2024-05-30 22:25:59,644][flwr][INFO] - fit progress: (10, 113.59597408771515, {'accuracy': 0.7906}, 17.053505523130298)
[2024-05-30 22:25:59,644][flwr][DEBUG] - evaluate_round 10: strategy sampled 1 clients (out of 50)
[2024-05-30 22:25:59,817][flwr][DEBUG] - evaluate_round 10 received 1 results and 0 failures
[2024-05-30 22:25:59,817][flwr][DEBUG] - fit_round 11: strategy sampled 10 clients (out of 50)
[2024-05-30 22:26:00,544][flwr][DEBUG] - fit_round 11 received 10 results and 0 failures
[2024-05-30 22:26:00,932][flwr][INFO] - fit progress: (11, 105.61340284347534, {'accuracy': 0.8055}, 18.34175477270037)
[2024-05-30 22:26:00,933][flwr][DEBUG] - evaluate_round 11: strategy sampled 1 clients (out of 50)
[2024-05-30 22:26:01,100][flwr][DEBUG] - evaluate_round 11 received 1 results and 0 failures
[2024-05-30 22:26:01,100][flwr][DEBUG] - fit_round 12: strategy sampled 10 clients (out of 50)
[2024-05-30 22:26:01,830][flwr][DEBUG] - fit_round 12 received 10 results and 0 failures
[2024-05-30 22:26:02,222][flwr][INFO] - fit progress: (12, 97.52491647005081, {'accuracy': 0.8111}, 19.631589299999177)
[2024-05-30 22:26:02,222][flwr][DEBUG] - evaluate_round 12: strategy sampled 1 clients (out of 50)
[2024-05-30 22:26:02,395][flwr][DEBUG] - evaluate_round 12 received 1 results and 0 failures
[2024-05-30 22:26:02,395][flwr][DEBUG] - fit_round 13: strategy sampled 10 clients (out of 50)
[2024-05-30 22:26:03,188][flwr][DEBUG] - fit_round 13 received 10 results and 0 failures
[2024-05-30 22:26:03,586][flwr][INFO] - fit progress: (13, 90.02251881361008, {'accuracy': 0.8245}, 20.99516958091408)
[2024-05-30 22:26:03,586][flwr][DEBUG] - evaluate_round 13: strategy sampled 1 clients (out of 50)
[2024-05-30 22:26:03,752][flwr][DEBUG] - evaluate_round 13 received 1 results and 0 failures
[2024-05-30 22:26:03,752][flwr][DEBUG] - fit_round 14: strategy sampled 10 clients (out of 50)
[2024-05-30 22:26:04,507][flwr][DEBUG] - fit_round 14 received 10 results and 0 failures
[2024-05-30 22:26:04,898][flwr][INFO] - fit progress: (14, 83.03585511445999, {'accuracy': 0.8354}, 22.306813139934093)
[2024-05-30 22:26:04,898][flwr][DEBUG] - evaluate_round 14: strategy sampled 1 clients (out of 50)
[2024-05-30 22:26:05,076][flwr][DEBUG] - evaluate_round 14 received 1 results and 0 failures
[2024-05-30 22:26:05,076][flwr][DEBUG] - fit_round 15: strategy sampled 10 clients (out of 50)
[2024-05-30 22:26:05,774][flwr][DEBUG] - fit_round 15 received 10 results and 0 failures
[2024-05-30 22:26:06,166][flwr][INFO] - fit progress: (15, 76.50760251283646, {'accuracy': 0.8402}, 23.575675129890442)
[2024-05-30 22:26:06,167][flwr][DEBUG] - evaluate_round 15: strategy sampled 1 clients (out of 50)
[2024-05-30 22:26:06,374][flwr][DEBUG] - evaluate_round 15 received 1 results and 0 failures
[2024-05-30 22:26:06,375][flwr][DEBUG] - fit_round 16: strategy sampled 10 clients (out of 50)
[2024-05-30 22:26:07,109][flwr][DEBUG] - fit_round 16 received 10 results and 0 failures
[2024-05-30 22:26:07,507][flwr][INFO] - fit progress: (16, 70.91625291109085, {'accuracy': 0.8516}, 24.91652031475678)
[2024-05-30 22:26:07,507][flwr][DEBUG] - evaluate_round 16: strategy sampled 1 clients (out of 50)
[2024-05-30 22:26:07,658][flwr][DEBUG] - evaluate_round 16 received 1 results and 0 failures
[2024-05-30 22:26:07,659][flwr][DEBUG] - fit_round 17: strategy sampled 10 clients (out of 50)
[2024-05-30 22:26:08,452][flwr][DEBUG] - fit_round 17 received 10 results and 0 failures
[2024-05-30 22:26:08,842][flwr][INFO] - fit progress: (17, 65.88824772834778, {'accuracy': 0.8514}, 26.251635600812733)
[2024-05-30 22:26:08,843][flwr][DEBUG] - evaluate_round 17: strategy sampled 1 clients (out of 50)
[2024-05-30 22:26:08,980][flwr][DEBUG] - evaluate_round 17 received 1 results and 0 failures
[2024-05-30 22:26:08,980][flwr][DEBUG] - fit_round 18: strategy sampled 10 clients (out of 50)
[2024-05-30 22:26:09,714][flwr][DEBUG] - fit_round 18 received 10 results and 0 failures
[2024-05-30 22:26:10,102][flwr][INFO] - fit progress: (18, 61.493414133787155, {'accuracy': 0.857}, 27.51168179186061)
[2024-05-30 22:26:10,103][flwr][DEBUG] - evaluate_round 18: strategy sampled 1 clients (out of 50)
[2024-05-30 22:26:10,270][flwr][DEBUG] - evaluate_round 18 received 1 results and 0 failures
[2024-05-30 22:26:10,270][flwr][DEBUG] - fit_round 19: strategy sampled 10 clients (out of 50)
[2024-05-30 22:26:11,029][flwr][DEBUG] - fit_round 19 received 10 results and 0 failures
[2024-05-30 22:26:11,433][flwr][INFO] - fit progress: (19, 57.28361412882805, {'accuracy': 0.8639}, 28.842161315027624)
[2024-05-30 22:26:11,433][flwr][DEBUG] - evaluate_round 19: strategy sampled 1 clients (out of 50)
[2024-05-30 22:26:11,603][flwr][DEBUG] - evaluate_round 19 received 1 results and 0 failures
[2024-05-30 22:26:11,603][flwr][DEBUG] - fit_round 20: strategy sampled 10 clients (out of 50)
[2024-05-30 22:26:12,402][flwr][DEBUG] - fit_round 20 received 10 results and 0 failures
[2024-05-30 22:26:12,801][flwr][INFO] - fit progress: (20, 53.7041209936142, {'accuracy': 0.8689}, 30.210216833744198)
[2024-05-30 22:26:12,801][flwr][DEBUG] - evaluate_round 20: strategy sampled 1 clients (out of 50)
[2024-05-30 22:26:12,974][flwr][DEBUG] - evaluate_round 20 received 1 results and 0 failures
[2024-05-30 22:26:12,974][flwr][DEBUG] - fit_round 21: strategy sampled 10 clients (out of 50)
[2024-05-30 22:26:13,762][flwr][DEBUG] - fit_round 21 received 10 results and 0 failures
[2024-05-30 22:26:14,153][flwr][INFO] - fit progress: (21, 50.5340174138546, {'accuracy': 0.8738}, 31.562695947941393)
[2024-05-30 22:26:14,154][flwr][DEBUG] - evaluate_round 21: strategy sampled 1 clients (out of 50)
[2024-05-30 22:26:14,304][flwr][DEBUG] - evaluate_round 21 received 1 results and 0 failures
[2024-05-30 22:26:14,304][flwr][DEBUG] - fit_round 22: strategy sampled 10 clients (out of 50)
[2024-05-30 22:26:15,101][flwr][DEBUG] - fit_round 22 received 10 results and 0 failures
[2024-05-30 22:26:15,493][flwr][INFO] - fit progress: (22, 47.83656370639801, {'accuracy': 0.8742}, 32.90241675172001)
[2024-05-30 22:26:15,493][flwr][DEBUG] - evaluate_round 22: strategy sampled 1 clients (out of 50)
[2024-05-30 22:26:15,666][flwr][DEBUG] - evaluate_round 22 received 1 results and 0 failures
[2024-05-30 22:26:15,666][flwr][DEBUG] - fit_round 23: strategy sampled 10 clients (out of 50)
[2024-05-30 22:26:16,421][flwr][DEBUG] - fit_round 23 received 10 results and 0 failures
[2024-05-30 22:26:16,815][flwr][INFO] - fit progress: (23, 45.49601650238037, {'accuracy': 0.877}, 34.22405460709706)
[2024-05-30 22:26:16,815][flwr][DEBUG] - evaluate_round 23: strategy sampled 1 clients (out of 50)
[2024-05-30 22:26:16,967][flwr][DEBUG] - evaluate_round 23 received 1 results and 0 failures
[2024-05-30 22:26:16,967][flwr][DEBUG] - fit_round 24: strategy sampled 10 clients (out of 50)
[2024-05-30 22:26:17,715][flwr][DEBUG] - fit_round 24 received 10 results and 0 failures
[2024-05-30 22:26:18,113][flwr][INFO] - fit progress: (24, 43.23565620183945, {'accuracy': 0.8807}, 35.52213163673878)
[2024-05-30 22:26:18,113][flwr][DEBUG] - evaluate_round 24: strategy sampled 1 clients (out of 50)
[2024-05-30 22:26:18,279][flwr][DEBUG] - evaluate_round 24 received 1 results and 0 failures
[2024-05-30 22:26:18,279][flwr][DEBUG] - fit_round 25: strategy sampled 10 clients (out of 50)
[2024-05-30 22:26:19,047][flwr][DEBUG] - fit_round 25 received 10 results and 0 failures
[2024-05-30 22:26:19,449][flwr][INFO] - fit progress: (25, 41.396455720067024, {'accuracy': 0.885}, 36.858158864080906)
[2024-05-30 22:26:19,449][flwr][DEBUG] - evaluate_round 25: strategy sampled 1 clients (out of 50)
[2024-05-30 22:26:19,590][flwr][DEBUG] - evaluate_round 25 received 1 results and 0 failures
[2024-05-30 22:26:19,590][flwr][DEBUG] - fit_round 26: strategy sampled 10 clients (out of 50)
[2024-05-30 22:26:20,303][flwr][DEBUG] - fit_round 26 received 10 results and 0 failures
[2024-05-30 22:26:20,706][flwr][INFO] - fit progress: (26, 39.67368130385876, {'accuracy': 0.8848}, 38.115631294902414)
[2024-05-30 22:26:20,707][flwr][DEBUG] - evaluate_round 26: strategy sampled 1 clients (out of 50)
[2024-05-30 22:26:20,877][flwr][DEBUG] - evaluate_round 26 received 1 results and 0 failures
[2024-05-30 22:26:20,877][flwr][DEBUG] - fit_round 27: strategy sampled 10 clients (out of 50)
[2024-05-30 22:26:21,618][flwr][DEBUG] - fit_round 27 received 10 results and 0 failures
[2024-05-30 22:26:22,010][flwr][INFO] - fit progress: (27, 38.07815824449062, {'accuracy': 0.8869}, 39.41972512472421)
[2024-05-30 22:26:22,011][flwr][DEBUG] - evaluate_round 27: strategy sampled 1 clients (out of 50)
[2024-05-30 22:26:22,179][flwr][DEBUG] - evaluate_round 27 received 1 results and 0 failures
[2024-05-30 22:26:22,179][flwr][DEBUG] - fit_round 28: strategy sampled 10 clients (out of 50)
[2024-05-30 22:26:22,964][flwr][DEBUG] - fit_round 28 received 10 results and 0 failures
[2024-05-30 22:26:23,361][flwr][INFO] - fit progress: (28, 36.78027346730232, {'accuracy': 0.8901}, 40.77027171291411)
[2024-05-30 22:26:23,361][flwr][DEBUG] - evaluate_round 28: strategy sampled 1 clients (out of 50)
[2024-05-30 22:26:23,539][flwr][DEBUG] - evaluate_round 28 received 1 results and 0 failures
[2024-05-30 22:26:23,539][flwr][DEBUG] - fit_round 29: strategy sampled 10 clients (out of 50)
[2024-05-30 22:26:24,360][flwr][DEBUG] - fit_round 29 received 10 results and 0 failures
[2024-05-30 22:26:24,754][flwr][INFO] - fit progress: (29, 35.557435020804405, {'accuracy': 0.8917}, 42.163025945890695)
[2024-05-30 22:26:24,754][flwr][DEBUG] - evaluate_round 29: strategy sampled 1 clients (out of 50)
[2024-05-30 22:26:24,939][flwr][DEBUG] - evaluate_round 29 received 1 results and 0 failures
[2024-05-30 22:26:24,939][flwr][DEBUG] - fit_round 30: strategy sampled 10 clients (out of 50)
[2024-05-30 22:26:25,684][flwr][DEBUG] - fit_round 30 received 10 results and 0 failures
[2024-05-30 22:26:26,080][flwr][INFO] - fit progress: (30, 34.37121205031872, {'accuracy': 0.8926}, 43.48912358190864)
[2024-05-30 22:26:26,080][flwr][DEBUG] - evaluate_round 30: strategy sampled 1 clients (out of 50)
[2024-05-30 22:26:26,256][flwr][DEBUG] - evaluate_round 30 received 1 results and 0 failures
[2024-05-30 22:26:26,256][flwr][DEBUG] - fit_round 31: strategy sampled 10 clients (out of 50)
[2024-05-30 22:26:27,033][flwr][DEBUG] - fit_round 31 received 10 results and 0 failures
[2024-05-30 22:26:27,427][flwr][INFO] - fit progress: (31, 33.3706571161747, {'accuracy': 0.8942}, 44.83620386896655)
[2024-05-30 22:26:27,427][flwr][DEBUG] - evaluate_round 31: strategy sampled 1 clients (out of 50)
[2024-05-30 22:26:27,596][flwr][DEBUG] - evaluate_round 31 received 1 results and 0 failures
[2024-05-30 22:26:27,596][flwr][DEBUG] - fit_round 32: strategy sampled 10 clients (out of 50)
[2024-05-30 22:26:28,348][flwr][DEBUG] - fit_round 32 received 10 results and 0 failures
[2024-05-30 22:26:28,744][flwr][INFO] - fit progress: (32, 32.41578397154808, {'accuracy': 0.8959}, 46.15284205367789)
[2024-05-30 22:26:28,744][flwr][DEBUG] - evaluate_round 32: strategy sampled 1 clients (out of 50)
[2024-05-30 22:26:28,911][flwr][DEBUG] - evaluate_round 32 received 1 results and 0 failures
[2024-05-30 22:26:28,912][flwr][DEBUG] - fit_round 33: strategy sampled 10 clients (out of 50)
[2024-05-30 22:26:29,652][flwr][DEBUG] - fit_round 33 received 10 results and 0 failures
[2024-05-30 22:26:30,045][flwr][INFO] - fit progress: (33, 31.623843915760517, {'accuracy': 0.8972}, 47.454623012803495)
[2024-05-30 22:26:30,045][flwr][DEBUG] - evaluate_round 33: strategy sampled 1 clients (out of 50)
[2024-05-30 22:26:30,211][flwr][DEBUG] - evaluate_round 33 received 1 results and 0 failures
[2024-05-30 22:26:30,211][flwr][DEBUG] - fit_round 34: strategy sampled 10 clients (out of 50)
[2024-05-30 22:26:30,938][flwr][DEBUG] - fit_round 34 received 10 results and 0 failures
[2024-05-30 22:26:31,333][flwr][INFO] - fit progress: (34, 30.934771239757538, {'accuracy': 0.8992}, 48.742346609942615)
[2024-05-30 22:26:31,333][flwr][DEBUG] - evaluate_round 34: strategy sampled 1 clients (out of 50)
[2024-05-30 22:26:31,499][flwr][DEBUG] - evaluate_round 34 received 1 results and 0 failures
[2024-05-30 22:26:31,499][flwr][DEBUG] - fit_round 35: strategy sampled 10 clients (out of 50)
[2024-05-30 22:26:32,226][flwr][DEBUG] - fit_round 35 received 10 results and 0 failures
[2024-05-30 22:26:32,626][flwr][INFO] - fit progress: (35, 30.211999893188477, {'accuracy': 0.9}, 50.03478169487789)
[2024-05-30 22:26:32,626][flwr][DEBUG] - evaluate_round 35: strategy sampled 1 clients (out of 50)
[2024-05-30 22:26:32,801][flwr][DEBUG] - evaluate_round 35 received 1 results and 0 failures
[2024-05-30 22:26:32,801][flwr][DEBUG] - fit_round 36: strategy sampled 10 clients (out of 50)
[2024-05-30 22:26:33,551][flwr][DEBUG] - fit_round 36 received 10 results and 0 failures
[2024-05-30 22:26:33,941][flwr][INFO] - fit progress: (36, 29.52287982404232, {'accuracy': 0.9002}, 51.35074125090614)
[2024-05-30 22:26:33,942][flwr][DEBUG] - evaluate_round 36: strategy sampled 1 clients (out of 50)
[2024-05-30 22:26:34,112][flwr][DEBUG] - evaluate_round 36 received 1 results and 0 failures
[2024-05-30 22:26:34,112][flwr][DEBUG] - fit_round 37: strategy sampled 10 clients (out of 50)
[2024-05-30 22:26:34,802][flwr][DEBUG] - fit_round 37 received 10 results and 0 failures
[2024-05-30 22:26:35,186][flwr][INFO] - fit progress: (37, 28.98330793529749, {'accuracy': 0.9026}, 52.59527528984472)
[2024-05-30 22:26:35,186][flwr][DEBUG] - evaluate_round 37: strategy sampled 1 clients (out of 50)
[2024-05-30 22:26:35,356][flwr][DEBUG] - evaluate_round 37 received 1 results and 0 failures
[2024-05-30 22:26:35,356][flwr][DEBUG] - fit_round 38: strategy sampled 10 clients (out of 50)
[2024-05-30 22:26:36,077][flwr][DEBUG] - fit_round 38 received 10 results and 0 failures
[2024-05-30 22:26:36,476][flwr][INFO] - fit progress: (38, 28.404815211892128, {'accuracy': 0.9032}, 53.885581691749394)
[2024-05-30 22:26:36,476][flwr][DEBUG] - evaluate_round 38: strategy sampled 1 clients (out of 50)
[2024-05-30 22:26:36,627][flwr][DEBUG] - evaluate_round 38 received 1 results and 0 failures
[2024-05-30 22:26:36,627][flwr][DEBUG] - fit_round 39: strategy sampled 10 clients (out of 50)
[2024-05-30 22:26:37,406][flwr][DEBUG] - fit_round 39 received 10 results and 0 failures
[2024-05-30 22:26:37,809][flwr][INFO] - fit progress: (39, 27.8219106644392, {'accuracy': 0.9037}, 55.21797726396471)
[2024-05-30 22:26:37,809][flwr][DEBUG] - evaluate_round 39: strategy sampled 1 clients (out of 50)
[2024-05-30 22:26:37,987][flwr][DEBUG] - evaluate_round 39 received 1 results and 0 failures
[2024-05-30 22:26:37,987][flwr][DEBUG] - fit_round 40: strategy sampled 10 clients (out of 50)
[2024-05-30 22:26:38,749][flwr][DEBUG] - fit_round 40 received 10 results and 0 failures
[2024-05-30 22:26:39,150][flwr][INFO] - fit progress: (40, 27.41285252571106, {'accuracy': 0.9049}, 56.55884859384969)
[2024-05-30 22:26:39,150][flwr][DEBUG] - evaluate_round 40: strategy sampled 1 clients (out of 50)
[2024-05-30 22:26:39,302][flwr][DEBUG] - evaluate_round 40 received 1 results and 0 failures
[2024-05-30 22:26:39,302][flwr][DEBUG] - fit_round 41: strategy sampled 10 clients (out of 50)
[2024-05-30 22:26:40,017][flwr][DEBUG] - fit_round 41 received 10 results and 0 failures
[2024-05-30 22:26:40,414][flwr][INFO] - fit progress: (41, 26.8454345241189, {'accuracy': 0.9071}, 57.823029616847634)
[2024-05-30 22:26:40,414][flwr][DEBUG] - evaluate_round 41: strategy sampled 1 clients (out of 50)
[2024-05-30 22:26:40,552][flwr][DEBUG] - evaluate_round 41 received 1 results and 0 failures
[2024-05-30 22:26:40,552][flwr][DEBUG] - fit_round 42: strategy sampled 10 clients (out of 50)
[2024-05-30 22:26:41,363][flwr][DEBUG] - fit_round 42 received 10 results and 0 failures
[2024-05-30 22:26:41,756][flwr][INFO] - fit progress: (42, 26.521726295351982, {'accuracy': 0.9083}, 59.16527089383453)
[2024-05-30 22:26:41,756][flwr][DEBUG] - evaluate_round 42: strategy sampled 1 clients (out of 50)
[2024-05-30 22:26:41,922][flwr][DEBUG] - evaluate_round 42 received 1 results and 0 failures
[2024-05-30 22:26:41,922][flwr][DEBUG] - fit_round 43: strategy sampled 10 clients (out of 50)
[2024-05-30 22:26:42,649][flwr][DEBUG] - fit_round 43 received 10 results and 0 failures
[2024-05-30 22:26:43,044][flwr][INFO] - fit progress: (43, 26.053551521152258, {'accuracy': 0.9094}, 60.45346803404391)
[2024-05-30 22:26:43,044][flwr][DEBUG] - evaluate_round 43: strategy sampled 1 clients (out of 50)
[2024-05-30 22:26:43,189][flwr][DEBUG] - evaluate_round 43 received 1 results and 0 failures
[2024-05-30 22:26:43,189][flwr][DEBUG] - fit_round 44: strategy sampled 10 clients (out of 50)
[2024-05-30 22:26:43,933][flwr][DEBUG] - fit_round 44 received 10 results and 0 failures
[2024-05-30 22:26:44,325][flwr][INFO] - fit progress: (44, 25.701720032840967, {'accuracy': 0.9108}, 61.733929282054305)
[2024-05-30 22:26:44,325][flwr][DEBUG] - evaluate_round 44: strategy sampled 1 clients (out of 50)
[2024-05-30 22:26:44,495][flwr][DEBUG] - evaluate_round 44 received 1 results and 0 failures
[2024-05-30 22:26:44,495][flwr][DEBUG] - fit_round 45: strategy sampled 10 clients (out of 50)
[2024-05-30 22:26:45,252][flwr][DEBUG] - fit_round 45 received 10 results and 0 failures
[2024-05-30 22:26:45,651][flwr][INFO] - fit progress: (45, 25.36586181074381, {'accuracy': 0.9101}, 63.060401684138924)
[2024-05-30 22:26:45,651][flwr][DEBUG] - evaluate_round 45: strategy sampled 1 clients (out of 50)
[2024-05-30 22:26:45,823][flwr][DEBUG] - evaluate_round 45 received 1 results and 0 failures
[2024-05-30 22:26:45,823][flwr][DEBUG] - fit_round 46: strategy sampled 10 clients (out of 50)
[2024-05-30 22:26:46,619][flwr][DEBUG] - fit_round 46 received 10 results and 0 failures
[2024-05-30 22:26:47,021][flwr][INFO] - fit progress: (46, 25.00806139037013, {'accuracy': 0.9136}, 64.43014872213826)
[2024-05-30 22:26:47,021][flwr][DEBUG] - evaluate_round 46: strategy sampled 1 clients (out of 50)
[2024-05-30 22:26:47,188][flwr][DEBUG] - evaluate_round 46 received 1 results and 0 failures
[2024-05-30 22:26:47,188][flwr][DEBUG] - fit_round 47: strategy sampled 10 clients (out of 50)
[2024-05-30 22:26:47,965][flwr][DEBUG] - fit_round 47 received 10 results and 0 failures
[2024-05-30 22:26:48,357][flwr][INFO] - fit progress: (47, 24.621313638985157, {'accuracy': 0.9144}, 65.76650720275939)
[2024-05-30 22:26:48,357][flwr][DEBUG] - evaluate_round 47: strategy sampled 1 clients (out of 50)
[2024-05-30 22:26:48,509][flwr][DEBUG] - evaluate_round 47 received 1 results and 0 failures
[2024-05-30 22:26:48,509][flwr][DEBUG] - fit_round 48: strategy sampled 10 clients (out of 50)
[2024-05-30 22:26:49,256][flwr][DEBUG] - fit_round 48 received 10 results and 0 failures
[2024-05-30 22:26:49,658][flwr][INFO] - fit progress: (48, 24.25293120741844, {'accuracy': 0.915}, 67.06738319201395)
[2024-05-30 22:26:49,658][flwr][DEBUG] - evaluate_round 48: strategy sampled 1 clients (out of 50)
[2024-05-30 22:26:49,828][flwr][DEBUG] - evaluate_round 48 received 1 results and 0 failures
[2024-05-30 22:26:49,829][flwr][DEBUG] - fit_round 49: strategy sampled 10 clients (out of 50)
[2024-05-30 22:26:50,541][flwr][DEBUG] - fit_round 49 received 10 results and 0 failures
[2024-05-30 22:26:50,933][flwr][INFO] - fit progress: (49, 23.930094119161367, {'accuracy': 0.9168}, 68.34200437972322)
[2024-05-30 22:26:50,933][flwr][DEBUG] - evaluate_round 49: strategy sampled 1 clients (out of 50)
[2024-05-30 22:26:51,079][flwr][DEBUG] - evaluate_round 49 received 1 results and 0 failures
[2024-05-30 22:26:51,079][flwr][DEBUG] - fit_round 50: strategy sampled 10 clients (out of 50)
[2024-05-30 22:26:51,807][flwr][DEBUG] - fit_round 50 received 10 results and 0 failures
[2024-05-30 22:26:52,189][flwr][INFO] - fit progress: (50, 23.73671544343233, {'accuracy': 0.9174}, 69.59824437787756)
[2024-05-30 22:26:52,189][flwr][DEBUG] - evaluate_round 50: strategy sampled 1 clients (out of 50)
[2024-05-30 22:26:52,357][flwr][DEBUG] - evaluate_round 50 received 1 results and 0 failures
[2024-05-30 22:26:52,357][flwr][DEBUG] - fit_round 51: strategy sampled 10 clients (out of 50)
[2024-05-30 22:26:53,038][flwr][DEBUG] - fit_round 51 received 10 results and 0 failures
[2024-05-30 22:26:53,432][flwr][INFO] - fit progress: (51, 23.476551212370396, {'accuracy': 0.9179}, 70.8417046717368)
[2024-05-30 22:26:53,433][flwr][DEBUG] - evaluate_round 51: strategy sampled 1 clients (out of 50)
[2024-05-30 22:26:53,604][flwr][DEBUG] - evaluate_round 51 received 1 results and 0 failures
[2024-05-30 22:26:53,604][flwr][DEBUG] - fit_round 52: strategy sampled 10 clients (out of 50)
[2024-05-30 22:26:54,337][flwr][DEBUG] - fit_round 52 received 10 results and 0 failures
[2024-05-30 22:26:54,731][flwr][INFO] - fit progress: (52, 23.133894938975573, {'accuracy': 0.9194}, 72.14038247196004)
[2024-05-30 22:26:54,731][flwr][DEBUG] - evaluate_round 52: strategy sampled 1 clients (out of 50)
[2024-05-30 22:26:54,903][flwr][DEBUG] - evaluate_round 52 received 1 results and 0 failures
[2024-05-30 22:26:54,903][flwr][DEBUG] - fit_round 53: strategy sampled 10 clients (out of 50)
[2024-05-30 22:26:55,626][flwr][DEBUG] - fit_round 53 received 10 results and 0 failures
[2024-05-30 22:26:56,019][flwr][INFO] - fit progress: (53, 22.944282334297895, {'accuracy': 0.9192}, 73.42825698992237)
[2024-05-30 22:26:56,019][flwr][DEBUG] - evaluate_round 53: strategy sampled 1 clients (out of 50)
[2024-05-30 22:26:56,194][flwr][DEBUG] - evaluate_round 53 received 1 results and 0 failures
[2024-05-30 22:26:56,194][flwr][DEBUG] - fit_round 54: strategy sampled 10 clients (out of 50)
[2024-05-30 22:26:56,947][flwr][DEBUG] - fit_round 54 received 10 results and 0 failures
[2024-05-30 22:26:57,352][flwr][INFO] - fit progress: (54, 22.650829385966063, {'accuracy': 0.921}, 74.76161139970645)
[2024-05-30 22:26:57,352][flwr][DEBUG] - evaluate_round 54: strategy sampled 1 clients (out of 50)
[2024-05-30 22:26:57,519][flwr][DEBUG] - evaluate_round 54 received 1 results and 0 failures
[2024-05-30 22:26:57,519][flwr][DEBUG] - fit_round 55: strategy sampled 10 clients (out of 50)
[2024-05-30 22:26:58,259][flwr][DEBUG] - fit_round 55 received 10 results and 0 failures
[2024-05-30 22:26:58,654][flwr][INFO] - fit progress: (55, 22.39121439680457, {'accuracy': 0.92}, 76.06351805804297)
[2024-05-30 22:26:58,654][flwr][DEBUG] - evaluate_round 55: strategy sampled 1 clients (out of 50)
[2024-05-30 22:26:58,794][flwr][DEBUG] - evaluate_round 55 received 1 results and 0 failures
[2024-05-30 22:26:58,794][flwr][DEBUG] - fit_round 56: strategy sampled 10 clients (out of 50)
[2024-05-30 22:26:59,550][flwr][DEBUG] - fit_round 56 received 10 results and 0 failures
[2024-05-30 22:26:59,956][flwr][INFO] - fit progress: (56, 22.146265633404255, {'accuracy': 0.9211}, 77.36515386076644)
[2024-05-30 22:26:59,956][flwr][DEBUG] - evaluate_round 56: strategy sampled 1 clients (out of 50)
[2024-05-30 22:27:00,128][flwr][DEBUG] - evaluate_round 56 received 1 results and 0 failures
[2024-05-30 22:27:00,128][flwr][DEBUG] - fit_round 57: strategy sampled 10 clients (out of 50)
[2024-05-30 22:27:00,848][flwr][DEBUG] - fit_round 57 received 10 results and 0 failures
[2024-05-30 22:27:01,237][flwr][INFO] - fit progress: (57, 21.928213965147734, {'accuracy': 0.9225}, 78.64634488290176)
[2024-05-30 22:27:01,237][flwr][DEBUG] - evaluate_round 57: strategy sampled 1 clients (out of 50)
[2024-05-30 22:27:01,412][flwr][DEBUG] - evaluate_round 57 received 1 results and 0 failures
[2024-05-30 22:27:01,412][flwr][DEBUG] - fit_round 58: strategy sampled 10 clients (out of 50)
[2024-05-30 22:27:02,185][flwr][DEBUG] - fit_round 58 received 10 results and 0 failures
[2024-05-30 22:27:02,589][flwr][INFO] - fit progress: (58, 21.752912297844887, {'accuracy': 0.9245}, 79.99854548182338)
[2024-05-30 22:27:02,589][flwr][DEBUG] - evaluate_round 58: strategy sampled 1 clients (out of 50)
[2024-05-30 22:27:02,771][flwr][DEBUG] - evaluate_round 58 received 1 results and 0 failures
[2024-05-30 22:27:02,771][flwr][DEBUG] - fit_round 59: strategy sampled 10 clients (out of 50)
[2024-05-30 22:27:03,479][flwr][DEBUG] - fit_round 59 received 10 results and 0 failures
[2024-05-30 22:27:03,883][flwr][INFO] - fit progress: (59, 21.489411503076553, {'accuracy': 0.9229}, 81.2919627930969)
[2024-05-30 22:27:03,883][flwr][DEBUG] - evaluate_round 59: strategy sampled 1 clients (out of 50)
[2024-05-30 22:27:04,025][flwr][DEBUG] - evaluate_round 59 received 1 results and 0 failures
[2024-05-30 22:27:04,025][flwr][DEBUG] - fit_round 60: strategy sampled 10 clients (out of 50)
[2024-05-30 22:27:04,737][flwr][DEBUG] - fit_round 60 received 10 results and 0 failures
[2024-05-30 22:27:05,130][flwr][INFO] - fit progress: (60, 21.373919997364283, {'accuracy': 0.9246}, 82.53914098674431)
[2024-05-30 22:27:05,130][flwr][DEBUG] - evaluate_round 60: strategy sampled 1 clients (out of 50)
[2024-05-30 22:27:05,299][flwr][DEBUG] - evaluate_round 60 received 1 results and 0 failures
[2024-05-30 22:27:05,299][flwr][DEBUG] - fit_round 61: strategy sampled 10 clients (out of 50)
[2024-05-30 22:27:06,065][flwr][DEBUG] - fit_round 61 received 10 results and 0 failures
[2024-05-30 22:27:06,457][flwr][INFO] - fit progress: (61, 21.123396322131157, {'accuracy': 0.9257}, 83.86626937799156)
[2024-05-30 22:27:06,457][flwr][DEBUG] - evaluate_round 61: strategy sampled 1 clients (out of 50)
[2024-05-30 22:27:06,637][flwr][DEBUG] - evaluate_round 61 received 1 results and 0 failures
[2024-05-30 22:27:06,638][flwr][DEBUG] - fit_round 62: strategy sampled 10 clients (out of 50)
[2024-05-30 22:27:07,368][flwr][DEBUG] - fit_round 62 received 10 results and 0 failures
[2024-05-30 22:27:07,763][flwr][INFO] - fit progress: (62, 20.85209591127932, {'accuracy': 0.9249}, 85.17263267794624)
[2024-05-30 22:27:07,764][flwr][DEBUG] - evaluate_round 62: strategy sampled 1 clients (out of 50)
[2024-05-30 22:27:07,951][flwr][DEBUG] - evaluate_round 62 received 1 results and 0 failures
[2024-05-30 22:27:07,951][flwr][DEBUG] - fit_round 63: strategy sampled 10 clients (out of 50)
[2024-05-30 22:27:08,645][flwr][DEBUG] - fit_round 63 received 10 results and 0 failures
[2024-05-30 22:27:09,036][flwr][INFO] - fit progress: (63, 20.742565371096134, {'accuracy': 0.9277}, 86.44482254702598)
[2024-05-30 22:27:09,036][flwr][DEBUG] - evaluate_round 63: strategy sampled 1 clients (out of 50)
[2024-05-30 22:27:09,181][flwr][DEBUG] - evaluate_round 63 received 1 results and 0 failures
[2024-05-30 22:27:09,181][flwr][DEBUG] - fit_round 64: strategy sampled 10 clients (out of 50)
[2024-05-30 22:27:09,969][flwr][DEBUG] - fit_round 64 received 10 results and 0 failures
[2024-05-30 22:27:10,361][flwr][INFO] - fit progress: (64, 20.513885529711843, {'accuracy': 0.9268}, 87.7700979989022)
[2024-05-30 22:27:10,361][flwr][DEBUG] - evaluate_round 64: strategy sampled 1 clients (out of 50)
[2024-05-30 22:27:10,543][flwr][DEBUG] - evaluate_round 64 received 1 results and 0 failures
[2024-05-30 22:27:10,543][flwr][DEBUG] - fit_round 65: strategy sampled 10 clients (out of 50)
[2024-05-30 22:27:11,286][flwr][DEBUG] - fit_round 65 received 10 results and 0 failures
[2024-05-30 22:27:11,683][flwr][INFO] - fit progress: (65, 20.336776345968246, {'accuracy': 0.9274}, 89.09187296684831)
[2024-05-30 22:27:11,683][flwr][DEBUG] - evaluate_round 65: strategy sampled 1 clients (out of 50)
[2024-05-30 22:27:11,850][flwr][DEBUG] - evaluate_round 65 received 1 results and 0 failures
[2024-05-30 22:27:11,850][flwr][DEBUG] - fit_round 66: strategy sampled 10 clients (out of 50)
[2024-05-30 22:27:12,630][flwr][DEBUG] - fit_round 66 received 10 results and 0 failures
[2024-05-30 22:27:13,017][flwr][INFO] - fit progress: (66, 20.192334098741412, {'accuracy': 0.9278}, 90.42599007301033)
[2024-05-30 22:27:13,017][flwr][DEBUG] - evaluate_round 66: strategy sampled 1 clients (out of 50)
[2024-05-30 22:27:13,192][flwr][DEBUG] - evaluate_round 66 received 1 results and 0 failures
[2024-05-30 22:27:13,192][flwr][DEBUG] - fit_round 67: strategy sampled 10 clients (out of 50)
[2024-05-30 22:27:13,926][flwr][DEBUG] - fit_round 67 received 10 results and 0 failures
[2024-05-30 22:27:14,314][flwr][INFO] - fit progress: (67, 20.01193336956203, {'accuracy': 0.9289}, 91.7232061540708)
[2024-05-30 22:27:14,314][flwr][DEBUG] - evaluate_round 67: strategy sampled 1 clients (out of 50)
[2024-05-30 22:27:14,482][flwr][DEBUG] - evaluate_round 67 received 1 results and 0 failures
[2024-05-30 22:27:14,482][flwr][DEBUG] - fit_round 68: strategy sampled 10 clients (out of 50)
[2024-05-30 22:27:15,244][flwr][DEBUG] - fit_round 68 received 10 results and 0 failures
[2024-05-30 22:27:15,644][flwr][INFO] - fit progress: (68, 19.858311088755727, {'accuracy': 0.929}, 93.05295764282346)
[2024-05-30 22:27:15,644][flwr][DEBUG] - evaluate_round 68: strategy sampled 1 clients (out of 50)
[2024-05-30 22:27:15,786][flwr][DEBUG] - evaluate_round 68 received 1 results and 0 failures
[2024-05-30 22:27:15,786][flwr][DEBUG] - fit_round 69: strategy sampled 10 clients (out of 50)
[2024-05-30 22:27:16,506][flwr][DEBUG] - fit_round 69 received 10 results and 0 failures
[2024-05-30 22:27:16,905][flwr][INFO] - fit progress: (69, 19.61636931449175, {'accuracy': 0.93}, 94.31379680195823)
[2024-05-30 22:27:16,905][flwr][DEBUG] - evaluate_round 69: strategy sampled 1 clients (out of 50)
[2024-05-30 22:27:17,045][flwr][DEBUG] - evaluate_round 69 received 1 results and 0 failures
[2024-05-30 22:27:17,046][flwr][DEBUG] - fit_round 70: strategy sampled 10 clients (out of 50)
[2024-05-30 22:27:17,823][flwr][DEBUG] - fit_round 70 received 10 results and 0 failures
[2024-05-30 22:27:18,212][flwr][INFO] - fit progress: (70, 19.456940595060587, {'accuracy': 0.9301}, 95.62083165394142)
[2024-05-30 22:27:18,212][flwr][DEBUG] - evaluate_round 70: strategy sampled 1 clients (out of 50)
[2024-05-30 22:27:18,391][flwr][DEBUG] - evaluate_round 70 received 1 results and 0 failures
[2024-05-30 22:27:18,391][flwr][DEBUG] - fit_round 71: strategy sampled 10 clients (out of 50)
[2024-05-30 22:27:19,138][flwr][DEBUG] - fit_round 71 received 10 results and 0 failures
[2024-05-30 22:27:19,538][flwr][INFO] - fit progress: (71, 19.25692030414939, {'accuracy': 0.9308}, 96.94724280573428)
[2024-05-30 22:27:19,538][flwr][DEBUG] - evaluate_round 71: strategy sampled 1 clients (out of 50)
[2024-05-30 22:27:19,684][flwr][DEBUG] - evaluate_round 71 received 1 results and 0 failures
[2024-05-30 22:27:19,684][flwr][DEBUG] - fit_round 72: strategy sampled 10 clients (out of 50)
[2024-05-30 22:27:20,432][flwr][DEBUG] - fit_round 72 received 10 results and 0 failures
[2024-05-30 22:27:20,825][flwr][INFO] - fit progress: (72, 19.078292977064848, {'accuracy': 0.931}, 98.23382776696235)
[2024-05-30 22:27:20,825][flwr][DEBUG] - evaluate_round 72: strategy sampled 1 clients (out of 50)
[2024-05-30 22:27:20,999][flwr][DEBUG] - evaluate_round 72 received 1 results and 0 failures
[2024-05-30 22:27:20,999][flwr][DEBUG] - fit_round 73: strategy sampled 10 clients (out of 50)
[2024-05-30 22:27:21,770][flwr][DEBUG] - fit_round 73 received 10 results and 0 failures
[2024-05-30 22:27:22,159][flwr][INFO] - fit progress: (73, 19.015561632812023, {'accuracy': 0.9318}, 99.56835040589795)
[2024-05-30 22:27:22,159][flwr][DEBUG] - evaluate_round 73: strategy sampled 1 clients (out of 50)
[2024-05-30 22:27:22,294][flwr][DEBUG] - evaluate_round 73 received 1 results and 0 failures
[2024-05-30 22:27:22,294][flwr][DEBUG] - fit_round 74: strategy sampled 10 clients (out of 50)
[2024-05-30 22:27:22,996][flwr][DEBUG] - fit_round 74 received 10 results and 0 failures
[2024-05-30 22:27:23,392][flwr][INFO] - fit progress: (74, 18.731402423232794, {'accuracy': 0.9329}, 100.80117017403245)
[2024-05-30 22:27:23,392][flwr][DEBUG] - evaluate_round 74: strategy sampled 1 clients (out of 50)
[2024-05-30 22:27:23,558][flwr][DEBUG] - evaluate_round 74 received 1 results and 0 failures
[2024-05-30 22:27:23,558][flwr][DEBUG] - fit_round 75: strategy sampled 10 clients (out of 50)
[2024-05-30 22:27:24,291][flwr][DEBUG] - fit_round 75 received 10 results and 0 failures
[2024-05-30 22:27:24,691][flwr][INFO] - fit progress: (75, 18.60608046501875, {'accuracy': 0.9326}, 102.10050394106656)
[2024-05-30 22:27:24,691][flwr][DEBUG] - evaluate_round 75: strategy sampled 1 clients (out of 50)
[2024-05-30 22:27:24,862][flwr][DEBUG] - evaluate_round 75 received 1 results and 0 failures
[2024-05-30 22:27:24,862][flwr][DEBUG] - fit_round 76: strategy sampled 10 clients (out of 50)
[2024-05-30 22:27:25,569][flwr][DEBUG] - fit_round 76 received 10 results and 0 failures
[2024-05-30 22:27:25,961][flwr][INFO] - fit progress: (76, 18.391904367133975, {'accuracy': 0.9322}, 103.37010420300066)
[2024-05-30 22:27:25,961][flwr][DEBUG] - evaluate_round 76: strategy sampled 1 clients (out of 50)
[2024-05-30 22:27:26,132][flwr][DEBUG] - evaluate_round 76 received 1 results and 0 failures
[2024-05-30 22:27:26,132][flwr][DEBUG] - fit_round 77: strategy sampled 10 clients (out of 50)
[2024-05-30 22:27:26,829][flwr][DEBUG] - fit_round 77 received 10 results and 0 failures
[2024-05-30 22:27:27,226][flwr][INFO] - fit progress: (77, 18.285696044564247, {'accuracy': 0.9333}, 104.63570708781481)
[2024-05-30 22:27:27,227][flwr][DEBUG] - evaluate_round 77: strategy sampled 1 clients (out of 50)
[2024-05-30 22:27:27,364][flwr][DEBUG] - evaluate_round 77 received 1 results and 0 failures
[2024-05-30 22:27:27,364][flwr][DEBUG] - fit_round 78: strategy sampled 10 clients (out of 50)
[2024-05-30 22:27:28,095][flwr][DEBUG] - fit_round 78 received 10 results and 0 failures
[2024-05-30 22:27:28,493][flwr][INFO] - fit progress: (78, 18.08496207371354, {'accuracy': 0.9339}, 105.90241389768198)
[2024-05-30 22:27:28,493][flwr][DEBUG] - evaluate_round 78: strategy sampled 1 clients (out of 50)
[2024-05-30 22:27:28,671][flwr][DEBUG] - evaluate_round 78 received 1 results and 0 failures
[2024-05-30 22:27:28,671][flwr][DEBUG] - fit_round 79: strategy sampled 10 clients (out of 50)
[2024-05-30 22:27:29,452][flwr][DEBUG] - fit_round 79 received 10 results and 0 failures
[2024-05-30 22:27:29,855][flwr][INFO] - fit progress: (79, 17.94943401403725, {'accuracy': 0.9337}, 107.264426948037)
[2024-05-30 22:27:29,855][flwr][DEBUG] - evaluate_round 79: strategy sampled 1 clients (out of 50)
[2024-05-30 22:27:30,006][flwr][DEBUG] - evaluate_round 79 received 1 results and 0 failures
[2024-05-30 22:27:30,006][flwr][DEBUG] - fit_round 80: strategy sampled 10 clients (out of 50)
[2024-05-30 22:27:30,721][flwr][DEBUG] - fit_round 80 received 10 results and 0 failures
[2024-05-30 22:27:31,108][flwr][INFO] - fit progress: (80, 17.881440553814173, {'accuracy': 0.934}, 108.51776038575917)
[2024-05-30 22:27:31,109][flwr][DEBUG] - evaluate_round 80: strategy sampled 1 clients (out of 50)
[2024-05-30 22:27:31,248][flwr][DEBUG] - evaluate_round 80 received 1 results and 0 failures
[2024-05-30 22:27:31,248][flwr][DEBUG] - fit_round 81: strategy sampled 10 clients (out of 50)
[2024-05-30 22:27:31,994][flwr][DEBUG] - fit_round 81 received 10 results and 0 failures
[2024-05-30 22:27:32,378][flwr][INFO] - fit progress: (81, 17.810110311955214, {'accuracy': 0.9358}, 109.78765613678843)
[2024-05-30 22:27:32,379][flwr][DEBUG] - evaluate_round 81: strategy sampled 1 clients (out of 50)
[2024-05-30 22:27:32,555][flwr][DEBUG] - evaluate_round 81 received 1 results and 0 failures
[2024-05-30 22:27:32,555][flwr][DEBUG] - fit_round 82: strategy sampled 10 clients (out of 50)
[2024-05-30 22:27:33,253][flwr][DEBUG] - fit_round 82 received 10 results and 0 failures
[2024-05-30 22:27:33,653][flwr][INFO] - fit progress: (82, 17.61145377345383, {'accuracy': 0.9349}, 111.06269872095436)
[2024-05-30 22:27:33,654][flwr][DEBUG] - evaluate_round 82: strategy sampled 1 clients (out of 50)
[2024-05-30 22:27:33,822][flwr][DEBUG] - evaluate_round 82 received 1 results and 0 failures
[2024-05-30 22:27:33,822][flwr][DEBUG] - fit_round 83: strategy sampled 10 clients (out of 50)
[2024-05-30 22:27:34,553][flwr][DEBUG] - fit_round 83 received 10 results and 0 failures
[2024-05-30 22:27:34,940][flwr][INFO] - fit progress: (83, 17.527223052456975, {'accuracy': 0.9367}, 112.3493037559092)
[2024-05-30 22:27:34,940][flwr][DEBUG] - evaluate_round 83: strategy sampled 1 clients (out of 50)
[2024-05-30 22:27:35,113][flwr][DEBUG] - evaluate_round 83 received 1 results and 0 failures
[2024-05-30 22:27:35,114][flwr][DEBUG] - fit_round 84: strategy sampled 10 clients (out of 50)
[2024-05-30 22:27:35,829][flwr][DEBUG] - fit_round 84 received 10 results and 0 failures
[2024-05-30 22:27:36,225][flwr][INFO] - fit progress: (84, 17.303271738812327, {'accuracy': 0.9375}, 113.63424380589277)
[2024-05-30 22:27:36,225][flwr][DEBUG] - evaluate_round 84: strategy sampled 1 clients (out of 50)
[2024-05-30 22:27:36,389][flwr][DEBUG] - evaluate_round 84 received 1 results and 0 failures
[2024-05-30 22:27:36,389][flwr][DEBUG] - fit_round 85: strategy sampled 10 clients (out of 50)
[2024-05-30 22:27:37,133][flwr][DEBUG] - fit_round 85 received 10 results and 0 failures
[2024-05-30 22:27:37,526][flwr][INFO] - fit progress: (85, 17.2879357393831, {'accuracy': 0.937}, 114.93542124284431)
[2024-05-30 22:27:37,526][flwr][DEBUG] - evaluate_round 85: strategy sampled 1 clients (out of 50)
[2024-05-30 22:27:37,674][flwr][DEBUG] - evaluate_round 85 received 1 results and 0 failures
[2024-05-30 22:27:37,674][flwr][DEBUG] - fit_round 86: strategy sampled 10 clients (out of 50)
[2024-05-30 22:27:38,411][flwr][DEBUG] - fit_round 86 received 10 results and 0 failures
[2024-05-30 22:27:38,808][flwr][INFO] - fit progress: (86, 17.06283911317587, {'accuracy': 0.9371}, 116.21701322169974)
[2024-05-30 22:27:38,808][flwr][DEBUG] - evaluate_round 86: strategy sampled 1 clients (out of 50)
[2024-05-30 22:27:38,983][flwr][DEBUG] - evaluate_round 86 received 1 results and 0 failures
[2024-05-30 22:27:38,983][flwr][DEBUG] - fit_round 87: strategy sampled 10 clients (out of 50)
[2024-05-30 22:27:39,723][flwr][DEBUG] - fit_round 87 received 10 results and 0 failures
[2024-05-30 22:27:40,120][flwr][INFO] - fit progress: (87, 16.900234673172235, {'accuracy': 0.9375}, 117.52920543774962)
[2024-05-30 22:27:40,120][flwr][DEBUG] - evaluate_round 87: strategy sampled 1 clients (out of 50)
[2024-05-30 22:27:40,283][flwr][DEBUG] - evaluate_round 87 received 1 results and 0 failures
[2024-05-30 22:27:40,283][flwr][DEBUG] - fit_round 88: strategy sampled 10 clients (out of 50)
[2024-05-30 22:27:41,042][flwr][DEBUG] - fit_round 88 received 10 results and 0 failures
[2024-05-30 22:27:41,431][flwr][INFO] - fit progress: (88, 16.842688208445907, {'accuracy': 0.9379}, 118.84026324702427)
[2024-05-30 22:27:41,431][flwr][DEBUG] - evaluate_round 88: strategy sampled 1 clients (out of 50)
[2024-05-30 22:27:41,608][flwr][DEBUG] - evaluate_round 88 received 1 results and 0 failures
[2024-05-30 22:27:41,608][flwr][DEBUG] - fit_round 89: strategy sampled 10 clients (out of 50)
[2024-05-30 22:27:42,353][flwr][DEBUG] - fit_round 89 received 10 results and 0 failures
[2024-05-30 22:27:42,742][flwr][INFO] - fit progress: (89, 16.68296038545668, {'accuracy': 0.9395}, 120.1511009586975)
[2024-05-30 22:27:42,742][flwr][DEBUG] - evaluate_round 89: strategy sampled 1 clients (out of 50)
[2024-05-30 22:27:42,905][flwr][DEBUG] - evaluate_round 89 received 1 results and 0 failures
[2024-05-30 22:27:42,905][flwr][DEBUG] - fit_round 90: strategy sampled 10 clients (out of 50)
[2024-05-30 22:27:43,646][flwr][DEBUG] - fit_round 90 received 10 results and 0 failures
[2024-05-30 22:27:44,046][flwr][INFO] - fit progress: (90, 16.557841388508677, {'accuracy': 0.9385}, 121.45565918879583)
[2024-05-30 22:27:44,047][flwr][DEBUG] - evaluate_round 90: strategy sampled 1 clients (out of 50)
[2024-05-30 22:27:44,218][flwr][DEBUG] - evaluate_round 90 received 1 results and 0 failures
[2024-05-30 22:27:44,218][flwr][DEBUG] - fit_round 91: strategy sampled 10 clients (out of 50)
[2024-05-30 22:27:44,935][flwr][DEBUG] - fit_round 91 received 10 results and 0 failures
[2024-05-30 22:27:45,332][flwr][INFO] - fit progress: (91, 16.44728822633624, {'accuracy': 0.9394}, 122.74114150879905)
[2024-05-30 22:27:45,332][flwr][DEBUG] - evaluate_round 91: strategy sampled 1 clients (out of 50)
[2024-05-30 22:27:45,500][flwr][DEBUG] - evaluate_round 91 received 1 results and 0 failures
[2024-05-30 22:27:45,500][flwr][DEBUG] - fit_round 92: strategy sampled 10 clients (out of 50)
[2024-05-30 22:27:46,224][flwr][DEBUG] - fit_round 92 received 10 results and 0 failures
[2024-05-30 22:27:46,625][flwr][INFO] - fit progress: (92, 16.32632315158844, {'accuracy': 0.9394}, 124.03443064913154)
[2024-05-30 22:27:46,625][flwr][DEBUG] - evaluate_round 92: strategy sampled 1 clients (out of 50)
[2024-05-30 22:27:46,807][flwr][DEBUG] - evaluate_round 92 received 1 results and 0 failures
[2024-05-30 22:27:46,807][flwr][DEBUG] - fit_round 93: strategy sampled 10 clients (out of 50)
[2024-05-30 22:27:47,546][flwr][DEBUG] - fit_round 93 received 10 results and 0 failures
[2024-05-30 22:27:47,940][flwr][INFO] - fit progress: (93, 16.135836200788617, {'accuracy': 0.9413}, 125.34904003981501)
[2024-05-30 22:27:47,940][flwr][DEBUG] - evaluate_round 93: strategy sampled 1 clients (out of 50)
[2024-05-30 22:27:48,113][flwr][DEBUG] - evaluate_round 93 received 1 results and 0 failures
[2024-05-30 22:27:48,113][flwr][DEBUG] - fit_round 94: strategy sampled 10 clients (out of 50)
[2024-05-30 22:27:48,852][flwr][DEBUG] - fit_round 94 received 10 results and 0 failures
[2024-05-30 22:27:49,244][flwr][INFO] - fit progress: (94, 16.01949556544423, {'accuracy': 0.9404}, 126.65347095485777)
[2024-05-30 22:27:49,244][flwr][DEBUG] - evaluate_round 94: strategy sampled 1 clients (out of 50)
[2024-05-30 22:27:49,416][flwr][DEBUG] - evaluate_round 94 received 1 results and 0 failures
[2024-05-30 22:27:49,416][flwr][DEBUG] - fit_round 95: strategy sampled 10 clients (out of 50)
[2024-05-30 22:27:50,133][flwr][DEBUG] - fit_round 95 received 10 results and 0 failures
[2024-05-30 22:27:50,536][flwr][INFO] - fit progress: (95, 16.059130784124136, {'accuracy': 0.9403}, 127.94482059311122)
[2024-05-30 22:27:50,536][flwr][DEBUG] - evaluate_round 95: strategy sampled 1 clients (out of 50)
[2024-05-30 22:27:50,712][flwr][DEBUG] - evaluate_round 95 received 1 results and 0 failures
[2024-05-30 22:27:50,712][flwr][DEBUG] - fit_round 96: strategy sampled 10 clients (out of 50)
[2024-05-30 22:27:51,465][flwr][DEBUG] - fit_round 96 received 10 results and 0 failures
[2024-05-30 22:27:51,860][flwr][INFO] - fit progress: (96, 15.88821115065366, {'accuracy': 0.9423}, 129.2694994127378)
[2024-05-30 22:27:51,860][flwr][DEBUG] - evaluate_round 96: strategy sampled 1 clients (out of 50)
[2024-05-30 22:27:52,039][flwr][DEBUG] - evaluate_round 96 received 1 results and 0 failures
[2024-05-30 22:27:52,039][flwr][DEBUG] - fit_round 97: strategy sampled 10 clients (out of 50)
[2024-05-30 22:27:52,766][flwr][DEBUG] - fit_round 97 received 10 results and 0 failures
[2024-05-30 22:27:53,157][flwr][INFO] - fit progress: (97, 15.702396197244525, {'accuracy': 0.9419}, 130.56668110610917)
[2024-05-30 22:27:53,158][flwr][DEBUG] - evaluate_round 97: strategy sampled 1 clients (out of 50)
[2024-05-30 22:27:53,310][flwr][DEBUG] - evaluate_round 97 received 1 results and 0 failures
[2024-05-30 22:27:53,311][flwr][DEBUG] - fit_round 98: strategy sampled 10 clients (out of 50)
[2024-05-30 22:27:54,034][flwr][DEBUG] - fit_round 98 received 10 results and 0 failures
[2024-05-30 22:27:54,431][flwr][INFO] - fit progress: (98, 15.639969255775213, {'accuracy': 0.9426}, 131.84013130702078)
[2024-05-30 22:27:54,431][flwr][DEBUG] - evaluate_round 98: strategy sampled 1 clients (out of 50)
[2024-05-30 22:27:54,601][flwr][DEBUG] - evaluate_round 98 received 1 results and 0 failures
[2024-05-30 22:27:54,601][flwr][DEBUG] - fit_round 99: strategy sampled 10 clients (out of 50)
[2024-05-30 22:27:55,380][flwr][DEBUG] - fit_round 99 received 10 results and 0 failures
[2024-05-30 22:27:55,774][flwr][INFO] - fit progress: (99, 15.511868759989738, {'accuracy': 0.9434}, 133.18298030784354)
[2024-05-30 22:27:55,774][flwr][DEBUG] - evaluate_round 99: strategy sampled 1 clients (out of 50)
[2024-05-30 22:27:55,939][flwr][DEBUG] - evaluate_round 99 received 1 results and 0 failures
[2024-05-30 22:27:55,939][flwr][DEBUG] - fit_round 100: strategy sampled 10 clients (out of 50)
[2024-05-30 22:27:56,649][flwr][DEBUG] - fit_round 100 received 10 results and 0 failures
[2024-05-30 22:27:57,043][flwr][INFO] - fit progress: (100, 15.369721445254982, {'accuracy': 0.9431}, 134.45266236690804)
[2024-05-30 22:27:57,044][flwr][DEBUG] - evaluate_round 100: strategy sampled 1 clients (out of 50)
[2024-05-30 22:27:57,202][flwr][DEBUG] - evaluate_round 100 received 1 results and 0 failures
[2024-05-30 22:27:57,202][flwr][INFO] - FL finished in 134.61100118979812
[2024-05-30 22:27:57,202][flwr][INFO] - app_fit: losses_distributed [(1, 11.242266178131104), (2, 10.92826533317566), (3, 10.49936032295227), (4, 10.200742959976196), (5, 9.796167016029358), (6, 9.223318338394165), (7, 9.053284764289856), (8, 8.2218759059906), (9, 7.629418611526489), (10, 7.620111346244812), (11, 6.764479756355286), (12, 6.27872908115387), (13, 6.093457341194153), (14, 5.093820214271545), (15, 5.173287630081177), (16, 4.2539873123168945), (17, 4.292789161205292), (18, 3.9668807983398438), (19, 3.6986965239048004), (20, 4.064351797103882), (21, 3.5447168350219727), (22, 3.1728400588035583), (23, 2.6222836673259735), (24, 2.5279785692691803), (25, 2.7840148508548737), (26, 2.5623776614665985), (27, 2.4408073723316193), (28, 2.716950535774231), (29, 2.789354592561722), (30, 2.165160149335861), (31, 2.6709544956684113), (32, 2.54396852850914), (33, 1.9145821928977966), (34, 2.9201347529888153), (35, 2.0457252860069275), (36, 1.5952828228473663), (37, 1.931063249707222), (38, 1.727418690919876), (39, 1.8399912863969803), (40, 1.8275254517793655), (41, 1.500350758433342), (42, 2.7291946709156036), (43, 1.5038892328739166), (44, 1.7260259687900543), (45, 1.8178183138370514), (46, 1.6849265396595001), (47, 2.5092639923095703), (48, 2.136263906955719), (49, 2.024826854467392), (50, 1.848126858472824), (51, 1.8082764148712158), (52, 1.570992350578308), (53, 1.320376768708229), (54, 1.1891489326953888), (55, 1.174939125776291), (56, 1.0737039521336555), (57, 1.197933241724968), (58, 1.4839154779911041), (59, 1.5547427833080292), (60, 1.139812432229519), (61, 1.3312575072050095), (62, 0.991729810833931), (63, 1.2661394029855728), (64, 1.6237259060144424), (65, 1.1498720347881317), (66, 1.3110539838671684), (67, 1.0327686965465546), (68, 1.4335621744394302), (69, 1.0552109852433205), (70, 1.2168491184711456), (71, 1.8668314069509506), (72, 1.767115443944931), (73, 1.3027570992708206), (74, 0.8464282229542732), (75, 0.8458631336688995), (76, 1.3723396360874176), (77, 1.0815729945898056), (78, 2.085180029273033), (79, 1.515653744339943), (80, 0.9394134916365147), (81, 1.3657408133149147), (82, 1.1195748150348663), (83, 1.6031954661011696), (84, 1.137941837310791), (85, 0.8509618192911148), (86, 0.98924770206213), (87, 1.7583071738481522), (88, 1.045082189142704), (89, 1.001839343458414), (90, 1.00237575173378), (91, 1.4986402839422226), (92, 0.8611556515097618), (93, 1.2439288645982742), (94, 0.675493411719799), (95, 1.1254615038633347), (96, 0.9039030596613884), (97, 1.2890863306820393), (98, 1.1280646249651909), (99, 1.2125840708613396), (100, 0.9352858886122704)]
[2024-05-30 22:27:57,202][flwr][INFO] - app_fit: metrics_distributed_fit {}
[2024-05-30 22:27:57,202][flwr][INFO] - app_fit: metrics_distributed {}
[2024-05-30 22:27:57,202][flwr][INFO] - app_fit: losses_centralized [(0, 181.99169826507568), (1, 177.06310892105103), (2, 172.14235472679138), (3, 166.5975046157837), (4, 160.5708669424057), (5, 153.7599138021469), (6, 146.49379217624664), (7, 138.53087067604065), (8, 130.67533576488495), (9, 122.15037524700165), (10, 113.59597408771515), (11, 105.61340284347534), (12, 97.52491647005081), (13, 90.02251881361008), (14, 83.03585511445999), (15, 76.50760251283646), (16, 70.91625291109085), (17, 65.88824772834778), (18, 61.493414133787155), (19, 57.28361412882805), (20, 53.7041209936142), (21, 50.5340174138546), (22, 47.83656370639801), (23, 45.49601650238037), (24, 43.23565620183945), (25, 41.396455720067024), (26, 39.67368130385876), (27, 38.07815824449062), (28, 36.78027346730232), (29, 35.557435020804405), (30, 34.37121205031872), (31, 33.3706571161747), (32, 32.41578397154808), (33, 31.623843915760517), (34, 30.934771239757538), (35, 30.211999893188477), (36, 29.52287982404232), (37, 28.98330793529749), (38, 28.404815211892128), (39, 27.8219106644392), (40, 27.41285252571106), (41, 26.8454345241189), (42, 26.521726295351982), (43, 26.053551521152258), (44, 25.701720032840967), (45, 25.36586181074381), (46, 25.00806139037013), (47, 24.621313638985157), (48, 24.25293120741844), (49, 23.930094119161367), (50, 23.73671544343233), (51, 23.476551212370396), (52, 23.133894938975573), (53, 22.944282334297895), (54, 22.650829385966063), (55, 22.39121439680457), (56, 22.146265633404255), (57, 21.928213965147734), (58, 21.752912297844887), (59, 21.489411503076553), (60, 21.373919997364283), (61, 21.123396322131157), (62, 20.85209591127932), (63, 20.742565371096134), (64, 20.513885529711843), (65, 20.336776345968246), (66, 20.192334098741412), (67, 20.01193336956203), (68, 19.858311088755727), (69, 19.61636931449175), (70, 19.456940595060587), (71, 19.25692030414939), (72, 19.078292977064848), (73, 19.015561632812023), (74, 18.731402423232794), (75, 18.60608046501875), (76, 18.391904367133975), (77, 18.285696044564247), (78, 18.08496207371354), (79, 17.94943401403725), (80, 17.881440553814173), (81, 17.810110311955214), (82, 17.61145377345383), (83, 17.527223052456975), (84, 17.303271738812327), (85, 17.2879357393831), (86, 17.06283911317587), (87, 16.900234673172235), (88, 16.842688208445907), (89, 16.68296038545668), (90, 16.557841388508677), (91, 16.44728822633624), (92, 16.32632315158844), (93, 16.135836200788617), (94, 16.01949556544423), (95, 16.059130784124136), (96, 15.88821115065366), (97, 15.702396197244525), (98, 15.639969255775213), (99, 15.511868759989738), (100, 15.369721445254982)]
[2024-05-30 22:27:57,202][flwr][INFO] - app_fit: metrics_centralized {'accuracy': [(0, 0.1305), (1, 0.3131), (2, 0.4736), (3, 0.5726), (4, 0.6394), (5, 0.7069), (6, 0.7352), (7, 0.7599), (8, 0.7737), (9, 0.7767), (10, 0.7906), (11, 0.8055), (12, 0.8111), (13, 0.8245), (14, 0.8354), (15, 0.8402), (16, 0.8516), (17, 0.8514), (18, 0.857), (19, 0.8639), (20, 0.8689), (21, 0.8738), (22, 0.8742), (23, 0.877), (24, 0.8807), (25, 0.885), (26, 0.8848), (27, 0.8869), (28, 0.8901), (29, 0.8917), (30, 0.8926), (31, 0.8942), (32, 0.8959), (33, 0.8972), (34, 0.8992), (35, 0.9), (36, 0.9002), (37, 0.9026), (38, 0.9032), (39, 0.9037), (40, 0.9049), (41, 0.9071), (42, 0.9083), (43, 0.9094), (44, 0.9108), (45, 0.9101), (46, 0.9136), (47, 0.9144), (48, 0.915), (49, 0.9168), (50, 0.9174), (51, 0.9179), (52, 0.9194), (53, 0.9192), (54, 0.921), (55, 0.92), (56, 0.9211), (57, 0.9225), (58, 0.9245), (59, 0.9229), (60, 0.9246), (61, 0.9257), (62, 0.9249), (63, 0.9277), (64, 0.9268), (65, 0.9274), (66, 0.9278), (67, 0.9289), (68, 0.929), (69, 0.93), (70, 0.9301), (71, 0.9308), (72, 0.931), (73, 0.9318), (74, 0.9329), (75, 0.9326), (76, 0.9322), (77, 0.9333), (78, 0.9339), (79, 0.9337), (80, 0.934), (81, 0.9358), (82, 0.9349), (83, 0.9367), (84, 0.9375), (85, 0.937), (86, 0.9371), (87, 0.9375), (88, 0.9379), (89, 0.9395), (90, 0.9385), (91, 0.9394), (92, 0.9394), (93, 0.9413), (94, 0.9404), (95, 0.9403), (96, 0.9423), (97, 0.9419), (98, 0.9426), (99, 0.9434), (100, 0.9431)]}
