[2024-05-29 17:38:13,810][flwr][INFO] - Starting Flower simulation, config: ServerConfig(num_rounds=100, round_timeout=None)
[2024-05-29 17:38:15,882][flwr][INFO] - Flower VCE: Ray initialized with resources: {'memory': 83184725402.0, 'node:172.17.34.3': 1.0, 'accelerator_type:G': 1.0, 'object_store_memory': 39936310886.0, 'CPU': 24.0, 'GPU': 2.0}
[2024-05-29 17:38:15,883][flwr][INFO] - Initializing global parameters
[2024-05-29 17:38:15,884][flwr][INFO] - Requesting initial parameters from one random client
[2024-05-29 17:38:17,116][flwr][INFO] - Received initial parameters from one random client
[2024-05-29 17:38:17,116][flwr][INFO] - Evaluating initial parameters
[2024-05-29 17:38:18,512][flwr][INFO] - initial parameters (loss, other metrics): 182.1307725906372, {'accuracy': 0.1291}
[2024-05-29 17:38:18,512][flwr][INFO] - FL starting
[2024-05-29 17:38:18,512][flwr][DEBUG] - fit_round 1: strategy sampled 10 clients (out of 50)
[2024-05-29 17:38:22,724][flwr][DEBUG] - fit_round 1 received 10 results and 0 failures
[2024-05-29 17:38:24,450][flwr][WARNING] - No fit_metrics_aggregation_fn provided
[2024-05-29 17:38:24,866][flwr][INFO] - fit progress: (1, 1118.2672853469849, {'accuracy': 0.7286}, 6.353493856731802)
[2024-05-29 17:38:24,866][flwr][DEBUG] - evaluate_round 1: strategy sampled 1 clients (out of 50)
[2024-05-29 17:38:25,143][flwr][DEBUG] - evaluate_round 1 received 1 results and 0 failures
[2024-05-29 17:38:25,144][flwr][WARNING] - No evaluate_metrics_aggregation_fn provided
[2024-05-29 17:38:25,144][flwr][DEBUG] - fit_round 2: strategy sampled 10 clients (out of 50)
[2024-05-29 17:38:27,006][flwr][DEBUG] - fit_round 2 received 10 results and 0 failures
[2024-05-29 17:38:29,143][flwr][INFO] - fit progress: (2, 158.02785082906485, {'accuracy': 0.8434}, 10.63128081196919)
[2024-05-29 17:38:29,143][flwr][DEBUG] - evaluate_round 2: strategy sampled 1 clients (out of 50)
[2024-05-29 17:38:29,416][flwr][DEBUG] - evaluate_round 2 received 1 results and 0 failures
[2024-05-29 17:38:29,416][flwr][DEBUG] - fit_round 3: strategy sampled 10 clients (out of 50)
[2024-05-29 17:38:31,195][flwr][DEBUG] - fit_round 3 received 10 results and 0 failures
[2024-05-29 17:38:33,321][flwr][INFO] - fit progress: (3, 169.86692161858082, {'accuracy': 0.8444}, 14.808857610914856)
[2024-05-29 17:38:33,321][flwr][DEBUG] - evaluate_round 3: strategy sampled 1 clients (out of 50)
[2024-05-29 17:38:33,625][flwr][DEBUG] - evaluate_round 3 received 1 results and 0 failures
[2024-05-29 17:38:33,626][flwr][DEBUG] - fit_round 4: strategy sampled 10 clients (out of 50)
[2024-05-29 17:38:35,581][flwr][DEBUG] - fit_round 4 received 10 results and 0 failures
[2024-05-29 17:38:37,707][flwr][INFO] - fit progress: (4, 224.07462406158447, {'accuracy': 0.84}, 19.194675700739026)
[2024-05-29 17:38:37,707][flwr][DEBUG] - evaluate_round 4: strategy sampled 1 clients (out of 50)
[2024-05-29 17:38:37,977][flwr][DEBUG] - evaluate_round 4 received 1 results and 0 failures
[2024-05-29 17:38:37,977][flwr][DEBUG] - fit_round 5: strategy sampled 10 clients (out of 50)
[2024-05-29 17:38:39,678][flwr][DEBUG] - fit_round 5 received 10 results and 0 failures
[2024-05-29 17:38:41,800][flwr][INFO] - fit progress: (5, 109.2644999846816, {'accuracy': 0.8802}, 23.287792752031237)
[2024-05-29 17:38:41,800][flwr][DEBUG] - evaluate_round 5: strategy sampled 1 clients (out of 50)
[2024-05-29 17:38:42,085][flwr][DEBUG] - evaluate_round 5 received 1 results and 0 failures
[2024-05-29 17:38:42,085][flwr][DEBUG] - fit_round 6: strategy sampled 10 clients (out of 50)
[2024-05-29 17:38:43,754][flwr][DEBUG] - fit_round 6 received 10 results and 0 failures
[2024-05-29 17:38:45,877][flwr][INFO] - fit progress: (6, 269.5038603544235, {'accuracy': 0.7812}, 27.36513079702854)
[2024-05-29 17:38:45,877][flwr][DEBUG] - evaluate_round 6: strategy sampled 1 clients (out of 50)
[2024-05-29 17:38:46,132][flwr][DEBUG] - evaluate_round 6 received 1 results and 0 failures
[2024-05-29 17:38:46,132][flwr][DEBUG] - fit_round 7: strategy sampled 10 clients (out of 50)
[2024-05-29 17:38:47,774][flwr][DEBUG] - fit_round 7 received 10 results and 0 failures
[2024-05-29 17:38:49,887][flwr][INFO] - fit progress: (7, 71.58941731322557, {'accuracy': 0.9043}, 31.375452355016023)
[2024-05-29 17:38:49,888][flwr][DEBUG] - evaluate_round 7: strategy sampled 1 clients (out of 50)
[2024-05-29 17:38:50,160][flwr][DEBUG] - evaluate_round 7 received 1 results and 0 failures
[2024-05-29 17:38:50,160][flwr][DEBUG] - fit_round 8: strategy sampled 10 clients (out of 50)
[2024-05-29 17:38:51,844][flwr][DEBUG] - fit_round 8 received 10 results and 0 failures
[2024-05-29 17:38:53,963][flwr][INFO] - fit progress: (8, 94.95555582456291, {'accuracy': 0.8954}, 35.45107118599117)
[2024-05-29 17:38:53,963][flwr][DEBUG] - evaluate_round 8: strategy sampled 1 clients (out of 50)
[2024-05-29 17:38:54,230][flwr][DEBUG] - evaluate_round 8 received 1 results and 0 failures
[2024-05-29 17:38:54,230][flwr][DEBUG] - fit_round 9: strategy sampled 10 clients (out of 50)
[2024-05-29 17:38:56,048][flwr][DEBUG] - fit_round 9 received 10 results and 0 failures
[2024-05-29 17:38:58,162][flwr][INFO] - fit progress: (9, 58.01378676109016, {'accuracy': 0.9149}, 39.64993436168879)
[2024-05-29 17:38:58,162][flwr][DEBUG] - evaluate_round 9: strategy sampled 1 clients (out of 50)
[2024-05-29 17:38:58,442][flwr][DEBUG] - evaluate_round 9 received 1 results and 0 failures
[2024-05-29 17:38:58,443][flwr][DEBUG] - fit_round 10: strategy sampled 10 clients (out of 50)
[2024-05-29 17:39:00,208][flwr][DEBUG] - fit_round 10 received 10 results and 0 failures
[2024-05-29 17:39:02,331][flwr][INFO] - fit progress: (10, 74.42254648171365, {'accuracy': 0.9041}, 43.818798393942416)
[2024-05-29 17:39:02,331][flwr][DEBUG] - evaluate_round 10: strategy sampled 1 clients (out of 50)
[2024-05-29 17:39:02,615][flwr][DEBUG] - evaluate_round 10 received 1 results and 0 failures
[2024-05-29 17:39:02,615][flwr][DEBUG] - fit_round 11: strategy sampled 10 clients (out of 50)
[2024-05-29 17:39:04,482][flwr][DEBUG] - fit_round 11 received 10 results and 0 failures
[2024-05-29 17:39:06,570][flwr][INFO] - fit progress: (11, 75.3628284484148, {'accuracy': 0.8994}, 48.05796609306708)
[2024-05-29 17:39:06,570][flwr][DEBUG] - evaluate_round 11: strategy sampled 1 clients (out of 50)
[2024-05-29 17:39:06,845][flwr][DEBUG] - evaluate_round 11 received 1 results and 0 failures
[2024-05-29 17:39:06,846][flwr][DEBUG] - fit_round 12: strategy sampled 10 clients (out of 50)
[2024-05-29 17:39:08,784][flwr][DEBUG] - fit_round 12 received 10 results and 0 failures
[2024-05-29 17:39:10,906][flwr][INFO] - fit progress: (12, 65.6339566175011, {'accuracy': 0.9023}, 52.39429217670113)
[2024-05-29 17:39:10,906][flwr][DEBUG] - evaluate_round 12: strategy sampled 1 clients (out of 50)
[2024-05-29 17:39:11,223][flwr][DEBUG] - evaluate_round 12 received 1 results and 0 failures
[2024-05-29 17:39:11,223][flwr][DEBUG] - fit_round 13: strategy sampled 10 clients (out of 50)
[2024-05-29 17:39:12,966][flwr][DEBUG] - fit_round 13 received 10 results and 0 failures
[2024-05-29 17:39:15,071][flwr][INFO] - fit progress: (13, 55.82973157882225, {'accuracy': 0.9174}, 56.55939490906894)
[2024-05-29 17:39:15,072][flwr][DEBUG] - evaluate_round 13: strategy sampled 1 clients (out of 50)
[2024-05-29 17:39:15,347][flwr][DEBUG] - evaluate_round 13 received 1 results and 0 failures
[2024-05-29 17:39:15,347][flwr][DEBUG] - fit_round 14: strategy sampled 10 clients (out of 50)
[2024-05-29 17:39:17,031][flwr][DEBUG] - fit_round 14 received 10 results and 0 failures
[2024-05-29 17:39:19,147][flwr][INFO] - fit progress: (14, 50.64536605110334, {'accuracy': 0.9204}, 60.634894378017634)
[2024-05-29 17:39:19,147][flwr][DEBUG] - evaluate_round 14: strategy sampled 1 clients (out of 50)
[2024-05-29 17:39:19,433][flwr][DEBUG] - evaluate_round 14 received 1 results and 0 failures
[2024-05-29 17:39:19,433][flwr][DEBUG] - fit_round 15: strategy sampled 10 clients (out of 50)
[2024-05-29 17:39:21,118][flwr][DEBUG] - fit_round 15 received 10 results and 0 failures
[2024-05-29 17:39:23,228][flwr][INFO] - fit progress: (15, 43.80499525181949, {'accuracy': 0.9191}, 64.71595199871808)
[2024-05-29 17:39:23,228][flwr][DEBUG] - evaluate_round 15: strategy sampled 1 clients (out of 50)
[2024-05-29 17:39:23,488][flwr][DEBUG] - evaluate_round 15 received 1 results and 0 failures
[2024-05-29 17:39:23,488][flwr][DEBUG] - fit_round 16: strategy sampled 10 clients (out of 50)
[2024-05-29 17:39:25,231][flwr][DEBUG] - fit_round 16 received 10 results and 0 failures
[2024-05-29 17:39:27,349][flwr][INFO] - fit progress: (16, 49.7420571395196, {'accuracy': 0.9221}, 68.83731298707426)
[2024-05-29 17:39:27,349][flwr][DEBUG] - evaluate_round 16: strategy sampled 1 clients (out of 50)
[2024-05-29 17:39:27,639][flwr][DEBUG] - evaluate_round 16 received 1 results and 0 failures
[2024-05-29 17:39:27,639][flwr][DEBUG] - fit_round 17: strategy sampled 10 clients (out of 50)
[2024-05-29 17:39:29,312][flwr][DEBUG] - fit_round 17 received 10 results and 0 failures
[2024-05-29 17:39:31,421][flwr][INFO] - fit progress: (17, 55.78745932265883, {'accuracy': 0.911}, 72.90878614177927)
[2024-05-29 17:39:31,421][flwr][DEBUG] - evaluate_round 17: strategy sampled 1 clients (out of 50)
[2024-05-29 17:39:31,695][flwr][DEBUG] - evaluate_round 17 received 1 results and 0 failures
[2024-05-29 17:39:31,696][flwr][DEBUG] - fit_round 18: strategy sampled 10 clients (out of 50)
[2024-05-29 17:39:33,421][flwr][DEBUG] - fit_round 18 received 10 results and 0 failures
[2024-05-29 17:39:35,540][flwr][INFO] - fit progress: (18, 49.70962371258065, {'accuracy': 0.921}, 77.02826297003776)
[2024-05-29 17:39:35,540][flwr][DEBUG] - evaluate_round 18: strategy sampled 1 clients (out of 50)
[2024-05-29 17:39:35,818][flwr][DEBUG] - evaluate_round 18 received 1 results and 0 failures
[2024-05-29 17:39:35,818][flwr][DEBUG] - fit_round 19: strategy sampled 10 clients (out of 50)
[2024-05-29 17:39:37,580][flwr][DEBUG] - fit_round 19 received 10 results and 0 failures
[2024-05-29 17:39:39,680][flwr][INFO] - fit progress: (19, 39.89365499975975, {'accuracy': 0.9306}, 81.16831729002297)
[2024-05-29 17:39:39,680][flwr][DEBUG] - evaluate_round 19: strategy sampled 1 clients (out of 50)
[2024-05-29 17:39:39,956][flwr][DEBUG] - evaluate_round 19 received 1 results and 0 failures
[2024-05-29 17:39:39,956][flwr][DEBUG] - fit_round 20: strategy sampled 10 clients (out of 50)
[2024-05-29 17:39:41,849][flwr][DEBUG] - fit_round 20 received 10 results and 0 failures
[2024-05-29 17:39:43,970][flwr][INFO] - fit progress: (20, 38.95421770343091, {'accuracy': 0.9267}, 85.45832735206932)
[2024-05-29 17:39:43,970][flwr][DEBUG] - evaluate_round 20: strategy sampled 1 clients (out of 50)
[2024-05-29 17:39:44,277][flwr][DEBUG] - evaluate_round 20 received 1 results and 0 failures
[2024-05-29 17:39:44,277][flwr][DEBUG] - fit_round 21: strategy sampled 10 clients (out of 50)
[2024-05-29 17:39:45,993][flwr][DEBUG] - fit_round 21 received 10 results and 0 failures
[2024-05-29 17:39:48,098][flwr][INFO] - fit progress: (21, 35.088069449644536, {'accuracy': 0.935}, 89.58591711102054)
[2024-05-29 17:39:48,098][flwr][DEBUG] - evaluate_round 21: strategy sampled 1 clients (out of 50)
[2024-05-29 17:39:48,375][flwr][DEBUG] - evaluate_round 21 received 1 results and 0 failures
[2024-05-29 17:39:48,375][flwr][DEBUG] - fit_round 22: strategy sampled 10 clients (out of 50)
[2024-05-29 17:39:50,028][flwr][DEBUG] - fit_round 22 received 10 results and 0 failures
[2024-05-29 17:39:52,152][flwr][INFO] - fit progress: (22, 50.381890811026096, {'accuracy': 0.9213}, 93.64022448798642)
[2024-05-29 17:39:52,152][flwr][DEBUG] - evaluate_round 22: strategy sampled 1 clients (out of 50)
[2024-05-29 17:39:52,474][flwr][DEBUG] - evaluate_round 22 received 1 results and 0 failures
[2024-05-29 17:39:52,474][flwr][DEBUG] - fit_round 23: strategy sampled 10 clients (out of 50)
[2024-05-29 17:39:54,224][flwr][DEBUG] - fit_round 23 received 10 results and 0 failures
[2024-05-29 17:39:56,341][flwr][INFO] - fit progress: (23, 54.187864718725905, {'accuracy': 0.9202}, 97.8294727569446)
[2024-05-29 17:39:56,342][flwr][DEBUG] - evaluate_round 23: strategy sampled 1 clients (out of 50)
[2024-05-29 17:39:56,615][flwr][DEBUG] - evaluate_round 23 received 1 results and 0 failures
[2024-05-29 17:39:56,615][flwr][DEBUG] - fit_round 24: strategy sampled 10 clients (out of 50)
[2024-05-29 17:39:58,295][flwr][DEBUG] - fit_round 24 received 10 results and 0 failures
[2024-05-29 17:40:00,417][flwr][INFO] - fit progress: (24, 43.01165854441933, {'accuracy': 0.9271}, 101.90537936799228)
[2024-05-29 17:40:00,418][flwr][DEBUG] - evaluate_round 24: strategy sampled 1 clients (out of 50)
[2024-05-29 17:40:00,694][flwr][DEBUG] - evaluate_round 24 received 1 results and 0 failures
[2024-05-29 17:40:00,694][flwr][DEBUG] - fit_round 25: strategy sampled 10 clients (out of 50)
[2024-05-29 17:40:02,544][flwr][DEBUG] - fit_round 25 received 10 results and 0 failures
[2024-05-29 17:40:04,662][flwr][INFO] - fit progress: (25, 36.21288529096637, {'accuracy': 0.9311}, 106.15038846386597)
[2024-05-29 17:40:04,663][flwr][DEBUG] - evaluate_round 25: strategy sampled 1 clients (out of 50)
[2024-05-29 17:40:04,936][flwr][DEBUG] - evaluate_round 25 received 1 results and 0 failures
[2024-05-29 17:40:04,936][flwr][DEBUG] - fit_round 26: strategy sampled 10 clients (out of 50)
[2024-05-29 17:40:06,722][flwr][DEBUG] - fit_round 26 received 10 results and 0 failures
[2024-05-29 17:40:08,846][flwr][INFO] - fit progress: (26, 36.85591061343439, {'accuracy': 0.9319}, 110.33376383967698)
[2024-05-29 17:40:08,846][flwr][DEBUG] - evaluate_round 26: strategy sampled 1 clients (out of 50)
[2024-05-29 17:40:09,133][flwr][DEBUG] - evaluate_round 26 received 1 results and 0 failures
[2024-05-29 17:40:09,133][flwr][DEBUG] - fit_round 27: strategy sampled 10 clients (out of 50)
[2024-05-29 17:40:10,776][flwr][DEBUG] - fit_round 27 received 10 results and 0 failures
[2024-05-29 17:40:12,886][flwr][INFO] - fit progress: (27, 35.85201032360783, {'accuracy': 0.935}, 114.3739190576598)
[2024-05-29 17:40:12,886][flwr][DEBUG] - evaluate_round 27: strategy sampled 1 clients (out of 50)
[2024-05-29 17:40:13,163][flwr][DEBUG] - evaluate_round 27 received 1 results and 0 failures
[2024-05-29 17:40:13,163][flwr][DEBUG] - fit_round 28: strategy sampled 10 clients (out of 50)
[2024-05-29 17:40:15,022][flwr][DEBUG] - fit_round 28 received 10 results and 0 failures
[2024-05-29 17:40:17,140][flwr][INFO] - fit progress: (28, 34.85679530858761, {'accuracy': 0.9321}, 118.62754610180855)
[2024-05-29 17:40:17,140][flwr][DEBUG] - evaluate_round 28: strategy sampled 1 clients (out of 50)
[2024-05-29 17:40:17,425][flwr][DEBUG] - evaluate_round 28 received 1 results and 0 failures
[2024-05-29 17:40:17,425][flwr][DEBUG] - fit_round 29: strategy sampled 10 clients (out of 50)
[2024-05-29 17:40:19,052][flwr][DEBUG] - fit_round 29 received 10 results and 0 failures
[2024-05-29 17:40:21,152][flwr][INFO] - fit progress: (29, 29.925221355399117, {'accuracy': 0.9349}, 122.64015893591568)
[2024-05-29 17:40:21,152][flwr][DEBUG] - evaluate_round 29: strategy sampled 1 clients (out of 50)
[2024-05-29 17:40:21,428][flwr][DEBUG] - evaluate_round 29 received 1 results and 0 failures
[2024-05-29 17:40:21,429][flwr][DEBUG] - fit_round 30: strategy sampled 10 clients (out of 50)
[2024-05-29 17:40:23,173][flwr][DEBUG] - fit_round 30 received 10 results and 0 failures
[2024-05-29 17:40:25,295][flwr][INFO] - fit progress: (30, 28.803013131633634, {'accuracy': 0.9378}, 126.78272345568985)
[2024-05-29 17:40:25,295][flwr][DEBUG] - evaluate_round 30: strategy sampled 1 clients (out of 50)
[2024-05-29 17:40:25,623][flwr][DEBUG] - evaluate_round 30 received 1 results and 0 failures
[2024-05-29 17:40:25,623][flwr][DEBUG] - fit_round 31: strategy sampled 10 clients (out of 50)
[2024-05-29 17:40:27,354][flwr][DEBUG] - fit_round 31 received 10 results and 0 failures
[2024-05-29 17:40:29,457][flwr][INFO] - fit progress: (31, 31.890120677882805, {'accuracy': 0.9394}, 130.94516711775213)
[2024-05-29 17:40:29,457][flwr][DEBUG] - evaluate_round 31: strategy sampled 1 clients (out of 50)
[2024-05-29 17:40:29,736][flwr][DEBUG] - evaluate_round 31 received 1 results and 0 failures
[2024-05-29 17:40:29,736][flwr][DEBUG] - fit_round 32: strategy sampled 10 clients (out of 50)
[2024-05-29 17:40:31,385][flwr][DEBUG] - fit_round 32 received 10 results and 0 failures
[2024-05-29 17:40:33,511][flwr][INFO] - fit progress: (32, 32.90129409550718, {'accuracy': 0.9359}, 134.9993024719879)
[2024-05-29 17:40:33,511][flwr][DEBUG] - evaluate_round 32: strategy sampled 1 clients (out of 50)
[2024-05-29 17:40:33,783][flwr][DEBUG] - evaluate_round 32 received 1 results and 0 failures
[2024-05-29 17:40:33,783][flwr][DEBUG] - fit_round 33: strategy sampled 10 clients (out of 50)
[2024-05-29 17:40:35,659][flwr][DEBUG] - fit_round 33 received 10 results and 0 failures
[2024-05-29 17:40:37,772][flwr][INFO] - fit progress: (33, 29.33423394824058, {'accuracy': 0.9407}, 139.26006163889542)
[2024-05-29 17:40:37,772][flwr][DEBUG] - evaluate_round 33: strategy sampled 1 clients (out of 50)
[2024-05-29 17:40:38,048][flwr][DEBUG] - evaluate_round 33 received 1 results and 0 failures
[2024-05-29 17:40:38,048][flwr][DEBUG] - fit_round 34: strategy sampled 10 clients (out of 50)
[2024-05-29 17:40:39,732][flwr][DEBUG] - fit_round 34 received 10 results and 0 failures
[2024-05-29 17:40:41,856][flwr][INFO] - fit progress: (34, 29.51822491560597, {'accuracy': 0.9338}, 143.3439712896943)
[2024-05-29 17:40:41,856][flwr][DEBUG] - evaluate_round 34: strategy sampled 1 clients (out of 50)
[2024-05-29 17:40:42,134][flwr][DEBUG] - evaluate_round 34 received 1 results and 0 failures
[2024-05-29 17:40:42,134][flwr][DEBUG] - fit_round 35: strategy sampled 10 clients (out of 50)
[2024-05-29 17:40:43,985][flwr][DEBUG] - fit_round 35 received 10 results and 0 failures
[2024-05-29 17:40:46,089][flwr][INFO] - fit progress: (35, 29.20205556342262, {'accuracy': 0.9389}, 147.57734382897615)
[2024-05-29 17:40:46,089][flwr][DEBUG] - evaluate_round 35: strategy sampled 1 clients (out of 50)
[2024-05-29 17:40:46,362][flwr][DEBUG] - evaluate_round 35 received 1 results and 0 failures
[2024-05-29 17:40:46,362][flwr][DEBUG] - fit_round 36: strategy sampled 10 clients (out of 50)
[2024-05-29 17:40:48,192][flwr][DEBUG] - fit_round 36 received 10 results and 0 failures
[2024-05-29 17:40:50,317][flwr][INFO] - fit progress: (36, 87.2350543141365, {'accuracy': 0.8465}, 151.80486831488088)
[2024-05-29 17:40:50,317][flwr][DEBUG] - evaluate_round 36: strategy sampled 1 clients (out of 50)
[2024-05-29 17:40:50,598][flwr][DEBUG] - evaluate_round 36 received 1 results and 0 failures
[2024-05-29 17:40:50,599][flwr][DEBUG] - fit_round 37: strategy sampled 10 clients (out of 50)
[2024-05-29 17:40:52,453][flwr][DEBUG] - fit_round 37 received 10 results and 0 failures
[2024-05-29 17:40:54,559][flwr][INFO] - fit progress: (37, 24.4263898616191, {'accuracy': 0.9437}, 156.04712754767388)
[2024-05-29 17:40:54,559][flwr][DEBUG] - evaluate_round 37: strategy sampled 1 clients (out of 50)
[2024-05-29 17:40:54,857][flwr][DEBUG] - evaluate_round 37 received 1 results and 0 failures
[2024-05-29 17:40:54,857][flwr][DEBUG] - fit_round 38: strategy sampled 10 clients (out of 50)
[2024-05-29 17:40:56,605][flwr][DEBUG] - fit_round 38 received 10 results and 0 failures
[2024-05-29 17:40:58,732][flwr][INFO] - fit progress: (38, 26.66121580870822, {'accuracy': 0.9331}, 160.22030142974108)
[2024-05-29 17:40:58,732][flwr][DEBUG] - evaluate_round 38: strategy sampled 1 clients (out of 50)
[2024-05-29 17:40:59,015][flwr][DEBUG] - evaluate_round 38 received 1 results and 0 failures
[2024-05-29 17:40:59,015][flwr][DEBUG] - fit_round 39: strategy sampled 10 clients (out of 50)
[2024-05-29 17:41:00,726][flwr][DEBUG] - fit_round 39 received 10 results and 0 failures
[2024-05-29 17:41:02,838][flwr][INFO] - fit progress: (39, 25.595639672479592, {'accuracy': 0.9401}, 164.32600259175524)
[2024-05-29 17:41:02,838][flwr][DEBUG] - evaluate_round 39: strategy sampled 1 clients (out of 50)
[2024-05-29 17:41:03,119][flwr][DEBUG] - evaluate_round 39 received 1 results and 0 failures
[2024-05-29 17:41:03,119][flwr][DEBUG] - fit_round 40: strategy sampled 10 clients (out of 50)
[2024-05-29 17:41:04,862][flwr][DEBUG] - fit_round 40 received 10 results and 0 failures
[2024-05-29 17:41:06,974][flwr][INFO] - fit progress: (40, 29.55751663725823, {'accuracy': 0.9367}, 168.4617247846909)
[2024-05-29 17:41:06,974][flwr][DEBUG] - evaluate_round 40: strategy sampled 1 clients (out of 50)
[2024-05-29 17:41:07,253][flwr][DEBUG] - evaluate_round 40 received 1 results and 0 failures
[2024-05-29 17:41:07,253][flwr][DEBUG] - fit_round 41: strategy sampled 10 clients (out of 50)
[2024-05-29 17:41:08,919][flwr][DEBUG] - fit_round 41 received 10 results and 0 failures
[2024-05-29 17:41:11,032][flwr][INFO] - fit progress: (41, 23.31914031971246, {'accuracy': 0.9447}, 172.51962954271585)
[2024-05-29 17:41:11,032][flwr][DEBUG] - evaluate_round 41: strategy sampled 1 clients (out of 50)
[2024-05-29 17:41:11,308][flwr][DEBUG] - evaluate_round 41 received 1 results and 0 failures
[2024-05-29 17:41:11,308][flwr][DEBUG] - fit_round 42: strategy sampled 10 clients (out of 50)
[2024-05-29 17:41:13,066][flwr][DEBUG] - fit_round 42 received 10 results and 0 failures
[2024-05-29 17:41:15,193][flwr][INFO] - fit progress: (42, 22.502964583865833, {'accuracy': 0.9484}, 176.6805491289124)
[2024-05-29 17:41:15,193][flwr][DEBUG] - evaluate_round 42: strategy sampled 1 clients (out of 50)
[2024-05-29 17:41:15,472][flwr][DEBUG] - evaluate_round 42 received 1 results and 0 failures
[2024-05-29 17:41:15,472][flwr][DEBUG] - fit_round 43: strategy sampled 10 clients (out of 50)
[2024-05-29 17:41:17,173][flwr][DEBUG] - fit_round 43 received 10 results and 0 failures
[2024-05-29 17:41:19,295][flwr][INFO] - fit progress: (43, 28.606110997963697, {'accuracy': 0.933}, 180.78340184595436)
[2024-05-29 17:41:19,296][flwr][DEBUG] - evaluate_round 43: strategy sampled 1 clients (out of 50)
[2024-05-29 17:41:19,571][flwr][DEBUG] - evaluate_round 43 received 1 results and 0 failures
[2024-05-29 17:41:19,571][flwr][DEBUG] - fit_round 44: strategy sampled 10 clients (out of 50)
[2024-05-29 17:41:21,316][flwr][DEBUG] - fit_round 44 received 10 results and 0 failures
[2024-05-29 17:41:23,436][flwr][INFO] - fit progress: (44, 26.54011712584179, {'accuracy': 0.9377}, 184.9244323517196)
[2024-05-29 17:41:23,437][flwr][DEBUG] - evaluate_round 44: strategy sampled 1 clients (out of 50)
[2024-05-29 17:41:23,720][flwr][DEBUG] - evaluate_round 44 received 1 results and 0 failures
[2024-05-29 17:41:23,720][flwr][DEBUG] - fit_round 45: strategy sampled 10 clients (out of 50)
[2024-05-29 17:41:25,575][flwr][DEBUG] - fit_round 45 received 10 results and 0 failures
[2024-05-29 17:41:27,681][flwr][INFO] - fit progress: (45, 26.704908412444638, {'accuracy': 0.9451}, 189.16864841803908)
[2024-05-29 17:41:27,681][flwr][DEBUG] - evaluate_round 45: strategy sampled 1 clients (out of 50)
[2024-05-29 17:41:27,960][flwr][DEBUG] - evaluate_round 45 received 1 results and 0 failures
[2024-05-29 17:41:27,961][flwr][DEBUG] - fit_round 46: strategy sampled 10 clients (out of 50)
[2024-05-29 17:41:29,688][flwr][DEBUG] - fit_round 46 received 10 results and 0 failures
[2024-05-29 17:41:31,810][flwr][INFO] - fit progress: (46, 28.090684092516312, {'accuracy': 0.9355}, 193.2980418978259)
[2024-05-29 17:41:31,810][flwr][DEBUG] - evaluate_round 46: strategy sampled 1 clients (out of 50)
[2024-05-29 17:41:32,091][flwr][DEBUG] - evaluate_round 46 received 1 results and 0 failures
[2024-05-29 17:41:32,091][flwr][DEBUG] - fit_round 47: strategy sampled 10 clients (out of 50)
[2024-05-29 17:41:33,916][flwr][DEBUG] - fit_round 47 received 10 results and 0 failures
[2024-05-29 17:41:36,027][flwr][INFO] - fit progress: (47, 23.127965295545437, {'accuracy': 0.9444}, 197.51547597488388)
[2024-05-29 17:41:36,028][flwr][DEBUG] - evaluate_round 47: strategy sampled 1 clients (out of 50)
[2024-05-29 17:41:36,320][flwr][DEBUG] - evaluate_round 47 received 1 results and 0 failures
[2024-05-29 17:41:36,320][flwr][DEBUG] - fit_round 48: strategy sampled 10 clients (out of 50)
[2024-05-29 17:41:38,093][flwr][DEBUG] - fit_round 48 received 10 results and 0 failures
[2024-05-29 17:41:40,210][flwr][INFO] - fit progress: (48, 25.54897427429387, {'accuracy': 0.9426}, 201.69800551701337)
[2024-05-29 17:41:40,210][flwr][DEBUG] - evaluate_round 48: strategy sampled 1 clients (out of 50)
[2024-05-29 17:41:40,496][flwr][DEBUG] - evaluate_round 48 received 1 results and 0 failures
[2024-05-29 17:41:40,496][flwr][DEBUG] - fit_round 49: strategy sampled 10 clients (out of 50)
[2024-05-29 17:41:42,193][flwr][DEBUG] - fit_round 49 received 10 results and 0 failures
[2024-05-29 17:41:44,307][flwr][INFO] - fit progress: (49, 23.945026191242505, {'accuracy': 0.9425}, 205.79458407592028)
[2024-05-29 17:41:44,307][flwr][DEBUG] - evaluate_round 49: strategy sampled 1 clients (out of 50)
[2024-05-29 17:41:44,593][flwr][DEBUG] - evaluate_round 49 received 1 results and 0 failures
[2024-05-29 17:41:44,594][flwr][DEBUG] - fit_round 50: strategy sampled 10 clients (out of 50)
[2024-05-29 17:41:46,357][flwr][DEBUG] - fit_round 50 received 10 results and 0 failures
[2024-05-29 17:41:48,470][flwr][INFO] - fit progress: (50, 27.41695200128015, {'accuracy': 0.9429}, 209.95784389786422)
[2024-05-29 17:41:48,470][flwr][DEBUG] - evaluate_round 50: strategy sampled 1 clients (out of 50)
[2024-05-29 17:41:48,752][flwr][DEBUG] - evaluate_round 50 received 1 results and 0 failures
[2024-05-29 17:41:48,753][flwr][DEBUG] - fit_round 51: strategy sampled 10 clients (out of 50)
[2024-05-29 17:41:50,547][flwr][DEBUG] - fit_round 51 received 10 results and 0 failures
[2024-05-29 17:41:52,657][flwr][INFO] - fit progress: (51, 24.333497489933507, {'accuracy': 0.9438}, 214.14507449697703)
[2024-05-29 17:41:52,657][flwr][DEBUG] - evaluate_round 51: strategy sampled 1 clients (out of 50)
[2024-05-29 17:41:52,947][flwr][DEBUG] - evaluate_round 51 received 1 results and 0 failures
[2024-05-29 17:41:52,947][flwr][DEBUG] - fit_round 52: strategy sampled 10 clients (out of 50)
[2024-05-29 17:41:54,692][flwr][DEBUG] - fit_round 52 received 10 results and 0 failures
[2024-05-29 17:41:56,809][flwr][INFO] - fit progress: (52, 29.015490778256208, {'accuracy': 0.9408}, 218.29713869374245)
[2024-05-29 17:41:56,809][flwr][DEBUG] - evaluate_round 52: strategy sampled 1 clients (out of 50)
[2024-05-29 17:41:57,081][flwr][DEBUG] - evaluate_round 52 received 1 results and 0 failures
[2024-05-29 17:41:57,081][flwr][DEBUG] - fit_round 53: strategy sampled 10 clients (out of 50)
[2024-05-29 17:41:58,776][flwr][DEBUG] - fit_round 53 received 10 results and 0 failures
[2024-05-29 17:42:00,891][flwr][INFO] - fit progress: (53, 21.997549536870793, {'accuracy': 0.9491}, 222.3791878069751)
[2024-05-29 17:42:00,891][flwr][DEBUG] - evaluate_round 53: strategy sampled 1 clients (out of 50)
[2024-05-29 17:42:01,161][flwr][DEBUG] - evaluate_round 53 received 1 results and 0 failures
[2024-05-29 17:42:01,161][flwr][DEBUG] - fit_round 54: strategy sampled 10 clients (out of 50)
[2024-05-29 17:42:02,873][flwr][DEBUG] - fit_round 54 received 10 results and 0 failures
[2024-05-29 17:42:04,992][flwr][INFO] - fit progress: (54, 26.836851817684874, {'accuracy': 0.9441}, 226.479809446726)
[2024-05-29 17:42:04,992][flwr][DEBUG] - evaluate_round 54: strategy sampled 1 clients (out of 50)
[2024-05-29 17:42:05,278][flwr][DEBUG] - evaluate_round 54 received 1 results and 0 failures
[2024-05-29 17:42:05,279][flwr][DEBUG] - fit_round 55: strategy sampled 10 clients (out of 50)
[2024-05-29 17:42:06,984][flwr][DEBUG] - fit_round 55 received 10 results and 0 failures
[2024-05-29 17:42:09,102][flwr][INFO] - fit progress: (55, 21.103447299727122, {'accuracy': 0.951}, 230.58978716889396)
[2024-05-29 17:42:09,102][flwr][DEBUG] - evaluate_round 55: strategy sampled 1 clients (out of 50)
[2024-05-29 17:42:09,385][flwr][DEBUG] - evaluate_round 55 received 1 results and 0 failures
[2024-05-29 17:42:09,385][flwr][DEBUG] - fit_round 56: strategy sampled 10 clients (out of 50)
