[2024-06-01 13:29:55,869][flwr][INFO] - Starting Flower simulation, config: ServerConfig(num_rounds=100, round_timeout=None)
[2024-06-01 13:29:57,917][flwr][INFO] - Flower VCE: Ray initialized with resources: {'node:172.17.34.3': 1.0, 'CPU': 24.0, 'GPU': 2.0, 'object_store_memory': 39927635558.0, 'accelerator_type:G': 1.0, 'memory': 83164482970.0}
[2024-06-01 13:29:57,918][flwr][INFO] - Initializing global parameters
[2024-06-01 13:29:57,918][flwr][INFO] - Requesting initial parameters from one random client
[2024-06-01 13:29:59,210][flwr][INFO] - Received initial parameters from one random client
[2024-06-01 13:29:59,210][flwr][INFO] - Evaluating initial parameters
[2024-06-01 13:30:00,590][flwr][INFO] - initial parameters (loss, other metrics): 179.44567966461182, {'accuracy': 0.1208}
[2024-06-01 13:30:00,590][flwr][INFO] - FL starting
[2024-06-01 13:30:00,590][flwr][DEBUG] - fit_round 1: strategy sampled 10 clients (out of 50)
[2024-06-01 13:30:04,461][flwr][DEBUG] - fit_round 1 received 10 results and 0 failures
[2024-06-01 13:30:04,952][flwr][WARNING] - No fit_metrics_aggregation_fn provided
[2024-06-01 13:30:05,367][flwr][INFO] - fit progress: (1, 536.6802730560303, {'accuracy': 0.2004}, 4.776319196913391)
[2024-06-01 13:30:05,367][flwr][DEBUG] - evaluate_round 1: strategy sampled 1 clients (out of 50)
[2024-06-01 13:30:05,653][flwr][DEBUG] - evaluate_round 1 received 1 results and 0 failures
[2024-06-01 13:30:05,653][flwr][WARNING] - No evaluate_metrics_aggregation_fn provided
[2024-06-01 13:30:05,653][flwr][DEBUG] - fit_round 2: strategy sampled 10 clients (out of 50)
[2024-06-01 13:30:08,144][flwr][DEBUG] - fit_round 2 received 10 results and 0 failures
[2024-06-01 13:30:09,017][flwr][INFO] - fit progress: (2, 837.3075895309448, {'accuracy': 0.3307}, 8.426710477098823)
[2024-06-01 13:30:09,017][flwr][DEBUG] - evaluate_round 2: strategy sampled 1 clients (out of 50)
[2024-06-01 13:30:09,283][flwr][DEBUG] - evaluate_round 2 received 1 results and 0 failures
[2024-06-01 13:30:09,283][flwr][DEBUG] - fit_round 3: strategy sampled 10 clients (out of 50)
[2024-06-01 13:30:11,106][flwr][DEBUG] - fit_round 3 received 10 results and 0 failures
[2024-06-01 13:30:12,010][flwr][INFO] - fit progress: (3, 69.21946054697037, {'accuracy': 0.8263}, 11.419723820872605)
[2024-06-01 13:30:12,010][flwr][DEBUG] - evaluate_round 3: strategy sampled 1 clients (out of 50)
[2024-06-01 13:30:12,337][flwr][DEBUG] - evaluate_round 3 received 1 results and 0 failures
[2024-06-01 13:30:12,338][flwr][DEBUG] - fit_round 4: strategy sampled 10 clients (out of 50)
[2024-06-01 13:30:14,074][flwr][DEBUG] - fit_round 4 received 10 results and 0 failures
[2024-06-01 13:30:17,687][flwr][INFO] - fit progress: (4, 44.58957539871335, {'accuracy': 0.8994}, 17.096271315123886)
[2024-06-01 13:30:17,687][flwr][DEBUG] - evaluate_round 4: strategy sampled 1 clients (out of 50)
[2024-06-01 13:30:17,959][flwr][DEBUG] - evaluate_round 4 received 1 results and 0 failures
[2024-06-01 13:30:17,959][flwr][DEBUG] - fit_round 5: strategy sampled 10 clients (out of 50)
[2024-06-01 13:30:19,645][flwr][DEBUG] - fit_round 5 received 10 results and 0 failures
[2024-06-01 13:30:23,212][flwr][INFO] - fit progress: (5, 35.52311959304643, {'accuracy': 0.922}, 22.62192145222798)
[2024-06-01 13:30:23,212][flwr][DEBUG] - evaluate_round 5: strategy sampled 1 clients (out of 50)
[2024-06-01 13:30:23,478][flwr][DEBUG] - evaluate_round 5 received 1 results and 0 failures
[2024-06-01 13:30:23,478][flwr][DEBUG] - fit_round 6: strategy sampled 10 clients (out of 50)
[2024-06-01 13:30:25,116][flwr][DEBUG] - fit_round 6 received 10 results and 0 failures
[2024-06-01 13:30:28,719][flwr][INFO] - fit progress: (6, 30.13673053202001, {'accuracy': 0.9302}, 28.129103389102966)
[2024-06-01 13:30:28,720][flwr][DEBUG] - evaluate_round 6: strategy sampled 1 clients (out of 50)
[2024-06-01 13:30:29,004][flwr][DEBUG] - evaluate_round 6 received 1 results and 0 failures
[2024-06-01 13:30:29,004][flwr][DEBUG] - fit_round 7: strategy sampled 10 clients (out of 50)
[2024-06-01 13:30:30,685][flwr][DEBUG] - fit_round 7 received 10 results and 0 failures
[2024-06-01 13:30:34,282][flwr][INFO] - fit progress: (7, 36.129664147272706, {'accuracy': 0.9135}, 33.69188191695139)
[2024-06-01 13:30:34,282][flwr][DEBUG] - evaluate_round 7: strategy sampled 1 clients (out of 50)
[2024-06-01 13:30:34,605][flwr][DEBUG] - evaluate_round 7 received 1 results and 0 failures
[2024-06-01 13:30:34,605][flwr][DEBUG] - fit_round 8: strategy sampled 10 clients (out of 50)
[2024-06-01 13:30:36,184][flwr][DEBUG] - fit_round 8 received 10 results and 0 failures
[2024-06-01 13:30:39,761][flwr][INFO] - fit progress: (8, 39.373525641392916, {'accuracy': 0.9156}, 39.17097146390006)
[2024-06-01 13:30:39,761][flwr][DEBUG] - evaluate_round 8: strategy sampled 1 clients (out of 50)
[2024-06-01 13:30:40,025][flwr][DEBUG] - evaluate_round 8 received 1 results and 0 failures
[2024-06-01 13:30:40,025][flwr][DEBUG] - fit_round 9: strategy sampled 10 clients (out of 50)
[2024-06-01 13:30:41,747][flwr][DEBUG] - fit_round 9 received 10 results and 0 failures
[2024-06-01 13:30:45,339][flwr][INFO] - fit progress: (9, 34.96111822873354, {'accuracy': 0.927}, 44.74823032692075)
[2024-06-01 13:30:45,339][flwr][DEBUG] - evaluate_round 9: strategy sampled 1 clients (out of 50)
[2024-06-01 13:30:45,612][flwr][DEBUG] - evaluate_round 9 received 1 results and 0 failures
[2024-06-01 13:30:45,613][flwr][DEBUG] - fit_round 10: strategy sampled 10 clients (out of 50)
[2024-06-01 13:30:47,278][flwr][DEBUG] - fit_round 10 received 10 results and 0 failures
[2024-06-01 13:30:50,888][flwr][INFO] - fit progress: (10, 29.455115233551624, {'accuracy': 0.9384}, 50.29781453311443)
[2024-06-01 13:30:50,888][flwr][DEBUG] - evaluate_round 10: strategy sampled 1 clients (out of 50)
[2024-06-01 13:30:51,170][flwr][DEBUG] - evaluate_round 10 received 1 results and 0 failures
[2024-06-01 13:30:51,170][flwr][DEBUG] - fit_round 11: strategy sampled 10 clients (out of 50)
[2024-06-01 13:30:52,717][flwr][DEBUG] - fit_round 11 received 10 results and 0 failures
[2024-06-01 13:30:56,283][flwr][INFO] - fit progress: (11, 44.042394703254104, {'accuracy': 0.9079}, 55.69214075105265)
[2024-06-01 13:30:56,283][flwr][DEBUG] - evaluate_round 11: strategy sampled 1 clients (out of 50)
[2024-06-01 13:30:56,561][flwr][DEBUG] - evaluate_round 11 received 1 results and 0 failures
[2024-06-01 13:30:56,562][flwr][DEBUG] - fit_round 12: strategy sampled 10 clients (out of 50)
[2024-06-01 13:30:58,246][flwr][DEBUG] - fit_round 12 received 10 results and 0 failures
[2024-06-01 13:31:01,867][flwr][INFO] - fit progress: (12, 23.858265754999593, {'accuracy': 0.9502}, 61.27624207502231)
[2024-06-01 13:31:01,867][flwr][DEBUG] - evaluate_round 12: strategy sampled 1 clients (out of 50)
[2024-06-01 13:31:02,177][flwr][DEBUG] - evaluate_round 12 received 1 results and 0 failures
[2024-06-01 13:31:02,178][flwr][DEBUG] - fit_round 13: strategy sampled 10 clients (out of 50)
[2024-06-01 13:31:03,969][flwr][DEBUG] - fit_round 13 received 10 results and 0 failures
[2024-06-01 13:31:07,592][flwr][INFO] - fit progress: (13, 25.08923367754305, {'accuracy': 0.9466}, 67.00115534197539)
[2024-06-01 13:31:07,592][flwr][DEBUG] - evaluate_round 13: strategy sampled 1 clients (out of 50)
[2024-06-01 13:31:07,876][flwr][DEBUG] - evaluate_round 13 received 1 results and 0 failures
[2024-06-01 13:31:07,876][flwr][DEBUG] - fit_round 14: strategy sampled 10 clients (out of 50)
[2024-06-01 13:31:09,610][flwr][DEBUG] - fit_round 14 received 10 results and 0 failures
[2024-06-01 13:31:13,239][flwr][INFO] - fit progress: (14, 53.491518065333366, {'accuracy': 0.8881}, 72.64906305586919)
[2024-06-01 13:31:13,240][flwr][DEBUG] - evaluate_round 14: strategy sampled 1 clients (out of 50)
[2024-06-01 13:31:13,533][flwr][DEBUG] - evaluate_round 14 received 1 results and 0 failures
[2024-06-01 13:31:13,534][flwr][DEBUG] - fit_round 15: strategy sampled 10 clients (out of 50)
[2024-06-01 13:31:15,328][flwr][DEBUG] - fit_round 15 received 10 results and 0 failures
[2024-06-01 13:31:18,935][flwr][INFO] - fit progress: (15, 33.4905299073871, {'accuracy': 0.9296}, 78.34472967125475)
[2024-06-01 13:31:18,935][flwr][DEBUG] - evaluate_round 15: strategy sampled 1 clients (out of 50)
[2024-06-01 13:31:19,226][flwr][DEBUG] - evaluate_round 15 received 1 results and 0 failures
[2024-06-01 13:31:19,226][flwr][DEBUG] - fit_round 16: strategy sampled 10 clients (out of 50)
[2024-06-01 13:31:20,982][flwr][DEBUG] - fit_round 16 received 10 results and 0 failures
[2024-06-01 13:31:24,574][flwr][INFO] - fit progress: (16, 28.48893971434154, {'accuracy': 0.9406}, 83.98373577697203)
[2024-06-01 13:31:24,574][flwr][DEBUG] - evaluate_round 16: strategy sampled 1 clients (out of 50)
[2024-06-01 13:31:24,856][flwr][DEBUG] - evaluate_round 16 received 1 results and 0 failures
[2024-06-01 13:31:24,856][flwr][DEBUG] - fit_round 17: strategy sampled 10 clients (out of 50)
[2024-06-01 13:31:26,489][flwr][DEBUG] - fit_round 17 received 10 results and 0 failures
[2024-06-01 13:31:30,116][flwr][INFO] - fit progress: (17, 23.725365924894504, {'accuracy': 0.9488}, 89.52584872907028)
[2024-06-01 13:31:30,116][flwr][DEBUG] - evaluate_round 17: strategy sampled 1 clients (out of 50)
[2024-06-01 13:31:30,405][flwr][DEBUG] - evaluate_round 17 received 1 results and 0 failures
[2024-06-01 13:31:30,405][flwr][DEBUG] - fit_round 18: strategy sampled 10 clients (out of 50)
[2024-06-01 13:31:32,134][flwr][DEBUG] - fit_round 18 received 10 results and 0 failures
[2024-06-01 13:31:35,739][flwr][INFO] - fit progress: (18, 20.664995458712724, {'accuracy': 0.9566}, 95.14906187308952)
[2024-06-01 13:31:35,740][flwr][DEBUG] - evaluate_round 18: strategy sampled 1 clients (out of 50)
[2024-06-01 13:31:36,019][flwr][DEBUG] - evaluate_round 18 received 1 results and 0 failures
[2024-06-01 13:31:36,019][flwr][DEBUG] - fit_round 19: strategy sampled 10 clients (out of 50)
[2024-06-01 13:31:37,623][flwr][DEBUG] - fit_round 19 received 10 results and 0 failures
[2024-06-01 13:31:41,224][flwr][INFO] - fit progress: (19, 18.804120695910797, {'accuracy': 0.958}, 100.633476017043)
[2024-06-01 13:31:41,224][flwr][DEBUG] - evaluate_round 19: strategy sampled 1 clients (out of 50)
[2024-06-01 13:31:41,501][flwr][DEBUG] - evaluate_round 19 received 1 results and 0 failures
[2024-06-01 13:31:41,502][flwr][DEBUG] - fit_round 20: strategy sampled 10 clients (out of 50)
[2024-06-01 13:31:43,205][flwr][DEBUG] - fit_round 20 received 10 results and 0 failures
[2024-06-01 13:31:46,812][flwr][INFO] - fit progress: (20, 24.421134818589053, {'accuracy': 0.9445}, 106.2212915290147)
[2024-06-01 13:31:46,812][flwr][DEBUG] - evaluate_round 20: strategy sampled 1 clients (out of 50)
[2024-06-01 13:31:47,100][flwr][DEBUG] - evaluate_round 20 received 1 results and 0 failures
[2024-06-01 13:31:47,100][flwr][DEBUG] - fit_round 21: strategy sampled 10 clients (out of 50)
[2024-06-01 13:31:48,855][flwr][DEBUG] - fit_round 21 received 10 results and 0 failures
[2024-06-01 13:31:52,460][flwr][INFO] - fit progress: (21, 25.654864738957258, {'accuracy': 0.948}, 111.86913268780336)
[2024-06-01 13:31:52,460][flwr][DEBUG] - evaluate_round 21: strategy sampled 1 clients (out of 50)
[2024-06-01 13:31:52,752][flwr][DEBUG] - evaluate_round 21 received 1 results and 0 failures
[2024-06-01 13:31:52,753][flwr][DEBUG] - fit_round 22: strategy sampled 10 clients (out of 50)
[2024-06-01 13:31:54,265][flwr][DEBUG] - fit_round 22 received 10 results and 0 failures
[2024-06-01 13:31:57,814][flwr][INFO] - fit progress: (22, 21.796402974316152, {'accuracy': 0.9546}, 117.22336471825838)
[2024-06-01 13:31:57,814][flwr][DEBUG] - evaluate_round 22: strategy sampled 1 clients (out of 50)
[2024-06-01 13:31:58,093][flwr][DEBUG] - evaluate_round 22 received 1 results and 0 failures
[2024-06-01 13:31:58,093][flwr][DEBUG] - fit_round 23: strategy sampled 10 clients (out of 50)
[2024-06-01 13:31:59,896][flwr][DEBUG] - fit_round 23 received 10 results and 0 failures
[2024-06-01 13:32:03,470][flwr][INFO] - fit progress: (23, 28.48906058986904, {'accuracy': 0.9395}, 122.87958924798295)
[2024-06-01 13:32:03,470][flwr][DEBUG] - evaluate_round 23: strategy sampled 1 clients (out of 50)
[2024-06-01 13:32:03,739][flwr][DEBUG] - evaluate_round 23 received 1 results and 0 failures
[2024-06-01 13:32:03,739][flwr][DEBUG] - fit_round 24: strategy sampled 10 clients (out of 50)
[2024-06-01 13:32:05,328][flwr][DEBUG] - fit_round 24 received 10 results and 0 failures
[2024-06-01 13:32:08,883][flwr][INFO] - fit progress: (24, 19.839378681382726, {'accuracy': 0.9572}, 128.2925417968072)
[2024-06-01 13:32:08,883][flwr][DEBUG] - evaluate_round 24: strategy sampled 1 clients (out of 50)
[2024-06-01 13:32:09,163][flwr][DEBUG] - evaluate_round 24 received 1 results and 0 failures
[2024-06-01 13:32:09,164][flwr][DEBUG] - fit_round 25: strategy sampled 10 clients (out of 50)
[2024-06-01 13:32:10,808][flwr][DEBUG] - fit_round 25 received 10 results and 0 failures
[2024-06-01 13:32:14,372][flwr][INFO] - fit progress: (25, 18.71535719412384, {'accuracy': 0.9608}, 133.78197285719216)
[2024-06-01 13:32:14,373][flwr][DEBUG] - evaluate_round 25: strategy sampled 1 clients (out of 50)
[2024-06-01 13:32:14,644][flwr][DEBUG] - evaluate_round 25 received 1 results and 0 failures
[2024-06-01 13:32:14,645][flwr][DEBUG] - fit_round 26: strategy sampled 10 clients (out of 50)
[2024-06-01 13:32:16,184][flwr][DEBUG] - fit_round 26 received 10 results and 0 failures
[2024-06-01 13:32:19,712][flwr][INFO] - fit progress: (26, 16.39603898234384, {'accuracy': 0.9633}, 139.12166516203433)
[2024-06-01 13:32:19,712][flwr][DEBUG] - evaluate_round 26: strategy sampled 1 clients (out of 50)
[2024-06-01 13:32:19,996][flwr][DEBUG] - evaluate_round 26 received 1 results and 0 failures
[2024-06-01 13:32:19,996][flwr][DEBUG] - fit_round 27: strategy sampled 10 clients (out of 50)
[2024-06-01 13:32:21,635][flwr][DEBUG] - fit_round 27 received 10 results and 0 failures
[2024-06-01 13:32:25,165][flwr][INFO] - fit progress: (27, 15.977192884991382, {'accuracy': 0.9643}, 144.57430485496297)
[2024-06-01 13:32:25,165][flwr][DEBUG] - evaluate_round 27: strategy sampled 1 clients (out of 50)
[2024-06-01 13:32:25,445][flwr][DEBUG] - evaluate_round 27 received 1 results and 0 failures
[2024-06-01 13:32:25,445][flwr][DEBUG] - fit_round 28: strategy sampled 10 clients (out of 50)
[2024-06-01 13:32:27,092][flwr][DEBUG] - fit_round 28 received 10 results and 0 failures
[2024-06-01 13:32:30,628][flwr][INFO] - fit progress: (28, 15.848694094071107, {'accuracy': 0.9633}, 150.0378718539141)
[2024-06-01 13:32:30,628][flwr][DEBUG] - evaluate_round 28: strategy sampled 1 clients (out of 50)
[2024-06-01 13:32:30,906][flwr][DEBUG] - evaluate_round 28 received 1 results and 0 failures
[2024-06-01 13:32:30,906][flwr][DEBUG] - fit_round 29: strategy sampled 10 clients (out of 50)
[2024-06-01 13:32:32,561][flwr][DEBUG] - fit_round 29 received 10 results and 0 failures
[2024-06-01 13:32:36,157][flwr][INFO] - fit progress: (29, 18.724179019645817, {'accuracy': 0.9587}, 155.56651044404134)
[2024-06-01 13:32:36,157][flwr][DEBUG] - evaluate_round 29: strategy sampled 1 clients (out of 50)
[2024-06-01 13:32:36,420][flwr][DEBUG] - evaluate_round 29 received 1 results and 0 failures
[2024-06-01 13:32:36,420][flwr][DEBUG] - fit_round 30: strategy sampled 10 clients (out of 50)
[2024-06-01 13:32:38,101][flwr][DEBUG] - fit_round 30 received 10 results and 0 failures
[2024-06-01 13:32:41,711][flwr][INFO] - fit progress: (30, 17.576835855141326, {'accuracy': 0.9646}, 161.1204006532207)
[2024-06-01 13:32:41,711][flwr][DEBUG] - evaluate_round 30: strategy sampled 1 clients (out of 50)
[2024-06-01 13:32:41,974][flwr][DEBUG] - evaluate_round 30 received 1 results and 0 failures
[2024-06-01 13:32:41,974][flwr][DEBUG] - fit_round 31: strategy sampled 10 clients (out of 50)
[2024-06-01 13:32:43,701][flwr][DEBUG] - fit_round 31 received 10 results and 0 failures
[2024-06-01 13:32:47,320][flwr][INFO] - fit progress: (31, 15.61007294328374, {'accuracy': 0.9635}, 166.72980915708467)
[2024-06-01 13:32:47,320][flwr][DEBUG] - evaluate_round 31: strategy sampled 1 clients (out of 50)
[2024-06-01 13:32:47,596][flwr][DEBUG] - evaluate_round 31 received 1 results and 0 failures
[2024-06-01 13:32:47,596][flwr][DEBUG] - fit_round 32: strategy sampled 10 clients (out of 50)
[2024-06-01 13:32:49,281][flwr][DEBUG] - fit_round 32 received 10 results and 0 failures
[2024-06-01 13:32:52,881][flwr][INFO] - fit progress: (32, 13.324913771006322, {'accuracy': 0.9664}, 172.29058976704255)
[2024-06-01 13:32:52,881][flwr][DEBUG] - evaluate_round 32: strategy sampled 1 clients (out of 50)
[2024-06-01 13:32:53,155][flwr][DEBUG] - evaluate_round 32 received 1 results and 0 failures
[2024-06-01 13:32:53,155][flwr][DEBUG] - fit_round 33: strategy sampled 10 clients (out of 50)
[2024-06-01 13:32:54,999][flwr][DEBUG] - fit_round 33 received 10 results and 0 failures
[2024-06-01 13:32:58,613][flwr][INFO] - fit progress: (33, 23.252206414937973, {'accuracy': 0.939}, 178.02288110600784)
[2024-06-01 13:32:58,613][flwr][DEBUG] - evaluate_round 33: strategy sampled 1 clients (out of 50)
[2024-06-01 13:32:58,903][flwr][DEBUG] - evaluate_round 33 received 1 results and 0 failures
[2024-06-01 13:32:58,904][flwr][DEBUG] - fit_round 34: strategy sampled 10 clients (out of 50)
[2024-06-01 13:33:00,801][flwr][DEBUG] - fit_round 34 received 10 results and 0 failures
[2024-06-01 13:33:04,404][flwr][INFO] - fit progress: (34, 17.58389028883539, {'accuracy': 0.9587}, 183.81343984091654)
[2024-06-01 13:33:04,404][flwr][DEBUG] - evaluate_round 34: strategy sampled 1 clients (out of 50)
[2024-06-01 13:33:04,692][flwr][DEBUG] - evaluate_round 34 received 1 results and 0 failures
[2024-06-01 13:33:04,692][flwr][DEBUG] - fit_round 35: strategy sampled 10 clients (out of 50)
[2024-06-01 13:33:06,350][flwr][DEBUG] - fit_round 35 received 10 results and 0 failures
[2024-06-01 13:33:09,953][flwr][INFO] - fit progress: (35, 13.985322017472072, {'accuracy': 0.9664}, 189.36279350006953)
[2024-06-01 13:33:09,953][flwr][DEBUG] - evaluate_round 35: strategy sampled 1 clients (out of 50)
[2024-06-01 13:33:10,208][flwr][DEBUG] - evaluate_round 35 received 1 results and 0 failures
[2024-06-01 13:33:10,208][flwr][DEBUG] - fit_round 36: strategy sampled 10 clients (out of 50)
[2024-06-01 13:33:11,834][flwr][DEBUG] - fit_round 36 received 10 results and 0 failures
[2024-06-01 13:33:15,410][flwr][INFO] - fit progress: (36, 12.928466613378987, {'accuracy': 0.9655}, 194.82004857202992)
[2024-06-01 13:33:15,411][flwr][DEBUG] - evaluate_round 36: strategy sampled 1 clients (out of 50)
[2024-06-01 13:33:15,695][flwr][DEBUG] - evaluate_round 36 received 1 results and 0 failures
[2024-06-01 13:33:15,695][flwr][DEBUG] - fit_round 37: strategy sampled 10 clients (out of 50)
[2024-06-01 13:33:17,310][flwr][DEBUG] - fit_round 37 received 10 results and 0 failures
[2024-06-01 13:33:20,895][flwr][INFO] - fit progress: (37, 16.546558582689613, {'accuracy': 0.9568}, 200.30465943505988)
[2024-06-01 13:33:20,895][flwr][DEBUG] - evaluate_round 37: strategy sampled 1 clients (out of 50)
[2024-06-01 13:33:21,178][flwr][DEBUG] - evaluate_round 37 received 1 results and 0 failures
[2024-06-01 13:33:21,178][flwr][DEBUG] - fit_round 38: strategy sampled 10 clients (out of 50)
[2024-06-01 13:33:22,824][flwr][DEBUG] - fit_round 38 received 10 results and 0 failures
[2024-06-01 13:33:26,387][flwr][INFO] - fit progress: (38, 15.519069385540206, {'accuracy': 0.9638}, 205.79678244516253)
[2024-06-01 13:33:26,387][flwr][DEBUG] - evaluate_round 38: strategy sampled 1 clients (out of 50)
[2024-06-01 13:33:26,668][flwr][DEBUG] - evaluate_round 38 received 1 results and 0 failures
[2024-06-01 13:33:26,668][flwr][DEBUG] - fit_round 39: strategy sampled 10 clients (out of 50)
[2024-06-01 13:33:28,244][flwr][DEBUG] - fit_round 39 received 10 results and 0 failures
[2024-06-01 13:33:31,800][flwr][INFO] - fit progress: (39, 15.964743434029515, {'accuracy': 0.9593}, 211.2098531331867)
[2024-06-01 13:33:31,800][flwr][DEBUG] - evaluate_round 39: strategy sampled 1 clients (out of 50)
[2024-06-01 13:33:32,088][flwr][DEBUG] - evaluate_round 39 received 1 results and 0 failures
[2024-06-01 13:33:32,088][flwr][DEBUG] - fit_round 40: strategy sampled 10 clients (out of 50)
[2024-06-01 13:33:33,682][flwr][DEBUG] - fit_round 40 received 10 results and 0 failures
[2024-06-01 13:33:37,199][flwr][INFO] - fit progress: (40, 17.026309335720725, {'accuracy': 0.959}, 216.6083219628781)
[2024-06-01 13:33:37,199][flwr][DEBUG] - evaluate_round 40: strategy sampled 1 clients (out of 50)
[2024-06-01 13:33:37,481][flwr][DEBUG] - evaluate_round 40 received 1 results and 0 failures
[2024-06-01 13:33:37,481][flwr][DEBUG] - fit_round 41: strategy sampled 10 clients (out of 50)
[2024-06-01 13:33:39,429][flwr][DEBUG] - fit_round 41 received 10 results and 0 failures
[2024-06-01 13:33:43,002][flwr][INFO] - fit progress: (41, 13.921932146695326, {'accuracy': 0.9653}, 222.41153691709042)
[2024-06-01 13:33:43,002][flwr][DEBUG] - evaluate_round 41: strategy sampled 1 clients (out of 50)
[2024-06-01 13:33:43,290][flwr][DEBUG] - evaluate_round 41 received 1 results and 0 failures
[2024-06-01 13:33:43,290][flwr][DEBUG] - fit_round 42: strategy sampled 10 clients (out of 50)
[2024-06-01 13:33:44,854][flwr][DEBUG] - fit_round 42 received 10 results and 0 failures
[2024-06-01 13:33:48,411][flwr][INFO] - fit progress: (42, 19.08374636271037, {'accuracy': 0.9475}, 227.82059067115188)
[2024-06-01 13:33:48,411][flwr][DEBUG] - evaluate_round 42: strategy sampled 1 clients (out of 50)
[2024-06-01 13:33:48,682][flwr][DEBUG] - evaluate_round 42 received 1 results and 0 failures
[2024-06-01 13:33:48,682][flwr][DEBUG] - fit_round 43: strategy sampled 10 clients (out of 50)
[2024-06-01 13:33:50,469][flwr][DEBUG] - fit_round 43 received 10 results and 0 failures
[2024-06-01 13:33:54,041][flwr][INFO] - fit progress: (43, 14.36776536140951, {'accuracy': 0.9665}, 233.45029807602987)
[2024-06-01 13:33:54,041][flwr][DEBUG] - evaluate_round 43: strategy sampled 1 clients (out of 50)
[2024-06-01 13:33:54,325][flwr][DEBUG] - evaluate_round 43 received 1 results and 0 failures
[2024-06-01 13:33:54,325][flwr][DEBUG] - fit_round 44: strategy sampled 10 clients (out of 50)
[2024-06-01 13:33:56,004][flwr][DEBUG] - fit_round 44 received 10 results and 0 failures
[2024-06-01 13:33:59,547][flwr][INFO] - fit progress: (44, 15.261865924313497, {'accuracy': 0.9645}, 238.9563102410175)
[2024-06-01 13:33:59,547][flwr][DEBUG] - evaluate_round 44: strategy sampled 1 clients (out of 50)
[2024-06-01 13:33:59,820][flwr][DEBUG] - evaluate_round 44 received 1 results and 0 failures
[2024-06-01 13:33:59,820][flwr][DEBUG] - fit_round 45: strategy sampled 10 clients (out of 50)
[2024-06-01 13:34:01,413][flwr][DEBUG] - fit_round 45 received 10 results and 0 failures
[2024-06-01 13:34:04,935][flwr][INFO] - fit progress: (45, 15.327932073385455, {'accuracy': 0.9622}, 244.34422887908295)
[2024-06-01 13:34:04,935][flwr][DEBUG] - evaluate_round 45: strategy sampled 1 clients (out of 50)
[2024-06-01 13:34:05,217][flwr][DEBUG] - evaluate_round 45 received 1 results and 0 failures
[2024-06-01 13:34:05,217][flwr][DEBUG] - fit_round 46: strategy sampled 10 clients (out of 50)
[2024-06-01 13:34:06,815][flwr][DEBUG] - fit_round 46 received 10 results and 0 failures
[2024-06-01 13:34:10,332][flwr][INFO] - fit progress: (46, 13.779977088441228, {'accuracy': 0.9665}, 249.74162117112428)
[2024-06-01 13:34:10,332][flwr][DEBUG] - evaluate_round 46: strategy sampled 1 clients (out of 50)
[2024-06-01 13:34:10,612][flwr][DEBUG] - evaluate_round 46 received 1 results and 0 failures
[2024-06-01 13:34:10,612][flwr][DEBUG] - fit_round 47: strategy sampled 10 clients (out of 50)
[2024-06-01 13:34:12,244][flwr][DEBUG] - fit_round 47 received 10 results and 0 failures
[2024-06-01 13:34:15,747][flwr][INFO] - fit progress: (47, 12.704981594710262, {'accuracy': 0.9688}, 255.15698681212962)
[2024-06-01 13:34:15,747][flwr][DEBUG] - evaluate_round 47: strategy sampled 1 clients (out of 50)
[2024-06-01 13:34:16,028][flwr][DEBUG] - evaluate_round 47 received 1 results and 0 failures
[2024-06-01 13:34:16,028][flwr][DEBUG] - fit_round 48: strategy sampled 10 clients (out of 50)
[2024-06-01 13:34:17,769][flwr][DEBUG] - fit_round 48 received 10 results and 0 failures
[2024-06-01 13:34:21,271][flwr][INFO] - fit progress: (48, 15.290306016308023, {'accuracy': 0.9629}, 260.68031884590164)
[2024-06-01 13:34:21,271][flwr][DEBUG] - evaluate_round 48: strategy sampled 1 clients (out of 50)
[2024-06-01 13:34:21,562][flwr][DEBUG] - evaluate_round 48 received 1 results and 0 failures
[2024-06-01 13:34:21,563][flwr][DEBUG] - fit_round 49: strategy sampled 10 clients (out of 50)
[2024-06-01 13:34:23,085][flwr][DEBUG] - fit_round 49 received 10 results and 0 failures
[2024-06-01 13:34:26,549][flwr][INFO] - fit progress: (49, 15.644838988024276, {'accuracy': 0.9617}, 265.95833670999855)
[2024-06-01 13:34:26,549][flwr][DEBUG] - evaluate_round 49: strategy sampled 1 clients (out of 50)
[2024-06-01 13:34:26,812][flwr][DEBUG] - evaluate_round 49 received 1 results and 0 failures
[2024-06-01 13:34:26,812][flwr][DEBUG] - fit_round 50: strategy sampled 10 clients (out of 50)
[2024-06-01 13:34:28,589][flwr][DEBUG] - fit_round 50 received 10 results and 0 failures
[2024-06-01 13:34:32,084][flwr][INFO] - fit progress: (50, 13.410348375196918, {'accuracy': 0.9658}, 271.49379003886133)
[2024-06-01 13:34:32,084][flwr][DEBUG] - evaluate_round 50: strategy sampled 1 clients (out of 50)
[2024-06-01 13:34:32,360][flwr][DEBUG] - evaluate_round 50 received 1 results and 0 failures
[2024-06-01 13:34:32,360][flwr][DEBUG] - fit_round 51: strategy sampled 10 clients (out of 50)
[2024-06-01 13:34:34,064][flwr][DEBUG] - fit_round 51 received 10 results and 0 failures
[2024-06-01 13:34:37,537][flwr][INFO] - fit progress: (51, 13.985983256221516, {'accuracy': 0.963}, 276.9466109969653)
[2024-06-01 13:34:37,537][flwr][DEBUG] - evaluate_round 51: strategy sampled 1 clients (out of 50)
[2024-06-01 13:34:37,826][flwr][DEBUG] - evaluate_round 51 received 1 results and 0 failures
[2024-06-01 13:34:37,826][flwr][DEBUG] - fit_round 52: strategy sampled 10 clients (out of 50)
[2024-06-01 13:34:39,450][flwr][DEBUG] - fit_round 52 received 10 results and 0 failures
[2024-06-01 13:34:42,939][flwr][INFO] - fit progress: (52, 15.442117459955625, {'accuracy': 0.9628}, 282.34897549124435)
[2024-06-01 13:34:42,939][flwr][DEBUG] - evaluate_round 52: strategy sampled 1 clients (out of 50)
[2024-06-01 13:34:43,216][flwr][DEBUG] - evaluate_round 52 received 1 results and 0 failures
[2024-06-01 13:34:43,216][flwr][DEBUG] - fit_round 53: strategy sampled 10 clients (out of 50)
[2024-06-01 13:34:44,825][flwr][DEBUG] - fit_round 53 received 10 results and 0 failures
[2024-06-01 13:34:48,341][flwr][INFO] - fit progress: (53, 18.75353494565934, {'accuracy': 0.9475}, 287.7508302680217)
[2024-06-01 13:34:48,341][flwr][DEBUG] - evaluate_round 53: strategy sampled 1 clients (out of 50)
[2024-06-01 13:34:48,617][flwr][DEBUG] - evaluate_round 53 received 1 results and 0 failures
[2024-06-01 13:34:48,617][flwr][DEBUG] - fit_round 54: strategy sampled 10 clients (out of 50)
[2024-06-01 13:34:50,180][flwr][DEBUG] - fit_round 54 received 10 results and 0 failures
[2024-06-01 13:34:53,672][flwr][INFO] - fit progress: (54, 13.24401644783211, {'accuracy': 0.967}, 293.0816684202291)
[2024-06-01 13:34:53,672][flwr][DEBUG] - evaluate_round 54: strategy sampled 1 clients (out of 50)
[2024-06-01 13:34:53,939][flwr][DEBUG] - evaluate_round 54 received 1 results and 0 failures
[2024-06-01 13:34:53,939][flwr][DEBUG] - fit_round 55: strategy sampled 10 clients (out of 50)
[2024-06-01 13:34:55,556][flwr][DEBUG] - fit_round 55 received 10 results and 0 failures
[2024-06-01 13:34:59,049][flwr][INFO] - fit progress: (55, 15.19495937339525, {'accuracy': 0.9647}, 298.45815052092075)
[2024-06-01 13:34:59,049][flwr][DEBUG] - evaluate_round 55: strategy sampled 1 clients (out of 50)
[2024-06-01 13:34:59,364][flwr][DEBUG] - evaluate_round 55 received 1 results and 0 failures
[2024-06-01 13:34:59,364][flwr][DEBUG] - fit_round 56: strategy sampled 10 clients (out of 50)
[2024-06-01 13:35:00,903][flwr][DEBUG] - fit_round 56 received 10 results and 0 failures
[2024-06-01 13:35:04,351][flwr][INFO] - fit progress: (56, 15.796612207021099, {'accuracy': 0.9644}, 303.76015202887356)
[2024-06-01 13:35:04,351][flwr][DEBUG] - evaluate_round 56: strategy sampled 1 clients (out of 50)
[2024-06-01 13:35:04,633][flwr][DEBUG] - evaluate_round 56 received 1 results and 0 failures
[2024-06-01 13:35:04,633][flwr][DEBUG] - fit_round 57: strategy sampled 10 clients (out of 50)
[2024-06-01 13:35:06,370][flwr][DEBUG] - fit_round 57 received 10 results and 0 failures
[2024-06-01 13:35:09,885][flwr][INFO] - fit progress: (57, 11.81375908285554, {'accuracy': 0.9691}, 309.2945219348185)
[2024-06-01 13:35:09,885][flwr][DEBUG] - evaluate_round 57: strategy sampled 1 clients (out of 50)
[2024-06-01 13:35:10,164][flwr][DEBUG] - evaluate_round 57 received 1 results and 0 failures
[2024-06-01 13:35:10,165][flwr][DEBUG] - fit_round 58: strategy sampled 10 clients (out of 50)
[2024-06-01 13:35:11,944][flwr][DEBUG] - fit_round 58 received 10 results and 0 failures
[2024-06-01 13:35:15,411][flwr][INFO] - fit progress: (58, 13.47703169423562, {'accuracy': 0.9682}, 314.82108273589984)
[2024-06-01 13:35:15,412][flwr][DEBUG] - evaluate_round 58: strategy sampled 1 clients (out of 50)
[2024-06-01 13:35:15,700][flwr][DEBUG] - evaluate_round 58 received 1 results and 0 failures
[2024-06-01 13:35:15,700][flwr][DEBUG] - fit_round 59: strategy sampled 10 clients (out of 50)
[2024-06-01 13:35:17,435][flwr][DEBUG] - fit_round 59 received 10 results and 0 failures
[2024-06-01 13:35:20,915][flwr][INFO] - fit progress: (59, 13.259561480984303, {'accuracy': 0.9717}, 320.32491521397606)
[2024-06-01 13:35:20,915][flwr][DEBUG] - evaluate_round 59: strategy sampled 1 clients (out of 50)
[2024-06-01 13:35:21,167][flwr][DEBUG] - evaluate_round 59 received 1 results and 0 failures
[2024-06-01 13:35:21,167][flwr][DEBUG] - fit_round 60: strategy sampled 10 clients (out of 50)
[2024-06-01 13:35:22,808][flwr][DEBUG] - fit_round 60 received 10 results and 0 failures
[2024-06-01 13:35:26,214][flwr][INFO] - fit progress: (60, 14.127432761728414, {'accuracy': 0.9638}, 325.6232890272513)
[2024-06-01 13:35:26,214][flwr][DEBUG] - evaluate_round 60: strategy sampled 1 clients (out of 50)
[2024-06-01 13:35:26,504][flwr][DEBUG] - evaluate_round 60 received 1 results and 0 failures
[2024-06-01 13:35:26,504][flwr][DEBUG] - fit_round 61: strategy sampled 10 clients (out of 50)
[2024-06-01 13:35:28,162][flwr][DEBUG] - fit_round 61 received 10 results and 0 failures
[2024-06-01 13:35:31,643][flwr][INFO] - fit progress: (61, 13.713974880098249, {'accuracy': 0.9656}, 331.0526789110154)
[2024-06-01 13:35:31,643][flwr][DEBUG] - evaluate_round 61: strategy sampled 1 clients (out of 50)
[2024-06-01 13:35:31,916][flwr][DEBUG] - evaluate_round 61 received 1 results and 0 failures
[2024-06-01 13:35:31,916][flwr][DEBUG] - fit_round 62: strategy sampled 10 clients (out of 50)
[2024-06-01 13:35:33,590][flwr][DEBUG] - fit_round 62 received 10 results and 0 failures
[2024-06-01 13:35:37,076][flwr][INFO] - fit progress: (62, 12.78161374289175, {'accuracy': 0.965}, 336.48520089592785)
[2024-06-01 13:35:37,076][flwr][DEBUG] - evaluate_round 62: strategy sampled 1 clients (out of 50)
[2024-06-01 13:35:37,348][flwr][DEBUG] - evaluate_round 62 received 1 results and 0 failures
[2024-06-01 13:35:37,349][flwr][DEBUG] - fit_round 63: strategy sampled 10 clients (out of 50)
[2024-06-01 13:35:39,152][flwr][DEBUG] - fit_round 63 received 10 results and 0 failures
[2024-06-01 13:35:42,623][flwr][INFO] - fit progress: (63, 13.019832118628074, {'accuracy': 0.969}, 342.03244838211685)
[2024-06-01 13:35:42,623][flwr][DEBUG] - evaluate_round 63: strategy sampled 1 clients (out of 50)
[2024-06-01 13:35:42,897][flwr][DEBUG] - evaluate_round 63 received 1 results and 0 failures
[2024-06-01 13:35:42,897][flwr][DEBUG] - fit_round 64: strategy sampled 10 clients (out of 50)
[2024-06-01 13:35:44,489][flwr][DEBUG] - fit_round 64 received 10 results and 0 failures
[2024-06-01 13:35:47,971][flwr][INFO] - fit progress: (64, 13.433630576430005, {'accuracy': 0.9688}, 347.3809399828315)
[2024-06-01 13:35:47,971][flwr][DEBUG] - evaluate_round 64: strategy sampled 1 clients (out of 50)
[2024-06-01 13:35:48,245][flwr][DEBUG] - evaluate_round 64 received 1 results and 0 failures
[2024-06-01 13:35:48,245][flwr][DEBUG] - fit_round 65: strategy sampled 10 clients (out of 50)
[2024-06-01 13:35:49,796][flwr][DEBUG] - fit_round 65 received 10 results and 0 failures
[2024-06-01 13:35:53,233][flwr][INFO] - fit progress: (65, 23.773641011677682, {'accuracy': 0.9345}, 352.6421295828186)
[2024-06-01 13:35:53,233][flwr][DEBUG] - evaluate_round 65: strategy sampled 1 clients (out of 50)
[2024-06-01 13:35:53,517][flwr][DEBUG] - evaluate_round 65 received 1 results and 0 failures
[2024-06-01 13:35:53,517][flwr][DEBUG] - fit_round 66: strategy sampled 10 clients (out of 50)
[2024-06-01 13:35:55,217][flwr][DEBUG] - fit_round 66 received 10 results and 0 failures
[2024-06-01 13:35:58,791][flwr][INFO] - fit progress: (66, 16.14598467532778, {'accuracy': 0.963}, 358.20097911311314)
[2024-06-01 13:35:58,791][flwr][DEBUG] - evaluate_round 66: strategy sampled 1 clients (out of 50)
[2024-06-01 13:35:59,072][flwr][DEBUG] - evaluate_round 66 received 1 results and 0 failures
[2024-06-01 13:35:59,073][flwr][DEBUG] - fit_round 67: strategy sampled 10 clients (out of 50)
[2024-06-01 13:36:00,650][flwr][DEBUG] - fit_round 67 received 10 results and 0 failures
[2024-06-01 13:36:04,216][flwr][INFO] - fit progress: (67, 15.133873911807314, {'accuracy': 0.9643}, 363.6255653030239)
[2024-06-01 13:36:04,216][flwr][DEBUG] - evaluate_round 67: strategy sampled 1 clients (out of 50)
[2024-06-01 13:36:04,505][flwr][DEBUG] - evaluate_round 67 received 1 results and 0 failures
[2024-06-01 13:36:04,505][flwr][DEBUG] - fit_round 68: strategy sampled 10 clients (out of 50)
[2024-06-01 13:36:06,146][flwr][DEBUG] - fit_round 68 received 10 results and 0 failures
[2024-06-01 13:36:09,697][flwr][INFO] - fit progress: (68, 12.904845531636965, {'accuracy': 0.9689}, 369.1070304638706)
[2024-06-01 13:36:09,698][flwr][DEBUG] - evaluate_round 68: strategy sampled 1 clients (out of 50)
[2024-06-01 13:36:09,972][flwr][DEBUG] - evaluate_round 68 received 1 results and 0 failures
[2024-06-01 13:36:09,973][flwr][DEBUG] - fit_round 69: strategy sampled 10 clients (out of 50)
[2024-06-01 13:36:11,765][flwr][DEBUG] - fit_round 69 received 10 results and 0 failures
[2024-06-01 13:36:15,306][flwr][INFO] - fit progress: (69, 14.048828135244548, {'accuracy': 0.961}, 374.71605343092233)
[2024-06-01 13:36:15,307][flwr][DEBUG] - evaluate_round 69: strategy sampled 1 clients (out of 50)
[2024-06-01 13:36:15,596][flwr][DEBUG] - evaluate_round 69 received 1 results and 0 failures
[2024-06-01 13:36:15,596][flwr][DEBUG] - fit_round 70: strategy sampled 10 clients (out of 50)
[2024-06-01 13:36:17,332][flwr][DEBUG] - fit_round 70 received 10 results and 0 failures
[2024-06-01 13:36:20,875][flwr][INFO] - fit progress: (70, 11.355223910244604, {'accuracy': 0.9707}, 380.2850573528558)
[2024-06-01 13:36:20,876][flwr][DEBUG] - evaluate_round 70: strategy sampled 1 clients (out of 50)
[2024-06-01 13:36:21,154][flwr][DEBUG] - evaluate_round 70 received 1 results and 0 failures
[2024-06-01 13:36:21,154][flwr][DEBUG] - fit_round 71: strategy sampled 10 clients (out of 50)
[2024-06-01 13:36:22,733][flwr][DEBUG] - fit_round 71 received 10 results and 0 failures
[2024-06-01 13:36:26,264][flwr][INFO] - fit progress: (71, 12.822209591751744, {'accuracy': 0.9685}, 385.67365788295865)
[2024-06-01 13:36:26,264][flwr][DEBUG] - evaluate_round 71: strategy sampled 1 clients (out of 50)
[2024-06-01 13:36:26,538][flwr][DEBUG] - evaluate_round 71 received 1 results and 0 failures
[2024-06-01 13:36:26,539][flwr][DEBUG] - fit_round 72: strategy sampled 10 clients (out of 50)
[2024-06-01 13:36:28,099][flwr][DEBUG] - fit_round 72 received 10 results and 0 failures
[2024-06-01 13:36:31,619][flwr][INFO] - fit progress: (72, 15.577492020907812, {'accuracy': 0.9587}, 391.0281590819359)
[2024-06-01 13:36:31,619][flwr][DEBUG] - evaluate_round 72: strategy sampled 1 clients (out of 50)
[2024-06-01 13:36:31,897][flwr][DEBUG] - evaluate_round 72 received 1 results and 0 failures
[2024-06-01 13:36:31,897][flwr][DEBUG] - fit_round 73: strategy sampled 10 clients (out of 50)
[2024-06-01 13:36:33,672][flwr][DEBUG] - fit_round 73 received 10 results and 0 failures
[2024-06-01 13:36:37,161][flwr][INFO] - fit progress: (73, 15.230478265788406, {'accuracy': 0.9625}, 396.57102257106453)
[2024-06-01 13:36:37,162][flwr][DEBUG] - evaluate_round 73: strategy sampled 1 clients (out of 50)
[2024-06-01 13:36:37,423][flwr][DEBUG] - evaluate_round 73 received 1 results and 0 failures
[2024-06-01 13:36:37,423][flwr][DEBUG] - fit_round 74: strategy sampled 10 clients (out of 50)
[2024-06-01 13:36:39,094][flwr][DEBUG] - fit_round 74 received 10 results and 0 failures
[2024-06-01 13:36:42,639][flwr][INFO] - fit progress: (74, 11.81166220875457, {'accuracy': 0.9696}, 402.04894604720175)
[2024-06-01 13:36:42,639][flwr][DEBUG] - evaluate_round 74: strategy sampled 1 clients (out of 50)
[2024-06-01 13:36:42,964][flwr][DEBUG] - evaluate_round 74 received 1 results and 0 failures
[2024-06-01 13:36:42,965][flwr][DEBUG] - fit_round 75: strategy sampled 10 clients (out of 50)
[2024-06-01 13:36:44,537][flwr][DEBUG] - fit_round 75 received 10 results and 0 failures
[2024-06-01 13:36:48,015][flwr][INFO] - fit progress: (75, 11.417758710136695, {'accuracy': 0.9709}, 407.42446366883814)
[2024-06-01 13:36:48,015][flwr][DEBUG] - evaluate_round 75: strategy sampled 1 clients (out of 50)
[2024-06-01 13:36:48,276][flwr][DEBUG] - evaluate_round 75 received 1 results and 0 failures
[2024-06-01 13:36:48,276][flwr][DEBUG] - fit_round 76: strategy sampled 10 clients (out of 50)
[2024-06-01 13:36:49,951][flwr][DEBUG] - fit_round 76 received 10 results and 0 failures
[2024-06-01 13:36:53,451][flwr][INFO] - fit progress: (76, 12.404565830729553, {'accuracy': 0.9701}, 412.8601238159463)
[2024-06-01 13:36:53,451][flwr][DEBUG] - evaluate_round 76: strategy sampled 1 clients (out of 50)
[2024-06-01 13:36:53,738][flwr][DEBUG] - evaluate_round 76 received 1 results and 0 failures
[2024-06-01 13:36:53,739][flwr][DEBUG] - fit_round 77: strategy sampled 10 clients (out of 50)
[2024-06-01 13:36:55,375][flwr][DEBUG] - fit_round 77 received 10 results and 0 failures
[2024-06-01 13:36:58,849][flwr][INFO] - fit progress: (77, 12.90297015075339, {'accuracy': 0.9676}, 418.2589587052353)
[2024-06-01 13:36:58,849][flwr][DEBUG] - evaluate_round 77: strategy sampled 1 clients (out of 50)
[2024-06-01 13:36:59,141][flwr][DEBUG] - evaluate_round 77 received 1 results and 0 failures
[2024-06-01 13:36:59,142][flwr][DEBUG] - fit_round 78: strategy sampled 10 clients (out of 50)
[2024-06-01 13:37:00,657][flwr][DEBUG] - fit_round 78 received 10 results and 0 failures
[2024-06-01 13:37:04,160][flwr][INFO] - fit progress: (78, 11.06493228688305, {'accuracy': 0.972}, 423.56979859713465)
[2024-06-01 13:37:04,160][flwr][DEBUG] - evaluate_round 78: strategy sampled 1 clients (out of 50)
[2024-06-01 13:37:04,437][flwr][DEBUG] - evaluate_round 78 received 1 results and 0 failures
[2024-06-01 13:37:04,438][flwr][DEBUG] - fit_round 79: strategy sampled 10 clients (out of 50)
[2024-06-01 13:37:06,156][flwr][DEBUG] - fit_round 79 received 10 results and 0 failures
[2024-06-01 13:37:09,638][flwr][INFO] - fit progress: (79, 12.859189517213963, {'accuracy': 0.9624}, 429.0474343341775)
[2024-06-01 13:37:09,638][flwr][DEBUG] - evaluate_round 79: strategy sampled 1 clients (out of 50)
[2024-06-01 13:37:09,967][flwr][DEBUG] - evaluate_round 79 received 1 results and 0 failures
[2024-06-01 13:37:09,967][flwr][DEBUG] - fit_round 80: strategy sampled 10 clients (out of 50)
[2024-06-01 13:37:11,611][flwr][DEBUG] - fit_round 80 received 10 results and 0 failures
[2024-06-01 13:37:15,100][flwr][INFO] - fit progress: (80, 12.210134676366579, {'accuracy': 0.967}, 434.5095479362644)
[2024-06-01 13:37:15,100][flwr][DEBUG] - evaluate_round 80: strategy sampled 1 clients (out of 50)
[2024-06-01 13:37:15,382][flwr][DEBUG] - evaluate_round 80 received 1 results and 0 failures
[2024-06-01 13:37:15,382][flwr][DEBUG] - fit_round 81: strategy sampled 10 clients (out of 50)
[2024-06-01 13:37:16,958][flwr][DEBUG] - fit_round 81 received 10 results and 0 failures
[2024-06-01 13:37:20,452][flwr][INFO] - fit progress: (81, 13.612275928986492, {'accuracy': 0.9664}, 439.8620117572136)
[2024-06-01 13:37:20,453][flwr][DEBUG] - evaluate_round 81: strategy sampled 1 clients (out of 50)
[2024-06-01 13:37:20,742][flwr][DEBUG] - evaluate_round 81 received 1 results and 0 failures
[2024-06-01 13:37:20,742][flwr][DEBUG] - fit_round 82: strategy sampled 10 clients (out of 50)
[2024-06-01 13:37:22,456][flwr][DEBUG] - fit_round 82 received 10 results and 0 failures
[2024-06-01 13:37:25,937][flwr][INFO] - fit progress: (82, 13.683532755530905, {'accuracy': 0.9631}, 445.3467427128926)
[2024-06-01 13:37:25,937][flwr][DEBUG] - evaluate_round 82: strategy sampled 1 clients (out of 50)
[2024-06-01 13:37:26,229][flwr][DEBUG] - evaluate_round 82 received 1 results and 0 failures
[2024-06-01 13:37:26,230][flwr][DEBUG] - fit_round 83: strategy sampled 10 clients (out of 50)
[2024-06-01 13:37:27,876][flwr][DEBUG] - fit_round 83 received 10 results and 0 failures
[2024-06-01 13:37:31,364][flwr][INFO] - fit progress: (83, 10.998064907944354, {'accuracy': 0.9729}, 450.7737456248142)
[2024-06-01 13:37:31,364][flwr][DEBUG] - evaluate_round 83: strategy sampled 1 clients (out of 50)
[2024-06-01 13:37:31,638][flwr][DEBUG] - evaluate_round 83 received 1 results and 0 failures
[2024-06-01 13:37:31,639][flwr][DEBUG] - fit_round 84: strategy sampled 10 clients (out of 50)
[2024-06-01 13:37:33,354][flwr][DEBUG] - fit_round 84 received 10 results and 0 failures
[2024-06-01 13:37:36,856][flwr][INFO] - fit progress: (84, 14.017289139563218, {'accuracy': 0.9658}, 456.26533126225695)
[2024-06-01 13:37:36,856][flwr][DEBUG] - evaluate_round 84: strategy sampled 1 clients (out of 50)
[2024-06-01 13:37:37,130][flwr][DEBUG] - evaluate_round 84 received 1 results and 0 failures
[2024-06-01 13:37:37,130][flwr][DEBUG] - fit_round 85: strategy sampled 10 clients (out of 50)
[2024-06-01 13:37:38,896][flwr][DEBUG] - fit_round 85 received 10 results and 0 failures
[2024-06-01 13:37:42,355][flwr][INFO] - fit progress: (85, 13.455100101709832, {'accuracy': 0.966}, 461.7644659061916)
[2024-06-01 13:37:42,355][flwr][DEBUG] - evaluate_round 85: strategy sampled 1 clients (out of 50)
[2024-06-01 13:37:42,641][flwr][DEBUG] - evaluate_round 85 received 1 results and 0 failures
[2024-06-01 13:37:42,641][flwr][DEBUG] - fit_round 86: strategy sampled 10 clients (out of 50)
[2024-06-01 13:37:44,270][flwr][DEBUG] - fit_round 86 received 10 results and 0 failures
[2024-06-01 13:37:47,738][flwr][INFO] - fit progress: (86, 13.036992053559516, {'accuracy': 0.9683}, 467.1471780552529)
[2024-06-01 13:37:47,738][flwr][DEBUG] - evaluate_round 86: strategy sampled 1 clients (out of 50)
[2024-06-01 13:37:48,013][flwr][DEBUG] - evaluate_round 86 received 1 results and 0 failures
[2024-06-01 13:37:48,013][flwr][DEBUG] - fit_round 87: strategy sampled 10 clients (out of 50)
[2024-06-01 13:37:49,646][flwr][DEBUG] - fit_round 87 received 10 results and 0 failures
[2024-06-01 13:37:53,174][flwr][INFO] - fit progress: (87, 12.311593790422194, {'accuracy': 0.973}, 472.5831875712611)
[2024-06-01 13:37:53,174][flwr][DEBUG] - evaluate_round 87: strategy sampled 1 clients (out of 50)
[2024-06-01 13:37:53,457][flwr][DEBUG] - evaluate_round 87 received 1 results and 0 failures
[2024-06-01 13:37:53,457][flwr][DEBUG] - fit_round 88: strategy sampled 10 clients (out of 50)
[2024-06-01 13:37:55,040][flwr][DEBUG] - fit_round 88 received 10 results and 0 failures
[2024-06-01 13:37:58,561][flwr][INFO] - fit progress: (88, 11.316123899945524, {'accuracy': 0.9729}, 477.97108953725547)
[2024-06-01 13:37:58,562][flwr][DEBUG] - evaluate_round 88: strategy sampled 1 clients (out of 50)
[2024-06-01 13:37:58,841][flwr][DEBUG] - evaluate_round 88 received 1 results and 0 failures
[2024-06-01 13:37:58,842][flwr][DEBUG] - fit_round 89: strategy sampled 10 clients (out of 50)
[2024-06-01 13:38:00,506][flwr][DEBUG] - fit_round 89 received 10 results and 0 failures
[2024-06-01 13:38:04,011][flwr][INFO] - fit progress: (89, 13.57553781569004, {'accuracy': 0.9629}, 483.4207386248745)
[2024-06-01 13:38:04,011][flwr][DEBUG] - evaluate_round 89: strategy sampled 1 clients (out of 50)
[2024-06-01 13:38:04,297][flwr][DEBUG] - evaluate_round 89 received 1 results and 0 failures
[2024-06-01 13:38:04,297][flwr][DEBUG] - fit_round 90: strategy sampled 10 clients (out of 50)
[2024-06-01 13:38:05,955][flwr][DEBUG] - fit_round 90 received 10 results and 0 failures
[2024-06-01 13:38:09,487][flwr][INFO] - fit progress: (90, 14.716370062436908, {'accuracy': 0.961}, 488.8961880970746)
[2024-06-01 13:38:09,487][flwr][DEBUG] - evaluate_round 90: strategy sampled 1 clients (out of 50)
[2024-06-01 13:38:09,761][flwr][DEBUG] - evaluate_round 90 received 1 results and 0 failures
[2024-06-01 13:38:09,762][flwr][DEBUG] - fit_round 91: strategy sampled 10 clients (out of 50)
[2024-06-01 13:38:11,417][flwr][DEBUG] - fit_round 91 received 10 results and 0 failures
[2024-06-01 13:38:14,943][flwr][INFO] - fit progress: (91, 11.775704211417178, {'accuracy': 0.9713}, 494.3526680050418)
[2024-06-01 13:38:14,943][flwr][DEBUG] - evaluate_round 91: strategy sampled 1 clients (out of 50)
[2024-06-01 13:38:15,222][flwr][DEBUG] - evaluate_round 91 received 1 results and 0 failures
[2024-06-01 13:38:15,222][flwr][DEBUG] - fit_round 92: strategy sampled 10 clients (out of 50)
[2024-06-01 13:38:16,907][flwr][DEBUG] - fit_round 92 received 10 results and 0 failures
[2024-06-01 13:38:20,421][flwr][INFO] - fit progress: (92, 11.351256051260862, {'accuracy': 0.9721}, 499.83024936402217)
[2024-06-01 13:38:20,421][flwr][DEBUG] - evaluate_round 92: strategy sampled 1 clients (out of 50)
[2024-06-01 13:38:20,693][flwr][DEBUG] - evaluate_round 92 received 1 results and 0 failures
[2024-06-01 13:38:20,693][flwr][DEBUG] - fit_round 93: strategy sampled 10 clients (out of 50)
[2024-06-01 13:38:22,258][flwr][DEBUG] - fit_round 93 received 10 results and 0 failures
[2024-06-01 13:38:25,743][flwr][INFO] - fit progress: (93, 11.11988665588433, {'accuracy': 0.9711}, 505.1527244360186)
[2024-06-01 13:38:25,743][flwr][DEBUG] - evaluate_round 93: strategy sampled 1 clients (out of 50)
[2024-06-01 13:38:26,020][flwr][DEBUG] - evaluate_round 93 received 1 results and 0 failures
[2024-06-01 13:38:26,021][flwr][DEBUG] - fit_round 94: strategy sampled 10 clients (out of 50)
[2024-06-01 13:38:27,621][flwr][DEBUG] - fit_round 94 received 10 results and 0 failures
[2024-06-01 13:38:31,096][flwr][INFO] - fit progress: (94, 12.577095251705032, {'accuracy': 0.9668}, 510.5054130638018)
[2024-06-01 13:38:31,096][flwr][DEBUG] - evaluate_round 94: strategy sampled 1 clients (out of 50)
[2024-06-01 13:38:31,380][flwr][DEBUG] - evaluate_round 94 received 1 results and 0 failures
[2024-06-01 13:38:31,380][flwr][DEBUG] - fit_round 95: strategy sampled 10 clients (out of 50)
[2024-06-01 13:38:33,049][flwr][DEBUG] - fit_round 95 received 10 results and 0 failures
[2024-06-01 13:38:36,540][flwr][INFO] - fit progress: (95, 26.374548422929365, {'accuracy': 0.948}, 515.9500753898174)
[2024-06-01 13:38:36,541][flwr][DEBUG] - evaluate_round 95: strategy sampled 1 clients (out of 50)
[2024-06-01 13:38:36,836][flwr][DEBUG] - evaluate_round 95 received 1 results and 0 failures
[2024-06-01 13:38:36,836][flwr][DEBUG] - fit_round 96: strategy sampled 10 clients (out of 50)
[2024-06-01 13:38:38,520][flwr][DEBUG] - fit_round 96 received 10 results and 0 failures
[2024-06-01 13:38:42,040][flwr][INFO] - fit progress: (96, 13.074885861948133, {'accuracy': 0.9689}, 521.4492627130821)
[2024-06-01 13:38:42,040][flwr][DEBUG] - evaluate_round 96: strategy sampled 1 clients (out of 50)
[2024-06-01 13:38:42,320][flwr][DEBUG] - evaluate_round 96 received 1 results and 0 failures
[2024-06-01 13:38:42,320][flwr][DEBUG] - fit_round 97: strategy sampled 10 clients (out of 50)
[2024-06-01 13:38:44,079][flwr][DEBUG] - fit_round 97 received 10 results and 0 failures
[2024-06-01 13:38:47,536][flwr][INFO] - fit progress: (97, 16.149967351200758, {'accuracy': 0.9569}, 526.9454593360424)
[2024-06-01 13:38:47,536][flwr][DEBUG] - evaluate_round 97: strategy sampled 1 clients (out of 50)
[2024-06-01 13:38:47,817][flwr][DEBUG] - evaluate_round 97 received 1 results and 0 failures
[2024-06-01 13:38:47,818][flwr][DEBUG] - fit_round 98: strategy sampled 10 clients (out of 50)
[2024-06-01 13:38:49,441][flwr][DEBUG] - fit_round 98 received 10 results and 0 failures
[2024-06-01 13:38:52,913][flwr][INFO] - fit progress: (98, 13.914154097728897, {'accuracy': 0.9665}, 532.3230361272581)
[2024-06-01 13:38:52,914][flwr][DEBUG] - evaluate_round 98: strategy sampled 1 clients (out of 50)
[2024-06-01 13:38:53,196][flwr][DEBUG] - evaluate_round 98 received 1 results and 0 failures
[2024-06-01 13:38:53,196][flwr][DEBUG] - fit_round 99: strategy sampled 10 clients (out of 50)
[2024-06-01 13:38:55,021][flwr][DEBUG] - fit_round 99 received 10 results and 0 failures
[2024-06-01 13:38:58,484][flwr][INFO] - fit progress: (99, 19.386828071903437, {'accuracy': 0.955}, 537.8931591049768)
[2024-06-01 13:38:58,484][flwr][DEBUG] - evaluate_round 99: strategy sampled 1 clients (out of 50)
[2024-06-01 13:38:58,822][flwr][DEBUG] - evaluate_round 99 received 1 results and 0 failures
[2024-06-01 13:38:58,823][flwr][DEBUG] - fit_round 100: strategy sampled 10 clients (out of 50)
[2024-06-01 13:39:00,555][flwr][DEBUG] - fit_round 100 received 10 results and 0 failures
[2024-06-01 13:39:04,047][flwr][INFO] - fit progress: (100, 13.371058516902849, {'accuracy': 0.9642}, 543.4564671311527)
[2024-06-01 13:39:04,047][flwr][DEBUG] - evaluate_round 100: strategy sampled 1 clients (out of 50)
[2024-06-01 13:39:04,328][flwr][DEBUG] - evaluate_round 100 received 1 results and 0 failures
[2024-06-01 13:39:04,329][flwr][INFO] - FL finished in 543.7381482911296
[2024-06-01 13:39:04,349][flwr][INFO] - app_fit: losses_distributed [(1, 36.68350553512573), (2, 35.185481548309326), (3, 13.400257229804993), (4, 5.696757525205612), (5, 2.92585458047688), (6, 0.8751161070540547), (7, 3.595513664186001), (8, 1.3448305763304234), (9, 3.016326956450939), (10, 3.2048920691013336), (11, 1.7240310311317444), (12, 0.9779451838112436), (13, 1.4422225766611518), (14, 1.1923474967479706), (15, 2.785517773721949), (16, 3.255041468888521), (17, 0.48467216645440203), (18, 0.6340989023447037), (19, 1.7569060809910297), (20, 0.35310978442430496), (21, 0.44895258776341507), (22, 1.2226229656953365), (23, 0.6856846186565235), (24, 0.37293600049451925), (25, 1.4497173361305613), (26, 0.37595590253476985), (27, 0.140429935825523), (28, 0.5429407506380812), (29, 2.0161783322691917), (30, 0.5224922741181217), (31, 3.183772100135684), (32, 1.139164462685585), (33, 0.40519497357308865), (34, 1.6584938494488597), (35, 0.13858442878699861), (36, 0.6239331632386893), (37, 0.8835562583553838), (38, 0.9147740860935301), (39, 0.6800826122052968), (40, 1.2318743732757866), (41, 1.1617461739806458), (42, 0.8788207471370697), (43, 0.5507908463478088), (44, 0.8815803525503725), (45, 0.23729634797928156), (46, 0.40838292756234296), (47, 0.8706695437431335), (48, 0.21720609022304416), (49, 0.0006679052603431046), (50, 1.7511727926321328), (51, 0.6230060644447803), (52, 0.2850792892277241), (53, 3.159279480576515), (54, 0.1283045462332666), (55, 0.610055087832734), (56, 0.513207124080509), (57, 0.9562805891036987), (58, 0.42554225865751505), (59, 1.718199928291142), (60, 0.15190397933474742), (61, 1.1664769638737198), (62, 0.9104199730791152), (63, 1.0650804182514548), (64, 0.3563102380139753), (65, 0.4726163614541292), (66, 1.5517631769180298), (67, 0.08547744201496243), (68, 0.0740108743775636), (69, 0.867831252515316), (70, 0.312876898329705), (71, 2.1213285916601308), (72, 0.6403865814208984), (73, 0.07852955255657434), (74, 4.018710736185312), (75, 0.3057722896337509), (76, 0.928279506508261), (77, 0.6079070966225117), (78, 0.3786460841074586), (79, 1.7529630521312356), (80, 0.37175204418599606), (81, 0.4805758922593668), (82, 3.1787842735648155), (83, 0.9581270285416394), (84, 0.10306303482502699), (85, 0.39811446983367205), (86, 0.13005387783050537), (87, 1.1879164468264207), (88, 1.2370921643450856), (89, 1.688928560120985), (90, 2.8224375434219837), (91, 1.0253201454761438), (92, 1.6109912674874067), (93, 1.184921631589532), (94, 0.5650811790837906), (95, 0.8247477728873491), (96, 0.15065617475192994), (97, 0.5352734038606286), (98, 3.4245138615369797), (99, 0.9262877474538982), (100, 1.8549937773495913)]
[2024-06-01 13:39:04,349][flwr][INFO] - app_fit: metrics_distributed_fit {}
[2024-06-01 13:39:04,349][flwr][INFO] - app_fit: metrics_distributed {}
[2024-06-01 13:39:04,350][flwr][INFO] - app_fit: losses_centralized [(0, 179.44567966461182), (1, 536.6802730560303), (2, 837.3075895309448), (3, 69.21946054697037), (4, 44.58957539871335), (5, 35.52311959304643), (6, 30.13673053202001), (7, 36.129664147272706), (8, 39.373525641392916), (9, 34.96111822873354), (10, 29.455115233551624), (11, 44.042394703254104), (12, 23.858265754999593), (13, 25.08923367754305), (14, 53.491518065333366), (15, 33.4905299073871), (16, 28.48893971434154), (17, 23.725365924894504), (18, 20.664995458712724), (19, 18.804120695910797), (20, 24.421134818589053), (21, 25.654864738957258), (22, 21.796402974316152), (23, 28.48906058986904), (24, 19.839378681382726), (25, 18.71535719412384), (26, 16.39603898234384), (27, 15.977192884991382), (28, 15.848694094071107), (29, 18.724179019645817), (30, 17.576835855141326), (31, 15.61007294328374), (32, 13.324913771006322), (33, 23.252206414937973), (34, 17.58389028883539), (35, 13.985322017472072), (36, 12.928466613378987), (37, 16.546558582689613), (38, 15.519069385540206), (39, 15.964743434029515), (40, 17.026309335720725), (41, 13.921932146695326), (42, 19.08374636271037), (43, 14.36776536140951), (44, 15.261865924313497), (45, 15.327932073385455), (46, 13.779977088441228), (47, 12.704981594710262), (48, 15.290306016308023), (49, 15.644838988024276), (50, 13.410348375196918), (51, 13.985983256221516), (52, 15.442117459955625), (53, 18.75353494565934), (54, 13.24401644783211), (55, 15.19495937339525), (56, 15.796612207021099), (57, 11.81375908285554), (58, 13.47703169423562), (59, 13.259561480984303), (60, 14.127432761728414), (61, 13.713974880098249), (62, 12.78161374289175), (63, 13.019832118628074), (64, 13.433630576430005), (65, 23.773641011677682), (66, 16.14598467532778), (67, 15.133873911807314), (68, 12.904845531636965), (69, 14.048828135244548), (70, 11.355223910244604), (71, 12.822209591751744), (72, 15.577492020907812), (73, 15.230478265788406), (74, 11.81166220875457), (75, 11.417758710136695), (76, 12.404565830729553), (77, 12.90297015075339), (78, 11.06493228688305), (79, 12.859189517213963), (80, 12.210134676366579), (81, 13.612275928986492), (82, 13.683532755530905), (83, 10.998064907944354), (84, 14.017289139563218), (85, 13.455100101709832), (86, 13.036992053559516), (87, 12.311593790422194), (88, 11.316123899945524), (89, 13.57553781569004), (90, 14.716370062436908), (91, 11.775704211417178), (92, 11.351256051260862), (93, 11.11988665588433), (94, 12.577095251705032), (95, 26.374548422929365), (96, 13.074885861948133), (97, 16.149967351200758), (98, 13.914154097728897), (99, 19.386828071903437), (100, 13.371058516902849)]
[2024-06-01 13:39:04,350][flwr][INFO] - app_fit: metrics_centralized {'accuracy': [(0, 0.1208), (1, 0.2004), (2, 0.3307), (3, 0.8263), (4, 0.8994), (5, 0.922), (6, 0.9302), (7, 0.9135), (8, 0.9156), (9, 0.927), (10, 0.9384), (11, 0.9079), (12, 0.9502), (13, 0.9466), (14, 0.8881), (15, 0.9296), (16, 0.9406), (17, 0.9488), (18, 0.9566), (19, 0.958), (20, 0.9445), (21, 0.948), (22, 0.9546), (23, 0.9395), (24, 0.9572), (25, 0.9608), (26, 0.9633), (27, 0.9643), (28, 0.9633), (29, 0.9587), (30, 0.9646), (31, 0.9635), (32, 0.9664), (33, 0.939), (34, 0.9587), (35, 0.9664), (36, 0.9655), (37, 0.9568), (38, 0.9638), (39, 0.9593), (40, 0.959), (41, 0.9653), (42, 0.9475), (43, 0.9665), (44, 0.9645), (45, 0.9622), (46, 0.9665), (47, 0.9688), (48, 0.9629), (49, 0.9617), (50, 0.9658), (51, 0.963), (52, 0.9628), (53, 0.9475), (54, 0.967), (55, 0.9647), (56, 0.9644), (57, 0.9691), (58, 0.9682), (59, 0.9717), (60, 0.9638), (61, 0.9656), (62, 0.965), (63, 0.969), (64, 0.9688), (65, 0.9345), (66, 0.963), (67, 0.9643), (68, 0.9689), (69, 0.961), (70, 0.9707), (71, 0.9685), (72, 0.9587), (73, 0.9625), (74, 0.9696), (75, 0.9709), (76, 0.9701), (77, 0.9676), (78, 0.972), (79, 0.9624), (80, 0.967), (81, 0.9664), (82, 0.9631), (83, 0.9729), (84, 0.9658), (85, 0.966), (86, 0.9683), (87, 0.973), (88, 0.9729), (89, 0.9629), (90, 0.961), (91, 0.9713), (92, 0.9721), (93, 0.9711), (94, 0.9668), (95, 0.948), (96, 0.9689), (97, 0.9569), (98, 0.9665), (99, 0.955), (100, 0.9642)]}
