[2024-05-26 16:38:50,042][flwr][INFO] - Starting Flower simulation, config: ServerConfig(num_rounds=100, round_timeout=None)
[2024-05-26 16:38:52,131][flwr][INFO] - Flower VCE: Ray initialized with resources: {'node:172.17.34.3': 1.0, 'GPU': 2.0, 'object_store_memory': 39930746880.0, 'CPU': 24.0, 'accelerator_type:G': 1.0, 'memory': 83171742720.0}
[2024-05-26 16:38:52,132][flwr][INFO] - Initializing global parameters
[2024-05-26 16:38:52,132][flwr][INFO] - Requesting initial parameters from one random client
[2024-05-26 16:38:53,842][flwr][INFO] - Received initial parameters from one random client
[2024-05-26 16:38:53,842][flwr][INFO] - Evaluating initial parameters
[2024-05-26 16:38:55,945][flwr][INFO] - initial parameters (loss, other metrics): 191.90717840194702, {'accuracy': 0.1166}
[2024-05-26 16:38:55,945][flwr][INFO] - FL starting
[2024-05-26 16:38:55,945][flwr][DEBUG] - fit_round 1: strategy sampled 10 clients (out of 50)
[2024-05-26 16:39:06,161][flwr][DEBUG] - fit_round 1 received 10 results and 0 failures
[2024-05-26 16:39:07,593][flwr][WARNING] - No fit_metrics_aggregation_fn provided
[2024-05-26 16:39:08,494][flwr][INFO] - fit progress: (1, 123.30634644627571, {'accuracy': 0.6905}, 12.54853357700631)
[2024-05-26 16:39:08,494][flwr][DEBUG] - evaluate_round 1: strategy sampled 1 clients (out of 50)
[2024-05-26 16:39:09,164][flwr][DEBUG] - evaluate_round 1 received 1 results and 0 failures
[2024-05-26 16:39:09,164][flwr][WARNING] - No evaluate_metrics_aggregation_fn provided
[2024-05-26 16:39:09,164][flwr][DEBUG] - fit_round 2: strategy sampled 10 clients (out of 50)
[2024-05-26 16:39:18,557][flwr][DEBUG] - fit_round 2 received 10 results and 0 failures
[2024-05-26 16:39:20,933][flwr][INFO] - fit progress: (2, 196.90126156806946, {'accuracy': 0.6721}, 24.988219079794362)
[2024-05-26 16:39:20,933][flwr][DEBUG] - evaluate_round 2: strategy sampled 1 clients (out of 50)
[2024-05-26 16:39:21,593][flwr][DEBUG] - evaluate_round 2 received 1 results and 0 failures
[2024-05-26 16:39:21,593][flwr][DEBUG] - fit_round 3: strategy sampled 10 clients (out of 50)
