[2024-05-13 14:04:47,651][flwr][INFO] - Starting Flower simulation, config: ServerConfig(num_rounds=100, round_timeout=None)
[2024-05-13 14:04:51,085][flwr][INFO] - Flower VCE: Ray initialized with resources: {'memory': 36440324507.0, 'CPU': 20.0, 'object_store_memory': 18220162252.0, 'node:__internal_head__': 1.0, 'accelerator_type:G': 1.0, 'GPU': 4.0, 'node:172.17.34.49': 1.0}
[2024-05-13 14:04:51,086][flwr][INFO] - Initializing global parameters
[2024-05-13 14:04:51,086][flwr][INFO] - Requesting initial parameters from one random client
[2024-05-13 14:04:53,633][flwr][INFO] - Received initial parameters from one random client
[2024-05-13 14:04:53,633][flwr][INFO] - Evaluating initial parameters
[2024-05-13 14:04:57,041][flwr][INFO] - initial parameters (loss, other metrics): 197.21134901046753, {'accuracy': 0.0772}
[2024-05-13 14:04:57,042][flwr][INFO] - FL starting
[2024-05-13 14:04:57,042][flwr][DEBUG] - fit_round 1: strategy sampled 10 clients (out of 50)
[2024-05-13 14:05:47,351][flwr][DEBUG] - fit_round 1 received 10 results and 0 failures
[2024-05-13 14:05:49,890][flwr][WARNING] - No fit_metrics_aggregation_fn provided
[2024-05-13 14:05:51,820][flwr][INFO] - fit progress: (1, 138.7716907262802, {'accuracy': 0.5592}, 54.778138760477304)
[2024-05-13 14:05:51,820][flwr][DEBUG] - evaluate_round 1: strategy sampled 1 clients (out of 50)
[2024-05-13 14:05:55,780][flwr][DEBUG] - evaluate_round 1 received 1 results and 0 failures
[2024-05-13 14:05:55,781][flwr][WARNING] - No evaluate_metrics_aggregation_fn provided
[2024-05-13 14:05:55,781][flwr][DEBUG] - fit_round 2: strategy sampled 10 clients (out of 50)
[2024-05-13 14:06:46,859][flwr][DEBUG] - fit_round 2 received 10 results and 0 failures
[2024-05-13 14:06:51,354][flwr][INFO] - fit progress: (2, 225.89652013778687, {'accuracy': 0.6237}, 114.31213532015681)
[2024-05-13 14:06:51,354][flwr][DEBUG] - evaluate_round 2: strategy sampled 1 clients (out of 50)
[2024-05-13 14:06:55,321][flwr][DEBUG] - evaluate_round 2 received 1 results and 0 failures
[2024-05-13 14:06:55,321][flwr][DEBUG] - fit_round 3: strategy sampled 10 clients (out of 50)
[2024-05-13 14:07:46,113][flwr][DEBUG] - fit_round 3 received 10 results and 0 failures
[2024-05-13 14:07:50,653][flwr][INFO] - fit progress: (3, 120.66902020573616, {'accuracy': 0.7689}, 173.6109769269824)
[2024-05-13 14:07:50,653][flwr][DEBUG] - evaluate_round 3: strategy sampled 1 clients (out of 50)
[2024-05-13 14:07:54,622][flwr][DEBUG] - evaluate_round 3 received 1 results and 0 failures
[2024-05-13 14:07:54,623][flwr][DEBUG] - fit_round 4: strategy sampled 10 clients (out of 50)
[2024-05-13 14:08:45,631][flwr][DEBUG] - fit_round 4 received 10 results and 0 failures
[2024-05-13 14:08:52,885][flwr][INFO] - fit progress: (4, 145.84328581392765, {'accuracy': 0.7978}, 235.84337317571044)
[2024-05-13 14:08:52,885][flwr][DEBUG] - evaluate_round 4: strategy sampled 1 clients (out of 50)
[2024-05-13 14:08:56,865][flwr][DEBUG] - evaluate_round 4 received 1 results and 0 failures
[2024-05-13 14:08:56,865][flwr][DEBUG] - fit_round 5: strategy sampled 10 clients (out of 50)
[2024-05-13 14:09:47,621][flwr][DEBUG] - fit_round 5 received 10 results and 0 failures
[2024-05-13 14:09:54,867][flwr][INFO] - fit progress: (5, 149.66317190229893, {'accuracy': 0.8005}, 297.82575730234385)
[2024-05-13 14:09:54,868][flwr][DEBUG] - evaluate_round 5: strategy sampled 1 clients (out of 50)
[2024-05-13 14:09:58,809][flwr][DEBUG] - evaluate_round 5 received 1 results and 0 failures
[2024-05-13 14:09:58,810][flwr][DEBUG] - fit_round 6: strategy sampled 10 clients (out of 50)
[2024-05-13 14:10:49,798][flwr][DEBUG] - fit_round 6 received 10 results and 0 failures
[2024-05-13 14:10:57,033][flwr][INFO] - fit progress: (6, 81.72924903035164, {'accuracy': 0.8459}, 359.9918094277382)
[2024-05-13 14:10:57,034][flwr][DEBUG] - evaluate_round 6: strategy sampled 1 clients (out of 50)
[2024-05-13 14:11:01,008][flwr][DEBUG] - evaluate_round 6 received 1 results and 0 failures
[2024-05-13 14:11:01,008][flwr][DEBUG] - fit_round 7: strategy sampled 10 clients (out of 50)
[2024-05-13 14:11:52,472][flwr][DEBUG] - fit_round 7 received 10 results and 0 failures
[2024-05-13 14:11:59,750][flwr][INFO] - fit progress: (7, 45.07632461935282, {'accuracy': 0.8475}, 422.708662815392)
[2024-05-13 14:11:59,750][flwr][DEBUG] - evaluate_round 7: strategy sampled 1 clients (out of 50)
[2024-05-13 14:12:03,733][flwr][DEBUG] - evaluate_round 7 received 1 results and 0 failures
[2024-05-13 14:12:03,734][flwr][DEBUG] - fit_round 8: strategy sampled 10 clients (out of 50)
[2024-05-13 14:12:54,756][flwr][DEBUG] - fit_round 8 received 10 results and 0 failures
[2024-05-13 14:13:02,104][flwr][INFO] - fit progress: (8, 42.55788258463144, {'accuracy': 0.8414}, 485.062363948673)
[2024-05-13 14:13:02,104][flwr][DEBUG] - evaluate_round 8: strategy sampled 1 clients (out of 50)
[2024-05-13 14:13:06,083][flwr][DEBUG] - evaluate_round 8 received 1 results and 0 failures
[2024-05-13 14:13:06,084][flwr][DEBUG] - fit_round 9: strategy sampled 10 clients (out of 50)
[2024-05-13 14:13:57,051][flwr][DEBUG] - fit_round 9 received 10 results and 0 failures
[2024-05-13 14:14:04,367][flwr][INFO] - fit progress: (9, 42.64160242676735, {'accuracy': 0.8414}, 547.3252069279552)
[2024-05-13 14:14:04,367][flwr][DEBUG] - evaluate_round 9: strategy sampled 1 clients (out of 50)
[2024-05-13 14:14:08,364][flwr][DEBUG] - evaluate_round 9 received 1 results and 0 failures
[2024-05-13 14:14:08,365][flwr][DEBUG] - fit_round 10: strategy sampled 10 clients (out of 50)
[2024-05-13 14:14:59,686][flwr][DEBUG] - fit_round 10 received 10 results and 0 failures
[2024-05-13 14:15:06,950][flwr][INFO] - fit progress: (10, 35.51274107769132, {'accuracy': 0.8711}, 609.908588591963)
[2024-05-13 14:15:06,950][flwr][DEBUG] - evaluate_round 10: strategy sampled 1 clients (out of 50)
[2024-05-13 14:15:10,892][flwr][DEBUG] - evaluate_round 10 received 1 results and 0 failures
[2024-05-13 14:15:10,892][flwr][DEBUG] - fit_round 11: strategy sampled 10 clients (out of 50)
[2024-05-13 14:16:01,659][flwr][DEBUG] - fit_round 11 received 10 results and 0 failures
[2024-05-13 14:16:08,874][flwr][INFO] - fit progress: (11, 39.869773671031, {'accuracy': 0.8696}, 671.8319564424455)
[2024-05-13 14:16:08,874][flwr][DEBUG] - evaluate_round 11: strategy sampled 1 clients (out of 50)
[2024-05-13 14:16:12,822][flwr][DEBUG] - evaluate_round 11 received 1 results and 0 failures
[2024-05-13 14:16:12,822][flwr][DEBUG] - fit_round 12: strategy sampled 10 clients (out of 50)
[2024-05-13 14:17:03,744][flwr][DEBUG] - fit_round 12 received 10 results and 0 failures
[2024-05-13 14:17:10,955][flwr][INFO] - fit progress: (12, 40.08361665904522, {'accuracy': 0.8623}, 733.913237247616)
[2024-05-13 14:17:10,955][flwr][DEBUG] - evaluate_round 12: strategy sampled 1 clients (out of 50)
[2024-05-13 14:17:14,861][flwr][DEBUG] - evaluate_round 12 received 1 results and 0 failures
[2024-05-13 14:17:14,861][flwr][DEBUG] - fit_round 13: strategy sampled 10 clients (out of 50)
[2024-05-13 14:18:06,810][flwr][DEBUG] - fit_round 13 received 10 results and 0 failures
[2024-05-13 14:18:14,082][flwr][INFO] - fit progress: (13, 40.876325532794, {'accuracy': 0.8626}, 797.0407891012728)
[2024-05-13 14:18:14,083][flwr][DEBUG] - evaluate_round 13: strategy sampled 1 clients (out of 50)
[2024-05-13 14:18:18,055][flwr][DEBUG] - evaluate_round 13 received 1 results and 0 failures
[2024-05-13 14:18:18,055][flwr][DEBUG] - fit_round 14: strategy sampled 10 clients (out of 50)
[2024-05-13 14:19:09,344][flwr][DEBUG] - fit_round 14 received 10 results and 0 failures
[2024-05-13 14:19:16,675][flwr][INFO] - fit progress: (14, 39.80794771015644, {'accuracy': 0.8725}, 859.6331161372364)
[2024-05-13 14:19:16,675][flwr][DEBUG] - evaluate_round 14: strategy sampled 1 clients (out of 50)
[2024-05-13 14:19:20,654][flwr][DEBUG] - evaluate_round 14 received 1 results and 0 failures
[2024-05-13 14:19:20,654][flwr][DEBUG] - fit_round 15: strategy sampled 10 clients (out of 50)
[2024-05-13 14:20:11,524][flwr][DEBUG] - fit_round 15 received 10 results and 0 failures
[2024-05-13 14:20:18,852][flwr][INFO] - fit progress: (15, 123.30478835105896, {'accuracy': 0.8301}, 921.8107719905674)
[2024-05-13 14:20:18,853][flwr][DEBUG] - evaluate_round 15: strategy sampled 1 clients (out of 50)
[2024-05-13 14:20:22,853][flwr][DEBUG] - evaluate_round 15 received 1 results and 0 failures
[2024-05-13 14:20:22,853][flwr][DEBUG] - fit_round 16: strategy sampled 10 clients (out of 50)
[2024-05-13 14:21:14,306][flwr][DEBUG] - fit_round 16 received 10 results and 0 failures
[2024-05-13 14:21:21,580][flwr][INFO] - fit progress: (16, 71.32072430849075, {'accuracy': 0.8197}, 984.5380298681557)
[2024-05-13 14:21:21,580][flwr][DEBUG] - evaluate_round 16: strategy sampled 1 clients (out of 50)
[2024-05-13 14:21:25,576][flwr][DEBUG] - evaluate_round 16 received 1 results and 0 failures
[2024-05-13 14:21:25,576][flwr][DEBUG] - fit_round 17: strategy sampled 10 clients (out of 50)
[2024-05-13 14:22:16,856][flwr][DEBUG] - fit_round 17 received 10 results and 0 failures
[2024-05-13 14:22:24,047][flwr][INFO] - fit progress: (17, 46.2749547958374, {'accuracy': 0.8331}, 1047.005842782557)
[2024-05-13 14:22:24,048][flwr][DEBUG] - evaluate_round 17: strategy sampled 1 clients (out of 50)
[2024-05-13 14:22:28,031][flwr][DEBUG] - evaluate_round 17 received 1 results and 0 failures
[2024-05-13 14:22:28,031][flwr][DEBUG] - fit_round 18: strategy sampled 10 clients (out of 50)
[2024-05-13 14:23:19,034][flwr][DEBUG] - fit_round 18 received 10 results and 0 failures
[2024-05-13 14:23:26,310][flwr][INFO] - fit progress: (18, 39.576366510242224, {'accuracy': 0.8588}, 1109.2685453854501)
[2024-05-13 14:23:26,310][flwr][DEBUG] - evaluate_round 18: strategy sampled 1 clients (out of 50)
[2024-05-13 14:23:30,311][flwr][DEBUG] - evaluate_round 18 received 1 results and 0 failures
[2024-05-13 14:23:30,311][flwr][DEBUG] - fit_round 19: strategy sampled 10 clients (out of 50)
[2024-05-13 14:24:21,346][flwr][DEBUG] - fit_round 19 received 10 results and 0 failures
[2024-05-13 14:24:28,610][flwr][INFO] - fit progress: (19, 39.8145227432251, {'accuracy': 0.8682}, 1171.5687720142305)
[2024-05-13 14:24:28,611][flwr][DEBUG] - evaluate_round 19: strategy sampled 1 clients (out of 50)
[2024-05-13 14:24:32,581][flwr][DEBUG] - evaluate_round 19 received 1 results and 0 failures
[2024-05-13 14:24:32,582][flwr][DEBUG] - fit_round 20: strategy sampled 10 clients (out of 50)
[2024-05-13 14:25:23,716][flwr][DEBUG] - fit_round 20 received 10 results and 0 failures
[2024-05-13 14:25:30,973][flwr][INFO] - fit progress: (20, 35.69537102431059, {'accuracy': 0.8648}, 1233.9317999631166)
[2024-05-13 14:25:30,974][flwr][DEBUG] - evaluate_round 20: strategy sampled 1 clients (out of 50)
[2024-05-13 14:25:34,972][flwr][DEBUG] - evaluate_round 20 received 1 results and 0 failures
[2024-05-13 14:25:34,973][flwr][DEBUG] - fit_round 21: strategy sampled 10 clients (out of 50)
[2024-05-13 14:26:26,298][flwr][DEBUG] - fit_round 21 received 10 results and 0 failures
[2024-05-13 14:26:33,655][flwr][INFO] - fit progress: (21, 39.91337950527668, {'accuracy': 0.8653}, 1296.6134950071573)
[2024-05-13 14:26:33,655][flwr][DEBUG] - evaluate_round 21: strategy sampled 1 clients (out of 50)
[2024-05-13 14:26:37,642][flwr][DEBUG] - evaluate_round 21 received 1 results and 0 failures
[2024-05-13 14:26:37,643][flwr][DEBUG] - fit_round 22: strategy sampled 10 clients (out of 50)
[2024-05-13 14:27:28,546][flwr][DEBUG] - fit_round 22 received 10 results and 0 failures
[2024-05-13 14:27:35,866][flwr][INFO] - fit progress: (22, 126.57804822921753, {'accuracy': 0.8041}, 1358.8244124650955)
[2024-05-13 14:27:35,866][flwr][DEBUG] - evaluate_round 22: strategy sampled 1 clients (out of 50)
[2024-05-13 14:27:39,857][flwr][DEBUG] - evaluate_round 22 received 1 results and 0 failures
[2024-05-13 14:27:39,857][flwr][DEBUG] - fit_round 23: strategy sampled 10 clients (out of 50)
[2024-05-13 14:28:31,109][flwr][DEBUG] - fit_round 23 received 10 results and 0 failures
[2024-05-13 14:28:38,384][flwr][INFO] - fit progress: (23, 45.72930198907852, {'accuracy': 0.8465}, 1421.3427796773612)
[2024-05-13 14:28:38,385][flwr][DEBUG] - evaluate_round 23: strategy sampled 1 clients (out of 50)
[2024-05-13 14:28:42,350][flwr][DEBUG] - evaluate_round 23 received 1 results and 0 failures
[2024-05-13 14:28:42,350][flwr][DEBUG] - fit_round 24: strategy sampled 10 clients (out of 50)
[2024-05-13 14:29:33,235][flwr][DEBUG] - fit_round 24 received 10 results and 0 failures
[2024-05-13 14:29:40,473][flwr][INFO] - fit progress: (24, 175.193993806839, {'accuracy': 0.3503}, 1483.4316081032157)
[2024-05-13 14:29:40,473][flwr][DEBUG] - evaluate_round 24: strategy sampled 1 clients (out of 50)
[2024-05-13 14:29:44,468][flwr][DEBUG] - evaluate_round 24 received 1 results and 0 failures
[2024-05-13 14:29:44,469][flwr][DEBUG] - fit_round 25: strategy sampled 10 clients (out of 50)
[2024-05-13 14:30:35,760][flwr][DEBUG] - fit_round 25 received 10 results and 0 failures
[2024-05-13 14:30:43,035][flwr][INFO] - fit progress: (25, 62.502295315265656, {'accuracy': 0.7874}, 1545.9935564883053)
[2024-05-13 14:30:43,035][flwr][DEBUG] - evaluate_round 25: strategy sampled 1 clients (out of 50)
[2024-05-13 14:30:47,026][flwr][DEBUG] - evaluate_round 25 received 1 results and 0 failures
[2024-05-13 14:30:47,027][flwr][DEBUG] - fit_round 26: strategy sampled 10 clients (out of 50)
[2024-05-13 14:31:37,723][flwr][DEBUG] - fit_round 26 received 10 results and 0 failures
[2024-05-13 14:31:45,054][flwr][INFO] - fit progress: (26, 55.34246426820755, {'accuracy': 0.8077}, 1608.0123629942536)
[2024-05-13 14:31:45,054][flwr][DEBUG] - evaluate_round 26: strategy sampled 1 clients (out of 50)
[2024-05-13 14:31:49,079][flwr][DEBUG] - evaluate_round 26 received 1 results and 0 failures
[2024-05-13 14:31:49,080][flwr][DEBUG] - fit_round 27: strategy sampled 10 clients (out of 50)
[2024-05-13 14:32:40,377][flwr][DEBUG] - fit_round 27 received 10 results and 0 failures
[2024-05-13 14:32:47,671][flwr][INFO] - fit progress: (27, 40.805520102381706, {'accuracy': 0.8571}, 1670.629623066634)
[2024-05-13 14:32:47,671][flwr][DEBUG] - evaluate_round 27: strategy sampled 1 clients (out of 50)
[2024-05-13 14:32:51,630][flwr][DEBUG] - evaluate_round 27 received 1 results and 0 failures
[2024-05-13 14:32:51,631][flwr][DEBUG] - fit_round 28: strategy sampled 10 clients (out of 50)
[2024-05-13 14:33:42,434][flwr][DEBUG] - fit_round 28 received 10 results and 0 failures
[2024-05-13 14:33:49,736][flwr][INFO] - fit progress: (28, 41.22480218112469, {'accuracy': 0.8456}, 1732.694206930697)
[2024-05-13 14:33:49,736][flwr][DEBUG] - evaluate_round 28: strategy sampled 1 clients (out of 50)
[2024-05-13 14:33:53,675][flwr][DEBUG] - evaluate_round 28 received 1 results and 0 failures
[2024-05-13 14:33:53,675][flwr][DEBUG] - fit_round 29: strategy sampled 10 clients (out of 50)
[2024-05-13 14:34:44,971][flwr][DEBUG] - fit_round 29 received 10 results and 0 failures
[2024-05-13 14:34:52,291][flwr][INFO] - fit progress: (29, 45.23639313876629, {'accuracy': 0.8577}, 1795.2491988316178)
[2024-05-13 14:34:52,291][flwr][DEBUG] - evaluate_round 29: strategy sampled 1 clients (out of 50)
[2024-05-13 14:34:56,260][flwr][DEBUG] - evaluate_round 29 received 1 results and 0 failures
[2024-05-13 14:34:56,261][flwr][DEBUG] - fit_round 30: strategy sampled 10 clients (out of 50)
