[2024-05-08 17:52:05,276][flwr][INFO] - Starting Flower simulation, config: ServerConfig(num_rounds=100, round_timeout=None)
[2024-05-08 17:52:07,708][flwr][INFO] - Flower VCE: Ray initialized with resources: {'object_store_memory': 18227656704.0, 'accelerator_type:G': 1.0, 'GPU': 4.0, 'node:__internal_head__': 1.0, 'CPU': 20.0, 'node:172.17.34.49': 1.0, 'memory': 36455313408.0}
[2024-05-08 17:52:07,709][flwr][INFO] - Initializing global parameters
[2024-05-08 17:52:07,709][flwr][INFO] - Requesting initial parameters from one random client
[2024-05-08 17:52:10,242][flwr][INFO] - Received initial parameters from one random client
[2024-05-08 17:52:10,242][flwr][INFO] - Evaluating initial parameters
[2024-05-08 17:52:13,657][flwr][INFO] - initial parameters (loss, other metrics): 198.26612186431885, {'accuracy': 0.0889}
[2024-05-08 17:52:13,657][flwr][INFO] - FL starting
[2024-05-08 17:52:13,657][flwr][DEBUG] - fit_round 1: strategy sampled 10 clients (out of 50)
[2024-05-08 17:53:04,429][flwr][DEBUG] - fit_round 1 received 10 results and 0 failures
[2024-05-08 17:53:08,761][flwr][WARNING] - No fit_metrics_aggregation_fn provided
[2024-05-08 17:53:10,689][flwr][INFO] - fit progress: (1, 154.61277920007706, {'accuracy': 0.6101}, 57.032143384218216)
[2024-05-08 17:53:10,689][flwr][DEBUG] - evaluate_round 1: strategy sampled 1 clients (out of 50)
[2024-05-08 17:53:14,623][flwr][DEBUG] - evaluate_round 1 received 1 results and 0 failures
[2024-05-08 17:53:14,623][flwr][WARNING] - No evaluate_metrics_aggregation_fn provided
[2024-05-08 17:53:14,623][flwr][DEBUG] - fit_round 2: strategy sampled 10 clients (out of 50)
[2024-05-08 17:54:05,431][flwr][DEBUG] - fit_round 2 received 10 results and 0 failures
[2024-05-08 17:54:11,662][flwr][INFO] - fit progress: (2, 308.84458589553833, {'accuracy': 0.5752}, 118.00463074073195)
[2024-05-08 17:54:11,662][flwr][DEBUG] - evaluate_round 2: strategy sampled 1 clients (out of 50)
[2024-05-08 17:54:15,578][flwr][DEBUG] - evaluate_round 2 received 1 results and 0 failures
[2024-05-08 17:54:15,578][flwr][DEBUG] - fit_round 3: strategy sampled 10 clients (out of 50)
[2024-05-08 17:55:06,550][flwr][DEBUG] - fit_round 3 received 10 results and 0 failures
[2024-05-08 17:55:12,790][flwr][INFO] - fit progress: (3, 250.87115497887135, {'accuracy': 0.7672}, 179.13290374726057)
[2024-05-08 17:55:12,790][flwr][DEBUG] - evaluate_round 3: strategy sampled 1 clients (out of 50)
[2024-05-08 17:55:16,749][flwr][DEBUG] - evaluate_round 3 received 1 results and 0 failures
[2024-05-08 17:55:16,749][flwr][DEBUG] - fit_round 4: strategy sampled 10 clients (out of 50)
[2024-05-08 17:56:07,268][flwr][DEBUG] - fit_round 4 received 10 results and 0 failures
[2024-05-08 17:56:13,458][flwr][INFO] - fit progress: (4, 244.3789658099413, {'accuracy': 0.8207}, 239.80086658149958)
[2024-05-08 17:56:13,458][flwr][DEBUG] - evaluate_round 4: strategy sampled 1 clients (out of 50)
[2024-05-08 17:56:17,405][flwr][DEBUG] - evaluate_round 4 received 1 results and 0 failures
[2024-05-08 17:56:17,405][flwr][DEBUG] - fit_round 5: strategy sampled 10 clients (out of 50)
[2024-05-08 17:57:07,954][flwr][DEBUG] - fit_round 5 received 10 results and 0 failures
[2024-05-08 17:57:14,125][flwr][INFO] - fit progress: (5, 210.3548504114151, {'accuracy': 0.8588}, 300.46827149018645)
[2024-05-08 17:57:14,125][flwr][DEBUG] - evaluate_round 5: strategy sampled 1 clients (out of 50)
[2024-05-08 17:57:18,070][flwr][DEBUG] - evaluate_round 5 received 1 results and 0 failures
[2024-05-08 17:57:18,071][flwr][DEBUG] - fit_round 6: strategy sampled 10 clients (out of 50)
[2024-05-08 17:58:09,250][flwr][DEBUG] - fit_round 6 received 10 results and 0 failures
[2024-05-08 17:58:15,433][flwr][INFO] - fit progress: (6, 204.86226546019316, {'accuracy': 0.8675}, 361.77607192471623)
[2024-05-08 17:58:15,433][flwr][DEBUG] - evaluate_round 6: strategy sampled 1 clients (out of 50)
[2024-05-08 17:58:19,409][flwr][DEBUG] - evaluate_round 6 received 1 results and 0 failures
[2024-05-08 17:58:19,409][flwr][DEBUG] - fit_round 7: strategy sampled 10 clients (out of 50)
[2024-05-08 17:59:10,090][flwr][DEBUG] - fit_round 7 received 10 results and 0 failures
[2024-05-08 17:59:16,241][flwr][INFO] - fit progress: (7, 166.7579713354353, {'accuracy': 0.8833}, 422.5839792191982)
[2024-05-08 17:59:16,241][flwr][DEBUG] - evaluate_round 7: strategy sampled 1 clients (out of 50)
[2024-05-08 17:59:20,204][flwr][DEBUG] - evaluate_round 7 received 1 results and 0 failures
[2024-05-08 17:59:20,205][flwr][DEBUG] - fit_round 8: strategy sampled 10 clients (out of 50)
[2024-05-08 18:00:11,544][flwr][DEBUG] - fit_round 8 received 10 results and 0 failures
