[2024-05-08 17:49:31,287][flwr][INFO] - Starting Flower simulation, config: ServerConfig(num_rounds=100, round_timeout=None)
[2024-05-08 17:49:33,777][flwr][INFO] - Flower VCE: Ray initialized with resources: {'node:__internal_head__': 1.0, 'CPU': 20.0, 'object_store_memory': 18191687270.0, 'memory': 36383374542.0, 'GPU': 4.0, 'accelerator_type:G': 1.0, 'node:172.17.34.49': 1.0}
[2024-05-08 17:49:33,778][flwr][INFO] - Initializing global parameters
[2024-05-08 17:49:33,778][flwr][INFO] - Requesting initial parameters from one random client
[2024-05-08 17:49:36,348][flwr][INFO] - Received initial parameters from one random client
[2024-05-08 17:49:36,348][flwr][INFO] - Evaluating initial parameters
[2024-05-08 17:49:39,776][flwr][INFO] - initial parameters (loss, other metrics): 189.9987895488739, {'accuracy': 0.1126}
[2024-05-08 17:49:39,776][flwr][INFO] - FL starting
[2024-05-08 17:49:39,776][flwr][DEBUG] - fit_round 1: strategy sampled 10 clients (out of 50)
[2024-05-08 17:50:31,144][flwr][DEBUG] - fit_round 1 received 10 results and 0 failures
[2024-05-08 17:50:35,499][flwr][WARNING] - No fit_metrics_aggregation_fn provided
[2024-05-08 17:50:37,440][flwr][INFO] - fit progress: (1, 142.7861835360527, {'accuracy': 0.6432}, 57.66412637010217)
[2024-05-08 17:50:37,440][flwr][DEBUG] - evaluate_round 1: strategy sampled 1 clients (out of 50)
[2024-05-08 17:50:41,354][flwr][DEBUG] - evaluate_round 1 received 1 results and 0 failures
[2024-05-08 17:50:41,355][flwr][WARNING] - No evaluate_metrics_aggregation_fn provided
[2024-05-08 17:50:41,355][flwr][DEBUG] - fit_round 2: strategy sampled 10 clients (out of 50)
[2024-05-08 17:51:31,953][flwr][DEBUG] - fit_round 2 received 10 results and 0 failures
[2024-05-08 17:51:38,155][flwr][INFO] - fit progress: (2, 261.57998514175415, {'accuracy': 0.6296}, 118.37878447398543)
[2024-05-08 17:51:38,155][flwr][DEBUG] - evaluate_round 2: strategy sampled 1 clients (out of 50)
[2024-05-08 17:51:42,136][flwr][DEBUG] - evaluate_round 2 received 1 results and 0 failures
[2024-05-08 17:51:42,137][flwr][DEBUG] - fit_round 3: strategy sampled 10 clients (out of 50)
