[2024-05-30 22:21:57,226][flwr][INFO] - Starting Flower simulation, config: ServerConfig(num_rounds=100, round_timeout=None)
[2024-05-30 22:21:59,285][flwr][INFO] - Flower VCE: Ray initialized with resources: {'GPU': 2.0, 'node:172.17.34.3': 1.0, 'memory': 83072331162.0, 'object_store_memory': 39888141926.0, 'CPU': 24.0, 'accelerator_type:G': 1.0}
[2024-05-30 22:21:59,285][flwr][INFO] - Initializing global parameters
[2024-05-30 22:21:59,286][flwr][INFO] - Requesting initial parameters from one random client
[2024-05-30 22:22:00,472][flwr][INFO] - Received initial parameters from one random client
[2024-05-30 22:22:00,472][flwr][INFO] - Evaluating initial parameters
[2024-05-30 22:22:02,442][flwr][INFO] - initial parameters (loss, other metrics): 182.15318155288696, {'accuracy': 0.0885}
[2024-05-30 22:22:02,442][flwr][INFO] - FL starting
[2024-05-30 22:22:02,442][flwr][DEBUG] - fit_round 1: strategy sampled 10 clients (out of 50)
[2024-05-30 22:22:07,413][flwr][DEBUG] - fit_round 1 received 10 results and 0 failures
[2024-05-30 22:22:07,482][flwr][WARNING] - No fit_metrics_aggregation_fn provided
[2024-05-30 22:22:07,822][flwr][INFO] - fit progress: (1, 176.87044858932495, {'accuracy': 0.2535}, 5.379951325710863)
[2024-05-30 22:22:07,822][flwr][DEBUG] - evaluate_round 1: strategy sampled 1 clients (out of 50)
[2024-05-30 22:22:07,988][flwr][DEBUG] - evaluate_round 1 received 1 results and 0 failures
[2024-05-30 22:22:07,988][flwr][WARNING] - No evaluate_metrics_aggregation_fn provided
[2024-05-30 22:22:07,988][flwr][DEBUG] - fit_round 2: strategy sampled 10 clients (out of 50)
[2024-05-30 22:22:08,794][flwr][DEBUG] - fit_round 2 received 10 results and 0 failures
[2024-05-30 22:22:09,199][flwr][INFO] - fit progress: (2, 171.4500560760498, {'accuracy': 0.498}, 6.757339807692915)
[2024-05-30 22:22:09,199][flwr][DEBUG] - evaluate_round 2: strategy sampled 1 clients (out of 50)
[2024-05-30 22:22:09,422][flwr][DEBUG] - evaluate_round 2 received 1 results and 0 failures
[2024-05-30 22:22:09,422][flwr][DEBUG] - fit_round 3: strategy sampled 10 clients (out of 50)
[2024-05-30 22:22:10,136][flwr][DEBUG] - fit_round 3 received 10 results and 0 failures
[2024-05-30 22:22:10,538][flwr][INFO] - fit progress: (3, 165.2777156829834, {'accuracy': 0.6221}, 8.095853281673044)
[2024-05-30 22:22:10,538][flwr][DEBUG] - evaluate_round 3: strategy sampled 1 clients (out of 50)
[2024-05-30 22:22:10,708][flwr][DEBUG] - evaluate_round 3 received 1 results and 0 failures
[2024-05-30 22:22:10,708][flwr][DEBUG] - fit_round 4: strategy sampled 10 clients (out of 50)
[2024-05-30 22:22:11,531][flwr][DEBUG] - fit_round 4 received 10 results and 0 failures
[2024-05-30 22:22:11,923][flwr][INFO] - fit progress: (4, 158.4999395608902, {'accuracy': 0.6683}, 9.481402369681746)
[2024-05-30 22:22:11,923][flwr][DEBUG] - evaluate_round 4: strategy sampled 1 clients (out of 50)
[2024-05-30 22:22:12,128][flwr][DEBUG] - evaluate_round 4 received 1 results and 0 failures
[2024-05-30 22:22:12,129][flwr][DEBUG] - fit_round 5: strategy sampled 10 clients (out of 50)
[2024-05-30 22:22:12,862][flwr][DEBUG] - fit_round 5 received 10 results and 0 failures
[2024-05-30 22:22:13,269][flwr][INFO] - fit progress: (5, 151.08605432510376, {'accuracy': 0.6918}, 10.827123369090259)
[2024-05-30 22:22:13,269][flwr][DEBUG] - evaluate_round 5: strategy sampled 1 clients (out of 50)
[2024-05-30 22:22:13,437][flwr][DEBUG] - evaluate_round 5 received 1 results and 0 failures
[2024-05-30 22:22:13,437][flwr][DEBUG] - fit_round 6: strategy sampled 10 clients (out of 50)
[2024-05-30 22:22:14,229][flwr][DEBUG] - fit_round 6 received 10 results and 0 failures
[2024-05-30 22:22:14,632][flwr][INFO] - fit progress: (6, 142.99946403503418, {'accuracy': 0.7254}, 12.189940827898681)
[2024-05-30 22:22:14,632][flwr][DEBUG] - evaluate_round 6: strategy sampled 1 clients (out of 50)
[2024-05-30 22:22:14,856][flwr][DEBUG] - evaluate_round 6 received 1 results and 0 failures
[2024-05-30 22:22:14,856][flwr][DEBUG] - fit_round 7: strategy sampled 10 clients (out of 50)
[2024-05-30 22:22:15,599][flwr][DEBUG] - fit_round 7 received 10 results and 0 failures
[2024-05-30 22:22:16,000][flwr][INFO] - fit progress: (7, 134.41533076763153, {'accuracy': 0.7502}, 13.558449261821806)
[2024-05-30 22:22:16,000][flwr][DEBUG] - evaluate_round 7: strategy sampled 1 clients (out of 50)
[2024-05-30 22:22:16,164][flwr][DEBUG] - evaluate_round 7 received 1 results and 0 failures
[2024-05-30 22:22:16,164][flwr][DEBUG] - fit_round 8: strategy sampled 10 clients (out of 50)
[2024-05-30 22:22:17,056][flwr][DEBUG] - fit_round 8 received 10 results and 0 failures
[2024-05-30 22:22:17,451][flwr][INFO] - fit progress: (8, 125.55703556537628, {'accuracy': 0.7604}, 15.009080718737096)
[2024-05-30 22:22:17,451][flwr][DEBUG] - evaluate_round 8: strategy sampled 1 clients (out of 50)
[2024-05-30 22:22:17,609][flwr][DEBUG] - evaluate_round 8 received 1 results and 0 failures
[2024-05-30 22:22:17,609][flwr][DEBUG] - fit_round 9: strategy sampled 10 clients (out of 50)
[2024-05-30 22:22:18,403][flwr][DEBUG] - fit_round 9 received 10 results and 0 failures
[2024-05-30 22:22:18,795][flwr][INFO] - fit progress: (9, 116.50974774360657, {'accuracy': 0.7808}, 16.353574320673943)
[2024-05-30 22:22:18,796][flwr][DEBUG] - evaluate_round 9: strategy sampled 1 clients (out of 50)
[2024-05-30 22:22:18,961][flwr][DEBUG] - evaluate_round 9 received 1 results and 0 failures
[2024-05-30 22:22:18,961][flwr][DEBUG] - fit_round 10: strategy sampled 10 clients (out of 50)
[2024-05-30 22:22:19,751][flwr][DEBUG] - fit_round 10 received 10 results and 0 failures
[2024-05-30 22:22:20,147][flwr][INFO] - fit progress: (10, 107.53015887737274, {'accuracy': 0.7917}, 17.70561765693128)
[2024-05-30 22:22:20,148][flwr][DEBUG] - evaluate_round 10: strategy sampled 1 clients (out of 50)
[2024-05-30 22:22:20,319][flwr][DEBUG] - evaluate_round 10 received 1 results and 0 failures
[2024-05-30 22:22:20,319][flwr][DEBUG] - fit_round 11: strategy sampled 10 clients (out of 50)
[2024-05-30 22:22:21,084][flwr][DEBUG] - fit_round 11 received 10 results and 0 failures
[2024-05-30 22:22:21,489][flwr][INFO] - fit progress: (11, 98.89600318670273, {'accuracy': 0.8012}, 19.046892990823835)
[2024-05-30 22:22:21,489][flwr][DEBUG] - evaluate_round 11: strategy sampled 1 clients (out of 50)
[2024-05-30 22:22:21,647][flwr][DEBUG] - evaluate_round 11 received 1 results and 0 failures
[2024-05-30 22:22:21,647][flwr][DEBUG] - fit_round 12: strategy sampled 10 clients (out of 50)
[2024-05-30 22:22:22,432][flwr][DEBUG] - fit_round 12 received 10 results and 0 failures
[2024-05-30 22:22:22,826][flwr][INFO] - fit progress: (12, 90.76353257894516, {'accuracy': 0.8169}, 20.384504789020866)
[2024-05-30 22:22:22,826][flwr][DEBUG] - evaluate_round 12: strategy sampled 1 clients (out of 50)
[2024-05-30 22:22:23,039][flwr][DEBUG] - evaluate_round 12 received 1 results and 0 failures
[2024-05-30 22:22:23,039][flwr][DEBUG] - fit_round 13: strategy sampled 10 clients (out of 50)
[2024-05-30 22:22:23,869][flwr][DEBUG] - fit_round 13 received 10 results and 0 failures
[2024-05-30 22:22:24,273][flwr][INFO] - fit progress: (13, 83.2034712433815, {'accuracy': 0.8233}, 21.83136427309364)
[2024-05-30 22:22:24,273][flwr][DEBUG] - evaluate_round 13: strategy sampled 1 clients (out of 50)
[2024-05-30 22:22:24,438][flwr][DEBUG] - evaluate_round 13 received 1 results and 0 failures
[2024-05-30 22:22:24,438][flwr][DEBUG] - fit_round 14: strategy sampled 10 clients (out of 50)
[2024-05-30 22:22:25,233][flwr][DEBUG] - fit_round 14 received 10 results and 0 failures
[2024-05-30 22:22:25,626][flwr][INFO] - fit progress: (14, 76.43879926204681, {'accuracy': 0.8327}, 23.184636847116053)
[2024-05-30 22:22:25,627][flwr][DEBUG] - evaluate_round 14: strategy sampled 1 clients (out of 50)
[2024-05-30 22:22:25,796][flwr][DEBUG] - evaluate_round 14 received 1 results and 0 failures
[2024-05-30 22:22:25,796][flwr][DEBUG] - fit_round 15: strategy sampled 10 clients (out of 50)
[2024-05-30 22:22:26,612][flwr][DEBUG] - fit_round 15 received 10 results and 0 failures
[2024-05-30 22:22:27,006][flwr][INFO] - fit progress: (15, 70.4439127445221, {'accuracy': 0.8407}, 24.563888562843204)
[2024-05-30 22:22:27,006][flwr][DEBUG] - evaluate_round 15: strategy sampled 1 clients (out of 50)
[2024-05-30 22:22:27,166][flwr][DEBUG] - evaluate_round 15 received 1 results and 0 failures
[2024-05-30 22:22:27,166][flwr][DEBUG] - fit_round 16: strategy sampled 10 clients (out of 50)
[2024-05-30 22:22:27,913][flwr][DEBUG] - fit_round 16 received 10 results and 0 failures
[2024-05-30 22:22:28,332][flwr][INFO] - fit progress: (16, 65.17716601490974, {'accuracy': 0.8466}, 25.8904442130588)
[2024-05-30 22:22:28,332][flwr][DEBUG] - evaluate_round 16: strategy sampled 1 clients (out of 50)
[2024-05-30 22:22:28,499][flwr][DEBUG] - evaluate_round 16 received 1 results and 0 failures
[2024-05-30 22:22:28,499][flwr][DEBUG] - fit_round 17: strategy sampled 10 clients (out of 50)
[2024-05-30 22:22:29,227][flwr][DEBUG] - fit_round 17 received 10 results and 0 failures
[2024-05-30 22:22:29,616][flwr][INFO] - fit progress: (17, 60.546873062849045, {'accuracy': 0.8495}, 27.174185967072845)
[2024-05-30 22:22:29,616][flwr][DEBUG] - evaluate_round 17: strategy sampled 1 clients (out of 50)
[2024-05-30 22:22:29,795][flwr][DEBUG] - evaluate_round 17 received 1 results and 0 failures
[2024-05-30 22:22:29,795][flwr][DEBUG] - fit_round 18: strategy sampled 10 clients (out of 50)
[2024-05-30 22:22:30,550][flwr][DEBUG] - fit_round 18 received 10 results and 0 failures
[2024-05-30 22:22:30,944][flwr][INFO] - fit progress: (18, 56.45126157999039, {'accuracy': 0.8542}, 28.5023022480309)
[2024-05-30 22:22:30,944][flwr][DEBUG] - evaluate_round 18: strategy sampled 1 clients (out of 50)
[2024-05-30 22:22:31,122][flwr][DEBUG] - evaluate_round 18 received 1 results and 0 failures
[2024-05-30 22:22:31,122][flwr][DEBUG] - fit_round 19: strategy sampled 10 clients (out of 50)
[2024-05-30 22:22:31,873][flwr][DEBUG] - fit_round 19 received 10 results and 0 failures
[2024-05-30 22:22:32,267][flwr][INFO] - fit progress: (19, 52.895566672086716, {'accuracy': 0.8631}, 29.824986634775996)
[2024-05-30 22:22:32,267][flwr][DEBUG] - evaluate_round 19: strategy sampled 1 clients (out of 50)
[2024-05-30 22:22:32,437][flwr][DEBUG] - evaluate_round 19 received 1 results and 0 failures
[2024-05-30 22:22:32,437][flwr][DEBUG] - fit_round 20: strategy sampled 10 clients (out of 50)
[2024-05-30 22:22:33,170][flwr][DEBUG] - fit_round 20 received 10 results and 0 failures
[2024-05-30 22:22:33,567][flwr][INFO] - fit progress: (20, 49.75470149517059, {'accuracy': 0.8655}, 31.125507086049765)
[2024-05-30 22:22:33,567][flwr][DEBUG] - evaluate_round 20: strategy sampled 1 clients (out of 50)
[2024-05-30 22:22:33,742][flwr][DEBUG] - evaluate_round 20 received 1 results and 0 failures
[2024-05-30 22:22:33,742][flwr][DEBUG] - fit_round 21: strategy sampled 10 clients (out of 50)
[2024-05-30 22:22:34,466][flwr][DEBUG] - fit_round 21 received 10 results and 0 failures
[2024-05-30 22:22:34,856][flwr][INFO] - fit progress: (21, 47.03809291124344, {'accuracy': 0.87}, 32.414080096874386)
[2024-05-30 22:22:34,856][flwr][DEBUG] - evaluate_round 21: strategy sampled 1 clients (out of 50)
[2024-05-30 22:22:35,024][flwr][DEBUG] - evaluate_round 21 received 1 results and 0 failures
[2024-05-30 22:22:35,024][flwr][DEBUG] - fit_round 22: strategy sampled 10 clients (out of 50)
[2024-05-30 22:22:35,771][flwr][DEBUG] - fit_round 22 received 10 results and 0 failures
[2024-05-30 22:22:36,169][flwr][INFO] - fit progress: (22, 44.604581356048584, {'accuracy': 0.8741}, 33.72757741808891)
[2024-05-30 22:22:36,170][flwr][DEBUG] - evaluate_round 22: strategy sampled 1 clients (out of 50)
[2024-05-30 22:22:36,339][flwr][DEBUG] - evaluate_round 22 received 1 results and 0 failures
[2024-05-30 22:22:36,339][flwr][DEBUG] - fit_round 23: strategy sampled 10 clients (out of 50)
[2024-05-30 22:22:37,134][flwr][DEBUG] - fit_round 23 received 10 results and 0 failures
[2024-05-30 22:22:37,531][flwr][INFO] - fit progress: (23, 42.458547696471214, {'accuracy': 0.878}, 35.08956965897232)
[2024-05-30 22:22:37,532][flwr][DEBUG] - evaluate_round 23: strategy sampled 1 clients (out of 50)
[2024-05-30 22:22:37,704][flwr][DEBUG] - evaluate_round 23 received 1 results and 0 failures
[2024-05-30 22:22:37,704][flwr][DEBUG] - fit_round 24: strategy sampled 10 clients (out of 50)
[2024-05-30 22:22:38,446][flwr][DEBUG] - fit_round 24 received 10 results and 0 failures
[2024-05-30 22:22:38,852][flwr][INFO] - fit progress: (24, 40.59956453740597, {'accuracy': 0.8803}, 36.41005927184597)
[2024-05-30 22:22:38,852][flwr][DEBUG] - evaluate_round 24: strategy sampled 1 clients (out of 50)
[2024-05-30 22:22:39,025][flwr][DEBUG] - evaluate_round 24 received 1 results and 0 failures
[2024-05-30 22:22:39,025][flwr][DEBUG] - fit_round 25: strategy sampled 10 clients (out of 50)
[2024-05-30 22:22:39,798][flwr][DEBUG] - fit_round 25 received 10 results and 0 failures
[2024-05-30 22:22:40,196][flwr][INFO] - fit progress: (25, 38.881979271769524, {'accuracy': 0.8846}, 37.75457269884646)
[2024-05-30 22:22:40,197][flwr][DEBUG] - evaluate_round 25: strategy sampled 1 clients (out of 50)
[2024-05-30 22:22:40,335][flwr][DEBUG] - evaluate_round 25 received 1 results and 0 failures
[2024-05-30 22:22:40,335][flwr][DEBUG] - fit_round 26: strategy sampled 10 clients (out of 50)
[2024-05-30 22:22:41,131][flwr][DEBUG] - fit_round 26 received 10 results and 0 failures
[2024-05-30 22:22:41,524][flwr][INFO] - fit progress: (26, 37.30956454575062, {'accuracy': 0.8864}, 39.08246585773304)
[2024-05-30 22:22:41,524][flwr][DEBUG] - evaluate_round 26: strategy sampled 1 clients (out of 50)
[2024-05-30 22:22:41,774][flwr][DEBUG] - evaluate_round 26 received 1 results and 0 failures
[2024-05-30 22:22:41,774][flwr][DEBUG] - fit_round 27: strategy sampled 10 clients (out of 50)
[2024-05-30 22:22:42,552][flwr][DEBUG] - fit_round 27 received 10 results and 0 failures
[2024-05-30 22:22:42,955][flwr][INFO] - fit progress: (27, 35.99259217083454, {'accuracy': 0.8923}, 40.51345881866291)
[2024-05-30 22:22:42,955][flwr][DEBUG] - evaluate_round 27: strategy sampled 1 clients (out of 50)
[2024-05-30 22:22:43,133][flwr][DEBUG] - evaluate_round 27 received 1 results and 0 failures
[2024-05-30 22:22:43,134][flwr][DEBUG] - fit_round 28: strategy sampled 10 clients (out of 50)
[2024-05-30 22:22:43,873][flwr][DEBUG] - fit_round 28 received 10 results and 0 failures
[2024-05-30 22:22:44,270][flwr][INFO] - fit progress: (28, 34.75109887123108, {'accuracy': 0.8908}, 41.82835667766631)
[2024-05-30 22:22:44,270][flwr][DEBUG] - evaluate_round 28: strategy sampled 1 clients (out of 50)
[2024-05-30 22:22:44,452][flwr][DEBUG] - evaluate_round 28 received 1 results and 0 failures
[2024-05-30 22:22:44,452][flwr][DEBUG] - fit_round 29: strategy sampled 10 clients (out of 50)
[2024-05-30 22:22:45,192][flwr][DEBUG] - fit_round 29 received 10 results and 0 failures
[2024-05-30 22:22:45,593][flwr][INFO] - fit progress: (29, 33.62687732279301, {'accuracy': 0.8948}, 43.15161262592301)
[2024-05-30 22:22:45,594][flwr][DEBUG] - evaluate_round 29: strategy sampled 1 clients (out of 50)
[2024-05-30 22:22:45,757][flwr][DEBUG] - evaluate_round 29 received 1 results and 0 failures
[2024-05-30 22:22:45,758][flwr][DEBUG] - fit_round 30: strategy sampled 10 clients (out of 50)
[2024-05-30 22:22:46,480][flwr][DEBUG] - fit_round 30 received 10 results and 0 failures
[2024-05-30 22:22:46,872][flwr][INFO] - fit progress: (30, 32.69493409246206, {'accuracy': 0.895}, 44.42980279074982)
[2024-05-30 22:22:46,872][flwr][DEBUG] - evaluate_round 30: strategy sampled 1 clients (out of 50)
[2024-05-30 22:22:47,019][flwr][DEBUG] - evaluate_round 30 received 1 results and 0 failures
[2024-05-30 22:22:47,019][flwr][DEBUG] - fit_round 31: strategy sampled 10 clients (out of 50)
[2024-05-30 22:22:47,758][flwr][DEBUG] - fit_round 31 received 10 results and 0 failures
[2024-05-30 22:22:48,152][flwr][INFO] - fit progress: (31, 31.75954656302929, {'accuracy': 0.8978}, 45.71052293200046)
[2024-05-30 22:22:48,153][flwr][DEBUG] - evaluate_round 31: strategy sampled 1 clients (out of 50)
[2024-05-30 22:22:48,320][flwr][DEBUG] - evaluate_round 31 received 1 results and 0 failures
[2024-05-30 22:22:48,320][flwr][DEBUG] - fit_round 32: strategy sampled 10 clients (out of 50)
[2024-05-30 22:22:49,051][flwr][DEBUG] - fit_round 32 received 10 results and 0 failures
[2024-05-30 22:22:49,451][flwr][INFO] - fit progress: (32, 30.899560123682022, {'accuracy': 0.9002}, 47.008674738928676)
[2024-05-30 22:22:49,451][flwr][DEBUG] - evaluate_round 32: strategy sampled 1 clients (out of 50)
[2024-05-30 22:22:49,625][flwr][DEBUG] - evaluate_round 32 received 1 results and 0 failures
[2024-05-30 22:22:49,625][flwr][DEBUG] - fit_round 33: strategy sampled 10 clients (out of 50)
[2024-05-30 22:22:50,432][flwr][DEBUG] - fit_round 33 received 10 results and 0 failures
[2024-05-30 22:22:50,823][flwr][INFO] - fit progress: (33, 30.145461328327656, {'accuracy': 0.9012}, 48.381546990945935)
[2024-05-30 22:22:50,824][flwr][DEBUG] - evaluate_round 33: strategy sampled 1 clients (out of 50)
[2024-05-30 22:22:51,000][flwr][DEBUG] - evaluate_round 33 received 1 results and 0 failures
[2024-05-30 22:22:51,000][flwr][DEBUG] - fit_round 34: strategy sampled 10 clients (out of 50)
[2024-05-30 22:22:51,758][flwr][DEBUG] - fit_round 34 received 10 results and 0 failures
[2024-05-30 22:22:52,149][flwr][INFO] - fit progress: (34, 29.365342386066914, {'accuracy': 0.903}, 49.70746914297342)
[2024-05-30 22:22:52,149][flwr][DEBUG] - evaluate_round 34: strategy sampled 1 clients (out of 50)
[2024-05-30 22:22:52,287][flwr][DEBUG] - evaluate_round 34 received 1 results and 0 failures
[2024-05-30 22:22:52,287][flwr][DEBUG] - fit_round 35: strategy sampled 10 clients (out of 50)
[2024-05-30 22:22:53,081][flwr][DEBUG] - fit_round 35 received 10 results and 0 failures
[2024-05-30 22:22:53,480][flwr][INFO] - fit progress: (35, 28.75075586885214, {'accuracy': 0.9048}, 51.03792167175561)
[2024-05-30 22:22:53,480][flwr][DEBUG] - evaluate_round 35: strategy sampled 1 clients (out of 50)
[2024-05-30 22:22:53,652][flwr][DEBUG] - evaluate_round 35 received 1 results and 0 failures
[2024-05-30 22:22:53,653][flwr][DEBUG] - fit_round 36: strategy sampled 10 clients (out of 50)
[2024-05-30 22:22:54,419][flwr][DEBUG] - fit_round 36 received 10 results and 0 failures
[2024-05-30 22:22:54,814][flwr][INFO] - fit progress: (36, 28.14032470434904, {'accuracy': 0.9054}, 52.37201082101092)
[2024-05-30 22:22:54,814][flwr][DEBUG] - evaluate_round 36: strategy sampled 1 clients (out of 50)
[2024-05-30 22:22:54,982][flwr][DEBUG] - evaluate_round 36 received 1 results and 0 failures
[2024-05-30 22:22:54,982][flwr][DEBUG] - fit_round 37: strategy sampled 10 clients (out of 50)
[2024-05-30 22:22:55,765][flwr][DEBUG] - fit_round 37 received 10 results and 0 failures
[2024-05-30 22:22:56,158][flwr][INFO] - fit progress: (37, 27.472652032971382, {'accuracy': 0.9076}, 53.71577281784266)
[2024-05-30 22:22:56,158][flwr][DEBUG] - evaluate_round 37: strategy sampled 1 clients (out of 50)
[2024-05-30 22:22:56,331][flwr][DEBUG] - evaluate_round 37 received 1 results and 0 failures
[2024-05-30 22:22:56,331][flwr][DEBUG] - fit_round 38: strategy sampled 10 clients (out of 50)
[2024-05-30 22:22:57,110][flwr][DEBUG] - fit_round 38 received 10 results and 0 failures
[2024-05-30 22:22:57,512][flwr][INFO] - fit progress: (38, 26.939257092773914, {'accuracy': 0.9085}, 55.069756784942)
[2024-05-30 22:22:57,512][flwr][DEBUG] - evaluate_round 38: strategy sampled 1 clients (out of 50)
[2024-05-30 22:22:57,674][flwr][DEBUG] - evaluate_round 38 received 1 results and 0 failures
[2024-05-30 22:22:57,675][flwr][DEBUG] - fit_round 39: strategy sampled 10 clients (out of 50)
[2024-05-30 22:22:58,408][flwr][DEBUG] - fit_round 39 received 10 results and 0 failures
[2024-05-30 22:22:58,802][flwr][INFO] - fit progress: (39, 26.42078084498644, {'accuracy': 0.91}, 56.36012750910595)
[2024-05-30 22:22:58,802][flwr][DEBUG] - evaluate_round 39: strategy sampled 1 clients (out of 50)
[2024-05-30 22:22:58,965][flwr][DEBUG] - evaluate_round 39 received 1 results and 0 failures
[2024-05-30 22:22:58,965][flwr][DEBUG] - fit_round 40: strategy sampled 10 clients (out of 50)
[2024-05-30 22:22:59,669][flwr][DEBUG] - fit_round 40 received 10 results and 0 failures
[2024-05-30 22:23:00,068][flwr][INFO] - fit progress: (40, 26.023910231888294, {'accuracy': 0.9115}, 57.62620804877952)
[2024-05-30 22:23:00,068][flwr][DEBUG] - evaluate_round 40: strategy sampled 1 clients (out of 50)
[2024-05-30 22:23:00,242][flwr][DEBUG] - evaluate_round 40 received 1 results and 0 failures
[2024-05-30 22:23:00,242][flwr][DEBUG] - fit_round 41: strategy sampled 10 clients (out of 50)
[2024-05-30 22:23:00,953][flwr][DEBUG] - fit_round 41 received 10 results and 0 failures
[2024-05-30 22:23:01,355][flwr][INFO] - fit progress: (41, 25.464935902506113, {'accuracy': 0.9122}, 58.91331621585414)
[2024-05-30 22:23:01,355][flwr][DEBUG] - evaluate_round 41: strategy sampled 1 clients (out of 50)
[2024-05-30 22:23:01,495][flwr][DEBUG] - evaluate_round 41 received 1 results and 0 failures
[2024-05-30 22:23:01,495][flwr][DEBUG] - fit_round 42: strategy sampled 10 clients (out of 50)
[2024-05-30 22:23:02,224][flwr][DEBUG] - fit_round 42 received 10 results and 0 failures
[2024-05-30 22:23:02,627][flwr][INFO] - fit progress: (42, 25.052026849240065, {'accuracy': 0.9139}, 60.1854358529672)
[2024-05-30 22:23:02,627][flwr][DEBUG] - evaluate_round 42: strategy sampled 1 clients (out of 50)
[2024-05-30 22:23:02,784][flwr][DEBUG] - evaluate_round 42 received 1 results and 0 failures
[2024-05-30 22:23:02,784][flwr][DEBUG] - fit_round 43: strategy sampled 10 clients (out of 50)
[2024-05-30 22:23:03,609][flwr][DEBUG] - fit_round 43 received 10 results and 0 failures
[2024-05-30 22:23:04,002][flwr][INFO] - fit progress: (43, 24.660275258123875, {'accuracy': 0.9142}, 61.56012843968347)
[2024-05-30 22:23:04,002][flwr][DEBUG] - evaluate_round 43: strategy sampled 1 clients (out of 50)
[2024-05-30 22:23:04,144][flwr][DEBUG] - evaluate_round 43 received 1 results and 0 failures
[2024-05-30 22:23:04,144][flwr][DEBUG] - fit_round 44: strategy sampled 10 clients (out of 50)
[2024-05-30 22:23:04,874][flwr][DEBUG] - fit_round 44 received 10 results and 0 failures
[2024-05-30 22:23:05,270][flwr][INFO] - fit progress: (44, 24.33935360610485, {'accuracy': 0.9145}, 62.82787273591384)
[2024-05-30 22:23:05,270][flwr][DEBUG] - evaluate_round 44: strategy sampled 1 clients (out of 50)
[2024-05-30 22:23:05,441][flwr][DEBUG] - evaluate_round 44 received 1 results and 0 failures
[2024-05-30 22:23:05,441][flwr][DEBUG] - fit_round 45: strategy sampled 10 clients (out of 50)
[2024-05-30 22:23:06,188][flwr][DEBUG] - fit_round 45 received 10 results and 0 failures
[2024-05-30 22:23:06,581][flwr][INFO] - fit progress: (45, 23.947191413491964, {'accuracy': 0.9164}, 64.13958027074113)
[2024-05-30 22:23:06,582][flwr][DEBUG] - evaluate_round 45: strategy sampled 1 clients (out of 50)
[2024-05-30 22:23:06,759][flwr][DEBUG] - evaluate_round 45 received 1 results and 0 failures
[2024-05-30 22:23:06,760][flwr][DEBUG] - fit_round 46: strategy sampled 10 clients (out of 50)
[2024-05-30 22:23:07,493][flwr][DEBUG] - fit_round 46 received 10 results and 0 failures
[2024-05-30 22:23:07,889][flwr][INFO] - fit progress: (46, 23.59066977351904, {'accuracy': 0.9175}, 65.44754205271602)
[2024-05-30 22:23:07,890][flwr][DEBUG] - evaluate_round 46: strategy sampled 1 clients (out of 50)
[2024-05-30 22:23:08,055][flwr][DEBUG] - evaluate_round 46 received 1 results and 0 failures
[2024-05-30 22:23:08,056][flwr][DEBUG] - fit_round 47: strategy sampled 10 clients (out of 50)
[2024-05-30 22:23:08,880][flwr][DEBUG] - fit_round 47 received 10 results and 0 failures
[2024-05-30 22:23:09,279][flwr][INFO] - fit progress: (47, 23.209762029349804, {'accuracy': 0.9186}, 66.83752930397168)
[2024-05-30 22:23:09,280][flwr][DEBUG] - evaluate_round 47: strategy sampled 1 clients (out of 50)
[2024-05-30 22:23:09,452][flwr][DEBUG] - evaluate_round 47 received 1 results and 0 failures
[2024-05-30 22:23:09,452][flwr][DEBUG] - fit_round 48: strategy sampled 10 clients (out of 50)
[2024-05-30 22:23:10,165][flwr][DEBUG] - fit_round 48 received 10 results and 0 failures
[2024-05-30 22:23:10,563][flwr][INFO] - fit progress: (48, 22.909094214439392, {'accuracy': 0.9202}, 68.12153614405543)
[2024-05-30 22:23:10,564][flwr][DEBUG] - evaluate_round 48: strategy sampled 1 clients (out of 50)
[2024-05-30 22:23:10,731][flwr][DEBUG] - evaluate_round 48 received 1 results and 0 failures
[2024-05-30 22:23:10,731][flwr][DEBUG] - fit_round 49: strategy sampled 10 clients (out of 50)
[2024-05-30 22:23:11,527][flwr][DEBUG] - fit_round 49 received 10 results and 0 failures
[2024-05-30 22:23:11,920][flwr][INFO] - fit progress: (49, 22.585912328213453, {'accuracy': 0.9206}, 69.4785375110805)
[2024-05-30 22:23:11,921][flwr][DEBUG] - evaluate_round 49: strategy sampled 1 clients (out of 50)
[2024-05-30 22:23:12,095][flwr][DEBUG] - evaluate_round 49 received 1 results and 0 failures
[2024-05-30 22:23:12,095][flwr][DEBUG] - fit_round 50: strategy sampled 10 clients (out of 50)
[2024-05-30 22:23:12,813][flwr][DEBUG] - fit_round 50 received 10 results and 0 failures
[2024-05-30 22:23:13,204][flwr][INFO] - fit progress: (50, 22.302379321306944, {'accuracy': 0.9213}, 70.76258212281391)
[2024-05-30 22:23:13,205][flwr][DEBUG] - evaluate_round 50: strategy sampled 1 clients (out of 50)
[2024-05-30 22:23:13,352][flwr][DEBUG] - evaluate_round 50 received 1 results and 0 failures
[2024-05-30 22:23:13,353][flwr][DEBUG] - fit_round 51: strategy sampled 10 clients (out of 50)
[2024-05-30 22:23:14,114][flwr][DEBUG] - fit_round 51 received 10 results and 0 failures
[2024-05-30 22:23:14,510][flwr][INFO] - fit progress: (51, 22.07765531167388, {'accuracy': 0.9231}, 72.06812145002186)
[2024-05-30 22:23:14,510][flwr][DEBUG] - evaluate_round 51: strategy sampled 1 clients (out of 50)
[2024-05-30 22:23:14,694][flwr][DEBUG] - evaluate_round 51 received 1 results and 0 failures
[2024-05-30 22:23:14,694][flwr][DEBUG] - fit_round 52: strategy sampled 10 clients (out of 50)
[2024-05-30 22:23:15,438][flwr][DEBUG] - fit_round 52 received 10 results and 0 failures
[2024-05-30 22:23:15,825][flwr][INFO] - fit progress: (52, 21.938747476786375, {'accuracy': 0.9214}, 73.38281520782039)
[2024-05-30 22:23:15,825][flwr][DEBUG] - evaluate_round 52: strategy sampled 1 clients (out of 50)
[2024-05-30 22:23:15,975][flwr][DEBUG] - evaluate_round 52 received 1 results and 0 failures
[2024-05-30 22:23:15,975][flwr][DEBUG] - fit_round 53: strategy sampled 10 clients (out of 50)
[2024-05-30 22:23:16,738][flwr][DEBUG] - fit_round 53 received 10 results and 0 failures
[2024-05-30 22:23:17,127][flwr][INFO] - fit progress: (53, 21.484964285045862, {'accuracy': 0.9238}, 74.68489541905001)
[2024-05-30 22:23:17,127][flwr][DEBUG] - evaluate_round 53: strategy sampled 1 clients (out of 50)
[2024-05-30 22:23:17,300][flwr][DEBUG] - evaluate_round 53 received 1 results and 0 failures
[2024-05-30 22:23:17,301][flwr][DEBUG] - fit_round 54: strategy sampled 10 clients (out of 50)
[2024-05-30 22:23:18,035][flwr][DEBUG] - fit_round 54 received 10 results and 0 failures
[2024-05-30 22:23:18,430][flwr][INFO] - fit progress: (54, 21.23789144679904, {'accuracy': 0.9249}, 75.98820535093546)
[2024-05-30 22:23:18,430][flwr][DEBUG] - evaluate_round 54: strategy sampled 1 clients (out of 50)
[2024-05-30 22:23:18,597][flwr][DEBUG] - evaluate_round 54 received 1 results and 0 failures
[2024-05-30 22:23:18,597][flwr][DEBUG] - fit_round 55: strategy sampled 10 clients (out of 50)
[2024-05-30 22:23:19,337][flwr][DEBUG] - fit_round 55 received 10 results and 0 failures
[2024-05-30 22:23:19,732][flwr][INFO] - fit progress: (55, 20.99994170665741, {'accuracy': 0.9246}, 77.2897650077939)
[2024-05-30 22:23:19,732][flwr][DEBUG] - evaluate_round 55: strategy sampled 1 clients (out of 50)
[2024-05-30 22:23:19,901][flwr][DEBUG] - evaluate_round 55 received 1 results and 0 failures
[2024-05-30 22:23:19,901][flwr][DEBUG] - fit_round 56: strategy sampled 10 clients (out of 50)
[2024-05-30 22:23:20,643][flwr][DEBUG] - fit_round 56 received 10 results and 0 failures
[2024-05-30 22:23:21,048][flwr][INFO] - fit progress: (56, 20.817621640861034, {'accuracy': 0.9256}, 78.6060283118859)
[2024-05-30 22:23:21,048][flwr][DEBUG] - evaluate_round 56: strategy sampled 1 clients (out of 50)
[2024-05-30 22:23:21,230][flwr][DEBUG] - evaluate_round 56 received 1 results and 0 failures
[2024-05-30 22:23:21,230][flwr][DEBUG] - fit_round 57: strategy sampled 10 clients (out of 50)
[2024-05-30 22:23:22,009][flwr][DEBUG] - fit_round 57 received 10 results and 0 failures
[2024-05-30 22:23:22,398][flwr][INFO] - fit progress: (57, 20.64387251995504, {'accuracy': 0.925}, 79.95635735383257)
[2024-05-30 22:23:22,398][flwr][DEBUG] - evaluate_round 57: strategy sampled 1 clients (out of 50)
[2024-05-30 22:23:22,578][flwr][DEBUG] - evaluate_round 57 received 1 results and 0 failures
[2024-05-30 22:23:22,579][flwr][DEBUG] - fit_round 58: strategy sampled 10 clients (out of 50)
[2024-05-30 22:23:23,312][flwr][DEBUG] - fit_round 58 received 10 results and 0 failures
[2024-05-30 22:23:23,712][flwr][INFO] - fit progress: (58, 20.27149248123169, {'accuracy': 0.9279}, 81.27002057572827)
[2024-05-30 22:23:23,712][flwr][DEBUG] - evaluate_round 58: strategy sampled 1 clients (out of 50)
[2024-05-30 22:23:23,864][flwr][DEBUG] - evaluate_round 58 received 1 results and 0 failures
[2024-05-30 22:23:23,864][flwr][DEBUG] - fit_round 59: strategy sampled 10 clients (out of 50)
[2024-05-30 22:23:24,614][flwr][DEBUG] - fit_round 59 received 10 results and 0 failures
[2024-05-30 22:23:25,007][flwr][INFO] - fit progress: (59, 20.119659654796124, {'accuracy': 0.9284}, 82.56498935073614)
[2024-05-30 22:23:25,007][flwr][DEBUG] - evaluate_round 59: strategy sampled 1 clients (out of 50)
[2024-05-30 22:23:25,143][flwr][DEBUG] - evaluate_round 59 received 1 results and 0 failures
[2024-05-30 22:23:25,143][flwr][DEBUG] - fit_round 60: strategy sampled 10 clients (out of 50)
[2024-05-30 22:23:25,938][flwr][DEBUG] - fit_round 60 received 10 results and 0 failures
[2024-05-30 22:23:26,338][flwr][INFO] - fit progress: (60, 19.918433483690023, {'accuracy': 0.9278}, 83.89617645693943)
[2024-05-30 22:23:26,338][flwr][DEBUG] - evaluate_round 60: strategy sampled 1 clients (out of 50)
[2024-05-30 22:23:26,506][flwr][DEBUG] - evaluate_round 60 received 1 results and 0 failures
[2024-05-30 22:23:26,506][flwr][DEBUG] - fit_round 61: strategy sampled 10 clients (out of 50)
[2024-05-30 22:23:27,258][flwr][DEBUG] - fit_round 61 received 10 results and 0 failures
[2024-05-30 22:23:27,647][flwr][INFO] - fit progress: (61, 19.68017952889204, {'accuracy': 0.9289}, 85.20550314802676)
[2024-05-30 22:23:27,647][flwr][DEBUG] - evaluate_round 61: strategy sampled 1 clients (out of 50)
[2024-05-30 22:23:27,809][flwr][DEBUG] - evaluate_round 61 received 1 results and 0 failures
[2024-05-30 22:23:27,809][flwr][DEBUG] - fit_round 62: strategy sampled 10 clients (out of 50)
[2024-05-30 22:23:28,537][flwr][DEBUG] - fit_round 62 received 10 results and 0 failures
[2024-05-30 22:23:28,935][flwr][INFO] - fit progress: (62, 19.448982359841466, {'accuracy': 0.9302}, 86.49323810683563)
[2024-05-30 22:23:28,935][flwr][DEBUG] - evaluate_round 62: strategy sampled 1 clients (out of 50)
[2024-05-30 22:23:29,103][flwr][DEBUG] - evaluate_round 62 received 1 results and 0 failures
[2024-05-30 22:23:29,103][flwr][DEBUG] - fit_round 63: strategy sampled 10 clients (out of 50)
[2024-05-30 22:23:29,890][flwr][DEBUG] - fit_round 63 received 10 results and 0 failures
[2024-05-30 22:23:30,285][flwr][INFO] - fit progress: (63, 19.261485693976283, {'accuracy': 0.9312}, 87.84266757499427)
[2024-05-30 22:23:30,285][flwr][DEBUG] - evaluate_round 63: strategy sampled 1 clients (out of 50)
[2024-05-30 22:23:30,463][flwr][DEBUG] - evaluate_round 63 received 1 results and 0 failures
[2024-05-30 22:23:30,463][flwr][DEBUG] - fit_round 64: strategy sampled 10 clients (out of 50)
[2024-05-30 22:23:31,197][flwr][DEBUG] - fit_round 64 received 10 results and 0 failures
[2024-05-30 22:23:31,598][flwr][INFO] - fit progress: (64, 19.12555847875774, {'accuracy': 0.9315}, 89.15575746865943)
[2024-05-30 22:23:31,598][flwr][DEBUG] - evaluate_round 64: strategy sampled 1 clients (out of 50)
[2024-05-30 22:23:31,745][flwr][DEBUG] - evaluate_round 64 received 1 results and 0 failures
[2024-05-30 22:23:31,746][flwr][DEBUG] - fit_round 65: strategy sampled 10 clients (out of 50)
[2024-05-30 22:23:32,487][flwr][DEBUG] - fit_round 65 received 10 results and 0 failures
[2024-05-30 22:23:32,872][flwr][INFO] - fit progress: (65, 18.89178205654025, {'accuracy': 0.9316}, 90.43063814705238)
[2024-05-30 22:23:32,873][flwr][DEBUG] - evaluate_round 65: strategy sampled 1 clients (out of 50)
[2024-05-30 22:23:33,053][flwr][DEBUG] - evaluate_round 65 received 1 results and 0 failures
[2024-05-30 22:23:33,053][flwr][DEBUG] - fit_round 66: strategy sampled 10 clients (out of 50)
[2024-05-30 22:23:33,831][flwr][DEBUG] - fit_round 66 received 10 results and 0 failures
[2024-05-30 22:23:34,228][flwr][INFO] - fit progress: (66, 18.755704510957003, {'accuracy': 0.9321}, 91.78633348504081)
[2024-05-30 22:23:34,228][flwr][DEBUG] - evaluate_round 66: strategy sampled 1 clients (out of 50)
[2024-05-30 22:23:34,379][flwr][DEBUG] - evaluate_round 66 received 1 results and 0 failures
[2024-05-30 22:23:34,379][flwr][DEBUG] - fit_round 67: strategy sampled 10 clients (out of 50)
[2024-05-30 22:23:35,118][flwr][DEBUG] - fit_round 67 received 10 results and 0 failures
[2024-05-30 22:23:35,520][flwr][INFO] - fit progress: (67, 18.510023908689618, {'accuracy': 0.9324}, 93.07787212589756)
[2024-05-30 22:23:35,520][flwr][DEBUG] - evaluate_round 67: strategy sampled 1 clients (out of 50)
[2024-05-30 22:23:35,679][flwr][DEBUG] - evaluate_round 67 received 1 results and 0 failures
[2024-05-30 22:23:35,679][flwr][DEBUG] - fit_round 68: strategy sampled 10 clients (out of 50)
[2024-05-30 22:23:36,478][flwr][DEBUG] - fit_round 68 received 10 results and 0 failures
[2024-05-30 22:23:36,878][flwr][INFO] - fit progress: (68, 18.368077367544174, {'accuracy': 0.9345}, 94.43609179509804)
[2024-05-30 22:23:36,878][flwr][DEBUG] - evaluate_round 68: strategy sampled 1 clients (out of 50)
[2024-05-30 22:23:37,053][flwr][DEBUG] - evaluate_round 68 received 1 results and 0 failures
[2024-05-30 22:23:37,053][flwr][DEBUG] - fit_round 69: strategy sampled 10 clients (out of 50)
[2024-05-30 22:23:37,785][flwr][DEBUG] - fit_round 69 received 10 results and 0 failures
[2024-05-30 22:23:38,172][flwr][INFO] - fit progress: (69, 18.11920878663659, {'accuracy': 0.9346}, 95.73035267181695)
[2024-05-30 22:23:38,172][flwr][DEBUG] - evaluate_round 69: strategy sampled 1 clients (out of 50)
[2024-05-30 22:23:38,347][flwr][DEBUG] - evaluate_round 69 received 1 results and 0 failures
[2024-05-30 22:23:38,347][flwr][DEBUG] - fit_round 70: strategy sampled 10 clients (out of 50)
[2024-05-30 22:23:39,128][flwr][DEBUG] - fit_round 70 received 10 results and 0 failures
[2024-05-30 22:23:39,522][flwr][INFO] - fit progress: (70, 18.012840131297708, {'accuracy': 0.9342}, 97.07992332382128)
[2024-05-30 22:23:39,522][flwr][DEBUG] - evaluate_round 70: strategy sampled 1 clients (out of 50)
[2024-05-30 22:23:39,703][flwr][DEBUG] - evaluate_round 70 received 1 results and 0 failures
[2024-05-30 22:23:39,704][flwr][DEBUG] - fit_round 71: strategy sampled 10 clients (out of 50)
[2024-05-30 22:23:40,434][flwr][DEBUG] - fit_round 71 received 10 results and 0 failures
[2024-05-30 22:23:40,826][flwr][INFO] - fit progress: (71, 17.813747234642506, {'accuracy': 0.9351}, 98.3845564480871)
[2024-05-30 22:23:40,827][flwr][DEBUG] - evaluate_round 71: strategy sampled 1 clients (out of 50)
[2024-05-30 22:23:40,999][flwr][DEBUG] - evaluate_round 71 received 1 results and 0 failures
[2024-05-30 22:23:40,999][flwr][DEBUG] - fit_round 72: strategy sampled 10 clients (out of 50)
[2024-05-30 22:23:41,745][flwr][DEBUG] - fit_round 72 received 10 results and 0 failures
[2024-05-30 22:23:42,137][flwr][INFO] - fit progress: (72, 17.646509690210223, {'accuracy': 0.9361}, 99.6950406236574)
[2024-05-30 22:23:42,137][flwr][DEBUG] - evaluate_round 72: strategy sampled 1 clients (out of 50)
[2024-05-30 22:23:42,319][flwr][DEBUG] - evaluate_round 72 received 1 results and 0 failures
[2024-05-30 22:23:42,319][flwr][DEBUG] - fit_round 73: strategy sampled 10 clients (out of 50)
[2024-05-30 22:23:43,072][flwr][DEBUG] - fit_round 73 received 10 results and 0 failures
[2024-05-30 22:23:43,465][flwr][INFO] - fit progress: (73, 17.55447268858552, {'accuracy': 0.9364}, 101.02323726471514)
[2024-05-30 22:23:43,465][flwr][DEBUG] - evaluate_round 73: strategy sampled 1 clients (out of 50)
[2024-05-30 22:23:43,617][flwr][DEBUG] - evaluate_round 73 received 1 results and 0 failures
[2024-05-30 22:23:43,617][flwr][DEBUG] - fit_round 74: strategy sampled 10 clients (out of 50)
[2024-05-30 22:23:44,447][flwr][DEBUG] - fit_round 74 received 10 results and 0 failures
[2024-05-30 22:23:44,847][flwr][INFO] - fit progress: (74, 17.29650616645813, {'accuracy': 0.9366}, 102.40559003688395)
[2024-05-30 22:23:44,848][flwr][DEBUG] - evaluate_round 74: strategy sampled 1 clients (out of 50)
[2024-05-30 22:23:45,038][flwr][DEBUG] - evaluate_round 74 received 1 results and 0 failures
[2024-05-30 22:23:45,039][flwr][DEBUG] - fit_round 75: strategy sampled 10 clients (out of 50)
[2024-05-30 22:23:45,772][flwr][DEBUG] - fit_round 75 received 10 results and 0 failures
[2024-05-30 22:23:46,163][flwr][INFO] - fit progress: (75, 17.254251373931766, {'accuracy': 0.9368}, 103.72118854476139)
[2024-05-30 22:23:46,163][flwr][DEBUG] - evaluate_round 75: strategy sampled 1 clients (out of 50)
[2024-05-30 22:23:46,341][flwr][DEBUG] - evaluate_round 75 received 1 results and 0 failures
[2024-05-30 22:23:46,341][flwr][DEBUG] - fit_round 76: strategy sampled 10 clients (out of 50)
[2024-05-30 22:23:47,068][flwr][DEBUG] - fit_round 76 received 10 results and 0 failures
[2024-05-30 22:23:47,459][flwr][INFO] - fit progress: (76, 17.13787197880447, {'accuracy': 0.938}, 105.01677168067545)
[2024-05-30 22:23:47,459][flwr][DEBUG] - evaluate_round 76: strategy sampled 1 clients (out of 50)
[2024-05-30 22:23:47,630][flwr][DEBUG] - evaluate_round 76 received 1 results and 0 failures
[2024-05-30 22:23:47,631][flwr][DEBUG] - fit_round 77: strategy sampled 10 clients (out of 50)
[2024-05-30 22:23:48,336][flwr][DEBUG] - fit_round 77 received 10 results and 0 failures
[2024-05-30 22:23:48,731][flwr][INFO] - fit progress: (77, 16.917242681607604, {'accuracy': 0.938}, 106.28951982408762)
[2024-05-30 22:23:48,731][flwr][DEBUG] - evaluate_round 77: strategy sampled 1 clients (out of 50)
[2024-05-30 22:23:48,868][flwr][DEBUG] - evaluate_round 77 received 1 results and 0 failures
[2024-05-30 22:23:48,869][flwr][DEBUG] - fit_round 78: strategy sampled 10 clients (out of 50)
[2024-05-30 22:23:49,647][flwr][DEBUG] - fit_round 78 received 10 results and 0 failures
[2024-05-30 22:23:50,046][flwr][INFO] - fit progress: (78, 16.787755846977234, {'accuracy': 0.9392}, 107.60419108299538)
[2024-05-30 22:23:50,046][flwr][DEBUG] - evaluate_round 78: strategy sampled 1 clients (out of 50)
[2024-05-30 22:23:50,186][flwr][DEBUG] - evaluate_round 78 received 1 results and 0 failures
[2024-05-30 22:23:50,186][flwr][DEBUG] - fit_round 79: strategy sampled 10 clients (out of 50)
[2024-05-30 22:23:50,873][flwr][DEBUG] - fit_round 79 received 10 results and 0 failures
[2024-05-30 22:23:51,266][flwr][INFO] - fit progress: (79, 16.65161300636828, {'accuracy': 0.9398}, 108.82458709878847)
[2024-05-30 22:23:51,267][flwr][DEBUG] - evaluate_round 79: strategy sampled 1 clients (out of 50)
[2024-05-30 22:23:51,434][flwr][DEBUG] - evaluate_round 79 received 1 results and 0 failures
[2024-05-30 22:23:51,434][flwr][DEBUG] - fit_round 80: strategy sampled 10 clients (out of 50)
[2024-05-30 22:23:52,223][flwr][DEBUG] - fit_round 80 received 10 results and 0 failures
[2024-05-30 22:23:52,615][flwr][INFO] - fit progress: (80, 16.546676324680448, {'accuracy': 0.9398}, 110.17325079394504)
[2024-05-30 22:23:52,615][flwr][DEBUG] - evaluate_round 80: strategy sampled 1 clients (out of 50)
[2024-05-30 22:23:52,794][flwr][DEBUG] - evaluate_round 80 received 1 results and 0 failures
[2024-05-30 22:23:52,794][flwr][DEBUG] - fit_round 81: strategy sampled 10 clients (out of 50)
[2024-05-30 22:23:53,529][flwr][DEBUG] - fit_round 81 received 10 results and 0 failures
[2024-05-30 22:23:53,921][flwr][INFO] - fit progress: (81, 16.40903840214014, {'accuracy': 0.9406}, 111.4790895297192)
[2024-05-30 22:23:53,921][flwr][DEBUG] - evaluate_round 81: strategy sampled 1 clients (out of 50)
[2024-05-30 22:23:54,088][flwr][DEBUG] - evaluate_round 81 received 1 results and 0 failures
[2024-05-30 22:23:54,088][flwr][DEBUG] - fit_round 82: strategy sampled 10 clients (out of 50)
[2024-05-30 22:23:54,890][flwr][DEBUG] - fit_round 82 received 10 results and 0 failures
[2024-05-30 22:23:55,294][flwr][INFO] - fit progress: (82, 16.277199041098356, {'accuracy': 0.9409}, 112.85247691394761)
[2024-05-30 22:23:55,294][flwr][DEBUG] - evaluate_round 82: strategy sampled 1 clients (out of 50)
[2024-05-30 22:23:55,468][flwr][DEBUG] - evaluate_round 82 received 1 results and 0 failures
[2024-05-30 22:23:55,468][flwr][DEBUG] - fit_round 83: strategy sampled 10 clients (out of 50)
[2024-05-30 22:23:56,202][flwr][DEBUG] - fit_round 83 received 10 results and 0 failures
[2024-05-30 22:23:56,594][flwr][INFO] - fit progress: (83, 16.22198521811515, {'accuracy': 0.9401}, 114.1520972517319)
[2024-05-30 22:23:56,594][flwr][DEBUG] - evaluate_round 83: strategy sampled 1 clients (out of 50)
[2024-05-30 22:23:56,730][flwr][DEBUG] - evaluate_round 83 received 1 results and 0 failures
[2024-05-30 22:23:56,730][flwr][DEBUG] - fit_round 84: strategy sampled 10 clients (out of 50)
[2024-05-30 22:23:57,503][flwr][DEBUG] - fit_round 84 received 10 results and 0 failures
[2024-05-30 22:23:57,899][flwr][INFO] - fit progress: (84, 16.018730248324573, {'accuracy': 0.9421}, 115.45725298067555)
[2024-05-30 22:23:57,899][flwr][DEBUG] - evaluate_round 84: strategy sampled 1 clients (out of 50)
[2024-05-30 22:23:58,073][flwr][DEBUG] - evaluate_round 84 received 1 results and 0 failures
[2024-05-30 22:23:58,073][flwr][DEBUG] - fit_round 85: strategy sampled 10 clients (out of 50)
[2024-05-30 22:23:58,810][flwr][DEBUG] - fit_round 85 received 10 results and 0 failures
[2024-05-30 22:23:59,206][flwr][INFO] - fit progress: (85, 15.91943939588964, {'accuracy': 0.9419}, 116.76408748468384)
[2024-05-30 22:23:59,206][flwr][DEBUG] - evaluate_round 85: strategy sampled 1 clients (out of 50)
[2024-05-30 22:23:59,371][flwr][DEBUG] - evaluate_round 85 received 1 results and 0 failures
[2024-05-30 22:23:59,371][flwr][DEBUG] - fit_round 86: strategy sampled 10 clients (out of 50)
[2024-05-30 22:24:00,102][flwr][DEBUG] - fit_round 86 received 10 results and 0 failures
[2024-05-30 22:24:00,493][flwr][INFO] - fit progress: (86, 15.803112211637199, {'accuracy': 0.943}, 118.0512831476517)
[2024-05-30 22:24:00,493][flwr][DEBUG] - evaluate_round 86: strategy sampled 1 clients (out of 50)
[2024-05-30 22:24:00,671][flwr][DEBUG] - evaluate_round 86 received 1 results and 0 failures
[2024-05-30 22:24:00,671][flwr][DEBUG] - fit_round 87: strategy sampled 10 clients (out of 50)
[2024-05-30 22:24:01,399][flwr][DEBUG] - fit_round 87 received 10 results and 0 failures
[2024-05-30 22:24:01,795][flwr][INFO] - fit progress: (87, 15.601235816255212, {'accuracy': 0.9439}, 119.35322553711012)
[2024-05-30 22:24:01,795][flwr][DEBUG] - evaluate_round 87: strategy sampled 1 clients (out of 50)
[2024-05-30 22:24:01,947][flwr][DEBUG] - evaluate_round 87 received 1 results and 0 failures
[2024-05-30 22:24:01,948][flwr][DEBUG] - fit_round 88: strategy sampled 10 clients (out of 50)
[2024-05-30 22:24:02,686][flwr][DEBUG] - fit_round 88 received 10 results and 0 failures
[2024-05-30 22:24:03,077][flwr][INFO] - fit progress: (88, 15.53207744192332, {'accuracy': 0.9431}, 120.63555685197935)
[2024-05-30 22:24:03,078][flwr][DEBUG] - evaluate_round 88: strategy sampled 1 clients (out of 50)
[2024-05-30 22:24:03,285][flwr][DEBUG] - evaluate_round 88 received 1 results and 0 failures
[2024-05-30 22:24:03,285][flwr][DEBUG] - fit_round 89: strategy sampled 10 clients (out of 50)
[2024-05-30 22:24:04,018][flwr][DEBUG] - fit_round 89 received 10 results and 0 failures
[2024-05-30 22:24:04,414][flwr][INFO] - fit progress: (89, 15.41570992115885, {'accuracy': 0.9441}, 121.97241283580661)
[2024-05-30 22:24:04,414][flwr][DEBUG] - evaluate_round 89: strategy sampled 1 clients (out of 50)
[2024-05-30 22:24:04,583][flwr][DEBUG] - evaluate_round 89 received 1 results and 0 failures
[2024-05-30 22:24:04,583][flwr][DEBUG] - fit_round 90: strategy sampled 10 clients (out of 50)
[2024-05-30 22:24:05,356][flwr][DEBUG] - fit_round 90 received 10 results and 0 failures
[2024-05-30 22:24:05,747][flwr][INFO] - fit progress: (90, 15.309578485786915, {'accuracy': 0.9451}, 123.30557710397989)
[2024-05-30 22:24:05,748][flwr][DEBUG] - evaluate_round 90: strategy sampled 1 clients (out of 50)
[2024-05-30 22:24:05,921][flwr][DEBUG] - evaluate_round 90 received 1 results and 0 failures
[2024-05-30 22:24:05,921][flwr][DEBUG] - fit_round 91: strategy sampled 10 clients (out of 50)
[2024-05-30 22:24:06,698][flwr][DEBUG] - fit_round 91 received 10 results and 0 failures
[2024-05-30 22:24:07,090][flwr][INFO] - fit progress: (91, 15.148911046795547, {'accuracy': 0.9462}, 124.64825941668823)
[2024-05-30 22:24:07,090][flwr][DEBUG] - evaluate_round 91: strategy sampled 1 clients (out of 50)
[2024-05-30 22:24:07,266][flwr][DEBUG] - evaluate_round 91 received 1 results and 0 failures
[2024-05-30 22:24:07,266][flwr][DEBUG] - fit_round 92: strategy sampled 10 clients (out of 50)
[2024-05-30 22:24:08,016][flwr][DEBUG] - fit_round 92 received 10 results and 0 failures
[2024-05-30 22:24:08,411][flwr][INFO] - fit progress: (92, 15.033933764323592, {'accuracy': 0.9466}, 125.96895214170218)
[2024-05-30 22:24:08,411][flwr][DEBUG] - evaluate_round 92: strategy sampled 1 clients (out of 50)
[2024-05-30 22:24:08,591][flwr][DEBUG] - evaluate_round 92 received 1 results and 0 failures
[2024-05-30 22:24:08,591][flwr][DEBUG] - fit_round 93: strategy sampled 10 clients (out of 50)
[2024-05-30 22:24:09,395][flwr][DEBUG] - fit_round 93 received 10 results and 0 failures
[2024-05-30 22:24:09,786][flwr][INFO] - fit progress: (93, 14.95352203398943, {'accuracy': 0.9469}, 127.34383588703349)
[2024-05-30 22:24:09,786][flwr][DEBUG] - evaluate_round 93: strategy sampled 1 clients (out of 50)
[2024-05-30 22:24:09,952][flwr][DEBUG] - evaluate_round 93 received 1 results and 0 failures
[2024-05-30 22:24:09,952][flwr][DEBUG] - fit_round 94: strategy sampled 10 clients (out of 50)
[2024-05-30 22:24:10,672][flwr][DEBUG] - fit_round 94 received 10 results and 0 failures
[2024-05-30 22:24:11,066][flwr][INFO] - fit progress: (94, 14.881319703534245, {'accuracy': 0.9464}, 128.6242583869025)
[2024-05-30 22:24:11,066][flwr][DEBUG] - evaluate_round 94: strategy sampled 1 clients (out of 50)
[2024-05-30 22:24:11,243][flwr][DEBUG] - evaluate_round 94 received 1 results and 0 failures
[2024-05-30 22:24:11,243][flwr][DEBUG] - fit_round 95: strategy sampled 10 clients (out of 50)
[2024-05-30 22:24:12,023][flwr][DEBUG] - fit_round 95 received 10 results and 0 failures
[2024-05-30 22:24:12,435][flwr][INFO] - fit progress: (95, 14.763688370585442, {'accuracy': 0.9461}, 129.9936070078984)
[2024-05-30 22:24:12,436][flwr][DEBUG] - evaluate_round 95: strategy sampled 1 clients (out of 50)
[2024-05-30 22:24:12,615][flwr][DEBUG] - evaluate_round 95 received 1 results and 0 failures
[2024-05-30 22:24:12,616][flwr][DEBUG] - fit_round 96: strategy sampled 10 clients (out of 50)
[2024-05-30 22:24:13,359][flwr][DEBUG] - fit_round 96 received 10 results and 0 failures
[2024-05-30 22:24:13,760][flwr][INFO] - fit progress: (96, 14.647423163056374, {'accuracy': 0.9474}, 131.31851687887684)
[2024-05-30 22:24:13,760][flwr][DEBUG] - evaluate_round 96: strategy sampled 1 clients (out of 50)
[2024-05-30 22:24:13,908][flwr][DEBUG] - evaluate_round 96 received 1 results and 0 failures
[2024-05-30 22:24:13,908][flwr][DEBUG] - fit_round 97: strategy sampled 10 clients (out of 50)
[2024-05-30 22:24:14,641][flwr][DEBUG] - fit_round 97 received 10 results and 0 failures
[2024-05-30 22:24:15,045][flwr][INFO] - fit progress: (97, 14.493955938145518, {'accuracy': 0.9481}, 132.6033291798085)
[2024-05-30 22:24:15,045][flwr][DEBUG] - evaluate_round 97: strategy sampled 1 clients (out of 50)
[2024-05-30 22:24:15,226][flwr][DEBUG] - evaluate_round 97 received 1 results and 0 failures
[2024-05-30 22:24:15,226][flwr][DEBUG] - fit_round 98: strategy sampled 10 clients (out of 50)
[2024-05-30 22:24:15,918][flwr][DEBUG] - fit_round 98 received 10 results and 0 failures
[2024-05-30 22:24:16,325][flwr][INFO] - fit progress: (98, 14.424072776921093, {'accuracy': 0.9487}, 133.8826901926659)
[2024-05-30 22:24:16,325][flwr][DEBUG] - evaluate_round 98: strategy sampled 1 clients (out of 50)
[2024-05-30 22:24:16,495][flwr][DEBUG] - evaluate_round 98 received 1 results and 0 failures
[2024-05-30 22:24:16,496][flwr][DEBUG] - fit_round 99: strategy sampled 10 clients (out of 50)
[2024-05-30 22:24:17,210][flwr][DEBUG] - fit_round 99 received 10 results and 0 failures
[2024-05-30 22:24:17,610][flwr][INFO] - fit progress: (99, 14.286939043551683, {'accuracy': 0.9478}, 135.16854217182845)
[2024-05-30 22:24:17,611][flwr][DEBUG] - evaluate_round 99: strategy sampled 1 clients (out of 50)
[2024-05-30 22:24:17,783][flwr][DEBUG] - evaluate_round 99 received 1 results and 0 failures
[2024-05-30 22:24:17,783][flwr][DEBUG] - fit_round 100: strategy sampled 10 clients (out of 50)
[2024-05-30 22:24:18,598][flwr][DEBUG] - fit_round 100 received 10 results and 0 failures
[2024-05-30 22:24:18,996][flwr][INFO] - fit progress: (100, 14.182407734915614, {'accuracy': 0.9481}, 136.55451826006174)
[2024-05-30 22:24:18,997][flwr][DEBUG] - evaluate_round 100: strategy sampled 1 clients (out of 50)
[2024-05-30 22:24:19,173][flwr][DEBUG] - evaluate_round 100 received 1 results and 0 failures
[2024-05-30 22:24:19,173][flwr][INFO] - FL finished in 136.73140925401822
[2024-05-30 22:24:19,174][flwr][INFO] - app_fit: losses_distributed [(1, 11.155303239822388), (2, 10.852717399597168), (3, 10.407527685165405), (4, 10.02489161491394), (5, 9.651379346847534), (6, 9.226972103118896), (7, 8.500007629394531), (8, 7.876877665519714), (9, 7.274890780448914), (10, 6.665781021118164), (11, 6.160248160362244), (12, 5.81045264005661), (13, 5.103353440761566), (14, 5.060777544975281), (15, 4.254270434379578), (16, 4.616949021816254), (17, 4.182811856269836), (18, 3.5314058661460876), (19, 3.4498276710510254), (20, 3.148028701543808), (21, 3.006588965654373), (22, 3.2233185172080994), (23, 3.4141621589660645), (24, 2.35017791390419), (25, 2.4489701092243195), (26, 2.4486154913902283), (27, 2.111791104078293), (28, 2.4259307980537415), (29, 2.205400049686432), (30, 2.228360563516617), (31, 1.9976163059473038), (32, 1.7573042958974838), (33, 1.9363961815834045), (34, 2.4382665753364563), (35, 1.9483408629894257), (36, 1.7763954401016235), (37, 1.7014420330524445), (38, 1.5303912609815598), (39, 1.9832646548748016), (40, 2.2179691940546036), (41, 1.9820148795843124), (42, 1.2354485541582108), (43, 1.9222114235162735), (44, 1.514105811715126), (45, 1.7256103157997131), (46, 1.9535031616687775), (47, 2.0019228011369705), (48, 1.5206094831228256), (49, 2.0097471550107002), (50, 1.3950780928134918), (51, 1.8031211197376251), (52, 1.7586382329463959), (53, 1.152993805706501), (54, 1.4298216998577118), (55, 1.2122053354978561), (56, 1.2785513326525688), (57, 1.3522969782352448), (58, 1.7155273705720901), (59, 1.2069644257426262), (60, 1.4916143491864204), (61, 1.1217477768659592), (62, 0.9909085929393768), (63, 1.191421002149582), (64, 1.1220739856362343), (65, 1.176258459687233), (66, 1.2382125854492188), (67, 1.0784949958324432), (68, 1.390692226588726), (69, 1.064695242792368), (70, 0.9273143783211708), (71, 1.0498646572232246), (72, 0.7948591373860836), (73, 1.1789289563894272), (74, 1.4187946617603302), (75, 0.9899816401302814), (76, 1.5556507483124733), (77, 1.5373853892087936), (78, 1.1002236902713776), (79, 1.5052172392606735), (80, 1.1466729566454887), (81, 1.0286313369870186), (82, 0.9706473052501678), (83, 1.308448001742363), (84, 0.9738729558885098), (85, 1.459071695804596), (86, 1.1843101009726524), (87, 2.1315818428993225), (88, 0.8190173916518688), (89, 1.2883943244814873), (90, 1.4132503904402256), (91, 1.0220400914549828), (92, 1.2013504654169083), (93, 0.8066432625055313), (94, 1.001199372112751), (95, 0.8887665495276451), (96, 1.214692361652851), (97, 1.1901050060987473), (98, 0.7723444029688835), (99, 1.7340911775827408), (100, 1.339418713003397)]
[2024-05-30 22:24:19,174][flwr][INFO] - app_fit: metrics_distributed_fit {}
[2024-05-30 22:24:19,174][flwr][INFO] - app_fit: metrics_distributed {}
[2024-05-30 22:24:19,174][flwr][INFO] - app_fit: losses_centralized [(0, 182.15318155288696), (1, 176.87044858932495), (2, 171.4500560760498), (3, 165.2777156829834), (4, 158.4999395608902), (5, 151.08605432510376), (6, 142.99946403503418), (7, 134.41533076763153), (8, 125.55703556537628), (9, 116.50974774360657), (10, 107.53015887737274), (11, 98.89600318670273), (12, 90.76353257894516), (13, 83.2034712433815), (14, 76.43879926204681), (15, 70.4439127445221), (16, 65.17716601490974), (17, 60.546873062849045), (18, 56.45126157999039), (19, 52.895566672086716), (20, 49.75470149517059), (21, 47.03809291124344), (22, 44.604581356048584), (23, 42.458547696471214), (24, 40.59956453740597), (25, 38.881979271769524), (26, 37.30956454575062), (27, 35.99259217083454), (28, 34.75109887123108), (29, 33.62687732279301), (30, 32.69493409246206), (31, 31.75954656302929), (32, 30.899560123682022), (33, 30.145461328327656), (34, 29.365342386066914), (35, 28.75075586885214), (36, 28.14032470434904), (37, 27.472652032971382), (38, 26.939257092773914), (39, 26.42078084498644), (40, 26.023910231888294), (41, 25.464935902506113), (42, 25.052026849240065), (43, 24.660275258123875), (44, 24.33935360610485), (45, 23.947191413491964), (46, 23.59066977351904), (47, 23.209762029349804), (48, 22.909094214439392), (49, 22.585912328213453), (50, 22.302379321306944), (51, 22.07765531167388), (52, 21.938747476786375), (53, 21.484964285045862), (54, 21.23789144679904), (55, 20.99994170665741), (56, 20.817621640861034), (57, 20.64387251995504), (58, 20.27149248123169), (59, 20.119659654796124), (60, 19.918433483690023), (61, 19.68017952889204), (62, 19.448982359841466), (63, 19.261485693976283), (64, 19.12555847875774), (65, 18.89178205654025), (66, 18.755704510957003), (67, 18.510023908689618), (68, 18.368077367544174), (69, 18.11920878663659), (70, 18.012840131297708), (71, 17.813747234642506), (72, 17.646509690210223), (73, 17.55447268858552), (74, 17.29650616645813), (75, 17.254251373931766), (76, 17.13787197880447), (77, 16.917242681607604), (78, 16.787755846977234), (79, 16.65161300636828), (80, 16.546676324680448), (81, 16.40903840214014), (82, 16.277199041098356), (83, 16.22198521811515), (84, 16.018730248324573), (85, 15.91943939588964), (86, 15.803112211637199), (87, 15.601235816255212), (88, 15.53207744192332), (89, 15.41570992115885), (90, 15.309578485786915), (91, 15.148911046795547), (92, 15.033933764323592), (93, 14.95352203398943), (94, 14.881319703534245), (95, 14.763688370585442), (96, 14.647423163056374), (97, 14.493955938145518), (98, 14.424072776921093), (99, 14.286939043551683), (100, 14.182407734915614)]
[2024-05-30 22:24:19,174][flwr][INFO] - app_fit: metrics_centralized {'accuracy': [(0, 0.0885), (1, 0.2535), (2, 0.498), (3, 0.6221), (4, 0.6683), (5, 0.6918), (6, 0.7254), (7, 0.7502), (8, 0.7604), (9, 0.7808), (10, 0.7917), (11, 0.8012), (12, 0.8169), (13, 0.8233), (14, 0.8327), (15, 0.8407), (16, 0.8466), (17, 0.8495), (18, 0.8542), (19, 0.8631), (20, 0.8655), (21, 0.87), (22, 0.8741), (23, 0.878), (24, 0.8803), (25, 0.8846), (26, 0.8864), (27, 0.8923), (28, 0.8908), (29, 0.8948), (30, 0.895), (31, 0.8978), (32, 0.9002), (33, 0.9012), (34, 0.903), (35, 0.9048), (36, 0.9054), (37, 0.9076), (38, 0.9085), (39, 0.91), (40, 0.9115), (41, 0.9122), (42, 0.9139), (43, 0.9142), (44, 0.9145), (45, 0.9164), (46, 0.9175), (47, 0.9186), (48, 0.9202), (49, 0.9206), (50, 0.9213), (51, 0.9231), (52, 0.9214), (53, 0.9238), (54, 0.9249), (55, 0.9246), (56, 0.9256), (57, 0.925), (58, 0.9279), (59, 0.9284), (60, 0.9278), (61, 0.9289), (62, 0.9302), (63, 0.9312), (64, 0.9315), (65, 0.9316), (66, 0.9321), (67, 0.9324), (68, 0.9345), (69, 0.9346), (70, 0.9342), (71, 0.9351), (72, 0.9361), (73, 0.9364), (74, 0.9366), (75, 0.9368), (76, 0.938), (77, 0.938), (78, 0.9392), (79, 0.9398), (80, 0.9398), (81, 0.9406), (82, 0.9409), (83, 0.9401), (84, 0.9421), (85, 0.9419), (86, 0.943), (87, 0.9439), (88, 0.9431), (89, 0.9441), (90, 0.9451), (91, 0.9462), (92, 0.9466), (93, 0.9469), (94, 0.9464), (95, 0.9461), (96, 0.9474), (97, 0.9481), (98, 0.9487), (99, 0.9478), (100, 0.9481)]}
