[2024-05-30 18:42:23,438][flwr][INFO] - Starting Flower simulation, config: ServerConfig(num_rounds=100, round_timeout=None)
[2024-05-30 18:42:25,500][flwr][INFO] - Flower VCE: Ray initialized with resources: {'memory': 83163310285.0, 'object_store_memory': 39927132979.0, 'accelerator_type:G': 1.0, 'GPU': 2.0, 'node:172.17.34.3': 1.0, 'CPU': 24.0}
[2024-05-30 18:42:25,500][flwr][INFO] - Initializing global parameters
[2024-05-30 18:42:25,501][flwr][INFO] - Requesting initial parameters from one random client
[2024-05-30 18:42:26,637][flwr][INFO] - Received initial parameters from one random client
[2024-05-30 18:42:26,637][flwr][INFO] - Evaluating initial parameters
[2024-05-30 18:42:28,612][flwr][INFO] - initial parameters (loss, other metrics): 181.84319353103638, {'accuracy': 0.1038}
[2024-05-30 18:42:28,612][flwr][INFO] - FL starting
[2024-05-30 18:42:28,612][flwr][DEBUG] - fit_round 1: strategy sampled 10 clients (out of 50)
[2024-05-30 18:42:33,561][flwr][DEBUG] - fit_round 1 received 10 results and 0 failures
[2024-05-30 18:42:33,582][flwr][WARNING] - No fit_metrics_aggregation_fn provided
[2024-05-30 18:42:33,924][flwr][INFO] - fit progress: (1, 177.31563568115234, {'accuracy': 0.2983}, 5.311869939323515)
[2024-05-30 18:42:33,924][flwr][DEBUG] - evaluate_round 1: strategy sampled 1 clients (out of 50)
[2024-05-30 18:42:34,095][flwr][DEBUG] - evaluate_round 1 received 1 results and 0 failures
[2024-05-30 18:42:34,095][flwr][WARNING] - No evaluate_metrics_aggregation_fn provided
[2024-05-30 18:42:34,095][flwr][DEBUG] - fit_round 2: strategy sampled 10 clients (out of 50)
[2024-05-30 18:42:34,808][flwr][DEBUG] - fit_round 2 received 10 results and 0 failures
[2024-05-30 18:42:35,166][flwr][INFO] - fit progress: (2, 172.44854021072388, {'accuracy': 0.5675}, 6.553749193903059)
[2024-05-30 18:42:35,166][flwr][DEBUG] - evaluate_round 2: strategy sampled 1 clients (out of 50)
[2024-05-30 18:42:35,327][flwr][DEBUG] - evaluate_round 2 received 1 results and 0 failures
[2024-05-30 18:42:35,328][flwr][DEBUG] - fit_round 3: strategy sampled 10 clients (out of 50)
[2024-05-30 18:42:36,124][flwr][DEBUG] - fit_round 3 received 10 results and 0 failures
[2024-05-30 18:42:36,474][flwr][INFO] - fit progress: (3, 167.063378572464, {'accuracy': 0.6814}, 7.861714567057788)
[2024-05-30 18:42:36,474][flwr][DEBUG] - evaluate_round 3: strategy sampled 1 clients (out of 50)
[2024-05-30 18:42:36,641][flwr][DEBUG] - evaluate_round 3 received 1 results and 0 failures
[2024-05-30 18:42:36,642][flwr][DEBUG] - fit_round 4: strategy sampled 10 clients (out of 50)
[2024-05-30 18:42:37,386][flwr][DEBUG] - fit_round 4 received 10 results and 0 failures
[2024-05-30 18:42:39,616][flwr][INFO] - fit progress: (4, nan, {'accuracy': 0.098}, 11.003969175275415)
[2024-05-30 18:42:39,616][flwr][DEBUG] - evaluate_round 4: strategy sampled 1 clients (out of 50)
[2024-05-30 18:42:39,782][flwr][DEBUG] - evaluate_round 4 received 1 results and 0 failures
[2024-05-30 18:42:39,782][flwr][DEBUG] - fit_round 5: strategy sampled 10 clients (out of 50)
[2024-05-30 18:42:40,552][flwr][DEBUG] - fit_round 5 received 10 results and 0 failures
