[2024-05-30 23:24:24,554][flwr][INFO] - Starting Flower simulation, config: ServerConfig(num_rounds=100, round_timeout=None)
[2024-05-30 23:24:26,618][flwr][INFO] - Flower VCE: Ray initialized with resources: {'memory': 83026318336.0, 'node:172.17.34.3': 1.0, 'accelerator_type:G': 1.0, 'GPU': 2.0, 'CPU': 24.0, 'object_store_memory': 39868422144.0}
[2024-05-30 23:24:26,619][flwr][INFO] - Initializing global parameters
[2024-05-30 23:24:26,619][flwr][INFO] - Requesting initial parameters from one random client
[2024-05-30 23:24:27,730][flwr][INFO] - Received initial parameters from one random client
[2024-05-30 23:24:27,730][flwr][INFO] - Evaluating initial parameters
[2024-05-30 23:24:29,700][flwr][INFO] - initial parameters (loss, other metrics): 183.08004808425903, {'accuracy': 0.0805}
[2024-05-30 23:24:29,700][flwr][INFO] - FL starting
[2024-05-30 23:24:29,700][flwr][DEBUG] - fit_round 1: strategy sampled 10 clients (out of 50)
[2024-05-30 23:24:34,537][flwr][DEBUG] - fit_round 1 received 10 results and 0 failures
[2024-05-30 23:24:34,552][flwr][WARNING] - No fit_metrics_aggregation_fn provided
[2024-05-30 23:24:34,895][flwr][INFO] - fit progress: (1, 153.60850739479065, {'accuracy': 0.7866}, 5.194822149351239)
[2024-05-30 23:24:34,895][flwr][DEBUG] - evaluate_round 1: strategy sampled 1 clients (out of 50)
[2024-05-30 23:24:35,040][flwr][DEBUG] - evaluate_round 1 received 1 results and 0 failures
[2024-05-30 23:24:35,041][flwr][WARNING] - No evaluate_metrics_aggregation_fn provided
[2024-05-30 23:24:35,041][flwr][DEBUG] - fit_round 2: strategy sampled 10 clients (out of 50)
[2024-05-30 23:24:35,808][flwr][DEBUG] - fit_round 2 received 10 results and 0 failures
[2024-05-30 23:24:36,158][flwr][INFO] - fit progress: (2, 125.0054270029068, {'accuracy': 0.8384}, 6.45855016540736)
[2024-05-30 23:24:36,159][flwr][DEBUG] - evaluate_round 2: strategy sampled 1 clients (out of 50)
[2024-05-30 23:24:36,326][flwr][DEBUG] - evaluate_round 2 received 1 results and 0 failures
[2024-05-30 23:24:36,326][flwr][DEBUG] - fit_round 3: strategy sampled 10 clients (out of 50)
[2024-05-30 23:24:37,179][flwr][DEBUG] - fit_round 3 received 10 results and 0 failures
[2024-05-30 23:24:37,536][flwr][INFO] - fit progress: (3, 110.24025511741638, {'accuracy': 0.8474}, 7.8362538469955325)
[2024-05-30 23:24:37,536][flwr][DEBUG] - evaluate_round 3: strategy sampled 1 clients (out of 50)
[2024-05-30 23:24:37,746][flwr][DEBUG] - evaluate_round 3 received 1 results and 0 failures
[2024-05-30 23:24:37,746][flwr][DEBUG] - fit_round 4: strategy sampled 10 clients (out of 50)
[2024-05-30 23:24:38,470][flwr][DEBUG] - fit_round 4 received 10 results and 0 failures
[2024-05-30 23:24:39,057][flwr][INFO] - fit progress: (4, 53.83856761455536, {'accuracy': 0.859}, 9.356659932993352)
[2024-05-30 23:24:39,057][flwr][DEBUG] - evaluate_round 4: strategy sampled 1 clients (out of 50)
[2024-05-30 23:24:39,220][flwr][DEBUG] - evaluate_round 4 received 1 results and 0 failures
[2024-05-30 23:24:39,220][flwr][DEBUG] - fit_round 5: strategy sampled 10 clients (out of 50)
[2024-05-30 23:24:39,989][flwr][DEBUG] - fit_round 5 received 10 results and 0 failures
[2024-05-30 23:24:40,556][flwr][INFO] - fit progress: (5, 36.70423063635826, {'accuracy': 0.8758}, 10.856604891363531)
[2024-05-30 23:24:40,557][flwr][DEBUG] - evaluate_round 5: strategy sampled 1 clients (out of 50)
[2024-05-30 23:24:40,772][flwr][DEBUG] - evaluate_round 5 received 1 results and 0 failures
[2024-05-30 23:24:40,773][flwr][DEBUG] - fit_round 6: strategy sampled 10 clients (out of 50)
[2024-05-30 23:24:41,557][flwr][DEBUG] - fit_round 6 received 10 results and 0 failures
[2024-05-30 23:24:42,122][flwr][INFO] - fit progress: (6, 29.943512618541718, {'accuracy': 0.8958}, 12.422392358072102)
[2024-05-30 23:24:42,122][flwr][DEBUG] - evaluate_round 6: strategy sampled 1 clients (out of 50)
[2024-05-30 23:24:42,288][flwr][DEBUG] - evaluate_round 6 received 1 results and 0 failures
[2024-05-30 23:24:42,288][flwr][DEBUG] - fit_round 7: strategy sampled 10 clients (out of 50)
[2024-05-30 23:24:43,021][flwr][DEBUG] - fit_round 7 received 10 results and 0 failures
[2024-05-30 23:24:43,588][flwr][INFO] - fit progress: (7, 26.482065483927727, {'accuracy': 0.9005}, 13.888397793285549)
[2024-05-30 23:24:43,588][flwr][DEBUG] - evaluate_round 7: strategy sampled 1 clients (out of 50)
[2024-05-30 23:24:43,802][flwr][DEBUG] - evaluate_round 7 received 1 results and 0 failures
[2024-05-30 23:24:43,802][flwr][DEBUG] - fit_round 8: strategy sampled 10 clients (out of 50)
[2024-05-30 23:24:44,660][flwr][DEBUG] - fit_round 8 received 10 results and 0 failures
[2024-05-30 23:24:45,234][flwr][INFO] - fit progress: (8, 23.405873119831085, {'accuracy': 0.9155}, 15.5346405422315)
[2024-05-30 23:24:45,235][flwr][DEBUG] - evaluate_round 8: strategy sampled 1 clients (out of 50)
[2024-05-30 23:24:45,410][flwr][DEBUG] - evaluate_round 8 received 1 results and 0 failures
[2024-05-30 23:24:45,410][flwr][DEBUG] - fit_round 9: strategy sampled 10 clients (out of 50)
[2024-05-30 23:24:46,121][flwr][DEBUG] - fit_round 9 received 10 results and 0 failures
[2024-05-30 23:24:46,689][flwr][INFO] - fit progress: (9, 22.01627299748361, {'accuracy': 0.9167}, 16.988690505269915)
[2024-05-30 23:24:46,689][flwr][DEBUG] - evaluate_round 9: strategy sampled 1 clients (out of 50)
[2024-05-30 23:24:46,851][flwr][DEBUG] - evaluate_round 9 received 1 results and 0 failures
[2024-05-30 23:24:46,851][flwr][DEBUG] - fit_round 10: strategy sampled 10 clients (out of 50)
[2024-05-30 23:24:47,532][flwr][DEBUG] - fit_round 10 received 10 results and 0 failures
[2024-05-30 23:24:48,099][flwr][INFO] - fit progress: (10, 19.930439118295908, {'accuracy': 0.9258}, 18.398775625042617)
[2024-05-30 23:24:48,099][flwr][DEBUG] - evaluate_round 10: strategy sampled 1 clients (out of 50)
[2024-05-30 23:24:48,235][flwr][DEBUG] - evaluate_round 10 received 1 results and 0 failures
[2024-05-30 23:24:48,236][flwr][DEBUG] - fit_round 11: strategy sampled 10 clients (out of 50)
[2024-05-30 23:24:48,966][flwr][DEBUG] - fit_round 11 received 10 results and 0 failures
[2024-05-30 23:24:49,548][flwr][INFO] - fit progress: (11, 178.19083499908447, {'accuracy': 0.5931}, 19.847928225062788)
[2024-05-30 23:24:49,548][flwr][DEBUG] - evaluate_round 11: strategy sampled 1 clients (out of 50)
[2024-05-30 23:24:49,707][flwr][DEBUG] - evaluate_round 11 received 1 results and 0 failures
[2024-05-30 23:24:49,707][flwr][DEBUG] - fit_round 12: strategy sampled 10 clients (out of 50)
[2024-05-30 23:24:50,480][flwr][DEBUG] - fit_round 12 received 10 results and 0 failures
[2024-05-30 23:24:51,043][flwr][INFO] - fit progress: (12, 84.93089377880096, {'accuracy': 0.8611}, 21.34322843933478)
[2024-05-30 23:24:51,043][flwr][DEBUG] - evaluate_round 12: strategy sampled 1 clients (out of 50)
[2024-05-30 23:24:51,218][flwr][DEBUG] - evaluate_round 12 received 1 results and 0 failures
[2024-05-30 23:24:51,218][flwr][DEBUG] - fit_round 13: strategy sampled 10 clients (out of 50)
[2024-05-30 23:24:52,051][flwr][DEBUG] - fit_round 13 received 10 results and 0 failures
[2024-05-30 23:24:52,990][flwr][INFO] - fit progress: (13, 43.4512545466423, {'accuracy': 0.8861}, 23.289904789999127)
[2024-05-30 23:24:52,990][flwr][DEBUG] - evaluate_round 13: strategy sampled 1 clients (out of 50)
[2024-05-30 23:24:53,169][flwr][DEBUG] - evaluate_round 13 received 1 results and 0 failures
[2024-05-30 23:24:53,169][flwr][DEBUG] - fit_round 14: strategy sampled 10 clients (out of 50)
[2024-05-30 23:24:53,954][flwr][DEBUG] - fit_round 14 received 10 results and 0 failures
[2024-05-30 23:24:54,517][flwr][INFO] - fit progress: (14, 30.937025643885136, {'accuracy': 0.8954}, 24.817146715242416)
[2024-05-30 23:24:54,517][flwr][DEBUG] - evaluate_round 14: strategy sampled 1 clients (out of 50)
[2024-05-30 23:24:54,677][flwr][DEBUG] - evaluate_round 14 received 1 results and 0 failures
[2024-05-30 23:24:54,677][flwr][DEBUG] - fit_round 15: strategy sampled 10 clients (out of 50)
[2024-05-30 23:24:55,490][flwr][DEBUG] - fit_round 15 received 10 results and 0 failures
[2024-05-30 23:24:56,462][flwr][INFO] - fit progress: (15, 178.97921061515808, {'accuracy': 0.7882}, 26.76235582213849)
[2024-05-30 23:24:56,462][flwr][DEBUG] - evaluate_round 15: strategy sampled 1 clients (out of 50)
[2024-05-30 23:24:56,637][flwr][DEBUG] - evaluate_round 15 received 1 results and 0 failures
[2024-05-30 23:24:56,637][flwr][DEBUG] - fit_round 16: strategy sampled 10 clients (out of 50)
[2024-05-30 23:24:57,371][flwr][DEBUG] - fit_round 16 received 10 results and 0 failures
[2024-05-30 23:24:57,934][flwr][INFO] - fit progress: (16, 77.14062798023224, {'accuracy': 0.8755}, 28.2345853401348)
[2024-05-30 23:24:57,935][flwr][DEBUG] - evaluate_round 16: strategy sampled 1 clients (out of 50)
[2024-05-30 23:24:58,075][flwr][DEBUG] - evaluate_round 16 received 1 results and 0 failures
[2024-05-30 23:24:58,075][flwr][DEBUG] - fit_round 17: strategy sampled 10 clients (out of 50)
[2024-05-30 23:24:58,824][flwr][DEBUG] - fit_round 17 received 10 results and 0 failures
[2024-05-30 23:24:59,383][flwr][INFO] - fit progress: (17, 40.73399679362774, {'accuracy': 0.8825}, 29.682959819212556)
[2024-05-30 23:24:59,383][flwr][DEBUG] - evaluate_round 17: strategy sampled 1 clients (out of 50)
[2024-05-30 23:24:59,531][flwr][DEBUG] - evaluate_round 17 received 1 results and 0 failures
[2024-05-30 23:24:59,532][flwr][DEBUG] - fit_round 18: strategy sampled 10 clients (out of 50)
[2024-05-30 23:25:00,292][flwr][DEBUG] - fit_round 18 received 10 results and 0 failures
[2024-05-30 23:25:00,862][flwr][INFO] - fit progress: (18, 31.222710259258747, {'accuracy': 0.8943}, 31.162005356047302)
[2024-05-30 23:25:00,862][flwr][DEBUG] - evaluate_round 18: strategy sampled 1 clients (out of 50)
[2024-05-30 23:25:01,038][flwr][DEBUG] - evaluate_round 18 received 1 results and 0 failures
[2024-05-30 23:25:01,038][flwr][DEBUG] - fit_round 19: strategy sampled 10 clients (out of 50)
[2024-05-30 23:25:01,824][flwr][DEBUG] - fit_round 19 received 10 results and 0 failures
[2024-05-30 23:25:02,392][flwr][INFO] - fit progress: (19, 60.221072763204575, {'accuracy': 0.9033}, 32.6923412703909)
[2024-05-30 23:25:02,392][flwr][DEBUG] - evaluate_round 19: strategy sampled 1 clients (out of 50)
[2024-05-30 23:25:02,619][flwr][DEBUG] - evaluate_round 19 received 1 results and 0 failures
[2024-05-30 23:25:02,619][flwr][DEBUG] - fit_round 20: strategy sampled 10 clients (out of 50)
[2024-05-30 23:25:03,348][flwr][DEBUG] - fit_round 20 received 10 results and 0 failures
[2024-05-30 23:25:03,919][flwr][INFO] - fit progress: (20, 33.73222713172436, {'accuracy': 0.9013}, 34.21936018113047)
[2024-05-30 23:25:03,919][flwr][DEBUG] - evaluate_round 20: strategy sampled 1 clients (out of 50)
[2024-05-30 23:25:04,083][flwr][DEBUG] - evaluate_round 20 received 1 results and 0 failures
[2024-05-30 23:25:04,083][flwr][DEBUG] - fit_round 21: strategy sampled 10 clients (out of 50)
[2024-05-30 23:25:04,802][flwr][DEBUG] - fit_round 21 received 10 results and 0 failures
[2024-05-30 23:25:05,356][flwr][INFO] - fit progress: (21, 26.983791023492813, {'accuracy': 0.9085}, 35.65599037241191)
[2024-05-30 23:25:05,356][flwr][DEBUG] - evaluate_round 21: strategy sampled 1 clients (out of 50)
[2024-05-30 23:25:05,521][flwr][DEBUG] - evaluate_round 21 received 1 results and 0 failures
[2024-05-30 23:25:05,521][flwr][DEBUG] - fit_round 22: strategy sampled 10 clients (out of 50)
[2024-05-30 23:25:06,255][flwr][DEBUG] - fit_round 22 received 10 results and 0 failures
[2024-05-30 23:25:06,833][flwr][INFO] - fit progress: (22, 24.434713426977396, {'accuracy': 0.9122}, 37.13328380836174)
[2024-05-30 23:25:06,833][flwr][DEBUG] - evaluate_round 22: strategy sampled 1 clients (out of 50)
[2024-05-30 23:25:06,997][flwr][DEBUG] - evaluate_round 22 received 1 results and 0 failures
[2024-05-30 23:25:06,997][flwr][DEBUG] - fit_round 23: strategy sampled 10 clients (out of 50)
[2024-05-30 23:25:07,758][flwr][DEBUG] - fit_round 23 received 10 results and 0 failures
[2024-05-30 23:25:08,319][flwr][INFO] - fit progress: (23, 21.752653799951077, {'accuracy': 0.923}, 38.619056122377515)
[2024-05-30 23:25:08,319][flwr][DEBUG] - evaluate_round 23: strategy sampled 1 clients (out of 50)
[2024-05-30 23:25:08,481][flwr][DEBUG] - evaluate_round 23 received 1 results and 0 failures
[2024-05-30 23:25:08,481][flwr][DEBUG] - fit_round 24: strategy sampled 10 clients (out of 50)
[2024-05-30 23:25:09,247][flwr][DEBUG] - fit_round 24 received 10 results and 0 failures
[2024-05-30 23:25:09,918][flwr][INFO] - fit progress: (24, 20.310207072645426, {'accuracy': 0.9236}, 40.217877720016986)
[2024-05-30 23:25:09,918][flwr][DEBUG] - evaluate_round 24: strategy sampled 1 clients (out of 50)
[2024-05-30 23:25:10,099][flwr][DEBUG] - evaluate_round 24 received 1 results and 0 failures
[2024-05-30 23:25:10,100][flwr][DEBUG] - fit_round 25: strategy sampled 10 clients (out of 50)
[2024-05-30 23:25:10,802][flwr][DEBUG] - fit_round 25 received 10 results and 0 failures
[2024-05-30 23:25:11,359][flwr][INFO] - fit progress: (25, 18.973430462181568, {'accuracy': 0.93}, 41.65938753914088)
[2024-05-30 23:25:11,359][flwr][DEBUG] - evaluate_round 25: strategy sampled 1 clients (out of 50)
[2024-05-30 23:25:11,523][flwr][DEBUG] - evaluate_round 25 received 1 results and 0 failures
[2024-05-30 23:25:11,523][flwr][DEBUG] - fit_round 26: strategy sampled 10 clients (out of 50)
[2024-05-30 23:25:12,233][flwr][DEBUG] - fit_round 26 received 10 results and 0 failures
[2024-05-30 23:25:12,806][flwr][INFO] - fit progress: (26, 24.285284392535686, {'accuracy': 0.9315}, 43.106373449321836)
[2024-05-30 23:25:12,806][flwr][DEBUG] - evaluate_round 26: strategy sampled 1 clients (out of 50)
[2024-05-30 23:25:12,951][flwr][DEBUG] - evaluate_round 26 received 1 results and 0 failures
[2024-05-30 23:25:12,951][flwr][DEBUG] - fit_round 27: strategy sampled 10 clients (out of 50)
[2024-05-30 23:25:13,726][flwr][DEBUG] - fit_round 27 received 10 results and 0 failures
[2024-05-30 23:25:14,285][flwr][INFO] - fit progress: (27, 19.477253526449203, {'accuracy': 0.9337}, 44.585248325020075)
[2024-05-30 23:25:14,285][flwr][DEBUG] - evaluate_round 27: strategy sampled 1 clients (out of 50)
[2024-05-30 23:25:14,446][flwr][DEBUG] - evaluate_round 27 received 1 results and 0 failures
[2024-05-30 23:25:14,446][flwr][DEBUG] - fit_round 28: strategy sampled 10 clients (out of 50)
[2024-05-30 23:25:15,288][flwr][DEBUG] - fit_round 28 received 10 results and 0 failures
[2024-05-30 23:25:15,853][flwr][INFO] - fit progress: (28, 17.980081662535667, {'accuracy': 0.935}, 46.15276022115722)
[2024-05-30 23:25:15,853][flwr][DEBUG] - evaluate_round 28: strategy sampled 1 clients (out of 50)
[2024-05-30 23:25:16,040][flwr][DEBUG] - evaluate_round 28 received 1 results and 0 failures
[2024-05-30 23:25:16,041][flwr][DEBUG] - fit_round 29: strategy sampled 10 clients (out of 50)
[2024-05-30 23:25:16,788][flwr][DEBUG] - fit_round 29 received 10 results and 0 failures
[2024-05-30 23:25:17,347][flwr][INFO] - fit progress: (29, 152.27524638175964, {'accuracy': 0.9307}, 47.64729784009978)
[2024-05-30 23:25:17,347][flwr][DEBUG] - evaluate_round 29: strategy sampled 1 clients (out of 50)
[2024-05-30 23:25:17,519][flwr][DEBUG] - evaluate_round 29 received 1 results and 0 failures
[2024-05-30 23:25:17,519][flwr][DEBUG] - fit_round 30: strategy sampled 10 clients (out of 50)
[2024-05-30 23:25:18,254][flwr][DEBUG] - fit_round 30 received 10 results and 0 failures
[2024-05-30 23:25:18,816][flwr][INFO] - fit progress: (30, 70.28796362876892, {'accuracy': 0.8843}, 49.116258717142045)
[2024-05-30 23:25:18,816][flwr][DEBUG] - evaluate_round 30: strategy sampled 1 clients (out of 50)
[2024-05-30 23:25:18,985][flwr][DEBUG] - evaluate_round 30 received 1 results and 0 failures
[2024-05-30 23:25:18,986][flwr][DEBUG] - fit_round 31: strategy sampled 10 clients (out of 50)
[2024-05-30 23:25:19,699][flwr][DEBUG] - fit_round 31 received 10 results and 0 failures
[2024-05-30 23:25:20,263][flwr][INFO] - fit progress: (31, 36.19835442304611, {'accuracy': 0.9035}, 50.56324523035437)
[2024-05-30 23:25:20,263][flwr][DEBUG] - evaluate_round 31: strategy sampled 1 clients (out of 50)
[2024-05-30 23:25:20,418][flwr][DEBUG] - evaluate_round 31 received 1 results and 0 failures
[2024-05-30 23:25:20,418][flwr][DEBUG] - fit_round 32: strategy sampled 10 clients (out of 50)
[2024-05-30 23:25:21,174][flwr][DEBUG] - fit_round 32 received 10 results and 0 failures
[2024-05-30 23:25:21,742][flwr][INFO] - fit progress: (32, 27.533067859709263, {'accuracy': 0.9106}, 52.0423031183891)
[2024-05-30 23:25:21,742][flwr][DEBUG] - evaluate_round 32: strategy sampled 1 clients (out of 50)
[2024-05-30 23:25:21,913][flwr][DEBUG] - evaluate_round 32 received 1 results and 0 failures
[2024-05-30 23:25:21,913][flwr][DEBUG] - fit_round 33: strategy sampled 10 clients (out of 50)
[2024-05-30 23:25:22,670][flwr][DEBUG] - fit_round 33 received 10 results and 0 failures
[2024-05-30 23:25:23,238][flwr][INFO] - fit progress: (33, 23.569004144519567, {'accuracy': 0.9216}, 53.538632007315755)
[2024-05-30 23:25:23,239][flwr][DEBUG] - evaluate_round 33: strategy sampled 1 clients (out of 50)
[2024-05-30 23:25:23,468][flwr][DEBUG] - evaluate_round 33 received 1 results and 0 failures
[2024-05-30 23:25:23,468][flwr][DEBUG] - fit_round 34: strategy sampled 10 clients (out of 50)
[2024-05-30 23:25:24,267][flwr][DEBUG] - fit_round 34 received 10 results and 0 failures
[2024-05-30 23:25:24,845][flwr][INFO] - fit progress: (34, 21.11681354045868, {'accuracy': 0.9254}, 55.14467059914023)
[2024-05-30 23:25:24,845][flwr][DEBUG] - evaluate_round 34: strategy sampled 1 clients (out of 50)
[2024-05-30 23:25:25,031][flwr][DEBUG] - evaluate_round 34 received 1 results and 0 failures
[2024-05-30 23:25:25,031][flwr][DEBUG] - fit_round 35: strategy sampled 10 clients (out of 50)
[2024-05-30 23:25:25,794][flwr][DEBUG] - fit_round 35 received 10 results and 0 failures
[2024-05-30 23:25:26,358][flwr][INFO] - fit progress: (35, 181.00295090675354, {'accuracy': 0.8913}, 56.657931035384536)
[2024-05-30 23:25:26,358][flwr][DEBUG] - evaluate_round 35: strategy sampled 1 clients (out of 50)
[2024-05-30 23:25:26,529][flwr][DEBUG] - evaluate_round 35 received 1 results and 0 failures
[2024-05-30 23:25:26,529][flwr][DEBUG] - fit_round 36: strategy sampled 10 clients (out of 50)
[2024-05-30 23:25:27,299][flwr][DEBUG] - fit_round 36 received 10 results and 0 failures
[2024-05-30 23:25:27,865][flwr][INFO] - fit progress: (36, 150.37577319145203, {'accuracy': 0.7304}, 58.16496021300554)
[2024-05-30 23:25:27,865][flwr][DEBUG] - evaluate_round 36: strategy sampled 1 clients (out of 50)
[2024-05-30 23:25:28,029][flwr][DEBUG] - evaluate_round 36 received 1 results and 0 failures
[2024-05-30 23:25:28,030][flwr][DEBUG] - fit_round 37: strategy sampled 10 clients (out of 50)
[2024-05-30 23:25:28,793][flwr][DEBUG] - fit_round 37 received 10 results and 0 failures
[2024-05-30 23:25:29,357][flwr][INFO] - fit progress: (37, 81.7279012799263, {'accuracy': 0.7743}, 59.65761355496943)
[2024-05-30 23:25:29,358][flwr][DEBUG] - evaluate_round 37: strategy sampled 1 clients (out of 50)
[2024-05-30 23:25:29,506][flwr][DEBUG] - evaluate_round 37 received 1 results and 0 failures
[2024-05-30 23:25:29,506][flwr][DEBUG] - fit_round 38: strategy sampled 10 clients (out of 50)
[2024-05-30 23:25:30,267][flwr][DEBUG] - fit_round 38 received 10 results and 0 failures
[2024-05-30 23:25:30,834][flwr][INFO] - fit progress: (38, 52.42018184065819, {'accuracy': 0.8207}, 61.133860358037055)
[2024-05-30 23:25:30,834][flwr][DEBUG] - evaluate_round 38: strategy sampled 1 clients (out of 50)
[2024-05-30 23:25:31,010][flwr][DEBUG] - evaluate_round 38 received 1 results and 0 failures
[2024-05-30 23:25:31,010][flwr][DEBUG] - fit_round 39: strategy sampled 10 clients (out of 50)
[2024-05-30 23:25:31,754][flwr][DEBUG] - fit_round 39 received 10 results and 0 failures
[2024-05-30 23:25:32,314][flwr][INFO] - fit progress: (39, 181.9037163257599, {'accuracy': 0.1135}, 62.61455976916477)
[2024-05-30 23:25:32,315][flwr][DEBUG] - evaluate_round 39: strategy sampled 1 clients (out of 50)
[2024-05-30 23:25:32,481][flwr][DEBUG] - evaluate_round 39 received 1 results and 0 failures
[2024-05-30 23:25:32,481][flwr][DEBUG] - fit_round 40: strategy sampled 10 clients (out of 50)
[2024-05-30 23:25:33,195][flwr][DEBUG] - fit_round 40 received 10 results and 0 failures
[2024-05-30 23:25:33,760][flwr][INFO] - fit progress: (40, 179.14578938484192, {'accuracy': 0.2248}, 64.0605612420477)
[2024-05-30 23:25:33,761][flwr][DEBUG] - evaluate_round 40: strategy sampled 1 clients (out of 50)
[2024-05-30 23:25:33,939][flwr][DEBUG] - evaluate_round 40 received 1 results and 0 failures
[2024-05-30 23:25:33,939][flwr][DEBUG] - fit_round 41: strategy sampled 10 clients (out of 50)
[2024-05-30 23:25:34,663][flwr][DEBUG] - fit_round 41 received 10 results and 0 failures
[2024-05-30 23:25:35,234][flwr][INFO] - fit progress: (41, 140.37215852737427, {'accuracy': 0.5038}, 65.53419944038615)
[2024-05-30 23:25:35,234][flwr][DEBUG] - evaluate_round 41: strategy sampled 1 clients (out of 50)
[2024-05-30 23:25:35,396][flwr][DEBUG] - evaluate_round 41 received 1 results and 0 failures
[2024-05-30 23:25:35,396][flwr][DEBUG] - fit_round 42: strategy sampled 10 clients (out of 50)
[2024-05-30 23:25:36,150][flwr][DEBUG] - fit_round 42 received 10 results and 0 failures
