[2024-05-05 11:53:43,407][flwr][INFO] - Starting Flower simulation, config: ServerConfig(num_rounds=100, round_timeout=None)
[2024-05-05 11:53:45,838][flwr][INFO] - Flower VCE: Ray initialized with resources: {'node:__internal_head__': 1.0, 'CPU': 20.0, 'node:172.17.34.49': 1.0, 'GPU': 4.0, 'accelerator_type:G': 1.0, 'object_store_memory': 19344568320.0, 'memory': 38689136640.0}
[2024-05-05 11:53:45,839][flwr][INFO] - Initializing global parameters
[2024-05-05 11:53:45,839][flwr][INFO] - Requesting initial parameters from one random client
[2024-05-05 11:53:48,210][flwr][INFO] - Received initial parameters from one random client
[2024-05-05 11:53:48,210][flwr][INFO] - Evaluating initial parameters
[2024-05-05 11:53:52,945][flwr][INFO] - initial parameters (loss, other metrics): 181.9075951576233, {'accuracy': 0.1}
[2024-05-05 11:53:52,945][flwr][INFO] - FL starting
[2024-05-05 11:53:52,946][flwr][DEBUG] - fit_round 1: strategy sampled 10 clients (out of 50)
[2024-05-05 11:54:18,436][flwr][DEBUG] - fit_round 1 received 10 results and 0 failures
[2024-05-05 11:54:18,928][flwr][WARNING] - No fit_metrics_aggregation_fn provided
[2024-05-05 11:54:21,071][flwr][INFO] - fit progress: (1, 182.13599801063538, {'accuracy': 0.1}, 28.12529742717743)
[2024-05-05 11:54:21,071][flwr][DEBUG] - evaluate_round 1: strategy sampled 5 clients (out of 50)
[2024-05-05 11:54:35,192][flwr][DEBUG] - evaluate_round 1 received 5 results and 0 failures
[2024-05-05 11:54:35,192][flwr][WARNING] - No evaluate_metrics_aggregation_fn provided
[2024-05-05 11:54:35,192][flwr][DEBUG] - fit_round 2: strategy sampled 10 clients (out of 50)
[2024-05-05 11:55:02,030][flwr][DEBUG] - fit_round 2 received 10 results and 0 failures
[2024-05-05 11:55:04,678][flwr][INFO] - fit progress: (2, 182.55641770362854, {'accuracy': 0.1}, 71.73289288207889)
[2024-05-05 11:55:04,678][flwr][DEBUG] - evaluate_round 2: strategy sampled 5 clients (out of 50)
[2024-05-05 11:55:18,893][flwr][DEBUG] - evaluate_round 2 received 5 results and 0 failures
[2024-05-05 11:55:18,893][flwr][DEBUG] - fit_round 3: strategy sampled 10 clients (out of 50)
