[2024-05-31 15:58:38,617][flwr][INFO] - Starting Flower simulation, config: ServerConfig(num_rounds=100, round_timeout=None)
[2024-05-31 15:58:40,671][flwr][INFO] - Flower VCE: Ray initialized with resources: {'GPU': 2.0, 'object_store_memory': 39928546099.0, 'CPU': 24.0, 'memory': 83166607565.0, 'accelerator_type:G': 1.0, 'node:172.17.34.3': 1.0}
[2024-05-31 15:58:40,673][flwr][INFO] - Initializing global parameters
[2024-05-31 15:58:40,673][flwr][INFO] - Requesting initial parameters from one random client
[2024-05-31 15:58:42,431][flwr][INFO] - Received initial parameters from one random client
[2024-05-31 15:58:42,432][flwr][INFO] - Evaluating initial parameters
[2024-05-31 15:58:44,318][flwr][INFO] - initial parameters (loss, other metrics): 194.1963701248169, {'accuracy': 0.0796}
[2024-05-31 15:58:44,319][flwr][INFO] - FL starting
[2024-05-31 15:58:44,319][flwr][DEBUG] - fit_round 1: strategy sampled 10 clients (out of 50)
[2024-05-31 15:58:51,580][flwr][DEBUG] - fit_round 1 received 10 results and 0 failures
[2024-05-31 15:58:53,318][flwr][WARNING] - No fit_metrics_aggregation_fn provided
[2024-05-31 15:58:54,239][flwr][INFO] - fit progress: (1, 82.18179893493652, {'accuracy': 0.6883}, 9.920022241771221)
[2024-05-31 15:58:54,239][flwr][DEBUG] - evaluate_round 1: strategy sampled 1 clients (out of 50)
[2024-05-31 15:58:54,944][flwr][DEBUG] - evaluate_round 1 received 1 results and 0 failures
[2024-05-31 15:58:54,944][flwr][WARNING] - No evaluate_metrics_aggregation_fn provided
[2024-05-31 15:58:54,944][flwr][DEBUG] - fit_round 2: strategy sampled 10 clients (out of 50)
[2024-05-31 15:59:01,170][flwr][DEBUG] - fit_round 2 received 10 results and 0 failures
[2024-05-31 15:59:03,911][flwr][INFO] - fit progress: (2, 63.95629560947418, {'accuracy': 0.7308}, 19.592084649018943)
[2024-05-31 15:59:03,911][flwr][DEBUG] - evaluate_round 2: strategy sampled 1 clients (out of 50)
[2024-05-31 15:59:04,639][flwr][DEBUG] - evaluate_round 2 received 1 results and 0 failures
[2024-05-31 15:59:04,640][flwr][DEBUG] - fit_round 3: strategy sampled 10 clients (out of 50)
[2024-05-31 15:59:09,954][flwr][DEBUG] - fit_round 3 received 10 results and 0 failures
[2024-05-31 15:59:12,658][flwr][INFO] - fit progress: (3, 83.58315321803093, {'accuracy': 0.6535}, 28.33892636280507)
[2024-05-31 15:59:12,658][flwr][DEBUG] - evaluate_round 3: strategy sampled 1 clients (out of 50)
[2024-05-31 15:59:13,368][flwr][DEBUG] - evaluate_round 3 received 1 results and 0 failures
[2024-05-31 15:59:13,368][flwr][DEBUG] - fit_round 4: strategy sampled 10 clients (out of 50)
[2024-05-31 15:59:18,282][flwr][DEBUG] - fit_round 4 received 10 results and 0 failures
[2024-05-31 15:59:27,446][flwr][INFO] - fit progress: (4, 70.93504157662392, {'accuracy': 0.7438}, 43.12722086766735)
[2024-05-31 15:59:27,446][flwr][DEBUG] - evaluate_round 4: strategy sampled 1 clients (out of 50)
[2024-05-31 15:59:28,124][flwr][DEBUG] - evaluate_round 4 received 1 results and 0 failures
[2024-05-31 15:59:28,124][flwr][DEBUG] - fit_round 5: strategy sampled 10 clients (out of 50)
[2024-05-31 15:59:33,197][flwr][DEBUG] - fit_round 5 received 10 results and 0 failures
[2024-05-31 15:59:42,124][flwr][INFO] - fit progress: (5, 61.627866096794605, {'accuracy': 0.8071}, 57.80509252008051)
[2024-05-31 15:59:42,124][flwr][DEBUG] - evaluate_round 5: strategy sampled 1 clients (out of 50)
[2024-05-31 15:59:42,831][flwr][DEBUG] - evaluate_round 5 received 1 results and 0 failures
[2024-05-31 15:59:42,831][flwr][DEBUG] - fit_round 6: strategy sampled 10 clients (out of 50)
[2024-05-31 15:59:48,205][flwr][DEBUG] - fit_round 6 received 10 results and 0 failures
[2024-05-31 15:59:57,089][flwr][INFO] - fit progress: (6, 39.3642051666975, {'accuracy': 0.8459}, 72.77037853887305)
[2024-05-31 15:59:57,089][flwr][DEBUG] - evaluate_round 6: strategy sampled 1 clients (out of 50)
[2024-05-31 15:59:57,772][flwr][DEBUG] - evaluate_round 6 received 1 results and 0 failures
[2024-05-31 15:59:57,772][flwr][DEBUG] - fit_round 7: strategy sampled 10 clients (out of 50)
[2024-05-31 16:00:02,794][flwr][DEBUG] - fit_round 7 received 10 results and 0 failures
[2024-05-31 16:00:11,670][flwr][INFO] - fit progress: (7, 35.41805501654744, {'accuracy': 0.8714}, 87.35182361770421)
[2024-05-31 16:00:11,671][flwr][DEBUG] - evaluate_round 7: strategy sampled 1 clients (out of 50)
[2024-05-31 16:00:12,376][flwr][DEBUG] - evaluate_round 7 received 1 results and 0 failures
[2024-05-31 16:00:12,376][flwr][DEBUG] - fit_round 8: strategy sampled 10 clients (out of 50)
[2024-05-31 16:00:18,190][flwr][DEBUG] - fit_round 8 received 10 results and 0 failures
[2024-05-31 16:00:27,031][flwr][INFO] - fit progress: (8, 83.63410234451294, {'accuracy': 0.7582}, 102.71239416394383)
[2024-05-31 16:00:27,031][flwr][DEBUG] - evaluate_round 8: strategy sampled 1 clients (out of 50)
[2024-05-31 16:00:27,715][flwr][DEBUG] - evaluate_round 8 received 1 results and 0 failures
[2024-05-31 16:00:27,715][flwr][DEBUG] - fit_round 9: strategy sampled 10 clients (out of 50)
[2024-05-31 16:00:32,954][flwr][DEBUG] - fit_round 9 received 10 results and 0 failures
[2024-05-31 16:00:41,785][flwr][INFO] - fit progress: (9, 27.586726763285697, {'accuracy': 0.9004}, 117.46620931802318)
[2024-05-31 16:00:41,785][flwr][DEBUG] - evaluate_round 9: strategy sampled 1 clients (out of 50)
[2024-05-31 16:00:42,548][flwr][DEBUG] - evaluate_round 9 received 1 results and 0 failures
[2024-05-31 16:00:42,548][flwr][DEBUG] - fit_round 10: strategy sampled 10 clients (out of 50)
[2024-05-31 16:00:47,935][flwr][DEBUG] - fit_round 10 received 10 results and 0 failures
[2024-05-31 16:00:56,809][flwr][INFO] - fit progress: (10, 31.900641072541475, {'accuracy': 0.8959}, 132.4900246039033)
[2024-05-31 16:00:56,809][flwr][DEBUG] - evaluate_round 10: strategy sampled 1 clients (out of 50)
[2024-05-31 16:00:57,487][flwr][DEBUG] - evaluate_round 10 received 1 results and 0 failures
[2024-05-31 16:00:57,488][flwr][DEBUG] - fit_round 11: strategy sampled 10 clients (out of 50)
[2024-05-31 16:01:02,881][flwr][DEBUG] - fit_round 11 received 10 results and 0 failures
[2024-05-31 16:01:11,751][flwr][INFO] - fit progress: (11, 34.422874104231596, {'accuracy': 0.8786}, 147.43210592772812)
[2024-05-31 16:01:11,751][flwr][DEBUG] - evaluate_round 11: strategy sampled 1 clients (out of 50)
[2024-05-31 16:01:12,462][flwr][DEBUG] - evaluate_round 11 received 1 results and 0 failures
[2024-05-31 16:01:12,462][flwr][DEBUG] - fit_round 12: strategy sampled 10 clients (out of 50)
[2024-05-31 16:01:18,596][flwr][DEBUG] - fit_round 12 received 10 results and 0 failures
[2024-05-31 16:01:27,466][flwr][INFO] - fit progress: (12, 28.865801932290196, {'accuracy': 0.8967}, 163.1472193468362)
[2024-05-31 16:01:27,466][flwr][DEBUG] - evaluate_round 12: strategy sampled 1 clients (out of 50)
[2024-05-31 16:01:28,117][flwr][DEBUG] - evaluate_round 12 received 1 results and 0 failures
[2024-05-31 16:01:28,118][flwr][DEBUG] - fit_round 13: strategy sampled 10 clients (out of 50)
[2024-05-31 16:01:32,582][flwr][DEBUG] - fit_round 13 received 10 results and 0 failures
[2024-05-31 16:01:41,455][flwr][INFO] - fit progress: (13, 46.803569942712784, {'accuracy': 0.8336}, 177.1365381986834)
[2024-05-31 16:01:41,455][flwr][DEBUG] - evaluate_round 13: strategy sampled 1 clients (out of 50)
[2024-05-31 16:01:42,184][flwr][DEBUG] - evaluate_round 13 received 1 results and 0 failures
[2024-05-31 16:01:42,185][flwr][DEBUG] - fit_round 14: strategy sampled 10 clients (out of 50)
[2024-05-31 16:01:46,791][flwr][DEBUG] - fit_round 14 received 10 results and 0 failures
[2024-05-31 16:01:55,588][flwr][INFO] - fit progress: (14, 25.317462043836713, {'accuracy': 0.9108}, 191.26929388707504)
[2024-05-31 16:01:55,588][flwr][DEBUG] - evaluate_round 14: strategy sampled 1 clients (out of 50)
[2024-05-31 16:01:56,276][flwr][DEBUG] - evaluate_round 14 received 1 results and 0 failures
[2024-05-31 16:01:56,276][flwr][DEBUG] - fit_round 15: strategy sampled 10 clients (out of 50)
[2024-05-31 16:02:01,070][flwr][DEBUG] - fit_round 15 received 10 results and 0 failures
[2024-05-31 16:02:09,924][flwr][INFO] - fit progress: (15, 73.03326743841171, {'accuracy': 0.809}, 205.6057401248254)
[2024-05-31 16:02:09,925][flwr][DEBUG] - evaluate_round 15: strategy sampled 1 clients (out of 50)
[2024-05-31 16:02:10,616][flwr][DEBUG] - evaluate_round 15 received 1 results and 0 failures
[2024-05-31 16:02:10,616][flwr][DEBUG] - fit_round 16: strategy sampled 10 clients (out of 50)
[2024-05-31 16:02:16,119][flwr][DEBUG] - fit_round 16 received 10 results and 0 failures
[2024-05-31 16:02:24,961][flwr][INFO] - fit progress: (16, 27.887969851493835, {'accuracy': 0.8941}, 220.64207340590656)
[2024-05-31 16:02:24,961][flwr][DEBUG] - evaluate_round 16: strategy sampled 1 clients (out of 50)
[2024-05-31 16:02:25,717][flwr][DEBUG] - evaluate_round 16 received 1 results and 0 failures
[2024-05-31 16:02:25,717][flwr][DEBUG] - fit_round 17: strategy sampled 10 clients (out of 50)
[2024-05-31 16:02:30,891][flwr][DEBUG] - fit_round 17 received 10 results and 0 failures
[2024-05-31 16:02:39,726][flwr][INFO] - fit progress: (17, 55.42335802316666, {'accuracy': 0.8208}, 235.40732575394213)
[2024-05-31 16:02:39,726][flwr][DEBUG] - evaluate_round 17: strategy sampled 1 clients (out of 50)
[2024-05-31 16:02:40,455][flwr][DEBUG] - evaluate_round 17 received 1 results and 0 failures
[2024-05-31 16:02:40,455][flwr][DEBUG] - fit_round 18: strategy sampled 10 clients (out of 50)
[2024-05-31 16:02:46,222][flwr][DEBUG] - fit_round 18 received 10 results and 0 failures
[2024-05-31 16:02:55,080][flwr][INFO] - fit progress: (18, 32.02566705644131, {'accuracy': 0.8901}, 250.7617918746546)
[2024-05-31 16:02:55,081][flwr][DEBUG] - evaluate_round 18: strategy sampled 1 clients (out of 50)
[2024-05-31 16:02:55,760][flwr][DEBUG] - evaluate_round 18 received 1 results and 0 failures
[2024-05-31 16:02:55,760][flwr][DEBUG] - fit_round 19: strategy sampled 10 clients (out of 50)
[2024-05-31 16:03:01,430][flwr][DEBUG] - fit_round 19 received 10 results and 0 failures
[2024-05-31 16:03:10,274][flwr][INFO] - fit progress: (19, 33.21524624526501, {'accuracy': 0.8558}, 265.95559638366103)
[2024-05-31 16:03:10,274][flwr][DEBUG] - evaluate_round 19: strategy sampled 1 clients (out of 50)
[2024-05-31 16:03:10,995][flwr][DEBUG] - evaluate_round 19 received 1 results and 0 failures
[2024-05-31 16:03:10,995][flwr][DEBUG] - fit_round 20: strategy sampled 10 clients (out of 50)
[2024-05-31 16:03:15,487][flwr][DEBUG] - fit_round 20 received 10 results and 0 failures
[2024-05-31 16:03:24,250][flwr][INFO] - fit progress: (20, 37.98800836503506, {'accuracy': 0.8389}, 279.93125844188035)
[2024-05-31 16:03:24,250][flwr][DEBUG] - evaluate_round 20: strategy sampled 1 clients (out of 50)
[2024-05-31 16:03:24,922][flwr][DEBUG] - evaluate_round 20 received 1 results and 0 failures
[2024-05-31 16:03:24,923][flwr][DEBUG] - fit_round 21: strategy sampled 10 clients (out of 50)
[2024-05-31 16:03:29,873][flwr][DEBUG] - fit_round 21 received 10 results and 0 failures
[2024-05-31 16:03:38,719][flwr][INFO] - fit progress: (21, 32.14657421410084, {'accuracy': 0.8822}, 294.4001320619136)
[2024-05-31 16:03:38,719][flwr][DEBUG] - evaluate_round 21: strategy sampled 1 clients (out of 50)
[2024-05-31 16:03:39,447][flwr][DEBUG] - evaluate_round 21 received 1 results and 0 failures
[2024-05-31 16:03:39,447][flwr][DEBUG] - fit_round 22: strategy sampled 10 clients (out of 50)
[2024-05-31 16:03:45,040][flwr][DEBUG] - fit_round 22 received 10 results and 0 failures
[2024-05-31 16:03:53,888][flwr][INFO] - fit progress: (22, 41.02568529546261, {'accuracy': 0.8228}, 309.56890522968024)
[2024-05-31 16:03:53,888][flwr][DEBUG] - evaluate_round 22: strategy sampled 1 clients (out of 50)
[2024-05-31 16:03:54,575][flwr][DEBUG] - evaluate_round 22 received 1 results and 0 failures
[2024-05-31 16:03:54,576][flwr][DEBUG] - fit_round 23: strategy sampled 10 clients (out of 50)
[2024-05-31 16:04:00,454][flwr][DEBUG] - fit_round 23 received 10 results and 0 failures
[2024-05-31 16:04:09,334][flwr][INFO] - fit progress: (23, 82.12297159433365, {'accuracy': 0.7716}, 325.0154782868922)
[2024-05-31 16:04:09,334][flwr][DEBUG] - evaluate_round 23: strategy sampled 1 clients (out of 50)
[2024-05-31 16:04:10,038][flwr][DEBUG] - evaluate_round 23 received 1 results and 0 failures
[2024-05-31 16:04:10,038][flwr][DEBUG] - fit_round 24: strategy sampled 10 clients (out of 50)
[2024-05-31 16:04:15,928][flwr][DEBUG] - fit_round 24 received 10 results and 0 failures
[2024-05-31 16:04:24,794][flwr][INFO] - fit progress: (24, 24.819242242723703, {'accuracy': 0.9051}, 340.47493332671)
[2024-05-31 16:04:24,794][flwr][DEBUG] - evaluate_round 24: strategy sampled 1 clients (out of 50)
[2024-05-31 16:04:25,486][flwr][DEBUG] - evaluate_round 24 received 1 results and 0 failures
[2024-05-31 16:04:25,486][flwr][DEBUG] - fit_round 25: strategy sampled 10 clients (out of 50)
[2024-05-31 16:04:31,528][flwr][DEBUG] - fit_round 25 received 10 results and 0 failures
[2024-05-31 16:04:40,421][flwr][INFO] - fit progress: (25, 66.65162366628647, {'accuracy': 0.7896}, 356.10210768086836)
[2024-05-31 16:04:40,421][flwr][DEBUG] - evaluate_round 25: strategy sampled 1 clients (out of 50)
[2024-05-31 16:04:41,149][flwr][DEBUG] - evaluate_round 25 received 1 results and 0 failures
[2024-05-31 16:04:41,150][flwr][DEBUG] - fit_round 26: strategy sampled 10 clients (out of 50)
[2024-05-31 16:04:46,358][flwr][DEBUG] - fit_round 26 received 10 results and 0 failures
[2024-05-31 16:04:55,168][flwr][INFO] - fit progress: (26, 25.71768645942211, {'accuracy': 0.9066}, 370.8491798597388)
[2024-05-31 16:04:55,168][flwr][DEBUG] - evaluate_round 26: strategy sampled 1 clients (out of 50)
[2024-05-31 16:04:55,858][flwr][DEBUG] - evaluate_round 26 received 1 results and 0 failures
[2024-05-31 16:04:55,859][flwr][DEBUG] - fit_round 27: strategy sampled 10 clients (out of 50)
[2024-05-31 16:05:01,699][flwr][DEBUG] - fit_round 27 received 10 results and 0 failures
[2024-05-31 16:05:10,581][flwr][INFO] - fit progress: (27, 22.576859153807163, {'accuracy': 0.9165}, 386.2625749660656)
[2024-05-31 16:05:10,581][flwr][DEBUG] - evaluate_round 27: strategy sampled 1 clients (out of 50)
[2024-05-31 16:05:11,306][flwr][DEBUG] - evaluate_round 27 received 1 results and 0 failures
[2024-05-31 16:05:11,306][flwr][DEBUG] - fit_round 28: strategy sampled 10 clients (out of 50)
[2024-05-31 16:05:16,070][flwr][DEBUG] - fit_round 28 received 10 results and 0 failures
[2024-05-31 16:05:24,862][flwr][INFO] - fit progress: (28, 24.166631993371993, {'accuracy': 0.9183}, 400.54304434964433)
[2024-05-31 16:05:24,871][flwr][DEBUG] - evaluate_round 28: strategy sampled 1 clients (out of 50)
[2024-05-31 16:05:25,590][flwr][DEBUG] - evaluate_round 28 received 1 results and 0 failures
[2024-05-31 16:05:25,590][flwr][DEBUG] - fit_round 29: strategy sampled 10 clients (out of 50)
[2024-05-31 16:05:30,474][flwr][DEBUG] - fit_round 29 received 10 results and 0 failures
[2024-05-31 16:05:39,305][flwr][INFO] - fit progress: (29, 67.6123796403408, {'accuracy': 0.784}, 414.9863284560852)
[2024-05-31 16:05:39,305][flwr][DEBUG] - evaluate_round 29: strategy sampled 1 clients (out of 50)
[2024-05-31 16:05:39,979][flwr][DEBUG] - evaluate_round 29 received 1 results and 0 failures
[2024-05-31 16:05:39,979][flwr][DEBUG] - fit_round 30: strategy sampled 10 clients (out of 50)
[2024-05-31 16:05:44,912][flwr][DEBUG] - fit_round 30 received 10 results and 0 failures
[2024-05-31 16:05:53,724][flwr][INFO] - fit progress: (30, 26.96607594192028, {'accuracy': 0.9}, 429.4049797640182)
[2024-05-31 16:05:53,724][flwr][DEBUG] - evaluate_round 30: strategy sampled 1 clients (out of 50)
[2024-05-31 16:05:54,448][flwr][DEBUG] - evaluate_round 30 received 1 results and 0 failures
[2024-05-31 16:05:54,449][flwr][DEBUG] - fit_round 31: strategy sampled 10 clients (out of 50)
[2024-05-31 16:05:59,712][flwr][DEBUG] - fit_round 31 received 10 results and 0 failures
[2024-05-31 16:06:08,523][flwr][INFO] - fit progress: (31, 30.889244362711906, {'accuracy': 0.8787}, 444.2048660777509)
[2024-05-31 16:06:08,524][flwr][DEBUG] - evaluate_round 31: strategy sampled 1 clients (out of 50)
[2024-05-31 16:06:09,222][flwr][DEBUG] - evaluate_round 31 received 1 results and 0 failures
[2024-05-31 16:06:09,222][flwr][DEBUG] - fit_round 32: strategy sampled 10 clients (out of 50)
[2024-05-31 16:06:14,632][flwr][DEBUG] - fit_round 32 received 10 results and 0 failures
[2024-05-31 16:06:23,518][flwr][INFO] - fit progress: (32, 30.297426894307137, {'accuracy': 0.8827}, 459.199310998898)
[2024-05-31 16:06:23,518][flwr][DEBUG] - evaluate_round 32: strategy sampled 1 clients (out of 50)
[2024-05-31 16:06:24,220][flwr][DEBUG] - evaluate_round 32 received 1 results and 0 failures
[2024-05-31 16:06:24,220][flwr][DEBUG] - fit_round 33: strategy sampled 10 clients (out of 50)
[2024-05-31 16:06:29,241][flwr][DEBUG] - fit_round 33 received 10 results and 0 failures
[2024-05-31 16:06:38,104][flwr][INFO] - fit progress: (33, 22.74205969274044, {'accuracy': 0.9177}, 473.7855154876597)
[2024-05-31 16:06:38,104][flwr][DEBUG] - evaluate_round 33: strategy sampled 1 clients (out of 50)
[2024-05-31 16:06:38,860][flwr][DEBUG] - evaluate_round 33 received 1 results and 0 failures
[2024-05-31 16:06:38,860][flwr][DEBUG] - fit_round 34: strategy sampled 10 clients (out of 50)
[2024-05-31 16:06:44,663][flwr][DEBUG] - fit_round 34 received 10 results and 0 failures
[2024-05-31 16:06:53,559][flwr][INFO] - fit progress: (34, 33.98370425403118, {'accuracy': 0.8558}, 489.2402093890123)
[2024-05-31 16:06:53,559][flwr][DEBUG] - evaluate_round 34: strategy sampled 1 clients (out of 50)
[2024-05-31 16:06:54,224][flwr][DEBUG] - evaluate_round 34 received 1 results and 0 failures
[2024-05-31 16:06:54,224][flwr][DEBUG] - fit_round 35: strategy sampled 10 clients (out of 50)
[2024-05-31 16:07:00,417][flwr][DEBUG] - fit_round 35 received 10 results and 0 failures
[2024-05-31 16:07:09,292][flwr][INFO] - fit progress: (35, 70.58615037798882, {'accuracy': 0.8297}, 504.9738322137855)
[2024-05-31 16:07:09,293][flwr][DEBUG] - evaluate_round 35: strategy sampled 1 clients (out of 50)
[2024-05-31 16:07:10,015][flwr][DEBUG] - evaluate_round 35 received 1 results and 0 failures
[2024-05-31 16:07:10,015][flwr][DEBUG] - fit_round 36: strategy sampled 10 clients (out of 50)
[2024-05-31 16:07:15,486][flwr][DEBUG] - fit_round 36 received 10 results and 0 failures
[2024-05-31 16:07:24,276][flwr][INFO] - fit progress: (36, 24.457911159843206, {'accuracy': 0.9102}, 519.9572328040376)
[2024-05-31 16:07:24,276][flwr][DEBUG] - evaluate_round 36: strategy sampled 1 clients (out of 50)
[2024-05-31 16:07:24,971][flwr][DEBUG] - evaluate_round 36 received 1 results and 0 failures
[2024-05-31 16:07:24,971][flwr][DEBUG] - fit_round 37: strategy sampled 10 clients (out of 50)
[2024-05-31 16:07:30,549][flwr][DEBUG] - fit_round 37 received 10 results and 0 failures
[2024-05-31 16:07:39,390][flwr][INFO] - fit progress: (37, 29.39457020536065, {'accuracy': 0.8873}, 535.0713455877267)
[2024-05-31 16:07:39,390][flwr][DEBUG] - evaluate_round 37: strategy sampled 1 clients (out of 50)
[2024-05-31 16:07:40,125][flwr][DEBUG] - evaluate_round 37 received 1 results and 0 failures
[2024-05-31 16:07:40,125][flwr][DEBUG] - fit_round 38: strategy sampled 10 clients (out of 50)
[2024-05-31 16:07:44,839][flwr][DEBUG] - fit_round 38 received 10 results and 0 failures
[2024-05-31 16:07:53,671][flwr][INFO] - fit progress: (38, 18.306874975794926, {'accuracy': 0.9347}, 549.3528141598217)
[2024-05-31 16:07:53,672][flwr][DEBUG] - evaluate_round 38: strategy sampled 1 clients (out of 50)
[2024-05-31 16:07:54,367][flwr][DEBUG] - evaluate_round 38 received 1 results and 0 failures
[2024-05-31 16:07:54,367][flwr][DEBUG] - fit_round 39: strategy sampled 10 clients (out of 50)
[2024-05-31 16:07:58,917][flwr][DEBUG] - fit_round 39 received 10 results and 0 failures
[2024-05-31 16:08:07,790][flwr][INFO] - fit progress: (39, 17.809031376615167, {'accuracy': 0.9374}, 563.4713128707372)
[2024-05-31 16:08:07,790][flwr][DEBUG] - evaluate_round 39: strategy sampled 1 clients (out of 50)
[2024-05-31 16:08:08,497][flwr][DEBUG] - evaluate_round 39 received 1 results and 0 failures
[2024-05-31 16:08:08,497][flwr][DEBUG] - fit_round 40: strategy sampled 10 clients (out of 50)
[2024-05-31 16:08:13,308][flwr][DEBUG] - fit_round 40 received 10 results and 0 failures
[2024-05-31 16:08:22,064][flwr][INFO] - fit progress: (40, 25.96065816655755, {'accuracy': 0.9051}, 577.7456229897216)
[2024-05-31 16:08:22,064][flwr][DEBUG] - evaluate_round 40: strategy sampled 1 clients (out of 50)
[2024-05-31 16:08:22,762][flwr][DEBUG] - evaluate_round 40 received 1 results and 0 failures
[2024-05-31 16:08:22,763][flwr][DEBUG] - fit_round 41: strategy sampled 10 clients (out of 50)
[2024-05-31 16:08:28,292][flwr][DEBUG] - fit_round 41 received 10 results and 0 failures
[2024-05-31 16:08:37,167][flwr][INFO] - fit progress: (41, 33.19487185776234, {'accuracy': 0.8679}, 592.8486081627198)
[2024-05-31 16:08:37,167][flwr][DEBUG] - evaluate_round 41: strategy sampled 1 clients (out of 50)
[2024-05-31 16:08:37,902][flwr][DEBUG] - evaluate_round 41 received 1 results and 0 failures
[2024-05-31 16:08:37,902][flwr][DEBUG] - fit_round 42: strategy sampled 10 clients (out of 50)
[2024-05-31 16:08:43,046][flwr][DEBUG] - fit_round 42 received 10 results and 0 failures
[2024-05-31 16:08:51,904][flwr][INFO] - fit progress: (42, 18.450488277245313, {'accuracy': 0.9359}, 607.5853862087242)
[2024-05-31 16:08:51,904][flwr][DEBUG] - evaluate_round 42: strategy sampled 1 clients (out of 50)
[2024-05-31 16:08:52,603][flwr][DEBUG] - evaluate_round 42 received 1 results and 0 failures
[2024-05-31 16:08:52,603][flwr][DEBUG] - fit_round 43: strategy sampled 10 clients (out of 50)
[2024-05-31 16:08:57,021][flwr][DEBUG] - fit_round 43 received 10 results and 0 failures
[2024-05-31 16:09:05,789][flwr][INFO] - fit progress: (43, 17.64067827956751, {'accuracy': 0.9344}, 621.4704849659465)
[2024-05-31 16:09:05,789][flwr][DEBUG] - evaluate_round 43: strategy sampled 1 clients (out of 50)
[2024-05-31 16:09:06,488][flwr][DEBUG] - evaluate_round 43 received 1 results and 0 failures
[2024-05-31 16:09:06,489][flwr][DEBUG] - fit_round 44: strategy sampled 10 clients (out of 50)
[2024-05-31 16:09:11,367][flwr][DEBUG] - fit_round 44 received 10 results and 0 failures
[2024-05-31 16:09:20,170][flwr][INFO] - fit progress: (44, 26.281693996861577, {'accuracy': 0.9013}, 635.8515296597034)
[2024-05-31 16:09:20,170][flwr][DEBUG] - evaluate_round 44: strategy sampled 1 clients (out of 50)
[2024-05-31 16:09:20,872][flwr][DEBUG] - evaluate_round 44 received 1 results and 0 failures
[2024-05-31 16:09:20,872][flwr][DEBUG] - fit_round 45: strategy sampled 10 clients (out of 50)
[2024-05-31 16:09:26,349][flwr][DEBUG] - fit_round 45 received 10 results and 0 failures
[2024-05-31 16:09:35,224][flwr][INFO] - fit progress: (45, 21.835291028022766, {'accuracy': 0.92}, 650.90487599466)
[2024-05-31 16:09:35,224][flwr][DEBUG] - evaluate_round 45: strategy sampled 1 clients (out of 50)
[2024-05-31 16:09:35,926][flwr][DEBUG] - evaluate_round 45 received 1 results and 0 failures
[2024-05-31 16:09:35,926][flwr][DEBUG] - fit_round 46: strategy sampled 10 clients (out of 50)
[2024-05-31 16:09:41,087][flwr][DEBUG] - fit_round 46 received 10 results and 0 failures
[2024-05-31 16:09:49,967][flwr][INFO] - fit progress: (46, 19.46281071426347, {'accuracy': 0.9291}, 665.6487171170302)
[2024-05-31 16:09:49,968][flwr][DEBUG] - evaluate_round 46: strategy sampled 1 clients (out of 50)
[2024-05-31 16:09:50,659][flwr][DEBUG] - evaluate_round 46 received 1 results and 0 failures
[2024-05-31 16:09:50,660][flwr][DEBUG] - fit_round 47: strategy sampled 10 clients (out of 50)
[2024-05-31 16:09:55,828][flwr][DEBUG] - fit_round 47 received 10 results and 0 failures
[2024-05-31 16:10:04,724][flwr][INFO] - fit progress: (47, 16.50575601682067, {'accuracy': 0.9406}, 680.4055638737045)
[2024-05-31 16:10:04,724][flwr][DEBUG] - evaluate_round 47: strategy sampled 1 clients (out of 50)
[2024-05-31 16:10:05,435][flwr][DEBUG] - evaluate_round 47 received 1 results and 0 failures
[2024-05-31 16:10:05,435][flwr][DEBUG] - fit_round 48: strategy sampled 10 clients (out of 50)
[2024-05-31 16:10:10,993][flwr][DEBUG] - fit_round 48 received 10 results and 0 failures
[2024-05-31 16:10:19,786][flwr][INFO] - fit progress: (48, 49.40499651432037, {'accuracy': 0.8217}, 695.4677274678834)
[2024-05-31 16:10:19,786][flwr][DEBUG] - evaluate_round 48: strategy sampled 1 clients (out of 50)
[2024-05-31 16:10:20,503][flwr][DEBUG] - evaluate_round 48 received 1 results and 0 failures
[2024-05-31 16:10:20,503][flwr][DEBUG] - fit_round 49: strategy sampled 10 clients (out of 50)
[2024-05-31 16:10:25,880][flwr][DEBUG] - fit_round 49 received 10 results and 0 failures
[2024-05-31 16:10:34,772][flwr][INFO] - fit progress: (49, 14.631979249301367, {'accuracy': 0.9453}, 710.4537342209369)
[2024-05-31 16:10:34,772][flwr][DEBUG] - evaluate_round 49: strategy sampled 1 clients (out of 50)
[2024-05-31 16:10:35,496][flwr][DEBUG] - evaluate_round 49 received 1 results and 0 failures
[2024-05-31 16:10:35,496][flwr][DEBUG] - fit_round 50: strategy sampled 10 clients (out of 50)
[2024-05-31 16:10:40,826][flwr][DEBUG] - fit_round 50 received 10 results and 0 failures
[2024-05-31 16:10:49,707][flwr][INFO] - fit progress: (50, 14.63559249881655, {'accuracy': 0.9464}, 725.3881150097586)
[2024-05-31 16:10:49,707][flwr][DEBUG] - evaluate_round 50: strategy sampled 1 clients (out of 50)
[2024-05-31 16:10:50,366][flwr][DEBUG] - evaluate_round 50 received 1 results and 0 failures
[2024-05-31 16:10:50,366][flwr][DEBUG] - fit_round 51: strategy sampled 10 clients (out of 50)
[2024-05-31 16:10:55,818][flwr][DEBUG] - fit_round 51 received 10 results and 0 failures
[2024-05-31 16:11:04,720][flwr][INFO] - fit progress: (51, 22.448876028880477, {'accuracy': 0.9144}, 740.4011007240042)
[2024-05-31 16:11:04,720][flwr][DEBUG] - evaluate_round 51: strategy sampled 1 clients (out of 50)
[2024-05-31 16:11:05,431][flwr][DEBUG] - evaluate_round 51 received 1 results and 0 failures
[2024-05-31 16:11:05,431][flwr][DEBUG] - fit_round 52: strategy sampled 10 clients (out of 50)
[2024-05-31 16:11:11,085][flwr][DEBUG] - fit_round 52 received 10 results and 0 failures
[2024-05-31 16:11:19,953][flwr][INFO] - fit progress: (52, 22.899855989962816, {'accuracy': 0.9116}, 755.6341543369927)
[2024-05-31 16:11:19,953][flwr][DEBUG] - evaluate_round 52: strategy sampled 1 clients (out of 50)
[2024-05-31 16:11:20,644][flwr][DEBUG] - evaluate_round 52 received 1 results and 0 failures
[2024-05-31 16:11:20,644][flwr][DEBUG] - fit_round 53: strategy sampled 10 clients (out of 50)
[2024-05-31 16:11:25,246][flwr][DEBUG] - fit_round 53 received 10 results and 0 failures
[2024-05-31 16:11:34,107][flwr][INFO] - fit progress: (53, 16.838178847450763, {'accuracy': 0.939}, 769.7886354210787)
[2024-05-31 16:11:34,107][flwr][DEBUG] - evaluate_round 53: strategy sampled 1 clients (out of 50)
[2024-05-31 16:11:34,869][flwr][DEBUG] - evaluate_round 53 received 1 results and 0 failures
[2024-05-31 16:11:34,869][flwr][DEBUG] - fit_round 54: strategy sampled 10 clients (out of 50)
[2024-05-31 16:11:39,886][flwr][DEBUG] - fit_round 54 received 10 results and 0 failures
[2024-05-31 16:11:49,057][flwr][INFO] - fit progress: (54, 16.777713723946363, {'accuracy': 0.941}, 784.7383773149922)
[2024-05-31 16:11:49,057][flwr][DEBUG] - evaluate_round 54: strategy sampled 1 clients (out of 50)
[2024-05-31 16:11:49,747][flwr][DEBUG] - evaluate_round 54 received 1 results and 0 failures
[2024-05-31 16:11:49,747][flwr][DEBUG] - fit_round 55: strategy sampled 10 clients (out of 50)
[2024-05-31 16:11:54,645][flwr][DEBUG] - fit_round 55 received 10 results and 0 failures
[2024-05-31 16:12:03,507][flwr][INFO] - fit progress: (55, 20.30441368278116, {'accuracy': 0.9292}, 799.1885425020009)
[2024-05-31 16:12:03,507][flwr][DEBUG] - evaluate_round 55: strategy sampled 1 clients (out of 50)
[2024-05-31 16:12:04,285][flwr][DEBUG] - evaluate_round 55 received 1 results and 0 failures
[2024-05-31 16:12:04,285][flwr][DEBUG] - fit_round 56: strategy sampled 10 clients (out of 50)
[2024-05-31 16:12:08,849][flwr][DEBUG] - fit_round 56 received 10 results and 0 failures
[2024-05-31 16:12:17,768][flwr][INFO] - fit progress: (56, 16.224610208999366, {'accuracy': 0.9424}, 813.4497052319348)
[2024-05-31 16:12:17,768][flwr][DEBUG] - evaluate_round 56: strategy sampled 1 clients (out of 50)
[2024-05-31 16:12:18,518][flwr][DEBUG] - evaluate_round 56 received 1 results and 0 failures
[2024-05-31 16:12:18,518][flwr][DEBUG] - fit_round 57: strategy sampled 10 clients (out of 50)
[2024-05-31 16:12:23,113][flwr][DEBUG] - fit_round 57 received 10 results and 0 failures
[2024-05-31 16:12:31,906][flwr][INFO] - fit progress: (57, 28.891196344047785, {'accuracy': 0.8976}, 827.5869336430915)
[2024-05-31 16:12:31,906][flwr][DEBUG] - evaluate_round 57: strategy sampled 1 clients (out of 50)
[2024-05-31 16:12:32,628][flwr][DEBUG] - evaluate_round 57 received 1 results and 0 failures
[2024-05-31 16:12:32,628][flwr][DEBUG] - fit_round 58: strategy sampled 10 clients (out of 50)
[2024-05-31 16:12:37,744][flwr][DEBUG] - fit_round 58 received 10 results and 0 failures
[2024-05-31 16:12:46,558][flwr][INFO] - fit progress: (58, 29.14400040358305, {'accuracy': 0.8967}, 842.2389063267037)
[2024-05-31 16:12:46,558][flwr][DEBUG] - evaluate_round 58: strategy sampled 1 clients (out of 50)
[2024-05-31 16:12:47,274][flwr][DEBUG] - evaluate_round 58 received 1 results and 0 failures
[2024-05-31 16:12:47,274][flwr][DEBUG] - fit_round 59: strategy sampled 10 clients (out of 50)
[2024-05-31 16:12:53,603][flwr][DEBUG] - fit_round 59 received 10 results and 0 failures
[2024-05-31 16:13:02,553][flwr][INFO] - fit progress: (59, 18.14653633441776, {'accuracy': 0.938}, 858.23479752196)
[2024-05-31 16:13:02,554][flwr][DEBUG] - evaluate_round 59: strategy sampled 1 clients (out of 50)
[2024-05-31 16:13:03,248][flwr][DEBUG] - evaluate_round 59 received 1 results and 0 failures
[2024-05-31 16:13:03,248][flwr][DEBUG] - fit_round 60: strategy sampled 10 clients (out of 50)
[2024-05-31 16:13:08,829][flwr][DEBUG] - fit_round 60 received 10 results and 0 failures
[2024-05-31 16:13:17,672][flwr][INFO] - fit progress: (60, 16.1803017614875, {'accuracy': 0.9401}, 873.3535248450935)
[2024-05-31 16:13:17,672][flwr][DEBUG] - evaluate_round 60: strategy sampled 1 clients (out of 50)
[2024-05-31 16:13:18,366][flwr][DEBUG] - evaluate_round 60 received 1 results and 0 failures
[2024-05-31 16:13:18,366][flwr][DEBUG] - fit_round 61: strategy sampled 10 clients (out of 50)
[2024-05-31 16:13:23,782][flwr][DEBUG] - fit_round 61 received 10 results and 0 failures
[2024-05-31 16:13:32,662][flwr][INFO] - fit progress: (61, 16.45231247926131, {'accuracy': 0.942}, 888.3438244960271)
[2024-05-31 16:13:32,663][flwr][DEBUG] - evaluate_round 61: strategy sampled 1 clients (out of 50)
[2024-05-31 16:13:33,348][flwr][DEBUG] - evaluate_round 61 received 1 results and 0 failures
[2024-05-31 16:13:33,349][flwr][DEBUG] - fit_round 62: strategy sampled 10 clients (out of 50)
[2024-05-31 16:13:39,018][flwr][DEBUG] - fit_round 62 received 10 results and 0 failures
[2024-05-31 16:13:47,927][flwr][INFO] - fit progress: (62, 19.359636759385467, {'accuracy': 0.9344}, 903.6083794170991)
[2024-05-31 16:13:47,927][flwr][DEBUG] - evaluate_round 62: strategy sampled 1 clients (out of 50)
[2024-05-31 16:13:48,644][flwr][DEBUG] - evaluate_round 62 received 1 results and 0 failures
[2024-05-31 16:13:48,645][flwr][DEBUG] - fit_round 63: strategy sampled 10 clients (out of 50)
[2024-05-31 16:13:53,419][flwr][DEBUG] - fit_round 63 received 10 results and 0 failures
[2024-05-31 16:14:02,228][flwr][INFO] - fit progress: (63, 33.301590263843536, {'accuracy': 0.8766}, 917.9091044198722)
[2024-05-31 16:14:02,228][flwr][DEBUG] - evaluate_round 63: strategy sampled 1 clients (out of 50)
[2024-05-31 16:14:02,980][flwr][DEBUG] - evaluate_round 63 received 1 results and 0 failures
[2024-05-31 16:14:02,980][flwr][DEBUG] - fit_round 64: strategy sampled 10 clients (out of 50)
[2024-05-31 16:14:08,092][flwr][DEBUG] - fit_round 64 received 10 results and 0 failures
[2024-05-31 16:14:16,977][flwr][INFO] - fit progress: (64, 19.144159292802215, {'accuracy': 0.9272}, 932.6586907440796)
[2024-05-31 16:14:16,977][flwr][DEBUG] - evaluate_round 64: strategy sampled 1 clients (out of 50)
[2024-05-31 16:14:17,713][flwr][DEBUG] - evaluate_round 64 received 1 results and 0 failures
[2024-05-31 16:14:17,713][flwr][DEBUG] - fit_round 65: strategy sampled 10 clients (out of 50)
[2024-05-31 16:14:22,863][flwr][DEBUG] - fit_round 65 received 10 results and 0 failures
[2024-05-31 16:14:31,775][flwr][INFO] - fit progress: (65, 15.535733334487304, {'accuracy': 0.9423}, 947.4561698650941)
[2024-05-31 16:14:31,775][flwr][DEBUG] - evaluate_round 65: strategy sampled 1 clients (out of 50)
[2024-05-31 16:14:32,521][flwr][DEBUG] - evaluate_round 65 received 1 results and 0 failures
[2024-05-31 16:14:32,521][flwr][DEBUG] - fit_round 66: strategy sampled 10 clients (out of 50)
[2024-05-31 16:14:37,798][flwr][DEBUG] - fit_round 66 received 10 results and 0 failures
[2024-05-31 16:14:46,585][flwr][INFO] - fit progress: (66, 17.368322107940912, {'accuracy': 0.9369}, 962.2665551756509)
[2024-05-31 16:14:46,585][flwr][DEBUG] - evaluate_round 66: strategy sampled 1 clients (out of 50)
[2024-05-31 16:14:47,273][flwr][DEBUG] - evaluate_round 66 received 1 results and 0 failures
[2024-05-31 16:14:47,273][flwr][DEBUG] - fit_round 67: strategy sampled 10 clients (out of 50)
[2024-05-31 16:14:52,868][flwr][DEBUG] - fit_round 67 received 10 results and 0 failures
[2024-05-31 16:15:01,683][flwr][INFO] - fit progress: (67, 15.59436783567071, {'accuracy': 0.9427}, 977.3640198479407)
[2024-05-31 16:15:01,683][flwr][DEBUG] - evaluate_round 67: strategy sampled 1 clients (out of 50)
[2024-05-31 16:15:02,446][flwr][DEBUG] - evaluate_round 67 received 1 results and 0 failures
[2024-05-31 16:15:02,446][flwr][DEBUG] - fit_round 68: strategy sampled 10 clients (out of 50)
[2024-05-31 16:15:08,292][flwr][DEBUG] - fit_round 68 received 10 results and 0 failures
[2024-05-31 16:15:17,193][flwr][INFO] - fit progress: (68, 17.906726025044918, {'accuracy': 0.9353}, 992.8747217729688)
[2024-05-31 16:15:17,193][flwr][DEBUG] - evaluate_round 68: strategy sampled 1 clients (out of 50)
[2024-05-31 16:15:17,896][flwr][DEBUG] - evaluate_round 68 received 1 results and 0 failures
[2024-05-31 16:15:17,896][flwr][DEBUG] - fit_round 69: strategy sampled 10 clients (out of 50)
[2024-05-31 16:15:23,175][flwr][DEBUG] - fit_round 69 received 10 results and 0 failures
[2024-05-31 16:15:31,978][flwr][INFO] - fit progress: (69, 35.41228851675987, {'accuracy': 0.8653}, 1007.6591206006706)
[2024-05-31 16:15:31,978][flwr][DEBUG] - evaluate_round 69: strategy sampled 1 clients (out of 50)
[2024-05-31 16:15:32,753][flwr][DEBUG] - evaluate_round 69 received 1 results and 0 failures
[2024-05-31 16:15:32,753][flwr][DEBUG] - fit_round 70: strategy sampled 10 clients (out of 50)
[2024-05-31 16:15:38,521][flwr][DEBUG] - fit_round 70 received 10 results and 0 failures
[2024-05-31 16:15:47,351][flwr][INFO] - fit progress: (70, 18.689436646178365, {'accuracy': 0.9359}, 1023.0319403470494)
[2024-05-31 16:15:47,351][flwr][DEBUG] - evaluate_round 70: strategy sampled 1 clients (out of 50)
[2024-05-31 16:15:48,032][flwr][DEBUG] - evaluate_round 70 received 1 results and 0 failures
[2024-05-31 16:15:48,032][flwr][DEBUG] - fit_round 71: strategy sampled 10 clients (out of 50)
[2024-05-31 16:15:53,854][flwr][DEBUG] - fit_round 71 received 10 results and 0 failures
[2024-05-31 16:16:02,641][flwr][INFO] - fit progress: (71, 15.43426106357947, {'accuracy': 0.9453}, 1038.3227111538872)
[2024-05-31 16:16:02,641][flwr][DEBUG] - evaluate_round 71: strategy sampled 1 clients (out of 50)
[2024-05-31 16:16:03,395][flwr][DEBUG] - evaluate_round 71 received 1 results and 0 failures
[2024-05-31 16:16:03,395][flwr][DEBUG] - fit_round 72: strategy sampled 10 clients (out of 50)
[2024-05-31 16:16:08,720][flwr][DEBUG] - fit_round 72 received 10 results and 0 failures
[2024-05-31 16:16:17,597][flwr][INFO] - fit progress: (72, 22.47357762604952, {'accuracy': 0.9194}, 1053.277979017701)
[2024-05-31 16:16:17,597][flwr][DEBUG] - evaluate_round 72: strategy sampled 1 clients (out of 50)
[2024-05-31 16:16:18,286][flwr][DEBUG] - evaluate_round 72 received 1 results and 0 failures
[2024-05-31 16:16:18,286][flwr][DEBUG] - fit_round 73: strategy sampled 10 clients (out of 50)
[2024-05-31 16:16:24,132][flwr][DEBUG] - fit_round 73 received 10 results and 0 failures
[2024-05-31 16:16:33,038][flwr][INFO] - fit progress: (73, 32.41659735888243, {'accuracy': 0.8777}, 1068.7190948757343)
[2024-05-31 16:16:33,038][flwr][DEBUG] - evaluate_round 73: strategy sampled 1 clients (out of 50)
[2024-05-31 16:16:33,817][flwr][DEBUG] - evaluate_round 73 received 1 results and 0 failures
[2024-05-31 16:16:33,817][flwr][DEBUG] - fit_round 74: strategy sampled 10 clients (out of 50)
[2024-05-31 16:16:39,204][flwr][DEBUG] - fit_round 74 received 10 results and 0 failures
[2024-05-31 16:16:48,034][flwr][INFO] - fit progress: (74, 30.001933854073286, {'accuracy': 0.8917}, 1083.7152847088873)
[2024-05-31 16:16:48,034][flwr][DEBUG] - evaluate_round 74: strategy sampled 1 clients (out of 50)
[2024-05-31 16:16:48,777][flwr][DEBUG] - evaluate_round 74 received 1 results and 0 failures
[2024-05-31 16:16:48,778][flwr][DEBUG] - fit_round 75: strategy sampled 10 clients (out of 50)
[2024-05-31 16:16:54,428][flwr][DEBUG] - fit_round 75 received 10 results and 0 failures
[2024-05-31 16:17:03,338][flwr][INFO] - fit progress: (75, 17.164136064238846, {'accuracy': 0.9424}, 1099.0189923960716)
[2024-05-31 16:17:03,338][flwr][DEBUG] - evaluate_round 75: strategy sampled 1 clients (out of 50)
[2024-05-31 16:17:04,028][flwr][DEBUG] - evaluate_round 75 received 1 results and 0 failures
[2024-05-31 16:17:04,028][flwr][DEBUG] - fit_round 76: strategy sampled 10 clients (out of 50)
[2024-05-31 16:17:09,597][flwr][DEBUG] - fit_round 76 received 10 results and 0 failures
[2024-05-31 16:17:18,532][flwr][INFO] - fit progress: (76, 24.31086464971304, {'accuracy': 0.9113}, 1114.213261880912)
[2024-05-31 16:17:18,532][flwr][DEBUG] - evaluate_round 76: strategy sampled 1 clients (out of 50)
[2024-05-31 16:17:19,270][flwr][DEBUG] - evaluate_round 76 received 1 results and 0 failures
[2024-05-31 16:17:19,270][flwr][DEBUG] - fit_round 77: strategy sampled 10 clients (out of 50)
[2024-05-31 16:17:24,758][flwr][DEBUG] - fit_round 77 received 10 results and 0 failures
[2024-05-31 16:17:33,614][flwr][INFO] - fit progress: (77, 19.677197489887476, {'accuracy': 0.9265}, 1129.2952344217338)
[2024-05-31 16:17:33,614][flwr][DEBUG] - evaluate_round 77: strategy sampled 1 clients (out of 50)
[2024-05-31 16:17:34,315][flwr][DEBUG] - evaluate_round 77 received 1 results and 0 failures
[2024-05-31 16:17:34,315][flwr][DEBUG] - fit_round 78: strategy sampled 10 clients (out of 50)
[2024-05-31 16:17:39,486][flwr][DEBUG] - fit_round 78 received 10 results and 0 failures
[2024-05-31 16:17:48,410][flwr][INFO] - fit progress: (78, 16.65578199364245, {'accuracy': 0.9468}, 1144.0910001439042)
[2024-05-31 16:17:48,410][flwr][DEBUG] - evaluate_round 78: strategy sampled 1 clients (out of 50)
[2024-05-31 16:17:49,117][flwr][DEBUG] - evaluate_round 78 received 1 results and 0 failures
[2024-05-31 16:17:49,117][flwr][DEBUG] - fit_round 79: strategy sampled 10 clients (out of 50)
[2024-05-31 16:17:53,430][flwr][DEBUG] - fit_round 79 received 10 results and 0 failures
[2024-05-31 16:18:02,317][flwr][INFO] - fit progress: (79, 17.923894745996222, {'accuracy': 0.935}, 1157.9981859917752)
[2024-05-31 16:18:02,317][flwr][DEBUG] - evaluate_round 79: strategy sampled 1 clients (out of 50)
[2024-05-31 16:18:03,094][flwr][DEBUG] - evaluate_round 79 received 1 results and 0 failures
[2024-05-31 16:18:03,095][flwr][DEBUG] - fit_round 80: strategy sampled 10 clients (out of 50)
[2024-05-31 16:18:08,458][flwr][DEBUG] - fit_round 80 received 10 results and 0 failures
[2024-05-31 16:18:17,320][flwr][INFO] - fit progress: (80, 15.250570928212255, {'accuracy': 0.9459}, 1173.0008973409422)
[2024-05-31 16:18:17,320][flwr][DEBUG] - evaluate_round 80: strategy sampled 1 clients (out of 50)
[2024-05-31 16:18:17,982][flwr][DEBUG] - evaluate_round 80 received 1 results and 0 failures
[2024-05-31 16:18:17,982][flwr][DEBUG] - fit_round 81: strategy sampled 10 clients (out of 50)
[2024-05-31 16:18:23,482][flwr][DEBUG] - fit_round 81 received 10 results and 0 failures
[2024-05-31 16:18:32,422][flwr][INFO] - fit progress: (81, 12.76917835790664, {'accuracy': 0.9536}, 1188.1038112617098)
[2024-05-31 16:18:32,423][flwr][DEBUG] - evaluate_round 81: strategy sampled 1 clients (out of 50)
[2024-05-31 16:18:33,144][flwr][DEBUG] - evaluate_round 81 received 1 results and 0 failures
[2024-05-31 16:18:33,144][flwr][DEBUG] - fit_round 82: strategy sampled 10 clients (out of 50)
[2024-05-31 16:18:38,554][flwr][DEBUG] - fit_round 82 received 10 results and 0 failures
[2024-05-31 16:18:47,560][flwr][INFO] - fit progress: (82, 16.097069217823446, {'accuracy': 0.9421}, 1203.2413490107283)
[2024-05-31 16:18:47,560][flwr][DEBUG] - evaluate_round 82: strategy sampled 1 clients (out of 50)
[2024-05-31 16:18:48,336][flwr][DEBUG] - evaluate_round 82 received 1 results and 0 failures
[2024-05-31 16:18:48,336][flwr][DEBUG] - fit_round 83: strategy sampled 10 clients (out of 50)
[2024-05-31 16:18:53,229][flwr][DEBUG] - fit_round 83 received 10 results and 0 failures
[2024-05-31 16:19:02,091][flwr][INFO] - fit progress: (83, 23.613986638374627, {'accuracy': 0.9175}, 1217.7725937739015)
[2024-05-31 16:19:02,091][flwr][DEBUG] - evaluate_round 83: strategy sampled 1 clients (out of 50)
[2024-05-31 16:19:02,797][flwr][DEBUG] - evaluate_round 83 received 1 results and 0 failures
[2024-05-31 16:19:02,797][flwr][DEBUG] - fit_round 84: strategy sampled 10 clients (out of 50)
[2024-05-31 16:19:07,329][flwr][DEBUG] - fit_round 84 received 10 results and 0 failures
[2024-05-31 16:19:16,127][flwr][INFO] - fit progress: (84, 37.658708825707436, {'accuracy': 0.8719}, 1231.8079147920944)
[2024-05-31 16:19:16,127][flwr][DEBUG] - evaluate_round 84: strategy sampled 1 clients (out of 50)
[2024-05-31 16:19:16,849][flwr][DEBUG] - evaluate_round 84 received 1 results and 0 failures
[2024-05-31 16:19:16,849][flwr][DEBUG] - fit_round 85: strategy sampled 10 clients (out of 50)
[2024-05-31 16:19:21,628][flwr][DEBUG] - fit_round 85 received 10 results and 0 failures
[2024-05-31 16:19:30,478][flwr][INFO] - fit progress: (85, 13.93870468530804, {'accuracy': 0.9474}, 1246.1590668116696)
[2024-05-31 16:19:30,478][flwr][DEBUG] - evaluate_round 85: strategy sampled 1 clients (out of 50)
[2024-05-31 16:19:31,178][flwr][DEBUG] - evaluate_round 85 received 1 results and 0 failures
[2024-05-31 16:19:31,178][flwr][DEBUG] - fit_round 86: strategy sampled 10 clients (out of 50)
[2024-05-31 16:19:36,755][flwr][DEBUG] - fit_round 86 received 10 results and 0 failures
[2024-05-31 16:19:45,638][flwr][INFO] - fit progress: (86, 53.9258923381567, {'accuracy': 0.8155}, 1261.3188717267476)
[2024-05-31 16:19:45,638][flwr][DEBUG] - evaluate_round 86: strategy sampled 1 clients (out of 50)
[2024-05-31 16:19:46,353][flwr][DEBUG] - evaluate_round 86 received 1 results and 0 failures
[2024-05-31 16:19:46,353][flwr][DEBUG] - fit_round 87: strategy sampled 10 clients (out of 50)
[2024-05-31 16:19:51,297][flwr][DEBUG] - fit_round 87 received 10 results and 0 failures
[2024-05-31 16:20:00,178][flwr][INFO] - fit progress: (87, 15.34658900537761, {'accuracy': 0.9498}, 1275.8597274110653)
[2024-05-31 16:20:00,178][flwr][DEBUG] - evaluate_round 87: strategy sampled 1 clients (out of 50)
[2024-05-31 16:20:00,873][flwr][DEBUG] - evaluate_round 87 received 1 results and 0 failures
[2024-05-31 16:20:00,873][flwr][DEBUG] - fit_round 88: strategy sampled 10 clients (out of 50)
[2024-05-31 16:20:05,819][flwr][DEBUG] - fit_round 88 received 10 results and 0 failures
[2024-05-31 16:20:14,717][flwr][INFO] - fit progress: (88, 25.165276683866978, {'accuracy': 0.9066}, 1290.3984891478904)
[2024-05-31 16:20:14,717][flwr][DEBUG] - evaluate_round 88: strategy sampled 1 clients (out of 50)
[2024-05-31 16:20:15,407][flwr][DEBUG] - evaluate_round 88 received 1 results and 0 failures
[2024-05-31 16:20:15,408][flwr][DEBUG] - fit_round 89: strategy sampled 10 clients (out of 50)
[2024-05-31 16:20:20,591][flwr][DEBUG] - fit_round 89 received 10 results and 0 failures
[2024-05-31 16:20:29,400][flwr][INFO] - fit progress: (89, 19.78966298699379, {'accuracy': 0.9315}, 1305.0813353657722)
[2024-05-31 16:20:29,400][flwr][DEBUG] - evaluate_round 89: strategy sampled 1 clients (out of 50)
[2024-05-31 16:20:30,174][flwr][DEBUG] - evaluate_round 89 received 1 results and 0 failures
[2024-05-31 16:20:30,174][flwr][DEBUG] - fit_round 90: strategy sampled 10 clients (out of 50)
[2024-05-31 16:20:34,837][flwr][DEBUG] - fit_round 90 received 10 results and 0 failures
[2024-05-31 16:20:43,692][flwr][INFO] - fit progress: (90, 36.38328529894352, {'accuracy': 0.8756}, 1319.3735069818795)
[2024-05-31 16:20:43,692][flwr][DEBUG] - evaluate_round 90: strategy sampled 1 clients (out of 50)
[2024-05-31 16:20:44,370][flwr][DEBUG] - evaluate_round 90 received 1 results and 0 failures
[2024-05-31 16:20:44,370][flwr][DEBUG] - fit_round 91: strategy sampled 10 clients (out of 50)
[2024-05-31 16:20:49,472][flwr][DEBUG] - fit_round 91 received 10 results and 0 failures
[2024-05-31 16:20:58,315][flwr][INFO] - fit progress: (91, 15.732525602841633, {'accuracy': 0.9536}, 1333.9967939197086)
[2024-05-31 16:20:58,316][flwr][DEBUG] - evaluate_round 91: strategy sampled 1 clients (out of 50)
[2024-05-31 16:20:59,093][flwr][DEBUG] - evaluate_round 91 received 1 results and 0 failures
[2024-05-31 16:20:59,094][flwr][DEBUG] - fit_round 92: strategy sampled 10 clients (out of 50)
[2024-05-31 16:21:03,783][flwr][DEBUG] - fit_round 92 received 10 results and 0 failures
[2024-05-31 16:21:12,583][flwr][INFO] - fit progress: (92, 14.892911309492774, {'accuracy': 0.952}, 1348.26485708775)
[2024-05-31 16:21:12,584][flwr][DEBUG] - evaluate_round 92: strategy sampled 1 clients (out of 50)
[2024-05-31 16:21:13,318][flwr][DEBUG] - evaluate_round 92 received 1 results and 0 failures
[2024-05-31 16:21:13,319][flwr][DEBUG] - fit_round 93: strategy sampled 10 clients (out of 50)
[2024-05-31 16:21:17,808][flwr][DEBUG] - fit_round 93 received 10 results and 0 failures
[2024-05-31 16:21:26,666][flwr][INFO] - fit progress: (93, 17.985292985802516, {'accuracy': 0.9379}, 1362.3476527989842)
[2024-05-31 16:21:26,666][flwr][DEBUG] - evaluate_round 93: strategy sampled 1 clients (out of 50)
[2024-05-31 16:21:27,345][flwr][DEBUG] - evaluate_round 93 received 1 results and 0 failures
[2024-05-31 16:21:27,345][flwr][DEBUG] - fit_round 94: strategy sampled 10 clients (out of 50)
[2024-05-31 16:21:32,681][flwr][DEBUG] - fit_round 94 received 10 results and 0 failures
[2024-05-31 16:21:41,557][flwr][INFO] - fit progress: (94, 18.71795737463981, {'accuracy': 0.9344}, 1377.2382577620447)
[2024-05-31 16:21:41,557][flwr][DEBUG] - evaluate_round 94: strategy sampled 1 clients (out of 50)
[2024-05-31 16:21:42,254][flwr][DEBUG] - evaluate_round 94 received 1 results and 0 failures
[2024-05-31 16:21:42,254][flwr][DEBUG] - fit_round 95: strategy sampled 10 clients (out of 50)
[2024-05-31 16:21:46,886][flwr][DEBUG] - fit_round 95 received 10 results and 0 failures
[2024-05-31 16:21:55,738][flwr][INFO] - fit progress: (95, 41.99986660853028, {'accuracy': 0.8709}, 1391.4198171528988)
[2024-05-31 16:21:55,739][flwr][DEBUG] - evaluate_round 95: strategy sampled 1 clients (out of 50)
[2024-05-31 16:21:56,426][flwr][DEBUG] - evaluate_round 95 received 1 results and 0 failures
[2024-05-31 16:21:56,426][flwr][DEBUG] - fit_round 96: strategy sampled 10 clients (out of 50)
[2024-05-31 16:22:02,219][flwr][DEBUG] - fit_round 96 received 10 results and 0 failures
[2024-05-31 16:22:11,079][flwr][INFO] - fit progress: (96, 16.215282569173723, {'accuracy': 0.945}, 1406.760246318765)
[2024-05-31 16:22:11,079][flwr][DEBUG] - evaluate_round 96: strategy sampled 1 clients (out of 50)
[2024-05-31 16:22:11,816][flwr][DEBUG] - evaluate_round 96 received 1 results and 0 failures
[2024-05-31 16:22:11,816][flwr][DEBUG] - fit_round 97: strategy sampled 10 clients (out of 50)
[2024-05-31 16:22:17,531][flwr][DEBUG] - fit_round 97 received 10 results and 0 failures
[2024-05-31 16:22:26,393][flwr][INFO] - fit progress: (97, 16.292077226564288, {'accuracy': 0.9464}, 1422.0745473317802)
[2024-05-31 16:22:26,393][flwr][DEBUG] - evaluate_round 97: strategy sampled 1 clients (out of 50)
[2024-05-31 16:22:27,096][flwr][DEBUG] - evaluate_round 97 received 1 results and 0 failures
[2024-05-31 16:22:27,096][flwr][DEBUG] - fit_round 98: strategy sampled 10 clients (out of 50)
[2024-05-31 16:22:32,451][flwr][DEBUG] - fit_round 98 received 10 results and 0 failures
[2024-05-31 16:22:41,283][flwr][INFO] - fit progress: (98, 17.314065171405673, {'accuracy': 0.9477}, 1436.9644499677233)
[2024-05-31 16:22:41,283][flwr][DEBUG] - evaluate_round 98: strategy sampled 1 clients (out of 50)
[2024-05-31 16:22:42,006][flwr][DEBUG] - evaluate_round 98 received 1 results and 0 failures
[2024-05-31 16:22:42,006][flwr][DEBUG] - fit_round 99: strategy sampled 10 clients (out of 50)
[2024-05-31 16:22:47,672][flwr][DEBUG] - fit_round 99 received 10 results and 0 failures
[2024-05-31 16:22:56,636][flwr][INFO] - fit progress: (99, 26.011161079630256, {'accuracy': 0.9164}, 1452.3178311246447)
[2024-05-31 16:22:56,637][flwr][DEBUG] - evaluate_round 99: strategy sampled 1 clients (out of 50)
[2024-05-31 16:22:57,336][flwr][DEBUG] - evaluate_round 99 received 1 results and 0 failures
[2024-05-31 16:22:57,336][flwr][DEBUG] - fit_round 100: strategy sampled 10 clients (out of 50)
[2024-05-31 16:23:03,021][flwr][DEBUG] - fit_round 100 received 10 results and 0 failures
[2024-05-31 16:23:11,941][flwr][INFO] - fit progress: (100, 20.997272161301225, {'accuracy': 0.9409}, 1467.6222412828356)
[2024-05-31 16:23:11,941][flwr][DEBUG] - evaluate_round 100: strategy sampled 1 clients (out of 50)
[2024-05-31 16:23:12,662][flwr][DEBUG] - evaluate_round 100 received 1 results and 0 failures
[2024-05-31 16:23:12,662][flwr][INFO] - FL finished in 1468.343822658062
[2024-05-31 16:23:12,759][flwr][INFO] - app_fit: losses_distributed [(1, 5.055796146392822), (2, 2.5321677774190903), (3, 5.78459757566452), (4, 7.992851614952087), (5, 5.302824318408966), (6, 2.03659700602293), (7, 0.9662735462188721), (8, 1.187837228178978), (9, 1.8959437906742096), (10, 1.5301297456026077), (11, 2.1013722270727158), (12, 0.44264236092567444), (13, 4.477878101170063), (14, 1.9247247129678726), (15, 4.822632014751434), (16, 5.530250906944275), (17, 0.9553334414958954), (18, 0.6002427563071251), (19, 1.522803045809269), (20, 0.8803212605416775), (21, 2.0402541160583496), (22, 0.6195629835128784), (23, 0.7216779589653015), (24, 1.8132315278053284), (25, 2.6716841012239456), (26, 1.5342587232589722), (27, 1.1240189466625452), (28, 1.9537407644093037), (29, 4.393357992172241), (30, 1.0012197494506836), (31, 3.2064452469348907), (32, 0.9126455560326576), (33, 2.2473814487457275), (34, 1.2585689350962639), (35, 1.1389204375445843), (36, 0.7249748561298475), (37, 1.1271619703620672), (38, 1.3183613941073418), (39, 0.9838659502565861), (40, 2.321033239364624), (41, 2.7194938510656357), (42, 0.8084829915314913), (43, 2.889086790382862), (44, 4.918011486530304), (45, 0.3441678499802947), (46, 1.9297592416405678), (47, 0.6443394869565964), (48, 2.399325978010893), (49, 0.8719868119806051), (50, 0.5594135522842407), (51, 0.7319294810295105), (52, 0.42711606132797897), (53, 1.8596339393407106), (54, 0.5117312371730804), (55, 0.20801334828138351), (56, 3.132181942462921), (57, 1.329094648361206), (58, 0.41555880196392536), (59, 0.8712746081873775), (60, 0.12336697801947594), (61, 1.7950017154216766), (62, 1.4888511039316654), (63, 0.9664361476898193), (64, 1.3430761098861694), (65, 1.4124531522393227), (66, 1.3689054297283292), (67, 0.6684590219520032), (68, 0.4679640978574753), (69, 0.4171187144238502), (70, 1.222884714603424), (71, 1.2148061655461788), (72, 0.908926990814507), (73, 0.5154862529598176), (74, 0.7379164197482169), (75, 0.8288262505084276), (76, 0.8632314472924918), (77, 0.7660474325530231), (78, 1.008347078517545), (79, 1.3626546636223793), (80, 0.24522817134857178), (81, 0.4674375548493117), (82, 1.346206746995449), (83, 1.7711638733744621), (84, 2.77723890542984), (85, 2.164291203022003), (86, 11.82593458890915), (87, 0.6333512726705521), (88, 5.605708301067352), (89, 0.6500827849959023), (90, 0.8936937781982124), (91, 1.421959918923676), (92, 0.692850383813493), (93, 0.9440588580910116), (94, 0.5644893050193787), (95, 2.7716080993413925), (96, 1.1997911096550524), (97, 0.6229959921911359), (98, 1.7418504697270691), (99, 1.6007754802703857), (100, 1.249502034042962)]
[2024-05-31 16:23:12,759][flwr][INFO] - app_fit: metrics_distributed_fit {}
[2024-05-31 16:23:12,759][flwr][INFO] - app_fit: metrics_distributed {}
[2024-05-31 16:23:12,759][flwr][INFO] - app_fit: losses_centralized [(0, 194.1963701248169), (1, 82.18179893493652), (2, 63.95629560947418), (3, 83.58315321803093), (4, 70.93504157662392), (5, 61.627866096794605), (6, 39.3642051666975), (7, 35.41805501654744), (8, 83.63410234451294), (9, 27.586726763285697), (10, 31.900641072541475), (11, 34.422874104231596), (12, 28.865801932290196), (13, 46.803569942712784), (14, 25.317462043836713), (15, 73.03326743841171), (16, 27.887969851493835), (17, 55.42335802316666), (18, 32.02566705644131), (19, 33.21524624526501), (20, 37.98800836503506), (21, 32.14657421410084), (22, 41.02568529546261), (23, 82.12297159433365), (24, 24.819242242723703), (25, 66.65162366628647), (26, 25.71768645942211), (27, 22.576859153807163), (28, 24.166631993371993), (29, 67.6123796403408), (30, 26.96607594192028), (31, 30.889244362711906), (32, 30.297426894307137), (33, 22.74205969274044), (34, 33.98370425403118), (35, 70.58615037798882), (36, 24.457911159843206), (37, 29.39457020536065), (38, 18.306874975794926), (39, 17.809031376615167), (40, 25.96065816655755), (41, 33.19487185776234), (42, 18.450488277245313), (43, 17.64067827956751), (44, 26.281693996861577), (45, 21.835291028022766), (46, 19.46281071426347), (47, 16.50575601682067), (48, 49.40499651432037), (49, 14.631979249301367), (50, 14.63559249881655), (51, 22.448876028880477), (52, 22.899855989962816), (53, 16.838178847450763), (54, 16.777713723946363), (55, 20.30441368278116), (56, 16.224610208999366), (57, 28.891196344047785), (58, 29.14400040358305), (59, 18.14653633441776), (60, 16.1803017614875), (61, 16.45231247926131), (62, 19.359636759385467), (63, 33.301590263843536), (64, 19.144159292802215), (65, 15.535733334487304), (66, 17.368322107940912), (67, 15.59436783567071), (68, 17.906726025044918), (69, 35.41228851675987), (70, 18.689436646178365), (71, 15.43426106357947), (72, 22.47357762604952), (73, 32.41659735888243), (74, 30.001933854073286), (75, 17.164136064238846), (76, 24.31086464971304), (77, 19.677197489887476), (78, 16.65578199364245), (79, 17.923894745996222), (80, 15.250570928212255), (81, 12.76917835790664), (82, 16.097069217823446), (83, 23.613986638374627), (84, 37.658708825707436), (85, 13.93870468530804), (86, 53.9258923381567), (87, 15.34658900537761), (88, 25.165276683866978), (89, 19.78966298699379), (90, 36.38328529894352), (91, 15.732525602841633), (92, 14.892911309492774), (93, 17.985292985802516), (94, 18.71795737463981), (95, 41.99986660853028), (96, 16.215282569173723), (97, 16.292077226564288), (98, 17.314065171405673), (99, 26.011161079630256), (100, 20.997272161301225)]
[2024-05-31 16:23:12,759][flwr][INFO] - app_fit: metrics_centralized {'accuracy': [(0, 0.0796), (1, 0.6883), (2, 0.7308), (3, 0.6535), (4, 0.7438), (5, 0.8071), (6, 0.8459), (7, 0.8714), (8, 0.7582), (9, 0.9004), (10, 0.8959), (11, 0.8786), (12, 0.8967), (13, 0.8336), (14, 0.9108), (15, 0.809), (16, 0.8941), (17, 0.8208), (18, 0.8901), (19, 0.8558), (20, 0.8389), (21, 0.8822), (22, 0.8228), (23, 0.7716), (24, 0.9051), (25, 0.7896), (26, 0.9066), (27, 0.9165), (28, 0.9183), (29, 0.784), (30, 0.9), (31, 0.8787), (32, 0.8827), (33, 0.9177), (34, 0.8558), (35, 0.8297), (36, 0.9102), (37, 0.8873), (38, 0.9347), (39, 0.9374), (40, 0.9051), (41, 0.8679), (42, 0.9359), (43, 0.9344), (44, 0.9013), (45, 0.92), (46, 0.9291), (47, 0.9406), (48, 0.8217), (49, 0.9453), (50, 0.9464), (51, 0.9144), (52, 0.9116), (53, 0.939), (54, 0.941), (55, 0.9292), (56, 0.9424), (57, 0.8976), (58, 0.8967), (59, 0.938), (60, 0.9401), (61, 0.942), (62, 0.9344), (63, 0.8766), (64, 0.9272), (65, 0.9423), (66, 0.9369), (67, 0.9427), (68, 0.9353), (69, 0.8653), (70, 0.9359), (71, 0.9453), (72, 0.9194), (73, 0.8777), (74, 0.8917), (75, 0.9424), (76, 0.9113), (77, 0.9265), (78, 0.9468), (79, 0.935), (80, 0.9459), (81, 0.9536), (82, 0.9421), (83, 0.9175), (84, 0.8719), (85, 0.9474), (86, 0.8155), (87, 0.9498), (88, 0.9066), (89, 0.9315), (90, 0.8756), (91, 0.9536), (92, 0.952), (93, 0.9379), (94, 0.9344), (95, 0.8709), (96, 0.945), (97, 0.9464), (98, 0.9477), (99, 0.9164), (100, 0.9409)]}
