[2024-06-02 13:20:15,064][flwr][INFO] - Starting Flower simulation, config: ServerConfig(num_rounds=100, round_timeout=None)
[2024-06-02 13:20:17,088][flwr][INFO] - Flower VCE: Ray initialized with resources: {'object_store_memory': 39926191718.0, 'node:172.17.34.3': 1.0, 'CPU': 24.0, 'memory': 83161114010.0, 'GPU': 2.0, 'accelerator_type:G': 1.0}
[2024-06-02 13:20:17,089][flwr][INFO] - Initializing global parameters
[2024-06-02 13:20:17,089][flwr][INFO] - Requesting initial parameters from one random client
[2024-06-02 13:20:18,223][flwr][INFO] - Received initial parameters from one random client
[2024-06-02 13:20:18,223][flwr][INFO] - Evaluating initial parameters
[2024-06-02 13:20:20,187][flwr][INFO] - initial parameters (loss, other metrics): 180.9069185256958, {'accuracy': 0.0384}
[2024-06-02 13:20:20,188][flwr][INFO] - FL starting
[2024-06-02 13:20:20,188][flwr][DEBUG] - fit_round 1: strategy sampled 10 clients (out of 50)
[2024-06-02 13:20:25,138][flwr][DEBUG] - fit_round 1 received 10 results and 0 failures
[2024-06-02 13:20:25,153][flwr][WARNING] - No fit_metrics_aggregation_fn provided
[2024-06-02 13:20:25,484][flwr][INFO] - fit progress: (1, 138.35420608520508, {'accuracy': 0.5805}, 5.296272950712591)
[2024-06-02 13:20:25,484][flwr][DEBUG] - evaluate_round 1: strategy sampled 1 clients (out of 50)
[2024-06-02 13:20:25,650][flwr][DEBUG] - evaluate_round 1 received 1 results and 0 failures
[2024-06-02 13:20:25,650][flwr][WARNING] - No evaluate_metrics_aggregation_fn provided
[2024-06-02 13:20:25,650][flwr][DEBUG] - fit_round 2: strategy sampled 10 clients (out of 50)
[2024-06-02 13:20:26,387][flwr][DEBUG] - fit_round 2 received 10 results and 0 failures
[2024-06-02 13:20:26,729][flwr][INFO] - fit progress: (2, 57.67348763346672, {'accuracy': 0.8027}, 6.541129470802844)
[2024-06-02 13:20:26,729][flwr][DEBUG] - evaluate_round 2: strategy sampled 1 clients (out of 50)
[2024-06-02 13:20:26,895][flwr][DEBUG] - evaluate_round 2 received 1 results and 0 failures
[2024-06-02 13:20:26,895][flwr][DEBUG] - fit_round 3: strategy sampled 10 clients (out of 50)
[2024-06-02 13:20:27,677][flwr][DEBUG] - fit_round 3 received 10 results and 0 failures
[2024-06-02 13:20:28,045][flwr][INFO] - fit progress: (3, 30.203897282481194, {'accuracy': 0.8933}, 7.857394997030497)
[2024-06-02 13:20:28,045][flwr][DEBUG] - evaluate_round 3: strategy sampled 1 clients (out of 50)
[2024-06-02 13:20:28,221][flwr][DEBUG] - evaluate_round 3 received 1 results and 0 failures
[2024-06-02 13:20:28,222][flwr][DEBUG] - fit_round 4: strategy sampled 10 clients (out of 50)
[2024-06-02 13:20:28,952][flwr][DEBUG] - fit_round 4 received 10 results and 0 failures
[2024-06-02 13:20:29,501][flwr][INFO] - fit progress: (4, 34.703055545687675, {'accuracy': 0.8864}, 9.31330983992666)
[2024-06-02 13:20:29,501][flwr][DEBUG] - evaluate_round 4: strategy sampled 1 clients (out of 50)
[2024-06-02 13:20:29,640][flwr][DEBUG] - evaluate_round 4 received 1 results and 0 failures
[2024-06-02 13:20:29,641][flwr][DEBUG] - fit_round 5: strategy sampled 10 clients (out of 50)
[2024-06-02 13:20:30,397][flwr][DEBUG] - fit_round 5 received 10 results and 0 failures
[2024-06-02 13:20:30,987][flwr][INFO] - fit progress: (5, 11.955988355912268, {'accuracy': 0.9488}, 10.799852464813739)
[2024-06-02 13:20:30,988][flwr][DEBUG] - evaluate_round 5: strategy sampled 1 clients (out of 50)
[2024-06-02 13:20:31,147][flwr][DEBUG] - evaluate_round 5 received 1 results and 0 failures
[2024-06-02 13:20:31,147][flwr][DEBUG] - fit_round 6: strategy sampled 10 clients (out of 50)
[2024-06-02 13:20:31,904][flwr][DEBUG] - fit_round 6 received 10 results and 0 failures
[2024-06-02 13:20:32,448][flwr][INFO] - fit progress: (6, 26.007511287927628, {'accuracy': 0.8749}, 12.260674860794097)
[2024-06-02 13:20:32,448][flwr][DEBUG] - evaluate_round 6: strategy sampled 1 clients (out of 50)
[2024-06-02 13:20:32,664][flwr][DEBUG] - evaluate_round 6 received 1 results and 0 failures
[2024-06-02 13:20:32,664][flwr][DEBUG] - fit_round 7: strategy sampled 10 clients (out of 50)
[2024-06-02 13:20:33,384][flwr][DEBUG] - fit_round 7 received 10 results and 0 failures
[2024-06-02 13:20:33,930][flwr][INFO] - fit progress: (7, 10.330482847057283, {'accuracy': 0.9578}, 13.742006974760443)
[2024-06-02 13:20:33,930][flwr][DEBUG] - evaluate_round 7: strategy sampled 1 clients (out of 50)
[2024-06-02 13:20:34,152][flwr][DEBUG] - evaluate_round 7 received 1 results and 0 failures
[2024-06-02 13:20:34,152][flwr][DEBUG] - fit_round 8: strategy sampled 10 clients (out of 50)
[2024-06-02 13:20:34,903][flwr][DEBUG] - fit_round 8 received 10 results and 0 failures
[2024-06-02 13:20:35,450][flwr][INFO] - fit progress: (8, 21.633145667612553, {'accuracy': 0.9291}, 15.262180674821138)
[2024-06-02 13:20:35,450][flwr][DEBUG] - evaluate_round 8: strategy sampled 1 clients (out of 50)
[2024-06-02 13:20:35,615][flwr][DEBUG] - evaluate_round 8 received 1 results and 0 failures
[2024-06-02 13:20:35,615][flwr][DEBUG] - fit_round 9: strategy sampled 10 clients (out of 50)
[2024-06-02 13:20:36,381][flwr][DEBUG] - fit_round 9 received 10 results and 0 failures
[2024-06-02 13:20:36,934][flwr][INFO] - fit progress: (9, 7.617502050474286, {'accuracy': 0.9673}, 16.746156160719693)
[2024-06-02 13:20:36,934][flwr][DEBUG] - evaluate_round 9: strategy sampled 1 clients (out of 50)
[2024-06-02 13:20:37,151][flwr][DEBUG] - evaluate_round 9 received 1 results and 0 failures
[2024-06-02 13:20:37,151][flwr][DEBUG] - fit_round 10: strategy sampled 10 clients (out of 50)
[2024-06-02 13:20:37,891][flwr][DEBUG] - fit_round 10 received 10 results and 0 failures
[2024-06-02 13:20:38,446][flwr][INFO] - fit progress: (10, 6.8090883563272655, {'accuracy': 0.9727}, 18.258015962783247)
[2024-06-02 13:20:38,446][flwr][DEBUG] - evaluate_round 10: strategy sampled 1 clients (out of 50)
[2024-06-02 13:20:38,616][flwr][DEBUG] - evaluate_round 10 received 1 results and 0 failures
[2024-06-02 13:20:38,616][flwr][DEBUG] - fit_round 11: strategy sampled 10 clients (out of 50)
[2024-06-02 13:20:39,418][flwr][DEBUG] - fit_round 11 received 10 results and 0 failures
[2024-06-02 13:20:39,973][flwr][INFO] - fit progress: (11, 21.81308276951313, {'accuracy': 0.9301}, 19.785003950819373)
[2024-06-02 13:20:39,973][flwr][DEBUG] - evaluate_round 11: strategy sampled 1 clients (out of 50)
[2024-06-02 13:20:40,137][flwr][DEBUG] - evaluate_round 11 received 1 results and 0 failures
[2024-06-02 13:20:40,137][flwr][DEBUG] - fit_round 12: strategy sampled 10 clients (out of 50)
[2024-06-02 13:20:40,899][flwr][DEBUG] - fit_round 12 received 10 results and 0 failures
[2024-06-02 13:20:41,465][flwr][INFO] - fit progress: (12, 14.919144798070192, {'accuracy': 0.9603}, 21.277885724790394)
[2024-06-02 13:20:41,466][flwr][DEBUG] - evaluate_round 12: strategy sampled 1 clients (out of 50)
[2024-06-02 13:20:41,641][flwr][DEBUG] - evaluate_round 12 received 1 results and 0 failures
[2024-06-02 13:20:41,641][flwr][DEBUG] - fit_round 13: strategy sampled 10 clients (out of 50)
[2024-06-02 13:20:42,402][flwr][DEBUG] - fit_round 13 received 10 results and 0 failures
[2024-06-02 13:20:42,956][flwr][INFO] - fit progress: (13, 13.127335667610168, {'accuracy': 0.9474}, 22.768256410956383)
[2024-06-02 13:20:42,956][flwr][DEBUG] - evaluate_round 13: strategy sampled 1 clients (out of 50)
[2024-06-02 13:20:43,149][flwr][DEBUG] - evaluate_round 13 received 1 results and 0 failures
[2024-06-02 13:20:43,149][flwr][DEBUG] - fit_round 14: strategy sampled 10 clients (out of 50)
[2024-06-02 13:20:43,933][flwr][DEBUG] - fit_round 14 received 10 results and 0 failures
[2024-06-02 13:20:44,486][flwr][INFO] - fit progress: (14, 8.808087032753974, {'accuracy': 0.9686}, 24.29821376595646)
[2024-06-02 13:20:44,486][flwr][DEBUG] - evaluate_round 14: strategy sampled 1 clients (out of 50)
[2024-06-02 13:20:44,651][flwr][DEBUG] - evaluate_round 14 received 1 results and 0 failures
[2024-06-02 13:20:44,652][flwr][DEBUG] - fit_round 15: strategy sampled 10 clients (out of 50)
[2024-06-02 13:20:45,428][flwr][DEBUG] - fit_round 15 received 10 results and 0 failures
[2024-06-02 13:20:45,981][flwr][INFO] - fit progress: (15, 11.528369389474392, {'accuracy': 0.9579}, 25.793747644871473)
[2024-06-02 13:20:45,981][flwr][DEBUG] - evaluate_round 15: strategy sampled 1 clients (out of 50)
[2024-06-02 13:20:46,148][flwr][DEBUG] - evaluate_round 15 received 1 results and 0 failures
[2024-06-02 13:20:46,148][flwr][DEBUG] - fit_round 16: strategy sampled 10 clients (out of 50)
[2024-06-02 13:20:46,930][flwr][DEBUG] - fit_round 16 received 10 results and 0 failures
[2024-06-02 13:20:47,487][flwr][INFO] - fit progress: (16, 41.747494250535965, {'accuracy': 0.8086}, 27.299908390734345)
[2024-06-02 13:20:47,488][flwr][DEBUG] - evaluate_round 16: strategy sampled 1 clients (out of 50)
[2024-06-02 13:20:47,634][flwr][DEBUG] - evaluate_round 16 received 1 results and 0 failures
[2024-06-02 13:20:47,634][flwr][DEBUG] - fit_round 17: strategy sampled 10 clients (out of 50)
[2024-06-02 13:20:48,429][flwr][DEBUG] - fit_round 17 received 10 results and 0 failures
[2024-06-02 13:20:48,980][flwr][INFO] - fit progress: (17, 6.09399805450812, {'accuracy': 0.9736}, 28.79213847592473)
[2024-06-02 13:20:48,980][flwr][DEBUG] - evaluate_round 17: strategy sampled 1 clients (out of 50)
[2024-06-02 13:20:49,134][flwr][DEBUG] - evaluate_round 17 received 1 results and 0 failures
[2024-06-02 13:20:49,134][flwr][DEBUG] - fit_round 18: strategy sampled 10 clients (out of 50)
[2024-06-02 13:20:49,937][flwr][DEBUG] - fit_round 18 received 10 results and 0 failures
[2024-06-02 13:20:50,901][flwr][INFO] - fit progress: (18, 5.75772366754245, {'accuracy': 0.9726}, 30.713383509777486)
[2024-06-02 13:20:50,901][flwr][DEBUG] - evaluate_round 18: strategy sampled 1 clients (out of 50)
[2024-06-02 13:20:51,068][flwr][DEBUG] - evaluate_round 18 received 1 results and 0 failures
[2024-06-02 13:20:51,068][flwr][DEBUG] - fit_round 19: strategy sampled 10 clients (out of 50)
[2024-06-02 13:20:51,871][flwr][DEBUG] - fit_round 19 received 10 results and 0 failures
[2024-06-02 13:20:52,429][flwr][INFO] - fit progress: (19, 4.454061751544941, {'accuracy': 0.9821}, 32.24101635767147)
[2024-06-02 13:20:52,429][flwr][DEBUG] - evaluate_round 19: strategy sampled 1 clients (out of 50)
[2024-06-02 13:20:52,586][flwr][DEBUG] - evaluate_round 19 received 1 results and 0 failures
[2024-06-02 13:20:52,587][flwr][DEBUG] - fit_round 20: strategy sampled 10 clients (out of 50)
[2024-06-02 13:20:53,398][flwr][DEBUG] - fit_round 20 received 10 results and 0 failures
[2024-06-02 13:20:54,365][flwr][INFO] - fit progress: (20, 4.256528134690598, {'accuracy': 0.9823}, 34.17723654862493)
[2024-06-02 13:20:54,365][flwr][DEBUG] - evaluate_round 20: strategy sampled 1 clients (out of 50)
[2024-06-02 13:20:54,529][flwr][DEBUG] - evaluate_round 20 received 1 results and 0 failures
[2024-06-02 13:20:54,529][flwr][DEBUG] - fit_round 21: strategy sampled 10 clients (out of 50)
[2024-06-02 13:20:55,289][flwr][DEBUG] - fit_round 21 received 10 results and 0 failures
[2024-06-02 13:20:56,255][flwr][INFO] - fit progress: (21, 4.791034445632249, {'accuracy': 0.9841}, 36.06696248194203)
[2024-06-02 13:20:56,255][flwr][DEBUG] - evaluate_round 21: strategy sampled 1 clients (out of 50)
[2024-06-02 13:20:56,430][flwr][DEBUG] - evaluate_round 21 received 1 results and 0 failures
[2024-06-02 13:20:56,430][flwr][DEBUG] - fit_round 22: strategy sampled 10 clients (out of 50)
[2024-06-02 13:20:57,213][flwr][DEBUG] - fit_round 22 received 10 results and 0 failures
[2024-06-02 13:20:57,768][flwr][INFO] - fit progress: (22, 5.073286015540361, {'accuracy': 0.9825}, 37.579926882870495)
[2024-06-02 13:20:57,768][flwr][DEBUG] - evaluate_round 22: strategy sampled 1 clients (out of 50)
[2024-06-02 13:20:57,942][flwr][DEBUG] - evaluate_round 22 received 1 results and 0 failures
[2024-06-02 13:20:57,942][flwr][DEBUG] - fit_round 23: strategy sampled 10 clients (out of 50)
[2024-06-02 13:20:58,726][flwr][DEBUG] - fit_round 23 received 10 results and 0 failures
[2024-06-02 13:20:59,287][flwr][INFO] - fit progress: (23, 6.664530096575618, {'accuracy': 0.9728}, 39.09943965775892)
[2024-06-02 13:20:59,287][flwr][DEBUG] - evaluate_round 23: strategy sampled 1 clients (out of 50)
[2024-06-02 13:20:59,462][flwr][DEBUG] - evaluate_round 23 received 1 results and 0 failures
[2024-06-02 13:20:59,463][flwr][DEBUG] - fit_round 24: strategy sampled 10 clients (out of 50)
[2024-06-02 13:21:00,251][flwr][DEBUG] - fit_round 24 received 10 results and 0 failures
[2024-06-02 13:21:00,804][flwr][INFO] - fit progress: (24, 4.551602534018457, {'accuracy': 0.9837}, 40.616274878848344)
[2024-06-02 13:21:00,804][flwr][DEBUG] - evaluate_round 24: strategy sampled 1 clients (out of 50)
[2024-06-02 13:21:00,940][flwr][DEBUG] - evaluate_round 24 received 1 results and 0 failures
[2024-06-02 13:21:00,940][flwr][DEBUG] - fit_round 25: strategy sampled 10 clients (out of 50)
[2024-06-02 13:21:01,732][flwr][DEBUG] - fit_round 25 received 10 results and 0 failures
[2024-06-02 13:21:02,284][flwr][INFO] - fit progress: (25, 4.029659127292689, {'accuracy': 0.9821}, 42.09640820464119)
[2024-06-02 13:21:02,284][flwr][DEBUG] - evaluate_round 25: strategy sampled 1 clients (out of 50)
[2024-06-02 13:21:02,456][flwr][DEBUG] - evaluate_round 25 received 1 results and 0 failures
[2024-06-02 13:21:02,456][flwr][DEBUG] - fit_round 26: strategy sampled 10 clients (out of 50)
[2024-06-02 13:21:03,221][flwr][DEBUG] - fit_round 26 received 10 results and 0 failures
[2024-06-02 13:21:03,775][flwr][INFO] - fit progress: (26, 3.512577759596752, {'accuracy': 0.9849}, 43.58770142076537)
[2024-06-02 13:21:03,775][flwr][DEBUG] - evaluate_round 26: strategy sampled 1 clients (out of 50)
[2024-06-02 13:21:03,947][flwr][DEBUG] - evaluate_round 26 received 1 results and 0 failures
[2024-06-02 13:21:03,948][flwr][DEBUG] - fit_round 27: strategy sampled 10 clients (out of 50)
[2024-06-02 13:21:04,779][flwr][DEBUG] - fit_round 27 received 10 results and 0 failures
[2024-06-02 13:21:05,333][flwr][INFO] - fit progress: (27, 3.24030462175142, {'accuracy': 0.9857}, 45.14540346385911)
[2024-06-02 13:21:05,333][flwr][DEBUG] - evaluate_round 27: strategy sampled 1 clients (out of 50)
[2024-06-02 13:21:05,503][flwr][DEBUG] - evaluate_round 27 received 1 results and 0 failures
[2024-06-02 13:21:05,503][flwr][DEBUG] - fit_round 28: strategy sampled 10 clients (out of 50)
[2024-06-02 13:21:06,279][flwr][DEBUG] - fit_round 28 received 10 results and 0 failures
[2024-06-02 13:21:06,950][flwr][INFO] - fit progress: (28, 4.260418075078633, {'accuracy': 0.9812}, 46.76238464191556)
[2024-06-02 13:21:06,950][flwr][DEBUG] - evaluate_round 28: strategy sampled 1 clients (out of 50)
[2024-06-02 13:21:07,128][flwr][DEBUG] - evaluate_round 28 received 1 results and 0 failures
[2024-06-02 13:21:07,128][flwr][DEBUG] - fit_round 29: strategy sampled 10 clients (out of 50)
[2024-06-02 13:21:07,913][flwr][DEBUG] - fit_round 29 received 10 results and 0 failures
[2024-06-02 13:21:08,467][flwr][INFO] - fit progress: (29, 7.300130808725953, {'accuracy': 0.9799}, 48.27944579580799)
[2024-06-02 13:21:08,467][flwr][DEBUG] - evaluate_round 29: strategy sampled 1 clients (out of 50)
[2024-06-02 13:21:08,611][flwr][DEBUG] - evaluate_round 29 received 1 results and 0 failures
[2024-06-02 13:21:08,611][flwr][DEBUG] - fit_round 30: strategy sampled 10 clients (out of 50)
[2024-06-02 13:21:09,335][flwr][DEBUG] - fit_round 30 received 10 results and 0 failures
[2024-06-02 13:21:09,885][flwr][INFO] - fit progress: (30, 3.788988180924207, {'accuracy': 0.9828}, 49.6977394358255)
[2024-06-02 13:21:09,885][flwr][DEBUG] - evaluate_round 30: strategy sampled 1 clients (out of 50)
[2024-06-02 13:21:10,048][flwr][DEBUG] - evaluate_round 30 received 1 results and 0 failures
[2024-06-02 13:21:10,049][flwr][DEBUG] - fit_round 31: strategy sampled 10 clients (out of 50)
[2024-06-02 13:21:10,808][flwr][DEBUG] - fit_round 31 received 10 results and 0 failures
[2024-06-02 13:21:11,363][flwr][INFO] - fit progress: (31, 5.356189602985978, {'accuracy': 0.9807}, 51.17510373983532)
[2024-06-02 13:21:11,363][flwr][DEBUG] - evaluate_round 31: strategy sampled 1 clients (out of 50)
[2024-06-02 13:21:11,536][flwr][DEBUG] - evaluate_round 31 received 1 results and 0 failures
[2024-06-02 13:21:11,536][flwr][DEBUG] - fit_round 32: strategy sampled 10 clients (out of 50)
[2024-06-02 13:21:12,323][flwr][DEBUG] - fit_round 32 received 10 results and 0 failures
[2024-06-02 13:21:12,873][flwr][INFO] - fit progress: (32, 6.567996370606124, {'accuracy': 0.9733}, 52.68511240975931)
[2024-06-02 13:21:12,873][flwr][DEBUG] - evaluate_round 32: strategy sampled 1 clients (out of 50)
[2024-06-02 13:21:13,024][flwr][DEBUG] - evaluate_round 32 received 1 results and 0 failures
[2024-06-02 13:21:13,024][flwr][DEBUG] - fit_round 33: strategy sampled 10 clients (out of 50)
[2024-06-02 13:21:13,770][flwr][DEBUG] - fit_round 33 received 10 results and 0 failures
[2024-06-02 13:21:14,327][flwr][INFO] - fit progress: (33, 4.887804480735213, {'accuracy': 0.9792}, 54.139779574703425)
[2024-06-02 13:21:14,327][flwr][DEBUG] - evaluate_round 33: strategy sampled 1 clients (out of 50)
[2024-06-02 13:21:14,490][flwr][DEBUG] - evaluate_round 33 received 1 results and 0 failures
[2024-06-02 13:21:14,490][flwr][DEBUG] - fit_round 34: strategy sampled 10 clients (out of 50)
[2024-06-02 13:21:15,164][flwr][DEBUG] - fit_round 34 received 10 results and 0 failures
[2024-06-02 13:21:16,135][flwr][INFO] - fit progress: (34, 4.507528301328421, {'accuracy': 0.982}, 55.9475651178509)
[2024-06-02 13:21:16,135][flwr][DEBUG] - evaluate_round 34: strategy sampled 1 clients (out of 50)
[2024-06-02 13:21:16,295][flwr][DEBUG] - evaluate_round 34 received 1 results and 0 failures
[2024-06-02 13:21:16,296][flwr][DEBUG] - fit_round 35: strategy sampled 10 clients (out of 50)
[2024-06-02 13:21:17,051][flwr][DEBUG] - fit_round 35 received 10 results and 0 failures
[2024-06-02 13:21:17,615][flwr][INFO] - fit progress: (35, 8.802230555564165, {'accuracy': 0.9737}, 57.4269533008337)
[2024-06-02 13:21:17,615][flwr][DEBUG] - evaluate_round 35: strategy sampled 1 clients (out of 50)
[2024-06-02 13:21:17,764][flwr][DEBUG] - evaluate_round 35 received 1 results and 0 failures
[2024-06-02 13:21:17,764][flwr][DEBUG] - fit_round 36: strategy sampled 10 clients (out of 50)
[2024-06-02 13:21:18,517][flwr][DEBUG] - fit_round 36 received 10 results and 0 failures
[2024-06-02 13:21:19,075][flwr][INFO] - fit progress: (36, 11.123165810480714, {'accuracy': 0.9661}, 58.88702988764271)
[2024-06-02 13:21:19,075][flwr][DEBUG] - evaluate_round 36: strategy sampled 1 clients (out of 50)
[2024-06-02 13:21:19,219][flwr][DEBUG] - evaluate_round 36 received 1 results and 0 failures
[2024-06-02 13:21:19,220][flwr][DEBUG] - fit_round 37: strategy sampled 10 clients (out of 50)
[2024-06-02 13:21:19,999][flwr][DEBUG] - fit_round 37 received 10 results and 0 failures
[2024-06-02 13:21:20,549][flwr][INFO] - fit progress: (37, 3.4034554462414235, {'accuracy': 0.9858}, 60.361546916887164)
[2024-06-02 13:21:20,549][flwr][DEBUG] - evaluate_round 37: strategy sampled 1 clients (out of 50)
[2024-06-02 13:21:20,726][flwr][DEBUG] - evaluate_round 37 received 1 results and 0 failures
[2024-06-02 13:21:20,726][flwr][DEBUG] - fit_round 38: strategy sampled 10 clients (out of 50)
[2024-06-02 13:21:21,493][flwr][DEBUG] - fit_round 38 received 10 results and 0 failures
[2024-06-02 13:21:22,457][flwr][INFO] - fit progress: (38, 7.35877809394151, {'accuracy': 0.973}, 62.269833215046674)
[2024-06-02 13:21:22,458][flwr][DEBUG] - evaluate_round 38: strategy sampled 1 clients (out of 50)
[2024-06-02 13:21:22,595][flwr][DEBUG] - evaluate_round 38 received 1 results and 0 failures
[2024-06-02 13:21:22,595][flwr][DEBUG] - fit_round 39: strategy sampled 10 clients (out of 50)
[2024-06-02 13:21:23,352][flwr][DEBUG] - fit_round 39 received 10 results and 0 failures
[2024-06-02 13:21:23,902][flwr][INFO] - fit progress: (39, 6.977715907618403, {'accuracy': 0.9753}, 63.714241368696094)
[2024-06-02 13:21:23,902][flwr][DEBUG] - evaluate_round 39: strategy sampled 1 clients (out of 50)
[2024-06-02 13:21:24,073][flwr][DEBUG] - evaluate_round 39 received 1 results and 0 failures
[2024-06-02 13:21:24,074][flwr][DEBUG] - fit_round 40: strategy sampled 10 clients (out of 50)
[2024-06-02 13:21:24,851][flwr][DEBUG] - fit_round 40 received 10 results and 0 failures
[2024-06-02 13:21:25,406][flwr][INFO] - fit progress: (40, 4.657929833512753, {'accuracy': 0.9806}, 65.21867117891088)
[2024-06-02 13:21:25,406][flwr][DEBUG] - evaluate_round 40: strategy sampled 1 clients (out of 50)
[2024-06-02 13:21:25,583][flwr][DEBUG] - evaluate_round 40 received 1 results and 0 failures
[2024-06-02 13:21:25,583][flwr][DEBUG] - fit_round 41: strategy sampled 10 clients (out of 50)
[2024-06-02 13:21:26,375][flwr][DEBUG] - fit_round 41 received 10 results and 0 failures
[2024-06-02 13:21:27,227][flwr][INFO] - fit progress: (41, 4.299910048604943, {'accuracy': 0.9824}, 67.0396160967648)
[2024-06-02 13:21:27,227][flwr][DEBUG] - evaluate_round 41: strategy sampled 1 clients (out of 50)
[2024-06-02 13:21:27,389][flwr][DEBUG] - evaluate_round 41 received 1 results and 0 failures
[2024-06-02 13:21:27,390][flwr][DEBUG] - fit_round 42: strategy sampled 10 clients (out of 50)
[2024-06-02 13:21:28,232][flwr][DEBUG] - fit_round 42 received 10 results and 0 failures
[2024-06-02 13:21:28,781][flwr][INFO] - fit progress: (42, 3.261471418067231, {'accuracy': 0.9859}, 68.59353696880862)
[2024-06-02 13:21:28,781][flwr][DEBUG] - evaluate_round 42: strategy sampled 1 clients (out of 50)
[2024-06-02 13:21:28,918][flwr][DEBUG] - evaluate_round 42 received 1 results and 0 failures
[2024-06-02 13:21:28,918][flwr][DEBUG] - fit_round 43: strategy sampled 10 clients (out of 50)
[2024-06-02 13:21:29,676][flwr][DEBUG] - fit_round 43 received 10 results and 0 failures
[2024-06-02 13:21:30,232][flwr][INFO] - fit progress: (43, 4.1725743535207585, {'accuracy': 0.9829}, 70.04474573582411)
[2024-06-02 13:21:30,232][flwr][DEBUG] - evaluate_round 43: strategy sampled 1 clients (out of 50)
[2024-06-02 13:21:30,410][flwr][DEBUG] - evaluate_round 43 received 1 results and 0 failures
[2024-06-02 13:21:30,410][flwr][DEBUG] - fit_round 44: strategy sampled 10 clients (out of 50)
[2024-06-02 13:21:31,211][flwr][DEBUG] - fit_round 44 received 10 results and 0 failures
[2024-06-02 13:21:31,768][flwr][INFO] - fit progress: (44, 3.117551123999874, {'accuracy': 0.9861}, 71.58044210076332)
[2024-06-02 13:21:31,768][flwr][DEBUG] - evaluate_round 44: strategy sampled 1 clients (out of 50)
[2024-06-02 13:21:31,904][flwr][DEBUG] - evaluate_round 44 received 1 results and 0 failures
[2024-06-02 13:21:31,904][flwr][DEBUG] - fit_round 45: strategy sampled 10 clients (out of 50)
[2024-06-02 13:21:32,674][flwr][DEBUG] - fit_round 45 received 10 results and 0 failures
[2024-06-02 13:21:33,239][flwr][INFO] - fit progress: (45, 3.033450261929829, {'accuracy': 0.9871}, 73.05138499569148)
[2024-06-02 13:21:33,239][flwr][DEBUG] - evaluate_round 45: strategy sampled 1 clients (out of 50)
[2024-06-02 13:21:33,403][flwr][DEBUG] - evaluate_round 45 received 1 results and 0 failures
[2024-06-02 13:21:33,403][flwr][DEBUG] - fit_round 46: strategy sampled 10 clients (out of 50)
[2024-06-02 13:21:34,154][flwr][DEBUG] - fit_round 46 received 10 results and 0 failures
[2024-06-02 13:21:34,717][flwr][INFO] - fit progress: (46, 3.358172110720261, {'accuracy': 0.9869}, 74.5291132167913)
[2024-06-02 13:21:34,717][flwr][DEBUG] - evaluate_round 46: strategy sampled 1 clients (out of 50)
[2024-06-02 13:21:34,900][flwr][DEBUG] - evaluate_round 46 received 1 results and 0 failures
[2024-06-02 13:21:34,900][flwr][DEBUG] - fit_round 47: strategy sampled 10 clients (out of 50)
[2024-06-02 13:21:35,687][flwr][DEBUG] - fit_round 47 received 10 results and 0 failures
[2024-06-02 13:21:36,245][flwr][INFO] - fit progress: (47, 3.8642319682985544, {'accuracy': 0.9843}, 76.05711386399344)
[2024-06-02 13:21:36,245][flwr][DEBUG] - evaluate_round 47: strategy sampled 1 clients (out of 50)
[2024-06-02 13:21:36,416][flwr][DEBUG] - evaluate_round 47 received 1 results and 0 failures
[2024-06-02 13:21:36,417][flwr][DEBUG] - fit_round 48: strategy sampled 10 clients (out of 50)
[2024-06-02 13:21:37,187][flwr][DEBUG] - fit_round 48 received 10 results and 0 failures
[2024-06-02 13:21:38,147][flwr][INFO] - fit progress: (48, 11.060073751956224, {'accuracy': 0.9591}, 77.95977333188057)
[2024-06-02 13:21:38,147][flwr][DEBUG] - evaluate_round 48: strategy sampled 1 clients (out of 50)
[2024-06-02 13:21:38,311][flwr][DEBUG] - evaluate_round 48 received 1 results and 0 failures
[2024-06-02 13:21:38,311][flwr][DEBUG] - fit_round 49: strategy sampled 10 clients (out of 50)
[2024-06-02 13:21:39,032][flwr][DEBUG] - fit_round 49 received 10 results and 0 failures
[2024-06-02 13:21:39,999][flwr][INFO] - fit progress: (49, 4.616100062188707, {'accuracy': 0.9847}, 79.81107329297811)
[2024-06-02 13:21:39,999][flwr][DEBUG] - evaluate_round 49: strategy sampled 1 clients (out of 50)
[2024-06-02 13:21:40,170][flwr][DEBUG] - evaluate_round 49 received 1 results and 0 failures
[2024-06-02 13:21:40,170][flwr][DEBUG] - fit_round 50: strategy sampled 10 clients (out of 50)
[2024-06-02 13:21:40,968][flwr][DEBUG] - fit_round 50 received 10 results and 0 failures
[2024-06-02 13:21:41,522][flwr][INFO] - fit progress: (50, 4.602156383698457, {'accuracy': 0.9837}, 81.33392779296264)
[2024-06-02 13:21:41,522][flwr][DEBUG] - evaluate_round 50: strategy sampled 1 clients (out of 50)
[2024-06-02 13:21:41,689][flwr][DEBUG] - evaluate_round 50 received 1 results and 0 failures
[2024-06-02 13:21:41,689][flwr][DEBUG] - fit_round 51: strategy sampled 10 clients (out of 50)
[2024-06-02 13:21:42,507][flwr][DEBUG] - fit_round 51 received 10 results and 0 failures
[2024-06-02 13:21:43,451][flwr][INFO] - fit progress: (51, 3.7537017737413407, {'accuracy': 0.9859}, 83.26334314700216)
[2024-06-02 13:21:43,451][flwr][DEBUG] - evaluate_round 51: strategy sampled 1 clients (out of 50)
[2024-06-02 13:21:43,612][flwr][DEBUG] - evaluate_round 51 received 1 results and 0 failures
[2024-06-02 13:21:43,612][flwr][DEBUG] - fit_round 52: strategy sampled 10 clients (out of 50)
[2024-06-02 13:21:44,432][flwr][DEBUG] - fit_round 52 received 10 results and 0 failures
[2024-06-02 13:21:44,981][flwr][INFO] - fit progress: (52, 7.346331775188446, {'accuracy': 0.9762}, 84.79386976687238)
[2024-06-02 13:21:44,982][flwr][DEBUG] - evaluate_round 52: strategy sampled 1 clients (out of 50)
[2024-06-02 13:21:45,152][flwr][DEBUG] - evaluate_round 52 received 1 results and 0 failures
[2024-06-02 13:21:45,152][flwr][DEBUG] - fit_round 53: strategy sampled 10 clients (out of 50)
[2024-06-02 13:21:45,985][flwr][DEBUG] - fit_round 53 received 10 results and 0 failures
[2024-06-02 13:21:46,543][flwr][INFO] - fit progress: (53, 35.79869569838047, {'accuracy': 0.8264}, 86.35508815990761)
[2024-06-02 13:21:46,543][flwr][DEBUG] - evaluate_round 53: strategy sampled 1 clients (out of 50)
[2024-06-02 13:21:46,718][flwr][DEBUG] - evaluate_round 53 received 1 results and 0 failures
[2024-06-02 13:21:46,718][flwr][DEBUG] - fit_round 54: strategy sampled 10 clients (out of 50)
[2024-06-02 13:21:47,494][flwr][DEBUG] - fit_round 54 received 10 results and 0 failures
[2024-06-02 13:21:48,051][flwr][INFO] - fit progress: (54, 5.315847767749801, {'accuracy': 0.9791}, 87.86304946895689)
[2024-06-02 13:21:48,051][flwr][DEBUG] - evaluate_round 54: strategy sampled 1 clients (out of 50)
[2024-06-02 13:21:48,226][flwr][DEBUG] - evaluate_round 54 received 1 results and 0 failures
[2024-06-02 13:21:48,227][flwr][DEBUG] - fit_round 55: strategy sampled 10 clients (out of 50)
[2024-06-02 13:21:48,996][flwr][DEBUG] - fit_round 55 received 10 results and 0 failures
[2024-06-02 13:21:49,547][flwr][INFO] - fit progress: (55, 4.288753668810386, {'accuracy': 0.9855}, 89.359817545861)
[2024-06-02 13:21:49,548][flwr][DEBUG] - evaluate_round 55: strategy sampled 1 clients (out of 50)
[2024-06-02 13:21:49,727][flwr][DEBUG] - evaluate_round 55 received 1 results and 0 failures
[2024-06-02 13:21:49,727][flwr][DEBUG] - fit_round 56: strategy sampled 10 clients (out of 50)
[2024-06-02 13:21:50,495][flwr][DEBUG] - fit_round 56 received 10 results and 0 failures
[2024-06-02 13:21:51,052][flwr][INFO] - fit progress: (56, 3.544919384403329, {'accuracy': 0.9859}, 90.86404666304588)
[2024-06-02 13:21:51,052][flwr][DEBUG] - evaluate_round 56: strategy sampled 1 clients (out of 50)
[2024-06-02 13:21:51,230][flwr][DEBUG] - evaluate_round 56 received 1 results and 0 failures
[2024-06-02 13:21:51,230][flwr][DEBUG] - fit_round 57: strategy sampled 10 clients (out of 50)
[2024-06-02 13:21:51,970][flwr][DEBUG] - fit_round 57 received 10 results and 0 failures
[2024-06-02 13:21:52,524][flwr][INFO] - fit progress: (57, 3.750883552911546, {'accuracy': 0.9874}, 92.33683931594715)
[2024-06-02 13:21:52,525][flwr][DEBUG] - evaluate_round 57: strategy sampled 1 clients (out of 50)
[2024-06-02 13:21:52,693][flwr][DEBUG] - evaluate_round 57 received 1 results and 0 failures
[2024-06-02 13:21:52,693][flwr][DEBUG] - fit_round 58: strategy sampled 10 clients (out of 50)
[2024-06-02 13:21:53,474][flwr][DEBUG] - fit_round 58 received 10 results and 0 failures
[2024-06-02 13:21:54,026][flwr][INFO] - fit progress: (58, 3.042932462238241, {'accuracy': 0.9869}, 93.83866527071223)
[2024-06-02 13:21:54,026][flwr][DEBUG] - evaluate_round 58: strategy sampled 1 clients (out of 50)
[2024-06-02 13:21:54,178][flwr][DEBUG] - evaluate_round 58 received 1 results and 0 failures
[2024-06-02 13:21:54,179][flwr][DEBUG] - fit_round 59: strategy sampled 10 clients (out of 50)
[2024-06-02 13:21:54,970][flwr][DEBUG] - fit_round 59 received 10 results and 0 failures
[2024-06-02 13:21:55,528][flwr][INFO] - fit progress: (59, 3.3926760465838015, {'accuracy': 0.9858}, 95.34023361699656)
[2024-06-02 13:21:55,528][flwr][DEBUG] - evaluate_round 59: strategy sampled 1 clients (out of 50)
[2024-06-02 13:21:55,693][flwr][DEBUG] - evaluate_round 59 received 1 results and 0 failures
[2024-06-02 13:21:55,693][flwr][DEBUG] - fit_round 60: strategy sampled 10 clients (out of 50)
[2024-06-02 13:21:56,486][flwr][DEBUG] - fit_round 60 received 10 results and 0 failures
[2024-06-02 13:21:57,053][flwr][INFO] - fit progress: (60, 5.65917425788939, {'accuracy': 0.9792}, 96.86573821259663)
[2024-06-02 13:21:57,053][flwr][DEBUG] - evaluate_round 60: strategy sampled 1 clients (out of 50)
[2024-06-02 13:21:57,223][flwr][DEBUG] - evaluate_round 60 received 1 results and 0 failures
[2024-06-02 13:21:57,223][flwr][DEBUG] - fit_round 61: strategy sampled 10 clients (out of 50)
[2024-06-02 13:21:57,996][flwr][DEBUG] - fit_round 61 received 10 results and 0 failures
[2024-06-02 13:21:58,554][flwr][INFO] - fit progress: (61, 3.696483631711203, {'accuracy': 0.9887}, 98.36677477881312)
[2024-06-02 13:21:58,554][flwr][DEBUG] - evaluate_round 61: strategy sampled 1 clients (out of 50)
[2024-06-02 13:21:58,725][flwr][DEBUG] - evaluate_round 61 received 1 results and 0 failures
[2024-06-02 13:21:58,725][flwr][DEBUG] - fit_round 62: strategy sampled 10 clients (out of 50)
[2024-06-02 13:21:59,535][flwr][DEBUG] - fit_round 62 received 10 results and 0 failures
[2024-06-02 13:22:00,490][flwr][INFO] - fit progress: (62, 9.647537657991052, {'accuracy': 0.9684}, 100.302833548747)
[2024-06-02 13:22:00,491][flwr][DEBUG] - evaluate_round 62: strategy sampled 1 clients (out of 50)
[2024-06-02 13:22:00,662][flwr][DEBUG] - evaluate_round 62 received 1 results and 0 failures
[2024-06-02 13:22:00,662][flwr][DEBUG] - fit_round 63: strategy sampled 10 clients (out of 50)
[2024-06-02 13:22:01,384][flwr][DEBUG] - fit_round 63 received 10 results and 0 failures
[2024-06-02 13:22:01,939][flwr][INFO] - fit progress: (63, 3.302943916292861, {'accuracy': 0.9868}, 101.7516674217768)
[2024-06-02 13:22:01,939][flwr][DEBUG] - evaluate_round 63: strategy sampled 1 clients (out of 50)
[2024-06-02 13:22:02,076][flwr][DEBUG] - evaluate_round 63 received 1 results and 0 failures
[2024-06-02 13:22:02,076][flwr][DEBUG] - fit_round 64: strategy sampled 10 clients (out of 50)
[2024-06-02 13:22:02,814][flwr][DEBUG] - fit_round 64 received 10 results and 0 failures
[2024-06-02 13:22:03,373][flwr][INFO] - fit progress: (64, 3.5327125827316195, {'accuracy': 0.9856}, 103.18522809771821)
[2024-06-02 13:22:03,373][flwr][DEBUG] - evaluate_round 64: strategy sampled 1 clients (out of 50)
[2024-06-02 13:22:03,555][flwr][DEBUG] - evaluate_round 64 received 1 results and 0 failures
[2024-06-02 13:22:03,555][flwr][DEBUG] - fit_round 65: strategy sampled 10 clients (out of 50)
[2024-06-02 13:22:04,343][flwr][DEBUG] - fit_round 65 received 10 results and 0 failures
[2024-06-02 13:22:04,897][flwr][INFO] - fit progress: (65, 7.57834243401885, {'accuracy': 0.967}, 104.70919471001253)
[2024-06-02 13:22:04,897][flwr][DEBUG] - evaluate_round 65: strategy sampled 1 clients (out of 50)
[2024-06-02 13:22:05,075][flwr][DEBUG] - evaluate_round 65 received 1 results and 0 failures
[2024-06-02 13:22:05,075][flwr][DEBUG] - fit_round 66: strategy sampled 10 clients (out of 50)
[2024-06-02 13:22:05,838][flwr][DEBUG] - fit_round 66 received 10 results and 0 failures
[2024-06-02 13:22:06,397][flwr][INFO] - fit progress: (66, 3.334337155916728, {'accuracy': 0.9868}, 106.2094617630355)
[2024-06-02 13:22:06,397][flwr][DEBUG] - evaluate_round 66: strategy sampled 1 clients (out of 50)
[2024-06-02 13:22:06,547][flwr][DEBUG] - evaluate_round 66 received 1 results and 0 failures
[2024-06-02 13:22:06,548][flwr][DEBUG] - fit_round 67: strategy sampled 10 clients (out of 50)
[2024-06-02 13:22:07,273][flwr][DEBUG] - fit_round 67 received 10 results and 0 failures
[2024-06-02 13:22:07,824][flwr][INFO] - fit progress: (67, 4.000918707308301, {'accuracy': 0.987}, 107.63672276679426)
[2024-06-02 13:22:07,824][flwr][DEBUG] - evaluate_round 67: strategy sampled 1 clients (out of 50)
[2024-06-02 13:22:07,954][flwr][DEBUG] - evaluate_round 67 received 1 results and 0 failures
[2024-06-02 13:22:07,954][flwr][DEBUG] - fit_round 68: strategy sampled 10 clients (out of 50)
[2024-06-02 13:22:08,739][flwr][DEBUG] - fit_round 68 received 10 results and 0 failures
[2024-06-02 13:22:09,288][flwr][INFO] - fit progress: (68, 3.6361641657422297, {'accuracy': 0.9858}, 109.10088427690789)
[2024-06-02 13:22:09,289][flwr][DEBUG] - evaluate_round 68: strategy sampled 1 clients (out of 50)
[2024-06-02 13:22:09,462][flwr][DEBUG] - evaluate_round 68 received 1 results and 0 failures
[2024-06-02 13:22:09,462][flwr][DEBUG] - fit_round 69: strategy sampled 10 clients (out of 50)
[2024-06-02 13:22:10,267][flwr][DEBUG] - fit_round 69 received 10 results and 0 failures
[2024-06-02 13:22:10,824][flwr][INFO] - fit progress: (69, 63.222551345825195, {'accuracy': 0.6395}, 110.63623920502141)
[2024-06-02 13:22:10,824][flwr][DEBUG] - evaluate_round 69: strategy sampled 1 clients (out of 50)
[2024-06-02 13:22:10,959][flwr][DEBUG] - evaluate_round 69 received 1 results and 0 failures
[2024-06-02 13:22:10,959][flwr][DEBUG] - fit_round 70: strategy sampled 10 clients (out of 50)
[2024-06-02 13:22:11,732][flwr][DEBUG] - fit_round 70 received 10 results and 0 failures
[2024-06-02 13:22:12,283][flwr][INFO] - fit progress: (70, 3.5242920137752662, {'accuracy': 0.9873}, 112.09587816474959)
[2024-06-02 13:22:12,284][flwr][DEBUG] - evaluate_round 70: strategy sampled 1 clients (out of 50)
[2024-06-02 13:22:12,453][flwr][DEBUG] - evaluate_round 70 received 1 results and 0 failures
[2024-06-02 13:22:12,453][flwr][DEBUG] - fit_round 71: strategy sampled 10 clients (out of 50)
[2024-06-02 13:22:13,259][flwr][DEBUG] - fit_round 71 received 10 results and 0 failures
[2024-06-02 13:22:13,808][flwr][INFO] - fit progress: (71, 3.5944518451578915, {'accuracy': 0.986}, 113.62040820764378)
[2024-06-02 13:22:13,808][flwr][DEBUG] - evaluate_round 71: strategy sampled 1 clients (out of 50)
[2024-06-02 13:22:13,995][flwr][DEBUG] - evaluate_round 71 received 1 results and 0 failures
[2024-06-02 13:22:13,995][flwr][DEBUG] - fit_round 72: strategy sampled 10 clients (out of 50)
[2024-06-02 13:22:14,712][flwr][DEBUG] - fit_round 72 received 10 results and 0 failures
[2024-06-02 13:22:15,273][flwr][INFO] - fit progress: (72, 3.4754550255895538, {'accuracy': 0.9889}, 115.08580427989364)
[2024-06-02 13:22:15,274][flwr][DEBUG] - evaluate_round 72: strategy sampled 1 clients (out of 50)
[2024-06-02 13:22:15,448][flwr][DEBUG] - evaluate_round 72 received 1 results and 0 failures
[2024-06-02 13:22:15,448][flwr][DEBUG] - fit_round 73: strategy sampled 10 clients (out of 50)
[2024-06-02 13:22:16,194][flwr][DEBUG] - fit_round 73 received 10 results and 0 failures
[2024-06-02 13:22:16,746][flwr][INFO] - fit progress: (73, 4.262662493606513, {'accuracy': 0.9862}, 116.55820116400719)
[2024-06-02 13:22:16,746][flwr][DEBUG] - evaluate_round 73: strategy sampled 1 clients (out of 50)
[2024-06-02 13:22:16,904][flwr][DEBUG] - evaluate_round 73 received 1 results and 0 failures
[2024-06-02 13:22:16,904][flwr][DEBUG] - fit_round 74: strategy sampled 10 clients (out of 50)
[2024-06-02 13:22:17,698][flwr][DEBUG] - fit_round 74 received 10 results and 0 failures
[2024-06-02 13:22:18,253][flwr][INFO] - fit progress: (74, 4.671069997653831, {'accuracy': 0.9805}, 118.06491617579013)
[2024-06-02 13:22:18,253][flwr][DEBUG] - evaluate_round 74: strategy sampled 1 clients (out of 50)
[2024-06-02 13:22:18,423][flwr][DEBUG] - evaluate_round 74 received 1 results and 0 failures
[2024-06-02 13:22:18,423][flwr][DEBUG] - fit_round 75: strategy sampled 10 clients (out of 50)
[2024-06-02 13:22:19,275][flwr][DEBUG] - fit_round 75 received 10 results and 0 failures
[2024-06-02 13:22:19,837][flwr][INFO] - fit progress: (75, 3.298730546986917, {'accuracy': 0.9856}, 119.64965248201042)
[2024-06-02 13:22:19,837][flwr][DEBUG] - evaluate_round 75: strategy sampled 1 clients (out of 50)
[2024-06-02 13:22:19,990][flwr][DEBUG] - evaluate_round 75 received 1 results and 0 failures
[2024-06-02 13:22:19,991][flwr][DEBUG] - fit_round 76: strategy sampled 10 clients (out of 50)
[2024-06-02 13:22:20,765][flwr][DEBUG] - fit_round 76 received 10 results and 0 failures
[2024-06-02 13:22:21,730][flwr][INFO] - fit progress: (76, 4.609812618579667, {'accuracy': 0.9866}, 121.5419737836346)
[2024-06-02 13:22:21,730][flwr][DEBUG] - evaluate_round 76: strategy sampled 1 clients (out of 50)
[2024-06-02 13:22:21,894][flwr][DEBUG] - evaluate_round 76 received 1 results and 0 failures
[2024-06-02 13:22:21,894][flwr][DEBUG] - fit_round 77: strategy sampled 10 clients (out of 50)
[2024-06-02 13:22:22,640][flwr][DEBUG] - fit_round 77 received 10 results and 0 failures
[2024-06-02 13:22:23,218][flwr][INFO] - fit progress: (77, 3.3779168151086196, {'accuracy': 0.9874}, 123.03066885471344)
[2024-06-02 13:22:23,218][flwr][DEBUG] - evaluate_round 77: strategy sampled 1 clients (out of 50)
[2024-06-02 13:22:23,385][flwr][DEBUG] - evaluate_round 77 received 1 results and 0 failures
[2024-06-02 13:22:23,386][flwr][DEBUG] - fit_round 78: strategy sampled 10 clients (out of 50)
[2024-06-02 13:22:24,218][flwr][DEBUG] - fit_round 78 received 10 results and 0 failures
[2024-06-02 13:22:25,180][flwr][INFO] - fit progress: (78, 3.319287493824959, {'accuracy': 0.9876}, 124.99285869160667)
[2024-06-02 13:22:25,181][flwr][DEBUG] - evaluate_round 78: strategy sampled 1 clients (out of 50)
[2024-06-02 13:22:25,363][flwr][DEBUG] - evaluate_round 78 received 1 results and 0 failures
[2024-06-02 13:22:25,363][flwr][DEBUG] - fit_round 79: strategy sampled 10 clients (out of 50)
[2024-06-02 13:22:26,106][flwr][DEBUG] - fit_round 79 received 10 results and 0 failures
[2024-06-02 13:22:26,655][flwr][INFO] - fit progress: (79, 5.999236848205328, {'accuracy': 0.9778}, 126.46763454563916)
[2024-06-02 13:22:26,655][flwr][DEBUG] - evaluate_round 79: strategy sampled 1 clients (out of 50)
[2024-06-02 13:22:26,817][flwr][DEBUG] - evaluate_round 79 received 1 results and 0 failures
[2024-06-02 13:22:26,818][flwr][DEBUG] - fit_round 80: strategy sampled 10 clients (out of 50)
[2024-06-02 13:22:27,624][flwr][DEBUG] - fit_round 80 received 10 results and 0 failures
[2024-06-02 13:22:28,180][flwr][INFO] - fit progress: (80, 10.54316908866167, {'accuracy': 0.9579}, 127.9923876170069)
[2024-06-02 13:22:28,180][flwr][DEBUG] - evaluate_round 80: strategy sampled 1 clients (out of 50)
[2024-06-02 13:22:28,337][flwr][DEBUG] - evaluate_round 80 received 1 results and 0 failures
[2024-06-02 13:22:28,337][flwr][DEBUG] - fit_round 81: strategy sampled 10 clients (out of 50)
[2024-06-02 13:22:29,108][flwr][DEBUG] - fit_round 81 received 10 results and 0 failures
[2024-06-02 13:22:29,665][flwr][INFO] - fit progress: (81, 4.023227316793054, {'accuracy': 0.9841}, 129.47726237075403)
[2024-06-02 13:22:29,665][flwr][DEBUG] - evaluate_round 81: strategy sampled 1 clients (out of 50)
[2024-06-02 13:22:29,835][flwr][DEBUG] - evaluate_round 81 received 1 results and 0 failures
[2024-06-02 13:22:29,835][flwr][DEBUG] - fit_round 82: strategy sampled 10 clients (out of 50)
[2024-06-02 13:22:30,564][flwr][DEBUG] - fit_round 82 received 10 results and 0 failures
[2024-06-02 13:22:31,127][flwr][INFO] - fit progress: (82, 9.38939355313778, {'accuracy': 0.9615}, 130.93976224865764)
[2024-06-02 13:22:31,127][flwr][DEBUG] - evaluate_round 82: strategy sampled 1 clients (out of 50)
[2024-06-02 13:22:31,292][flwr][DEBUG] - evaluate_round 82 received 1 results and 0 failures
[2024-06-02 13:22:31,292][flwr][DEBUG] - fit_round 83: strategy sampled 10 clients (out of 50)
[2024-06-02 13:22:32,085][flwr][DEBUG] - fit_round 83 received 10 results and 0 failures
[2024-06-02 13:22:32,634][flwr][INFO] - fit progress: (83, 5.2464286312902, {'accuracy': 0.9852}, 132.44666142994538)
[2024-06-02 13:22:32,634][flwr][DEBUG] - evaluate_round 83: strategy sampled 1 clients (out of 50)
[2024-06-02 13:22:32,784][flwr][DEBUG] - evaluate_round 83 received 1 results and 0 failures
[2024-06-02 13:22:32,784][flwr][DEBUG] - fit_round 84: strategy sampled 10 clients (out of 50)
[2024-06-02 13:22:33,527][flwr][DEBUG] - fit_round 84 received 10 results and 0 failures
[2024-06-02 13:22:34,076][flwr][INFO] - fit progress: (84, 3.060529505717568, {'accuracy': 0.9884}, 133.88883788790554)
[2024-06-02 13:22:34,077][flwr][DEBUG] - evaluate_round 84: strategy sampled 1 clients (out of 50)
[2024-06-02 13:22:34,237][flwr][DEBUG] - evaluate_round 84 received 1 results and 0 failures
[2024-06-02 13:22:34,237][flwr][DEBUG] - fit_round 85: strategy sampled 10 clients (out of 50)
[2024-06-02 13:22:35,023][flwr][DEBUG] - fit_round 85 received 10 results and 0 failures
[2024-06-02 13:22:35,577][flwr][INFO] - fit progress: (85, 3.44721743652417, {'accuracy': 0.9888}, 135.38892398402095)
[2024-06-02 13:22:35,577][flwr][DEBUG] - evaluate_round 85: strategy sampled 1 clients (out of 50)
[2024-06-02 13:22:35,743][flwr][DEBUG] - evaluate_round 85 received 1 results and 0 failures
[2024-06-02 13:22:35,744][flwr][DEBUG] - fit_round 86: strategy sampled 10 clients (out of 50)
[2024-06-02 13:22:36,546][flwr][DEBUG] - fit_round 86 received 10 results and 0 failures
[2024-06-02 13:22:37,095][flwr][INFO] - fit progress: (86, 3.2163862156539835, {'accuracy': 0.9894}, 136.90715353703126)
[2024-06-02 13:22:37,095][flwr][DEBUG] - evaluate_round 86: strategy sampled 1 clients (out of 50)
[2024-06-02 13:22:37,263][flwr][DEBUG] - evaluate_round 86 received 1 results and 0 failures
[2024-06-02 13:22:37,263][flwr][DEBUG] - fit_round 87: strategy sampled 10 clients (out of 50)
[2024-06-02 13:22:38,021][flwr][DEBUG] - fit_round 87 received 10 results and 0 failures
[2024-06-02 13:22:38,575][flwr][INFO] - fit progress: (87, 3.1504085214983206, {'accuracy': 0.9866}, 138.38726876163855)
[2024-06-02 13:22:38,575][flwr][DEBUG] - evaluate_round 87: strategy sampled 1 clients (out of 50)
[2024-06-02 13:22:38,723][flwr][DEBUG] - evaluate_round 87 received 1 results and 0 failures
[2024-06-02 13:22:38,723][flwr][DEBUG] - fit_round 88: strategy sampled 10 clients (out of 50)
[2024-06-02 13:22:39,558][flwr][DEBUG] - fit_round 88 received 10 results and 0 failures
[2024-06-02 13:22:40,108][flwr][INFO] - fit progress: (88, 4.088977518811589, {'accuracy': 0.9878}, 139.91993703879416)
[2024-06-02 13:22:40,108][flwr][DEBUG] - evaluate_round 88: strategy sampled 1 clients (out of 50)
[2024-06-02 13:22:40,244][flwr][DEBUG] - evaluate_round 88 received 1 results and 0 failures
[2024-06-02 13:22:40,244][flwr][DEBUG] - fit_round 89: strategy sampled 10 clients (out of 50)
[2024-06-02 13:22:41,028][flwr][DEBUG] - fit_round 89 received 10 results and 0 failures
[2024-06-02 13:22:41,587][flwr][INFO] - fit progress: (89, 5.141435891855508, {'accuracy': 0.9806}, 141.39923531888053)
[2024-06-02 13:22:41,587][flwr][DEBUG] - evaluate_round 89: strategy sampled 1 clients (out of 50)
[2024-06-02 13:22:41,759][flwr][DEBUG] - evaluate_round 89 received 1 results and 0 failures
[2024-06-02 13:22:41,760][flwr][DEBUG] - fit_round 90: strategy sampled 10 clients (out of 50)
[2024-06-02 13:22:42,549][flwr][DEBUG] - fit_round 90 received 10 results and 0 failures
[2024-06-02 13:22:43,101][flwr][INFO] - fit progress: (90, 3.999186478359661, {'accuracy': 0.987}, 142.912947606761)
[2024-06-02 13:22:43,101][flwr][DEBUG] - evaluate_round 90: strategy sampled 1 clients (out of 50)
[2024-06-02 13:22:43,275][flwr][DEBUG] - evaluate_round 90 received 1 results and 0 failures
[2024-06-02 13:22:43,276][flwr][DEBUG] - fit_round 91: strategy sampled 10 clients (out of 50)
[2024-06-02 13:22:44,037][flwr][DEBUG] - fit_round 91 received 10 results and 0 failures
[2024-06-02 13:22:44,594][flwr][INFO] - fit progress: (91, 14.674939937889576, {'accuracy': 0.9385}, 144.4064663690515)
[2024-06-02 13:22:44,594][flwr][DEBUG] - evaluate_round 91: strategy sampled 1 clients (out of 50)
[2024-06-02 13:22:44,732][flwr][DEBUG] - evaluate_round 91 received 1 results and 0 failures
[2024-06-02 13:22:44,733][flwr][DEBUG] - fit_round 92: strategy sampled 10 clients (out of 50)
[2024-06-02 13:22:45,477][flwr][DEBUG] - fit_round 92 received 10 results and 0 failures
[2024-06-02 13:22:46,033][flwr][INFO] - fit progress: (92, 5.362920847962414, {'accuracy': 0.9875}, 145.84499641275033)
[2024-06-02 13:22:46,033][flwr][DEBUG] - evaluate_round 92: strategy sampled 1 clients (out of 50)
[2024-06-02 13:22:46,207][flwr][DEBUG] - evaluate_round 92 received 1 results and 0 failures
[2024-06-02 13:22:46,207][flwr][DEBUG] - fit_round 93: strategy sampled 10 clients (out of 50)
[2024-06-02 13:22:47,019][flwr][DEBUG] - fit_round 93 received 10 results and 0 failures
[2024-06-02 13:22:47,580][flwr][INFO] - fit progress: (93, 4.786346826359932, {'accuracy': 0.9867}, 147.3922951677814)
[2024-06-02 13:22:47,580][flwr][DEBUG] - evaluate_round 93: strategy sampled 1 clients (out of 50)
[2024-06-02 13:22:47,753][flwr][DEBUG] - evaluate_round 93 received 1 results and 0 failures
[2024-06-02 13:22:47,753][flwr][DEBUG] - fit_round 94: strategy sampled 10 clients (out of 50)
[2024-06-02 13:22:48,519][flwr][DEBUG] - fit_round 94 received 10 results and 0 failures
[2024-06-02 13:22:49,076][flwr][INFO] - fit progress: (94, 4.111162674314954, {'accuracy': 0.9885}, 148.88815274182707)
[2024-06-02 13:22:49,076][flwr][DEBUG] - evaluate_round 94: strategy sampled 1 clients (out of 50)
[2024-06-02 13:22:49,211][flwr][DEBUG] - evaluate_round 94 received 1 results and 0 failures
[2024-06-02 13:22:49,211][flwr][DEBUG] - fit_round 95: strategy sampled 10 clients (out of 50)
[2024-06-02 13:22:50,015][flwr][DEBUG] - fit_round 95 received 10 results and 0 failures
[2024-06-02 13:22:50,569][flwr][INFO] - fit progress: (95, 12.418235387653112, {'accuracy': 0.9513}, 150.38150809472427)
[2024-06-02 13:22:50,569][flwr][DEBUG] - evaluate_round 95: strategy sampled 1 clients (out of 50)
[2024-06-02 13:22:50,748][flwr][DEBUG] - evaluate_round 95 received 1 results and 0 failures
[2024-06-02 13:22:50,748][flwr][DEBUG] - fit_round 96: strategy sampled 10 clients (out of 50)
[2024-06-02 13:22:51,514][flwr][DEBUG] - fit_round 96 received 10 results and 0 failures
[2024-06-02 13:22:52,070][flwr][INFO] - fit progress: (96, 3.583028160086542, {'accuracy': 0.9872}, 151.88254603277892)
[2024-06-02 13:22:52,070][flwr][DEBUG] - evaluate_round 96: strategy sampled 1 clients (out of 50)
[2024-06-02 13:22:52,240][flwr][DEBUG] - evaluate_round 96 received 1 results and 0 failures
[2024-06-02 13:22:52,240][flwr][DEBUG] - fit_round 97: strategy sampled 10 clients (out of 50)
[2024-06-02 13:22:52,985][flwr][DEBUG] - fit_round 97 received 10 results and 0 failures
[2024-06-02 13:22:53,558][flwr][INFO] - fit progress: (97, 3.5263055528484983, {'accuracy': 0.9863}, 153.37029265705496)
[2024-06-02 13:22:53,558][flwr][DEBUG] - evaluate_round 97: strategy sampled 1 clients (out of 50)
[2024-06-02 13:22:53,723][flwr][DEBUG] - evaluate_round 97 received 1 results and 0 failures
[2024-06-02 13:22:53,723][flwr][DEBUG] - fit_round 98: strategy sampled 10 clients (out of 50)
[2024-06-02 13:22:54,482][flwr][DEBUG] - fit_round 98 received 10 results and 0 failures
[2024-06-02 13:22:55,040][flwr][INFO] - fit progress: (98, 4.5080125911626965, {'accuracy': 0.9831}, 154.8524814248085)
[2024-06-02 13:22:55,040][flwr][DEBUG] - evaluate_round 98: strategy sampled 1 clients (out of 50)
[2024-06-02 13:22:55,228][flwr][DEBUG] - evaluate_round 98 received 1 results and 0 failures
[2024-06-02 13:22:55,228][flwr][DEBUG] - fit_round 99: strategy sampled 10 clients (out of 50)
[2024-06-02 13:22:55,965][flwr][DEBUG] - fit_round 99 received 10 results and 0 failures
[2024-06-02 13:22:56,954][flwr][INFO] - fit progress: (99, 7.8981262650340796, {'accuracy': 0.9734}, 156.76618839986622)
[2024-06-02 13:22:56,954][flwr][DEBUG] - evaluate_round 99: strategy sampled 1 clients (out of 50)
[2024-06-02 13:22:57,115][flwr][DEBUG] - evaluate_round 99 received 1 results and 0 failures
[2024-06-02 13:22:57,116][flwr][DEBUG] - fit_round 100: strategy sampled 10 clients (out of 50)
[2024-06-02 13:22:57,886][flwr][DEBUG] - fit_round 100 received 10 results and 0 failures
[2024-06-02 13:22:58,442][flwr][INFO] - fit progress: (100, 3.852557776559479, {'accuracy': 0.9869}, 158.25449529383332)
[2024-06-02 13:22:58,442][flwr][DEBUG] - evaluate_round 100: strategy sampled 1 clients (out of 50)
[2024-06-02 13:22:58,600][flwr][DEBUG] - evaluate_round 100 received 1 results and 0 failures
[2024-06-02 13:22:58,600][flwr][INFO] - FL finished in 158.4123521829024
[2024-06-02 13:22:58,600][flwr][INFO] - app_fit: losses_distributed [(1, 6.2844215631484985), (2, 3.1490063667297363), (3, 0.8798065111041069), (4, 1.093711331486702), (5, 0.6874123737215996), (6, 0.9441359415650368), (7, 0.2939685508608818), (8, 4.203284323215485), (9, 0.5713517088443041), (10, 0.4635616485029459), (11, 1.355482429265976), (12, 0.7131477370858192), (13, 0.6306668054312468), (14, 0.47518093325197697), (15, 0.653277188539505), (16, 1.4603278934955597), (17, 0.3488713866099715), (18, 0.3180834399536252), (19, 0.037791662849485874), (20, 0.32432947936467826), (21, 0.6934974063187838), (22, 0.471435172483325), (23, 0.48952374180953484), (24, 0.11103428318165243), (25, 0.5310458303429186), (26, 0.04899981268681586), (27, 0.1209493170335918), (28, 0.21143345174277783), (29, 0.5205768682062626), (30, 0.5523856496438384), (31, 0.1723386012017727), (32, 0.7169471494853497), (33, 0.12049928784836084), (34, 0.07284928159788251), (35, 0.5145238228142262), (36, 0.8577952310442924), (37, 0.5066512958146632), (38, 0.12956652604043484), (39, 0.5307976957410574), (40, 0.3114619147963822), (41, 0.6988894778769463), (42, 0.12513034738367423), (43, 0.08293674199376255), (44, 0.11617119092261419), (45, 0.683607860468328), (46, 0.0032937506766756997), (47, 0.04064819519408047), (48, 0.20087010506540537), (49, 1.1156549903098494), (50, 0.6690107056638226), (51, 1.2694935343170073), (52, 0.2604919904842973), (53, 1.5438068062067032), (54, 0.35203033266589046), (55, 0.7039578724652529), (56, 0.13472105769324116), (57, 0.2660643353347041), (58, 0.47639798681484535), (59, 0.12814697646535933), (60, 0.21511542052030563), (61, 0.5323139722243013), (62, 0.14542985428124666), (63, 0.8343009185045958), (64, 0.34514860226772726), (65, 1.3846743404865265), (66, 0.5175899062305689), (67, 0.0018180696060881019), (68, 0.16962235001847148), (69, 3.3700162768363953), (70, 0.22433799437931157), (71, 0.11566195404157043), (72, 2.2329236344376113e-05), (73, 0.21676416102127405), (74, 0.03491896309424192), (75, 0.2026248350739479), (76, 0.04984206616973097), (77, 0.22014982625842094), (78, 0.37092630565166473), (79, 0.21983657032251358), (80, 0.16437160968780518), (81, 0.1595261957263574), (82, 1.389973133802414), (83, 0.12794931545886357), (84, 0.015644070488633588), (85, 0.9088366581127048), (86, 0.0017571658792121525), (87, 0.09731842181645334), (88, 0.015953723569964495), (89, 0.6894774101674557), (90, 0.4538614357352344), (91, 1.6474761664867401), (92, 0.7372376013857194), (93, 0.29066755816165823), (94, 0.0008755990368172206), (95, 0.47148378379642963), (96, 0.8059219780188869), (97, 0.05760718878082116), (98, 0.8011726629338227), (99, 0.7390445303171873), (100, 0.6101226210594177)]
[2024-06-02 13:22:58,600][flwr][INFO] - app_fit: metrics_distributed_fit {}
[2024-06-02 13:22:58,600][flwr][INFO] - app_fit: metrics_distributed {}
[2024-06-02 13:22:58,600][flwr][INFO] - app_fit: losses_centralized [(0, 180.9069185256958), (1, 138.35420608520508), (2, 57.67348763346672), (3, 30.203897282481194), (4, 34.703055545687675), (5, 11.955988355912268), (6, 26.007511287927628), (7, 10.330482847057283), (8, 21.633145667612553), (9, 7.617502050474286), (10, 6.8090883563272655), (11, 21.81308276951313), (12, 14.919144798070192), (13, 13.127335667610168), (14, 8.808087032753974), (15, 11.528369389474392), (16, 41.747494250535965), (17, 6.09399805450812), (18, 5.75772366754245), (19, 4.454061751544941), (20, 4.256528134690598), (21, 4.791034445632249), (22, 5.073286015540361), (23, 6.664530096575618), (24, 4.551602534018457), (25, 4.029659127292689), (26, 3.512577759596752), (27, 3.24030462175142), (28, 4.260418075078633), (29, 7.300130808725953), (30, 3.788988180924207), (31, 5.356189602985978), (32, 6.567996370606124), (33, 4.887804480735213), (34, 4.507528301328421), (35, 8.802230555564165), (36, 11.123165810480714), (37, 3.4034554462414235), (38, 7.35877809394151), (39, 6.977715907618403), (40, 4.657929833512753), (41, 4.299910048604943), (42, 3.261471418067231), (43, 4.1725743535207585), (44, 3.117551123999874), (45, 3.033450261929829), (46, 3.358172110720261), (47, 3.8642319682985544), (48, 11.060073751956224), (49, 4.616100062188707), (50, 4.602156383698457), (51, 3.7537017737413407), (52, 7.346331775188446), (53, 35.79869569838047), (54, 5.315847767749801), (55, 4.288753668810386), (56, 3.544919384403329), (57, 3.750883552911546), (58, 3.042932462238241), (59, 3.3926760465838015), (60, 5.65917425788939), (61, 3.696483631711203), (62, 9.647537657991052), (63, 3.302943916292861), (64, 3.5327125827316195), (65, 7.57834243401885), (66, 3.334337155916728), (67, 4.000918707308301), (68, 3.6361641657422297), (69, 63.222551345825195), (70, 3.5242920137752662), (71, 3.5944518451578915), (72, 3.4754550255895538), (73, 4.262662493606513), (74, 4.671069997653831), (75, 3.298730546986917), (76, 4.609812618579667), (77, 3.3779168151086196), (78, 3.319287493824959), (79, 5.999236848205328), (80, 10.54316908866167), (81, 4.023227316793054), (82, 9.38939355313778), (83, 5.2464286312902), (84, 3.060529505717568), (85, 3.44721743652417), (86, 3.2163862156539835), (87, 3.1504085214983206), (88, 4.088977518811589), (89, 5.141435891855508), (90, 3.999186478359661), (91, 14.674939937889576), (92, 5.362920847962414), (93, 4.786346826359932), (94, 4.111162674314954), (95, 12.418235387653112), (96, 3.583028160086542), (97, 3.5263055528484983), (98, 4.5080125911626965), (99, 7.8981262650340796), (100, 3.852557776559479)]
[2024-06-02 13:22:58,601][flwr][INFO] - app_fit: metrics_centralized {'accuracy': [(0, 0.0384), (1, 0.5805), (2, 0.8027), (3, 0.8933), (4, 0.8864), (5, 0.9488), (6, 0.8749), (7, 0.9578), (8, 0.9291), (9, 0.9673), (10, 0.9727), (11, 0.9301), (12, 0.9603), (13, 0.9474), (14, 0.9686), (15, 0.9579), (16, 0.8086), (17, 0.9736), (18, 0.9726), (19, 0.9821), (20, 0.9823), (21, 0.9841), (22, 0.9825), (23, 0.9728), (24, 0.9837), (25, 0.9821), (26, 0.9849), (27, 0.9857), (28, 0.9812), (29, 0.9799), (30, 0.9828), (31, 0.9807), (32, 0.9733), (33, 0.9792), (34, 0.982), (35, 0.9737), (36, 0.9661), (37, 0.9858), (38, 0.973), (39, 0.9753), (40, 0.9806), (41, 0.9824), (42, 0.9859), (43, 0.9829), (44, 0.9861), (45, 0.9871), (46, 0.9869), (47, 0.9843), (48, 0.9591), (49, 0.9847), (50, 0.9837), (51, 0.9859), (52, 0.9762), (53, 0.8264), (54, 0.9791), (55, 0.9855), (56, 0.9859), (57, 0.9874), (58, 0.9869), (59, 0.9858), (60, 0.9792), (61, 0.9887), (62, 0.9684), (63, 0.9868), (64, 0.9856), (65, 0.967), (66, 0.9868), (67, 0.987), (68, 0.9858), (69, 0.6395), (70, 0.9873), (71, 0.986), (72, 0.9889), (73, 0.9862), (74, 0.9805), (75, 0.9856), (76, 0.9866), (77, 0.9874), (78, 0.9876), (79, 0.9778), (80, 0.9579), (81, 0.9841), (82, 0.9615), (83, 0.9852), (84, 0.9884), (85, 0.9888), (86, 0.9894), (87, 0.9866), (88, 0.9878), (89, 0.9806), (90, 0.987), (91, 0.9385), (92, 0.9875), (93, 0.9867), (94, 0.9885), (95, 0.9513), (96, 0.9872), (97, 0.9863), (98, 0.9831), (99, 0.9734), (100, 0.9869)]}
