[2024-05-15 18:22:01,099][flwr][INFO] - Starting Flower simulation, config: ServerConfig(num_rounds=100, round_timeout=None)
[2024-05-15 18:22:03,452][flwr][INFO] - Flower VCE: Ray initialized with resources: {'node:172.17.34.49': 1.0, 'memory': 38817954203.0, 'CPU': 20.0, 'accelerator_type:G': 1.0, 'GPU': 4.0, 'node:__internal_head__': 1.0, 'object_store_memory': 19408977100.0}
[2024-05-15 18:22:03,453][flwr][INFO] - Initializing global parameters
[2024-05-15 18:22:03,453][flwr][INFO] - Requesting initial parameters from one random client
[2024-05-15 18:22:06,009][flwr][INFO] - Received initial parameters from one random client
[2024-05-15 18:22:06,009][flwr][INFO] - Evaluating initial parameters
[2024-05-15 18:22:09,430][flwr][INFO] - initial parameters (loss, other metrics): 193.48381853103638, {'accuracy': 0.0971}
[2024-05-15 18:22:09,430][flwr][INFO] - FL starting
[2024-05-15 18:22:09,431][flwr][DEBUG] - fit_round 1: strategy sampled 10 clients (out of 50)
[2024-05-15 18:22:59,781][flwr][DEBUG] - fit_round 1 received 10 results and 0 failures
[2024-05-15 18:23:02,318][flwr][WARNING] - No fit_metrics_aggregation_fn provided
[2024-05-15 18:23:04,261][flwr][INFO] - fit progress: (1, 151.44206309318542, {'accuracy': 0.649}, 54.83063505962491)
[2024-05-15 18:23:04,261][flwr][DEBUG] - evaluate_round 1: strategy sampled 1 clients (out of 50)
[2024-05-15 18:23:08,144][flwr][DEBUG] - evaluate_round 1 received 1 results and 0 failures
[2024-05-15 18:23:08,144][flwr][WARNING] - No evaluate_metrics_aggregation_fn provided
[2024-05-15 18:23:08,145][flwr][DEBUG] - fit_round 2: strategy sampled 10 clients (out of 50)
[2024-05-15 18:23:59,035][flwr][DEBUG] - fit_round 2 received 10 results and 0 failures
[2024-05-15 18:24:03,573][flwr][INFO] - fit progress: (2, 216.9522763490677, {'accuracy': 0.5648}, 114.14224249497056)
[2024-05-15 18:24:03,573][flwr][DEBUG] - evaluate_round 2: strategy sampled 1 clients (out of 50)
[2024-05-15 18:24:07,500][flwr][DEBUG] - evaluate_round 2 received 1 results and 0 failures
[2024-05-15 18:24:07,500][flwr][DEBUG] - fit_round 3: strategy sampled 10 clients (out of 50)
[2024-05-15 18:24:58,589][flwr][DEBUG] - fit_round 3 received 10 results and 0 failures
[2024-05-15 18:25:03,113][flwr][INFO] - fit progress: (3, 214.79618549346924, {'accuracy': 0.792}, 173.68261110782623)
[2024-05-15 18:25:03,113][flwr][DEBUG] - evaluate_round 3: strategy sampled 1 clients (out of 50)
[2024-05-15 18:25:07,058][flwr][DEBUG] - evaluate_round 3 received 1 results and 0 failures
[2024-05-15 18:25:07,058][flwr][DEBUG] - fit_round 4: strategy sampled 10 clients (out of 50)
[2024-05-15 18:25:58,119][flwr][DEBUG] - fit_round 4 received 10 results and 0 failures
[2024-05-15 18:26:02,627][flwr][INFO] - fit progress: (4, 208.48525593150407, {'accuracy': 0.8306}, 233.196633271873)
[2024-05-15 18:26:02,627][flwr][DEBUG] - evaluate_round 4: strategy sampled 1 clients (out of 50)
[2024-05-15 18:26:06,581][flwr][DEBUG] - evaluate_round 4 received 1 results and 0 failures
[2024-05-15 18:26:06,582][flwr][DEBUG] - fit_round 5: strategy sampled 10 clients (out of 50)
[2024-05-15 18:26:57,714][flwr][DEBUG] - fit_round 5 received 10 results and 0 failures
[2024-05-15 18:27:02,202][flwr][INFO] - fit progress: (5, 215.2224151007831, {'accuracy': 0.8676}, 292.77146430686116)
[2024-05-15 18:27:02,202][flwr][DEBUG] - evaluate_round 5: strategy sampled 1 clients (out of 50)
[2024-05-15 18:27:06,180][flwr][DEBUG] - evaluate_round 5 received 1 results and 0 failures
[2024-05-15 18:27:06,180][flwr][DEBUG] - fit_round 6: strategy sampled 10 clients (out of 50)
[2024-05-15 18:27:56,760][flwr][DEBUG] - fit_round 6 received 10 results and 0 failures
[2024-05-15 18:28:01,226][flwr][INFO] - fit progress: (6, 180.46440778672695, {'accuracy': 0.8764}, 351.79584085568786)
[2024-05-15 18:28:01,226][flwr][DEBUG] - evaluate_round 6: strategy sampled 1 clients (out of 50)
[2024-05-15 18:28:05,196][flwr][DEBUG] - evaluate_round 6 received 1 results and 0 failures
[2024-05-15 18:28:05,197][flwr][DEBUG] - fit_round 7: strategy sampled 10 clients (out of 50)
[2024-05-15 18:28:56,104][flwr][DEBUG] - fit_round 7 received 10 results and 0 failures
[2024-05-15 18:29:00,582][flwr][INFO] - fit progress: (7, 190.22950349008534, {'accuracy': 0.8731}, 411.15146574005485)
[2024-05-15 18:29:00,582][flwr][DEBUG] - evaluate_round 7: strategy sampled 1 clients (out of 50)
[2024-05-15 18:29:04,575][flwr][DEBUG] - evaluate_round 7 received 1 results and 0 failures
[2024-05-15 18:29:04,576][flwr][DEBUG] - fit_round 8: strategy sampled 10 clients (out of 50)
[2024-05-15 18:29:55,016][flwr][DEBUG] - fit_round 8 received 10 results and 0 failures
[2024-05-15 18:29:59,502][flwr][INFO] - fit progress: (8, 147.11405827477574, {'accuracy': 0.8818}, 470.07162337750196)
[2024-05-15 18:29:59,502][flwr][DEBUG] - evaluate_round 8: strategy sampled 1 clients (out of 50)
[2024-05-15 18:30:03,504][flwr][DEBUG] - evaluate_round 8 received 1 results and 0 failures
[2024-05-15 18:30:03,505][flwr][DEBUG] - fit_round 9: strategy sampled 10 clients (out of 50)
[2024-05-15 18:30:54,974][flwr][DEBUG] - fit_round 9 received 10 results and 0 failures
[2024-05-15 18:30:59,452][flwr][INFO] - fit progress: (9, 143.37821815244388, {'accuracy': 0.8883}, 530.0214228741825)
[2024-05-15 18:30:59,452][flwr][DEBUG] - evaluate_round 9: strategy sampled 1 clients (out of 50)
[2024-05-15 18:31:03,408][flwr][DEBUG] - evaluate_round 9 received 1 results and 0 failures
[2024-05-15 18:31:03,408][flwr][DEBUG] - fit_round 10: strategy sampled 10 clients (out of 50)
[2024-05-15 18:31:53,955][flwr][DEBUG] - fit_round 10 received 10 results and 0 failures
[2024-05-15 18:31:58,401][flwr][INFO] - fit progress: (10, 149.38204424083233, {'accuracy': 0.8039}, 588.9706403948367)
[2024-05-15 18:31:58,401][flwr][DEBUG] - evaluate_round 10: strategy sampled 1 clients (out of 50)
[2024-05-15 18:32:02,408][flwr][DEBUG] - evaluate_round 10 received 1 results and 0 failures
[2024-05-15 18:32:02,408][flwr][DEBUG] - fit_round 11: strategy sampled 10 clients (out of 50)
[2024-05-15 18:32:53,056][flwr][DEBUG] - fit_round 11 received 10 results and 0 failures
[2024-05-15 18:32:57,468][flwr][INFO] - fit progress: (11, 111.65659945606603, {'accuracy': 0.897}, 648.0378454700112)
[2024-05-15 18:32:57,469][flwr][DEBUG] - evaluate_round 11: strategy sampled 1 clients (out of 50)
[2024-05-15 18:33:01,468][flwr][DEBUG] - evaluate_round 11 received 1 results and 0 failures
[2024-05-15 18:33:01,469][flwr][DEBUG] - fit_round 12: strategy sampled 10 clients (out of 50)
[2024-05-15 18:33:52,394][flwr][DEBUG] - fit_round 12 received 10 results and 0 failures
[2024-05-15 18:33:56,816][flwr][INFO] - fit progress: (12, 78.51004476117669, {'accuracy': 0.896}, 707.3858137056231)
[2024-05-15 18:33:56,816][flwr][DEBUG] - evaluate_round 12: strategy sampled 1 clients (out of 50)
[2024-05-15 18:34:00,756][flwr][DEBUG] - evaluate_round 12 received 1 results and 0 failures
[2024-05-15 18:34:00,757][flwr][DEBUG] - fit_round 13: strategy sampled 10 clients (out of 50)
[2024-05-15 18:34:51,976][flwr][DEBUG] - fit_round 13 received 10 results and 0 failures
[2024-05-15 18:34:56,496][flwr][INFO] - fit progress: (13, 61.07771716453135, {'accuracy': 0.9045}, 767.0655254125595)
[2024-05-15 18:34:56,496][flwr][DEBUG] - evaluate_round 13: strategy sampled 1 clients (out of 50)
[2024-05-15 18:35:00,454][flwr][DEBUG] - evaluate_round 13 received 1 results and 0 failures
[2024-05-15 18:35:00,455][flwr][DEBUG] - fit_round 14: strategy sampled 10 clients (out of 50)
[2024-05-15 18:35:52,303][flwr][DEBUG] - fit_round 14 received 10 results and 0 failures
[2024-05-15 18:35:56,697][flwr][INFO] - fit progress: (14, 54.054687039228156, {'accuracy': 0.9067}, 827.2668776735663)
[2024-05-15 18:35:56,698][flwr][DEBUG] - evaluate_round 14: strategy sampled 1 clients (out of 50)
[2024-05-15 18:36:00,650][flwr][DEBUG] - evaluate_round 14 received 1 results and 0 failures
[2024-05-15 18:36:00,651][flwr][DEBUG] - fit_round 15: strategy sampled 10 clients (out of 50)
[2024-05-15 18:36:51,442][flwr][DEBUG] - fit_round 15 received 10 results and 0 failures
[2024-05-15 18:36:55,867][flwr][INFO] - fit progress: (15, 98.51245957612991, {'accuracy': 0.6922}, 886.4368575625122)
[2024-05-15 18:36:55,868][flwr][DEBUG] - evaluate_round 15: strategy sampled 1 clients (out of 50)
[2024-05-15 18:36:59,891][flwr][DEBUG] - evaluate_round 15 received 1 results and 0 failures
[2024-05-15 18:36:59,892][flwr][DEBUG] - fit_round 16: strategy sampled 10 clients (out of 50)
[2024-05-15 18:37:50,653][flwr][DEBUG] - fit_round 16 received 10 results and 0 failures
[2024-05-15 18:37:55,121][flwr][INFO] - fit progress: (16, 37.96253945794888, {'accuracy': 0.9105}, 945.6909012831748)
[2024-05-15 18:37:55,122][flwr][DEBUG] - evaluate_round 16: strategy sampled 1 clients (out of 50)
[2024-05-15 18:37:59,076][flwr][DEBUG] - evaluate_round 16 received 1 results and 0 failures
[2024-05-15 18:37:59,077][flwr][DEBUG] - fit_round 17: strategy sampled 10 clients (out of 50)
[2024-05-15 18:38:50,588][flwr][DEBUG] - fit_round 17 received 10 results and 0 failures
[2024-05-15 18:38:54,927][flwr][INFO] - fit progress: (17, 30.535354386549443, {'accuracy': 0.9127}, 1005.4966626763344)
[2024-05-15 18:38:54,927][flwr][DEBUG] - evaluate_round 17: strategy sampled 1 clients (out of 50)
[2024-05-15 18:38:58,932][flwr][DEBUG] - evaluate_round 17 received 1 results and 0 failures
[2024-05-15 18:38:58,932][flwr][DEBUG] - fit_round 18: strategy sampled 10 clients (out of 50)
[2024-05-15 18:39:50,428][flwr][DEBUG] - fit_round 18 received 10 results and 0 failures
[2024-05-15 18:39:54,828][flwr][INFO] - fit progress: (18, 26.49215281882789, {'accuracy': 0.9239}, 1065.3974674493074)
[2024-05-15 18:39:54,828][flwr][DEBUG] - evaluate_round 18: strategy sampled 1 clients (out of 50)
[2024-05-15 18:39:58,807][flwr][DEBUG] - evaluate_round 18 received 1 results and 0 failures
[2024-05-15 18:39:58,808][flwr][DEBUG] - fit_round 19: strategy sampled 10 clients (out of 50)
[2024-05-15 18:40:49,467][flwr][DEBUG] - fit_round 19 received 10 results and 0 failures
[2024-05-15 18:40:53,869][flwr][INFO] - fit progress: (19, 24.351464306004345, {'accuracy': 0.9253}, 1124.4384821616113)
[2024-05-15 18:40:53,869][flwr][DEBUG] - evaluate_round 19: strategy sampled 1 clients (out of 50)
[2024-05-15 18:40:57,819][flwr][DEBUG] - evaluate_round 19 received 1 results and 0 failures
[2024-05-15 18:40:57,820][flwr][DEBUG] - fit_round 20: strategy sampled 10 clients (out of 50)
[2024-05-15 18:41:48,560][flwr][DEBUG] - fit_round 20 received 10 results and 0 failures
[2024-05-15 18:41:52,948][flwr][INFO] - fit progress: (20, 22.247278681083117, {'accuracy': 0.9305}, 1183.5177777521312)
[2024-05-15 18:41:52,948][flwr][DEBUG] - evaluate_round 20: strategy sampled 1 clients (out of 50)
[2024-05-15 18:41:56,959][flwr][DEBUG] - evaluate_round 20 received 1 results and 0 failures
[2024-05-15 18:41:56,960][flwr][DEBUG] - fit_round 21: strategy sampled 10 clients (out of 50)
[2024-05-15 18:42:48,333][flwr][DEBUG] - fit_round 21 received 10 results and 0 failures
[2024-05-15 18:42:52,723][flwr][INFO] - fit progress: (21, 22.416464412759524, {'accuracy': 0.9335}, 1243.2929998338223)
[2024-05-15 18:42:52,724][flwr][DEBUG] - evaluate_round 21: strategy sampled 1 clients (out of 50)
[2024-05-15 18:42:56,646][flwr][DEBUG] - evaluate_round 21 received 1 results and 0 failures
[2024-05-15 18:42:56,646][flwr][DEBUG] - fit_round 22: strategy sampled 10 clients (out of 50)
[2024-05-15 18:43:47,740][flwr][DEBUG] - fit_round 22 received 10 results and 0 failures
[2024-05-15 18:43:52,149][flwr][INFO] - fit progress: (22, 20.720188172534108, {'accuracy': 0.9358}, 1302.718772213906)
[2024-05-15 18:43:52,149][flwr][DEBUG] - evaluate_round 22: strategy sampled 1 clients (out of 50)
[2024-05-15 18:43:56,105][flwr][DEBUG] - evaluate_round 22 received 1 results and 0 failures
[2024-05-15 18:43:56,105][flwr][DEBUG] - fit_round 23: strategy sampled 10 clients (out of 50)
[2024-05-15 18:44:47,592][flwr][DEBUG] - fit_round 23 received 10 results and 0 failures
[2024-05-15 18:44:51,984][flwr][INFO] - fit progress: (23, 18.8134239660576, {'accuracy': 0.9366}, 1362.5530837364495)
[2024-05-15 18:44:51,984][flwr][DEBUG] - evaluate_round 23: strategy sampled 1 clients (out of 50)
[2024-05-15 18:44:55,919][flwr][DEBUG] - evaluate_round 23 received 1 results and 0 failures
[2024-05-15 18:44:55,919][flwr][DEBUG] - fit_round 24: strategy sampled 10 clients (out of 50)
[2024-05-15 18:45:46,807][flwr][DEBUG] - fit_round 24 received 10 results and 0 failures
[2024-05-15 18:45:51,208][flwr][INFO] - fit progress: (24, 19.005331144668162, {'accuracy': 0.9345}, 1421.7775801718235)
[2024-05-15 18:45:51,208][flwr][DEBUG] - evaluate_round 24: strategy sampled 1 clients (out of 50)
[2024-05-15 18:45:55,149][flwr][DEBUG] - evaluate_round 24 received 1 results and 0 failures
[2024-05-15 18:45:55,149][flwr][DEBUG] - fit_round 25: strategy sampled 10 clients (out of 50)
[2024-05-15 18:46:46,191][flwr][DEBUG] - fit_round 25 received 10 results and 0 failures
[2024-05-15 18:46:50,566][flwr][INFO] - fit progress: (25, 18.024686901131645, {'accuracy': 0.9352}, 1481.1354650072753)
[2024-05-15 18:46:50,566][flwr][DEBUG] - evaluate_round 25: strategy sampled 1 clients (out of 50)
[2024-05-15 18:46:54,586][flwr][DEBUG] - evaluate_round 25 received 1 results and 0 failures
[2024-05-15 18:46:54,586][flwr][DEBUG] - fit_round 26: strategy sampled 10 clients (out of 50)
[2024-05-15 18:47:45,733][flwr][DEBUG] - fit_round 26 received 10 results and 0 failures
[2024-05-15 18:47:50,102][flwr][INFO] - fit progress: (26, 19.162027990445495, {'accuracy': 0.9334}, 1540.671201981604)
[2024-05-15 18:47:50,102][flwr][DEBUG] - evaluate_round 26: strategy sampled 1 clients (out of 50)
[2024-05-15 18:47:54,021][flwr][DEBUG] - evaluate_round 26 received 1 results and 0 failures
[2024-05-15 18:47:54,022][flwr][DEBUG] - fit_round 27: strategy sampled 10 clients (out of 50)
[2024-05-15 18:48:44,837][flwr][DEBUG] - fit_round 27 received 10 results and 0 failures
[2024-05-15 18:48:49,197][flwr][INFO] - fit progress: (27, 16.205698386998847, {'accuracy': 0.9428}, 1599.766601599753)
[2024-05-15 18:48:49,197][flwr][DEBUG] - evaluate_round 27: strategy sampled 1 clients (out of 50)
[2024-05-15 18:48:53,184][flwr][DEBUG] - evaluate_round 27 received 1 results and 0 failures
[2024-05-15 18:48:53,185][flwr][DEBUG] - fit_round 28: strategy sampled 10 clients (out of 50)
[2024-05-15 18:49:44,253][flwr][DEBUG] - fit_round 28 received 10 results and 0 failures
[2024-05-15 18:49:48,560][flwr][INFO] - fit progress: (28, 15.441435450688004, {'accuracy': 0.9434}, 1659.1299423463643)
[2024-05-15 18:49:48,561][flwr][DEBUG] - evaluate_round 28: strategy sampled 1 clients (out of 50)
[2024-05-15 18:49:52,533][flwr][DEBUG] - evaluate_round 28 received 1 results and 0 failures
[2024-05-15 18:49:52,534][flwr][DEBUG] - fit_round 29: strategy sampled 10 clients (out of 50)
[2024-05-15 18:50:43,407][flwr][DEBUG] - fit_round 29 received 10 results and 0 failures
[2024-05-15 18:50:47,752][flwr][INFO] - fit progress: (29, 15.904568303609267, {'accuracy': 0.9424}, 1718.3216757699847)
[2024-05-15 18:50:47,752][flwr][DEBUG] - evaluate_round 29: strategy sampled 1 clients (out of 50)
[2024-05-15 18:50:51,768][flwr][DEBUG] - evaluate_round 29 received 1 results and 0 failures
[2024-05-15 18:50:51,769][flwr][DEBUG] - fit_round 30: strategy sampled 10 clients (out of 50)
[2024-05-15 18:51:42,591][flwr][DEBUG] - fit_round 30 received 10 results and 0 failures
[2024-05-15 18:51:46,954][flwr][INFO] - fit progress: (30, 14.756150217493996, {'accuracy': 0.9512}, 1777.5239186696708)
[2024-05-15 18:51:46,955][flwr][DEBUG] - evaluate_round 30: strategy sampled 1 clients (out of 50)
[2024-05-15 18:51:50,916][flwr][DEBUG] - evaluate_round 30 received 1 results and 0 failures
[2024-05-15 18:51:50,917][flwr][DEBUG] - fit_round 31: strategy sampled 10 clients (out of 50)
[2024-05-15 18:52:42,142][flwr][DEBUG] - fit_round 31 received 10 results and 0 failures
[2024-05-15 18:52:46,501][flwr][INFO] - fit progress: (31, 14.723506915557664, {'accuracy': 0.9502}, 1837.0709688588977)
[2024-05-15 18:52:46,502][flwr][DEBUG] - evaluate_round 31: strategy sampled 1 clients (out of 50)
[2024-05-15 18:52:50,438][flwr][DEBUG] - evaluate_round 31 received 1 results and 0 failures
[2024-05-15 18:52:50,438][flwr][DEBUG] - fit_round 32: strategy sampled 10 clients (out of 50)
[2024-05-15 18:53:41,264][flwr][DEBUG] - fit_round 32 received 10 results and 0 failures
[2024-05-15 18:53:45,527][flwr][INFO] - fit progress: (32, 14.70397073251661, {'accuracy': 0.9528}, 1896.0962707065046)
[2024-05-15 18:53:45,527][flwr][DEBUG] - evaluate_round 32: strategy sampled 1 clients (out of 50)
[2024-05-15 18:53:49,536][flwr][DEBUG] - evaluate_round 32 received 1 results and 0 failures
[2024-05-15 18:53:49,537][flwr][DEBUG] - fit_round 33: strategy sampled 10 clients (out of 50)
[2024-05-15 18:54:40,306][flwr][DEBUG] - fit_round 33 received 10 results and 0 failures
[2024-05-15 18:54:44,640][flwr][INFO] - fit progress: (33, 13.773169500520453, {'accuracy': 0.953}, 1955.2093034498394)
[2024-05-15 18:54:44,640][flwr][DEBUG] - evaluate_round 33: strategy sampled 1 clients (out of 50)
[2024-05-15 18:54:48,626][flwr][DEBUG] - evaluate_round 33 received 1 results and 0 failures
[2024-05-15 18:54:48,626][flwr][DEBUG] - fit_round 34: strategy sampled 10 clients (out of 50)
[2024-05-15 18:55:39,153][flwr][DEBUG] - fit_round 34 received 10 results and 0 failures
[2024-05-15 18:55:43,489][flwr][INFO] - fit progress: (34, 14.192871057952289, {'accuracy': 0.9532}, 2014.0584619231522)
[2024-05-15 18:55:43,489][flwr][DEBUG] - evaluate_round 34: strategy sampled 1 clients (out of 50)
[2024-05-15 18:55:47,482][flwr][DEBUG] - evaluate_round 34 received 1 results and 0 failures
[2024-05-15 18:55:47,482][flwr][DEBUG] - fit_round 35: strategy sampled 10 clients (out of 50)
[2024-05-15 18:56:38,475][flwr][DEBUG] - fit_round 35 received 10 results and 0 failures
[2024-05-15 18:56:42,824][flwr][INFO] - fit progress: (35, 15.771838076412678, {'accuracy': 0.9415}, 2073.3931422568858)
[2024-05-15 18:56:42,824][flwr][DEBUG] - evaluate_round 35: strategy sampled 1 clients (out of 50)
[2024-05-15 18:56:46,783][flwr][DEBUG] - evaluate_round 35 received 1 results and 0 failures
[2024-05-15 18:56:46,783][flwr][DEBUG] - fit_round 36: strategy sampled 10 clients (out of 50)
[2024-05-15 18:57:38,307][flwr][DEBUG] - fit_round 36 received 10 results and 0 failures
[2024-05-15 18:57:42,636][flwr][INFO] - fit progress: (36, 12.580558071058476, {'accuracy': 0.9571}, 2133.2052352428436)
[2024-05-15 18:57:42,636][flwr][DEBUG] - evaluate_round 36: strategy sampled 1 clients (out of 50)
[2024-05-15 18:57:46,595][flwr][DEBUG] - evaluate_round 36 received 1 results and 0 failures
[2024-05-15 18:57:46,596][flwr][DEBUG] - fit_round 37: strategy sampled 10 clients (out of 50)
[2024-05-15 18:58:37,233][flwr][DEBUG] - fit_round 37 received 10 results and 0 failures
[2024-05-15 18:58:41,546][flwr][INFO] - fit progress: (37, 12.006566821364686, {'accuracy': 0.9555}, 2192.115064483136)
[2024-05-15 18:58:41,546][flwr][DEBUG] - evaluate_round 37: strategy sampled 1 clients (out of 50)
[2024-05-15 18:58:45,501][flwr][DEBUG] - evaluate_round 37 received 1 results and 0 failures
[2024-05-15 18:58:45,501][flwr][DEBUG] - fit_round 38: strategy sampled 10 clients (out of 50)
[2024-05-15 18:59:35,959][flwr][DEBUG] - fit_round 38 received 10 results and 0 failures
[2024-05-15 18:59:40,323][flwr][INFO] - fit progress: (38, 12.305356677388772, {'accuracy': 0.9556}, 2250.892188873142)
[2024-05-15 18:59:40,323][flwr][DEBUG] - evaluate_round 38: strategy sampled 1 clients (out of 50)
[2024-05-15 18:59:44,294][flwr][DEBUG] - evaluate_round 38 received 1 results and 0 failures
[2024-05-15 18:59:44,295][flwr][DEBUG] - fit_round 39: strategy sampled 10 clients (out of 50)
[2024-05-15 19:00:35,179][flwr][DEBUG] - fit_round 39 received 10 results and 0 failures
[2024-05-15 19:00:39,517][flwr][INFO] - fit progress: (39, 13.95964352414012, {'accuracy': 0.9454}, 2310.0863549746573)
[2024-05-15 19:00:39,517][flwr][DEBUG] - evaluate_round 39: strategy sampled 1 clients (out of 50)
[2024-05-15 19:00:43,468][flwr][DEBUG] - evaluate_round 39 received 1 results and 0 failures
[2024-05-15 19:00:43,469][flwr][DEBUG] - fit_round 40: strategy sampled 10 clients (out of 50)
[2024-05-15 19:01:34,483][flwr][DEBUG] - fit_round 40 received 10 results and 0 failures
[2024-05-15 19:01:38,809][flwr][INFO] - fit progress: (40, 11.600890944013372, {'accuracy': 0.958}, 2369.3786657862365)
[2024-05-15 19:01:38,809][flwr][DEBUG] - evaluate_round 40: strategy sampled 1 clients (out of 50)
[2024-05-15 19:01:42,749][flwr][DEBUG] - evaluate_round 40 received 1 results and 0 failures
[2024-05-15 19:01:42,749][flwr][DEBUG] - fit_round 41: strategy sampled 10 clients (out of 50)
[2024-05-15 19:02:33,840][flwr][DEBUG] - fit_round 41 received 10 results and 0 failures
[2024-05-15 19:02:38,168][flwr][INFO] - fit progress: (41, 13.712215259671211, {'accuracy': 0.95}, 2428.7375817634165)
[2024-05-15 19:02:38,168][flwr][DEBUG] - evaluate_round 41: strategy sampled 1 clients (out of 50)
[2024-05-15 19:02:42,128][flwr][DEBUG] - evaluate_round 41 received 1 results and 0 failures
[2024-05-15 19:02:42,129][flwr][DEBUG] - fit_round 42: strategy sampled 10 clients (out of 50)
[2024-05-15 19:03:33,120][flwr][DEBUG] - fit_round 42 received 10 results and 0 failures
[2024-05-15 19:03:37,545][flwr][INFO] - fit progress: (42, 12.019779290596489, {'accuracy': 0.9602}, 2488.114349011332)
[2024-05-15 19:03:37,545][flwr][DEBUG] - evaluate_round 42: strategy sampled 1 clients (out of 50)
[2024-05-15 19:03:41,481][flwr][DEBUG] - evaluate_round 42 received 1 results and 0 failures
[2024-05-15 19:03:41,482][flwr][DEBUG] - fit_round 43: strategy sampled 10 clients (out of 50)
[2024-05-15 19:04:32,074][flwr][DEBUG] - fit_round 43 received 10 results and 0 failures
[2024-05-15 19:04:36,391][flwr][INFO] - fit progress: (43, 11.321087276213802, {'accuracy': 0.9608}, 2546.960332363844)
[2024-05-15 19:04:36,391][flwr][DEBUG] - evaluate_round 43: strategy sampled 1 clients (out of 50)
[2024-05-15 19:04:40,432][flwr][DEBUG] - evaluate_round 43 received 1 results and 0 failures
[2024-05-15 19:04:40,432][flwr][DEBUG] - fit_round 44: strategy sampled 10 clients (out of 50)
[2024-05-15 19:05:31,195][flwr][DEBUG] - fit_round 44 received 10 results and 0 failures
[2024-05-15 19:05:35,530][flwr][INFO] - fit progress: (44, 21.585435666143894, {'accuracy': 0.9311}, 2606.0999143719673)
[2024-05-15 19:05:35,531][flwr][DEBUG] - evaluate_round 44: strategy sampled 1 clients (out of 50)
[2024-05-15 19:05:39,511][flwr][DEBUG] - evaluate_round 44 received 1 results and 0 failures
[2024-05-15 19:05:39,511][flwr][DEBUG] - fit_round 45: strategy sampled 10 clients (out of 50)
[2024-05-15 19:06:30,772][flwr][DEBUG] - fit_round 45 received 10 results and 0 failures
[2024-05-15 19:06:35,075][flwr][INFO] - fit progress: (45, 10.95592641737312, {'accuracy': 0.9612}, 2665.644032277167)
[2024-05-15 19:06:35,075][flwr][DEBUG] - evaluate_round 45: strategy sampled 1 clients (out of 50)
[2024-05-15 19:06:39,009][flwr][DEBUG] - evaluate_round 45 received 1 results and 0 failures
[2024-05-15 19:06:39,009][flwr][DEBUG] - fit_round 46: strategy sampled 10 clients (out of 50)
[2024-05-15 19:07:30,118][flwr][DEBUG] - fit_round 46 received 10 results and 0 failures
[2024-05-15 19:07:34,447][flwr][INFO] - fit progress: (46, 11.300752689756337, {'accuracy': 0.9629}, 2725.016888715327)
[2024-05-15 19:07:34,448][flwr][DEBUG] - evaluate_round 46: strategy sampled 1 clients (out of 50)
[2024-05-15 19:07:38,410][flwr][DEBUG] - evaluate_round 46 received 1 results and 0 failures
[2024-05-15 19:07:38,410][flwr][DEBUG] - fit_round 47: strategy sampled 10 clients (out of 50)
[2024-05-15 19:08:29,471][flwr][DEBUG] - fit_round 47 received 10 results and 0 failures
[2024-05-15 19:08:33,783][flwr][INFO] - fit progress: (47, 12.07069316576235, {'accuracy': 0.9587}, 2784.3524364605546)
[2024-05-15 19:08:33,783][flwr][DEBUG] - evaluate_round 47: strategy sampled 1 clients (out of 50)
[2024-05-15 19:08:37,724][flwr][DEBUG] - evaluate_round 47 received 1 results and 0 failures
[2024-05-15 19:08:37,725][flwr][DEBUG] - fit_round 48: strategy sampled 10 clients (out of 50)
[2024-05-15 19:09:28,423][flwr][DEBUG] - fit_round 48 received 10 results and 0 failures
[2024-05-15 19:09:32,727][flwr][INFO] - fit progress: (48, 11.073327193545992, {'accuracy': 0.9635}, 2843.2969305962324)
[2024-05-15 19:09:32,728][flwr][DEBUG] - evaluate_round 48: strategy sampled 1 clients (out of 50)
[2024-05-15 19:09:36,685][flwr][DEBUG] - evaluate_round 48 received 1 results and 0 failures
[2024-05-15 19:09:36,686][flwr][DEBUG] - fit_round 49: strategy sampled 10 clients (out of 50)
[2024-05-15 19:10:27,360][flwr][DEBUG] - fit_round 49 received 10 results and 0 failures
[2024-05-15 19:10:31,669][flwr][INFO] - fit progress: (49, 11.226981443658588, {'accuracy': 0.9655}, 2902.238589026034)
[2024-05-15 19:10:31,669][flwr][DEBUG] - evaluate_round 49: strategy sampled 1 clients (out of 50)
[2024-05-15 19:10:35,613][flwr][DEBUG] - evaluate_round 49 received 1 results and 0 failures
[2024-05-15 19:10:35,614][flwr][DEBUG] - fit_round 50: strategy sampled 10 clients (out of 50)
[2024-05-15 19:11:26,860][flwr][DEBUG] - fit_round 50 received 10 results and 0 failures
[2024-05-15 19:11:31,181][flwr][INFO] - fit progress: (50, 10.905679698174936, {'accuracy': 0.9652}, 2961.750383377075)
[2024-05-15 19:11:31,181][flwr][DEBUG] - evaluate_round 50: strategy sampled 1 clients (out of 50)
[2024-05-15 19:11:35,132][flwr][DEBUG] - evaluate_round 50 received 1 results and 0 failures
[2024-05-15 19:11:35,133][flwr][DEBUG] - fit_round 51: strategy sampled 10 clients (out of 50)
[2024-05-15 19:12:25,723][flwr][DEBUG] - fit_round 51 received 10 results and 0 failures
[2024-05-15 19:12:30,034][flwr][INFO] - fit progress: (51, 11.205187452498649, {'accuracy': 0.9646}, 3020.60372717306)
[2024-05-15 19:12:30,034][flwr][DEBUG] - evaluate_round 51: strategy sampled 1 clients (out of 50)
[2024-05-15 19:12:34,000][flwr][DEBUG] - evaluate_round 51 received 1 results and 0 failures
[2024-05-15 19:12:34,001][flwr][DEBUG] - fit_round 52: strategy sampled 10 clients (out of 50)
[2024-05-15 19:13:24,926][flwr][DEBUG] - fit_round 52 received 10 results and 0 failures
[2024-05-15 19:13:29,240][flwr][INFO] - fit progress: (52, 10.129672119597672, {'accuracy': 0.9656}, 3079.809792008251)
[2024-05-15 19:13:29,240][flwr][DEBUG] - evaluate_round 52: strategy sampled 1 clients (out of 50)
[2024-05-15 19:13:33,183][flwr][DEBUG] - evaluate_round 52 received 1 results and 0 failures
[2024-05-15 19:13:33,183][flwr][DEBUG] - fit_round 53: strategy sampled 10 clients (out of 50)
[2024-05-15 19:14:24,573][flwr][DEBUG] - fit_round 53 received 10 results and 0 failures
[2024-05-15 19:14:28,869][flwr][INFO] - fit progress: (53, 10.62857345561497, {'accuracy': 0.9671}, 3139.438934650272)
[2024-05-15 19:14:28,870][flwr][DEBUG] - evaluate_round 53: strategy sampled 1 clients (out of 50)
[2024-05-15 19:14:32,834][flwr][DEBUG] - evaluate_round 53 received 1 results and 0 failures
[2024-05-15 19:14:32,835][flwr][DEBUG] - fit_round 54: strategy sampled 10 clients (out of 50)
[2024-05-15 19:15:23,993][flwr][DEBUG] - fit_round 54 received 10 results and 0 failures
[2024-05-15 19:15:28,291][flwr][INFO] - fit progress: (54, 10.963734903605655, {'accuracy': 0.9604}, 3198.8608547225595)
[2024-05-15 19:15:28,292][flwr][DEBUG] - evaluate_round 54: strategy sampled 1 clients (out of 50)
[2024-05-15 19:15:32,287][flwr][DEBUG] - evaluate_round 54 received 1 results and 0 failures
[2024-05-15 19:15:32,288][flwr][DEBUG] - fit_round 55: strategy sampled 10 clients (out of 50)
[2024-05-15 19:16:23,273][flwr][DEBUG] - fit_round 55 received 10 results and 0 failures
[2024-05-15 19:16:27,642][flwr][INFO] - fit progress: (55, 10.241644046684087, {'accuracy': 0.9668}, 3258.2112366892397)
[2024-05-15 19:16:27,642][flwr][DEBUG] - evaluate_round 55: strategy sampled 1 clients (out of 50)
[2024-05-15 19:16:31,684][flwr][DEBUG] - evaluate_round 55 received 1 results and 0 failures
[2024-05-15 19:16:31,685][flwr][DEBUG] - fit_round 56: strategy sampled 10 clients (out of 50)
[2024-05-15 19:17:22,862][flwr][DEBUG] - fit_round 56 received 10 results and 0 failures
[2024-05-15 19:17:27,199][flwr][INFO] - fit progress: (56, 11.04553457183647, {'accuracy': 0.966}, 3317.7686873413622)
[2024-05-15 19:17:27,199][flwr][DEBUG] - evaluate_round 56: strategy sampled 1 clients (out of 50)
[2024-05-15 19:17:31,188][flwr][DEBUG] - evaluate_round 56 received 1 results and 0 failures
[2024-05-15 19:17:31,188][flwr][DEBUG] - fit_round 57: strategy sampled 10 clients (out of 50)
[2024-05-15 19:18:22,081][flwr][DEBUG] - fit_round 57 received 10 results and 0 failures
[2024-05-15 19:18:26,374][flwr][INFO] - fit progress: (57, 10.759177105232084, {'accuracy': 0.9689}, 3376.9432971142232)
[2024-05-15 19:18:26,374][flwr][DEBUG] - evaluate_round 57: strategy sampled 1 clients (out of 50)
[2024-05-15 19:18:30,334][flwr][DEBUG] - evaluate_round 57 received 1 results and 0 failures
[2024-05-15 19:18:30,334][flwr][DEBUG] - fit_round 58: strategy sampled 10 clients (out of 50)
[2024-05-15 19:19:22,096][flwr][DEBUG] - fit_round 58 received 10 results and 0 failures
[2024-05-15 19:19:26,393][flwr][INFO] - fit progress: (58, 10.654708457775996, {'accuracy': 0.9682}, 3436.9621261283755)
[2024-05-15 19:19:26,393][flwr][DEBUG] - evaluate_round 58: strategy sampled 1 clients (out of 50)
[2024-05-15 19:19:30,324][flwr][DEBUG] - evaluate_round 58 received 1 results and 0 failures
[2024-05-15 19:19:30,325][flwr][DEBUG] - fit_round 59: strategy sampled 10 clients (out of 50)
[2024-05-15 19:20:21,251][flwr][DEBUG] - fit_round 59 received 10 results and 0 failures
[2024-05-15 19:20:25,580][flwr][INFO] - fit progress: (59, 9.70052883925382, {'accuracy': 0.9678}, 3496.1498334258795)
[2024-05-15 19:20:25,581][flwr][DEBUG] - evaluate_round 59: strategy sampled 1 clients (out of 50)
[2024-05-15 19:20:29,554][flwr][DEBUG] - evaluate_round 59 received 1 results and 0 failures
[2024-05-15 19:20:29,555][flwr][DEBUG] - fit_round 60: strategy sampled 10 clients (out of 50)
[2024-05-15 19:21:20,617][flwr][DEBUG] - fit_round 60 received 10 results and 0 failures
[2024-05-15 19:21:24,941][flwr][INFO] - fit progress: (60, 9.636155723783304, {'accuracy': 0.9694}, 3555.510589439422)
[2024-05-15 19:21:24,941][flwr][DEBUG] - evaluate_round 60: strategy sampled 1 clients (out of 50)
[2024-05-15 19:21:28,950][flwr][DEBUG] - evaluate_round 60 received 1 results and 0 failures
[2024-05-15 19:21:28,951][flwr][DEBUG] - fit_round 61: strategy sampled 10 clients (out of 50)
[2024-05-15 19:22:20,577][flwr][DEBUG] - fit_round 61 received 10 results and 0 failures
[2024-05-15 19:22:24,887][flwr][INFO] - fit progress: (61, 10.077309812959356, {'accuracy': 0.9702}, 3615.4566268101335)
[2024-05-15 19:22:24,887][flwr][DEBUG] - evaluate_round 61: strategy sampled 1 clients (out of 50)
[2024-05-15 19:22:28,838][flwr][DEBUG] - evaluate_round 61 received 1 results and 0 failures
[2024-05-15 19:22:28,839][flwr][DEBUG] - fit_round 62: strategy sampled 10 clients (out of 50)
[2024-05-15 19:23:20,804][flwr][DEBUG] - fit_round 62 received 10 results and 0 failures
[2024-05-15 19:23:25,100][flwr][INFO] - fit progress: (62, 9.146985629340634, {'accuracy': 0.9665}, 3675.669513426721)
[2024-05-15 19:23:25,100][flwr][DEBUG] - evaluate_round 62: strategy sampled 1 clients (out of 50)
[2024-05-15 19:23:29,067][flwr][DEBUG] - evaluate_round 62 received 1 results and 0 failures
[2024-05-15 19:23:29,067][flwr][DEBUG] - fit_round 63: strategy sampled 10 clients (out of 50)
[2024-05-15 19:24:20,087][flwr][DEBUG] - fit_round 63 received 10 results and 0 failures
[2024-05-15 19:24:24,408][flwr][INFO] - fit progress: (63, 9.510348977986723, {'accuracy': 0.966}, 3734.9775843843818)
[2024-05-15 19:24:24,408][flwr][DEBUG] - evaluate_round 63: strategy sampled 1 clients (out of 50)
[2024-05-15 19:24:28,399][flwr][DEBUG] - evaluate_round 63 received 1 results and 0 failures
[2024-05-15 19:24:28,400][flwr][DEBUG] - fit_round 64: strategy sampled 10 clients (out of 50)
[2024-05-15 19:25:19,564][flwr][DEBUG] - fit_round 64 received 10 results and 0 failures
[2024-05-15 19:25:23,840][flwr][INFO] - fit progress: (64, 9.741831416045898, {'accuracy': 0.9693}, 3794.4095706939697)
[2024-05-15 19:25:23,840][flwr][DEBUG] - evaluate_round 64: strategy sampled 1 clients (out of 50)
[2024-05-15 19:25:27,790][flwr][DEBUG] - evaluate_round 64 received 1 results and 0 failures
[2024-05-15 19:25:27,791][flwr][DEBUG] - fit_round 65: strategy sampled 10 clients (out of 50)
[2024-05-15 19:26:18,786][flwr][DEBUG] - fit_round 65 received 10 results and 0 failures
[2024-05-15 19:26:23,095][flwr][INFO] - fit progress: (65, 9.969452606339473, {'accuracy': 0.969}, 3853.66466550529)
[2024-05-15 19:26:23,095][flwr][DEBUG] - evaluate_round 65: strategy sampled 1 clients (out of 50)
[2024-05-15 19:26:27,074][flwr][DEBUG] - evaluate_round 65 received 1 results and 0 failures
[2024-05-15 19:26:27,074][flwr][DEBUG] - fit_round 66: strategy sampled 10 clients (out of 50)
[2024-05-15 19:27:17,800][flwr][DEBUG] - fit_round 66 received 10 results and 0 failures
[2024-05-15 19:27:22,105][flwr][INFO] - fit progress: (66, 9.425810678614653, {'accuracy': 0.9692}, 3912.674320489168)
[2024-05-15 19:27:22,105][flwr][DEBUG] - evaluate_round 66: strategy sampled 1 clients (out of 50)
[2024-05-15 19:27:26,122][flwr][DEBUG] - evaluate_round 66 received 1 results and 0 failures
[2024-05-15 19:27:26,123][flwr][DEBUG] - fit_round 67: strategy sampled 10 clients (out of 50)
[2024-05-15 19:28:16,759][flwr][DEBUG] - fit_round 67 received 10 results and 0 failures
[2024-05-15 19:28:21,049][flwr][INFO] - fit progress: (67, 9.302372381294845, {'accuracy': 0.9688}, 3971.6186237074435)
[2024-05-15 19:28:21,049][flwr][DEBUG] - evaluate_round 67: strategy sampled 1 clients (out of 50)
[2024-05-15 19:28:25,024][flwr][DEBUG] - evaluate_round 67 received 1 results and 0 failures
[2024-05-15 19:28:25,025][flwr][DEBUG] - fit_round 68: strategy sampled 10 clients (out of 50)
[2024-05-15 19:29:16,809][flwr][DEBUG] - fit_round 68 received 10 results and 0 failures
[2024-05-15 19:29:21,014][flwr][INFO] - fit progress: (68, 16.37017161771655, {'accuracy': 0.9438}, 4031.5836541950703)
[2024-05-15 19:29:21,014][flwr][DEBUG] - evaluate_round 68: strategy sampled 1 clients (out of 50)
[2024-05-15 19:29:25,003][flwr][DEBUG] - evaluate_round 68 received 1 results and 0 failures
[2024-05-15 19:29:25,004][flwr][DEBUG] - fit_round 69: strategy sampled 10 clients (out of 50)
[2024-05-15 19:30:15,513][flwr][DEBUG] - fit_round 69 received 10 results and 0 failures
[2024-05-15 19:30:19,721][flwr][INFO] - fit progress: (69, 10.291160115084494, {'accuracy': 0.9681}, 4090.2907083779573)
[2024-05-15 19:30:19,721][flwr][DEBUG] - evaluate_round 69: strategy sampled 1 clients (out of 50)
[2024-05-15 19:30:23,674][flwr][DEBUG] - evaluate_round 69 received 1 results and 0 failures
[2024-05-15 19:30:23,675][flwr][DEBUG] - fit_round 70: strategy sampled 10 clients (out of 50)
[2024-05-15 19:31:14,030][flwr][DEBUG] - fit_round 70 received 10 results and 0 failures
[2024-05-15 19:31:18,308][flwr][INFO] - fit progress: (70, 9.957104806291682, {'accuracy': 0.9713}, 4148.87704918161)
[2024-05-15 19:31:18,308][flwr][DEBUG] - evaluate_round 70: strategy sampled 1 clients (out of 50)
[2024-05-15 19:31:22,227][flwr][DEBUG] - evaluate_round 70 received 1 results and 0 failures
[2024-05-15 19:31:22,228][flwr][DEBUG] - fit_round 71: strategy sampled 10 clients (out of 50)
[2024-05-15 19:32:13,166][flwr][DEBUG] - fit_round 71 received 10 results and 0 failures
[2024-05-15 19:32:17,401][flwr][INFO] - fit progress: (71, 9.936698671270278, {'accuracy': 0.9687}, 4207.970103465021)
[2024-05-15 19:32:17,401][flwr][DEBUG] - evaluate_round 71: strategy sampled 1 clients (out of 50)
[2024-05-15 19:32:21,325][flwr][DEBUG] - evaluate_round 71 received 1 results and 0 failures
[2024-05-15 19:32:21,326][flwr][DEBUG] - fit_round 72: strategy sampled 10 clients (out of 50)
[2024-05-15 19:33:12,433][flwr][DEBUG] - fit_round 72 received 10 results and 0 failures
[2024-05-15 19:33:16,694][flwr][INFO] - fit progress: (72, 9.964275635706144, {'accuracy': 0.9709}, 4267.263435818255)
[2024-05-15 19:33:16,694][flwr][DEBUG] - evaluate_round 72: strategy sampled 1 clients (out of 50)
[2024-05-15 19:33:20,648][flwr][DEBUG] - evaluate_round 72 received 1 results and 0 failures
[2024-05-15 19:33:20,649][flwr][DEBUG] - fit_round 73: strategy sampled 10 clients (out of 50)
[2024-05-15 19:34:11,306][flwr][DEBUG] - fit_round 73 received 10 results and 0 failures
[2024-05-15 19:34:15,553][flwr][INFO] - fit progress: (73, 9.399104884432745, {'accuracy': 0.971}, 4326.122122410685)
[2024-05-15 19:34:15,553][flwr][DEBUG] - evaluate_round 73: strategy sampled 1 clients (out of 50)
[2024-05-15 19:34:19,499][flwr][DEBUG] - evaluate_round 73 received 1 results and 0 failures
[2024-05-15 19:34:19,500][flwr][DEBUG] - fit_round 74: strategy sampled 10 clients (out of 50)
[2024-05-15 19:35:10,069][flwr][DEBUG] - fit_round 74 received 10 results and 0 failures
[2024-05-15 19:35:14,346][flwr][INFO] - fit progress: (74, 9.979280343803111, {'accuracy': 0.9686}, 4384.915220569819)
[2024-05-15 19:35:14,346][flwr][DEBUG] - evaluate_round 74: strategy sampled 1 clients (out of 50)
[2024-05-15 19:35:18,311][flwr][DEBUG] - evaluate_round 74 received 1 results and 0 failures
[2024-05-15 19:35:18,311][flwr][DEBUG] - fit_round 75: strategy sampled 10 clients (out of 50)
[2024-05-15 19:36:09,100][flwr][DEBUG] - fit_round 75 received 10 results and 0 failures
[2024-05-15 19:36:13,369][flwr][INFO] - fit progress: (75, 9.58413466764614, {'accuracy': 0.9675}, 4443.938694052398)
[2024-05-15 19:36:13,369][flwr][DEBUG] - evaluate_round 75: strategy sampled 1 clients (out of 50)
[2024-05-15 19:36:17,315][flwr][DEBUG] - evaluate_round 75 received 1 results and 0 failures
[2024-05-15 19:36:17,316][flwr][DEBUG] - fit_round 76: strategy sampled 10 clients (out of 50)
[2024-05-15 19:37:07,655][flwr][DEBUG] - fit_round 76 received 10 results and 0 failures
[2024-05-15 19:37:11,904][flwr][INFO] - fit progress: (76, 9.160086203999526, {'accuracy': 0.972}, 4502.47363467142)
[2024-05-15 19:37:11,904][flwr][DEBUG] - evaluate_round 76: strategy sampled 1 clients (out of 50)
[2024-05-15 19:37:15,846][flwr][DEBUG] - evaluate_round 76 received 1 results and 0 failures
[2024-05-15 19:37:15,846][flwr][DEBUG] - fit_round 77: strategy sampled 10 clients (out of 50)
[2024-05-15 19:38:07,229][flwr][DEBUG] - fit_round 77 received 10 results and 0 failures
[2024-05-15 19:38:11,485][flwr][INFO] - fit progress: (77, 9.60332979875966, {'accuracy': 0.9721}, 4562.054065652192)
[2024-05-15 19:38:11,485][flwr][DEBUG] - evaluate_round 77: strategy sampled 1 clients (out of 50)
[2024-05-15 19:38:15,498][flwr][DEBUG] - evaluate_round 77 received 1 results and 0 failures
[2024-05-15 19:38:15,499][flwr][DEBUG] - fit_round 78: strategy sampled 10 clients (out of 50)
[2024-05-15 19:39:06,074][flwr][DEBUG] - fit_round 78 received 10 results and 0 failures
[2024-05-15 19:39:10,338][flwr][INFO] - fit progress: (78, 8.684754243724456, {'accuracy': 0.9721}, 4620.9077732637525)
[2024-05-15 19:39:10,338][flwr][DEBUG] - evaluate_round 78: strategy sampled 1 clients (out of 50)
[2024-05-15 19:39:14,365][flwr][DEBUG] - evaluate_round 78 received 1 results and 0 failures
[2024-05-15 19:39:14,365][flwr][DEBUG] - fit_round 79: strategy sampled 10 clients (out of 50)
[2024-05-15 19:40:05,186][flwr][DEBUG] - fit_round 79 received 10 results and 0 failures
[2024-05-15 19:40:09,371][flwr][INFO] - fit progress: (79, 9.778449498223381, {'accuracy': 0.9724}, 4679.940475434065)
[2024-05-15 19:40:09,371][flwr][DEBUG] - evaluate_round 79: strategy sampled 1 clients (out of 50)
[2024-05-15 19:40:13,309][flwr][DEBUG] - evaluate_round 79 received 1 results and 0 failures
[2024-05-15 19:40:13,310][flwr][DEBUG] - fit_round 80: strategy sampled 10 clients (out of 50)
[2024-05-15 19:41:04,596][flwr][DEBUG] - fit_round 80 received 10 results and 0 failures
[2024-05-15 19:41:08,873][flwr][INFO] - fit progress: (80, 10.041061552241445, {'accuracy': 0.9681}, 4739.442320842296)
[2024-05-15 19:41:08,873][flwr][DEBUG] - evaluate_round 80: strategy sampled 1 clients (out of 50)
[2024-05-15 19:41:12,925][flwr][DEBUG] - evaluate_round 80 received 1 results and 0 failures
[2024-05-15 19:41:12,926][flwr][DEBUG] - fit_round 81: strategy sampled 10 clients (out of 50)
[2024-05-15 19:42:03,627][flwr][DEBUG] - fit_round 81 received 10 results and 0 failures
[2024-05-15 19:42:08,006][flwr][INFO] - fit progress: (81, 10.430351124778099, {'accuracy': 0.9721}, 4798.5751119069755)
[2024-05-15 19:42:08,006][flwr][DEBUG] - evaluate_round 81: strategy sampled 1 clients (out of 50)
[2024-05-15 19:42:12,028][flwr][DEBUG] - evaluate_round 81 received 1 results and 0 failures
[2024-05-15 19:42:12,029][flwr][DEBUG] - fit_round 82: strategy sampled 10 clients (out of 50)
[2024-05-15 19:43:02,856][flwr][DEBUG] - fit_round 82 received 10 results and 0 failures
[2024-05-15 19:43:07,113][flwr][INFO] - fit progress: (82, 9.59169371365715, {'accuracy': 0.9724}, 4857.682834893465)
[2024-05-15 19:43:07,114][flwr][DEBUG] - evaluate_round 82: strategy sampled 1 clients (out of 50)
[2024-05-15 19:43:11,087][flwr][DEBUG] - evaluate_round 82 received 1 results and 0 failures
[2024-05-15 19:43:11,088][flwr][DEBUG] - fit_round 83: strategy sampled 10 clients (out of 50)
[2024-05-15 19:44:01,567][flwr][DEBUG] - fit_round 83 received 10 results and 0 failures
[2024-05-15 19:44:05,812][flwr][INFO] - fit progress: (83, 10.17814525635913, {'accuracy': 0.9699}, 4916.38181206584)
[2024-05-15 19:44:05,813][flwr][DEBUG] - evaluate_round 83: strategy sampled 1 clients (out of 50)
[2024-05-15 19:44:09,763][flwr][DEBUG] - evaluate_round 83 received 1 results and 0 failures
[2024-05-15 19:44:09,764][flwr][DEBUG] - fit_round 84: strategy sampled 10 clients (out of 50)
[2024-05-15 19:45:00,571][flwr][DEBUG] - fit_round 84 received 10 results and 0 failures
[2024-05-15 19:45:04,816][flwr][INFO] - fit progress: (84, 10.540258708177134, {'accuracy': 0.9665}, 4975.385852605104)
[2024-05-15 19:45:04,817][flwr][DEBUG] - evaluate_round 84: strategy sampled 1 clients (out of 50)
[2024-05-15 19:45:08,772][flwr][DEBUG] - evaluate_round 84 received 1 results and 0 failures
[2024-05-15 19:45:08,773][flwr][DEBUG] - fit_round 85: strategy sampled 10 clients (out of 50)
[2024-05-15 19:45:59,884][flwr][DEBUG] - fit_round 85 received 10 results and 0 failures
[2024-05-15 19:46:04,148][flwr][INFO] - fit progress: (85, 9.195515731262276, {'accuracy': 0.9718}, 5034.717568319291)
[2024-05-15 19:46:04,148][flwr][DEBUG] - evaluate_round 85: strategy sampled 1 clients (out of 50)
[2024-05-15 19:46:08,139][flwr][DEBUG] - evaluate_round 85 received 1 results and 0 failures
[2024-05-15 19:46:08,140][flwr][DEBUG] - fit_round 86: strategy sampled 10 clients (out of 50)
[2024-05-15 19:46:59,045][flwr][DEBUG] - fit_round 86 received 10 results and 0 failures
[2024-05-15 19:47:03,334][flwr][INFO] - fit progress: (86, 9.935180603060871, {'accuracy': 0.9687}, 5093.90321348235)
[2024-05-15 19:47:03,334][flwr][DEBUG] - evaluate_round 86: strategy sampled 1 clients (out of 50)
[2024-05-15 19:47:07,322][flwr][DEBUG] - evaluate_round 86 received 1 results and 0 failures
[2024-05-15 19:47:07,323][flwr][DEBUG] - fit_round 87: strategy sampled 10 clients (out of 50)
[2024-05-15 19:47:58,156][flwr][DEBUG] - fit_round 87 received 10 results and 0 failures
[2024-05-15 19:48:02,420][flwr][INFO] - fit progress: (87, 9.682421430945396, {'accuracy': 0.9698}, 5152.989044249058)
[2024-05-15 19:48:02,420][flwr][DEBUG] - evaluate_round 87: strategy sampled 1 clients (out of 50)
[2024-05-15 19:48:06,423][flwr][DEBUG] - evaluate_round 87 received 1 results and 0 failures
[2024-05-15 19:48:06,424][flwr][DEBUG] - fit_round 88: strategy sampled 10 clients (out of 50)
[2024-05-15 19:48:57,626][flwr][DEBUG] - fit_round 88 received 10 results and 0 failures
[2024-05-15 19:49:01,891][flwr][INFO] - fit progress: (88, 10.143199860816821, {'accuracy': 0.9725}, 5212.46066198498)
[2024-05-15 19:49:01,891][flwr][DEBUG] - evaluate_round 88: strategy sampled 1 clients (out of 50)
[2024-05-15 19:49:05,830][flwr][DEBUG] - evaluate_round 88 received 1 results and 0 failures
[2024-05-15 19:49:05,831][flwr][DEBUG] - fit_round 89: strategy sampled 10 clients (out of 50)
[2024-05-15 19:49:56,539][flwr][DEBUG] - fit_round 89 received 10 results and 0 failures
[2024-05-15 19:50:00,800][flwr][INFO] - fit progress: (89, 8.618387358827022, {'accuracy': 0.9742}, 5271.369584236294)
[2024-05-15 19:50:00,800][flwr][DEBUG] - evaluate_round 89: strategy sampled 1 clients (out of 50)
[2024-05-15 19:50:04,738][flwr][DEBUG] - evaluate_round 89 received 1 results and 0 failures
[2024-05-15 19:50:04,738][flwr][DEBUG] - fit_round 90: strategy sampled 10 clients (out of 50)
[2024-05-15 19:50:55,416][flwr][DEBUG] - fit_round 90 received 10 results and 0 failures
[2024-05-15 19:50:59,648][flwr][INFO] - fit progress: (90, 8.823119472494, {'accuracy': 0.9728}, 5330.217416927218)
[2024-05-15 19:50:59,648][flwr][DEBUG] - evaluate_round 90: strategy sampled 1 clients (out of 50)
[2024-05-15 19:51:03,600][flwr][DEBUG] - evaluate_round 90 received 1 results and 0 failures
[2024-05-15 19:51:03,600][flwr][DEBUG] - fit_round 91: strategy sampled 10 clients (out of 50)
[2024-05-15 19:51:54,514][flwr][DEBUG] - fit_round 91 received 10 results and 0 failures
[2024-05-15 19:51:58,736][flwr][INFO] - fit progress: (91, 9.124623190531565, {'accuracy': 0.9716}, 5389.305244427174)
[2024-05-15 19:51:58,736][flwr][DEBUG] - evaluate_round 91: strategy sampled 1 clients (out of 50)
[2024-05-15 19:52:02,714][flwr][DEBUG] - evaluate_round 91 received 1 results and 0 failures
[2024-05-15 19:52:02,714][flwr][DEBUG] - fit_round 92: strategy sampled 10 clients (out of 50)
[2024-05-15 19:52:53,515][flwr][DEBUG] - fit_round 92 received 10 results and 0 failures
[2024-05-15 19:52:57,774][flwr][INFO] - fit progress: (92, 9.885131799545434, {'accuracy': 0.9747}, 5448.34383751452)
[2024-05-15 19:52:57,775][flwr][DEBUG] - evaluate_round 92: strategy sampled 1 clients (out of 50)
[2024-05-15 19:53:01,763][flwr][DEBUG] - evaluate_round 92 received 1 results and 0 failures
[2024-05-15 19:53:01,764][flwr][DEBUG] - fit_round 93: strategy sampled 10 clients (out of 50)
[2024-05-15 19:53:52,949][flwr][DEBUG] - fit_round 93 received 10 results and 0 failures
[2024-05-15 19:53:57,161][flwr][INFO] - fit progress: (93, 10.104595896206774, {'accuracy': 0.9737}, 5507.730045512319)
[2024-05-15 19:53:57,161][flwr][DEBUG] - evaluate_round 93: strategy sampled 1 clients (out of 50)
[2024-05-15 19:54:01,148][flwr][DEBUG] - evaluate_round 93 received 1 results and 0 failures
[2024-05-15 19:54:01,149][flwr][DEBUG] - fit_round 94: strategy sampled 10 clients (out of 50)
[2024-05-15 19:54:52,300][flwr][DEBUG] - fit_round 94 received 10 results and 0 failures
[2024-05-15 19:54:56,556][flwr][INFO] - fit progress: (94, 10.16310023882761, {'accuracy': 0.9723}, 5567.125690497458)
[2024-05-15 19:54:56,556][flwr][DEBUG] - evaluate_round 94: strategy sampled 1 clients (out of 50)
[2024-05-15 19:55:00,538][flwr][DEBUG] - evaluate_round 94 received 1 results and 0 failures
[2024-05-15 19:55:00,539][flwr][DEBUG] - fit_round 95: strategy sampled 10 clients (out of 50)
[2024-05-15 19:55:51,536][flwr][DEBUG] - fit_round 95 received 10 results and 0 failures
[2024-05-15 19:55:55,760][flwr][INFO] - fit progress: (95, 9.992579563450363, {'accuracy': 0.9737}, 5626.329789724201)
[2024-05-15 19:55:55,760][flwr][DEBUG] - evaluate_round 95: strategy sampled 1 clients (out of 50)
[2024-05-15 19:55:59,622][flwr][DEBUG] - evaluate_round 95 received 1 results and 0 failures
[2024-05-15 19:55:59,623][flwr][DEBUG] - fit_round 96: strategy sampled 10 clients (out of 50)
[2024-05-15 19:56:50,663][flwr][DEBUG] - fit_round 96 received 10 results and 0 failures
[2024-05-15 19:56:54,919][flwr][INFO] - fit progress: (96, 9.948460305696813, {'accuracy': 0.9748}, 5685.4882093295455)
[2024-05-15 19:56:54,919][flwr][DEBUG] - evaluate_round 96: strategy sampled 1 clients (out of 50)
[2024-05-15 19:56:58,886][flwr][DEBUG] - evaluate_round 96 received 1 results and 0 failures
[2024-05-15 19:56:58,887][flwr][DEBUG] - fit_round 97: strategy sampled 10 clients (out of 50)
[2024-05-15 19:57:50,303][flwr][DEBUG] - fit_round 97 received 10 results and 0 failures
[2024-05-15 19:57:54,519][flwr][INFO] - fit progress: (97, 9.123350481630041, {'accuracy': 0.9747}, 5745.088790990412)
[2024-05-15 19:57:54,519][flwr][DEBUG] - evaluate_round 97: strategy sampled 1 clients (out of 50)
[2024-05-15 19:57:58,488][flwr][DEBUG] - evaluate_round 97 received 1 results and 0 failures
[2024-05-15 19:57:58,489][flwr][DEBUG] - fit_round 98: strategy sampled 10 clients (out of 50)
[2024-05-15 19:58:49,117][flwr][DEBUG] - fit_round 98 received 10 results and 0 failures
[2024-05-15 19:58:53,350][flwr][INFO] - fit progress: (98, 9.291806517103396, {'accuracy': 0.9736}, 5803.919587697834)
[2024-05-15 19:58:53,350][flwr][DEBUG] - evaluate_round 98: strategy sampled 1 clients (out of 50)
[2024-05-15 19:58:57,326][flwr][DEBUG] - evaluate_round 98 received 1 results and 0 failures
[2024-05-15 19:58:57,327][flwr][DEBUG] - fit_round 99: strategy sampled 10 clients (out of 50)
[2024-05-15 19:59:47,836][flwr][DEBUG] - fit_round 99 received 10 results and 0 failures
[2024-05-15 19:59:52,060][flwr][INFO] - fit progress: (99, 9.258186723516701, {'accuracy': 0.9735}, 5862.629663322121)
[2024-05-15 19:59:52,060][flwr][DEBUG] - evaluate_round 99: strategy sampled 1 clients (out of 50)
[2024-05-15 19:59:56,056][flwr][DEBUG] - evaluate_round 99 received 1 results and 0 failures
[2024-05-15 19:59:56,057][flwr][DEBUG] - fit_round 100: strategy sampled 10 clients (out of 50)
[2024-05-15 20:00:47,036][flwr][DEBUG] - fit_round 100 received 10 results and 0 failures
[2024-05-15 20:00:51,250][flwr][INFO] - fit progress: (100, 18.479078851640224, {'accuracy': 0.9337}, 5921.819166254252)
[2024-05-15 20:00:51,250][flwr][DEBUG] - evaluate_round 100: strategy sampled 1 clients (out of 50)
[2024-05-15 20:00:55,176][flwr][DEBUG] - evaluate_round 100 received 1 results and 0 failures
[2024-05-15 20:00:55,176][flwr][INFO] - FL finished in 5925.7454176060855
[2024-05-15 20:00:55,281][flwr][INFO] - app_fit: losses_distributed [(1, 8.728845238685608), (2, 14.149722576141357), (3, 11.902327060699463), (4, 17.83553171157837), (5, 10.197115506380214), (6, 17.98747944831848), (7, 14.904586017131805), (8, 13.761899065226316), (9, 5.017871708609164), (10, 4.30626305937767), (11, 9.1873908738267), (12, 7.24208864569664), (13, 5.068605750799179), (14, 6.199361020699143), (15, 6.226745963096619), (16, 3.1233238577842712), (17, 3.147888347506523), (18, 2.422119258902967), (19, 0.8585226610302925), (20, 1.3967748153954744), (21, 1.5545059889554977), (22, 2.0369385585654527), (23, 0.8484647460281849), (24, 0.5557519448921084), (25, 0.4551021084189415), (26, 1.6378745213150978), (27, 0.8678512386977673), (28, 1.8039898723363876), (29, 0.9006116543896496), (30, 1.7340754941105843), (31, 1.2323025870136917), (32, 0.938815024564974), (33, 1.0362248197197914), (34, 0.17711258167400956), (35, 1.112404614686966), (36, 1.0846196827478707), (37, 0.5550289745442569), (38, 0.9775871189776808), (39, 1.0142765194177628), (40, 1.0880454424768686), (41, 0.7619543578475714), (42, 0.8700198004953563), (43, 0.8064104206860065), (44, 1.6960762292146683), (45, 0.6421440951526165), (46, 1.3446691520512104), (47, 1.507976446300745), (48, 0.5004267962649465), (49, 0.8072280116030015), (50, 0.7527540996670723), (51, 1.2959549874067307), (52, 0.6906346557661891), (53, 0.5727532792370766), (54, 1.1958693824708462), (55, 0.8268698863685131), (56, 0.525475780130364), (57, 0.8520414874074049), (58, 1.4842807110399008), (59, 1.304362565279007), (60, 0.37792215902300086), (61, 0.2787117119587492), (62, 0.11508424067869782), (63, 0.3941375019494444), (64, 0.2923289855243638), (65, 1.0178314775694162), (66, 0.5182786025106907), (67, 0.6961092222481966), (68, 1.1044664159417152), (69, 0.2785618545021862), (70, 0.4417406360789755), (71, 0.9419195912778378), (72, 1.1046170825138688), (73, 0.2689757875050418), (74, 0.8430707128718495), (75, 0.057805157150141895), (76, 0.6431133560836315), (77, 0.5040297633240698), (78, 1.378623147145845), (79, 1.1633868190592693), (80, 0.3450082428753376), (81, 0.36184830451384187), (82, 0.08357654856445151), (83, 0.8661019578576088), (84, 1.2146492609754205), (85, 0.7942703254520893), (86, 1.1366304866969585), (87, 0.20041920710355043), (88, 1.1603058523032814), (89, 0.25466227350989357), (90, 0.11532933387206867), (91, 0.7102627654494427), (92, 0.744666839716956), (93, 0.30454841756727546), (94, 0.7742884382605553), (95, 0.6620193962007761), (96, 1.4990421757102013), (97, 0.042964688094798476), (98, 0.3307835681043798), (99, 0.6670739743858576), (100, 0.893245168030262)]
[2024-05-15 20:00:55,281][flwr][INFO] - app_fit: metrics_distributed_fit {}
[2024-05-15 20:00:55,281][flwr][INFO] - app_fit: metrics_distributed {}
[2024-05-15 20:00:55,281][flwr][INFO] - app_fit: losses_centralized [(0, 193.48381853103638), (1, 151.44206309318542), (2, 216.9522763490677), (3, 214.79618549346924), (4, 208.48525593150407), (5, 215.2224151007831), (6, 180.46440778672695), (7, 190.22950349008534), (8, 147.11405827477574), (9, 143.37821815244388), (10, 149.38204424083233), (11, 111.65659945606603), (12, 78.51004476117669), (13, 61.07771716453135), (14, 54.054687039228156), (15, 98.51245957612991), (16, 37.96253945794888), (17, 30.535354386549443), (18, 26.49215281882789), (19, 24.351464306004345), (20, 22.247278681083117), (21, 22.416464412759524), (22, 20.720188172534108), (23, 18.8134239660576), (24, 19.005331144668162), (25, 18.024686901131645), (26, 19.162027990445495), (27, 16.205698386998847), (28, 15.441435450688004), (29, 15.904568303609267), (30, 14.756150217493996), (31, 14.723506915557664), (32, 14.70397073251661), (33, 13.773169500520453), (34, 14.192871057952289), (35, 15.771838076412678), (36, 12.580558071058476), (37, 12.006566821364686), (38, 12.305356677388772), (39, 13.95964352414012), (40, 11.600890944013372), (41, 13.712215259671211), (42, 12.019779290596489), (43, 11.321087276213802), (44, 21.585435666143894), (45, 10.95592641737312), (46, 11.300752689756337), (47, 12.07069316576235), (48, 11.073327193545992), (49, 11.226981443658588), (50, 10.905679698174936), (51, 11.205187452498649), (52, 10.129672119597672), (53, 10.62857345561497), (54, 10.963734903605655), (55, 10.241644046684087), (56, 11.04553457183647), (57, 10.759177105232084), (58, 10.654708457775996), (59, 9.70052883925382), (60, 9.636155723783304), (61, 10.077309812959356), (62, 9.146985629340634), (63, 9.510348977986723), (64, 9.741831416045898), (65, 9.969452606339473), (66, 9.425810678614653), (67, 9.302372381294845), (68, 16.37017161771655), (69, 10.291160115084494), (70, 9.957104806291682), (71, 9.936698671270278), (72, 9.964275635706144), (73, 9.399104884432745), (74, 9.979280343803111), (75, 9.58413466764614), (76, 9.160086203999526), (77, 9.60332979875966), (78, 8.684754243724456), (79, 9.778449498223381), (80, 10.041061552241445), (81, 10.430351124778099), (82, 9.59169371365715), (83, 10.17814525635913), (84, 10.540258708177134), (85, 9.195515731262276), (86, 9.935180603060871), (87, 9.682421430945396), (88, 10.143199860816821), (89, 8.618387358827022), (90, 8.823119472494), (91, 9.124623190531565), (92, 9.885131799545434), (93, 10.104595896206774), (94, 10.16310023882761), (95, 9.992579563450363), (96, 9.948460305696813), (97, 9.123350481630041), (98, 9.291806517103396), (99, 9.258186723516701), (100, 18.479078851640224)]
[2024-05-15 20:00:55,281][flwr][INFO] - app_fit: metrics_centralized {'accuracy': [(0, 0.0971), (1, 0.649), (2, 0.5648), (3, 0.792), (4, 0.8306), (5, 0.8676), (6, 0.8764), (7, 0.8731), (8, 0.8818), (9, 0.8883), (10, 0.8039), (11, 0.897), (12, 0.896), (13, 0.9045), (14, 0.9067), (15, 0.6922), (16, 0.9105), (17, 0.9127), (18, 0.9239), (19, 0.9253), (20, 0.9305), (21, 0.9335), (22, 0.9358), (23, 0.9366), (24, 0.9345), (25, 0.9352), (26, 0.9334), (27, 0.9428), (28, 0.9434), (29, 0.9424), (30, 0.9512), (31, 0.9502), (32, 0.9528), (33, 0.953), (34, 0.9532), (35, 0.9415), (36, 0.9571), (37, 0.9555), (38, 0.9556), (39, 0.9454), (40, 0.958), (41, 0.95), (42, 0.9602), (43, 0.9608), (44, 0.9311), (45, 0.9612), (46, 0.9629), (47, 0.9587), (48, 0.9635), (49, 0.9655), (50, 0.9652), (51, 0.9646), (52, 0.9656), (53, 0.9671), (54, 0.9604), (55, 0.9668), (56, 0.966), (57, 0.9689), (58, 0.9682), (59, 0.9678), (60, 0.9694), (61, 0.9702), (62, 0.9665), (63, 0.966), (64, 0.9693), (65, 0.969), (66, 0.9692), (67, 0.9688), (68, 0.9438), (69, 0.9681), (70, 0.9713), (71, 0.9687), (72, 0.9709), (73, 0.971), (74, 0.9686), (75, 0.9675), (76, 0.972), (77, 0.9721), (78, 0.9721), (79, 0.9724), (80, 0.9681), (81, 0.9721), (82, 0.9724), (83, 0.9699), (84, 0.9665), (85, 0.9718), (86, 0.9687), (87, 0.9698), (88, 0.9725), (89, 0.9742), (90, 0.9728), (91, 0.9716), (92, 0.9747), (93, 0.9737), (94, 0.9723), (95, 0.9737), (96, 0.9748), (97, 0.9747), (98, 0.9736), (99, 0.9735), (100, 0.9337)]}
