[2024-06-01 03:46:54,770][flwr][INFO] - Starting Flower simulation, config: ServerConfig(num_rounds=100, round_timeout=None)
[2024-06-01 03:46:56,853][flwr][INFO] - Flower VCE: Ray initialized with resources: {'memory': 83142488679.0, 'object_store_memory': 39918209433.0, 'GPU': 2.0, 'accelerator_type:G': 1.0, 'node:172.17.34.3': 1.0, 'CPU': 24.0}
[2024-06-01 03:46:56,854][flwr][INFO] - Initializing global parameters
[2024-06-01 03:46:56,854][flwr][INFO] - Requesting initial parameters from one random client
[2024-06-01 03:46:58,054][flwr][INFO] - Received initial parameters from one random client
[2024-06-01 03:46:58,054][flwr][INFO] - Evaluating initial parameters
[2024-06-01 03:46:59,450][flwr][INFO] - initial parameters (loss, other metrics): 179.76561045646667, {'accuracy': 0.1}
[2024-06-01 03:46:59,450][flwr][INFO] - FL starting
[2024-06-01 03:46:59,450][flwr][DEBUG] - fit_round 1: strategy sampled 10 clients (out of 50)
[2024-06-01 03:47:03,746][flwr][DEBUG] - fit_round 1 received 10 results and 0 failures
[2024-06-01 03:47:05,476][flwr][WARNING] - No fit_metrics_aggregation_fn provided
[2024-06-01 03:47:05,894][flwr][INFO] - fit progress: (1, 186.4921041727066, {'accuracy': 0.6884}, 6.443753072991967)
[2024-06-01 03:47:05,894][flwr][DEBUG] - evaluate_round 1: strategy sampled 1 clients (out of 50)
[2024-06-01 03:47:06,180][flwr][DEBUG] - evaluate_round 1 received 1 results and 0 failures
[2024-06-01 03:47:06,180][flwr][WARNING] - No evaluate_metrics_aggregation_fn provided
[2024-06-01 03:47:06,181][flwr][DEBUG] - fit_round 2: strategy sampled 10 clients (out of 50)
[2024-06-01 03:47:08,661][flwr][DEBUG] - fit_round 2 received 10 results and 0 failures
[2024-06-01 03:47:10,795][flwr][INFO] - fit progress: (2, 137.22703331708908, {'accuracy': 0.7414}, 11.344616685062647)
[2024-06-01 03:47:10,795][flwr][DEBUG] - evaluate_round 2: strategy sampled 1 clients (out of 50)
[2024-06-01 03:47:11,064][flwr][DEBUG] - evaluate_round 2 received 1 results and 0 failures
[2024-06-01 03:47:11,064][flwr][DEBUG] - fit_round 3: strategy sampled 10 clients (out of 50)
[2024-06-01 03:47:12,906][flwr][DEBUG] - fit_round 3 received 10 results and 0 failures
[2024-06-01 03:47:15,041][flwr][INFO] - fit progress: (3, 269.31407284736633, {'accuracy': 0.7188}, 15.590931688901037)
[2024-06-01 03:47:15,041][flwr][DEBUG] - evaluate_round 3: strategy sampled 1 clients (out of 50)
[2024-06-01 03:47:15,326][flwr][DEBUG] - evaluate_round 3 received 1 results and 0 failures
[2024-06-01 03:47:15,326][flwr][DEBUG] - fit_round 4: strategy sampled 10 clients (out of 50)
[2024-06-01 03:47:16,935][flwr][DEBUG] - fit_round 4 received 10 results and 0 failures
[2024-06-01 03:47:19,084][flwr][INFO] - fit progress: (4, 314.7243571281433, {'accuracy': 0.6305}, 19.63359630992636)
[2024-06-01 03:47:19,084][flwr][DEBUG] - evaluate_round 4: strategy sampled 1 clients (out of 50)
[2024-06-01 03:47:19,373][flwr][DEBUG] - evaluate_round 4 received 1 results and 0 failures
[2024-06-01 03:47:19,374][flwr][DEBUG] - fit_round 5: strategy sampled 10 clients (out of 50)
[2024-06-01 03:47:21,027][flwr][DEBUG] - fit_round 5 received 10 results and 0 failures
[2024-06-01 03:47:23,160][flwr][INFO] - fit progress: (5, 168.1011644601822, {'accuracy': 0.7347}, 23.710060788784176)
[2024-06-01 03:47:23,160][flwr][DEBUG] - evaluate_round 5: strategy sampled 1 clients (out of 50)
[2024-06-01 03:47:23,443][flwr][DEBUG] - evaluate_round 5 received 1 results and 0 failures
[2024-06-01 03:47:23,443][flwr][DEBUG] - fit_round 6: strategy sampled 10 clients (out of 50)
[2024-06-01 03:47:25,149][flwr][DEBUG] - fit_round 6 received 10 results and 0 failures
[2024-06-01 03:47:27,280][flwr][INFO] - fit progress: (6, 228.84730446338654, {'accuracy': 0.7977}, 27.829989579040557)
[2024-06-01 03:47:27,280][flwr][DEBUG] - evaluate_round 6: strategy sampled 1 clients (out of 50)
[2024-06-01 03:47:27,559][flwr][DEBUG] - evaluate_round 6 received 1 results and 0 failures
[2024-06-01 03:47:27,559][flwr][DEBUG] - fit_round 7: strategy sampled 10 clients (out of 50)
[2024-06-01 03:47:29,413][flwr][DEBUG] - fit_round 7 received 10 results and 0 failures
[2024-06-01 03:47:31,546][flwr][INFO] - fit progress: (7, 289.19251227378845, {'accuracy': 0.6703}, 32.09582221508026)
[2024-06-01 03:47:31,546][flwr][DEBUG] - evaluate_round 7: strategy sampled 1 clients (out of 50)
[2024-06-01 03:47:31,821][flwr][DEBUG] - evaluate_round 7 received 1 results and 0 failures
[2024-06-01 03:47:31,821][flwr][DEBUG] - fit_round 8: strategy sampled 10 clients (out of 50)
[2024-06-01 03:47:33,450][flwr][DEBUG] - fit_round 8 received 10 results and 0 failures
[2024-06-01 03:47:35,559][flwr][INFO] - fit progress: (8, 82.71869507431984, {'accuracy': 0.8188}, 36.10833016876131)
[2024-06-01 03:47:35,559][flwr][DEBUG] - evaluate_round 8: strategy sampled 1 clients (out of 50)
[2024-06-01 03:47:35,822][flwr][DEBUG] - evaluate_round 8 received 1 results and 0 failures
[2024-06-01 03:47:35,822][flwr][DEBUG] - fit_round 9: strategy sampled 10 clients (out of 50)
[2024-06-01 03:47:37,462][flwr][DEBUG] - fit_round 9 received 10 results and 0 failures
[2024-06-01 03:47:39,586][flwr][INFO] - fit progress: (9, 366.151650428772, {'accuracy': 0.7312}, 40.13617079379037)
[2024-06-01 03:47:39,587][flwr][DEBUG] - evaluate_round 9: strategy sampled 1 clients (out of 50)
[2024-06-01 03:47:39,879][flwr][DEBUG] - evaluate_round 9 received 1 results and 0 failures
[2024-06-01 03:47:39,879][flwr][DEBUG] - fit_round 10: strategy sampled 10 clients (out of 50)
[2024-06-01 03:47:41,508][flwr][DEBUG] - fit_round 10 received 10 results and 0 failures
[2024-06-01 03:47:43,631][flwr][INFO] - fit progress: (10, 169.3641872406006, {'accuracy': 0.7289}, 44.18099945411086)
[2024-06-01 03:47:43,631][flwr][DEBUG] - evaluate_round 10: strategy sampled 1 clients (out of 50)
[2024-06-01 03:47:43,969][flwr][DEBUG] - evaluate_round 10 received 1 results and 0 failures
[2024-06-01 03:47:43,969][flwr][DEBUG] - fit_round 11: strategy sampled 10 clients (out of 50)
[2024-06-01 03:47:45,640][flwr][DEBUG] - fit_round 11 received 10 results and 0 failures
[2024-06-01 03:47:47,756][flwr][INFO] - fit progress: (11, 196.99210274219513, {'accuracy': 0.7565}, 48.30584532208741)
[2024-06-01 03:47:47,756][flwr][DEBUG] - evaluate_round 11: strategy sampled 1 clients (out of 50)
[2024-06-01 03:47:48,033][flwr][DEBUG] - evaluate_round 11 received 1 results and 0 failures
[2024-06-01 03:47:48,033][flwr][DEBUG] - fit_round 12: strategy sampled 10 clients (out of 50)
[2024-06-01 03:47:49,752][flwr][DEBUG] - fit_round 12 received 10 results and 0 failures
[2024-06-01 03:47:51,870][flwr][INFO] - fit progress: (12, 69.25888374447823, {'accuracy': 0.8403}, 52.41953715775162)
[2024-06-01 03:47:51,870][flwr][DEBUG] - evaluate_round 12: strategy sampled 1 clients (out of 50)
[2024-06-01 03:47:52,149][flwr][DEBUG] - evaluate_round 12 received 1 results and 0 failures
[2024-06-01 03:47:52,149][flwr][DEBUG] - fit_round 13: strategy sampled 10 clients (out of 50)
[2024-06-01 03:47:53,946][flwr][DEBUG] - fit_round 13 received 10 results and 0 failures
[2024-06-01 03:47:56,056][flwr][INFO] - fit progress: (13, 128.8914651274681, {'accuracy': 0.781}, 56.60600398806855)
[2024-06-01 03:47:56,056][flwr][DEBUG] - evaluate_round 13: strategy sampled 1 clients (out of 50)
[2024-06-01 03:47:56,342][flwr][DEBUG] - evaluate_round 13 received 1 results and 0 failures
[2024-06-01 03:47:56,342][flwr][DEBUG] - fit_round 14: strategy sampled 10 clients (out of 50)
[2024-06-01 03:47:57,994][flwr][DEBUG] - fit_round 14 received 10 results and 0 failures
[2024-06-01 03:48:00,103][flwr][INFO] - fit progress: (14, 58.476601670496166, {'accuracy': 0.8572}, 60.65292457398027)
[2024-06-01 03:48:00,103][flwr][DEBUG] - evaluate_round 14: strategy sampled 1 clients (out of 50)
[2024-06-01 03:48:00,356][flwr][DEBUG] - evaluate_round 14 received 1 results and 0 failures
[2024-06-01 03:48:00,357][flwr][DEBUG] - fit_round 15: strategy sampled 10 clients (out of 50)
[2024-06-01 03:48:02,013][flwr][DEBUG] - fit_round 15 received 10 results and 0 failures
[2024-06-01 03:48:04,120][flwr][INFO] - fit progress: (15, 65.98499750345945, {'accuracy': 0.8401}, 64.67014544270933)
[2024-06-01 03:48:04,121][flwr][DEBUG] - evaluate_round 15: strategy sampled 1 clients (out of 50)
[2024-06-01 03:48:04,397][flwr][DEBUG] - evaluate_round 15 received 1 results and 0 failures
[2024-06-01 03:48:04,398][flwr][DEBUG] - fit_round 16: strategy sampled 10 clients (out of 50)
[2024-06-01 03:48:06,047][flwr][DEBUG] - fit_round 16 received 10 results and 0 failures
[2024-06-01 03:48:08,177][flwr][INFO] - fit progress: (16, 107.63211673498154, {'accuracy': 0.8005}, 68.7265180987306)
[2024-06-01 03:48:08,177][flwr][DEBUG] - evaluate_round 16: strategy sampled 1 clients (out of 50)
[2024-06-01 03:48:08,455][flwr][DEBUG] - evaluate_round 16 received 1 results and 0 failures
[2024-06-01 03:48:08,455][flwr][DEBUG] - fit_round 17: strategy sampled 10 clients (out of 50)
[2024-06-01 03:48:10,203][flwr][DEBUG] - fit_round 17 received 10 results and 0 failures
[2024-06-01 03:48:12,318][flwr][INFO] - fit progress: (17, 82.54119223356247, {'accuracy': 0.8193}, 72.86750606680289)
[2024-06-01 03:48:12,318][flwr][DEBUG] - evaluate_round 17: strategy sampled 1 clients (out of 50)
[2024-06-01 03:48:12,592][flwr][DEBUG] - evaluate_round 17 received 1 results and 0 failures
[2024-06-01 03:48:12,592][flwr][DEBUG] - fit_round 18: strategy sampled 10 clients (out of 50)
[2024-06-01 03:48:14,246][flwr][DEBUG] - fit_round 18 received 10 results and 0 failures
[2024-06-01 03:48:16,354][flwr][INFO] - fit progress: (18, 162.2478687763214, {'accuracy': 0.7217}, 76.90362306777388)
[2024-06-01 03:48:16,354][flwr][DEBUG] - evaluate_round 18: strategy sampled 1 clients (out of 50)
[2024-06-01 03:48:16,729][flwr][DEBUG] - evaluate_round 18 received 1 results and 0 failures
[2024-06-01 03:48:16,729][flwr][DEBUG] - fit_round 19: strategy sampled 10 clients (out of 50)
[2024-06-01 03:48:18,278][flwr][DEBUG] - fit_round 19 received 10 results and 0 failures
[2024-06-01 03:48:20,369][flwr][INFO] - fit progress: (19, 102.03459703922272, {'accuracy': 0.8171}, 80.91900157975033)
[2024-06-01 03:48:20,369][flwr][DEBUG] - evaluate_round 19: strategy sampled 1 clients (out of 50)
[2024-06-01 03:48:20,655][flwr][DEBUG] - evaluate_round 19 received 1 results and 0 failures
[2024-06-01 03:48:20,655][flwr][DEBUG] - fit_round 20: strategy sampled 10 clients (out of 50)
[2024-06-01 03:48:22,222][flwr][DEBUG] - fit_round 20 received 10 results and 0 failures
[2024-06-01 03:48:24,340][flwr][INFO] - fit progress: (20, 107.52493453025818, {'accuracy': 0.8374}, 84.88956550881267)
[2024-06-01 03:48:24,340][flwr][DEBUG] - evaluate_round 20: strategy sampled 1 clients (out of 50)
[2024-06-01 03:48:24,632][flwr][DEBUG] - evaluate_round 20 received 1 results and 0 failures
[2024-06-01 03:48:24,632][flwr][DEBUG] - fit_round 21: strategy sampled 10 clients (out of 50)
[2024-06-01 03:48:26,234][flwr][DEBUG] - fit_round 21 received 10 results and 0 failures
[2024-06-01 03:48:28,361][flwr][INFO] - fit progress: (21, 90.42711651325226, {'accuracy': 0.8134}, 88.91060842294246)
[2024-06-01 03:48:28,361][flwr][DEBUG] - evaluate_round 21: strategy sampled 1 clients (out of 50)
[2024-06-01 03:48:28,643][flwr][DEBUG] - evaluate_round 21 received 1 results and 0 failures
[2024-06-01 03:48:28,643][flwr][DEBUG] - fit_round 22: strategy sampled 10 clients (out of 50)
[2024-06-01 03:48:30,314][flwr][DEBUG] - fit_round 22 received 10 results and 0 failures
[2024-06-01 03:48:32,426][flwr][INFO] - fit progress: (22, 112.29547895491123, {'accuracy': 0.8314}, 92.97602730384097)
[2024-06-01 03:48:32,426][flwr][DEBUG] - evaluate_round 22: strategy sampled 1 clients (out of 50)
[2024-06-01 03:48:32,719][flwr][DEBUG] - evaluate_round 22 received 1 results and 0 failures
[2024-06-01 03:48:32,719][flwr][DEBUG] - fit_round 23: strategy sampled 10 clients (out of 50)
[2024-06-01 03:48:34,455][flwr][DEBUG] - fit_round 23 received 10 results and 0 failures
[2024-06-01 03:48:36,575][flwr][INFO] - fit progress: (23, 43.89418557938188, {'accuracy': 0.8897}, 97.1248644059524)
[2024-06-01 03:48:36,575][flwr][DEBUG] - evaluate_round 23: strategy sampled 1 clients (out of 50)
[2024-06-01 03:48:36,846][flwr][DEBUG] - evaluate_round 23 received 1 results and 0 failures
[2024-06-01 03:48:36,846][flwr][DEBUG] - fit_round 24: strategy sampled 10 clients (out of 50)
[2024-06-01 03:48:38,444][flwr][DEBUG] - fit_round 24 received 10 results and 0 failures
[2024-06-01 03:48:40,559][flwr][INFO] - fit progress: (24, 76.70880430936813, {'accuracy': 0.8648}, 101.10840646270663)
[2024-06-01 03:48:40,559][flwr][DEBUG] - evaluate_round 24: strategy sampled 1 clients (out of 50)
[2024-06-01 03:48:40,845][flwr][DEBUG] - evaluate_round 24 received 1 results and 0 failures
[2024-06-01 03:48:40,846][flwr][DEBUG] - fit_round 25: strategy sampled 10 clients (out of 50)
[2024-06-01 03:48:42,424][flwr][DEBUG] - fit_round 25 received 10 results and 0 failures
[2024-06-01 03:48:44,549][flwr][INFO] - fit progress: (25, 58.16683794558048, {'accuracy': 0.8608}, 105.09900736995041)
[2024-06-01 03:48:44,549][flwr][DEBUG] - evaluate_round 25: strategy sampled 1 clients (out of 50)
[2024-06-01 03:48:44,829][flwr][DEBUG] - evaluate_round 25 received 1 results and 0 failures
[2024-06-01 03:48:44,829][flwr][DEBUG] - fit_round 26: strategy sampled 10 clients (out of 50)
[2024-06-01 03:48:46,541][flwr][DEBUG] - fit_round 26 received 10 results and 0 failures
[2024-06-01 03:48:48,640][flwr][INFO] - fit progress: (26, 58.67232699692249, {'accuracy': 0.862}, 109.19017140194774)
[2024-06-01 03:48:48,641][flwr][DEBUG] - evaluate_round 26: strategy sampled 1 clients (out of 50)
[2024-06-01 03:48:48,928][flwr][DEBUG] - evaluate_round 26 received 1 results and 0 failures
[2024-06-01 03:48:48,928][flwr][DEBUG] - fit_round 27: strategy sampled 10 clients (out of 50)
[2024-06-01 03:48:50,624][flwr][DEBUG] - fit_round 27 received 10 results and 0 failures
[2024-06-01 03:48:52,737][flwr][INFO] - fit progress: (27, 82.52514930069447, {'accuracy': 0.845}, 113.2867899867706)
[2024-06-01 03:48:52,737][flwr][DEBUG] - evaluate_round 27: strategy sampled 1 clients (out of 50)
[2024-06-01 03:48:53,007][flwr][DEBUG] - evaluate_round 27 received 1 results and 0 failures
[2024-06-01 03:48:53,007][flwr][DEBUG] - fit_round 28: strategy sampled 10 clients (out of 50)
[2024-06-01 03:48:54,521][flwr][DEBUG] - fit_round 28 received 10 results and 0 failures
[2024-06-01 03:48:56,642][flwr][INFO] - fit progress: (28, 123.98167794942856, {'accuracy': 0.8137}, 117.19141304399818)
[2024-06-01 03:48:56,642][flwr][DEBUG] - evaluate_round 28: strategy sampled 1 clients (out of 50)
[2024-06-01 03:48:56,903][flwr][DEBUG] - evaluate_round 28 received 1 results and 0 failures
[2024-06-01 03:48:56,903][flwr][DEBUG] - fit_round 29: strategy sampled 10 clients (out of 50)
[2024-06-01 03:48:58,617][flwr][DEBUG] - fit_round 29 received 10 results and 0 failures
[2024-06-01 03:49:00,735][flwr][INFO] - fit progress: (29, 46.79191486351192, {'accuracy': 0.8739}, 121.28486044984311)
[2024-06-01 03:49:00,735][flwr][DEBUG] - evaluate_round 29: strategy sampled 1 clients (out of 50)
[2024-06-01 03:49:01,025][flwr][DEBUG] - evaluate_round 29 received 1 results and 0 failures
[2024-06-01 03:49:01,025][flwr][DEBUG] - fit_round 30: strategy sampled 10 clients (out of 50)
[2024-06-01 03:49:02,634][flwr][DEBUG] - fit_round 30 received 10 results and 0 failures
[2024-06-01 03:49:04,748][flwr][INFO] - fit progress: (30, 80.95244660973549, {'accuracy': 0.8086}, 125.29768097074702)
[2024-06-01 03:49:04,748][flwr][DEBUG] - evaluate_round 30: strategy sampled 1 clients (out of 50)
[2024-06-01 03:49:05,027][flwr][DEBUG] - evaluate_round 30 received 1 results and 0 failures
[2024-06-01 03:49:05,027][flwr][DEBUG] - fit_round 31: strategy sampled 10 clients (out of 50)
[2024-06-01 03:49:06,705][flwr][DEBUG] - fit_round 31 received 10 results and 0 failures
[2024-06-01 03:49:08,825][flwr][INFO] - fit progress: (31, 170.48364794254303, {'accuracy': 0.8122}, 129.37474437709898)
[2024-06-01 03:49:08,825][flwr][DEBUG] - evaluate_round 31: strategy sampled 1 clients (out of 50)
[2024-06-01 03:49:09,110][flwr][DEBUG] - evaluate_round 31 received 1 results and 0 failures
[2024-06-01 03:49:09,110][flwr][DEBUG] - fit_round 32: strategy sampled 10 clients (out of 50)
[2024-06-01 03:49:10,670][flwr][DEBUG] - fit_round 32 received 10 results and 0 failures
[2024-06-01 03:49:12,787][flwr][INFO] - fit progress: (32, 53.05908879637718, {'accuracy': 0.884}, 133.33656076481566)
[2024-06-01 03:49:12,787][flwr][DEBUG] - evaluate_round 32: strategy sampled 1 clients (out of 50)
[2024-06-01 03:49:13,072][flwr][DEBUG] - evaluate_round 32 received 1 results and 0 failures
[2024-06-01 03:49:13,073][flwr][DEBUG] - fit_round 33: strategy sampled 10 clients (out of 50)
[2024-06-01 03:49:14,699][flwr][DEBUG] - fit_round 33 received 10 results and 0 failures
[2024-06-01 03:49:16,823][flwr][INFO] - fit progress: (33, 53.21066376939416, {'accuracy': 0.8767}, 137.37242149887607)
[2024-06-01 03:49:16,823][flwr][DEBUG] - evaluate_round 33: strategy sampled 1 clients (out of 50)
[2024-06-01 03:49:17,103][flwr][DEBUG] - evaluate_round 33 received 1 results and 0 failures
[2024-06-01 03:49:17,103][flwr][DEBUG] - fit_round 34: strategy sampled 10 clients (out of 50)
[2024-06-01 03:49:18,788][flwr][DEBUG] - fit_round 34 received 10 results and 0 failures
[2024-06-01 03:49:20,890][flwr][INFO] - fit progress: (34, 106.6909130513668, {'accuracy': 0.8277}, 141.439579827711)
[2024-06-01 03:49:20,890][flwr][DEBUG] - evaluate_round 34: strategy sampled 1 clients (out of 50)
[2024-06-01 03:49:21,179][flwr][DEBUG] - evaluate_round 34 received 1 results and 0 failures
[2024-06-01 03:49:21,179][flwr][DEBUG] - fit_round 35: strategy sampled 10 clients (out of 50)
[2024-06-01 03:49:22,946][flwr][DEBUG] - fit_round 35 received 10 results and 0 failures
[2024-06-01 03:49:25,056][flwr][INFO] - fit progress: (35, 37.799760058522224, {'accuracy': 0.8969}, 145.60609310911968)
[2024-06-01 03:49:25,056][flwr][DEBUG] - evaluate_round 35: strategy sampled 1 clients (out of 50)
[2024-06-01 03:49:25,352][flwr][DEBUG] - evaluate_round 35 received 1 results and 0 failures
[2024-06-01 03:49:25,352][flwr][DEBUG] - fit_round 36: strategy sampled 10 clients (out of 50)
[2024-06-01 03:49:27,070][flwr][DEBUG] - fit_round 36 received 10 results and 0 failures
[2024-06-01 03:49:29,183][flwr][INFO] - fit progress: (36, 49.75331305572763, {'accuracy': 0.8748}, 149.73321140697226)
[2024-06-01 03:49:29,184][flwr][DEBUG] - evaluate_round 36: strategy sampled 1 clients (out of 50)
[2024-06-01 03:49:29,450][flwr][DEBUG] - evaluate_round 36 received 1 results and 0 failures
[2024-06-01 03:49:29,450][flwr][DEBUG] - fit_round 37: strategy sampled 10 clients (out of 50)
[2024-06-01 03:49:31,153][flwr][DEBUG] - fit_round 37 received 10 results and 0 failures
[2024-06-01 03:49:33,275][flwr][INFO] - fit progress: (37, 28945.699493408203, {'accuracy': 0.1465}, 153.82520732283592)
[2024-06-01 03:49:33,276][flwr][DEBUG] - evaluate_round 37: strategy sampled 1 clients (out of 50)
[2024-06-01 03:49:33,562][flwr][DEBUG] - evaluate_round 37 received 1 results and 0 failures
[2024-06-01 03:49:33,562][flwr][DEBUG] - fit_round 38: strategy sampled 10 clients (out of 50)
[2024-06-01 03:49:35,181][flwr][DEBUG] - fit_round 38 received 10 results and 0 failures
[2024-06-01 03:49:37,292][flwr][INFO] - fit progress: (38, 922.6791353225708, {'accuracy': 0.5981}, 157.8420144910924)
[2024-06-01 03:49:37,292][flwr][DEBUG] - evaluate_round 38: strategy sampled 1 clients (out of 50)
[2024-06-01 03:49:37,576][flwr][DEBUG] - evaluate_round 38 received 1 results and 0 failures
[2024-06-01 03:49:37,576][flwr][DEBUG] - fit_round 39: strategy sampled 10 clients (out of 50)
[2024-06-01 03:49:39,354][flwr][DEBUG] - fit_round 39 received 10 results and 0 failures
[2024-06-01 03:49:41,471][flwr][INFO] - fit progress: (39, 810.8834471702576, {'accuracy': 0.7105}, 162.02085058391094)
[2024-06-01 03:49:41,471][flwr][DEBUG] - evaluate_round 39: strategy sampled 1 clients (out of 50)
[2024-06-01 03:49:41,758][flwr][DEBUG] - evaluate_round 39 received 1 results and 0 failures
[2024-06-01 03:49:41,758][flwr][DEBUG] - fit_round 40: strategy sampled 10 clients (out of 50)
[2024-06-01 03:49:43,312][flwr][DEBUG] - fit_round 40 received 10 results and 0 failures
[2024-06-01 03:49:45,429][flwr][INFO] - fit progress: (40, 3862.4757041931152, {'accuracy': 0.4017}, 165.97850591270253)
[2024-06-01 03:49:45,429][flwr][DEBUG] - evaluate_round 40: strategy sampled 1 clients (out of 50)
[2024-06-01 03:49:45,712][flwr][DEBUG] - evaluate_round 40 received 1 results and 0 failures
[2024-06-01 03:49:45,712][flwr][DEBUG] - fit_round 41: strategy sampled 10 clients (out of 50)
[2024-06-01 03:49:47,462][flwr][DEBUG] - fit_round 41 received 10 results and 0 failures
[2024-06-01 03:49:49,591][flwr][INFO] - fit progress: (41, 791.0251874923706, {'accuracy': 0.635}, 170.14079665672034)
[2024-06-01 03:49:49,591][flwr][DEBUG] - evaluate_round 41: strategy sampled 1 clients (out of 50)
[2024-06-01 03:49:49,881][flwr][DEBUG] - evaluate_round 41 received 1 results and 0 failures
[2024-06-01 03:49:49,881][flwr][DEBUG] - fit_round 42: strategy sampled 10 clients (out of 50)
[2024-06-01 03:49:51,656][flwr][DEBUG] - fit_round 42 received 10 results and 0 failures
[2024-06-01 03:49:53,755][flwr][INFO] - fit progress: (42, 683.0473642349243, {'accuracy': 0.6796}, 174.30438801366836)
[2024-06-01 03:49:53,755][flwr][DEBUG] - evaluate_round 42: strategy sampled 1 clients (out of 50)
[2024-06-01 03:49:54,042][flwr][DEBUG] - evaluate_round 42 received 1 results and 0 failures
[2024-06-01 03:49:54,042][flwr][DEBUG] - fit_round 43: strategy sampled 10 clients (out of 50)
[2024-06-01 03:49:55,658][flwr][DEBUG] - fit_round 43 received 10 results and 0 failures
[2024-06-01 03:49:57,750][flwr][INFO] - fit progress: (43, 1307.3268022537231, {'accuracy': 0.6981}, 178.29963802406564)
[2024-06-01 03:49:57,750][flwr][DEBUG] - evaluate_round 43: strategy sampled 1 clients (out of 50)
[2024-06-01 03:49:58,015][flwr][DEBUG] - evaluate_round 43 received 1 results and 0 failures
[2024-06-01 03:49:58,015][flwr][DEBUG] - fit_round 44: strategy sampled 10 clients (out of 50)
[2024-06-01 03:49:59,729][flwr][DEBUG] - fit_round 44 received 10 results and 0 failures
[2024-06-01 03:50:01,825][flwr][INFO] - fit progress: (44, 619.5665583610535, {'accuracy': 0.7278}, 182.37494268268347)
[2024-06-01 03:50:01,825][flwr][DEBUG] - evaluate_round 44: strategy sampled 1 clients (out of 50)
[2024-06-01 03:50:02,103][flwr][DEBUG] - evaluate_round 44 received 1 results and 0 failures
[2024-06-01 03:50:02,103][flwr][DEBUG] - fit_round 45: strategy sampled 10 clients (out of 50)
[2024-06-01 03:50:03,787][flwr][DEBUG] - fit_round 45 received 10 results and 0 failures
[2024-06-01 03:50:05,903][flwr][INFO] - fit progress: (45, 843.3495960235596, {'accuracy': 0.7341}, 186.45232534082606)
[2024-06-01 03:50:05,903][flwr][DEBUG] - evaluate_round 45: strategy sampled 1 clients (out of 50)
[2024-06-01 03:50:06,178][flwr][DEBUG] - evaluate_round 45 received 1 results and 0 failures
[2024-06-01 03:50:06,179][flwr][DEBUG] - fit_round 46: strategy sampled 10 clients (out of 50)
[2024-06-01 03:50:07,773][flwr][DEBUG] - fit_round 46 received 10 results and 0 failures
[2024-06-01 03:50:09,887][flwr][INFO] - fit progress: (46, 2083.382604598999, {'accuracy': 0.6217}, 190.43645316408947)
[2024-06-01 03:50:09,887][flwr][DEBUG] - evaluate_round 46: strategy sampled 1 clients (out of 50)
[2024-06-01 03:50:10,182][flwr][DEBUG] - evaluate_round 46 received 1 results and 0 failures
[2024-06-01 03:50:10,183][flwr][DEBUG] - fit_round 47: strategy sampled 10 clients (out of 50)
[2024-06-01 03:50:11,841][flwr][DEBUG] - fit_round 47 received 10 results and 0 failures
[2024-06-01 03:50:13,966][flwr][INFO] - fit progress: (47, 902.2484664916992, {'accuracy': 0.7135}, 194.5155236166902)
[2024-06-01 03:50:13,966][flwr][DEBUG] - evaluate_round 47: strategy sampled 1 clients (out of 50)
[2024-06-01 03:50:14,245][flwr][DEBUG] - evaluate_round 47 received 1 results and 0 failures
[2024-06-01 03:50:14,246][flwr][DEBUG] - fit_round 48: strategy sampled 10 clients (out of 50)
[2024-06-01 03:50:15,806][flwr][DEBUG] - fit_round 48 received 10 results and 0 failures
[2024-06-01 03:50:17,916][flwr][INFO] - fit progress: (48, 2713.094373703003, {'accuracy': 0.5753}, 198.4659529477358)
[2024-06-01 03:50:17,916][flwr][DEBUG] - evaluate_round 48: strategy sampled 1 clients (out of 50)
[2024-06-01 03:50:18,197][flwr][DEBUG] - evaluate_round 48 received 1 results and 0 failures
[2024-06-01 03:50:18,198][flwr][DEBUG] - fit_round 49: strategy sampled 10 clients (out of 50)
[2024-06-01 03:50:19,901][flwr][DEBUG] - fit_round 49 received 10 results and 0 failures
[2024-06-01 03:50:22,017][flwr][INFO] - fit progress: (49, 1043.8048911094666, {'accuracy': 0.6484}, 202.5669733081013)
[2024-06-01 03:50:22,017][flwr][DEBUG] - evaluate_round 49: strategy sampled 1 clients (out of 50)
[2024-06-01 03:50:22,294][flwr][DEBUG] - evaluate_round 49 received 1 results and 0 failures
[2024-06-01 03:50:22,295][flwr][DEBUG] - fit_round 50: strategy sampled 10 clients (out of 50)
[2024-06-01 03:50:23,939][flwr][DEBUG] - fit_round 50 received 10 results and 0 failures
[2024-06-01 03:50:26,062][flwr][INFO] - fit progress: (50, 1197.7815856933594, {'accuracy': 0.7032}, 206.61125189904124)
[2024-06-01 03:50:26,062][flwr][DEBUG] - evaluate_round 50: strategy sampled 1 clients (out of 50)
[2024-06-01 03:50:26,336][flwr][DEBUG] - evaluate_round 50 received 1 results and 0 failures
[2024-06-01 03:50:26,337][flwr][DEBUG] - fit_round 51: strategy sampled 10 clients (out of 50)
[2024-06-01 03:50:28,100][flwr][DEBUG] - fit_round 51 received 10 results and 0 failures
[2024-06-01 03:50:30,213][flwr][INFO] - fit progress: (51, 3744.293197631836, {'accuracy': 0.4641}, 210.76255502784625)
[2024-06-01 03:50:30,213][flwr][DEBUG] - evaluate_round 51: strategy sampled 1 clients (out of 50)
[2024-06-01 03:50:30,556][flwr][DEBUG] - evaluate_round 51 received 1 results and 0 failures
[2024-06-01 03:50:30,556][flwr][DEBUG] - fit_round 52: strategy sampled 10 clients (out of 50)
[2024-06-01 03:50:32,178][flwr][DEBUG] - fit_round 52 received 10 results and 0 failures
[2024-06-01 03:50:34,304][flwr][INFO] - fit progress: (52, 1207.3523182868958, {'accuracy': 0.6647}, 214.853294539731)
[2024-06-01 03:50:34,304][flwr][DEBUG] - evaluate_round 52: strategy sampled 1 clients (out of 50)
[2024-06-01 03:50:34,585][flwr][DEBUG] - evaluate_round 52 received 1 results and 0 failures
[2024-06-01 03:50:34,585][flwr][DEBUG] - fit_round 53: strategy sampled 10 clients (out of 50)
[2024-06-01 03:50:36,320][flwr][DEBUG] - fit_round 53 received 10 results and 0 failures
[2024-06-01 03:50:38,439][flwr][INFO] - fit progress: (53, 1400.872479915619, {'accuracy': 0.6563}, 218.9889584230259)
[2024-06-01 03:50:38,439][flwr][DEBUG] - evaluate_round 53: strategy sampled 1 clients (out of 50)
[2024-06-01 03:50:38,719][flwr][DEBUG] - evaluate_round 53 received 1 results and 0 failures
[2024-06-01 03:50:38,720][flwr][DEBUG] - fit_round 54: strategy sampled 10 clients (out of 50)
[2024-06-01 03:50:40,273][flwr][DEBUG] - fit_round 54 received 10 results and 0 failures
[2024-06-01 03:50:42,381][flwr][INFO] - fit progress: (54, 2673.890230178833, {'accuracy': 0.5584}, 222.93027512682602)
[2024-06-01 03:50:42,381][flwr][DEBUG] - evaluate_round 54: strategy sampled 1 clients (out of 50)
[2024-06-01 03:50:42,669][flwr][DEBUG] - evaluate_round 54 received 1 results and 0 failures
[2024-06-01 03:50:42,669][flwr][DEBUG] - fit_round 55: strategy sampled 10 clients (out of 50)
[2024-06-01 03:50:44,329][flwr][DEBUG] - fit_round 55 received 10 results and 0 failures
[2024-06-01 03:50:46,450][flwr][INFO] - fit progress: (55, 1648.5311307907104, {'accuracy': 0.6766}, 226.99949313281104)
[2024-06-01 03:50:46,450][flwr][DEBUG] - evaluate_round 55: strategy sampled 1 clients (out of 50)
[2024-06-01 03:50:46,732][flwr][DEBUG] - evaluate_round 55 received 1 results and 0 failures
[2024-06-01 03:50:46,733][flwr][DEBUG] - fit_round 56: strategy sampled 10 clients (out of 50)
[2024-06-01 03:50:48,440][flwr][DEBUG] - fit_round 56 received 10 results and 0 failures
[2024-06-01 03:50:50,552][flwr][INFO] - fit progress: (56, 2157.751000404358, {'accuracy': 0.6927}, 231.10211795475334)
[2024-06-01 03:50:50,552][flwr][DEBUG] - evaluate_round 56: strategy sampled 1 clients (out of 50)
[2024-06-01 03:50:50,848][flwr][DEBUG] - evaluate_round 56 received 1 results and 0 failures
[2024-06-01 03:50:50,848][flwr][DEBUG] - fit_round 57: strategy sampled 10 clients (out of 50)
[2024-06-01 03:50:52,658][flwr][DEBUG] - fit_round 57 received 10 results and 0 failures
[2024-06-01 03:50:54,790][flwr][INFO] - fit progress: (57, 2100.37202167511, {'accuracy': 0.6834}, 235.3393123508431)
[2024-06-01 03:50:54,790][flwr][DEBUG] - evaluate_round 57: strategy sampled 1 clients (out of 50)
[2024-06-01 03:50:55,075][flwr][DEBUG] - evaluate_round 57 received 1 results and 0 failures
[2024-06-01 03:50:55,075][flwr][DEBUG] - fit_round 58: strategy sampled 10 clients (out of 50)
[2024-06-01 03:50:56,742][flwr][DEBUG] - fit_round 58 received 10 results and 0 failures
[2024-06-01 03:50:58,854][flwr][INFO] - fit progress: (58, 1517.325931072235, {'accuracy': 0.7181}, 239.40384971909225)
[2024-06-01 03:50:58,854][flwr][DEBUG] - evaluate_round 58: strategy sampled 1 clients (out of 50)
[2024-06-01 03:50:59,131][flwr][DEBUG] - evaluate_round 58 received 1 results and 0 failures
[2024-06-01 03:50:59,131][flwr][DEBUG] - fit_round 59: strategy sampled 10 clients (out of 50)
[2024-06-01 03:51:00,684][flwr][DEBUG] - fit_round 59 received 10 results and 0 failures
[2024-06-01 03:51:02,803][flwr][INFO] - fit progress: (59, 2649.385941505432, {'accuracy': 0.6295}, 243.35311116371304)
[2024-06-01 03:51:02,803][flwr][DEBUG] - evaluate_round 59: strategy sampled 1 clients (out of 50)
[2024-06-01 03:51:03,079][flwr][DEBUG] - evaluate_round 59 received 1 results and 0 failures
[2024-06-01 03:51:03,079][flwr][DEBUG] - fit_round 60: strategy sampled 10 clients (out of 50)
[2024-06-01 03:51:04,666][flwr][DEBUG] - fit_round 60 received 10 results and 0 failures
[2024-06-01 03:51:06,783][flwr][INFO] - fit progress: (60, 2675.3250799179077, {'accuracy': 0.6405}, 247.33276335382834)
[2024-06-01 03:51:06,783][flwr][DEBUG] - evaluate_round 60: strategy sampled 1 clients (out of 50)
[2024-06-01 03:51:07,058][flwr][DEBUG] - evaluate_round 60 received 1 results and 0 failures
[2024-06-01 03:51:07,058][flwr][DEBUG] - fit_round 61: strategy sampled 10 clients (out of 50)
[2024-06-01 03:51:08,696][flwr][DEBUG] - fit_round 61 received 10 results and 0 failures
[2024-06-01 03:51:10,791][flwr][INFO] - fit progress: (61, 3495.4798641204834, {'accuracy': 0.6558}, 251.34029755974188)
[2024-06-01 03:51:10,791][flwr][DEBUG] - evaluate_round 61: strategy sampled 1 clients (out of 50)
[2024-06-01 03:51:11,065][flwr][DEBUG] - evaluate_round 61 received 1 results and 0 failures
[2024-06-01 03:51:11,065][flwr][DEBUG] - fit_round 62: strategy sampled 10 clients (out of 50)
[2024-06-01 03:51:12,762][flwr][DEBUG] - fit_round 62 received 10 results and 0 failures
[2024-06-01 03:51:14,861][flwr][INFO] - fit progress: (62, 1673.6420657634735, {'accuracy': 0.7455}, 255.41059567406774)
[2024-06-01 03:51:14,861][flwr][DEBUG] - evaluate_round 62: strategy sampled 1 clients (out of 50)
[2024-06-01 03:51:15,144][flwr][DEBUG] - evaluate_round 62 received 1 results and 0 failures
[2024-06-01 03:51:15,145][flwr][DEBUG] - fit_round 63: strategy sampled 10 clients (out of 50)
[2024-06-01 03:51:16,645][flwr][DEBUG] - fit_round 63 received 10 results and 0 failures
[2024-06-01 03:51:18,771][flwr][INFO] - fit progress: (63, 1920.971016407013, {'accuracy': 0.7278}, 259.32113173184916)
[2024-06-01 03:51:18,772][flwr][DEBUG] - evaluate_round 63: strategy sampled 1 clients (out of 50)
[2024-06-01 03:51:19,044][flwr][DEBUG] - evaluate_round 63 received 1 results and 0 failures
[2024-06-01 03:51:19,044][flwr][DEBUG] - fit_round 64: strategy sampled 10 clients (out of 50)
[2024-06-01 03:51:20,738][flwr][DEBUG] - fit_round 64 received 10 results and 0 failures
[2024-06-01 03:51:22,855][flwr][INFO] - fit progress: (64, 1012.2584558725357, {'accuracy': 0.809}, 263.4042536839843)
[2024-06-01 03:51:22,855][flwr][DEBUG] - evaluate_round 64: strategy sampled 1 clients (out of 50)
[2024-06-01 03:51:23,137][flwr][DEBUG] - evaluate_round 64 received 1 results and 0 failures
[2024-06-01 03:51:23,138][flwr][DEBUG] - fit_round 65: strategy sampled 10 clients (out of 50)
[2024-06-01 03:51:24,925][flwr][DEBUG] - fit_round 65 received 10 results and 0 failures
[2024-06-01 03:51:27,052][flwr][INFO] - fit progress: (65, 1913.2433004379272, {'accuracy': 0.724}, 267.60159322200343)
[2024-06-01 03:51:27,052][flwr][DEBUG] - evaluate_round 65: strategy sampled 1 clients (out of 50)
[2024-06-01 03:51:27,333][flwr][DEBUG] - evaluate_round 65 received 1 results and 0 failures
[2024-06-01 03:51:27,333][flwr][DEBUG] - fit_round 66: strategy sampled 10 clients (out of 50)
[2024-06-01 03:51:28,863][flwr][DEBUG] - fit_round 66 received 10 results and 0 failures
[2024-06-01 03:51:30,975][flwr][INFO] - fit progress: (66, 1302.4931817650795, {'accuracy': 0.7647}, 271.52444055397063)
[2024-06-01 03:51:30,975][flwr][DEBUG] - evaluate_round 66: strategy sampled 1 clients (out of 50)
[2024-06-01 03:51:31,262][flwr][DEBUG] - evaluate_round 66 received 1 results and 0 failures
[2024-06-01 03:51:31,262][flwr][DEBUG] - fit_round 67: strategy sampled 10 clients (out of 50)
[2024-06-01 03:51:33,132][flwr][DEBUG] - fit_round 67 received 10 results and 0 failures
[2024-06-01 03:51:35,258][flwr][INFO] - fit progress: (67, 1508.3255734443665, {'accuracy': 0.7488}, 275.80773173086345)
[2024-06-01 03:51:35,258][flwr][DEBUG] - evaluate_round 67: strategy sampled 1 clients (out of 50)
[2024-06-01 03:51:35,608][flwr][DEBUG] - evaluate_round 67 received 1 results and 0 failures
[2024-06-01 03:51:35,609][flwr][DEBUG] - fit_round 68: strategy sampled 10 clients (out of 50)
[2024-06-01 03:51:37,246][flwr][DEBUG] - fit_round 68 received 10 results and 0 failures
[2024-06-01 03:51:39,358][flwr][INFO] - fit progress: (68, 1940.8964733481407, {'accuracy': 0.7358}, 279.9075496937148)
[2024-06-01 03:51:39,358][flwr][DEBUG] - evaluate_round 68: strategy sampled 1 clients (out of 50)
[2024-06-01 03:51:39,624][flwr][DEBUG] - evaluate_round 68 received 1 results and 0 failures
[2024-06-01 03:51:39,625][flwr][DEBUG] - fit_round 69: strategy sampled 10 clients (out of 50)
[2024-06-01 03:51:41,371][flwr][DEBUG] - fit_round 69 received 10 results and 0 failures
[2024-06-01 03:51:43,480][flwr][INFO] - fit progress: (69, 2771.146364212036, {'accuracy': 0.6759}, 284.03000302705914)
[2024-06-01 03:51:43,480][flwr][DEBUG] - evaluate_round 69: strategy sampled 1 clients (out of 50)
[2024-06-01 03:51:43,756][flwr][DEBUG] - evaluate_round 69 received 1 results and 0 failures
[2024-06-01 03:51:43,756][flwr][DEBUG] - fit_round 70: strategy sampled 10 clients (out of 50)
[2024-06-01 03:51:45,379][flwr][DEBUG] - fit_round 70 received 10 results and 0 failures
[2024-06-01 03:51:47,498][flwr][INFO] - fit progress: (70, 2763.899780511856, {'accuracy': 0.667}, 288.0476830499247)
[2024-06-01 03:51:47,498][flwr][DEBUG] - evaluate_round 70: strategy sampled 1 clients (out of 50)
[2024-06-01 03:51:47,774][flwr][DEBUG] - evaluate_round 70 received 1 results and 0 failures
[2024-06-01 03:51:47,774][flwr][DEBUG] - fit_round 71: strategy sampled 10 clients (out of 50)
[2024-06-01 03:51:49,436][flwr][DEBUG] - fit_round 71 received 10 results and 0 failures
[2024-06-01 03:51:51,557][flwr][INFO] - fit progress: (71, 1828.2810583114624, {'accuracy': 0.7407}, 292.10700734891)
[2024-06-01 03:51:51,557][flwr][DEBUG] - evaluate_round 71: strategy sampled 1 clients (out of 50)
[2024-06-01 03:51:51,851][flwr][DEBUG] - evaluate_round 71 received 1 results and 0 failures
[2024-06-01 03:51:51,851][flwr][DEBUG] - fit_round 72: strategy sampled 10 clients (out of 50)
[2024-06-01 03:51:53,461][flwr][DEBUG] - fit_round 72 received 10 results and 0 failures
[2024-06-01 03:51:55,583][flwr][INFO] - fit progress: (72, 2067.7219576835632, {'accuracy': 0.7201}, 296.13232666486874)
[2024-06-01 03:51:55,583][flwr][DEBUG] - evaluate_round 72: strategy sampled 1 clients (out of 50)
[2024-06-01 03:51:55,868][flwr][DEBUG] - evaluate_round 72 received 1 results and 0 failures
[2024-06-01 03:51:55,868][flwr][DEBUG] - fit_round 73: strategy sampled 10 clients (out of 50)
[2024-06-01 03:51:57,517][flwr][DEBUG] - fit_round 73 received 10 results and 0 failures
[2024-06-01 03:51:59,647][flwr][INFO] - fit progress: (73, 2685.8617310523987, {'accuracy': 0.6921}, 300.1968838670291)
[2024-06-01 03:51:59,647][flwr][DEBUG] - evaluate_round 73: strategy sampled 1 clients (out of 50)
[2024-06-01 03:51:59,929][flwr][DEBUG] - evaluate_round 73 received 1 results and 0 failures
[2024-06-01 03:51:59,929][flwr][DEBUG] - fit_round 74: strategy sampled 10 clients (out of 50)
[2024-06-01 03:52:01,574][flwr][DEBUG] - fit_round 74 received 10 results and 0 failures
[2024-06-01 03:52:03,693][flwr][INFO] - fit progress: (74, 3205.3419704437256, {'accuracy': 0.6942}, 304.2427569706924)
[2024-06-01 03:52:03,693][flwr][DEBUG] - evaluate_round 74: strategy sampled 1 clients (out of 50)
[2024-06-01 03:52:03,971][flwr][DEBUG] - evaluate_round 74 received 1 results and 0 failures
[2024-06-01 03:52:03,971][flwr][DEBUG] - fit_round 75: strategy sampled 10 clients (out of 50)
[2024-06-01 03:52:05,740][flwr][DEBUG] - fit_round 75 received 10 results and 0 failures
[2024-06-01 03:52:07,868][flwr][INFO] - fit progress: (75, 1620.6284124851227, {'accuracy': 0.7912}, 308.4177371780388)
[2024-06-01 03:52:07,868][flwr][DEBUG] - evaluate_round 75: strategy sampled 1 clients (out of 50)
[2024-06-01 03:52:08,147][flwr][DEBUG] - evaluate_round 75 received 1 results and 0 failures
[2024-06-01 03:52:08,147][flwr][DEBUG] - fit_round 76: strategy sampled 10 clients (out of 50)
[2024-06-01 03:52:09,777][flwr][DEBUG] - fit_round 76 received 10 results and 0 failures
[2024-06-01 03:52:11,908][flwr][INFO] - fit progress: (76, 2079.837646484375, {'accuracy': 0.7427}, 312.45751631166786)
[2024-06-01 03:52:11,908][flwr][DEBUG] - evaluate_round 76: strategy sampled 1 clients (out of 50)
[2024-06-01 03:52:12,176][flwr][DEBUG] - evaluate_round 76 received 1 results and 0 failures
[2024-06-01 03:52:12,177][flwr][DEBUG] - fit_round 77: strategy sampled 10 clients (out of 50)
[2024-06-01 03:52:13,775][flwr][DEBUG] - fit_round 77 received 10 results and 0 failures
[2024-06-01 03:52:15,910][flwr][INFO] - fit progress: (77, 1810.222983598709, {'accuracy': 0.7991}, 316.45961699681357)
[2024-06-01 03:52:15,910][flwr][DEBUG] - evaluate_round 77: strategy sampled 1 clients (out of 50)
[2024-06-01 03:52:16,196][flwr][DEBUG] - evaluate_round 77 received 1 results and 0 failures
[2024-06-01 03:52:16,196][flwr][DEBUG] - fit_round 78: strategy sampled 10 clients (out of 50)
[2024-06-01 03:52:17,921][flwr][DEBUG] - fit_round 78 received 10 results and 0 failures
[2024-06-01 03:52:20,053][flwr][INFO] - fit progress: (78, 1382.0455312132835, {'accuracy': 0.8176}, 320.60253384988755)
[2024-06-01 03:52:20,053][flwr][DEBUG] - evaluate_round 78: strategy sampled 1 clients (out of 50)
[2024-06-01 03:52:20,312][flwr][DEBUG] - evaluate_round 78 received 1 results and 0 failures
[2024-06-01 03:52:20,312][flwr][DEBUG] - fit_round 79: strategy sampled 10 clients (out of 50)
[2024-06-01 03:52:21,920][flwr][DEBUG] - fit_round 79 received 10 results and 0 failures
[2024-06-01 03:52:24,054][flwr][INFO] - fit progress: (79, 2083.2884454727173, {'accuracy': 0.7833}, 324.603484723717)
[2024-06-01 03:52:24,054][flwr][DEBUG] - evaluate_round 79: strategy sampled 1 clients (out of 50)
[2024-06-01 03:52:24,325][flwr][DEBUG] - evaluate_round 79 received 1 results and 0 failures
[2024-06-01 03:52:24,326][flwr][DEBUG] - fit_round 80: strategy sampled 10 clients (out of 50)
[2024-06-01 03:52:25,932][flwr][DEBUG] - fit_round 80 received 10 results and 0 failures
[2024-06-01 03:52:28,057][flwr][INFO] - fit progress: (80, 1877.413697719574, {'accuracy': 0.7827}, 328.60687821684405)
[2024-06-01 03:52:28,057][flwr][DEBUG] - evaluate_round 80: strategy sampled 1 clients (out of 50)
[2024-06-01 03:52:28,351][flwr][DEBUG] - evaluate_round 80 received 1 results and 0 failures
[2024-06-01 03:52:28,351][flwr][DEBUG] - fit_round 81: strategy sampled 10 clients (out of 50)
[2024-06-01 03:52:30,006][flwr][DEBUG] - fit_round 81 received 10 results and 0 failures
[2024-06-01 03:52:32,114][flwr][INFO] - fit progress: (81, 2286.1568813323975, {'accuracy': 0.7652}, 332.66369744297117)
[2024-06-01 03:52:32,114][flwr][DEBUG] - evaluate_round 81: strategy sampled 1 clients (out of 50)
[2024-06-01 03:52:32,388][flwr][DEBUG] - evaluate_round 81 received 1 results and 0 failures
[2024-06-01 03:52:32,389][flwr][DEBUG] - fit_round 82: strategy sampled 10 clients (out of 50)
[2024-06-01 03:52:33,990][flwr][DEBUG] - fit_round 82 received 10 results and 0 failures
[2024-06-01 03:52:36,122][flwr][INFO] - fit progress: (82, 3514.723508834839, {'accuracy': 0.71}, 336.6715366509743)
[2024-06-01 03:52:36,122][flwr][DEBUG] - evaluate_round 82: strategy sampled 1 clients (out of 50)
[2024-06-01 03:52:36,391][flwr][DEBUG] - evaluate_round 82 received 1 results and 0 failures
[2024-06-01 03:52:36,392][flwr][DEBUG] - fit_round 83: strategy sampled 10 clients (out of 50)
[2024-06-01 03:52:38,184][flwr][DEBUG] - fit_round 83 received 10 results and 0 failures
[2024-06-01 03:52:40,303][flwr][INFO] - fit progress: (83, 2007.958016872406, {'accuracy': 0.7875}, 340.8528746860102)
[2024-06-01 03:52:40,303][flwr][DEBUG] - evaluate_round 83: strategy sampled 1 clients (out of 50)
[2024-06-01 03:52:40,590][flwr][DEBUG] - evaluate_round 83 received 1 results and 0 failures
[2024-06-01 03:52:40,590][flwr][DEBUG] - fit_round 84: strategy sampled 10 clients (out of 50)
[2024-06-01 03:52:42,301][flwr][DEBUG] - fit_round 84 received 10 results and 0 failures
[2024-06-01 03:52:44,412][flwr][INFO] - fit progress: (84, 2118.0889723300934, {'accuracy': 0.7726}, 344.96164884371683)
[2024-06-01 03:52:44,412][flwr][DEBUG] - evaluate_round 84: strategy sampled 1 clients (out of 50)
[2024-06-01 03:52:44,696][flwr][DEBUG] - evaluate_round 84 received 1 results and 0 failures
[2024-06-01 03:52:44,696][flwr][DEBUG] - fit_round 85: strategy sampled 10 clients (out of 50)
[2024-06-01 03:52:46,321][flwr][DEBUG] - fit_round 85 received 10 results and 0 failures
[2024-06-01 03:52:48,450][flwr][INFO] - fit progress: (85, 2595.3056440353394, {'accuracy': 0.7263}, 348.999844904989)
[2024-06-01 03:52:48,450][flwr][DEBUG] - evaluate_round 85: strategy sampled 1 clients (out of 50)
[2024-06-01 03:52:48,731][flwr][DEBUG] - evaluate_round 85 received 1 results and 0 failures
[2024-06-01 03:52:48,731][flwr][DEBUG] - fit_round 86: strategy sampled 10 clients (out of 50)
[2024-06-01 03:52:50,488][flwr][DEBUG] - fit_round 86 received 10 results and 0 failures
[2024-06-01 03:52:52,600][flwr][INFO] - fit progress: (86, 2698.9107661247253, {'accuracy': 0.7141}, 353.1496880440973)
[2024-06-01 03:52:52,600][flwr][DEBUG] - evaluate_round 86: strategy sampled 1 clients (out of 50)
[2024-06-01 03:52:52,893][flwr][DEBUG] - evaluate_round 86 received 1 results and 0 failures
[2024-06-01 03:52:52,893][flwr][DEBUG] - fit_round 87: strategy sampled 10 clients (out of 50)
[2024-06-01 03:52:54,535][flwr][DEBUG] - fit_round 87 received 10 results and 0 failures
[2024-06-01 03:52:56,672][flwr][INFO] - fit progress: (87, 2507.954333782196, {'accuracy': 0.7434}, 357.2221483211033)
[2024-06-01 03:52:56,673][flwr][DEBUG] - evaluate_round 87: strategy sampled 1 clients (out of 50)
[2024-06-01 03:52:56,950][flwr][DEBUG] - evaluate_round 87 received 1 results and 0 failures
[2024-06-01 03:52:56,950][flwr][DEBUG] - fit_round 88: strategy sampled 10 clients (out of 50)
[2024-06-01 03:52:58,553][flwr][DEBUG] - fit_round 88 received 10 results and 0 failures
[2024-06-01 03:53:00,676][flwr][INFO] - fit progress: (88, 3676.835105895996, {'accuracy': 0.7237}, 361.22611620184034)
[2024-06-01 03:53:00,677][flwr][DEBUG] - evaluate_round 88: strategy sampled 1 clients (out of 50)
[2024-06-01 03:53:00,959][flwr][DEBUG] - evaluate_round 88 received 1 results and 0 failures
[2024-06-01 03:53:00,959][flwr][DEBUG] - fit_round 89: strategy sampled 10 clients (out of 50)
[2024-06-01 03:53:02,618][flwr][DEBUG] - fit_round 89 received 10 results and 0 failures
[2024-06-01 03:53:04,758][flwr][INFO] - fit progress: (89, 3471.9469804763794, {'accuracy': 0.7191}, 365.30823171976954)
[2024-06-01 03:53:04,759][flwr][DEBUG] - evaluate_round 89: strategy sampled 1 clients (out of 50)
[2024-06-01 03:53:05,042][flwr][DEBUG] - evaluate_round 89 received 1 results and 0 failures
[2024-06-01 03:53:05,042][flwr][DEBUG] - fit_round 90: strategy sampled 10 clients (out of 50)
[2024-06-01 03:53:06,591][flwr][DEBUG] - fit_round 90 received 10 results and 0 failures
[2024-06-01 03:53:08,708][flwr][INFO] - fit progress: (90, 2637.8948016166687, {'accuracy': 0.7465}, 369.25749582005665)
[2024-06-01 03:53:08,708][flwr][DEBUG] - evaluate_round 90: strategy sampled 1 clients (out of 50)
[2024-06-01 03:53:08,991][flwr][DEBUG] - evaluate_round 90 received 1 results and 0 failures
[2024-06-01 03:53:08,991][flwr][DEBUG] - fit_round 91: strategy sampled 10 clients (out of 50)
[2024-06-01 03:53:10,668][flwr][DEBUG] - fit_round 91 received 10 results and 0 failures
[2024-06-01 03:53:12,811][flwr][INFO] - fit progress: (91, 3530.327470779419, {'accuracy': 0.7053}, 373.36083216778934)
[2024-06-01 03:53:12,811][flwr][DEBUG] - evaluate_round 91: strategy sampled 1 clients (out of 50)
[2024-06-01 03:53:13,098][flwr][DEBUG] - evaluate_round 91 received 1 results and 0 failures
[2024-06-01 03:53:13,098][flwr][DEBUG] - fit_round 92: strategy sampled 10 clients (out of 50)
[2024-06-01 03:53:14,653][flwr][DEBUG] - fit_round 92 received 10 results and 0 failures
[2024-06-01 03:53:16,777][flwr][INFO] - fit progress: (92, 3724.0964698791504, {'accuracy': 0.7074}, 377.3267772370018)
[2024-06-01 03:53:16,777][flwr][DEBUG] - evaluate_round 92: strategy sampled 1 clients (out of 50)
[2024-06-01 03:53:17,064][flwr][DEBUG] - evaluate_round 92 received 1 results and 0 failures
[2024-06-01 03:53:17,065][flwr][DEBUG] - fit_round 93: strategy sampled 10 clients (out of 50)
[2024-06-01 03:53:18,736][flwr][DEBUG] - fit_round 93 received 10 results and 0 failures
[2024-06-01 03:53:20,864][flwr][INFO] - fit progress: (93, 3031.5445251464844, {'accuracy': 0.7432}, 381.4138173907995)
[2024-06-01 03:53:20,864][flwr][DEBUG] - evaluate_round 93: strategy sampled 1 clients (out of 50)
[2024-06-01 03:53:21,177][flwr][DEBUG] - evaluate_round 93 received 1 results and 0 failures
[2024-06-01 03:53:21,178][flwr][DEBUG] - fit_round 94: strategy sampled 10 clients (out of 50)
[2024-06-01 03:53:22,726][flwr][DEBUG] - fit_round 94 received 10 results and 0 failures
[2024-06-01 03:53:24,850][flwr][INFO] - fit progress: (94, 2566.955181121826, {'accuracy': 0.7632}, 385.39951356872916)
[2024-06-01 03:53:24,850][flwr][DEBUG] - evaluate_round 94: strategy sampled 1 clients (out of 50)
[2024-06-01 03:53:25,124][flwr][DEBUG] - evaluate_round 94 received 1 results and 0 failures
[2024-06-01 03:53:25,124][flwr][DEBUG] - fit_round 95: strategy sampled 10 clients (out of 50)
[2024-06-01 03:53:26,751][flwr][DEBUG] - fit_round 95 received 10 results and 0 failures
[2024-06-01 03:53:28,875][flwr][INFO] - fit progress: (95, 2820.232237815857, {'accuracy': 0.7335}, 389.42482919292524)
[2024-06-01 03:53:28,875][flwr][DEBUG] - evaluate_round 95: strategy sampled 1 clients (out of 50)
[2024-06-01 03:53:29,154][flwr][DEBUG] - evaluate_round 95 received 1 results and 0 failures
[2024-06-01 03:53:29,154][flwr][DEBUG] - fit_round 96: strategy sampled 10 clients (out of 50)
[2024-06-01 03:53:30,773][flwr][DEBUG] - fit_round 96 received 10 results and 0 failures
[2024-06-01 03:53:32,891][flwr][INFO] - fit progress: (96, 3631.531671524048, {'accuracy': 0.6975}, 393.440890556667)
[2024-06-01 03:53:32,891][flwr][DEBUG] - evaluate_round 96: strategy sampled 1 clients (out of 50)
[2024-06-01 03:53:33,164][flwr][DEBUG] - evaluate_round 96 received 1 results and 0 failures
[2024-06-01 03:53:33,164][flwr][DEBUG] - fit_round 97: strategy sampled 10 clients (out of 50)
[2024-06-01 03:53:34,820][flwr][DEBUG] - fit_round 97 received 10 results and 0 failures
[2024-06-01 03:53:36,954][flwr][INFO] - fit progress: (97, 4047.94704246521, {'accuracy': 0.7151}, 397.5034679546952)
[2024-06-01 03:53:36,954][flwr][DEBUG] - evaluate_round 97: strategy sampled 1 clients (out of 50)
[2024-06-01 03:53:37,206][flwr][DEBUG] - evaluate_round 97 received 1 results and 0 failures
[2024-06-01 03:53:37,207][flwr][DEBUG] - fit_round 98: strategy sampled 10 clients (out of 50)
[2024-06-01 03:53:38,844][flwr][DEBUG] - fit_round 98 received 10 results and 0 failures
[2024-06-01 03:53:40,962][flwr][INFO] - fit progress: (98, 4752.190912246704, {'accuracy': 0.6774}, 401.51133034098893)
[2024-06-01 03:53:40,962][flwr][DEBUG] - evaluate_round 98: strategy sampled 1 clients (out of 50)
[2024-06-01 03:53:41,234][flwr][DEBUG] - evaluate_round 98 received 1 results and 0 failures
[2024-06-01 03:53:41,234][flwr][DEBUG] - fit_round 99: strategy sampled 10 clients (out of 50)
[2024-06-01 03:53:42,841][flwr][DEBUG] - fit_round 99 received 10 results and 0 failures
[2024-06-01 03:53:44,961][flwr][INFO] - fit progress: (99, 4844.934373855591, {'accuracy': 0.6843}, 405.51053836010396)
[2024-06-01 03:53:44,961][flwr][DEBUG] - evaluate_round 99: strategy sampled 1 clients (out of 50)
[2024-06-01 03:53:45,237][flwr][DEBUG] - evaluate_round 99 received 1 results and 0 failures
[2024-06-01 03:53:45,237][flwr][DEBUG] - fit_round 100: strategy sampled 10 clients (out of 50)
[2024-06-01 03:53:46,926][flwr][DEBUG] - fit_round 100 received 10 results and 0 failures
[2024-06-01 03:53:49,043][flwr][INFO] - fit progress: (100, 3613.3896617889404, {'accuracy': 0.716}, 409.5929511860013)
[2024-06-01 03:53:49,043][flwr][DEBUG] - evaluate_round 100: strategy sampled 1 clients (out of 50)
[2024-06-01 03:53:49,326][flwr][DEBUG] - evaluate_round 100 received 1 results and 0 failures
[2024-06-01 03:53:49,326][flwr][INFO] - FL finished in 409.8753740089014
[2024-06-01 03:53:49,348][flwr][INFO] - app_fit: losses_distributed [(1, 1.9314186871051788), (2, 6.209058910608292), (3, 4.54217803478241), (4, 5.182892888784409), (5, 10.847830057144165), (6, 22.901476621627808), (7, 11.218878269195557), (8, 3.9321789741516113), (9, 1.022672113031149), (10, 4.23221692442894), (11, 2.2439908385276794), (12, 2.384755939245224), (13, 26.854453086853027), (14, 1.3929461538791656), (15, 1.6865538358688354), (16, 4.920035719871521), (17, 2.6064381897449493), (18, 9.680859044194221), (19, 6.759714752435684), (20, 6.813743591308594), (21, 9.846876680850983), (22, 10.856261074543), (23, 1.55776908993721), (24, 2.8248931169509888), (25, 3.885113626718521), (26, 4.860388085246086), (27, 7.4112125635147095), (28, 0.5029210448265076), (29, 3.3624411672353745), (30, 1.510551355779171), (31, 9.985621958971024), (32, 0.6934686228632927), (33, 2.340718924999237), (34, 3.7355168983340263), (35, 0.26964967884123325), (36, 3.0458367243409157), (37, 543.8586769104004), (38, 75.21271705627441), (39, 40.51196241378784), (40, 202.4922332763672), (41, 15.613524675369263), (42, 87.48638153076172), (43, 20.275705099105835), (44, 24.69477915763855), (45, 54.35871934890747), (46, 127.36740303039551), (47, 46.88206958770752), (48, 83.40690231323242), (49, 24.586726665496826), (50, 24.57462579011917), (51, 168.382905960083), (52, 48.898287296295166), (53, 23.367919921875), (54, 122.53564548492432), (55, 90.45152735710144), (56, 63.24524927139282), (57, 80.43371391296387), (58, 40.24903416633606), (59, 119.90034675598145), (60, 128.43525290489197), (61, 348.0447769165039), (62, 221.01761436462402), (63, 139.35876655578613), (64, 34.287936210632324), (65, 25.044389724731445), (66, 75.74290657043457), (67, 96.51922941207886), (68, 28.968421459197998), (69, 137.7271432876587), (70, 233.63819885253906), (71, 192.87539672851562), (72, 128.30248260498047), (73, 113.7713975906372), (74, 299.1293182373047), (75, 37.17545127868652), (76, 185.61637496948242), (77, 172.7446460723877), (78, 101.55901670455933), (79, 40.432488441467285), (80, 114.71706962585449), (81, 70.53536319732666), (82, 90.25823783874512), (83, 131.07537841796875), (84, 180.78047943115234), (85, 202.06688785552979), (86, 89.27572083473206), (87, 154.84930229187012), (88, 90.37538719177246), (89, 131.7158498764038), (90, 163.9559416770935), (91, 437.3509330749512), (92, 151.7830810546875), (93, 296.1482620239258), (94, 168.04646110534668), (95, 52.40919303894043), (96, 110.67366790771484), (97, 86.79830932617188), (98, 258.9098234176636), (99, 400.4871482849121), (100, 114.83248329162598)]
[2024-06-01 03:53:49,348][flwr][INFO] - app_fit: metrics_distributed_fit {}
[2024-06-01 03:53:49,348][flwr][INFO] - app_fit: metrics_distributed {}
[2024-06-01 03:53:49,348][flwr][INFO] - app_fit: losses_centralized [(0, 179.76561045646667), (1, 186.4921041727066), (2, 137.22703331708908), (3, 269.31407284736633), (4, 314.7243571281433), (5, 168.1011644601822), (6, 228.84730446338654), (7, 289.19251227378845), (8, 82.71869507431984), (9, 366.151650428772), (10, 169.3641872406006), (11, 196.99210274219513), (12, 69.25888374447823), (13, 128.8914651274681), (14, 58.476601670496166), (15, 65.98499750345945), (16, 107.63211673498154), (17, 82.54119223356247), (18, 162.2478687763214), (19, 102.03459703922272), (20, 107.52493453025818), (21, 90.42711651325226), (22, 112.29547895491123), (23, 43.89418557938188), (24, 76.70880430936813), (25, 58.16683794558048), (26, 58.67232699692249), (27, 82.52514930069447), (28, 123.98167794942856), (29, 46.79191486351192), (30, 80.95244660973549), (31, 170.48364794254303), (32, 53.05908879637718), (33, 53.21066376939416), (34, 106.6909130513668), (35, 37.799760058522224), (36, 49.75331305572763), (37, 28945.699493408203), (38, 922.6791353225708), (39, 810.8834471702576), (40, 3862.4757041931152), (41, 791.0251874923706), (42, 683.0473642349243), (43, 1307.3268022537231), (44, 619.5665583610535), (45, 843.3495960235596), (46, 2083.382604598999), (47, 902.2484664916992), (48, 2713.094373703003), (49, 1043.8048911094666), (50, 1197.7815856933594), (51, 3744.293197631836), (52, 1207.3523182868958), (53, 1400.872479915619), (54, 2673.890230178833), (55, 1648.5311307907104), (56, 2157.751000404358), (57, 2100.37202167511), (58, 1517.325931072235), (59, 2649.385941505432), (60, 2675.3250799179077), (61, 3495.4798641204834), (62, 1673.6420657634735), (63, 1920.971016407013), (64, 1012.2584558725357), (65, 1913.2433004379272), (66, 1302.4931817650795), (67, 1508.3255734443665), (68, 1940.8964733481407), (69, 2771.146364212036), (70, 2763.899780511856), (71, 1828.2810583114624), (72, 2067.7219576835632), (73, 2685.8617310523987), (74, 3205.3419704437256), (75, 1620.6284124851227), (76, 2079.837646484375), (77, 1810.222983598709), (78, 1382.0455312132835), (79, 2083.2884454727173), (80, 1877.413697719574), (81, 2286.1568813323975), (82, 3514.723508834839), (83, 2007.958016872406), (84, 2118.0889723300934), (85, 2595.3056440353394), (86, 2698.9107661247253), (87, 2507.954333782196), (88, 3676.835105895996), (89, 3471.9469804763794), (90, 2637.8948016166687), (91, 3530.327470779419), (92, 3724.0964698791504), (93, 3031.5445251464844), (94, 2566.955181121826), (95, 2820.232237815857), (96, 3631.531671524048), (97, 4047.94704246521), (98, 4752.190912246704), (99, 4844.934373855591), (100, 3613.3896617889404)]
[2024-06-01 03:53:49,348][flwr][INFO] - app_fit: metrics_centralized {'accuracy': [(0, 0.1), (1, 0.6884), (2, 0.7414), (3, 0.7188), (4, 0.6305), (5, 0.7347), (6, 0.7977), (7, 0.6703), (8, 0.8188), (9, 0.7312), (10, 0.7289), (11, 0.7565), (12, 0.8403), (13, 0.781), (14, 0.8572), (15, 0.8401), (16, 0.8005), (17, 0.8193), (18, 0.7217), (19, 0.8171), (20, 0.8374), (21, 0.8134), (22, 0.8314), (23, 0.8897), (24, 0.8648), (25, 0.8608), (26, 0.862), (27, 0.845), (28, 0.8137), (29, 0.8739), (30, 0.8086), (31, 0.8122), (32, 0.884), (33, 0.8767), (34, 0.8277), (35, 0.8969), (36, 0.8748), (37, 0.1465), (38, 0.5981), (39, 0.7105), (40, 0.4017), (41, 0.635), (42, 0.6796), (43, 0.6981), (44, 0.7278), (45, 0.7341), (46, 0.6217), (47, 0.7135), (48, 0.5753), (49, 0.6484), (50, 0.7032), (51, 0.4641), (52, 0.6647), (53, 0.6563), (54, 0.5584), (55, 0.6766), (56, 0.6927), (57, 0.6834), (58, 0.7181), (59, 0.6295), (60, 0.6405), (61, 0.6558), (62, 0.7455), (63, 0.7278), (64, 0.809), (65, 0.724), (66, 0.7647), (67, 0.7488), (68, 0.7358), (69, 0.6759), (70, 0.667), (71, 0.7407), (72, 0.7201), (73, 0.6921), (74, 0.6942), (75, 0.7912), (76, 0.7427), (77, 0.7991), (78, 0.8176), (79, 0.7833), (80, 0.7827), (81, 0.7652), (82, 0.71), (83, 0.7875), (84, 0.7726), (85, 0.7263), (86, 0.7141), (87, 0.7434), (88, 0.7237), (89, 0.7191), (90, 0.7465), (91, 0.7053), (92, 0.7074), (93, 0.7432), (94, 0.7632), (95, 0.7335), (96, 0.6975), (97, 0.7151), (98, 0.6774), (99, 0.6843), (100, 0.716)]}
