[2024-05-08 16:50:15,689][flwr][INFO] - Starting Flower simulation, config: ServerConfig(num_rounds=100, round_timeout=None)
[2024-05-08 16:50:17,913][flwr][INFO] - Flower VCE: Ray initialized with resources: {'object_store_memory': 19495651737.0, 'node:__internal_head__': 1.0, 'node:172.17.34.49': 1.0, 'CPU': 20.0, 'memory': 38991303476.0, 'accelerator_type:G': 1.0, 'GPU': 4.0}
[2024-05-08 16:50:17,914][flwr][INFO] - Initializing global parameters
[2024-05-08 16:50:17,914][flwr][INFO] - Requesting initial parameters from one random client
[2024-05-08 16:50:20,421][flwr][INFO] - Received initial parameters from one random client
[2024-05-08 16:50:20,421][flwr][INFO] - Evaluating initial parameters
[2024-05-08 16:50:23,820][flwr][INFO] - initial parameters (loss, other metrics): 192.06975674629211, {'accuracy': 0.1085}
[2024-05-08 16:50:23,820][flwr][INFO] - FL starting
[2024-05-08 16:50:23,820][flwr][DEBUG] - fit_round 1: strategy sampled 10 clients (out of 50)
[2024-05-08 16:51:14,595][flwr][DEBUG] - fit_round 1 received 10 results and 0 failures
[2024-05-08 16:51:17,150][flwr][WARNING] - No fit_metrics_aggregation_fn provided
[2024-05-08 16:51:19,079][flwr][INFO] - fit progress: (1, 84.75050234794617, {'accuracy': 0.6334}, 55.25887439772487)
[2024-05-08 16:51:19,079][flwr][DEBUG] - evaluate_round 1: strategy sampled 1 clients (out of 50)
[2024-05-08 16:51:23,047][flwr][DEBUG] - evaluate_round 1 received 1 results and 0 failures
[2024-05-08 16:51:23,047][flwr][WARNING] - No evaluate_metrics_aggregation_fn provided
[2024-05-08 16:51:23,047][flwr][DEBUG] - fit_round 2: strategy sampled 10 clients (out of 50)
[2024-05-08 16:52:13,543][flwr][DEBUG] - fit_round 2 received 10 results and 0 failures
[2024-05-08 16:52:18,079][flwr][INFO] - fit progress: (2, 180.13737504184246, {'accuracy': 0.8095}, 114.25864004343748)
[2024-05-08 16:52:18,079][flwr][DEBUG] - evaluate_round 2: strategy sampled 1 clients (out of 50)
[2024-05-08 16:52:22,013][flwr][DEBUG] - evaluate_round 2 received 1 results and 0 failures
[2024-05-08 16:52:22,014][flwr][DEBUG] - fit_round 3: strategy sampled 10 clients (out of 50)
[2024-05-08 16:53:12,927][flwr][DEBUG] - fit_round 3 received 10 results and 0 failures
[2024-05-08 16:53:18,347][flwr][INFO] - fit progress: (3, 125.84074878692627, {'accuracy': 0.6324}, 174.52636038139462)
[2024-05-08 16:53:18,347][flwr][DEBUG] - evaluate_round 3: strategy sampled 1 clients (out of 50)
[2024-05-08 16:53:22,297][flwr][DEBUG] - evaluate_round 3 received 1 results and 0 failures
[2024-05-08 16:53:22,297][flwr][DEBUG] - fit_round 4: strategy sampled 10 clients (out of 50)
[2024-05-08 16:54:13,129][flwr][DEBUG] - fit_round 4 received 10 results and 0 failures
[2024-05-08 16:54:18,449][flwr][INFO] - fit progress: (4, 174.1296260356903, {'accuracy': 0.5219}, 234.62887122109532)
[2024-05-08 16:54:18,449][flwr][DEBUG] - evaluate_round 4: strategy sampled 1 clients (out of 50)
[2024-05-08 16:54:22,429][flwr][DEBUG] - evaluate_round 4 received 1 results and 0 failures
[2024-05-08 16:54:22,429][flwr][DEBUG] - fit_round 5: strategy sampled 10 clients (out of 50)
