[2024-05-29 19:19:27,746][flwr][INFO] - Starting Flower simulation, config: ServerConfig(num_rounds=100, round_timeout=None)
[2024-05-29 19:19:29,839][flwr][INFO] - Flower VCE: Ray initialized with resources: {'memory': 83176052122.0, 'node:172.17.34.3': 1.0, 'CPU': 24.0, 'GPU': 2.0, 'accelerator_type:G': 1.0, 'object_store_memory': 39932593766.0}
[2024-05-29 19:19:29,839][flwr][INFO] - Initializing global parameters
[2024-05-29 19:19:29,839][flwr][INFO] - Requesting initial parameters from one random client
[2024-05-29 19:19:31,099][flwr][INFO] - Received initial parameters from one random client
[2024-05-29 19:19:31,099][flwr][INFO] - Evaluating initial parameters
[2024-05-29 19:19:32,484][flwr][INFO] - initial parameters (loss, other metrics): 182.1595549583435, {'accuracy': 0.0937}
[2024-05-29 19:19:32,484][flwr][INFO] - FL starting
[2024-05-29 19:19:32,484][flwr][DEBUG] - fit_round 1: strategy sampled 10 clients (out of 50)
[2024-05-29 19:19:36,674][flwr][DEBUG] - fit_round 1 received 10 results and 0 failures
[2024-05-29 19:19:39,069][flwr][WARNING] - No fit_metrics_aggregation_fn provided
[2024-05-29 19:19:39,483][flwr][INFO] - fit progress: (1, 106.02739799022675, {'accuracy': 0.8156}, 6.998594598378986)
[2024-05-29 19:19:39,483][flwr][DEBUG] - evaluate_round 1: strategy sampled 1 clients (out of 50)
[2024-05-29 19:19:39,774][flwr][DEBUG] - evaluate_round 1 received 1 results and 0 failures
[2024-05-29 19:19:39,774][flwr][WARNING] - No evaluate_metrics_aggregation_fn provided
[2024-05-29 19:19:39,774][flwr][DEBUG] - fit_round 2: strategy sampled 10 clients (out of 50)
[2024-05-29 19:19:41,500][flwr][DEBUG] - fit_round 2 received 10 results and 0 failures
[2024-05-29 19:19:44,296][flwr][INFO] - fit progress: (2, 63.234095841646194, {'accuracy': 0.7498}, 11.811518067959696)
[2024-05-29 19:19:44,296][flwr][DEBUG] - evaluate_round 2: strategy sampled 1 clients (out of 50)
[2024-05-29 19:19:44,576][flwr][DEBUG] - evaluate_round 2 received 1 results and 0 failures
[2024-05-29 19:19:44,576][flwr][DEBUG] - fit_round 3: strategy sampled 10 clients (out of 50)
[2024-05-29 19:19:46,222][flwr][DEBUG] - fit_round 3 received 10 results and 0 failures
[2024-05-29 19:19:49,016][flwr][INFO] - fit progress: (3, 40.18947698920965, {'accuracy': 0.887}, 16.531878184061497)
[2024-05-29 19:19:49,016][flwr][DEBUG] - evaluate_round 3: strategy sampled 1 clients (out of 50)
[2024-05-29 19:19:49,345][flwr][DEBUG] - evaluate_round 3 received 1 results and 0 failures
[2024-05-29 19:19:49,345][flwr][DEBUG] - fit_round 4: strategy sampled 10 clients (out of 50)
[2024-05-29 19:19:51,016][flwr][DEBUG] - fit_round 4 received 10 results and 0 failures
[2024-05-29 19:19:53,806][flwr][INFO] - fit progress: (4, 79.03124386072159, {'accuracy': 0.7027}, 21.321528760250658)
[2024-05-29 19:19:53,806][flwr][DEBUG] - evaluate_round 4: strategy sampled 1 clients (out of 50)
[2024-05-29 19:19:54,087][flwr][DEBUG] - evaluate_round 4 received 1 results and 0 failures
[2024-05-29 19:19:54,087][flwr][DEBUG] - fit_round 5: strategy sampled 10 clients (out of 50)
[2024-05-29 19:19:55,979][flwr][DEBUG] - fit_round 5 received 10 results and 0 failures
[2024-05-29 19:19:58,761][flwr][INFO] - fit progress: (5, 88.23929327726364, {'accuracy': 0.7925}, 26.276504271198064)
[2024-05-29 19:19:58,761][flwr][DEBUG] - evaluate_round 5: strategy sampled 1 clients (out of 50)
[2024-05-29 19:19:59,087][flwr][DEBUG] - evaluate_round 5 received 1 results and 0 failures
[2024-05-29 19:19:59,087][flwr][DEBUG] - fit_round 6: strategy sampled 10 clients (out of 50)
[2024-05-29 19:20:00,879][flwr][DEBUG] - fit_round 6 received 10 results and 0 failures
[2024-05-29 19:20:03,643][flwr][INFO] - fit progress: (6, 34.14064686372876, {'accuracy': 0.8714}, 31.15861359797418)
[2024-05-29 19:20:03,643][flwr][DEBUG] - evaluate_round 6: strategy sampled 1 clients (out of 50)
[2024-05-29 19:20:03,909][flwr][DEBUG] - evaluate_round 6 received 1 results and 0 failures
[2024-05-29 19:20:03,909][flwr][DEBUG] - fit_round 7: strategy sampled 10 clients (out of 50)
[2024-05-29 19:20:05,832][flwr][DEBUG] - fit_round 7 received 10 results and 0 failures
[2024-05-29 19:20:08,602][flwr][INFO] - fit progress: (7, 80.7708443403244, {'accuracy': 0.7393}, 36.117549006361514)
[2024-05-29 19:20:08,602][flwr][DEBUG] - evaluate_round 7: strategy sampled 1 clients (out of 50)
[2024-05-29 19:20:08,927][flwr][DEBUG] - evaluate_round 7 received 1 results and 0 failures
[2024-05-29 19:20:08,927][flwr][DEBUG] - fit_round 8: strategy sampled 10 clients (out of 50)
[2024-05-29 19:20:10,872][flwr][DEBUG] - fit_round 8 received 10 results and 0 failures
[2024-05-29 19:20:13,623][flwr][INFO] - fit progress: (8, 24.381464775651693, {'accuracy': 0.9213}, 41.13877358008176)
[2024-05-29 19:20:13,623][flwr][DEBUG] - evaluate_round 8: strategy sampled 1 clients (out of 50)
[2024-05-29 19:20:13,904][flwr][DEBUG] - evaluate_round 8 received 1 results and 0 failures
[2024-05-29 19:20:13,905][flwr][DEBUG] - fit_round 9: strategy sampled 10 clients (out of 50)
[2024-05-29 19:20:15,705][flwr][DEBUG] - fit_round 9 received 10 results and 0 failures
[2024-05-29 19:20:18,442][flwr][INFO] - fit progress: (9, 33.97335858643055, {'accuracy': 0.8975}, 45.958216241095215)
[2024-05-29 19:20:18,443][flwr][DEBUG] - evaluate_round 9: strategy sampled 1 clients (out of 50)
[2024-05-29 19:20:18,721][flwr][DEBUG] - evaluate_round 9 received 1 results and 0 failures
[2024-05-29 19:20:18,721][flwr][DEBUG] - fit_round 10: strategy sampled 10 clients (out of 50)
[2024-05-29 19:20:20,526][flwr][DEBUG] - fit_round 10 received 10 results and 0 failures
[2024-05-29 19:20:23,250][flwr][INFO] - fit progress: (10, 18.977440912276506, {'accuracy': 0.9361}, 50.76540537504479)
[2024-05-29 19:20:23,250][flwr][DEBUG] - evaluate_round 10: strategy sampled 1 clients (out of 50)
[2024-05-29 19:20:23,528][flwr][DEBUG] - evaluate_round 10 received 1 results and 0 failures
[2024-05-29 19:20:23,529][flwr][DEBUG] - fit_round 11: strategy sampled 10 clients (out of 50)
[2024-05-29 19:20:25,295][flwr][DEBUG] - fit_round 11 received 10 results and 0 failures
[2024-05-29 19:20:27,991][flwr][INFO] - fit progress: (11, 17.85738437715918, {'accuracy': 0.9399}, 55.50636210339144)
[2024-05-29 19:20:27,991][flwr][DEBUG] - evaluate_round 11: strategy sampled 1 clients (out of 50)
[2024-05-29 19:20:28,307][flwr][DEBUG] - evaluate_round 11 received 1 results and 0 failures
[2024-05-29 19:20:28,307][flwr][DEBUG] - fit_round 12: strategy sampled 10 clients (out of 50)
[2024-05-29 19:20:30,000][flwr][DEBUG] - fit_round 12 received 10 results and 0 failures
[2024-05-29 19:20:32,708][flwr][INFO] - fit progress: (12, 28.791370809078217, {'accuracy': 0.9125}, 60.22423161799088)
[2024-05-29 19:20:32,709][flwr][DEBUG] - evaluate_round 12: strategy sampled 1 clients (out of 50)
[2024-05-29 19:20:33,024][flwr][DEBUG] - evaluate_round 12 received 1 results and 0 failures
[2024-05-29 19:20:33,024][flwr][DEBUG] - fit_round 13: strategy sampled 10 clients (out of 50)
[2024-05-29 19:20:34,760][flwr][DEBUG] - fit_round 13 received 10 results and 0 failures
[2024-05-29 19:20:37,450][flwr][INFO] - fit progress: (13, 49.52743270993233, {'accuracy': 0.8335}, 64.96556956507266)
[2024-05-29 19:20:37,450][flwr][DEBUG] - evaluate_round 13: strategy sampled 1 clients (out of 50)
[2024-05-29 19:20:37,735][flwr][DEBUG] - evaluate_round 13 received 1 results and 0 failures
[2024-05-29 19:20:37,735][flwr][DEBUG] - fit_round 14: strategy sampled 10 clients (out of 50)
[2024-05-29 19:20:39,526][flwr][DEBUG] - fit_round 14 received 10 results and 0 failures
[2024-05-29 19:20:42,166][flwr][INFO] - fit progress: (14, 20.057185623794794, {'accuracy': 0.9472}, 69.6818958693184)
[2024-05-29 19:20:42,166][flwr][DEBUG] - evaluate_round 14: strategy sampled 1 clients (out of 50)
[2024-05-29 19:20:42,453][flwr][DEBUG] - evaluate_round 14 received 1 results and 0 failures
[2024-05-29 19:20:42,454][flwr][DEBUG] - fit_round 15: strategy sampled 10 clients (out of 50)
[2024-05-29 19:20:44,109][flwr][DEBUG] - fit_round 15 received 10 results and 0 failures
[2024-05-29 19:20:46,741][flwr][INFO] - fit progress: (15, 112.69831204414368, {'accuracy': 0.4644}, 74.25692409323528)
[2024-05-29 19:20:46,741][flwr][DEBUG] - evaluate_round 15: strategy sampled 1 clients (out of 50)
[2024-05-29 19:20:47,025][flwr][DEBUG] - evaluate_round 15 received 1 results and 0 failures
[2024-05-29 19:20:47,025][flwr][DEBUG] - fit_round 16: strategy sampled 10 clients (out of 50)
[2024-05-29 19:20:48,622][flwr][DEBUG] - fit_round 16 received 10 results and 0 failures
[2024-05-29 19:20:51,167][flwr][INFO] - fit progress: (16, 15.617398873902857, {'accuracy': 0.9481}, 78.68259943602607)
[2024-05-29 19:20:51,167][flwr][DEBUG] - evaluate_round 16: strategy sampled 1 clients (out of 50)
[2024-05-29 19:20:51,437][flwr][DEBUG] - evaluate_round 16 received 1 results and 0 failures
[2024-05-29 19:20:51,438][flwr][DEBUG] - fit_round 17: strategy sampled 10 clients (out of 50)
[2024-05-29 19:20:53,158][flwr][DEBUG] - fit_round 17 received 10 results and 0 failures
[2024-05-29 19:20:55,631][flwr][INFO] - fit progress: (17, 14.194940282497555, {'accuracy': 0.9493}, 83.14702341519296)
[2024-05-29 19:20:55,631][flwr][DEBUG] - evaluate_round 17: strategy sampled 1 clients (out of 50)
[2024-05-29 19:20:55,964][flwr][DEBUG] - evaluate_round 17 received 1 results and 0 failures
[2024-05-29 19:20:55,964][flwr][DEBUG] - fit_round 18: strategy sampled 10 clients (out of 50)
[2024-05-29 19:20:57,660][flwr][DEBUG] - fit_round 18 received 10 results and 0 failures
[2024-05-29 19:21:00,012][flwr][INFO] - fit progress: (18, 14.133315977174789, {'accuracy': 0.9529}, 87.52778132632375)
[2024-05-29 19:21:00,012][flwr][DEBUG] - evaluate_round 18: strategy sampled 1 clients (out of 50)
[2024-05-29 19:21:00,295][flwr][DEBUG] - evaluate_round 18 received 1 results and 0 failures
[2024-05-29 19:21:00,295][flwr][DEBUG] - fit_round 19: strategy sampled 10 clients (out of 50)
[2024-05-29 19:21:02,077][flwr][DEBUG] - fit_round 19 received 10 results and 0 failures
[2024-05-29 19:21:04,474][flwr][INFO] - fit progress: (19, 14.121671735774726, {'accuracy': 0.9555}, 91.9896331531927)
[2024-05-29 19:21:04,474][flwr][DEBUG] - evaluate_round 19: strategy sampled 1 clients (out of 50)
[2024-05-29 19:21:04,761][flwr][DEBUG] - evaluate_round 19 received 1 results and 0 failures
[2024-05-29 19:21:04,761][flwr][DEBUG] - fit_round 20: strategy sampled 10 clients (out of 50)
[2024-05-29 19:21:06,396][flwr][DEBUG] - fit_round 20 received 10 results and 0 failures
[2024-05-29 19:21:08,881][flwr][INFO] - fit progress: (20, 17.541999706998467, {'accuracy': 0.9489}, 96.39702070737258)
[2024-05-29 19:21:08,881][flwr][DEBUG] - evaluate_round 20: strategy sampled 1 clients (out of 50)
[2024-05-29 19:21:09,167][flwr][DEBUG] - evaluate_round 20 received 1 results and 0 failures
[2024-05-29 19:21:09,167][flwr][DEBUG] - fit_round 21: strategy sampled 10 clients (out of 50)
[2024-05-29 19:21:10,754][flwr][DEBUG] - fit_round 21 received 10 results and 0 failures
[2024-05-29 19:21:13,214][flwr][INFO] - fit progress: (21, 17.17733253352344, {'accuracy': 0.945}, 100.72992483200505)
[2024-05-29 19:21:13,214][flwr][DEBUG] - evaluate_round 21: strategy sampled 1 clients (out of 50)
[2024-05-29 19:21:13,482][flwr][DEBUG] - evaluate_round 21 received 1 results and 0 failures
[2024-05-29 19:21:13,482][flwr][DEBUG] - fit_round 22: strategy sampled 10 clients (out of 50)
[2024-05-29 19:21:15,161][flwr][DEBUG] - fit_round 22 received 10 results and 0 failures
[2024-05-29 19:21:17,494][flwr][INFO] - fit progress: (22, 16.874111292883754, {'accuracy': 0.953}, 105.00999955739826)
[2024-05-29 19:21:17,494][flwr][DEBUG] - evaluate_round 22: strategy sampled 1 clients (out of 50)
[2024-05-29 19:21:17,747][flwr][DEBUG] - evaluate_round 22 received 1 results and 0 failures
[2024-05-29 19:21:17,747][flwr][DEBUG] - fit_round 23: strategy sampled 10 clients (out of 50)
[2024-05-29 19:21:19,438][flwr][DEBUG] - fit_round 23 received 10 results and 0 failures
[2024-05-29 19:21:21,699][flwr][INFO] - fit progress: (23, 11.205648122762796, {'accuracy': 0.9634}, 109.21473210630938)
[2024-05-29 19:21:21,699][flwr][DEBUG] - evaluate_round 23: strategy sampled 1 clients (out of 50)
[2024-05-29 19:21:21,989][flwr][DEBUG] - evaluate_round 23 received 1 results and 0 failures
[2024-05-29 19:21:21,990][flwr][DEBUG] - fit_round 24: strategy sampled 10 clients (out of 50)
[2024-05-29 19:21:23,761][flwr][DEBUG] - fit_round 24 received 10 results and 0 failures
[2024-05-29 19:21:26,008][flwr][INFO] - fit progress: (24, 13.115852169692516, {'accuracy': 0.9591}, 113.52421733317897)
[2024-05-29 19:21:26,009][flwr][DEBUG] - evaluate_round 24: strategy sampled 1 clients (out of 50)
[2024-05-29 19:21:26,294][flwr][DEBUG] - evaluate_round 24 received 1 results and 0 failures
[2024-05-29 19:21:26,294][flwr][DEBUG] - fit_round 25: strategy sampled 10 clients (out of 50)
[2024-05-29 19:21:28,056][flwr][DEBUG] - fit_round 25 received 10 results and 0 failures
[2024-05-29 19:21:30,383][flwr][INFO] - fit progress: (25, 11.341917416546494, {'accuracy': 0.9636}, 117.89871026296169)
[2024-05-29 19:21:30,383][flwr][DEBUG] - evaluate_round 25: strategy sampled 1 clients (out of 50)
[2024-05-29 19:21:30,662][flwr][DEBUG] - evaluate_round 25 received 1 results and 0 failures
[2024-05-29 19:21:30,662][flwr][DEBUG] - fit_round 26: strategy sampled 10 clients (out of 50)
[2024-05-29 19:21:32,374][flwr][DEBUG] - fit_round 26 received 10 results and 0 failures
[2024-05-29 19:21:34,747][flwr][INFO] - fit progress: (26, 16.151202585548162, {'accuracy': 0.9478}, 122.26298846118152)
[2024-05-29 19:21:34,747][flwr][DEBUG] - evaluate_round 26: strategy sampled 1 clients (out of 50)
[2024-05-29 19:21:35,028][flwr][DEBUG] - evaluate_round 26 received 1 results and 0 failures
[2024-05-29 19:21:35,028][flwr][DEBUG] - fit_round 27: strategy sampled 10 clients (out of 50)
[2024-05-29 19:21:36,701][flwr][DEBUG] - fit_round 27 received 10 results and 0 failures
[2024-05-29 19:21:38,964][flwr][INFO] - fit progress: (27, 10.224607238691533, {'accuracy': 0.9654}, 126.47936388617381)
[2024-05-29 19:21:38,964][flwr][DEBUG] - evaluate_round 27: strategy sampled 1 clients (out of 50)
[2024-05-29 19:21:39,245][flwr][DEBUG] - evaluate_round 27 received 1 results and 0 failures
[2024-05-29 19:21:39,245][flwr][DEBUG] - fit_round 28: strategy sampled 10 clients (out of 50)
[2024-05-29 19:21:40,843][flwr][DEBUG] - fit_round 28 received 10 results and 0 failures
[2024-05-29 19:21:43,008][flwr][INFO] - fit progress: (28, 9.96957713647862, {'accuracy': 0.9667}, 130.5235426411964)
[2024-05-29 19:21:43,008][flwr][DEBUG] - evaluate_round 28: strategy sampled 1 clients (out of 50)
[2024-05-29 19:21:43,264][flwr][DEBUG] - evaluate_round 28 received 1 results and 0 failures
[2024-05-29 19:21:43,264][flwr][DEBUG] - fit_round 29: strategy sampled 10 clients (out of 50)
[2024-05-29 19:21:44,998][flwr][DEBUG] - fit_round 29 received 10 results and 0 failures
[2024-05-29 19:21:47,308][flwr][INFO] - fit progress: (29, 14.654902963899076, {'accuracy': 0.9535}, 134.82394065428525)
[2024-05-29 19:21:47,308][flwr][DEBUG] - evaluate_round 29: strategy sampled 1 clients (out of 50)
[2024-05-29 19:21:47,581][flwr][DEBUG] - evaluate_round 29 received 1 results and 0 failures
[2024-05-29 19:21:47,581][flwr][DEBUG] - fit_round 30: strategy sampled 10 clients (out of 50)
[2024-05-29 19:21:49,336][flwr][DEBUG] - fit_round 30 received 10 results and 0 failures
[2024-05-29 19:21:51,580][flwr][INFO] - fit progress: (30, 9.137942581961397, {'accuracy': 0.9689}, 139.09595585009083)
[2024-05-29 19:21:51,580][flwr][DEBUG] - evaluate_round 30: strategy sampled 1 clients (out of 50)
[2024-05-29 19:21:51,853][flwr][DEBUG] - evaluate_round 30 received 1 results and 0 failures
[2024-05-29 19:21:51,853][flwr][DEBUG] - fit_round 31: strategy sampled 10 clients (out of 50)
[2024-05-29 19:21:53,501][flwr][DEBUG] - fit_round 31 received 10 results and 0 failures
[2024-05-29 19:21:55,686][flwr][INFO] - fit progress: (31, 10.13781721610576, {'accuracy': 0.9658}, 143.20181447919458)
[2024-05-29 19:21:55,686][flwr][DEBUG] - evaluate_round 31: strategy sampled 1 clients (out of 50)
[2024-05-29 19:21:55,953][flwr][DEBUG] - evaluate_round 31 received 1 results and 0 failures
[2024-05-29 19:21:55,953][flwr][DEBUG] - fit_round 32: strategy sampled 10 clients (out of 50)
[2024-05-29 19:21:57,649][flwr][DEBUG] - fit_round 32 received 10 results and 0 failures
[2024-05-29 19:21:59,930][flwr][INFO] - fit progress: (32, 13.602921941317618, {'accuracy': 0.9536}, 147.44543164409697)
[2024-05-29 19:21:59,930][flwr][DEBUG] - evaluate_round 32: strategy sampled 1 clients (out of 50)
[2024-05-29 19:22:00,205][flwr][DEBUG] - evaluate_round 32 received 1 results and 0 failures
[2024-05-29 19:22:00,206][flwr][DEBUG] - fit_round 33: strategy sampled 10 clients (out of 50)
[2024-05-29 19:22:01,998][flwr][DEBUG] - fit_round 33 received 10 results and 0 failures
[2024-05-29 19:22:04,208][flwr][INFO] - fit progress: (33, 10.285126828937791, {'accuracy': 0.9668}, 151.72385367332026)
[2024-05-29 19:22:04,208][flwr][DEBUG] - evaluate_round 33: strategy sampled 1 clients (out of 50)
[2024-05-29 19:22:04,545][flwr][DEBUG] - evaluate_round 33 received 1 results and 0 failures
[2024-05-29 19:22:04,545][flwr][DEBUG] - fit_round 34: strategy sampled 10 clients (out of 50)
[2024-05-29 19:22:06,293][flwr][DEBUG] - fit_round 34 received 10 results and 0 failures
[2024-05-29 19:22:08,475][flwr][INFO] - fit progress: (34, 12.409092482179403, {'accuracy': 0.9624}, 155.99054986797273)
[2024-05-29 19:22:08,475][flwr][DEBUG] - evaluate_round 34: strategy sampled 1 clients (out of 50)
[2024-05-29 19:22:08,754][flwr][DEBUG] - evaluate_round 34 received 1 results and 0 failures
[2024-05-29 19:22:08,754][flwr][DEBUG] - fit_round 35: strategy sampled 10 clients (out of 50)
[2024-05-29 19:22:10,337][flwr][DEBUG] - fit_round 35 received 10 results and 0 failures
[2024-05-29 19:22:12,603][flwr][INFO] - fit progress: (35, 12.584374849684536, {'accuracy': 0.9619}, 160.11897051427513)
[2024-05-29 19:22:12,603][flwr][DEBUG] - evaluate_round 35: strategy sampled 1 clients (out of 50)
[2024-05-29 19:22:12,893][flwr][DEBUG] - evaluate_round 35 received 1 results and 0 failures
[2024-05-29 19:22:12,893][flwr][DEBUG] - fit_round 36: strategy sampled 10 clients (out of 50)
[2024-05-29 19:22:14,617][flwr][DEBUG] - fit_round 36 received 10 results and 0 failures
[2024-05-29 19:22:16,796][flwr][INFO] - fit progress: (36, 9.697877307480667, {'accuracy': 0.9673}, 164.31229729531333)
[2024-05-29 19:22:16,797][flwr][DEBUG] - evaluate_round 36: strategy sampled 1 clients (out of 50)
[2024-05-29 19:22:17,085][flwr][DEBUG] - evaluate_round 36 received 1 results and 0 failures
[2024-05-29 19:22:17,085][flwr][DEBUG] - fit_round 37: strategy sampled 10 clients (out of 50)
[2024-05-29 19:22:18,914][flwr][DEBUG] - fit_round 37 received 10 results and 0 failures
[2024-05-29 19:22:21,073][flwr][INFO] - fit progress: (37, 9.775358356302604, {'accuracy': 0.9651}, 168.58898695604876)
[2024-05-29 19:22:21,073][flwr][DEBUG] - evaluate_round 37: strategy sampled 1 clients (out of 50)
[2024-05-29 19:22:21,347][flwr][DEBUG] - evaluate_round 37 received 1 results and 0 failures
[2024-05-29 19:22:21,347][flwr][DEBUG] - fit_round 38: strategy sampled 10 clients (out of 50)
[2024-05-29 19:22:23,121][flwr][DEBUG] - fit_round 38 received 10 results and 0 failures
[2024-05-29 19:22:25,239][flwr][INFO] - fit progress: (38, 9.417983004823327, {'accuracy': 0.967}, 172.754751321394)
[2024-05-29 19:22:25,239][flwr][DEBUG] - evaluate_round 38: strategy sampled 1 clients (out of 50)
[2024-05-29 19:22:25,532][flwr][DEBUG] - evaluate_round 38 received 1 results and 0 failures
[2024-05-29 19:22:25,533][flwr][DEBUG] - fit_round 39: strategy sampled 10 clients (out of 50)
[2024-05-29 19:22:27,201][flwr][DEBUG] - fit_round 39 received 10 results and 0 failures
[2024-05-29 19:22:29,343][flwr][INFO] - fit progress: (39, 9.371816136874259, {'accuracy': 0.9702}, 176.85911618499085)
[2024-05-29 19:22:29,343][flwr][DEBUG] - evaluate_round 39: strategy sampled 1 clients (out of 50)
[2024-05-29 19:22:29,615][flwr][DEBUG] - evaluate_round 39 received 1 results and 0 failures
[2024-05-29 19:22:29,615][flwr][DEBUG] - fit_round 40: strategy sampled 10 clients (out of 50)
[2024-05-29 19:22:31,355][flwr][DEBUG] - fit_round 40 received 10 results and 0 failures
[2024-05-29 19:22:33,555][flwr][INFO] - fit progress: (40, 10.440952008590102, {'accuracy': 0.9658}, 181.07040813704953)
[2024-05-29 19:22:33,555][flwr][DEBUG] - evaluate_round 40: strategy sampled 1 clients (out of 50)
[2024-05-29 19:22:33,837][flwr][DEBUG] - evaluate_round 40 received 1 results and 0 failures
[2024-05-29 19:22:33,837][flwr][DEBUG] - fit_round 41: strategy sampled 10 clients (out of 50)
[2024-05-29 19:22:35,680][flwr][DEBUG] - fit_round 41 received 10 results and 0 failures
[2024-05-29 19:22:37,792][flwr][INFO] - fit progress: (41, 8.963914187595947, {'accuracy': 0.97}, 185.30789552535862)
[2024-05-29 19:22:37,792][flwr][DEBUG] - evaluate_round 41: strategy sampled 1 clients (out of 50)
[2024-05-29 19:22:38,087][flwr][DEBUG] - evaluate_round 41 received 1 results and 0 failures
[2024-05-29 19:22:38,087][flwr][DEBUG] - fit_round 42: strategy sampled 10 clients (out of 50)
[2024-05-29 19:22:39,758][flwr][DEBUG] - fit_round 42 received 10 results and 0 failures
[2024-05-29 19:22:41,800][flwr][INFO] - fit progress: (42, 9.059069923998322, {'accuracy': 0.9712}, 189.31590747227892)
[2024-05-29 19:22:41,800][flwr][DEBUG] - evaluate_round 42: strategy sampled 1 clients (out of 50)
[2024-05-29 19:22:42,086][flwr][DEBUG] - evaluate_round 42 received 1 results and 0 failures
[2024-05-29 19:22:42,086][flwr][DEBUG] - fit_round 43: strategy sampled 10 clients (out of 50)
[2024-05-29 19:22:43,735][flwr][DEBUG] - fit_round 43 received 10 results and 0 failures
[2024-05-29 19:22:45,738][flwr][INFO] - fit progress: (43, 9.416037876158953, {'accuracy': 0.9686}, 193.25344771612436)
[2024-05-29 19:22:45,738][flwr][DEBUG] - evaluate_round 43: strategy sampled 1 clients (out of 50)
[2024-05-29 19:22:46,021][flwr][DEBUG] - evaluate_round 43 received 1 results and 0 failures
[2024-05-29 19:22:46,022][flwr][DEBUG] - fit_round 44: strategy sampled 10 clients (out of 50)
[2024-05-29 19:22:47,754][flwr][DEBUG] - fit_round 44 received 10 results and 0 failures
[2024-05-29 19:22:49,804][flwr][INFO] - fit progress: (44, 9.511497512692586, {'accuracy': 0.9684}, 197.3200096040964)
[2024-05-29 19:22:49,804][flwr][DEBUG] - evaluate_round 44: strategy sampled 1 clients (out of 50)
[2024-05-29 19:22:50,079][flwr][DEBUG] - evaluate_round 44 received 1 results and 0 failures
[2024-05-29 19:22:50,079][flwr][DEBUG] - fit_round 45: strategy sampled 10 clients (out of 50)
[2024-05-29 19:22:51,789][flwr][DEBUG] - fit_round 45 received 10 results and 0 failures
[2024-05-29 19:22:53,915][flwr][INFO] - fit progress: (45, 9.343292472767644, {'accuracy': 0.9693}, 201.43086769804358)
[2024-05-29 19:22:53,915][flwr][DEBUG] - evaluate_round 45: strategy sampled 1 clients (out of 50)
[2024-05-29 19:22:54,209][flwr][DEBUG] - evaluate_round 45 received 1 results and 0 failures
[2024-05-29 19:22:54,210][flwr][DEBUG] - fit_round 46: strategy sampled 10 clients (out of 50)
[2024-05-29 19:22:55,948][flwr][DEBUG] - fit_round 46 received 10 results and 0 failures
[2024-05-29 19:22:58,074][flwr][INFO] - fit progress: (46, 31.994186133146286, {'accuracy': 0.898}, 205.59028886538)
[2024-05-29 19:22:58,075][flwr][DEBUG] - evaluate_round 46: strategy sampled 1 clients (out of 50)
[2024-05-29 19:22:58,362][flwr][DEBUG] - evaluate_round 46 received 1 results and 0 failures
[2024-05-29 19:22:58,362][flwr][DEBUG] - fit_round 47: strategy sampled 10 clients (out of 50)
[2024-05-29 19:23:00,137][flwr][DEBUG] - fit_round 47 received 10 results and 0 failures
[2024-05-29 19:23:02,215][flwr][INFO] - fit progress: (47, 9.240753920574207, {'accuracy': 0.9684}, 209.73104563122615)
[2024-05-29 19:23:02,215][flwr][DEBUG] - evaluate_round 47: strategy sampled 1 clients (out of 50)
[2024-05-29 19:23:02,510][flwr][DEBUG] - evaluate_round 47 received 1 results and 0 failures
[2024-05-29 19:23:02,510][flwr][DEBUG] - fit_round 48: strategy sampled 10 clients (out of 50)
[2024-05-29 19:23:04,268][flwr][DEBUG] - fit_round 48 received 10 results and 0 failures
[2024-05-29 19:23:06,340][flwr][INFO] - fit progress: (48, 9.642933249066118, {'accuracy': 0.968}, 213.85630896734074)
[2024-05-29 19:23:06,341][flwr][DEBUG] - evaluate_round 48: strategy sampled 1 clients (out of 50)
[2024-05-29 19:23:06,613][flwr][DEBUG] - evaluate_round 48 received 1 results and 0 failures
[2024-05-29 19:23:06,613][flwr][DEBUG] - fit_round 49: strategy sampled 10 clients (out of 50)
[2024-05-29 19:23:08,337][flwr][DEBUG] - fit_round 49 received 10 results and 0 failures
[2024-05-29 19:23:10,400][flwr][INFO] - fit progress: (49, 9.145470987241424, {'accuracy': 0.9686}, 217.91589544340968)
[2024-05-29 19:23:10,400][flwr][DEBUG] - evaluate_round 49: strategy sampled 1 clients (out of 50)
[2024-05-29 19:23:10,663][flwr][DEBUG] - evaluate_round 49 received 1 results and 0 failures
[2024-05-29 19:23:10,663][flwr][DEBUG] - fit_round 50: strategy sampled 10 clients (out of 50)
[2024-05-29 19:23:12,286][flwr][DEBUG] - fit_round 50 received 10 results and 0 failures
[2024-05-29 19:23:14,367][flwr][INFO] - fit progress: (50, 9.934040244697826, {'accuracy': 0.9663}, 221.88292978331447)
[2024-05-29 19:23:14,367][flwr][DEBUG] - evaluate_round 50: strategy sampled 1 clients (out of 50)
[2024-05-29 19:23:14,637][flwr][DEBUG] - evaluate_round 50 received 1 results and 0 failures
[2024-05-29 19:23:14,637][flwr][DEBUG] - fit_round 51: strategy sampled 10 clients (out of 50)
[2024-05-29 19:23:16,501][flwr][DEBUG] - fit_round 51 received 10 results and 0 failures
[2024-05-29 19:23:18,632][flwr][INFO] - fit progress: (51, 8.95970516820671, {'accuracy': 0.9697}, 226.14768230123445)
[2024-05-29 19:23:18,632][flwr][DEBUG] - evaluate_round 51: strategy sampled 1 clients (out of 50)
[2024-05-29 19:23:18,919][flwr][DEBUG] - evaluate_round 51 received 1 results and 0 failures
[2024-05-29 19:23:18,919][flwr][DEBUG] - fit_round 52: strategy sampled 10 clients (out of 50)
[2024-05-29 19:23:20,589][flwr][DEBUG] - fit_round 52 received 10 results and 0 failures
[2024-05-29 19:23:22,825][flwr][INFO] - fit progress: (52, 10.444792557857, {'accuracy': 0.9656}, 230.34053199132904)
[2024-05-29 19:23:22,825][flwr][DEBUG] - evaluate_round 52: strategy sampled 1 clients (out of 50)
[2024-05-29 19:23:23,104][flwr][DEBUG] - evaluate_round 52 received 1 results and 0 failures
[2024-05-29 19:23:23,105][flwr][DEBUG] - fit_round 53: strategy sampled 10 clients (out of 50)
[2024-05-29 19:23:24,808][flwr][DEBUG] - fit_round 53 received 10 results and 0 failures
[2024-05-29 19:23:27,123][flwr][INFO] - fit progress: (53, 18.53892758488655, {'accuracy': 0.9391}, 234.6387687213719)
[2024-05-29 19:23:27,123][flwr][DEBUG] - evaluate_round 53: strategy sampled 1 clients (out of 50)
[2024-05-29 19:23:27,409][flwr][DEBUG] - evaluate_round 53 received 1 results and 0 failures
[2024-05-29 19:23:27,410][flwr][DEBUG] - fit_round 54: strategy sampled 10 clients (out of 50)
[2024-05-29 19:23:29,172][flwr][DEBUG] - fit_round 54 received 10 results and 0 failures
[2024-05-29 19:23:31,356][flwr][INFO] - fit progress: (54, 10.246192426304333, {'accuracy': 0.9643}, 238.87223154120147)
[2024-05-29 19:23:31,357][flwr][DEBUG] - evaluate_round 54: strategy sampled 1 clients (out of 50)
[2024-05-29 19:23:31,635][flwr][DEBUG] - evaluate_round 54 received 1 results and 0 failures
[2024-05-29 19:23:31,636][flwr][DEBUG] - fit_round 55: strategy sampled 10 clients (out of 50)
[2024-05-29 19:23:33,358][flwr][DEBUG] - fit_round 55 received 10 results and 0 failures
[2024-05-29 19:23:35,363][flwr][INFO] - fit progress: (55, 9.493700689752586, {'accuracy': 0.9689}, 242.87884581135586)
[2024-05-29 19:23:35,363][flwr][DEBUG] - evaluate_round 55: strategy sampled 1 clients (out of 50)
[2024-05-29 19:23:35,648][flwr][DEBUG] - evaluate_round 55 received 1 results and 0 failures
[2024-05-29 19:23:35,648][flwr][DEBUG] - fit_round 56: strategy sampled 10 clients (out of 50)
[2024-05-29 19:23:37,502][flwr][DEBUG] - fit_round 56 received 10 results and 0 failures
[2024-05-29 19:23:39,588][flwr][INFO] - fit progress: (56, 8.845321827961016, {'accuracy': 0.971}, 247.10350828710943)
[2024-05-29 19:23:39,588][flwr][DEBUG] - evaluate_round 56: strategy sampled 1 clients (out of 50)
[2024-05-29 19:23:39,864][flwr][DEBUG] - evaluate_round 56 received 1 results and 0 failures
[2024-05-29 19:23:39,865][flwr][DEBUG] - fit_round 57: strategy sampled 10 clients (out of 50)
[2024-05-29 19:23:41,521][flwr][DEBUG] - fit_round 57 received 10 results and 0 failures
[2024-05-29 19:23:43,578][flwr][INFO] - fit progress: (57, 8.986635056207888, {'accuracy': 0.9701}, 251.09397858427837)
[2024-05-29 19:23:43,578][flwr][DEBUG] - evaluate_round 57: strategy sampled 1 clients (out of 50)
[2024-05-29 19:23:43,880][flwr][DEBUG] - evaluate_round 57 received 1 results and 0 failures
[2024-05-29 19:23:43,880][flwr][DEBUG] - fit_round 58: strategy sampled 10 clients (out of 50)
[2024-05-29 19:23:45,621][flwr][DEBUG] - fit_round 58 received 10 results and 0 failures
[2024-05-29 19:23:47,664][flwr][INFO] - fit progress: (58, 9.075650874932762, {'accuracy': 0.9697}, 255.180191825144)
[2024-05-29 19:23:47,664][flwr][DEBUG] - evaluate_round 58: strategy sampled 1 clients (out of 50)
[2024-05-29 19:23:47,949][flwr][DEBUG] - evaluate_round 58 received 1 results and 0 failures
[2024-05-29 19:23:47,949][flwr][DEBUG] - fit_round 59: strategy sampled 10 clients (out of 50)
[2024-05-29 19:23:49,550][flwr][DEBUG] - fit_round 59 received 10 results and 0 failures
[2024-05-29 19:23:51,634][flwr][INFO] - fit progress: (59, 8.619287824141793, {'accuracy': 0.9704}, 259.15017901640385)
[2024-05-29 19:23:51,634][flwr][DEBUG] - evaluate_round 59: strategy sampled 1 clients (out of 50)
[2024-05-29 19:23:51,916][flwr][DEBUG] - evaluate_round 59 received 1 results and 0 failures
[2024-05-29 19:23:51,916][flwr][DEBUG] - fit_round 60: strategy sampled 10 clients (out of 50)
[2024-05-29 19:23:53,625][flwr][DEBUG] - fit_round 60 received 10 results and 0 failures
[2024-05-29 19:23:55,728][flwr][INFO] - fit progress: (60, 8.753220347105525, {'accuracy': 0.9716}, 263.2441646363586)
[2024-05-29 19:23:55,728][flwr][DEBUG] - evaluate_round 60: strategy sampled 1 clients (out of 50)
[2024-05-29 19:23:56,007][flwr][DEBUG] - evaluate_round 60 received 1 results and 0 failures
[2024-05-29 19:23:56,008][flwr][DEBUG] - fit_round 61: strategy sampled 10 clients (out of 50)
[2024-05-29 19:23:57,752][flwr][DEBUG] - fit_round 61 received 10 results and 0 failures
[2024-05-29 19:23:59,824][flwr][INFO] - fit progress: (61, 8.736342335876543, {'accuracy': 0.9711}, 267.3402275410481)
[2024-05-29 19:23:59,824][flwr][DEBUG] - evaluate_round 61: strategy sampled 1 clients (out of 50)
[2024-05-29 19:24:00,105][flwr][DEBUG] - evaluate_round 61 received 1 results and 0 failures
[2024-05-29 19:24:00,105][flwr][DEBUG] - fit_round 62: strategy sampled 10 clients (out of 50)
[2024-05-29 19:24:01,768][flwr][DEBUG] - fit_round 62 received 10 results and 0 failures
[2024-05-29 19:24:03,896][flwr][INFO] - fit progress: (62, 8.991453612863552, {'accuracy': 0.9693}, 271.41230039997026)
[2024-05-29 19:24:03,897][flwr][DEBUG] - evaluate_round 62: strategy sampled 1 clients (out of 50)
[2024-05-29 19:24:04,186][flwr][DEBUG] - evaluate_round 62 received 1 results and 0 failures
[2024-05-29 19:24:04,186][flwr][DEBUG] - fit_round 63: strategy sampled 10 clients (out of 50)
[2024-05-29 19:24:05,978][flwr][DEBUG] - fit_round 63 received 10 results and 0 failures
[2024-05-29 19:24:08,066][flwr][INFO] - fit progress: (63, 8.776002600090578, {'accuracy': 0.9701}, 275.58211362501606)
[2024-05-29 19:24:08,066][flwr][DEBUG] - evaluate_round 63: strategy sampled 1 clients (out of 50)
[2024-05-29 19:24:08,344][flwr][DEBUG] - evaluate_round 63 received 1 results and 0 failures
[2024-05-29 19:24:08,344][flwr][DEBUG] - fit_round 64: strategy sampled 10 clients (out of 50)
[2024-05-29 19:24:10,007][flwr][DEBUG] - fit_round 64 received 10 results and 0 failures
[2024-05-29 19:24:12,093][flwr][INFO] - fit progress: (64, 9.358001000335207, {'accuracy': 0.9711}, 279.60855283308774)
[2024-05-29 19:24:12,093][flwr][DEBUG] - evaluate_round 64: strategy sampled 1 clients (out of 50)
[2024-05-29 19:24:12,384][flwr][DEBUG] - evaluate_round 64 received 1 results and 0 failures
[2024-05-29 19:24:12,384][flwr][DEBUG] - fit_round 65: strategy sampled 10 clients (out of 50)
[2024-05-29 19:24:14,240][flwr][DEBUG] - fit_round 65 received 10 results and 0 failures
[2024-05-29 19:24:16,250][flwr][INFO] - fit progress: (65, 10.901839188300073, {'accuracy': 0.9652}, 283.76564818806946)
[2024-05-29 19:24:16,250][flwr][DEBUG] - evaluate_round 65: strategy sampled 1 clients (out of 50)
[2024-05-29 19:24:16,530][flwr][DEBUG] - evaluate_round 65 received 1 results and 0 failures
[2024-05-29 19:24:16,531][flwr][DEBUG] - fit_round 66: strategy sampled 10 clients (out of 50)
[2024-05-29 19:24:18,516][flwr][DEBUG] - fit_round 66 received 10 results and 0 failures
[2024-05-29 19:24:20,593][flwr][INFO] - fit progress: (66, 9.556709316093475, {'accuracy': 0.9715}, 288.108951990027)
[2024-05-29 19:24:20,593][flwr][DEBUG] - evaluate_round 66: strategy sampled 1 clients (out of 50)
[2024-05-29 19:24:20,873][flwr][DEBUG] - evaluate_round 66 received 1 results and 0 failures
[2024-05-29 19:24:20,873][flwr][DEBUG] - fit_round 67: strategy sampled 10 clients (out of 50)
[2024-05-29 19:24:22,696][flwr][DEBUG] - fit_round 67 received 10 results and 0 failures
[2024-05-29 19:24:24,710][flwr][INFO] - fit progress: (67, 9.250674893926771, {'accuracy': 0.9695}, 292.2261049989611)
[2024-05-29 19:24:24,710][flwr][DEBUG] - evaluate_round 67: strategy sampled 1 clients (out of 50)
[2024-05-29 19:24:24,993][flwr][DEBUG] - evaluate_round 67 received 1 results and 0 failures
[2024-05-29 19:24:24,993][flwr][DEBUG] - fit_round 68: strategy sampled 10 clients (out of 50)
[2024-05-29 19:24:26,669][flwr][DEBUG] - fit_round 68 received 10 results and 0 failures
[2024-05-29 19:24:28,706][flwr][INFO] - fit progress: (68, 11.372234096750617, {'accuracy': 0.9633}, 296.22216094937176)
[2024-05-29 19:24:28,706][flwr][DEBUG] - evaluate_round 68: strategy sampled 1 clients (out of 50)
[2024-05-29 19:24:28,992][flwr][DEBUG] - evaluate_round 68 received 1 results and 0 failures
[2024-05-29 19:24:28,992][flwr][DEBUG] - fit_round 69: strategy sampled 10 clients (out of 50)
[2024-05-29 19:24:30,930][flwr][DEBUG] - fit_round 69 received 10 results and 0 failures
[2024-05-29 19:24:33,036][flwr][INFO] - fit progress: (69, 8.652993343712296, {'accuracy': 0.9717}, 300.55212425999343)
[2024-05-29 19:24:33,036][flwr][DEBUG] - evaluate_round 69: strategy sampled 1 clients (out of 50)
[2024-05-29 19:24:33,321][flwr][DEBUG] - evaluate_round 69 received 1 results and 0 failures
[2024-05-29 19:24:33,321][flwr][DEBUG] - fit_round 70: strategy sampled 10 clients (out of 50)
[2024-05-29 19:24:35,084][flwr][DEBUG] - fit_round 70 received 10 results and 0 failures
[2024-05-29 19:24:37,164][flwr][INFO] - fit progress: (70, 8.949535438092425, {'accuracy': 0.9712}, 304.6800462072715)
[2024-05-29 19:24:37,164][flwr][DEBUG] - evaluate_round 70: strategy sampled 1 clients (out of 50)
[2024-05-29 19:24:37,452][flwr][DEBUG] - evaluate_round 70 received 1 results and 0 failures
[2024-05-29 19:24:37,453][flwr][DEBUG] - fit_round 71: strategy sampled 10 clients (out of 50)
[2024-05-29 19:24:39,257][flwr][DEBUG] - fit_round 71 received 10 results and 0 failures
[2024-05-29 19:24:41,454][flwr][INFO] - fit progress: (71, 8.687910879205447, {'accuracy': 0.9725}, 308.9699714402668)
[2024-05-29 19:24:41,454][flwr][DEBUG] - evaluate_round 71: strategy sampled 1 clients (out of 50)
[2024-05-29 19:24:41,735][flwr][DEBUG] - evaluate_round 71 received 1 results and 0 failures
[2024-05-29 19:24:41,735][flwr][DEBUG] - fit_round 72: strategy sampled 10 clients (out of 50)
[2024-05-29 19:24:43,482][flwr][DEBUG] - fit_round 72 received 10 results and 0 failures
[2024-05-29 19:24:45,507][flwr][INFO] - fit progress: (72, 9.044444466824643, {'accuracy': 0.972}, 313.02235110336915)
[2024-05-29 19:24:45,507][flwr][DEBUG] - evaluate_round 72: strategy sampled 1 clients (out of 50)
[2024-05-29 19:24:45,853][flwr][DEBUG] - evaluate_round 72 received 1 results and 0 failures
[2024-05-29 19:24:45,853][flwr][DEBUG] - fit_round 73: strategy sampled 10 clients (out of 50)
[2024-05-29 19:24:47,608][flwr][DEBUG] - fit_round 73 received 10 results and 0 failures
[2024-05-29 19:24:49,768][flwr][INFO] - fit progress: (73, 21.097752302885056, {'accuracy': 0.9157}, 317.2833799403161)
[2024-05-29 19:24:49,768][flwr][DEBUG] - evaluate_round 73: strategy sampled 1 clients (out of 50)
[2024-05-29 19:24:50,049][flwr][DEBUG] - evaluate_round 73 received 1 results and 0 failures
[2024-05-29 19:24:50,049][flwr][DEBUG] - fit_round 74: strategy sampled 10 clients (out of 50)
[2024-05-29 19:24:51,764][flwr][DEBUG] - fit_round 74 received 10 results and 0 failures
[2024-05-29 19:24:53,894][flwr][INFO] - fit progress: (74, 15.304687449708581, {'accuracy': 0.9554}, 321.40957108605653)
[2024-05-29 19:24:53,894][flwr][DEBUG] - evaluate_round 74: strategy sampled 1 clients (out of 50)
[2024-05-29 19:24:54,189][flwr][DEBUG] - evaluate_round 74 received 1 results and 0 failures
[2024-05-29 19:24:54,190][flwr][DEBUG] - fit_round 75: strategy sampled 10 clients (out of 50)
[2024-05-29 19:24:56,003][flwr][DEBUG] - fit_round 75 received 10 results and 0 failures
[2024-05-29 19:24:58,094][flwr][INFO] - fit progress: (75, 8.911002099514008, {'accuracy': 0.9726}, 325.6102781663649)
[2024-05-29 19:24:58,095][flwr][DEBUG] - evaluate_round 75: strategy sampled 1 clients (out of 50)
[2024-05-29 19:24:58,375][flwr][DEBUG] - evaluate_round 75 received 1 results and 0 failures
[2024-05-29 19:24:58,375][flwr][DEBUG] - fit_round 76: strategy sampled 10 clients (out of 50)
[2024-05-29 19:25:00,058][flwr][DEBUG] - fit_round 76 received 10 results and 0 failures
[2024-05-29 19:25:01,985][flwr][INFO] - fit progress: (76, 8.27910438948311, {'accuracy': 0.9731}, 329.50041017727926)
[2024-05-29 19:25:01,985][flwr][DEBUG] - evaluate_round 76: strategy sampled 1 clients (out of 50)
[2024-05-29 19:25:02,282][flwr][DEBUG] - evaluate_round 76 received 1 results and 0 failures
[2024-05-29 19:25:02,282][flwr][DEBUG] - fit_round 77: strategy sampled 10 clients (out of 50)
[2024-05-29 19:25:03,988][flwr][DEBUG] - fit_round 77 received 10 results and 0 failures
[2024-05-29 19:25:06,071][flwr][INFO] - fit progress: (77, 8.039286343206186, {'accuracy': 0.9747}, 333.58727703103796)
[2024-05-29 19:25:06,072][flwr][DEBUG] - evaluate_round 77: strategy sampled 1 clients (out of 50)
[2024-05-29 19:25:06,350][flwr][DEBUG] - evaluate_round 77 received 1 results and 0 failures
[2024-05-29 19:25:06,350][flwr][DEBUG] - fit_round 78: strategy sampled 10 clients (out of 50)
[2024-05-29 19:25:07,965][flwr][DEBUG] - fit_round 78 received 10 results and 0 failures
[2024-05-29 19:25:09,974][flwr][INFO] - fit progress: (78, 8.430637469064095, {'accuracy': 0.9739}, 337.48968316428363)
[2024-05-29 19:25:09,974][flwr][DEBUG] - evaluate_round 78: strategy sampled 1 clients (out of 50)
[2024-05-29 19:25:10,292][flwr][DEBUG] - evaluate_round 78 received 1 results and 0 failures
[2024-05-29 19:25:10,292][flwr][DEBUG] - fit_round 79: strategy sampled 10 clients (out of 50)
[2024-05-29 19:25:11,986][flwr][DEBUG] - fit_round 79 received 10 results and 0 failures
[2024-05-29 19:25:13,870][flwr][INFO] - fit progress: (79, 8.550970243722986, {'accuracy': 0.9739}, 341.3861511843279)
[2024-05-29 19:25:13,870][flwr][DEBUG] - evaluate_round 79: strategy sampled 1 clients (out of 50)
[2024-05-29 19:25:14,163][flwr][DEBUG] - evaluate_round 79 received 1 results and 0 failures
[2024-05-29 19:25:14,163][flwr][DEBUG] - fit_round 80: strategy sampled 10 clients (out of 50)
[2024-05-29 19:25:15,842][flwr][DEBUG] - fit_round 80 received 10 results and 0 failures
[2024-05-29 19:25:17,778][flwr][INFO] - fit progress: (80, 8.056346416298766, {'accuracy': 0.9748}, 345.2936684140004)
[2024-05-29 19:25:17,778][flwr][DEBUG] - evaluate_round 80: strategy sampled 1 clients (out of 50)
[2024-05-29 19:25:18,062][flwr][DEBUG] - evaluate_round 80 received 1 results and 0 failures
[2024-05-29 19:25:18,062][flwr][DEBUG] - fit_round 81: strategy sampled 10 clients (out of 50)
[2024-05-29 19:25:19,693][flwr][DEBUG] - fit_round 81 received 10 results and 0 failures
[2024-05-29 19:25:21,576][flwr][INFO] - fit progress: (81, 8.495227524097572, {'accuracy': 0.9739}, 349.0915663279593)
[2024-05-29 19:25:21,576][flwr][DEBUG] - evaluate_round 81: strategy sampled 1 clients (out of 50)
[2024-05-29 19:25:21,915][flwr][DEBUG] - evaluate_round 81 received 1 results and 0 failures
[2024-05-29 19:25:21,915][flwr][DEBUG] - fit_round 82: strategy sampled 10 clients (out of 50)
[2024-05-29 19:25:23,553][flwr][DEBUG] - fit_round 82 received 10 results and 0 failures
[2024-05-29 19:25:25,524][flwr][INFO] - fit progress: (82, 8.851009210127813, {'accuracy': 0.9718}, 353.0401715734042)
[2024-05-29 19:25:25,524][flwr][DEBUG] - evaluate_round 82: strategy sampled 1 clients (out of 50)
[2024-05-29 19:25:25,796][flwr][DEBUG] - evaluate_round 82 received 1 results and 0 failures
[2024-05-29 19:25:25,796][flwr][DEBUG] - fit_round 83: strategy sampled 10 clients (out of 50)
[2024-05-29 19:25:27,573][flwr][DEBUG] - fit_round 83 received 10 results and 0 failures
[2024-05-29 19:25:29,540][flwr][INFO] - fit progress: (83, 8.283000035444275, {'accuracy': 0.9732}, 357.0558579280041)
[2024-05-29 19:25:29,540][flwr][DEBUG] - evaluate_round 83: strategy sampled 1 clients (out of 50)
[2024-05-29 19:25:29,825][flwr][DEBUG] - evaluate_round 83 received 1 results and 0 failures
[2024-05-29 19:25:29,825][flwr][DEBUG] - fit_round 84: strategy sampled 10 clients (out of 50)
[2024-05-29 19:25:31,549][flwr][DEBUG] - fit_round 84 received 10 results and 0 failures
[2024-05-29 19:25:33,571][flwr][INFO] - fit progress: (84, 9.7401658865856, {'accuracy': 0.9694}, 361.08723881002516)
[2024-05-29 19:25:33,572][flwr][DEBUG] - evaluate_round 84: strategy sampled 1 clients (out of 50)
[2024-05-29 19:25:33,852][flwr][DEBUG] - evaluate_round 84 received 1 results and 0 failures
[2024-05-29 19:25:33,852][flwr][DEBUG] - fit_round 85: strategy sampled 10 clients (out of 50)
[2024-05-29 19:25:35,670][flwr][DEBUG] - fit_round 85 received 10 results and 0 failures
[2024-05-29 19:25:37,611][flwr][INFO] - fit progress: (85, 9.009727524826303, {'accuracy': 0.9732}, 365.1269018310122)
[2024-05-29 19:25:37,611][flwr][DEBUG] - evaluate_round 85: strategy sampled 1 clients (out of 50)
[2024-05-29 19:25:37,897][flwr][DEBUG] - evaluate_round 85 received 1 results and 0 failures
[2024-05-29 19:25:37,897][flwr][DEBUG] - fit_round 86: strategy sampled 10 clients (out of 50)
[2024-05-29 19:25:39,810][flwr][DEBUG] - fit_round 86 received 10 results and 0 failures
[2024-05-29 19:25:41,814][flwr][INFO] - fit progress: (86, 9.311413320567226, {'accuracy': 0.97}, 369.3295831079595)
[2024-05-29 19:25:41,814][flwr][DEBUG] - evaluate_round 86: strategy sampled 1 clients (out of 50)
[2024-05-29 19:25:42,096][flwr][DEBUG] - evaluate_round 86 received 1 results and 0 failures
[2024-05-29 19:25:42,096][flwr][DEBUG] - fit_round 87: strategy sampled 10 clients (out of 50)
[2024-05-29 19:25:43,748][flwr][DEBUG] - fit_round 87 received 10 results and 0 failures
[2024-05-29 19:25:45,652][flwr][INFO] - fit progress: (87, 8.406590561988196, {'accuracy': 0.9748}, 373.16792734200135)
[2024-05-29 19:25:45,652][flwr][DEBUG] - evaluate_round 87: strategy sampled 1 clients (out of 50)
[2024-05-29 19:25:45,944][flwr][DEBUG] - evaluate_round 87 received 1 results and 0 failures
[2024-05-29 19:25:45,945][flwr][DEBUG] - fit_round 88: strategy sampled 10 clients (out of 50)
[2024-05-29 19:25:47,706][flwr][DEBUG] - fit_round 88 received 10 results and 0 failures
[2024-05-29 19:25:49,625][flwr][INFO] - fit progress: (88, 8.752411028601273, {'accuracy': 0.9739}, 377.14125181222335)
[2024-05-29 19:25:49,626][flwr][DEBUG] - evaluate_round 88: strategy sampled 1 clients (out of 50)
[2024-05-29 19:25:49,902][flwr][DEBUG] - evaluate_round 88 received 1 results and 0 failures
[2024-05-29 19:25:49,903][flwr][DEBUG] - fit_round 89: strategy sampled 10 clients (out of 50)
[2024-05-29 19:25:51,813][flwr][DEBUG] - fit_round 89 received 10 results and 0 failures
[2024-05-29 19:25:53,703][flwr][INFO] - fit progress: (89, 8.916813348470896, {'accuracy': 0.973}, 381.21853813901544)
[2024-05-29 19:25:53,703][flwr][DEBUG] - evaluate_round 89: strategy sampled 1 clients (out of 50)
[2024-05-29 19:25:53,993][flwr][DEBUG] - evaluate_round 89 received 1 results and 0 failures
[2024-05-29 19:25:53,994][flwr][DEBUG] - fit_round 90: strategy sampled 10 clients (out of 50)
[2024-05-29 19:25:55,869][flwr][DEBUG] - fit_round 90 received 10 results and 0 failures
[2024-05-29 19:25:57,855][flwr][INFO] - fit progress: (90, 8.52077691431623, {'accuracy': 0.9729}, 385.37118263402954)
[2024-05-29 19:25:57,855][flwr][DEBUG] - evaluate_round 90: strategy sampled 1 clients (out of 50)
[2024-05-29 19:25:58,108][flwr][DEBUG] - evaluate_round 90 received 1 results and 0 failures
[2024-05-29 19:25:58,108][flwr][DEBUG] - fit_round 91: strategy sampled 10 clients (out of 50)
[2024-05-29 19:25:59,759][flwr][DEBUG] - fit_round 91 received 10 results and 0 failures
[2024-05-29 19:26:01,793][flwr][INFO] - fit progress: (91, 29.418052949011326, {'accuracy': 0.8931}, 389.30922450404614)
[2024-05-29 19:26:01,794][flwr][DEBUG] - evaluate_round 91: strategy sampled 1 clients (out of 50)
[2024-05-29 19:26:02,079][flwr][DEBUG] - evaluate_round 91 received 1 results and 0 failures
[2024-05-29 19:26:02,079][flwr][DEBUG] - fit_round 92: strategy sampled 10 clients (out of 50)
[2024-05-29 19:26:03,836][flwr][DEBUG] - fit_round 92 received 10 results and 0 failures
[2024-05-29 19:26:05,797][flwr][INFO] - fit progress: (92, 8.87333787928219, {'accuracy': 0.9716}, 393.3128539053723)
[2024-05-29 19:26:05,797][flwr][DEBUG] - evaluate_round 92: strategy sampled 1 clients (out of 50)
[2024-05-29 19:26:06,077][flwr][DEBUG] - evaluate_round 92 received 1 results and 0 failures
[2024-05-29 19:26:06,077][flwr][DEBUG] - fit_round 93: strategy sampled 10 clients (out of 50)
[2024-05-29 19:26:07,848][flwr][DEBUG] - fit_round 93 received 10 results and 0 failures
[2024-05-29 19:26:09,741][flwr][INFO] - fit progress: (93, 9.09687079986179, {'accuracy': 0.9727}, 397.25730934739113)
[2024-05-29 19:26:09,742][flwr][DEBUG] - evaluate_round 93: strategy sampled 1 clients (out of 50)
[2024-05-29 19:26:10,028][flwr][DEBUG] - evaluate_round 93 received 1 results and 0 failures
[2024-05-29 19:26:10,028][flwr][DEBUG] - fit_round 94: strategy sampled 10 clients (out of 50)
[2024-05-29 19:26:11,702][flwr][DEBUG] - fit_round 94 received 10 results and 0 failures
[2024-05-29 19:26:13,632][flwr][INFO] - fit progress: (94, 9.659712712425971, {'accuracy': 0.969}, 401.14791148435324)
[2024-05-29 19:26:13,632][flwr][DEBUG] - evaluate_round 94: strategy sampled 1 clients (out of 50)
[2024-05-29 19:26:13,897][flwr][DEBUG] - evaluate_round 94 received 1 results and 0 failures
[2024-05-29 19:26:13,897][flwr][DEBUG] - fit_round 95: strategy sampled 10 clients (out of 50)
[2024-05-29 19:26:15,542][flwr][DEBUG] - fit_round 95 received 10 results and 0 failures
[2024-05-29 19:26:17,446][flwr][INFO] - fit progress: (95, 8.709922909594752, {'accuracy': 0.9751}, 404.9621164901182)
[2024-05-29 19:26:17,446][flwr][DEBUG] - evaluate_round 95: strategy sampled 1 clients (out of 50)
[2024-05-29 19:26:17,767][flwr][DEBUG] - evaluate_round 95 received 1 results and 0 failures
[2024-05-29 19:26:17,767][flwr][DEBUG] - fit_round 96: strategy sampled 10 clients (out of 50)
[2024-05-29 19:26:19,506][flwr][DEBUG] - fit_round 96 received 10 results and 0 failures
[2024-05-29 19:26:21,407][flwr][INFO] - fit progress: (96, 8.674978010756604, {'accuracy': 0.9727}, 408.922664668411)
[2024-05-29 19:26:21,407][flwr][DEBUG] - evaluate_round 96: strategy sampled 1 clients (out of 50)
[2024-05-29 19:26:21,689][flwr][DEBUG] - evaluate_round 96 received 1 results and 0 failures
[2024-05-29 19:26:21,689][flwr][DEBUG] - fit_round 97: strategy sampled 10 clients (out of 50)
[2024-05-29 19:26:23,512][flwr][DEBUG] - fit_round 97 received 10 results and 0 failures
[2024-05-29 19:26:25,483][flwr][INFO] - fit progress: (97, 9.35946256828447, {'accuracy': 0.9736}, 412.9989127260633)
[2024-05-29 19:26:25,483][flwr][DEBUG] - evaluate_round 97: strategy sampled 1 clients (out of 50)
[2024-05-29 19:26:25,824][flwr][DEBUG] - evaluate_round 97 received 1 results and 0 failures
[2024-05-29 19:26:25,825][flwr][DEBUG] - fit_round 98: strategy sampled 10 clients (out of 50)
[2024-05-29 19:26:27,430][flwr][DEBUG] - fit_round 98 received 10 results and 0 failures
[2024-05-29 19:26:29,296][flwr][INFO] - fit progress: (98, 8.778854872638476, {'accuracy': 0.9714}, 416.81217530509457)
[2024-05-29 19:26:29,296][flwr][DEBUG] - evaluate_round 98: strategy sampled 1 clients (out of 50)
[2024-05-29 19:26:29,564][flwr][DEBUG] - evaluate_round 98 received 1 results and 0 failures
[2024-05-29 19:26:29,564][flwr][DEBUG] - fit_round 99: strategy sampled 10 clients (out of 50)
[2024-05-29 19:26:31,375][flwr][DEBUG] - fit_round 99 received 10 results and 0 failures
[2024-05-29 19:26:33,232][flwr][INFO] - fit progress: (99, 8.220265007812486, {'accuracy': 0.9743}, 420.7473684870638)
[2024-05-29 19:26:33,232][flwr][DEBUG] - evaluate_round 99: strategy sampled 1 clients (out of 50)
[2024-05-29 19:26:33,515][flwr][DEBUG] - evaluate_round 99 received 1 results and 0 failures
[2024-05-29 19:26:33,516][flwr][DEBUG] - fit_round 100: strategy sampled 10 clients (out of 50)
[2024-05-29 19:26:35,256][flwr][DEBUG] - fit_round 100 received 10 results and 0 failures
[2024-05-29 19:26:37,267][flwr][INFO] - fit progress: (100, 10.173835115972906, {'accuracy': 0.9669}, 424.78271352127194)
[2024-05-29 19:26:37,267][flwr][DEBUG] - evaluate_round 100: strategy sampled 1 clients (out of 50)
[2024-05-29 19:26:37,563][flwr][DEBUG] - evaluate_round 100 received 1 results and 0 failures
[2024-05-29 19:26:37,563][flwr][INFO] - FL finished in 425.07865814631805
[2024-05-29 19:26:37,585][flwr][INFO] - app_fit: losses_distributed [(1, 6.564884305000305), (2, 4.469385504722595), (3, 1.79216168820858), (4, 5.59997946023941), (5, 5.000150620937347), (6, 1.9020172506570816), (7, 5.607022821903229), (8, 1.211042046546936), (9, 1.8989718705415726), (10, 1.0832878425717354), (11, 0.7642696350812912), (12, 2.0852056443691254), (13, 3.2955071330070496), (14, 1.3006664738059044), (15, 6.206114709377289), (16, 0.9904371276497841), (17, 1.1348640657961369), (18, 0.7994617661461234), (19, 0.8011815287172794), (20, 1.0186177752912045), (21, 0.9558508098125458), (22, 0.747222512960434), (23, 0.4408101290464401), (24, 0.6315271556377411), (25, 0.6379830744117498), (26, 1.001769632101059), (27, 0.9328565485775471), (28, 0.8566331416368484), (29, 1.6289736330509186), (30, 0.7742994353175163), (31, 0.6700670933350921), (32, 0.7778517007827759), (33, 1.0241567064076662), (34, 0.6370954141020775), (35, 0.5210301801562309), (36, 0.2815079065039754), (37, 0.7614188939332962), (38, 1.390056911855936), (39, 0.5047631170600653), (40, 0.8034774586558342), (41, 0.5589446146041155), (42, 0.5174742382951081), (43, 0.20508850645273924), (44, 0.6869774516671896), (45, 0.5770675539970398), (46, 2.2517570480704308), (47, 0.9191119894385338), (48, 1.0539456456899643), (49, 0.5055651813745499), (50, 0.5650832615792751), (51, 0.3565731793642044), (52, 0.7161100273951888), (53, 1.3686689510941505), (54, 1.279035847634077), (55, 0.3745051883161068), (56, 0.4536012774333358), (57, 0.6509769367985427), (58, 0.8054469116032124), (59, 0.5002377605123911), (60, 0.5730649568140507), (61, 0.6008202945813537), (62, 0.3886147439479828), (63, 0.37734581623226404), (64, 0.45022152364254), (65, 0.6976246014237404), (66, 0.45985931903123856), (67, 1.2791933231055737), (68, 0.3004619851708412), (69, 0.9688250031322241), (70, 0.22221570368856192), (71, 0.21989725704770535), (72, 1.0794939086772501), (73, 1.4894691184163094), (74, 1.2222715318202972), (75, 0.5570119842886925), (76, 0.47540086321532726), (77, 0.8607699684798717), (78, 0.18992137000896037), (79, 0.6099181992467493), (80, 0.25951744173653424), (81, 0.33074205182492733), (82, 0.46184131712652743), (83, 0.6361816828139126), (84, 1.1649967581033707), (85, 0.5539610087871552), (86, 0.9416315294802189), (87, 1.166167734656483), (88, 1.0195899238751736), (89, 1.0139743530889973), (90, 0.9987119829165749), (91, 1.4816984608769417), (92, 0.6332270642742515), (93, 1.2324373750016093), (94, 0.3613771814852953), (95, 0.37688827025704086), (96, 0.44612108170986176), (97, 0.4621949291031342), (98, 1.66309548728168), (99, 1.195373672991991), (100, 0.9392396295443177)]
[2024-05-29 19:26:37,585][flwr][INFO] - app_fit: metrics_distributed_fit {}
[2024-05-29 19:26:37,585][flwr][INFO] - app_fit: metrics_distributed {}
[2024-05-29 19:26:37,585][flwr][INFO] - app_fit: losses_centralized [(0, 182.1595549583435), (1, 106.02739799022675), (2, 63.234095841646194), (3, 40.18947698920965), (4, 79.03124386072159), (5, 88.23929327726364), (6, 34.14064686372876), (7, 80.7708443403244), (8, 24.381464775651693), (9, 33.97335858643055), (10, 18.977440912276506), (11, 17.85738437715918), (12, 28.791370809078217), (13, 49.52743270993233), (14, 20.057185623794794), (15, 112.69831204414368), (16, 15.617398873902857), (17, 14.194940282497555), (18, 14.133315977174789), (19, 14.121671735774726), (20, 17.541999706998467), (21, 17.17733253352344), (22, 16.874111292883754), (23, 11.205648122762796), (24, 13.115852169692516), (25, 11.341917416546494), (26, 16.151202585548162), (27, 10.224607238691533), (28, 9.96957713647862), (29, 14.654902963899076), (30, 9.137942581961397), (31, 10.13781721610576), (32, 13.602921941317618), (33, 10.285126828937791), (34, 12.409092482179403), (35, 12.584374849684536), (36, 9.697877307480667), (37, 9.775358356302604), (38, 9.417983004823327), (39, 9.371816136874259), (40, 10.440952008590102), (41, 8.963914187595947), (42, 9.059069923998322), (43, 9.416037876158953), (44, 9.511497512692586), (45, 9.343292472767644), (46, 31.994186133146286), (47, 9.240753920574207), (48, 9.642933249066118), (49, 9.145470987241424), (50, 9.934040244697826), (51, 8.95970516820671), (52, 10.444792557857), (53, 18.53892758488655), (54, 10.246192426304333), (55, 9.493700689752586), (56, 8.845321827961016), (57, 8.986635056207888), (58, 9.075650874932762), (59, 8.619287824141793), (60, 8.753220347105525), (61, 8.736342335876543), (62, 8.991453612863552), (63, 8.776002600090578), (64, 9.358001000335207), (65, 10.901839188300073), (66, 9.556709316093475), (67, 9.250674893926771), (68, 11.372234096750617), (69, 8.652993343712296), (70, 8.949535438092425), (71, 8.687910879205447), (72, 9.044444466824643), (73, 21.097752302885056), (74, 15.304687449708581), (75, 8.911002099514008), (76, 8.27910438948311), (77, 8.039286343206186), (78, 8.430637469064095), (79, 8.550970243722986), (80, 8.056346416298766), (81, 8.495227524097572), (82, 8.851009210127813), (83, 8.283000035444275), (84, 9.7401658865856), (85, 9.009727524826303), (86, 9.311413320567226), (87, 8.406590561988196), (88, 8.752411028601273), (89, 8.916813348470896), (90, 8.52077691431623), (91, 29.418052949011326), (92, 8.87333787928219), (93, 9.09687079986179), (94, 9.659712712425971), (95, 8.709922909594752), (96, 8.674978010756604), (97, 9.35946256828447), (98, 8.778854872638476), (99, 8.220265007812486), (100, 10.173835115972906)]
[2024-05-29 19:26:37,585][flwr][INFO] - app_fit: metrics_centralized {'accuracy': [(0, 0.0937), (1, 0.8156), (2, 0.7498), (3, 0.887), (4, 0.7027), (5, 0.7925), (6, 0.8714), (7, 0.7393), (8, 0.9213), (9, 0.8975), (10, 0.9361), (11, 0.9399), (12, 0.9125), (13, 0.8335), (14, 0.9472), (15, 0.4644), (16, 0.9481), (17, 0.9493), (18, 0.9529), (19, 0.9555), (20, 0.9489), (21, 0.945), (22, 0.953), (23, 0.9634), (24, 0.9591), (25, 0.9636), (26, 0.9478), (27, 0.9654), (28, 0.9667), (29, 0.9535), (30, 0.9689), (31, 0.9658), (32, 0.9536), (33, 0.9668), (34, 0.9624), (35, 0.9619), (36, 0.9673), (37, 0.9651), (38, 0.967), (39, 0.9702), (40, 0.9658), (41, 0.97), (42, 0.9712), (43, 0.9686), (44, 0.9684), (45, 0.9693), (46, 0.898), (47, 0.9684), (48, 0.968), (49, 0.9686), (50, 0.9663), (51, 0.9697), (52, 0.9656), (53, 0.9391), (54, 0.9643), (55, 0.9689), (56, 0.971), (57, 0.9701), (58, 0.9697), (59, 0.9704), (60, 0.9716), (61, 0.9711), (62, 0.9693), (63, 0.9701), (64, 0.9711), (65, 0.9652), (66, 0.9715), (67, 0.9695), (68, 0.9633), (69, 0.9717), (70, 0.9712), (71, 0.9725), (72, 0.972), (73, 0.9157), (74, 0.9554), (75, 0.9726), (76, 0.9731), (77, 0.9747), (78, 0.9739), (79, 0.9739), (80, 0.9748), (81, 0.9739), (82, 0.9718), (83, 0.9732), (84, 0.9694), (85, 0.9732), (86, 0.97), (87, 0.9748), (88, 0.9739), (89, 0.973), (90, 0.9729), (91, 0.8931), (92, 0.9716), (93, 0.9727), (94, 0.969), (95, 0.9751), (96, 0.9727), (97, 0.9736), (98, 0.9714), (99, 0.9743), (100, 0.9669)]}
