[2024-05-06 17:33:33,738][flwr][INFO] - Starting Flower simulation, config: ServerConfig(num_rounds=100, round_timeout=None)
[2024-05-06 17:33:37,157][flwr][INFO] - Flower VCE: Ray initialized with resources: {'CPU': 20.0, 'memory': 39191912448.0, 'node:__internal_head__': 1.0, 'object_store_memory': 19595956224.0, 'node:172.17.34.49': 1.0, 'GPU': 4.0, 'accelerator_type:G': 1.0}
[2024-05-06 17:33:37,158][flwr][INFO] - Initializing global parameters
[2024-05-06 17:33:37,158][flwr][INFO] - Requesting initial parameters from one random client
[2024-05-06 17:33:39,781][flwr][INFO] - Received initial parameters from one random client
[2024-05-06 17:33:39,781][flwr][INFO] - Evaluating initial parameters
[2024-05-06 17:33:43,210][flwr][INFO] - initial parameters (loss, other metrics): 196.07239246368408, {'accuracy': 0.1082}
[2024-05-06 17:33:43,211][flwr][INFO] - FL starting
[2024-05-06 17:33:43,211][flwr][DEBUG] - fit_round 1: strategy sampled 10 clients (out of 50)
[2024-05-06 17:34:33,911][flwr][DEBUG] - fit_round 1 received 10 results and 0 failures
[2024-05-06 17:34:36,479][flwr][WARNING] - No fit_metrics_aggregation_fn provided
[2024-05-06 17:34:38,450][flwr][INFO] - fit progress: (1, 93.61660400032997, {'accuracy': 0.7504}, 55.23937389999628)
[2024-05-06 17:34:38,450][flwr][DEBUG] - evaluate_round 1: strategy sampled 5 clients (out of 50)
[2024-05-06 17:34:57,864][flwr][DEBUG] - evaluate_round 1 received 5 results and 0 failures
[2024-05-06 17:34:57,865][flwr][WARNING] - No evaluate_metrics_aggregation_fn provided
[2024-05-06 17:34:57,865][flwr][DEBUG] - fit_round 2: strategy sampled 10 clients (out of 50)
[2024-05-06 17:35:48,850][flwr][DEBUG] - fit_round 2 received 10 results and 0 failures
[2024-05-06 17:35:53,437][flwr][INFO] - fit progress: (2, 256.5679923295975, {'accuracy': 0.6371}, 130.22662265226245)
[2024-05-06 17:35:53,438][flwr][DEBUG] - evaluate_round 2: strategy sampled 5 clients (out of 50)
[2024-05-06 17:36:12,779][flwr][DEBUG] - evaluate_round 2 received 5 results and 0 failures
[2024-05-06 17:36:12,780][flwr][DEBUG] - fit_round 3: strategy sampled 10 clients (out of 50)
[2024-05-06 17:37:03,756][flwr][DEBUG] - fit_round 3 received 10 results and 0 failures
