[2024-05-12 15:55:15,792][flwr][INFO] - Starting Flower simulation, config: ServerConfig(num_rounds=100, round_timeout=None)
[2024-05-12 15:55:18,244][flwr][INFO] - Flower VCE: Ray initialized with resources: {'CPU': 20.0, 'memory': 38903483598.0, 'node:__internal_head__': 1.0, 'object_store_memory': 19451741798.0, 'GPU': 4.0, 'accelerator_type:G': 1.0, 'node:172.17.34.49': 1.0}
[2024-05-12 15:55:18,244][flwr][INFO] - Initializing global parameters
[2024-05-12 15:55:18,245][flwr][INFO] - Requesting initial parameters from one random client
[2024-05-12 15:55:20,861][flwr][INFO] - Received initial parameters from one random client
[2024-05-12 15:55:20,861][flwr][INFO] - Evaluating initial parameters
[2024-05-12 15:55:24,282][flwr][INFO] - initial parameters (loss, other metrics): 197.79157781600952, {'accuracy': 0.083}
[2024-05-12 15:55:24,282][flwr][INFO] - FL starting
[2024-05-12 15:55:24,283][flwr][DEBUG] - fit_round 1: strategy sampled 10 clients (out of 50)
[2024-05-12 15:56:14,517][flwr][DEBUG] - fit_round 1 received 10 results and 0 failures
[2024-05-12 15:56:17,076][flwr][WARNING] - No fit_metrics_aggregation_fn provided
[2024-05-12 15:56:19,007][flwr][INFO] - fit progress: (1, 188.5702222585678, {'accuracy': 0.4393}, 54.7245128788054)
[2024-05-12 15:56:19,007][flwr][DEBUG] - evaluate_round 1: strategy sampled 1 clients (out of 50)
[2024-05-12 15:56:22,926][flwr][DEBUG] - evaluate_round 1 received 1 results and 0 failures
[2024-05-12 15:56:22,926][flwr][WARNING] - No evaluate_metrics_aggregation_fn provided
[2024-05-12 15:56:22,926][flwr][DEBUG] - fit_round 2: strategy sampled 10 clients (out of 50)
[2024-05-12 15:57:13,567][flwr][DEBUG] - fit_round 2 received 10 results and 0 failures
[2024-05-12 15:57:18,114][flwr][INFO] - fit progress: (2, 184.87057757377625, {'accuracy': 0.5749}, 113.83192147314548)
[2024-05-12 15:57:18,115][flwr][DEBUG] - evaluate_round 2: strategy sampled 1 clients (out of 50)
[2024-05-12 15:57:22,014][flwr][DEBUG] - evaluate_round 2 received 1 results and 0 failures
[2024-05-12 15:57:22,015][flwr][DEBUG] - fit_round 3: strategy sampled 10 clients (out of 50)
[2024-05-12 15:58:12,460][flwr][DEBUG] - fit_round 3 received 10 results and 0 failures
[2024-05-12 15:58:16,953][flwr][INFO] - fit progress: (3, 273.61640894412994, {'accuracy': 0.5642}, 172.67006151378155)
[2024-05-12 15:58:16,953][flwr][DEBUG] - evaluate_round 3: strategy sampled 1 clients (out of 50)
[2024-05-12 15:58:20,849][flwr][DEBUG] - evaluate_round 3 received 1 results and 0 failures
[2024-05-12 15:58:20,850][flwr][DEBUG] - fit_round 4: strategy sampled 10 clients (out of 50)
[2024-05-12 15:59:11,523][flwr][DEBUG] - fit_round 4 received 10 results and 0 failures
[2024-05-12 15:59:16,177][flwr][INFO] - fit progress: (4, 83.84137129411101, {'accuracy': 0.8295}, 231.89480678364635)
[2024-05-12 15:59:16,177][flwr][DEBUG] - evaluate_round 4: strategy sampled 1 clients (out of 50)
[2024-05-12 15:59:20,111][flwr][DEBUG] - evaluate_round 4 received 1 results and 0 failures
[2024-05-12 15:59:20,111][flwr][DEBUG] - fit_round 5: strategy sampled 10 clients (out of 50)
[2024-05-12 16:00:10,822][flwr][DEBUG] - fit_round 5 received 10 results and 0 failures
[2024-05-12 16:00:15,429][flwr][INFO] - fit progress: (5, 73.00016976892948, {'accuracy': 0.7881}, 291.1470125839114)
[2024-05-12 16:00:15,430][flwr][DEBUG] - evaluate_round 5: strategy sampled 1 clients (out of 50)
[2024-05-12 16:00:19,378][flwr][DEBUG] - evaluate_round 5 received 1 results and 0 failures
[2024-05-12 16:00:19,378][flwr][DEBUG] - fit_round 6: strategy sampled 10 clients (out of 50)
[2024-05-12 16:01:10,017][flwr][DEBUG] - fit_round 6 received 10 results and 0 failures
[2024-05-12 16:01:14,670][flwr][INFO] - fit progress: (6, 63.261643409729004, {'accuracy': 0.7797}, 350.3876940794289)
[2024-05-12 16:01:14,670][flwr][DEBUG] - evaluate_round 6: strategy sampled 1 clients (out of 50)
[2024-05-12 16:01:18,624][flwr][DEBUG] - evaluate_round 6 received 1 results and 0 failures
[2024-05-12 16:01:18,624][flwr][DEBUG] - fit_round 7: strategy sampled 10 clients (out of 50)
[2024-05-12 16:02:09,199][flwr][DEBUG] - fit_round 7 received 10 results and 0 failures
[2024-05-12 16:02:13,974][flwr][INFO] - fit progress: (7, 50.299793779850006, {'accuracy': 0.8131}, 409.6916988790035)
[2024-05-12 16:02:13,974][flwr][DEBUG] - evaluate_round 7: strategy sampled 1 clients (out of 50)
[2024-05-12 16:02:17,921][flwr][DEBUG] - evaluate_round 7 received 1 results and 0 failures
[2024-05-12 16:02:17,921][flwr][DEBUG] - fit_round 8: strategy sampled 10 clients (out of 50)
[2024-05-12 16:03:09,029][flwr][DEBUG] - fit_round 8 received 10 results and 0 failures
[2024-05-12 16:03:13,803][flwr][INFO] - fit progress: (8, 42.186152540147305, {'accuracy': 0.8444}, 469.5204663835466)
[2024-05-12 16:03:13,803][flwr][DEBUG] - evaluate_round 8: strategy sampled 1 clients (out of 50)
[2024-05-12 16:03:17,756][flwr][DEBUG] - evaluate_round 8 received 1 results and 0 failures
[2024-05-12 16:03:17,757][flwr][DEBUG] - fit_round 9: strategy sampled 10 clients (out of 50)
[2024-05-12 16:04:08,827][flwr][DEBUG] - fit_round 9 received 10 results and 0 failures
[2024-05-12 16:04:13,636][flwr][INFO] - fit progress: (9, 42.683201760053635, {'accuracy': 0.85}, 529.3538716547191)
[2024-05-12 16:04:13,637][flwr][DEBUG] - evaluate_round 9: strategy sampled 1 clients (out of 50)
[2024-05-12 16:04:17,608][flwr][DEBUG] - evaluate_round 9 received 1 results and 0 failures
[2024-05-12 16:04:17,609][flwr][DEBUG] - fit_round 10: strategy sampled 10 clients (out of 50)
[2024-05-12 16:05:08,078][flwr][DEBUG] - fit_round 10 received 10 results and 0 failures
[2024-05-12 16:05:12,820][flwr][INFO] - fit progress: (10, 45.720709919929504, {'accuracy': 0.8476}, 588.5374534241855)
[2024-05-12 16:05:12,820][flwr][DEBUG] - evaluate_round 10: strategy sampled 1 clients (out of 50)
[2024-05-12 16:05:16,810][flwr][DEBUG] - evaluate_round 10 received 1 results and 0 failures
[2024-05-12 16:05:16,811][flwr][DEBUG] - fit_round 11: strategy sampled 10 clients (out of 50)
[2024-05-12 16:06:07,490][flwr][DEBUG] - fit_round 11 received 10 results and 0 failures
[2024-05-12 16:06:12,398][flwr][INFO] - fit progress: (11, 44.636117950081825, {'accuracy': 0.8513}, 648.1158263757825)
[2024-05-12 16:06:12,398][flwr][DEBUG] - evaluate_round 11: strategy sampled 1 clients (out of 50)
[2024-05-12 16:06:16,370][flwr][DEBUG] - evaluate_round 11 received 1 results and 0 failures
[2024-05-12 16:06:16,370][flwr][DEBUG] - fit_round 12: strategy sampled 10 clients (out of 50)
[2024-05-12 16:07:06,939][flwr][DEBUG] - fit_round 12 received 10 results and 0 failures
[2024-05-12 16:07:11,820][flwr][INFO] - fit progress: (12, 38.08617913722992, {'accuracy': 0.8773}, 707.5372817590833)
[2024-05-12 16:07:11,820][flwr][DEBUG] - evaluate_round 12: strategy sampled 1 clients (out of 50)
[2024-05-12 16:07:15,796][flwr][DEBUG] - evaluate_round 12 received 1 results and 0 failures
[2024-05-12 16:07:15,797][flwr][DEBUG] - fit_round 13: strategy sampled 10 clients (out of 50)
[2024-05-12 16:08:06,742][flwr][DEBUG] - fit_round 13 received 10 results and 0 failures
[2024-05-12 16:08:11,634][flwr][INFO] - fit progress: (13, 41.58783612400293, {'accuracy': 0.8424}, 767.3515636026859)
[2024-05-12 16:08:11,634][flwr][DEBUG] - evaluate_round 13: strategy sampled 1 clients (out of 50)
[2024-05-12 16:08:15,578][flwr][DEBUG] - evaluate_round 13 received 1 results and 0 failures
[2024-05-12 16:08:15,579][flwr][DEBUG] - fit_round 14: strategy sampled 10 clients (out of 50)
[2024-05-12 16:09:06,508][flwr][DEBUG] - fit_round 14 received 10 results and 0 failures
[2024-05-12 16:09:11,475][flwr][INFO] - fit progress: (14, 35.619352608919144, {'accuracy': 0.8858}, 827.1928143426776)
[2024-05-12 16:09:11,475][flwr][DEBUG] - evaluate_round 14: strategy sampled 1 clients (out of 50)
[2024-05-12 16:09:15,439][flwr][DEBUG] - evaluate_round 14 received 1 results and 0 failures
[2024-05-12 16:09:15,439][flwr][DEBUG] - fit_round 15: strategy sampled 10 clients (out of 50)
[2024-05-12 16:10:05,977][flwr][DEBUG] - fit_round 15 received 10 results and 0 failures
[2024-05-12 16:10:10,927][flwr][INFO] - fit progress: (15, 31.423904664814472, {'accuracy': 0.8826}, 886.6446542069316)
[2024-05-12 16:10:10,927][flwr][DEBUG] - evaluate_round 15: strategy sampled 1 clients (out of 50)
[2024-05-12 16:10:14,898][flwr][DEBUG] - evaluate_round 15 received 1 results and 0 failures
[2024-05-12 16:10:14,899][flwr][DEBUG] - fit_round 16: strategy sampled 10 clients (out of 50)
[2024-05-12 16:11:05,949][flwr][DEBUG] - fit_round 16 received 10 results and 0 failures
[2024-05-12 16:11:10,873][flwr][INFO] - fit progress: (16, 32.05580085515976, {'accuracy': 0.8776}, 946.5901625901461)
[2024-05-12 16:11:10,873][flwr][DEBUG] - evaluate_round 16: strategy sampled 1 clients (out of 50)
[2024-05-12 16:11:14,828][flwr][DEBUG] - evaluate_round 16 received 1 results and 0 failures
[2024-05-12 16:11:14,829][flwr][DEBUG] - fit_round 17: strategy sampled 10 clients (out of 50)
[2024-05-12 16:12:05,751][flwr][DEBUG] - fit_round 17 received 10 results and 0 failures
[2024-05-12 16:12:10,619][flwr][INFO] - fit progress: (17, 60.70777714252472, {'accuracy': 0.8857}, 1006.3363324068487)
[2024-05-12 16:12:10,619][flwr][DEBUG] - evaluate_round 17: strategy sampled 1 clients (out of 50)
[2024-05-12 16:12:14,605][flwr][DEBUG] - evaluate_round 17 received 1 results and 0 failures
[2024-05-12 16:12:14,606][flwr][DEBUG] - fit_round 18: strategy sampled 10 clients (out of 50)
[2024-05-12 16:13:06,165][flwr][DEBUG] - fit_round 18 received 10 results and 0 failures
[2024-05-12 16:13:11,039][flwr][INFO] - fit progress: (18, 33.04985981807113, {'accuracy': 0.8754}, 1066.7568726986647)
[2024-05-12 16:13:11,040][flwr][DEBUG] - evaluate_round 18: strategy sampled 1 clients (out of 50)
[2024-05-12 16:13:15,035][flwr][DEBUG] - evaluate_round 18 received 1 results and 0 failures
[2024-05-12 16:13:15,035][flwr][DEBUG] - fit_round 19: strategy sampled 10 clients (out of 50)
[2024-05-12 16:14:05,882][flwr][DEBUG] - fit_round 19 received 10 results and 0 failures
[2024-05-12 16:14:10,739][flwr][INFO] - fit progress: (19, 35.27532875537872, {'accuracy': 0.8854}, 1126.4568810500205)
[2024-05-12 16:14:10,740][flwr][DEBUG] - evaluate_round 19: strategy sampled 1 clients (out of 50)
[2024-05-12 16:14:14,724][flwr][DEBUG] - evaluate_round 19 received 1 results and 0 failures
[2024-05-12 16:14:14,724][flwr][DEBUG] - fit_round 20: strategy sampled 10 clients (out of 50)
[2024-05-12 16:15:06,123][flwr][DEBUG] - fit_round 20 received 10 results and 0 failures
[2024-05-12 16:15:11,005][flwr][INFO] - fit progress: (20, 35.51512452960014, {'accuracy': 0.8847}, 1186.7229507863522)
[2024-05-12 16:15:11,006][flwr][DEBUG] - evaluate_round 20: strategy sampled 1 clients (out of 50)
[2024-05-12 16:15:15,001][flwr][DEBUG] - evaluate_round 20 received 1 results and 0 failures
[2024-05-12 16:15:15,001][flwr][DEBUG] - fit_round 21: strategy sampled 10 clients (out of 50)
[2024-05-12 16:16:05,693][flwr][DEBUG] - fit_round 21 received 10 results and 0 failures
[2024-05-12 16:16:10,679][flwr][INFO] - fit progress: (21, 41.65426976978779, {'accuracy': 0.8701}, 1246.3968038782477)
[2024-05-12 16:16:10,679][flwr][DEBUG] - evaluate_round 21: strategy sampled 1 clients (out of 50)
[2024-05-12 16:16:14,628][flwr][DEBUG] - evaluate_round 21 received 1 results and 0 failures
[2024-05-12 16:16:14,629][flwr][DEBUG] - fit_round 22: strategy sampled 10 clients (out of 50)
[2024-05-12 16:17:05,818][flwr][DEBUG] - fit_round 22 received 10 results and 0 failures
[2024-05-12 16:17:10,858][flwr][INFO] - fit progress: (22, 28.638965032994747, {'accuracy': 0.8938}, 1306.5759016908705)
[2024-05-12 16:17:10,859][flwr][DEBUG] - evaluate_round 22: strategy sampled 1 clients (out of 50)
[2024-05-12 16:17:14,825][flwr][DEBUG] - evaluate_round 22 received 1 results and 0 failures
[2024-05-12 16:17:14,825][flwr][DEBUG] - fit_round 23: strategy sampled 10 clients (out of 50)
[2024-05-12 16:18:05,319][flwr][DEBUG] - fit_round 23 received 10 results and 0 failures
[2024-05-12 16:18:10,365][flwr][INFO] - fit progress: (23, 32.189768893644214, {'accuracy': 0.8758}, 1366.0825079753995)
[2024-05-12 16:18:10,365][flwr][DEBUG] - evaluate_round 23: strategy sampled 1 clients (out of 50)
[2024-05-12 16:18:14,295][flwr][DEBUG] - evaluate_round 23 received 1 results and 0 failures
[2024-05-12 16:18:14,295][flwr][DEBUG] - fit_round 24: strategy sampled 10 clients (out of 50)
[2024-05-12 16:19:05,324][flwr][DEBUG] - fit_round 24 received 10 results and 0 failures
[2024-05-12 16:19:10,379][flwr][INFO] - fit progress: (24, 63.1987007856369, {'accuracy': 0.8845}, 1426.096909943968)
[2024-05-12 16:19:10,380][flwr][DEBUG] - evaluate_round 24: strategy sampled 1 clients (out of 50)
[2024-05-12 16:19:14,394][flwr][DEBUG] - evaluate_round 24 received 1 results and 0 failures
[2024-05-12 16:19:14,395][flwr][DEBUG] - fit_round 25: strategy sampled 10 clients (out of 50)
[2024-05-12 16:20:05,351][flwr][DEBUG] - fit_round 25 received 10 results and 0 failures
[2024-05-12 16:20:10,422][flwr][INFO] - fit progress: (25, 32.152270037680864, {'accuracy': 0.8803}, 1486.139714885503)
[2024-05-12 16:20:10,422][flwr][DEBUG] - evaluate_round 25: strategy sampled 1 clients (out of 50)
[2024-05-12 16:20:14,405][flwr][DEBUG] - evaluate_round 25 received 1 results and 0 failures
[2024-05-12 16:20:14,405][flwr][DEBUG] - fit_round 26: strategy sampled 10 clients (out of 50)
[2024-05-12 16:21:05,192][flwr][DEBUG] - fit_round 26 received 10 results and 0 failures
[2024-05-12 16:21:10,284][flwr][INFO] - fit progress: (26, 71.65729242563248, {'accuracy': 0.8419}, 1546.00112291798)
[2024-05-12 16:21:10,284][flwr][DEBUG] - evaluate_round 26: strategy sampled 1 clients (out of 50)
[2024-05-12 16:21:14,250][flwr][DEBUG] - evaluate_round 26 received 1 results and 0 failures
[2024-05-12 16:21:14,250][flwr][DEBUG] - fit_round 27: strategy sampled 10 clients (out of 50)
[2024-05-12 16:22:05,721][flwr][DEBUG] - fit_round 27 received 10 results and 0 failures
[2024-05-12 16:22:10,831][flwr][INFO] - fit progress: (27, 62.218393087387085, {'accuracy': 0.8788}, 1606.5488266795874)
[2024-05-12 16:22:10,831][flwr][DEBUG] - evaluate_round 27: strategy sampled 1 clients (out of 50)
[2024-05-12 16:22:14,779][flwr][DEBUG] - evaluate_round 27 received 1 results and 0 failures
[2024-05-12 16:22:14,780][flwr][DEBUG] - fit_round 28: strategy sampled 10 clients (out of 50)
[2024-05-12 16:23:05,082][flwr][DEBUG] - fit_round 28 received 10 results and 0 failures
[2024-05-12 16:23:10,298][flwr][INFO] - fit progress: (28, 61.14675348997116, {'accuracy': 0.842}, 1666.0153842829168)
[2024-05-12 16:23:10,298][flwr][DEBUG] - evaluate_round 28: strategy sampled 1 clients (out of 50)
[2024-05-12 16:23:14,253][flwr][DEBUG] - evaluate_round 28 received 1 results and 0 failures
[2024-05-12 16:23:14,253][flwr][DEBUG] - fit_round 29: strategy sampled 10 clients (out of 50)
[2024-05-12 16:24:04,820][flwr][DEBUG] - fit_round 29 received 10 results and 0 failures
[2024-05-12 16:24:10,002][flwr][INFO] - fit progress: (29, 45.00883584469557, {'accuracy': 0.8346}, 1725.7197860330343)
[2024-05-12 16:24:10,002][flwr][DEBUG] - evaluate_round 29: strategy sampled 1 clients (out of 50)
[2024-05-12 16:24:13,963][flwr][DEBUG] - evaluate_round 29 received 1 results and 0 failures
[2024-05-12 16:24:13,964][flwr][DEBUG] - fit_round 30: strategy sampled 10 clients (out of 50)
[2024-05-12 16:25:04,739][flwr][DEBUG] - fit_round 30 received 10 results and 0 failures
[2024-05-12 16:25:09,956][flwr][INFO] - fit progress: (30, 52.01729899644852, {'accuracy': 0.8294}, 1785.67393482849)
[2024-05-12 16:25:09,957][flwr][DEBUG] - evaluate_round 30: strategy sampled 1 clients (out of 50)
[2024-05-12 16:25:13,945][flwr][DEBUG] - evaluate_round 30 received 1 results and 0 failures
[2024-05-12 16:25:13,945][flwr][DEBUG] - fit_round 31: strategy sampled 10 clients (out of 50)
[2024-05-12 16:26:04,561][flwr][DEBUG] - fit_round 31 received 10 results and 0 failures
[2024-05-12 16:26:09,708][flwr][INFO] - fit progress: (31, 34.227981232106686, {'accuracy': 0.8744}, 1845.4254565909505)
[2024-05-12 16:26:09,708][flwr][DEBUG] - evaluate_round 31: strategy sampled 1 clients (out of 50)
[2024-05-12 16:26:13,644][flwr][DEBUG] - evaluate_round 31 received 1 results and 0 failures
[2024-05-12 16:26:13,645][flwr][DEBUG] - fit_round 32: strategy sampled 10 clients (out of 50)
[2024-05-12 16:27:05,084][flwr][DEBUG] - fit_round 32 received 10 results and 0 failures
[2024-05-12 16:27:10,262][flwr][INFO] - fit progress: (32, 39.78476735949516, {'accuracy': 0.882}, 1905.9790647253394)
[2024-05-12 16:27:10,262][flwr][DEBUG] - evaluate_round 32: strategy sampled 1 clients (out of 50)
[2024-05-12 16:27:14,226][flwr][DEBUG] - evaluate_round 32 received 1 results and 0 failures
[2024-05-12 16:27:14,226][flwr][DEBUG] - fit_round 33: strategy sampled 10 clients (out of 50)
[2024-05-12 16:28:05,262][flwr][DEBUG] - fit_round 33 received 10 results and 0 failures
[2024-05-12 16:28:10,539][flwr][INFO] - fit progress: (33, 74.52770352363586, {'accuracy': 0.8772}, 1966.2564885951579)
[2024-05-12 16:28:10,539][flwr][DEBUG] - evaluate_round 33: strategy sampled 1 clients (out of 50)
[2024-05-12 16:28:14,463][flwr][DEBUG] - evaluate_round 33 received 1 results and 0 failures
[2024-05-12 16:28:14,463][flwr][DEBUG] - fit_round 34: strategy sampled 10 clients (out of 50)
[2024-05-12 16:29:05,869][flwr][DEBUG] - fit_round 34 received 10 results and 0 failures
[2024-05-12 16:29:11,148][flwr][INFO] - fit progress: (34, 39.343647979199886, {'accuracy': 0.8563}, 2026.8650618866086)
[2024-05-12 16:29:11,148][flwr][DEBUG] - evaluate_round 34: strategy sampled 1 clients (out of 50)
[2024-05-12 16:29:15,105][flwr][DEBUG] - evaluate_round 34 received 1 results and 0 failures
[2024-05-12 16:29:15,105][flwr][DEBUG] - fit_round 35: strategy sampled 10 clients (out of 50)
[2024-05-12 16:30:06,361][flwr][DEBUG] - fit_round 35 received 10 results and 0 failures
[2024-05-12 16:30:11,715][flwr][INFO] - fit progress: (35, 70.95169568061829, {'accuracy': 0.8534}, 2087.432501424104)
[2024-05-12 16:30:11,715][flwr][DEBUG] - evaluate_round 35: strategy sampled 1 clients (out of 50)
[2024-05-12 16:30:15,688][flwr][DEBUG] - evaluate_round 35 received 1 results and 0 failures
[2024-05-12 16:30:15,689][flwr][DEBUG] - fit_round 36: strategy sampled 10 clients (out of 50)
[2024-05-12 16:31:06,604][flwr][DEBUG] - fit_round 36 received 10 results and 0 failures
[2024-05-12 16:31:11,963][flwr][INFO] - fit progress: (36, 71.26641488075256, {'accuracy': 0.8323}, 2147.6807897910476)
[2024-05-12 16:31:11,963][flwr][DEBUG] - evaluate_round 36: strategy sampled 1 clients (out of 50)
[2024-05-12 16:31:15,970][flwr][DEBUG] - evaluate_round 36 received 1 results and 0 failures
[2024-05-12 16:31:15,970][flwr][DEBUG] - fit_round 37: strategy sampled 10 clients (out of 50)
[2024-05-12 16:32:07,130][flwr][DEBUG] - fit_round 37 received 10 results and 0 failures
[2024-05-12 16:32:12,520][flwr][INFO] - fit progress: (37, 38.53351582586765, {'accuracy': 0.8648}, 2208.237964093685)
[2024-05-12 16:32:12,521][flwr][DEBUG] - evaluate_round 37: strategy sampled 1 clients (out of 50)
[2024-05-12 16:32:16,435][flwr][DEBUG] - evaluate_round 37 received 1 results and 0 failures
[2024-05-12 16:32:16,436][flwr][DEBUG] - fit_round 38: strategy sampled 10 clients (out of 50)
[2024-05-12 16:33:07,835][flwr][DEBUG] - fit_round 38 received 10 results and 0 failures
[2024-05-12 16:33:13,253][flwr][INFO] - fit progress: (38, 45.163863494992256, {'accuracy': 0.844}, 2268.9709005355835)
[2024-05-12 16:33:13,254][flwr][DEBUG] - evaluate_round 38: strategy sampled 1 clients (out of 50)
[2024-05-12 16:33:17,233][flwr][DEBUG] - evaluate_round 38 received 1 results and 0 failures
[2024-05-12 16:33:17,233][flwr][DEBUG] - fit_round 39: strategy sampled 10 clients (out of 50)
[2024-05-12 16:34:08,365][flwr][DEBUG] - fit_round 39 received 10 results and 0 failures
[2024-05-12 16:34:13,827][flwr][INFO] - fit progress: (39, 32.87380114942789, {'accuracy': 0.8729}, 2329.544669058174)
[2024-05-12 16:34:13,827][flwr][DEBUG] - evaluate_round 39: strategy sampled 1 clients (out of 50)
[2024-05-12 16:34:17,797][flwr][DEBUG] - evaluate_round 39 received 1 results and 0 failures
[2024-05-12 16:34:17,797][flwr][DEBUG] - fit_round 40: strategy sampled 10 clients (out of 50)
[2024-05-12 16:35:08,605][flwr][DEBUG] - fit_round 40 received 10 results and 0 failures
[2024-05-12 16:35:14,083][flwr][INFO] - fit progress: (40, 73.90179854631424, {'accuracy': 0.8653}, 2389.8008221685886)
[2024-05-12 16:35:14,083][flwr][DEBUG] - evaluate_round 40: strategy sampled 1 clients (out of 50)
[2024-05-12 16:35:18,071][flwr][DEBUG] - evaluate_round 40 received 1 results and 0 failures
[2024-05-12 16:35:18,071][flwr][DEBUG] - fit_round 41: strategy sampled 10 clients (out of 50)
[2024-05-12 16:36:09,454][flwr][DEBUG] - fit_round 41 received 10 results and 0 failures
[2024-05-12 16:36:15,021][flwr][INFO] - fit progress: (41, 33.88492076843977, {'accuracy': 0.8744}, 2450.738030768931)
[2024-05-12 16:36:15,021][flwr][DEBUG] - evaluate_round 41: strategy sampled 1 clients (out of 50)
[2024-05-12 16:36:18,988][flwr][DEBUG] - evaluate_round 41 received 1 results and 0 failures
[2024-05-12 16:36:18,989][flwr][DEBUG] - fit_round 42: strategy sampled 10 clients (out of 50)
[2024-05-12 16:37:09,887][flwr][DEBUG] - fit_round 42 received 10 results and 0 failures
[2024-05-12 16:37:15,344][flwr][INFO] - fit progress: (42, 38.562237828969955, {'accuracy': 0.8779}, 2511.061353467405)
[2024-05-12 16:37:15,344][flwr][DEBUG] - evaluate_round 42: strategy sampled 1 clients (out of 50)
[2024-05-12 16:37:19,340][flwr][DEBUG] - evaluate_round 42 received 1 results and 0 failures
[2024-05-12 16:37:19,340][flwr][DEBUG] - fit_round 43: strategy sampled 10 clients (out of 50)
[2024-05-12 16:38:10,235][flwr][DEBUG] - fit_round 43 received 10 results and 0 failures
[2024-05-12 16:38:15,821][flwr][INFO] - fit progress: (43, 40.53571093082428, {'accuracy': 0.872}, 2571.538955140859)
[2024-05-12 16:38:15,822][flwr][DEBUG] - evaluate_round 43: strategy sampled 1 clients (out of 50)
[2024-05-12 16:38:19,803][flwr][DEBUG] - evaluate_round 43 received 1 results and 0 failures
[2024-05-12 16:38:19,803][flwr][DEBUG] - fit_round 44: strategy sampled 10 clients (out of 50)
[2024-05-12 16:39:10,678][flwr][DEBUG] - fit_round 44 received 10 results and 0 failures
[2024-05-12 16:39:16,319][flwr][INFO] - fit progress: (44, 35.48625949025154, {'accuracy': 0.8619}, 2632.036266118288)
[2024-05-12 16:39:16,319][flwr][DEBUG] - evaluate_round 44: strategy sampled 1 clients (out of 50)
[2024-05-12 16:39:20,360][flwr][DEBUG] - evaluate_round 44 received 1 results and 0 failures
[2024-05-12 16:39:20,360][flwr][DEBUG] - fit_round 45: strategy sampled 10 clients (out of 50)
[2024-05-12 16:40:11,308][flwr][DEBUG] - fit_round 45 received 10 results and 0 failures
[2024-05-12 16:40:16,886][flwr][INFO] - fit progress: (45, 39.38321194052696, {'accuracy': 0.8702}, 2692.603959109634)
[2024-05-12 16:40:16,887][flwr][DEBUG] - evaluate_round 45: strategy sampled 1 clients (out of 50)
[2024-05-12 16:40:20,915][flwr][DEBUG] - evaluate_round 45 received 1 results and 0 failures
[2024-05-12 16:40:20,915][flwr][DEBUG] - fit_round 46: strategy sampled 10 clients (out of 50)
[2024-05-12 16:41:12,422][flwr][DEBUG] - fit_round 46 received 10 results and 0 failures
[2024-05-12 16:41:18,051][flwr][INFO] - fit progress: (46, 29.24559010565281, {'accuracy': 0.8882}, 2753.7686395794153)
[2024-05-12 16:41:18,051][flwr][DEBUG] - evaluate_round 46: strategy sampled 1 clients (out of 50)
[2024-05-12 16:41:22,000][flwr][DEBUG] - evaluate_round 46 received 1 results and 0 failures
[2024-05-12 16:41:22,000][flwr][DEBUG] - fit_round 47: strategy sampled 10 clients (out of 50)
[2024-05-12 16:42:13,458][flwr][DEBUG] - fit_round 47 received 10 results and 0 failures
[2024-05-12 16:42:19,062][flwr][INFO] - fit progress: (47, 39.22605077922344, {'accuracy': 0.8661}, 2814.779424134642)
[2024-05-12 16:42:19,062][flwr][DEBUG] - evaluate_round 47: strategy sampled 1 clients (out of 50)
[2024-05-12 16:42:23,015][flwr][DEBUG] - evaluate_round 47 received 1 results and 0 failures
[2024-05-12 16:42:23,016][flwr][DEBUG] - fit_round 48: strategy sampled 10 clients (out of 50)
[2024-05-12 16:43:13,630][flwr][DEBUG] - fit_round 48 received 10 results and 0 failures
[2024-05-12 16:43:19,309][flwr][INFO] - fit progress: (48, 34.28447000682354, {'accuracy': 0.8687}, 2875.026291642338)
[2024-05-12 16:43:19,309][flwr][DEBUG] - evaluate_round 48: strategy sampled 1 clients (out of 50)
[2024-05-12 16:43:23,257][flwr][DEBUG] - evaluate_round 48 received 1 results and 0 failures
[2024-05-12 16:43:23,258][flwr][DEBUG] - fit_round 49: strategy sampled 10 clients (out of 50)
[2024-05-12 16:44:14,261][flwr][DEBUG] - fit_round 49 received 10 results and 0 failures
[2024-05-12 16:44:19,863][flwr][INFO] - fit progress: (49, 33.38973976671696, {'accuracy': 0.8834}, 2935.580854240805)
[2024-05-12 16:44:19,864][flwr][DEBUG] - evaluate_round 49: strategy sampled 1 clients (out of 50)
[2024-05-12 16:44:23,800][flwr][DEBUG] - evaluate_round 49 received 1 results and 0 failures
[2024-05-12 16:44:23,801][flwr][DEBUG] - fit_round 50: strategy sampled 10 clients (out of 50)
[2024-05-12 16:45:14,538][flwr][DEBUG] - fit_round 50 received 10 results and 0 failures
[2024-05-12 16:45:20,155][flwr][INFO] - fit progress: (50, 76.04612708091736, {'accuracy': 0.8827}, 2995.8721237666905)
[2024-05-12 16:45:20,155][flwr][DEBUG] - evaluate_round 50: strategy sampled 1 clients (out of 50)
[2024-05-12 16:45:24,120][flwr][DEBUG] - evaluate_round 50 received 1 results and 0 failures
[2024-05-12 16:45:24,121][flwr][DEBUG] - fit_round 51: strategy sampled 10 clients (out of 50)
[2024-05-12 16:46:15,721][flwr][DEBUG] - fit_round 51 received 10 results and 0 failures
[2024-05-12 16:46:21,450][flwr][INFO] - fit progress: (51, 35.87573401629925, {'accuracy': 0.8679}, 3057.167259979993)
[2024-05-12 16:46:21,450][flwr][DEBUG] - evaluate_round 51: strategy sampled 1 clients (out of 50)
[2024-05-12 16:46:25,393][flwr][DEBUG] - evaluate_round 51 received 1 results and 0 failures
[2024-05-12 16:46:25,394][flwr][DEBUG] - fit_round 52: strategy sampled 10 clients (out of 50)
[2024-05-12 16:47:16,426][flwr][DEBUG] - fit_round 52 received 10 results and 0 failures
[2024-05-12 16:47:22,162][flwr][INFO] - fit progress: (52, 73.98275303840637, {'accuracy': 0.8562}, 3117.8797934502363)
[2024-05-12 16:47:22,162][flwr][DEBUG] - evaluate_round 52: strategy sampled 1 clients (out of 50)
[2024-05-12 16:47:26,122][flwr][DEBUG] - evaluate_round 52 received 1 results and 0 failures
[2024-05-12 16:47:26,122][flwr][DEBUG] - fit_round 53: strategy sampled 10 clients (out of 50)
[2024-05-12 16:48:17,282][flwr][DEBUG] - fit_round 53 received 10 results and 0 failures
[2024-05-12 16:48:23,059][flwr][INFO] - fit progress: (53, 40.84487599134445, {'accuracy': 0.8695}, 3178.7764597795904)
[2024-05-12 16:48:23,059][flwr][DEBUG] - evaluate_round 53: strategy sampled 1 clients (out of 50)
[2024-05-12 16:48:27,045][flwr][DEBUG] - evaluate_round 53 received 1 results and 0 failures
[2024-05-12 16:48:27,046][flwr][DEBUG] - fit_round 54: strategy sampled 10 clients (out of 50)
[2024-05-12 16:49:18,276][flwr][DEBUG] - fit_round 54 received 10 results and 0 failures
[2024-05-12 16:49:24,073][flwr][INFO] - fit progress: (54, 132.81832122802734, {'accuracy': 0.8388}, 3239.790245950222)
[2024-05-12 16:49:24,073][flwr][DEBUG] - evaluate_round 54: strategy sampled 1 clients (out of 50)
[2024-05-12 16:49:28,106][flwr][DEBUG] - evaluate_round 54 received 1 results and 0 failures
[2024-05-12 16:49:28,107][flwr][DEBUG] - fit_round 55: strategy sampled 10 clients (out of 50)
[2024-05-12 16:50:19,275][flwr][DEBUG] - fit_round 55 received 10 results and 0 failures
[2024-05-12 16:50:25,095][flwr][INFO] - fit progress: (55, 87.8898783326149, {'accuracy': 0.743}, 3300.8121396377683)
[2024-05-12 16:50:25,095][flwr][DEBUG] - evaluate_round 55: strategy sampled 1 clients (out of 50)
[2024-05-12 16:50:29,037][flwr][DEBUG] - evaluate_round 55 received 1 results and 0 failures
[2024-05-12 16:50:29,038][flwr][DEBUG] - fit_round 56: strategy sampled 10 clients (out of 50)
[2024-05-12 16:51:19,907][flwr][DEBUG] - fit_round 56 received 10 results and 0 failures
[2024-05-12 16:51:25,753][flwr][INFO] - fit progress: (56, 50.68481571227312, {'accuracy': 0.803}, 3361.4706866033375)
[2024-05-12 16:51:25,753][flwr][DEBUG] - evaluate_round 56: strategy sampled 1 clients (out of 50)
[2024-05-12 16:51:29,721][flwr][DEBUG] - evaluate_round 56 received 1 results and 0 failures
[2024-05-12 16:51:29,722][flwr][DEBUG] - fit_round 57: strategy sampled 10 clients (out of 50)
[2024-05-12 16:52:20,259][flwr][DEBUG] - fit_round 57 received 10 results and 0 failures
[2024-05-12 16:52:26,182][flwr][INFO] - fit progress: (57, 45.04268015921116, {'accuracy': 0.8512}, 3421.899235073477)
[2024-05-12 16:52:26,182][flwr][DEBUG] - evaluate_round 57: strategy sampled 1 clients (out of 50)
[2024-05-12 16:52:30,115][flwr][DEBUG] - evaluate_round 57 received 1 results and 0 failures
[2024-05-12 16:52:30,115][flwr][DEBUG] - fit_round 58: strategy sampled 10 clients (out of 50)
[2024-05-12 16:53:20,756][flwr][DEBUG] - fit_round 58 received 10 results and 0 failures
[2024-05-12 16:53:26,658][flwr][INFO] - fit progress: (58, 46.73738408088684, {'accuracy': 0.8379}, 3482.375457253307)
[2024-05-12 16:53:26,658][flwr][DEBUG] - evaluate_round 58: strategy sampled 1 clients (out of 50)
[2024-05-12 16:53:30,604][flwr][DEBUG] - evaluate_round 58 received 1 results and 0 failures
[2024-05-12 16:53:30,605][flwr][DEBUG] - fit_round 59: strategy sampled 10 clients (out of 50)
[2024-05-12 16:54:21,458][flwr][DEBUG] - fit_round 59 received 10 results and 0 failures
[2024-05-12 16:54:27,307][flwr][INFO] - fit progress: (59, 135.13483381271362, {'accuracy': 0.7456}, 3543.024876154959)
[2024-05-12 16:54:27,308][flwr][DEBUG] - evaluate_round 59: strategy sampled 1 clients (out of 50)
[2024-05-12 16:54:31,237][flwr][DEBUG] - evaluate_round 59 received 1 results and 0 failures
[2024-05-12 16:54:31,237][flwr][DEBUG] - fit_round 60: strategy sampled 10 clients (out of 50)
[2024-05-12 16:55:21,553][flwr][DEBUG] - fit_round 60 received 10 results and 0 failures
[2024-05-12 16:55:27,526][flwr][INFO] - fit progress: (60, 40.97997706383467, {'accuracy': 0.8505}, 3603.2437317073345)
[2024-05-12 16:55:27,526][flwr][DEBUG] - evaluate_round 60: strategy sampled 1 clients (out of 50)
[2024-05-12 16:55:31,472][flwr][DEBUG] - evaluate_round 60 received 1 results and 0 failures
[2024-05-12 16:55:31,473][flwr][DEBUG] - fit_round 61: strategy sampled 10 clients (out of 50)
