[2024-05-12 13:03:36,268][flwr][INFO] - Starting Flower simulation, config: ServerConfig(num_rounds=100, round_timeout=None)
[2024-05-12 13:03:38,677][flwr][INFO] - Flower VCE: Ray initialized with resources: {'object_store_memory': 19456099123.0, 'CPU': 20.0, 'accelerator_type:G': 1.0, 'GPU': 4.0, 'memory': 38912198247.0, 'node:__internal_head__': 1.0, 'node:172.17.34.49': 1.0}
[2024-05-12 13:03:38,678][flwr][INFO] - Initializing global parameters
[2024-05-12 13:03:38,678][flwr][INFO] - Requesting initial parameters from one random client
[2024-05-12 13:03:41,297][flwr][INFO] - Received initial parameters from one random client
[2024-05-12 13:03:41,297][flwr][INFO] - Evaluating initial parameters
[2024-05-12 13:03:44,723][flwr][INFO] - initial parameters (loss, other metrics): 189.2658815383911, {'accuracy': 0.1206}
[2024-05-12 13:03:44,723][flwr][INFO] - FL starting
[2024-05-12 13:03:44,723][flwr][DEBUG] - fit_round 1: strategy sampled 10 clients (out of 50)
[2024-05-12 13:04:35,332][flwr][DEBUG] - fit_round 1 received 10 results and 0 failures
[2024-05-12 13:04:37,898][flwr][WARNING] - No fit_metrics_aggregation_fn provided
[2024-05-12 13:04:39,835][flwr][INFO] - fit progress: (1, 164.92697590589523, {'accuracy': 0.6277}, 55.111848279833794)
[2024-05-12 13:04:39,835][flwr][DEBUG] - evaluate_round 1: strategy sampled 1 clients (out of 50)
[2024-05-12 13:04:43,783][flwr][DEBUG] - evaluate_round 1 received 1 results and 0 failures
[2024-05-12 13:04:43,783][flwr][WARNING] - No evaluate_metrics_aggregation_fn provided
[2024-05-12 13:04:43,783][flwr][DEBUG] - fit_round 2: strategy sampled 10 clients (out of 50)
[2024-05-12 13:05:34,311][flwr][DEBUG] - fit_round 2 received 10 results and 0 failures
[2024-05-12 13:05:38,855][flwr][INFO] - fit progress: (2, 219.37494695186615, {'accuracy': 0.5744}, 114.1323213018477)
[2024-05-12 13:05:38,856][flwr][DEBUG] - evaluate_round 2: strategy sampled 1 clients (out of 50)
[2024-05-12 13:05:42,757][flwr][DEBUG] - evaluate_round 2 received 1 results and 0 failures
[2024-05-12 13:05:42,757][flwr][DEBUG] - fit_round 3: strategy sampled 10 clients (out of 50)
[2024-05-12 13:06:33,230][flwr][DEBUG] - fit_round 3 received 10 results and 0 failures
[2024-05-12 13:06:41,887][flwr][INFO] - fit progress: (3, 197.43272200226784, {'accuracy': 0.7486}, 177.16380522027612)
[2024-05-12 13:06:41,887][flwr][DEBUG] - evaluate_round 3: strategy sampled 1 clients (out of 50)
[2024-05-12 13:06:45,793][flwr][DEBUG] - evaluate_round 3 received 1 results and 0 failures
[2024-05-12 13:06:45,794][flwr][DEBUG] - fit_round 4: strategy sampled 10 clients (out of 50)
[2024-05-12 13:07:35,851][flwr][DEBUG] - fit_round 4 received 10 results and 0 failures
[2024-05-12 13:07:44,565][flwr][INFO] - fit progress: (4, 87.21970795094967, {'accuracy': 0.7728}, 239.84162460267544)
[2024-05-12 13:07:44,565][flwr][DEBUG] - evaluate_round 4: strategy sampled 1 clients (out of 50)
[2024-05-12 13:07:48,459][flwr][DEBUG] - evaluate_round 4 received 1 results and 0 failures
[2024-05-12 13:07:48,460][flwr][DEBUG] - fit_round 5: strategy sampled 10 clients (out of 50)
[2024-05-12 13:08:39,034][flwr][DEBUG] - fit_round 5 received 10 results and 0 failures
[2024-05-12 13:08:47,631][flwr][INFO] - fit progress: (5, 71.97659230232239, {'accuracy': 0.7417}, 302.908087041229)
[2024-05-12 13:08:47,631][flwr][DEBUG] - evaluate_round 5: strategy sampled 1 clients (out of 50)
[2024-05-12 13:08:51,569][flwr][DEBUG] - evaluate_round 5 received 1 results and 0 failures
[2024-05-12 13:08:51,569][flwr][DEBUG] - fit_round 6: strategy sampled 10 clients (out of 50)
[2024-05-12 13:09:42,340][flwr][DEBUG] - fit_round 6 received 10 results and 0 failures
[2024-05-12 13:09:51,001][flwr][INFO] - fit progress: (6, 81.05539864301682, {'accuracy': 0.7337}, 366.277982853353)
[2024-05-12 13:09:51,001][flwr][DEBUG] - evaluate_round 6: strategy sampled 1 clients (out of 50)
[2024-05-12 13:09:54,949][flwr][DEBUG] - evaluate_round 6 received 1 results and 0 failures
[2024-05-12 13:09:54,950][flwr][DEBUG] - fit_round 7: strategy sampled 10 clients (out of 50)
[2024-05-12 13:10:45,448][flwr][DEBUG] - fit_round 7 received 10 results and 0 failures
[2024-05-12 13:10:54,068][flwr][INFO] - fit progress: (7, 70.22046780586243, {'accuracy': 0.7408}, 429.34492468088865)
[2024-05-12 13:10:54,068][flwr][DEBUG] - evaluate_round 7: strategy sampled 1 clients (out of 50)
[2024-05-12 13:10:58,024][flwr][DEBUG] - evaluate_round 7 received 1 results and 0 failures
[2024-05-12 13:10:58,024][flwr][DEBUG] - fit_round 8: strategy sampled 10 clients (out of 50)
[2024-05-12 13:11:48,592][flwr][DEBUG] - fit_round 8 received 10 results and 0 failures
[2024-05-12 13:11:57,336][flwr][INFO] - fit progress: (8, 57.419704020023346, {'accuracy': 0.7822}, 492.61275382339954)
[2024-05-12 13:11:57,336][flwr][DEBUG] - evaluate_round 8: strategy sampled 1 clients (out of 50)
[2024-05-12 13:12:01,288][flwr][DEBUG] - evaluate_round 8 received 1 results and 0 failures
[2024-05-12 13:12:01,289][flwr][DEBUG] - fit_round 9: strategy sampled 10 clients (out of 50)
[2024-05-12 13:12:51,833][flwr][DEBUG] - fit_round 9 received 10 results and 0 failures
[2024-05-12 13:13:00,572][flwr][INFO] - fit progress: (9, 45.596484929323196, {'accuracy': 0.832}, 555.8492970652878)
[2024-05-12 13:13:00,573][flwr][DEBUG] - evaluate_round 9: strategy sampled 1 clients (out of 50)
[2024-05-12 13:13:04,555][flwr][DEBUG] - evaluate_round 9 received 1 results and 0 failures
[2024-05-12 13:13:04,556][flwr][DEBUG] - fit_round 10: strategy sampled 10 clients (out of 50)
[2024-05-12 13:13:55,027][flwr][DEBUG] - fit_round 10 received 10 results and 0 failures
[2024-05-12 13:14:03,702][flwr][INFO] - fit progress: (10, 73.38508224487305, {'accuracy': 0.8349}, 618.9791545271873)
[2024-05-12 13:14:03,702][flwr][DEBUG] - evaluate_round 10: strategy sampled 1 clients (out of 50)
[2024-05-12 13:14:07,698][flwr][DEBUG] - evaluate_round 10 received 1 results and 0 failures
[2024-05-12 13:14:07,699][flwr][DEBUG] - fit_round 11: strategy sampled 10 clients (out of 50)
[2024-05-12 13:14:58,088][flwr][DEBUG] - fit_round 11 received 10 results and 0 failures
[2024-05-12 13:15:06,779][flwr][INFO] - fit progress: (11, 37.54282543063164, {'accuracy': 0.8648}, 682.0561000034213)
[2024-05-12 13:15:06,779][flwr][DEBUG] - evaluate_round 11: strategy sampled 1 clients (out of 50)
[2024-05-12 13:15:10,785][flwr][DEBUG] - evaluate_round 11 received 1 results and 0 failures
[2024-05-12 13:15:10,785][flwr][DEBUG] - fit_round 12: strategy sampled 10 clients (out of 50)
[2024-05-12 13:16:01,261][flwr][DEBUG] - fit_round 12 received 10 results and 0 failures
[2024-05-12 13:16:09,952][flwr][INFO] - fit progress: (12, 45.932600155472755, {'accuracy': 0.8514}, 745.2288331873715)
[2024-05-12 13:16:09,952][flwr][DEBUG] - evaluate_round 12: strategy sampled 1 clients (out of 50)
[2024-05-12 13:16:13,947][flwr][DEBUG] - evaluate_round 12 received 1 results and 0 failures
[2024-05-12 13:16:13,948][flwr][DEBUG] - fit_round 13: strategy sampled 10 clients (out of 50)
[2024-05-12 13:17:04,459][flwr][DEBUG] - fit_round 13 received 10 results and 0 failures
[2024-05-12 13:17:13,189][flwr][INFO] - fit progress: (13, 42.139322213828564, {'accuracy': 0.839}, 808.4659417420626)
[2024-05-12 13:17:13,189][flwr][DEBUG] - evaluate_round 13: strategy sampled 1 clients (out of 50)
[2024-05-12 13:17:17,163][flwr][DEBUG] - evaluate_round 13 received 1 results and 0 failures
[2024-05-12 13:17:17,164][flwr][DEBUG] - fit_round 14: strategy sampled 10 clients (out of 50)
[2024-05-12 13:18:08,009][flwr][DEBUG] - fit_round 14 received 10 results and 0 failures
[2024-05-12 13:18:16,892][flwr][INFO] - fit progress: (14, 34.48539765179157, {'accuracy': 0.8697}, 872.1691095978022)
[2024-05-12 13:18:16,892][flwr][DEBUG] - evaluate_round 14: strategy sampled 1 clients (out of 50)
[2024-05-12 13:18:20,845][flwr][DEBUG] - evaluate_round 14 received 1 results and 0 failures
[2024-05-12 13:18:20,845][flwr][DEBUG] - fit_round 15: strategy sampled 10 clients (out of 50)
[2024-05-12 13:19:11,503][flwr][DEBUG] - fit_round 15 received 10 results and 0 failures
[2024-05-12 13:19:20,210][flwr][INFO] - fit progress: (15, 30.71478584036231, {'accuracy': 0.8816}, 935.4866876117885)
[2024-05-12 13:19:20,210][flwr][DEBUG] - evaluate_round 15: strategy sampled 1 clients (out of 50)
[2024-05-12 13:19:24,155][flwr][DEBUG] - evaluate_round 15 received 1 results and 0 failures
[2024-05-12 13:19:24,156][flwr][DEBUG] - fit_round 16: strategy sampled 10 clients (out of 50)
[2024-05-12 13:20:14,938][flwr][DEBUG] - fit_round 16 received 10 results and 0 failures
[2024-05-12 13:20:23,637][flwr][INFO] - fit progress: (16, 33.94002331793308, {'accuracy': 0.8894}, 998.9140681140125)
[2024-05-12 13:20:23,637][flwr][DEBUG] - evaluate_round 16: strategy sampled 1 clients (out of 50)
[2024-05-12 13:20:27,589][flwr][DEBUG] - evaluate_round 16 received 1 results and 0 failures
[2024-05-12 13:20:27,589][flwr][DEBUG] - fit_round 17: strategy sampled 10 clients (out of 50)
[2024-05-12 13:21:18,578][flwr][DEBUG] - fit_round 17 received 10 results and 0 failures
[2024-05-12 13:21:27,285][flwr][INFO] - fit progress: (17, 35.5819448530674, {'accuracy': 0.8826}, 1062.562239266932)
[2024-05-12 13:21:27,286][flwr][DEBUG] - evaluate_round 17: strategy sampled 1 clients (out of 50)
[2024-05-12 13:21:31,271][flwr][DEBUG] - evaluate_round 17 received 1 results and 0 failures
[2024-05-12 13:21:31,271][flwr][DEBUG] - fit_round 18: strategy sampled 10 clients (out of 50)
[2024-05-12 13:22:22,712][flwr][DEBUG] - fit_round 18 received 10 results and 0 failures
[2024-05-12 13:22:31,408][flwr][INFO] - fit progress: (18, 37.49708303809166, {'accuracy': 0.8784}, 1126.6845043860376)
[2024-05-12 13:22:31,408][flwr][DEBUG] - evaluate_round 18: strategy sampled 1 clients (out of 50)
[2024-05-12 13:22:35,361][flwr][DEBUG] - evaluate_round 18 received 1 results and 0 failures
[2024-05-12 13:22:35,361][flwr][DEBUG] - fit_round 19: strategy sampled 10 clients (out of 50)
[2024-05-12 13:23:26,400][flwr][DEBUG] - fit_round 19 received 10 results and 0 failures
[2024-05-12 13:23:35,110][flwr][INFO] - fit progress: (19, 41.62270437180996, {'accuracy': 0.8616}, 1190.3870646767318)
[2024-05-12 13:23:35,110][flwr][DEBUG] - evaluate_round 19: strategy sampled 1 clients (out of 50)
[2024-05-12 13:23:39,133][flwr][DEBUG] - evaluate_round 19 received 1 results and 0 failures
[2024-05-12 13:23:39,133][flwr][DEBUG] - fit_round 20: strategy sampled 10 clients (out of 50)
[2024-05-12 13:24:29,830][flwr][DEBUG] - fit_round 20 received 10 results and 0 failures
[2024-05-12 13:24:38,508][flwr][INFO] - fit progress: (20, 31.64660545811057, {'accuracy': 0.8834}, 1253.7846796661615)
[2024-05-12 13:24:38,508][flwr][DEBUG] - evaluate_round 20: strategy sampled 1 clients (out of 50)
[2024-05-12 13:24:42,476][flwr][DEBUG] - evaluate_round 20 received 1 results and 0 failures
[2024-05-12 13:24:42,477][flwr][DEBUG] - fit_round 21: strategy sampled 10 clients (out of 50)
[2024-05-12 13:25:33,504][flwr][DEBUG] - fit_round 21 received 10 results and 0 failures
[2024-05-12 13:25:42,268][flwr][INFO] - fit progress: (21, 31.32776130363345, {'accuracy': 0.8813}, 1317.544455703348)
[2024-05-12 13:25:42,268][flwr][DEBUG] - evaluate_round 21: strategy sampled 1 clients (out of 50)
[2024-05-12 13:25:46,234][flwr][DEBUG] - evaluate_round 21 received 1 results and 0 failures
[2024-05-12 13:25:46,234][flwr][DEBUG] - fit_round 22: strategy sampled 10 clients (out of 50)
[2024-05-12 13:26:37,165][flwr][DEBUG] - fit_round 22 received 10 results and 0 failures
[2024-05-12 13:26:45,908][flwr][INFO] - fit progress: (22, 30.615064688026905, {'accuracy': 0.9008}, 1381.1853293180466)
[2024-05-12 13:26:45,909][flwr][DEBUG] - evaluate_round 22: strategy sampled 1 clients (out of 50)
[2024-05-12 13:26:49,867][flwr][DEBUG] - evaluate_round 22 received 1 results and 0 failures
[2024-05-12 13:26:49,867][flwr][DEBUG] - fit_round 23: strategy sampled 10 clients (out of 50)
[2024-05-12 13:27:40,843][flwr][DEBUG] - fit_round 23 received 10 results and 0 failures
[2024-05-12 13:27:49,522][flwr][INFO] - fit progress: (23, 38.93019546568394, {'accuracy': 0.8753}, 1444.7984414026141)
[2024-05-12 13:27:49,522][flwr][DEBUG] - evaluate_round 23: strategy sampled 1 clients (out of 50)
[2024-05-12 13:27:53,459][flwr][DEBUG] - evaluate_round 23 received 1 results and 0 failures
[2024-05-12 13:27:53,459][flwr][DEBUG] - fit_round 24: strategy sampled 10 clients (out of 50)
[2024-05-12 13:28:44,596][flwr][DEBUG] - fit_round 24 received 10 results and 0 failures
[2024-05-12 13:28:53,496][flwr][INFO] - fit progress: (24, 38.40359668433666, {'accuracy': 0.8797}, 1508.7733164839447)
[2024-05-12 13:28:53,497][flwr][DEBUG] - evaluate_round 24: strategy sampled 1 clients (out of 50)
[2024-05-12 13:28:57,489][flwr][DEBUG] - evaluate_round 24 received 1 results and 0 failures
[2024-05-12 13:28:57,489][flwr][DEBUG] - fit_round 25: strategy sampled 10 clients (out of 50)
[2024-05-12 13:29:48,303][flwr][DEBUG] - fit_round 25 received 10 results and 0 failures
[2024-05-12 13:29:57,183][flwr][INFO] - fit progress: (25, 30.51181958243251, {'accuracy': 0.8857}, 1572.4598757252097)
[2024-05-12 13:29:57,183][flwr][DEBUG] - evaluate_round 25: strategy sampled 1 clients (out of 50)
[2024-05-12 13:30:01,139][flwr][DEBUG] - evaluate_round 25 received 1 results and 0 failures
[2024-05-12 13:30:01,140][flwr][DEBUG] - fit_round 26: strategy sampled 10 clients (out of 50)
[2024-05-12 13:30:52,795][flwr][DEBUG] - fit_round 26 received 10 results and 0 failures
[2024-05-12 13:31:01,505][flwr][INFO] - fit progress: (26, 31.55324357934296, {'accuracy': 0.8799}, 1636.7819893620908)
[2024-05-12 13:31:01,505][flwr][DEBUG] - evaluate_round 26: strategy sampled 1 clients (out of 50)
[2024-05-12 13:31:05,502][flwr][DEBUG] - evaluate_round 26 received 1 results and 0 failures
[2024-05-12 13:31:05,503][flwr][DEBUG] - fit_round 27: strategy sampled 10 clients (out of 50)
[2024-05-12 13:31:56,538][flwr][DEBUG] - fit_round 27 received 10 results and 0 failures
[2024-05-12 13:32:05,329][flwr][INFO] - fit progress: (27, 34.38031655550003, {'accuracy': 0.8855}, 1700.6058441139758)
[2024-05-12 13:32:05,329][flwr][DEBUG] - evaluate_round 27: strategy sampled 1 clients (out of 50)
[2024-05-12 13:32:09,360][flwr][DEBUG] - evaluate_round 27 received 1 results and 0 failures
[2024-05-12 13:32:09,361][flwr][DEBUG] - fit_round 28: strategy sampled 10 clients (out of 50)
[2024-05-12 13:33:00,108][flwr][DEBUG] - fit_round 28 received 10 results and 0 failures
[2024-05-12 13:33:08,858][flwr][INFO] - fit progress: (28, 70.85842889547348, {'accuracy': 0.8242}, 1764.1346420757473)
[2024-05-12 13:33:08,858][flwr][DEBUG] - evaluate_round 28: strategy sampled 1 clients (out of 50)
[2024-05-12 13:33:12,863][flwr][DEBUG] - evaluate_round 28 received 1 results and 0 failures
[2024-05-12 13:33:12,864][flwr][DEBUG] - fit_round 29: strategy sampled 10 clients (out of 50)
[2024-05-12 13:34:03,626][flwr][DEBUG] - fit_round 29 received 10 results and 0 failures
[2024-05-12 13:34:12,337][flwr][INFO] - fit progress: (29, 37.43320354819298, {'accuracy': 0.8709}, 1827.6134341396391)
[2024-05-12 13:34:12,337][flwr][DEBUG] - evaluate_round 29: strategy sampled 1 clients (out of 50)
[2024-05-12 13:34:16,262][flwr][DEBUG] - evaluate_round 29 received 1 results and 0 failures
[2024-05-12 13:34:16,263][flwr][DEBUG] - fit_round 30: strategy sampled 10 clients (out of 50)
[2024-05-12 13:35:07,458][flwr][DEBUG] - fit_round 30 received 10 results and 0 failures
[2024-05-12 13:35:16,264][flwr][INFO] - fit progress: (30, 34.76104178279638, {'accuracy': 0.8717}, 1891.5409707985818)
[2024-05-12 13:35:16,264][flwr][DEBUG] - evaluate_round 30: strategy sampled 1 clients (out of 50)
[2024-05-12 13:35:20,192][flwr][DEBUG] - evaluate_round 30 received 1 results and 0 failures
[2024-05-12 13:35:20,193][flwr][DEBUG] - fit_round 31: strategy sampled 10 clients (out of 50)
[2024-05-12 13:36:11,571][flwr][DEBUG] - fit_round 31 received 10 results and 0 failures
[2024-05-12 13:36:20,350][flwr][INFO] - fit progress: (31, 66.32842767238617, {'accuracy': 0.8521}, 1955.626721855253)
[2024-05-12 13:36:20,350][flwr][DEBUG] - evaluate_round 31: strategy sampled 1 clients (out of 50)
[2024-05-12 13:36:24,348][flwr][DEBUG] - evaluate_round 31 received 1 results and 0 failures
[2024-05-12 13:36:24,348][flwr][DEBUG] - fit_round 32: strategy sampled 10 clients (out of 50)
[2024-05-12 13:37:15,846][flwr][DEBUG] - fit_round 32 received 10 results and 0 failures
[2024-05-12 13:37:24,491][flwr][INFO] - fit progress: (32, 35.880664587020874, {'accuracy': 0.8795}, 2019.7683647237718)
[2024-05-12 13:37:24,492][flwr][DEBUG] - evaluate_round 32: strategy sampled 1 clients (out of 50)
[2024-05-12 13:37:28,466][flwr][DEBUG] - evaluate_round 32 received 1 results and 0 failures
[2024-05-12 13:37:28,467][flwr][DEBUG] - fit_round 33: strategy sampled 10 clients (out of 50)
[2024-05-12 13:38:20,154][flwr][DEBUG] - fit_round 33 received 10 results and 0 failures
[2024-05-12 13:38:28,940][flwr][INFO] - fit progress: (33, 32.637112736701965, {'accuracy': 0.8793}, 2084.216917209327)
[2024-05-12 13:38:28,940][flwr][DEBUG] - evaluate_round 33: strategy sampled 1 clients (out of 50)
[2024-05-12 13:38:32,965][flwr][DEBUG] - evaluate_round 33 received 1 results and 0 failures
[2024-05-12 13:38:32,965][flwr][DEBUG] - fit_round 34: strategy sampled 10 clients (out of 50)
[2024-05-12 13:39:23,753][flwr][DEBUG] - fit_round 34 received 10 results and 0 failures
[2024-05-12 13:39:32,519][flwr][INFO] - fit progress: (34, 34.57749743759632, {'accuracy': 0.8722}, 2147.795763581991)
[2024-05-12 13:39:32,519][flwr][DEBUG] - evaluate_round 34: strategy sampled 1 clients (out of 50)
[2024-05-12 13:39:36,506][flwr][DEBUG] - evaluate_round 34 received 1 results and 0 failures
[2024-05-12 13:39:36,507][flwr][DEBUG] - fit_round 35: strategy sampled 10 clients (out of 50)
[2024-05-12 13:40:28,222][flwr][DEBUG] - fit_round 35 received 10 results and 0 failures
