[2024-05-07 14:03:00,002][flwr][INFO] - Starting Flower simulation, config: ServerConfig(num_rounds=100, round_timeout=None)
[2024-05-07 14:03:02,438][flwr][INFO] - Flower VCE: Ray initialized with resources: {'node:172.17.34.49': 1.0, 'CPU': 20.0, 'object_store_memory': 18307044556.0, 'node:__internal_head__': 1.0, 'accelerator_type:G': 1.0, 'GPU': 4.0, 'memory': 36614089115.0}
[2024-05-07 14:03:02,439][flwr][INFO] - Initializing global parameters
[2024-05-07 14:03:02,439][flwr][INFO] - Requesting initial parameters from one random client
[2024-05-07 14:03:05,005][flwr][INFO] - Received initial parameters from one random client
[2024-05-07 14:03:05,005][flwr][INFO] - Evaluating initial parameters
[2024-05-07 14:03:08,433][flwr][INFO] - initial parameters (loss, other metrics): 191.72351932525635, {'accuracy': 0.1027}
[2024-05-07 14:03:08,433][flwr][INFO] - FL starting
[2024-05-07 14:03:08,433][flwr][DEBUG] - fit_round 1: strategy sampled 10 clients (out of 50)
[2024-05-07 14:03:58,995][flwr][DEBUG] - fit_round 1 received 10 results and 0 failures
[2024-05-07 14:04:04,338][flwr][WARNING] - No fit_metrics_aggregation_fn provided
[2024-05-07 14:04:06,292][flwr][INFO] - fit progress: (1, 115.65529596805573, {'accuracy': 0.4836}, 57.85853234305978)
[2024-05-07 14:04:06,292][flwr][DEBUG] - evaluate_round 1: strategy sampled 1 clients (out of 50)
[2024-05-07 14:04:10,237][flwr][DEBUG] - evaluate_round 1 received 1 results and 0 failures
[2024-05-07 14:04:10,238][flwr][WARNING] - No evaluate_metrics_aggregation_fn provided
[2024-05-07 14:04:10,238][flwr][DEBUG] - fit_round 2: strategy sampled 10 clients (out of 50)
[2024-05-07 14:05:00,632][flwr][DEBUG] - fit_round 2 received 10 results and 0 failures
[2024-05-07 14:05:07,861][flwr][INFO] - fit progress: (2, 96.48927199840546, {'accuracy': 0.5836}, 119.42765337973833)
[2024-05-07 14:05:07,861][flwr][DEBUG] - evaluate_round 2: strategy sampled 1 clients (out of 50)
[2024-05-07 14:05:11,853][flwr][DEBUG] - evaluate_round 2 received 1 results and 0 failures
[2024-05-07 14:05:11,854][flwr][DEBUG] - fit_round 3: strategy sampled 10 clients (out of 50)
[2024-05-07 14:06:02,564][flwr][DEBUG] - fit_round 3 received 10 results and 0 failures
[2024-05-07 14:06:09,788][flwr][INFO] - fit progress: (3, 113.7580618262291, {'accuracy': 0.6023}, 181.354832906276)
[2024-05-07 14:06:09,788][flwr][DEBUG] - evaluate_round 3: strategy sampled 1 clients (out of 50)
[2024-05-07 14:06:13,753][flwr][DEBUG] - evaluate_round 3 received 1 results and 0 failures
[2024-05-07 14:06:13,753][flwr][DEBUG] - fit_round 4: strategy sampled 10 clients (out of 50)
[2024-05-07 14:07:04,970][flwr][DEBUG] - fit_round 4 received 10 results and 0 failures
[2024-05-07 14:07:12,277][flwr][INFO] - fit progress: (4, 54.189056754112244, {'accuracy': 0.7907}, 243.84325280040503)
[2024-05-07 14:07:12,277][flwr][DEBUG] - evaluate_round 4: strategy sampled 1 clients (out of 50)
[2024-05-07 14:07:16,230][flwr][DEBUG] - evaluate_round 4 received 1 results and 0 failures
[2024-05-07 14:07:16,230][flwr][DEBUG] - fit_round 5: strategy sampled 10 clients (out of 50)
[2024-05-07 14:08:06,842][flwr][DEBUG] - fit_round 5 received 10 results and 0 failures
[2024-05-07 14:08:14,106][flwr][INFO] - fit progress: (5, 95.1180494427681, {'accuracy': 0.6787}, 305.67273001000285)
[2024-05-07 14:08:14,106][flwr][DEBUG] - evaluate_round 5: strategy sampled 1 clients (out of 50)
[2024-05-07 14:08:18,062][flwr][DEBUG] - evaluate_round 5 received 1 results and 0 failures
[2024-05-07 14:08:18,062][flwr][DEBUG] - fit_round 6: strategy sampled 10 clients (out of 50)
[2024-05-07 14:09:09,065][flwr][DEBUG] - fit_round 6 received 10 results and 0 failures
[2024-05-07 14:09:16,309][flwr][INFO] - fit progress: (6, 96.92010599374771, {'accuracy': 0.7625}, 367.8756416887045)
[2024-05-07 14:09:16,309][flwr][DEBUG] - evaluate_round 6: strategy sampled 1 clients (out of 50)
[2024-05-07 14:09:20,314][flwr][DEBUG] - evaluate_round 6 received 1 results and 0 failures
[2024-05-07 14:09:20,315][flwr][DEBUG] - fit_round 7: strategy sampled 10 clients (out of 50)
[2024-05-07 14:10:11,849][flwr][DEBUG] - fit_round 7 received 10 results and 0 failures
[2024-05-07 14:10:19,190][flwr][INFO] - fit progress: (7, 74.9192686676979, {'accuracy': 0.8313}, 430.75677905231714)
[2024-05-07 14:10:19,190][flwr][DEBUG] - evaluate_round 7: strategy sampled 1 clients (out of 50)
[2024-05-07 14:10:23,181][flwr][DEBUG] - evaluate_round 7 received 1 results and 0 failures
[2024-05-07 14:10:23,181][flwr][DEBUG] - fit_round 8: strategy sampled 10 clients (out of 50)
[2024-05-07 14:11:14,356][flwr][DEBUG] - fit_round 8 received 10 results and 0 failures
[2024-05-07 14:11:21,601][flwr][INFO] - fit progress: (8, 49.966523587703705, {'accuracy': 0.8353}, 493.167549174279)
[2024-05-07 14:11:21,601][flwr][DEBUG] - evaluate_round 8: strategy sampled 1 clients (out of 50)
[2024-05-07 14:11:25,635][flwr][DEBUG] - evaluate_round 8 received 1 results and 0 failures
[2024-05-07 14:11:25,636][flwr][DEBUG] - fit_round 9: strategy sampled 10 clients (out of 50)
[2024-05-07 14:12:16,811][flwr][DEBUG] - fit_round 9 received 10 results and 0 failures
[2024-05-07 14:12:24,063][flwr][INFO] - fit progress: (9, 35.41514629870653, {'accuracy': 0.8686}, 555.6293213143945)
[2024-05-07 14:12:24,063][flwr][DEBUG] - evaluate_round 9: strategy sampled 1 clients (out of 50)
[2024-05-07 14:12:28,023][flwr][DEBUG] - evaluate_round 9 received 1 results and 0 failures
[2024-05-07 14:12:28,023][flwr][DEBUG] - fit_round 10: strategy sampled 10 clients (out of 50)
[2024-05-07 14:13:18,943][flwr][DEBUG] - fit_round 10 received 10 results and 0 failures
[2024-05-07 14:13:26,108][flwr][INFO] - fit progress: (10, 40.2562081515789, {'accuracy': 0.8641}, 617.6746278218925)
[2024-05-07 14:13:26,108][flwr][DEBUG] - evaluate_round 10: strategy sampled 1 clients (out of 50)
[2024-05-07 14:13:30,109][flwr][DEBUG] - evaluate_round 10 received 1 results and 0 failures
[2024-05-07 14:13:30,110][flwr][DEBUG] - fit_round 11: strategy sampled 10 clients (out of 50)
[2024-05-07 14:14:21,235][flwr][DEBUG] - fit_round 11 received 10 results and 0 failures
[2024-05-07 14:14:28,461][flwr][INFO] - fit progress: (11, 39.378793850541115, {'accuracy': 0.8746}, 680.0274911671877)
[2024-05-07 14:14:28,461][flwr][DEBUG] - evaluate_round 11: strategy sampled 1 clients (out of 50)
[2024-05-07 14:14:32,459][flwr][DEBUG] - evaluate_round 11 received 1 results and 0 failures
[2024-05-07 14:14:32,460][flwr][DEBUG] - fit_round 12: strategy sampled 10 clients (out of 50)
[2024-05-07 14:15:23,592][flwr][DEBUG] - fit_round 12 received 10 results and 0 failures
[2024-05-07 14:15:30,807][flwr][INFO] - fit progress: (12, 42.4374323785305, {'accuracy': 0.8523}, 742.3734462149441)
[2024-05-07 14:15:30,807][flwr][DEBUG] - evaluate_round 12: strategy sampled 1 clients (out of 50)
[2024-05-07 14:15:34,835][flwr][DEBUG] - evaluate_round 12 received 1 results and 0 failures
[2024-05-07 14:15:34,835][flwr][DEBUG] - fit_round 13: strategy sampled 10 clients (out of 50)
[2024-05-07 14:16:26,366][flwr][DEBUG] - fit_round 13 received 10 results and 0 failures
[2024-05-07 14:16:33,520][flwr][INFO] - fit progress: (13, 33.56753985211253, {'accuracy': 0.8732}, 805.0871891602874)
[2024-05-07 14:16:33,521][flwr][DEBUG] - evaluate_round 13: strategy sampled 1 clients (out of 50)
[2024-05-07 14:16:37,564][flwr][DEBUG] - evaluate_round 13 received 1 results and 0 failures
[2024-05-07 14:16:37,565][flwr][DEBUG] - fit_round 14: strategy sampled 10 clients (out of 50)
[2024-05-07 14:17:28,887][flwr][DEBUG] - fit_round 14 received 10 results and 0 failures
[2024-05-07 14:17:36,156][flwr][INFO] - fit progress: (14, 68.2272480726242, {'accuracy': 0.8535}, 867.7222732007504)
[2024-05-07 14:17:36,156][flwr][DEBUG] - evaluate_round 14: strategy sampled 1 clients (out of 50)
[2024-05-07 14:17:40,165][flwr][DEBUG] - evaluate_round 14 received 1 results and 0 failures
[2024-05-07 14:17:40,166][flwr][DEBUG] - fit_round 15: strategy sampled 10 clients (out of 50)
[2024-05-07 14:18:31,933][flwr][DEBUG] - fit_round 15 received 10 results and 0 failures
[2024-05-07 14:18:39,090][flwr][INFO] - fit progress: (15, 35.80854448676109, {'accuracy': 0.8796}, 930.6563808843493)
[2024-05-07 14:18:39,090][flwr][DEBUG] - evaluate_round 15: strategy sampled 1 clients (out of 50)
[2024-05-07 14:18:43,053][flwr][DEBUG] - evaluate_round 15 received 1 results and 0 failures
[2024-05-07 14:18:43,053][flwr][DEBUG] - fit_round 16: strategy sampled 10 clients (out of 50)
[2024-05-07 14:19:33,911][flwr][DEBUG] - fit_round 16 received 10 results and 0 failures
[2024-05-07 14:19:41,076][flwr][INFO] - fit progress: (16, 40.86746671795845, {'accuracy': 0.8467}, 992.6430612541735)
[2024-05-07 14:19:41,077][flwr][DEBUG] - evaluate_round 16: strategy sampled 1 clients (out of 50)
[2024-05-07 14:19:45,049][flwr][DEBUG] - evaluate_round 16 received 1 results and 0 failures
[2024-05-07 14:19:45,050][flwr][DEBUG] - fit_round 17: strategy sampled 10 clients (out of 50)
[2024-05-07 14:20:36,467][flwr][DEBUG] - fit_round 17 received 10 results and 0 failures
[2024-05-07 14:20:43,637][flwr][INFO] - fit progress: (17, 41.79359692335129, {'accuracy': 0.8521}, 1055.2036144472659)
[2024-05-07 14:20:43,637][flwr][DEBUG] - evaluate_round 17: strategy sampled 1 clients (out of 50)
[2024-05-07 14:20:47,581][flwr][DEBUG] - evaluate_round 17 received 1 results and 0 failures
[2024-05-07 14:20:47,582][flwr][DEBUG] - fit_round 18: strategy sampled 10 clients (out of 50)
[2024-05-07 14:21:38,691][flwr][DEBUG] - fit_round 18 received 10 results and 0 failures
[2024-05-07 14:21:45,827][flwr][INFO] - fit progress: (18, 76.17241442203522, {'accuracy': 0.8136}, 1117.394119758159)
[2024-05-07 14:21:45,828][flwr][DEBUG] - evaluate_round 18: strategy sampled 1 clients (out of 50)
[2024-05-07 14:21:49,828][flwr][DEBUG] - evaluate_round 18 received 1 results and 0 failures
[2024-05-07 14:21:49,829][flwr][DEBUG] - fit_round 19: strategy sampled 10 clients (out of 50)
