[2024-05-30 22:59:13,737][flwr][INFO] - Starting Flower simulation, config: ServerConfig(num_rounds=100, round_timeout=None)
[2024-05-30 22:59:14,797][flwr][INFO] - Flower VCE: Ray initialized with resources: {'object_store_memory': 39882318643.0, 'node:172.17.34.3': 1.0, 'GPU': 2.0, 'CPU': 24.0, 'accelerator_type:G': 1.0, 'memory': 83058743501.0}
[2024-05-30 22:59:14,799][flwr][INFO] - Initializing global parameters
[2024-05-30 22:59:14,799][flwr][INFO] - Requesting initial parameters from one random client
[2024-05-30 22:59:15,942][flwr][INFO] - Received initial parameters from one random client
[2024-05-30 22:59:15,942][flwr][INFO] - Evaluating initial parameters
[2024-05-30 22:59:17,905][flwr][INFO] - initial parameters (loss, other metrics): 182.0246777534485, {'accuracy': 0.1003}
[2024-05-30 22:59:17,905][flwr][INFO] - FL starting
[2024-05-30 22:59:17,905][flwr][DEBUG] - fit_round 1: strategy sampled 10 clients (out of 50)
[2024-05-30 22:59:22,856][flwr][DEBUG] - fit_round 1 received 10 results and 0 failures
[2024-05-30 22:59:22,876][flwr][WARNING] - No fit_metrics_aggregation_fn provided
[2024-05-30 22:59:23,212][flwr][INFO] - fit progress: (1, 178.1553316116333, {'accuracy': 0.3133}, 5.306980352848768)
[2024-05-30 22:59:23,212][flwr][DEBUG] - evaluate_round 1: strategy sampled 1 clients (out of 50)
[2024-05-30 22:59:23,441][flwr][DEBUG] - evaluate_round 1 received 1 results and 0 failures
[2024-05-30 22:59:23,441][flwr][WARNING] - No evaluate_metrics_aggregation_fn provided
[2024-05-30 22:59:23,441][flwr][DEBUG] - fit_round 2: strategy sampled 10 clients (out of 50)
[2024-05-30 22:59:24,148][flwr][DEBUG] - fit_round 2 received 10 results and 0 failures
[2024-05-30 22:59:24,491][flwr][INFO] - fit progress: (2, 174.0847282409668, {'accuracy': 0.5204}, 6.586045107804239)
[2024-05-30 22:59:24,491][flwr][DEBUG] - evaluate_round 2: strategy sampled 1 clients (out of 50)
[2024-05-30 22:59:24,651][flwr][DEBUG] - evaluate_round 2 received 1 results and 0 failures
[2024-05-30 22:59:24,651][flwr][DEBUG] - fit_round 3: strategy sampled 10 clients (out of 50)
[2024-05-30 22:59:25,432][flwr][DEBUG] - fit_round 3 received 10 results and 0 failures
[2024-05-30 22:59:25,793][flwr][INFO] - fit progress: (3, 169.4072926044464, {'accuracy': 0.6657}, 7.88777852896601)
[2024-05-30 22:59:25,793][flwr][DEBUG] - evaluate_round 3: strategy sampled 1 clients (out of 50)
[2024-05-30 22:59:25,930][flwr][DEBUG] - evaluate_round 3 received 1 results and 0 failures
[2024-05-30 22:59:25,930][flwr][DEBUG] - fit_round 4: strategy sampled 10 clients (out of 50)
[2024-05-30 22:59:26,707][flwr][DEBUG] - fit_round 4 received 10 results and 0 failures
