[2024-05-30 22:14:47,117][flwr][INFO] - Starting Flower simulation, config: ServerConfig(num_rounds=100, round_timeout=None)
[2024-05-30 22:14:48,161][flwr][INFO] - Flower VCE: Ray initialized with resources: {'memory': 83091902669.0, 'CPU': 24.0, 'GPU': 2.0, 'accelerator_type:G': 1.0, 'object_store_memory': 39896529715.0, 'node:172.17.34.3': 1.0}
[2024-05-30 22:14:48,163][flwr][INFO] - Initializing global parameters
[2024-05-30 22:14:48,164][flwr][INFO] - Requesting initial parameters from one random client
[2024-05-30 22:14:49,286][flwr][INFO] - Received initial parameters from one random client
[2024-05-30 22:14:49,286][flwr][INFO] - Evaluating initial parameters
[2024-05-30 22:14:51,280][flwr][INFO] - initial parameters (loss, other metrics): 183.43867182731628, {'accuracy': 0.0472}
[2024-05-30 22:14:51,280][flwr][INFO] - FL starting
[2024-05-30 22:14:51,280][flwr][DEBUG] - fit_round 1: strategy sampled 10 clients (out of 50)
[2024-05-30 22:14:56,155][flwr][DEBUG] - fit_round 1 received 10 results and 0 failures
[2024-05-30 22:14:56,193][flwr][WARNING] - No fit_metrics_aggregation_fn provided
[2024-05-30 22:14:56,536][flwr][INFO] - fit progress: (1, 177.7600121498108, {'accuracy': 0.2798}, 5.256044937763363)
[2024-05-30 22:14:56,536][flwr][DEBUG] - evaluate_round 1: strategy sampled 1 clients (out of 50)
[2024-05-30 22:14:56,695][flwr][DEBUG] - evaluate_round 1 received 1 results and 0 failures
[2024-05-30 22:14:56,695][flwr][WARNING] - No evaluate_metrics_aggregation_fn provided
[2024-05-30 22:14:56,695][flwr][DEBUG] - fit_round 2: strategy sampled 10 clients (out of 50)
[2024-05-30 22:14:57,412][flwr][DEBUG] - fit_round 2 received 10 results and 0 failures
[2024-05-30 22:14:57,780][flwr][INFO] - fit progress: (2, 172.14658617973328, {'accuracy': 0.4981}, 6.4999000751413405)
[2024-05-30 22:14:57,780][flwr][DEBUG] - evaluate_round 2: strategy sampled 1 clients (out of 50)
[2024-05-30 22:14:57,959][flwr][DEBUG] - evaluate_round 2 received 1 results and 0 failures
[2024-05-30 22:14:57,959][flwr][DEBUG] - fit_round 3: strategy sampled 10 clients (out of 50)
[2024-05-30 22:14:58,706][flwr][DEBUG] - fit_round 3 received 10 results and 0 failures
[2024-05-30 22:14:59,081][flwr][INFO] - fit progress: (3, 165.80069494247437, {'accuracy': 0.6351}, 7.801471279002726)
[2024-05-30 22:14:59,081][flwr][DEBUG] - evaluate_round 3: strategy sampled 1 clients (out of 50)
[2024-05-30 22:14:59,217][flwr][DEBUG] - evaluate_round 3 received 1 results and 0 failures
[2024-05-30 22:14:59,218][flwr][DEBUG] - fit_round 4: strategy sampled 10 clients (out of 50)
[2024-05-30 22:15:00,040][flwr][DEBUG] - fit_round 4 received 10 results and 0 failures
[2024-05-30 22:15:00,415][flwr][INFO] - fit progress: (4, 158.90837228298187, {'accuracy': 0.6711}, 9.135717179160565)
[2024-05-30 22:15:00,416][flwr][DEBUG] - evaluate_round 4: strategy sampled 1 clients (out of 50)
[2024-05-30 22:15:00,611][flwr][DEBUG] - evaluate_round 4 received 1 results and 0 failures
[2024-05-30 22:15:00,611][flwr][DEBUG] - fit_round 5: strategy sampled 10 clients (out of 50)
[2024-05-30 22:15:01,410][flwr][DEBUG] - fit_round 5 received 10 results and 0 failures
[2024-05-30 22:15:01,791][flwr][INFO] - fit progress: (5, 151.45681238174438, {'accuracy': 0.7117}, 10.511401550844312)
[2024-05-30 22:15:01,791][flwr][DEBUG] - evaluate_round 5: strategy sampled 1 clients (out of 50)
[2024-05-30 22:15:01,994][flwr][DEBUG] - evaluate_round 5 received 1 results and 0 failures
[2024-05-30 22:15:01,995][flwr][DEBUG] - fit_round 6: strategy sampled 10 clients (out of 50)
[2024-05-30 22:15:02,744][flwr][DEBUG] - fit_round 6 received 10 results and 0 failures
[2024-05-30 22:15:03,119][flwr][INFO] - fit progress: (6, 142.92128992080688, {'accuracy': 0.766}, 11.838865119032562)
[2024-05-30 22:15:03,119][flwr][DEBUG] - evaluate_round 6: strategy sampled 1 clients (out of 50)
[2024-05-30 22:15:03,287][flwr][DEBUG] - evaluate_round 6 received 1 results and 0 failures
[2024-05-30 22:15:03,287][flwr][DEBUG] - fit_round 7: strategy sampled 10 clients (out of 50)
[2024-05-30 22:15:04,027][flwr][DEBUG] - fit_round 7 received 10 results and 0 failures
[2024-05-30 22:15:04,410][flwr][INFO] - fit progress: (7, 133.69775068759918, {'accuracy': 0.7602}, 13.130069418810308)
[2024-05-30 22:15:04,410][flwr][DEBUG] - evaluate_round 7: strategy sampled 1 clients (out of 50)
[2024-05-30 22:15:04,581][flwr][DEBUG] - evaluate_round 7 received 1 results and 0 failures
[2024-05-30 22:15:04,581][flwr][DEBUG] - fit_round 8: strategy sampled 10 clients (out of 50)
[2024-05-30 22:15:05,305][flwr][DEBUG] - fit_round 8 received 10 results and 0 failures
[2024-05-30 22:15:05,687][flwr][INFO] - fit progress: (8, 124.66180837154388, {'accuracy': 0.7792}, 14.407099911011755)
[2024-05-30 22:15:05,687][flwr][DEBUG] - evaluate_round 8: strategy sampled 1 clients (out of 50)
[2024-05-30 22:15:05,846][flwr][DEBUG] - evaluate_round 8 received 1 results and 0 failures
[2024-05-30 22:15:05,846][flwr][DEBUG] - fit_round 9: strategy sampled 10 clients (out of 50)
[2024-05-30 22:15:06,616][flwr][DEBUG] - fit_round 9 received 10 results and 0 failures
[2024-05-30 22:15:06,997][flwr][INFO] - fit progress: (9, 115.40872967243195, {'accuracy': 0.7822}, 15.71675738086924)
[2024-05-30 22:15:06,997][flwr][DEBUG] - evaluate_round 9: strategy sampled 1 clients (out of 50)
[2024-05-30 22:15:07,137][flwr][DEBUG] - evaluate_round 9 received 1 results and 0 failures
[2024-05-30 22:15:07,138][flwr][DEBUG] - fit_round 10: strategy sampled 10 clients (out of 50)
[2024-05-30 22:15:07,850][flwr][DEBUG] - fit_round 10 received 10 results and 0 failures
[2024-05-30 22:15:08,222][flwr][INFO] - fit progress: (10, 106.34377658367157, {'accuracy': 0.8099}, 16.94210251281038)
[2024-05-30 22:15:08,222][flwr][DEBUG] - evaluate_round 10: strategy sampled 1 clients (out of 50)
[2024-05-30 22:15:08,399][flwr][DEBUG] - evaluate_round 10 received 1 results and 0 failures
[2024-05-30 22:15:08,399][flwr][DEBUG] - fit_round 11: strategy sampled 10 clients (out of 50)
[2024-05-30 22:15:09,120][flwr][DEBUG] - fit_round 11 received 10 results and 0 failures
[2024-05-30 22:15:09,498][flwr][INFO] - fit progress: (11, 97.80751192569733, {'accuracy': 0.778}, 18.21824330696836)
[2024-05-30 22:15:09,498][flwr][DEBUG] - evaluate_round 11: strategy sampled 1 clients (out of 50)
[2024-05-30 22:15:09,659][flwr][DEBUG] - evaluate_round 11 received 1 results and 0 failures
[2024-05-30 22:15:09,659][flwr][DEBUG] - fit_round 12: strategy sampled 10 clients (out of 50)
[2024-05-30 22:15:10,536][flwr][DEBUG] - fit_round 12 received 10 results and 0 failures
[2024-05-30 22:15:10,906][flwr][INFO] - fit progress: (12, 89.86947071552277, {'accuracy': 0.784}, 19.626582454890013)
[2024-05-30 22:15:10,906][flwr][DEBUG] - evaluate_round 12: strategy sampled 1 clients (out of 50)
[2024-05-30 22:15:11,082][flwr][DEBUG] - evaluate_round 12 received 1 results and 0 failures
[2024-05-30 22:15:11,083][flwr][DEBUG] - fit_round 13: strategy sampled 10 clients (out of 50)
[2024-05-30 22:15:11,884][flwr][DEBUG] - fit_round 13 received 10 results and 0 failures
[2024-05-30 22:15:12,266][flwr][INFO] - fit progress: (13, 82.09415680170059, {'accuracy': 0.8369}, 20.98641710076481)
[2024-05-30 22:15:12,266][flwr][DEBUG] - evaluate_round 13: strategy sampled 1 clients (out of 50)
[2024-05-30 22:15:12,495][flwr][DEBUG] - evaluate_round 13 received 1 results and 0 failures
[2024-05-30 22:15:12,496][flwr][DEBUG] - fit_round 14: strategy sampled 10 clients (out of 50)
[2024-05-30 22:15:13,221][flwr][DEBUG] - fit_round 14 received 10 results and 0 failures
[2024-05-30 22:15:13,633][flwr][INFO] - fit progress: (14, 75.29879868030548, {'accuracy': 0.8458}, 22.353277728892863)
[2024-05-30 22:15:13,633][flwr][DEBUG] - evaluate_round 14: strategy sampled 1 clients (out of 50)
[2024-05-30 22:15:13,805][flwr][DEBUG] - evaluate_round 14 received 1 results and 0 failures
[2024-05-30 22:15:13,805][flwr][DEBUG] - fit_round 15: strategy sampled 10 clients (out of 50)
[2024-05-30 22:15:14,568][flwr][DEBUG] - fit_round 15 received 10 results and 0 failures
[2024-05-30 22:15:14,946][flwr][INFO] - fit progress: (15, 69.3338492512703, {'accuracy': 0.8284}, 23.665903138928115)
[2024-05-30 22:15:14,946][flwr][DEBUG] - evaluate_round 15: strategy sampled 1 clients (out of 50)
[2024-05-30 22:15:15,114][flwr][DEBUG] - evaluate_round 15 received 1 results and 0 failures
[2024-05-30 22:15:15,114][flwr][DEBUG] - fit_round 16: strategy sampled 10 clients (out of 50)
[2024-05-30 22:15:15,853][flwr][DEBUG] - fit_round 16 received 10 results and 0 failures
[2024-05-30 22:15:16,246][flwr][INFO] - fit progress: (16, 63.906248450279236, {'accuracy': 0.8569}, 24.96648111892864)
[2024-05-30 22:15:16,246][flwr][DEBUG] - evaluate_round 16: strategy sampled 1 clients (out of 50)
[2024-05-30 22:15:16,412][flwr][DEBUG] - evaluate_round 16 received 1 results and 0 failures
[2024-05-30 22:15:16,413][flwr][DEBUG] - fit_round 17: strategy sampled 10 clients (out of 50)
[2024-05-30 22:15:17,160][flwr][DEBUG] - fit_round 17 received 10 results and 0 failures
[2024-05-30 22:15:17,535][flwr][INFO] - fit progress: (17, 58.90187534689903, {'accuracy': 0.8638}, 26.25572848878801)
[2024-05-30 22:15:17,536][flwr][DEBUG] - evaluate_round 17: strategy sampled 1 clients (out of 50)
[2024-05-30 22:15:17,679][flwr][DEBUG] - evaluate_round 17 received 1 results and 0 failures
[2024-05-30 22:15:17,679][flwr][DEBUG] - fit_round 18: strategy sampled 10 clients (out of 50)
[2024-05-30 22:15:18,458][flwr][DEBUG] - fit_round 18 received 10 results and 0 failures
[2024-05-30 22:15:18,831][flwr][INFO] - fit progress: (18, 54.81711196899414, {'accuracy': 0.8695}, 27.551028065849096)
[2024-05-30 22:15:18,831][flwr][DEBUG] - evaluate_round 18: strategy sampled 1 clients (out of 50)
[2024-05-30 22:15:19,038][flwr][DEBUG] - evaluate_round 18 received 1 results and 0 failures
[2024-05-30 22:15:19,038][flwr][DEBUG] - fit_round 19: strategy sampled 10 clients (out of 50)
[2024-05-30 22:15:19,819][flwr][DEBUG] - fit_round 19 received 10 results and 0 failures
[2024-05-30 22:15:20,232][flwr][INFO] - fit progress: (19, 51.46716144680977, {'accuracy': 0.8692}, 28.9522078409791)
[2024-05-30 22:15:20,232][flwr][DEBUG] - evaluate_round 19: strategy sampled 1 clients (out of 50)
[2024-05-30 22:15:20,370][flwr][DEBUG] - evaluate_round 19 received 1 results and 0 failures
[2024-05-30 22:15:20,370][flwr][DEBUG] - fit_round 20: strategy sampled 10 clients (out of 50)
[2024-05-30 22:15:21,097][flwr][DEBUG] - fit_round 20 received 10 results and 0 failures
[2024-05-30 22:15:21,467][flwr][INFO] - fit progress: (20, 48.29571196436882, {'accuracy': 0.8753}, 30.187681667972356)
[2024-05-30 22:15:21,468][flwr][DEBUG] - evaluate_round 20: strategy sampled 1 clients (out of 50)
[2024-05-30 22:15:21,614][flwr][DEBUG] - evaluate_round 20 received 1 results and 0 failures
[2024-05-30 22:15:21,615][flwr][DEBUG] - fit_round 21: strategy sampled 10 clients (out of 50)
[2024-05-30 22:15:22,375][flwr][DEBUG] - fit_round 21 received 10 results and 0 failures
[2024-05-30 22:15:22,746][flwr][INFO] - fit progress: (21, 45.62737172842026, {'accuracy': 0.876}, 31.466605083085597)
[2024-05-30 22:15:22,746][flwr][DEBUG] - evaluate_round 21: strategy sampled 1 clients (out of 50)
[2024-05-30 22:15:22,902][flwr][DEBUG] - evaluate_round 21 received 1 results and 0 failures
[2024-05-30 22:15:22,902][flwr][DEBUG] - fit_round 22: strategy sampled 10 clients (out of 50)
[2024-05-30 22:15:23,627][flwr][DEBUG] - fit_round 22 received 10 results and 0 failures
[2024-05-30 22:15:24,010][flwr][INFO] - fit progress: (22, 43.33876517415047, {'accuracy': 0.8814}, 32.729818978812546)
[2024-05-30 22:15:24,010][flwr][DEBUG] - evaluate_round 22: strategy sampled 1 clients (out of 50)
[2024-05-30 22:15:24,176][flwr][DEBUG] - evaluate_round 22 received 1 results and 0 failures
[2024-05-30 22:15:24,176][flwr][DEBUG] - fit_round 23: strategy sampled 10 clients (out of 50)
[2024-05-30 22:15:24,917][flwr][DEBUG] - fit_round 23 received 10 results and 0 failures
[2024-05-30 22:15:25,299][flwr][INFO] - fit progress: (23, 41.50802493095398, {'accuracy': 0.8843}, 34.019389962777495)
[2024-05-30 22:15:25,299][flwr][DEBUG] - evaluate_round 23: strategy sampled 1 clients (out of 50)
[2024-05-30 22:15:25,474][flwr][DEBUG] - evaluate_round 23 received 1 results and 0 failures
[2024-05-30 22:15:25,474][flwr][DEBUG] - fit_round 24: strategy sampled 10 clients (out of 50)
[2024-05-30 22:15:26,249][flwr][DEBUG] - fit_round 24 received 10 results and 0 failures
[2024-05-30 22:15:26,619][flwr][INFO] - fit progress: (24, 39.43708960711956, {'accuracy': 0.8864}, 35.33927047578618)
[2024-05-30 22:15:26,619][flwr][DEBUG] - evaluate_round 24: strategy sampled 1 clients (out of 50)
[2024-05-30 22:15:26,832][flwr][DEBUG] - evaluate_round 24 received 1 results and 0 failures
[2024-05-30 22:15:26,832][flwr][DEBUG] - fit_round 25: strategy sampled 10 clients (out of 50)
[2024-05-30 22:15:27,626][flwr][DEBUG] - fit_round 25 received 10 results and 0 failures
[2024-05-30 22:15:28,002][flwr][INFO] - fit progress: (25, 37.61502404510975, {'accuracy': 0.891}, 36.722195017151535)
[2024-05-30 22:15:28,002][flwr][DEBUG] - evaluate_round 25: strategy sampled 1 clients (out of 50)
[2024-05-30 22:15:28,163][flwr][DEBUG] - evaluate_round 25 received 1 results and 0 failures
[2024-05-30 22:15:28,164][flwr][DEBUG] - fit_round 26: strategy sampled 10 clients (out of 50)
[2024-05-30 22:15:28,951][flwr][DEBUG] - fit_round 26 received 10 results and 0 failures
[2024-05-30 22:15:29,321][flwr][INFO] - fit progress: (26, 36.22584867477417, {'accuracy': 0.8912}, 38.0415461929515)
[2024-05-30 22:15:29,321][flwr][DEBUG] - evaluate_round 26: strategy sampled 1 clients (out of 50)
[2024-05-30 22:15:29,491][flwr][DEBUG] - evaluate_round 26 received 1 results and 0 failures
[2024-05-30 22:15:29,491][flwr][DEBUG] - fit_round 27: strategy sampled 10 clients (out of 50)
[2024-05-30 22:15:30,225][flwr][DEBUG] - fit_round 27 received 10 results and 0 failures
[2024-05-30 22:15:30,597][flwr][INFO] - fit progress: (27, 34.849416986107826, {'accuracy': 0.8943}, 39.31742635508999)
[2024-05-30 22:15:30,597][flwr][DEBUG] - evaluate_round 27: strategy sampled 1 clients (out of 50)
[2024-05-30 22:15:30,770][flwr][DEBUG] - evaluate_round 27 received 1 results and 0 failures
[2024-05-30 22:15:30,771][flwr][DEBUG] - fit_round 28: strategy sampled 10 clients (out of 50)
[2024-05-30 22:15:31,546][flwr][DEBUG] - fit_round 28 received 10 results and 0 failures
[2024-05-30 22:15:31,920][flwr][INFO] - fit progress: (28, 33.666313380002975, {'accuracy': 0.898}, 40.64012399408966)
[2024-05-30 22:15:31,920][flwr][DEBUG] - evaluate_round 28: strategy sampled 1 clients (out of 50)
[2024-05-30 22:15:32,067][flwr][DEBUG] - evaluate_round 28 received 1 results and 0 failures
[2024-05-30 22:15:32,067][flwr][DEBUG] - fit_round 29: strategy sampled 10 clients (out of 50)
[2024-05-30 22:15:32,812][flwr][DEBUG] - fit_round 29 received 10 results and 0 failures
[2024-05-30 22:15:33,193][flwr][INFO] - fit progress: (29, 32.78691037744284, {'accuracy': 0.8978}, 41.91338166873902)
[2024-05-30 22:15:33,193][flwr][DEBUG] - evaluate_round 29: strategy sampled 1 clients (out of 50)
[2024-05-30 22:15:33,363][flwr][DEBUG] - evaluate_round 29 received 1 results and 0 failures
[2024-05-30 22:15:33,364][flwr][DEBUG] - fit_round 30: strategy sampled 10 clients (out of 50)
[2024-05-30 22:15:34,143][flwr][DEBUG] - fit_round 30 received 10 results and 0 failures
[2024-05-30 22:15:34,565][flwr][INFO] - fit progress: (30, 31.93017177283764, {'accuracy': 0.8983}, 43.28494875598699)
[2024-05-30 22:15:34,565][flwr][DEBUG] - evaluate_round 30: strategy sampled 1 clients (out of 50)
[2024-05-30 22:15:34,734][flwr][DEBUG] - evaluate_round 30 received 1 results and 0 failures
[2024-05-30 22:15:34,734][flwr][DEBUG] - fit_round 31: strategy sampled 10 clients (out of 50)
[2024-05-30 22:15:35,524][flwr][DEBUG] - fit_round 31 received 10 results and 0 failures
[2024-05-30 22:15:35,899][flwr][INFO] - fit progress: (31, 30.80153738707304, {'accuracy': 0.9013}, 44.61970441881567)
[2024-05-30 22:15:35,900][flwr][DEBUG] - evaluate_round 31: strategy sampled 1 clients (out of 50)
[2024-05-30 22:15:36,070][flwr][DEBUG] - evaluate_round 31 received 1 results and 0 failures
[2024-05-30 22:15:36,071][flwr][DEBUG] - fit_round 32: strategy sampled 10 clients (out of 50)
[2024-05-30 22:15:36,798][flwr][DEBUG] - fit_round 32 received 10 results and 0 failures
[2024-05-30 22:15:37,166][flwr][INFO] - fit progress: (32, 30.06912076473236, {'accuracy': 0.9034}, 45.886693907901645)
[2024-05-30 22:15:37,167][flwr][DEBUG] - evaluate_round 32: strategy sampled 1 clients (out of 50)
[2024-05-30 22:15:37,328][flwr][DEBUG] - evaluate_round 32 received 1 results and 0 failures
[2024-05-30 22:15:37,329][flwr][DEBUG] - fit_round 33: strategy sampled 10 clients (out of 50)
[2024-05-30 22:15:38,048][flwr][DEBUG] - fit_round 33 received 10 results and 0 failures
[2024-05-30 22:15:38,433][flwr][INFO] - fit progress: (33, 29.280818663537502, {'accuracy': 0.9024}, 47.152760489843786)
[2024-05-30 22:15:38,433][flwr][DEBUG] - evaluate_round 33: strategy sampled 1 clients (out of 50)
[2024-05-30 22:15:38,595][flwr][DEBUG] - evaluate_round 33 received 1 results and 0 failures
[2024-05-30 22:15:38,595][flwr][DEBUG] - fit_round 34: strategy sampled 10 clients (out of 50)
[2024-05-30 22:15:39,360][flwr][DEBUG] - fit_round 34 received 10 results and 0 failures
[2024-05-30 22:15:39,729][flwr][INFO] - fit progress: (34, 28.761066295206547, {'accuracy': 0.908}, 48.449626239947975)
[2024-05-30 22:15:39,730][flwr][DEBUG] - evaluate_round 34: strategy sampled 1 clients (out of 50)
[2024-05-30 22:15:39,894][flwr][DEBUG] - evaluate_round 34 received 1 results and 0 failures
[2024-05-30 22:15:39,895][flwr][DEBUG] - fit_round 35: strategy sampled 10 clients (out of 50)
[2024-05-30 22:15:40,570][flwr][DEBUG] - fit_round 35 received 10 results and 0 failures
[2024-05-30 22:15:40,945][flwr][INFO] - fit progress: (35, 28.31023597717285, {'accuracy': 0.9048}, 49.66508735297248)
[2024-05-30 22:15:40,945][flwr][DEBUG] - evaluate_round 35: strategy sampled 1 clients (out of 50)
[2024-05-30 22:15:41,114][flwr][DEBUG] - evaluate_round 35 received 1 results and 0 failures
[2024-05-30 22:15:41,114][flwr][DEBUG] - fit_round 36: strategy sampled 10 clients (out of 50)
[2024-05-30 22:15:41,885][flwr][DEBUG] - fit_round 36 received 10 results and 0 failures
[2024-05-30 22:15:42,266][flwr][INFO] - fit progress: (36, 27.38098268210888, {'accuracy': 0.9089}, 50.98672131681815)
[2024-05-30 22:15:42,267][flwr][DEBUG] - evaluate_round 36: strategy sampled 1 clients (out of 50)
[2024-05-30 22:15:42,430][flwr][DEBUG] - evaluate_round 36 received 1 results and 0 failures
[2024-05-30 22:15:42,430][flwr][DEBUG] - fit_round 37: strategy sampled 10 clients (out of 50)
[2024-05-30 22:15:43,161][flwr][DEBUG] - fit_round 37 received 10 results and 0 failures
[2024-05-30 22:15:43,532][flwr][INFO] - fit progress: (37, 27.10253442823887, {'accuracy': 0.9089}, 52.25210024788976)
[2024-05-30 22:15:43,532][flwr][DEBUG] - evaluate_round 37: strategy sampled 1 clients (out of 50)
[2024-05-30 22:15:43,701][flwr][DEBUG] - evaluate_round 37 received 1 results and 0 failures
[2024-05-30 22:15:43,702][flwr][DEBUG] - fit_round 38: strategy sampled 10 clients (out of 50)
[2024-05-30 22:15:44,457][flwr][DEBUG] - fit_round 38 received 10 results and 0 failures
[2024-05-30 22:15:44,827][flwr][INFO] - fit progress: (38, 26.35895325988531, {'accuracy': 0.9114}, 53.547453809995204)
[2024-05-30 22:15:44,827][flwr][DEBUG] - evaluate_round 38: strategy sampled 1 clients (out of 50)
[2024-05-30 22:15:44,979][flwr][DEBUG] - evaluate_round 38 received 1 results and 0 failures
[2024-05-30 22:15:44,979][flwr][DEBUG] - fit_round 39: strategy sampled 10 clients (out of 50)
[2024-05-30 22:15:45,734][flwr][DEBUG] - fit_round 39 received 10 results and 0 failures
[2024-05-30 22:15:46,111][flwr][INFO] - fit progress: (39, 26.20352716743946, {'accuracy': 0.9112}, 54.831163309980184)
[2024-05-30 22:15:46,111][flwr][DEBUG] - evaluate_round 39: strategy sampled 1 clients (out of 50)
[2024-05-30 22:15:46,287][flwr][DEBUG] - evaluate_round 39 received 1 results and 0 failures
[2024-05-30 22:15:46,287][flwr][DEBUG] - fit_round 40: strategy sampled 10 clients (out of 50)
[2024-05-30 22:15:46,995][flwr][DEBUG] - fit_round 40 received 10 results and 0 failures
[2024-05-30 22:15:47,373][flwr][INFO] - fit progress: (40, 25.798089742660522, {'accuracy': 0.9117}, 56.09372822800651)
[2024-05-30 22:15:47,374][flwr][DEBUG] - evaluate_round 40: strategy sampled 1 clients (out of 50)
[2024-05-30 22:15:47,587][flwr][DEBUG] - evaluate_round 40 received 1 results and 0 failures
[2024-05-30 22:15:47,588][flwr][DEBUG] - fit_round 41: strategy sampled 10 clients (out of 50)
[2024-05-30 22:15:48,307][flwr][DEBUG] - fit_round 41 received 10 results and 0 failures
[2024-05-30 22:15:48,727][flwr][INFO] - fit progress: (41, 25.14896008372307, {'accuracy': 0.911}, 57.44709880789742)
[2024-05-30 22:15:48,727][flwr][DEBUG] - evaluate_round 41: strategy sampled 1 clients (out of 50)
[2024-05-30 22:15:48,883][flwr][DEBUG] - evaluate_round 41 received 1 results and 0 failures
[2024-05-30 22:15:48,883][flwr][DEBUG] - fit_round 42: strategy sampled 10 clients (out of 50)
[2024-05-30 22:15:49,647][flwr][DEBUG] - fit_round 42 received 10 results and 0 failures
[2024-05-30 22:15:50,015][flwr][INFO] - fit progress: (42, 25.057953353971243, {'accuracy': 0.9148}, 58.73494533775374)
[2024-05-30 22:15:50,015][flwr][DEBUG] - evaluate_round 42: strategy sampled 1 clients (out of 50)
[2024-05-30 22:15:50,162][flwr][DEBUG] - evaluate_round 42 received 1 results and 0 failures
[2024-05-30 22:15:50,162][flwr][DEBUG] - fit_round 43: strategy sampled 10 clients (out of 50)
[2024-05-30 22:15:50,876][flwr][DEBUG] - fit_round 43 received 10 results and 0 failures
[2024-05-30 22:15:51,251][flwr][INFO] - fit progress: (43, 24.733697693794966, {'accuracy': 0.9161}, 59.97131783282384)
[2024-05-30 22:15:51,251][flwr][DEBUG] - evaluate_round 43: strategy sampled 1 clients (out of 50)
[2024-05-30 22:15:51,423][flwr][DEBUG] - evaluate_round 43 received 1 results and 0 failures
[2024-05-30 22:15:51,423][flwr][DEBUG] - fit_round 44: strategy sampled 10 clients (out of 50)
[2024-05-30 22:15:52,175][flwr][DEBUG] - fit_round 44 received 10 results and 0 failures
[2024-05-30 22:15:52,541][flwr][INFO] - fit progress: (44, 24.14366962388158, {'accuracy': 0.917}, 61.261628723703325)
[2024-05-30 22:15:52,541][flwr][DEBUG] - evaluate_round 44: strategy sampled 1 clients (out of 50)
[2024-05-30 22:15:52,676][flwr][DEBUG] - evaluate_round 44 received 1 results and 0 failures
[2024-05-30 22:15:52,676][flwr][DEBUG] - fit_round 45: strategy sampled 10 clients (out of 50)
[2024-05-30 22:15:53,406][flwr][DEBUG] - fit_round 45 received 10 results and 0 failures
[2024-05-30 22:15:53,784][flwr][INFO] - fit progress: (45, 23.86849307641387, {'accuracy': 0.9155}, 62.503944693133235)
[2024-05-30 22:15:53,784][flwr][DEBUG] - evaluate_round 45: strategy sampled 1 clients (out of 50)
[2024-05-30 22:15:53,963][flwr][DEBUG] - evaluate_round 45 received 1 results and 0 failures
[2024-05-30 22:15:53,964][flwr][DEBUG] - fit_round 46: strategy sampled 10 clients (out of 50)
[2024-05-30 22:15:54,699][flwr][DEBUG] - fit_round 46 received 10 results and 0 failures
[2024-05-30 22:15:55,090][flwr][INFO] - fit progress: (46, 23.380008198320866, {'accuracy': 0.9195}, 63.80988870607689)
[2024-05-30 22:15:55,090][flwr][DEBUG] - evaluate_round 46: strategy sampled 1 clients (out of 50)
[2024-05-30 22:15:55,261][flwr][DEBUG] - evaluate_round 46 received 1 results and 0 failures
[2024-05-30 22:15:55,262][flwr][DEBUG] - fit_round 47: strategy sampled 10 clients (out of 50)
[2024-05-30 22:15:56,019][flwr][DEBUG] - fit_round 47 received 10 results and 0 failures
[2024-05-30 22:15:56,396][flwr][INFO] - fit progress: (47, 22.97979123145342, {'accuracy': 0.9204}, 65.11601375974715)
[2024-05-30 22:15:56,396][flwr][DEBUG] - evaluate_round 47: strategy sampled 1 clients (out of 50)
[2024-05-30 22:15:56,559][flwr][DEBUG] - evaluate_round 47 received 1 results and 0 failures
[2024-05-30 22:15:56,560][flwr][DEBUG] - fit_round 48: strategy sampled 10 clients (out of 50)
[2024-05-30 22:15:57,316][flwr][DEBUG] - fit_round 48 received 10 results and 0 failures
[2024-05-30 22:15:57,683][flwr][INFO] - fit progress: (48, 23.072956044226885, {'accuracy': 0.9181}, 66.40355013683438)
[2024-05-30 22:15:57,683][flwr][DEBUG] - evaluate_round 48: strategy sampled 1 clients (out of 50)
[2024-05-30 22:15:57,834][flwr][DEBUG] - evaluate_round 48 received 1 results and 0 failures
[2024-05-30 22:15:57,835][flwr][DEBUG] - fit_round 49: strategy sampled 10 clients (out of 50)
[2024-05-30 22:15:58,565][flwr][DEBUG] - fit_round 49 received 10 results and 0 failures
[2024-05-30 22:15:58,940][flwr][INFO] - fit progress: (49, 22.873073998838663, {'accuracy': 0.9191}, 67.6603006538935)
[2024-05-30 22:15:58,940][flwr][DEBUG] - evaluate_round 49: strategy sampled 1 clients (out of 50)
[2024-05-30 22:15:59,102][flwr][DEBUG] - evaluate_round 49 received 1 results and 0 failures
[2024-05-30 22:15:59,102][flwr][DEBUG] - fit_round 50: strategy sampled 10 clients (out of 50)
[2024-05-30 22:15:59,859][flwr][DEBUG] - fit_round 50 received 10 results and 0 failures
[2024-05-30 22:16:00,241][flwr][INFO] - fit progress: (50, 22.40864159539342, {'accuracy': 0.9238}, 68.9615432000719)
[2024-05-30 22:16:00,241][flwr][DEBUG] - evaluate_round 50: strategy sampled 1 clients (out of 50)
[2024-05-30 22:16:00,417][flwr][DEBUG] - evaluate_round 50 received 1 results and 0 failures
[2024-05-30 22:16:00,417][flwr][DEBUG] - fit_round 51: strategy sampled 10 clients (out of 50)
[2024-05-30 22:16:01,151][flwr][DEBUG] - fit_round 51 received 10 results and 0 failures
[2024-05-30 22:16:01,524][flwr][INFO] - fit progress: (51, 22.134599916636944, {'accuracy': 0.9223}, 70.24435469415039)
[2024-05-30 22:16:01,524][flwr][DEBUG] - evaluate_round 51: strategy sampled 1 clients (out of 50)
[2024-05-30 22:16:01,679][flwr][DEBUG] - evaluate_round 51 received 1 results and 0 failures
[2024-05-30 22:16:01,679][flwr][DEBUG] - fit_round 52: strategy sampled 10 clients (out of 50)
[2024-05-30 22:16:02,428][flwr][DEBUG] - fit_round 52 received 10 results and 0 failures
[2024-05-30 22:16:02,801][flwr][INFO] - fit progress: (52, 21.815867982804775, {'accuracy': 0.9247}, 71.52155913086608)
[2024-05-30 22:16:02,801][flwr][DEBUG] - evaluate_round 52: strategy sampled 1 clients (out of 50)
[2024-05-30 22:16:02,966][flwr][DEBUG] - evaluate_round 52 received 1 results and 0 failures
[2024-05-30 22:16:02,966][flwr][DEBUG] - fit_round 53: strategy sampled 10 clients (out of 50)
[2024-05-30 22:16:03,699][flwr][DEBUG] - fit_round 53 received 10 results and 0 failures
[2024-05-30 22:16:04,080][flwr][INFO] - fit progress: (53, 21.587755527347326, {'accuracy': 0.9227}, 72.79996386403218)
[2024-05-30 22:16:04,080][flwr][DEBUG] - evaluate_round 53: strategy sampled 1 clients (out of 50)
[2024-05-30 22:16:04,243][flwr][DEBUG] - evaluate_round 53 received 1 results and 0 failures
[2024-05-30 22:16:04,243][flwr][DEBUG] - fit_round 54: strategy sampled 10 clients (out of 50)
[2024-05-30 22:16:04,993][flwr][DEBUG] - fit_round 54 received 10 results and 0 failures
[2024-05-30 22:16:05,362][flwr][INFO] - fit progress: (54, 21.30696665868163, {'accuracy': 0.9227}, 74.0824127420783)
[2024-05-30 22:16:05,362][flwr][DEBUG] - evaluate_round 54: strategy sampled 1 clients (out of 50)
[2024-05-30 22:16:05,526][flwr][DEBUG] - evaluate_round 54 received 1 results and 0 failures
[2024-05-30 22:16:05,527][flwr][DEBUG] - fit_round 55: strategy sampled 10 clients (out of 50)
[2024-05-30 22:16:06,253][flwr][DEBUG] - fit_round 55 received 10 results and 0 failures
[2024-05-30 22:16:06,622][flwr][INFO] - fit progress: (55, 21.0364121645689, {'accuracy': 0.9254}, 75.34256034391001)
[2024-05-30 22:16:06,622][flwr][DEBUG] - evaluate_round 55: strategy sampled 1 clients (out of 50)
[2024-05-30 22:16:06,760][flwr][DEBUG] - evaluate_round 55 received 1 results and 0 failures
[2024-05-30 22:16:06,760][flwr][DEBUG] - fit_round 56: strategy sampled 10 clients (out of 50)
[2024-05-30 22:16:07,502][flwr][DEBUG] - fit_round 56 received 10 results and 0 failures
[2024-05-30 22:16:07,870][flwr][INFO] - fit progress: (56, 20.775020722299814, {'accuracy': 0.926}, 76.59025287209079)
[2024-05-30 22:16:07,870][flwr][DEBUG] - evaluate_round 56: strategy sampled 1 clients (out of 50)
[2024-05-30 22:16:08,043][flwr][DEBUG] - evaluate_round 56 received 1 results and 0 failures
[2024-05-30 22:16:08,043][flwr][DEBUG] - fit_round 57: strategy sampled 10 clients (out of 50)
[2024-05-30 22:16:08,774][flwr][DEBUG] - fit_round 57 received 10 results and 0 failures
[2024-05-30 22:16:09,158][flwr][INFO] - fit progress: (57, 20.674415457993746, {'accuracy': 0.9247}, 77.87785247480497)
[2024-05-30 22:16:09,158][flwr][DEBUG] - evaluate_round 57: strategy sampled 1 clients (out of 50)
[2024-05-30 22:16:09,327][flwr][DEBUG] - evaluate_round 57 received 1 results and 0 failures
[2024-05-30 22:16:09,328][flwr][DEBUG] - fit_round 58: strategy sampled 10 clients (out of 50)
[2024-05-30 22:16:10,078][flwr][DEBUG] - fit_round 58 received 10 results and 0 failures
[2024-05-30 22:16:10,453][flwr][INFO] - fit progress: (58, 20.285929661244154, {'accuracy': 0.926}, 79.1733234799467)
[2024-05-30 22:16:10,453][flwr][DEBUG] - evaluate_round 58: strategy sampled 1 clients (out of 50)
[2024-05-30 22:16:10,627][flwr][DEBUG] - evaluate_round 58 received 1 results and 0 failures
[2024-05-30 22:16:10,627][flwr][DEBUG] - fit_round 59: strategy sampled 10 clients (out of 50)
[2024-05-30 22:16:11,356][flwr][DEBUG] - fit_round 59 received 10 results and 0 failures
[2024-05-30 22:16:11,736][flwr][INFO] - fit progress: (59, 20.44608929939568, {'accuracy': 0.925}, 80.45622781291604)
[2024-05-30 22:16:11,736][flwr][DEBUG] - evaluate_round 59: strategy sampled 1 clients (out of 50)
[2024-05-30 22:16:11,903][flwr][DEBUG] - evaluate_round 59 received 1 results and 0 failures
[2024-05-30 22:16:11,903][flwr][DEBUG] - fit_round 60: strategy sampled 10 clients (out of 50)
[2024-05-30 22:16:12,645][flwr][DEBUG] - fit_round 60 received 10 results and 0 failures
[2024-05-30 22:16:13,028][flwr][INFO] - fit progress: (60, 20.09439473412931, {'accuracy': 0.9286}, 81.74844653299078)
[2024-05-30 22:16:13,028][flwr][DEBUG] - evaluate_round 60: strategy sampled 1 clients (out of 50)
[2024-05-30 22:16:13,195][flwr][DEBUG] - evaluate_round 60 received 1 results and 0 failures
[2024-05-30 22:16:13,195][flwr][DEBUG] - fit_round 61: strategy sampled 10 clients (out of 50)
[2024-05-30 22:16:13,920][flwr][DEBUG] - fit_round 61 received 10 results and 0 failures
[2024-05-30 22:16:14,292][flwr][INFO] - fit progress: (61, 20.024909399449825, {'accuracy': 0.9283}, 83.01269938983023)
[2024-05-30 22:16:14,293][flwr][DEBUG] - evaluate_round 61: strategy sampled 1 clients (out of 50)
[2024-05-30 22:16:14,439][flwr][DEBUG] - evaluate_round 61 received 1 results and 0 failures
[2024-05-30 22:16:14,439][flwr][DEBUG] - fit_round 62: strategy sampled 10 clients (out of 50)
[2024-05-30 22:16:15,200][flwr][DEBUG] - fit_round 62 received 10 results and 0 failures
[2024-05-30 22:16:15,604][flwr][INFO] - fit progress: (62, 19.750225704163313, {'accuracy': 0.9285}, 84.32377021107823)
[2024-05-30 22:16:15,604][flwr][DEBUG] - evaluate_round 62: strategy sampled 1 clients (out of 50)
[2024-05-30 22:16:15,783][flwr][DEBUG] - evaluate_round 62 received 1 results and 0 failures
[2024-05-30 22:16:15,783][flwr][DEBUG] - fit_round 63: strategy sampled 10 clients (out of 50)
[2024-05-30 22:16:16,564][flwr][DEBUG] - fit_round 63 received 10 results and 0 failures
[2024-05-30 22:16:16,977][flwr][INFO] - fit progress: (63, 19.512700770050287, {'accuracy': 0.9278}, 85.69676603516564)
[2024-05-30 22:16:16,977][flwr][DEBUG] - evaluate_round 63: strategy sampled 1 clients (out of 50)
[2024-05-30 22:16:17,136][flwr][DEBUG] - evaluate_round 63 received 1 results and 0 failures
[2024-05-30 22:16:17,136][flwr][DEBUG] - fit_round 64: strategy sampled 10 clients (out of 50)
[2024-05-30 22:16:17,873][flwr][DEBUG] - fit_round 64 received 10 results and 0 failures
[2024-05-30 22:16:18,253][flwr][INFO] - fit progress: (64, 19.3215539380908, {'accuracy': 0.9298}, 86.97360451379791)
[2024-05-30 22:16:18,253][flwr][DEBUG] - evaluate_round 64: strategy sampled 1 clients (out of 50)
[2024-05-30 22:16:18,412][flwr][DEBUG] - evaluate_round 64 received 1 results and 0 failures
[2024-05-30 22:16:18,412][flwr][DEBUG] - fit_round 65: strategy sampled 10 clients (out of 50)
[2024-05-30 22:16:19,166][flwr][DEBUG] - fit_round 65 received 10 results and 0 failures
[2024-05-30 22:16:19,540][flwr][INFO] - fit progress: (65, 19.364654775708914, {'accuracy': 0.9315}, 88.2599695790559)
[2024-05-30 22:16:19,540][flwr][DEBUG] - evaluate_round 65: strategy sampled 1 clients (out of 50)
[2024-05-30 22:16:19,712][flwr][DEBUG] - evaluate_round 65 received 1 results and 0 failures
[2024-05-30 22:16:19,712][flwr][DEBUG] - fit_round 66: strategy sampled 10 clients (out of 50)
[2024-05-30 22:16:20,413][flwr][DEBUG] - fit_round 66 received 10 results and 0 failures
[2024-05-30 22:16:20,795][flwr][INFO] - fit progress: (66, 18.924681551754475, {'accuracy': 0.9329}, 89.51530856406316)
[2024-05-30 22:16:20,795][flwr][DEBUG] - evaluate_round 66: strategy sampled 1 clients (out of 50)
[2024-05-30 22:16:20,943][flwr][DEBUG] - evaluate_round 66 received 1 results and 0 failures
[2024-05-30 22:16:20,943][flwr][DEBUG] - fit_round 67: strategy sampled 10 clients (out of 50)
[2024-05-30 22:16:21,699][flwr][DEBUG] - fit_round 67 received 10 results and 0 failures
[2024-05-30 22:16:22,071][flwr][INFO] - fit progress: (67, 18.80340337753296, {'accuracy': 0.9301}, 90.79173992201686)
[2024-05-30 22:16:22,072][flwr][DEBUG] - evaluate_round 67: strategy sampled 1 clients (out of 50)
[2024-05-30 22:16:22,242][flwr][DEBUG] - evaluate_round 67 received 1 results and 0 failures
[2024-05-30 22:16:22,243][flwr][DEBUG] - fit_round 68: strategy sampled 10 clients (out of 50)
[2024-05-30 22:16:22,923][flwr][DEBUG] - fit_round 68 received 10 results and 0 failures
[2024-05-30 22:16:23,304][flwr][INFO] - fit progress: (68, 18.803955852985382, {'accuracy': 0.9324}, 92.02415518788621)
[2024-05-30 22:16:23,304][flwr][DEBUG] - evaluate_round 68: strategy sampled 1 clients (out of 50)
[2024-05-30 22:16:23,468][flwr][DEBUG] - evaluate_round 68 received 1 results and 0 failures
[2024-05-30 22:16:23,469][flwr][DEBUG] - fit_round 69: strategy sampled 10 clients (out of 50)
[2024-05-30 22:16:24,207][flwr][DEBUG] - fit_round 69 received 10 results and 0 failures
[2024-05-30 22:16:24,579][flwr][INFO] - fit progress: (69, 18.555803075432777, {'accuracy': 0.9329}, 93.29898401489481)
[2024-05-30 22:16:24,579][flwr][DEBUG] - evaluate_round 69: strategy sampled 1 clients (out of 50)
[2024-05-30 22:16:24,753][flwr][DEBUG] - evaluate_round 69 received 1 results and 0 failures
[2024-05-30 22:16:24,753][flwr][DEBUG] - fit_round 70: strategy sampled 10 clients (out of 50)
[2024-05-30 22:16:25,488][flwr][DEBUG] - fit_round 70 received 10 results and 0 failures
[2024-05-30 22:16:25,860][flwr][INFO] - fit progress: (70, 18.13347752392292, {'accuracy': 0.9355}, 94.58035768987611)
[2024-05-30 22:16:25,860][flwr][DEBUG] - evaluate_round 70: strategy sampled 1 clients (out of 50)
[2024-05-30 22:16:26,031][flwr][DEBUG] - evaluate_round 70 received 1 results and 0 failures
[2024-05-30 22:16:26,032][flwr][DEBUG] - fit_round 71: strategy sampled 10 clients (out of 50)
[2024-05-30 22:16:26,769][flwr][DEBUG] - fit_round 71 received 10 results and 0 failures
[2024-05-30 22:16:27,142][flwr][INFO] - fit progress: (71, 18.11128775216639, {'accuracy': 0.9347}, 95.86262557795271)
[2024-05-30 22:16:27,143][flwr][DEBUG] - evaluate_round 71: strategy sampled 1 clients (out of 50)
[2024-05-30 22:16:27,310][flwr][DEBUG] - evaluate_round 71 received 1 results and 0 failures
[2024-05-30 22:16:27,310][flwr][DEBUG] - fit_round 72: strategy sampled 10 clients (out of 50)
[2024-05-30 22:16:28,081][flwr][DEBUG] - fit_round 72 received 10 results and 0 failures
[2024-05-30 22:16:28,456][flwr][INFO] - fit progress: (72, 17.92171964608133, {'accuracy': 0.9361}, 97.17583197588101)
[2024-05-30 22:16:28,456][flwr][DEBUG] - evaluate_round 72: strategy sampled 1 clients (out of 50)
[2024-05-30 22:16:28,599][flwr][DEBUG] - evaluate_round 72 received 1 results and 0 failures
[2024-05-30 22:16:28,600][flwr][DEBUG] - fit_round 73: strategy sampled 10 clients (out of 50)
[2024-05-30 22:16:29,311][flwr][DEBUG] - fit_round 73 received 10 results and 0 failures
[2024-05-30 22:16:29,683][flwr][INFO] - fit progress: (73, 17.768392698839307, {'accuracy': 0.9367}, 98.40319241490215)
[2024-05-30 22:16:29,683][flwr][DEBUG] - evaluate_round 73: strategy sampled 1 clients (out of 50)
[2024-05-30 22:16:29,858][flwr][DEBUG] - evaluate_round 73 received 1 results and 0 failures
[2024-05-30 22:16:29,858][flwr][DEBUG] - fit_round 74: strategy sampled 10 clients (out of 50)
[2024-05-30 22:16:30,683][flwr][DEBUG] - fit_round 74 received 10 results and 0 failures
[2024-05-30 22:16:31,054][flwr][INFO] - fit progress: (74, 17.80724635720253, {'accuracy': 0.9337}, 99.77385770808905)
[2024-05-30 22:16:31,054][flwr][DEBUG] - evaluate_round 74: strategy sampled 1 clients (out of 50)
[2024-05-30 22:16:31,226][flwr][DEBUG] - evaluate_round 74 received 1 results and 0 failures
[2024-05-30 22:16:31,231][flwr][DEBUG] - fit_round 75: strategy sampled 10 clients (out of 50)
[2024-05-30 22:16:31,996][flwr][DEBUG] - fit_round 75 received 10 results and 0 failures
[2024-05-30 22:16:32,367][flwr][INFO] - fit progress: (75, 17.776108032092452, {'accuracy': 0.936}, 101.08695260807872)
[2024-05-30 22:16:32,367][flwr][DEBUG] - evaluate_round 75: strategy sampled 1 clients (out of 50)
[2024-05-30 22:16:32,542][flwr][DEBUG] - evaluate_round 75 received 1 results and 0 failures
[2024-05-30 22:16:32,542][flwr][DEBUG] - fit_round 76: strategy sampled 10 clients (out of 50)
[2024-05-30 22:16:33,278][flwr][DEBUG] - fit_round 76 received 10 results and 0 failures
[2024-05-30 22:16:33,678][flwr][INFO] - fit progress: (76, 17.48147254064679, {'accuracy': 0.936}, 102.3984738951549)
[2024-05-30 22:16:33,678][flwr][DEBUG] - evaluate_round 76: strategy sampled 1 clients (out of 50)
[2024-05-30 22:16:33,851][flwr][DEBUG] - evaluate_round 76 received 1 results and 0 failures
[2024-05-30 22:16:33,851][flwr][DEBUG] - fit_round 77: strategy sampled 10 clients (out of 50)
[2024-05-30 22:16:34,597][flwr][DEBUG] - fit_round 77 received 10 results and 0 failures
[2024-05-30 22:16:34,972][flwr][INFO] - fit progress: (77, 17.139628948643804, {'accuracy': 0.9378}, 103.69228282105178)
[2024-05-30 22:16:34,972][flwr][DEBUG] - evaluate_round 77: strategy sampled 1 clients (out of 50)
[2024-05-30 22:16:35,134][flwr][DEBUG] - evaluate_round 77 received 1 results and 0 failures
[2024-05-30 22:16:35,135][flwr][DEBUG] - fit_round 78: strategy sampled 10 clients (out of 50)
[2024-05-30 22:16:35,938][flwr][DEBUG] - fit_round 78 received 10 results and 0 failures
[2024-05-30 22:16:36,306][flwr][INFO] - fit progress: (78, 16.98432131111622, {'accuracy': 0.9388}, 105.02665039803833)
[2024-05-30 22:16:36,307][flwr][DEBUG] - evaluate_round 78: strategy sampled 1 clients (out of 50)
[2024-05-30 22:16:36,480][flwr][DEBUG] - evaluate_round 78 received 1 results and 0 failures
[2024-05-30 22:16:36,480][flwr][DEBUG] - fit_round 79: strategy sampled 10 clients (out of 50)
[2024-05-30 22:16:37,240][flwr][DEBUG] - fit_round 79 received 10 results and 0 failures
[2024-05-30 22:16:37,617][flwr][INFO] - fit progress: (79, 16.89103122241795, {'accuracy': 0.9401}, 106.3374409279786)
[2024-05-30 22:16:37,617][flwr][DEBUG] - evaluate_round 79: strategy sampled 1 clients (out of 50)
[2024-05-30 22:16:37,807][flwr][DEBUG] - evaluate_round 79 received 1 results and 0 failures
[2024-05-30 22:16:37,807][flwr][DEBUG] - fit_round 80: strategy sampled 10 clients (out of 50)
[2024-05-30 22:16:38,512][flwr][DEBUG] - fit_round 80 received 10 results and 0 failures
[2024-05-30 22:16:38,877][flwr][INFO] - fit progress: (80, 16.659639701247215, {'accuracy': 0.941}, 107.59754764009267)
[2024-05-30 22:16:38,877][flwr][DEBUG] - evaluate_round 80: strategy sampled 1 clients (out of 50)
[2024-05-30 22:16:39,049][flwr][DEBUG] - evaluate_round 80 received 1 results and 0 failures
[2024-05-30 22:16:39,049][flwr][DEBUG] - fit_round 81: strategy sampled 10 clients (out of 50)
[2024-05-30 22:16:39,880][flwr][DEBUG] - fit_round 81 received 10 results and 0 failures
[2024-05-30 22:16:40,257][flwr][INFO] - fit progress: (81, 16.732546493411064, {'accuracy': 0.9395}, 108.97762632276863)
[2024-05-30 22:16:40,258][flwr][DEBUG] - evaluate_round 81: strategy sampled 1 clients (out of 50)
[2024-05-30 22:16:40,423][flwr][DEBUG] - evaluate_round 81 received 1 results and 0 failures
[2024-05-30 22:16:40,423][flwr][DEBUG] - fit_round 82: strategy sampled 10 clients (out of 50)
[2024-05-30 22:16:41,194][flwr][DEBUG] - fit_round 82 received 10 results and 0 failures
[2024-05-30 22:16:41,566][flwr][INFO] - fit progress: (82, 16.81889241747558, {'accuracy': 0.9392}, 110.2858202047646)
[2024-05-30 22:16:41,566][flwr][DEBUG] - evaluate_round 82: strategy sampled 1 clients (out of 50)
[2024-05-30 22:16:41,741][flwr][DEBUG] - evaluate_round 82 received 1 results and 0 failures
[2024-05-30 22:16:41,741][flwr][DEBUG] - fit_round 83: strategy sampled 10 clients (out of 50)
[2024-05-30 22:16:42,535][flwr][DEBUG] - fit_round 83 received 10 results and 0 failures
[2024-05-30 22:16:42,910][flwr][INFO] - fit progress: (83, 16.826925106346607, {'accuracy': 0.94}, 111.63006552914158)
[2024-05-30 22:16:42,910][flwr][DEBUG] - evaluate_round 83: strategy sampled 1 clients (out of 50)
[2024-05-30 22:16:43,081][flwr][DEBUG] - evaluate_round 83 received 1 results and 0 failures
[2024-05-30 22:16:43,081][flwr][DEBUG] - fit_round 84: strategy sampled 10 clients (out of 50)
[2024-05-30 22:16:43,815][flwr][DEBUG] - fit_round 84 received 10 results and 0 failures
[2024-05-30 22:16:44,188][flwr][INFO] - fit progress: (84, 16.31664486322552, {'accuracy': 0.9432}, 112.90849346900359)
[2024-05-30 22:16:44,188][flwr][DEBUG] - evaluate_round 84: strategy sampled 1 clients (out of 50)
[2024-05-30 22:16:44,368][flwr][DEBUG] - evaluate_round 84 received 1 results and 0 failures
[2024-05-30 22:16:44,368][flwr][DEBUG] - fit_round 85: strategy sampled 10 clients (out of 50)
[2024-05-30 22:16:45,088][flwr][DEBUG] - fit_round 85 received 10 results and 0 failures
[2024-05-30 22:16:45,481][flwr][INFO] - fit progress: (85, 16.504283061251044, {'accuracy': 0.9376}, 114.20131923770532)
[2024-05-30 22:16:45,481][flwr][DEBUG] - evaluate_round 85: strategy sampled 1 clients (out of 50)
[2024-05-30 22:16:45,652][flwr][DEBUG] - evaluate_round 85 received 1 results and 0 failures
[2024-05-30 22:16:45,653][flwr][DEBUG] - fit_round 86: strategy sampled 10 clients (out of 50)
[2024-05-30 22:16:46,397][flwr][DEBUG] - fit_round 86 received 10 results and 0 failures
[2024-05-30 22:16:46,770][flwr][INFO] - fit progress: (86, 16.06742276996374, {'accuracy': 0.9419}, 115.4905192698352)
[2024-05-30 22:16:46,770][flwr][DEBUG] - evaluate_round 86: strategy sampled 1 clients (out of 50)
[2024-05-30 22:16:46,938][flwr][DEBUG] - evaluate_round 86 received 1 results and 0 failures
[2024-05-30 22:16:46,938][flwr][DEBUG] - fit_round 87: strategy sampled 10 clients (out of 50)
[2024-05-30 22:16:47,697][flwr][DEBUG] - fit_round 87 received 10 results and 0 failures
[2024-05-30 22:16:48,072][flwr][INFO] - fit progress: (87, 15.873790584504604, {'accuracy': 0.944}, 116.79241847293451)
[2024-05-30 22:16:48,072][flwr][DEBUG] - evaluate_round 87: strategy sampled 1 clients (out of 50)
[2024-05-30 22:16:48,238][flwr][DEBUG] - evaluate_round 87 received 1 results and 0 failures
[2024-05-30 22:16:48,238][flwr][DEBUG] - fit_round 88: strategy sampled 10 clients (out of 50)
[2024-05-30 22:16:48,991][flwr][DEBUG] - fit_round 88 received 10 results and 0 failures
[2024-05-30 22:16:49,375][flwr][INFO] - fit progress: (88, 15.741448679938912, {'accuracy': 0.9445}, 118.09568804176524)
[2024-05-30 22:16:49,376][flwr][DEBUG] - evaluate_round 88: strategy sampled 1 clients (out of 50)
[2024-05-30 22:16:49,545][flwr][DEBUG] - evaluate_round 88 received 1 results and 0 failures
[2024-05-30 22:16:49,545][flwr][DEBUG] - fit_round 89: strategy sampled 10 clients (out of 50)
[2024-05-30 22:16:50,324][flwr][DEBUG] - fit_round 89 received 10 results and 0 failures
[2024-05-30 22:16:50,699][flwr][INFO] - fit progress: (89, 15.89402749016881, {'accuracy': 0.9415}, 119.41898764902726)
[2024-05-30 22:16:50,699][flwr][DEBUG] - evaluate_round 89: strategy sampled 1 clients (out of 50)
[2024-05-30 22:16:50,843][flwr][DEBUG] - evaluate_round 89 received 1 results and 0 failures
[2024-05-30 22:16:50,844][flwr][DEBUG] - fit_round 90: strategy sampled 10 clients (out of 50)
[2024-05-30 22:16:51,566][flwr][DEBUG] - fit_round 90 received 10 results and 0 failures
[2024-05-30 22:16:51,934][flwr][INFO] - fit progress: (90, 15.96924796514213, {'accuracy': 0.9413}, 120.65408499771729)
[2024-05-30 22:16:51,934][flwr][DEBUG] - evaluate_round 90: strategy sampled 1 clients (out of 50)
[2024-05-30 22:16:52,102][flwr][DEBUG] - evaluate_round 90 received 1 results and 0 failures
[2024-05-30 22:16:52,102][flwr][DEBUG] - fit_round 91: strategy sampled 10 clients (out of 50)
[2024-05-30 22:16:52,855][flwr][DEBUG] - fit_round 91 received 10 results and 0 failures
[2024-05-30 22:16:53,230][flwr][INFO] - fit progress: (91, 15.425050428137183, {'accuracy': 0.9436}, 121.9502322608605)
[2024-05-30 22:16:53,230][flwr][DEBUG] - evaluate_round 91: strategy sampled 1 clients (out of 50)
[2024-05-30 22:16:53,401][flwr][DEBUG] - evaluate_round 91 received 1 results and 0 failures
[2024-05-30 22:16:53,401][flwr][DEBUG] - fit_round 92: strategy sampled 10 clients (out of 50)
[2024-05-30 22:16:54,135][flwr][DEBUG] - fit_round 92 received 10 results and 0 failures
[2024-05-30 22:16:54,505][flwr][INFO] - fit progress: (92, 15.243991628289223, {'accuracy': 0.9453}, 123.22525111911818)
[2024-05-30 22:16:54,505][flwr][DEBUG] - evaluate_round 92: strategy sampled 1 clients (out of 50)
[2024-05-30 22:16:54,674][flwr][DEBUG] - evaluate_round 92 received 1 results and 0 failures
[2024-05-30 22:16:54,674][flwr][DEBUG] - fit_round 93: strategy sampled 10 clients (out of 50)
[2024-05-30 22:16:55,410][flwr][DEBUG] - fit_round 93 received 10 results and 0 failures
[2024-05-30 22:16:55,784][flwr][INFO] - fit progress: (93, 15.531729582697153, {'accuracy': 0.943}, 124.50464719580486)
[2024-05-30 22:16:55,785][flwr][DEBUG] - evaluate_round 93: strategy sampled 1 clients (out of 50)
[2024-05-30 22:16:55,961][flwr][DEBUG] - evaluate_round 93 received 1 results and 0 failures
[2024-05-30 22:16:55,961][flwr][DEBUG] - fit_round 94: strategy sampled 10 clients (out of 50)
[2024-05-30 22:16:56,723][flwr][DEBUG] - fit_round 94 received 10 results and 0 failures
[2024-05-30 22:16:57,096][flwr][INFO] - fit progress: (94, 15.257473075762391, {'accuracy': 0.946}, 125.81577050499618)
[2024-05-30 22:16:57,096][flwr][DEBUG] - evaluate_round 94: strategy sampled 1 clients (out of 50)
[2024-05-30 22:16:57,307][flwr][DEBUG] - evaluate_round 94 received 1 results and 0 failures
[2024-05-30 22:16:57,307][flwr][DEBUG] - fit_round 95: strategy sampled 10 clients (out of 50)
[2024-05-30 22:16:58,099][flwr][DEBUG] - fit_round 95 received 10 results and 0 failures
[2024-05-30 22:16:58,476][flwr][INFO] - fit progress: (95, 15.099705499596894, {'accuracy': 0.9458}, 127.19621266471222)
[2024-05-30 22:16:58,476][flwr][DEBUG] - evaluate_round 95: strategy sampled 1 clients (out of 50)
[2024-05-30 22:16:58,625][flwr][DEBUG] - evaluate_round 95 received 1 results and 0 failures
[2024-05-30 22:16:58,625][flwr][DEBUG] - fit_round 96: strategy sampled 10 clients (out of 50)
[2024-05-30 22:16:59,391][flwr][DEBUG] - fit_round 96 received 10 results and 0 failures
[2024-05-30 22:16:59,772][flwr][INFO] - fit progress: (96, 14.807387272827327, {'accuracy': 0.9458}, 128.49257918214425)
[2024-05-30 22:16:59,772][flwr][DEBUG] - evaluate_round 96: strategy sampled 1 clients (out of 50)
[2024-05-30 22:16:59,913][flwr][DEBUG] - evaluate_round 96 received 1 results and 0 failures
[2024-05-30 22:16:59,913][flwr][DEBUG] - fit_round 97: strategy sampled 10 clients (out of 50)
[2024-05-30 22:17:00,714][flwr][DEBUG] - fit_round 97 received 10 results and 0 failures
[2024-05-30 22:17:01,092][flwr][INFO] - fit progress: (97, 14.701081092469394, {'accuracy': 0.9471}, 129.8125143358484)
[2024-05-30 22:17:01,092][flwr][DEBUG] - evaluate_round 97: strategy sampled 1 clients (out of 50)
[2024-05-30 22:17:01,258][flwr][DEBUG] - evaluate_round 97 received 1 results and 0 failures
[2024-05-30 22:17:01,258][flwr][DEBUG] - fit_round 98: strategy sampled 10 clients (out of 50)
[2024-05-30 22:17:01,988][flwr][DEBUG] - fit_round 98 received 10 results and 0 failures
[2024-05-30 22:17:02,360][flwr][INFO] - fit progress: (98, 15.065915116108954, {'accuracy': 0.9431}, 131.0806692079641)
[2024-05-30 22:17:02,361][flwr][DEBUG] - evaluate_round 98: strategy sampled 1 clients (out of 50)
[2024-05-30 22:17:02,535][flwr][DEBUG] - evaluate_round 98 received 1 results and 0 failures
[2024-05-30 22:17:02,536][flwr][DEBUG] - fit_round 99: strategy sampled 10 clients (out of 50)
[2024-05-30 22:17:03,286][flwr][DEBUG] - fit_round 99 received 10 results and 0 failures
[2024-05-30 22:17:03,656][flwr][INFO] - fit progress: (99, 14.623071285896003, {'accuracy': 0.9461}, 132.3758003860712)
[2024-05-30 22:17:03,656][flwr][DEBUG] - evaluate_round 99: strategy sampled 1 clients (out of 50)
[2024-05-30 22:17:03,807][flwr][DEBUG] - evaluate_round 99 received 1 results and 0 failures
[2024-05-30 22:17:03,808][flwr][DEBUG] - fit_round 100: strategy sampled 10 clients (out of 50)
[2024-05-30 22:17:04,562][flwr][DEBUG] - fit_round 100 received 10 results and 0 failures
[2024-05-30 22:17:04,934][flwr][INFO] - fit progress: (100, 15.024069064296782, {'accuracy': 0.9461}, 133.65384798916057)
[2024-05-30 22:17:04,934][flwr][DEBUG] - evaluate_round 100: strategy sampled 1 clients (out of 50)
[2024-05-30 22:17:05,099][flwr][DEBUG] - evaluate_round 100 received 1 results and 0 failures
[2024-05-30 22:17:05,099][flwr][INFO] - FL finished in 133.8195942430757
[2024-05-30 22:17:05,100][flwr][INFO] - app_fit: losses_distributed [(1, 11.231825351715088), (2, 10.927997589111328), (3, 10.599019050598145), (4, 10.119920134544373), (5, 9.496318221092224), (6, 9.130250096321106), (7, 8.297956585884094), (8, 7.817529797554016), (9, 7.209012746810913), (10, 6.789475202560425), (11, 6.4331324100494385), (12, 6.074182987213135), (13, 5.479068994522095), (14, 4.565189719200134), (15, 4.331621587276459), (16, 3.9069716930389404), (17, 4.097053170204163), (18, 3.499359369277954), (19, 3.7093506455421448), (20, 2.976052224636078), (21, 2.6299624145030975), (22, 2.706416219472885), (23, 2.9971474707126617), (24, 2.5846289098262787), (25, 2.407024770975113), (26, 2.3583146929740906), (27, 2.2731685042381287), (28, 2.239628553390503), (29, 1.9985378086566925), (30, 1.7128635197877884), (31, 1.5749748051166534), (32, 1.756532073020935), (33, 1.491070494055748), (34, 1.7367297857999802), (35, 1.8711490333080292), (36, 1.499720260500908), (37, 1.8247531205415726), (38, 1.3582534193992615), (39, 1.5080410689115524), (40, 1.3111700266599655), (41, 2.50116166472435), (42, 1.4573838412761688), (43, 2.615918904542923), (44, 1.3523482531309128), (45, 1.7218350917100906), (46, 2.155610293149948), (47, 1.421814501285553), (48, 2.0992215871810913), (49, 1.5361190885305405), (50, 1.8428805470466614), (51, 1.953620508313179), (52, 1.213568389415741), (53, 1.0773228108882904), (54, 1.1558856964111328), (55, 1.243897020816803), (56, 1.3329919949173927), (57, 1.196590632200241), (58, 1.8213144540786743), (59, 1.594492182135582), (60, 1.7076192647218704), (61, 1.5428218990564346), (62, 0.9870781376957893), (63, 1.2733626663684845), (64, 2.379391610622406), (65, 1.3123590275645256), (66, 0.9246120825409889), (67, 1.1349812932312489), (68, 1.4603175073862076), (69, 1.0573612824082375), (70, 1.4981413334608078), (71, 1.2721748352050781), (72, 1.0582624673843384), (73, 1.5129991620779037), (74, 1.0020071044564247), (75, 0.6576188951730728), (76, 1.4446881264448166), (77, 0.7229032292962074), (78, 1.0253555104136467), (79, 1.2220234125852585), (80, 1.0395800173282623), (81, 1.2686161696910858), (82, 1.351158857345581), (83, 1.4417932331562042), (84, 1.0165946781635284), (85, 1.23602245002985), (86, 1.0641687661409378), (87, 1.9811708480119705), (88, 1.0745979696512222), (89, 1.1562726646661758), (90, 0.6621949411928654), (91, 0.97440505027771), (92, 1.1464423313736916), (93, 1.5629265531897545), (94, 1.1785732358694077), (95, 0.9810402169823647), (96, 1.5081838369369507), (97, 1.0216665044426918), (98, 1.4055803567171097), (99, 0.6435861214995384), (100, 1.2733470275998116)]
[2024-05-30 22:17:05,100][flwr][INFO] - app_fit: metrics_distributed_fit {}
[2024-05-30 22:17:05,100][flwr][INFO] - app_fit: metrics_distributed {}
[2024-05-30 22:17:05,100][flwr][INFO] - app_fit: losses_centralized [(0, 183.43867182731628), (1, 177.7600121498108), (2, 172.14658617973328), (3, 165.80069494247437), (4, 158.90837228298187), (5, 151.45681238174438), (6, 142.92128992080688), (7, 133.69775068759918), (8, 124.66180837154388), (9, 115.40872967243195), (10, 106.34377658367157), (11, 97.80751192569733), (12, 89.86947071552277), (13, 82.09415680170059), (14, 75.29879868030548), (15, 69.3338492512703), (16, 63.906248450279236), (17, 58.90187534689903), (18, 54.81711196899414), (19, 51.46716144680977), (20, 48.29571196436882), (21, 45.62737172842026), (22, 43.33876517415047), (23, 41.50802493095398), (24, 39.43708960711956), (25, 37.61502404510975), (26, 36.22584867477417), (27, 34.849416986107826), (28, 33.666313380002975), (29, 32.78691037744284), (30, 31.93017177283764), (31, 30.80153738707304), (32, 30.06912076473236), (33, 29.280818663537502), (34, 28.761066295206547), (35, 28.31023597717285), (36, 27.38098268210888), (37, 27.10253442823887), (38, 26.35895325988531), (39, 26.20352716743946), (40, 25.798089742660522), (41, 25.14896008372307), (42, 25.057953353971243), (43, 24.733697693794966), (44, 24.14366962388158), (45, 23.86849307641387), (46, 23.380008198320866), (47, 22.97979123145342), (48, 23.072956044226885), (49, 22.873073998838663), (50, 22.40864159539342), (51, 22.134599916636944), (52, 21.815867982804775), (53, 21.587755527347326), (54, 21.30696665868163), (55, 21.0364121645689), (56, 20.775020722299814), (57, 20.674415457993746), (58, 20.285929661244154), (59, 20.44608929939568), (60, 20.09439473412931), (61, 20.024909399449825), (62, 19.750225704163313), (63, 19.512700770050287), (64, 19.3215539380908), (65, 19.364654775708914), (66, 18.924681551754475), (67, 18.80340337753296), (68, 18.803955852985382), (69, 18.555803075432777), (70, 18.13347752392292), (71, 18.11128775216639), (72, 17.92171964608133), (73, 17.768392698839307), (74, 17.80724635720253), (75, 17.776108032092452), (76, 17.48147254064679), (77, 17.139628948643804), (78, 16.98432131111622), (79, 16.89103122241795), (80, 16.659639701247215), (81, 16.732546493411064), (82, 16.81889241747558), (83, 16.826925106346607), (84, 16.31664486322552), (85, 16.504283061251044), (86, 16.06742276996374), (87, 15.873790584504604), (88, 15.741448679938912), (89, 15.89402749016881), (90, 15.96924796514213), (91, 15.425050428137183), (92, 15.243991628289223), (93, 15.531729582697153), (94, 15.257473075762391), (95, 15.099705499596894), (96, 14.807387272827327), (97, 14.701081092469394), (98, 15.065915116108954), (99, 14.623071285896003), (100, 15.024069064296782)]
[2024-05-30 22:17:05,100][flwr][INFO] - app_fit: metrics_centralized {'accuracy': [(0, 0.0472), (1, 0.2798), (2, 0.4981), (3, 0.6351), (4, 0.6711), (5, 0.7117), (6, 0.766), (7, 0.7602), (8, 0.7792), (9, 0.7822), (10, 0.8099), (11, 0.778), (12, 0.784), (13, 0.8369), (14, 0.8458), (15, 0.8284), (16, 0.8569), (17, 0.8638), (18, 0.8695), (19, 0.8692), (20, 0.8753), (21, 0.876), (22, 0.8814), (23, 0.8843), (24, 0.8864), (25, 0.891), (26, 0.8912), (27, 0.8943), (28, 0.898), (29, 0.8978), (30, 0.8983), (31, 0.9013), (32, 0.9034), (33, 0.9024), (34, 0.908), (35, 0.9048), (36, 0.9089), (37, 0.9089), (38, 0.9114), (39, 0.9112), (40, 0.9117), (41, 0.911), (42, 0.9148), (43, 0.9161), (44, 0.917), (45, 0.9155), (46, 0.9195), (47, 0.9204), (48, 0.9181), (49, 0.9191), (50, 0.9238), (51, 0.9223), (52, 0.9247), (53, 0.9227), (54, 0.9227), (55, 0.9254), (56, 0.926), (57, 0.9247), (58, 0.926), (59, 0.925), (60, 0.9286), (61, 0.9283), (62, 0.9285), (63, 0.9278), (64, 0.9298), (65, 0.9315), (66, 0.9329), (67, 0.9301), (68, 0.9324), (69, 0.9329), (70, 0.9355), (71, 0.9347), (72, 0.9361), (73, 0.9367), (74, 0.9337), (75, 0.936), (76, 0.936), (77, 0.9378), (78, 0.9388), (79, 0.9401), (80, 0.941), (81, 0.9395), (82, 0.9392), (83, 0.94), (84, 0.9432), (85, 0.9376), (86, 0.9419), (87, 0.944), (88, 0.9445), (89, 0.9415), (90, 0.9413), (91, 0.9436), (92, 0.9453), (93, 0.943), (94, 0.946), (95, 0.9458), (96, 0.9458), (97, 0.9471), (98, 0.9431), (99, 0.9461), (100, 0.9461)]}
