[2024-05-30 18:59:45,958][flwr][INFO] - Starting Flower simulation, config: ServerConfig(num_rounds=100, round_timeout=None)
[2024-05-30 18:59:46,997][flwr][INFO] - Flower VCE: Ray initialized with resources: {'object_store_memory': 39924889190.0, 'memory': 83158074778.0, 'CPU': 24.0, 'accelerator_type:G': 1.0, 'GPU': 2.0, 'node:172.17.34.3': 1.0}
[2024-05-30 18:59:46,998][flwr][INFO] - Initializing global parameters
[2024-05-30 18:59:46,998][flwr][INFO] - Requesting initial parameters from one random client
[2024-05-30 18:59:48,113][flwr][INFO] - Received initial parameters from one random client
[2024-05-30 18:59:48,113][flwr][INFO] - Evaluating initial parameters
[2024-05-30 18:59:50,067][flwr][INFO] - initial parameters (loss, other metrics): 181.92377948760986, {'accuracy': 0.1011}
[2024-05-30 18:59:50,067][flwr][INFO] - FL starting
[2024-05-30 18:59:50,067][flwr][DEBUG] - fit_round 1: strategy sampled 10 clients (out of 50)
[2024-05-30 18:59:54,990][flwr][DEBUG] - fit_round 1 received 10 results and 0 failures
[2024-05-30 18:59:55,004][flwr][WARNING] - No fit_metrics_aggregation_fn provided
[2024-05-30 18:59:55,336][flwr][INFO] - fit progress: (1, 176.83340311050415, {'accuracy': 0.1834}, 5.269049383234233)
[2024-05-30 18:59:55,336][flwr][DEBUG] - evaluate_round 1: strategy sampled 1 clients (out of 50)
[2024-05-30 18:59:55,502][flwr][DEBUG] - evaluate_round 1 received 1 results and 0 failures
[2024-05-30 18:59:55,502][flwr][WARNING] - No evaluate_metrics_aggregation_fn provided
[2024-05-30 18:59:55,502][flwr][DEBUG] - fit_round 2: strategy sampled 10 clients (out of 50)
[2024-05-30 18:59:56,190][flwr][DEBUG] - fit_round 2 received 10 results and 0 failures
[2024-05-30 18:59:56,530][flwr][INFO] - fit progress: (2, 172.09003901481628, {'accuracy': 0.4249}, 6.462731859181076)
[2024-05-30 18:59:56,530][flwr][DEBUG] - evaluate_round 2: strategy sampled 1 clients (out of 50)
[2024-05-30 18:59:56,703][flwr][DEBUG] - evaluate_round 2 received 1 results and 0 failures
[2024-05-30 18:59:56,703][flwr][DEBUG] - fit_round 3: strategy sampled 10 clients (out of 50)
[2024-05-30 18:59:57,477][flwr][DEBUG] - fit_round 3 received 10 results and 0 failures
[2024-05-30 18:59:57,824][flwr][INFO] - fit progress: (3, 166.72478723526, {'accuracy': 0.6142}, 7.756651902105659)
[2024-05-30 18:59:57,824][flwr][DEBUG] - evaluate_round 3: strategy sampled 1 clients (out of 50)
[2024-05-30 18:59:57,990][flwr][DEBUG] - evaluate_round 3 received 1 results and 0 failures
[2024-05-30 18:59:57,991][flwr][DEBUG] - fit_round 4: strategy sampled 10 clients (out of 50)
[2024-05-30 18:59:58,727][flwr][DEBUG] - fit_round 4 received 10 results and 0 failures
[2024-05-30 18:59:59,082][flwr][INFO] - fit progress: (4, 160.6958326101303, {'accuracy': 0.708}, 9.014706222340465)
[2024-05-30 18:59:59,082][flwr][DEBUG] - evaluate_round 4: strategy sampled 1 clients (out of 50)
[2024-05-30 18:59:59,254][flwr][DEBUG] - evaluate_round 4 received 1 results and 0 failures
[2024-05-30 18:59:59,254][flwr][DEBUG] - fit_round 5: strategy sampled 10 clients (out of 50)
[2024-05-30 19:00:00,015][flwr][DEBUG] - fit_round 5 received 10 results and 0 failures
[2024-05-30 19:00:00,360][flwr][INFO] - fit progress: (5, 154.07071185112, {'accuracy': 0.7208}, 10.293329007923603)
[2024-05-30 19:00:00,361][flwr][DEBUG] - evaluate_round 5: strategy sampled 1 clients (out of 50)
[2024-05-30 19:00:00,540][flwr][DEBUG] - evaluate_round 5 received 1 results and 0 failures
[2024-05-30 19:00:00,541][flwr][DEBUG] - fit_round 6: strategy sampled 10 clients (out of 50)
[2024-05-30 19:00:01,314][flwr][DEBUG] - fit_round 6 received 10 results and 0 failures
[2024-05-30 19:00:01,688][flwr][INFO] - fit progress: (6, 147.02393245697021, {'accuracy': 0.7415}, 11.621074211318046)
[2024-05-30 19:00:01,688][flwr][DEBUG] - evaluate_round 6: strategy sampled 1 clients (out of 50)
[2024-05-30 19:00:01,886][flwr][DEBUG] - evaluate_round 6 received 1 results and 0 failures
[2024-05-30 19:00:01,886][flwr][DEBUG] - fit_round 7: strategy sampled 10 clients (out of 50)
[2024-05-30 19:00:02,663][flwr][DEBUG] - fit_round 7 received 10 results and 0 failures
[2024-05-30 19:00:03,006][flwr][INFO] - fit progress: (7, 139.06119334697723, {'accuracy': 0.7711}, 12.93861076189205)
[2024-05-30 19:00:03,006][flwr][DEBUG] - evaluate_round 7: strategy sampled 1 clients (out of 50)
[2024-05-30 19:00:03,158][flwr][DEBUG] - evaluate_round 7 received 1 results and 0 failures
[2024-05-30 19:00:03,158][flwr][DEBUG] - fit_round 8: strategy sampled 10 clients (out of 50)
[2024-05-30 19:00:03,974][flwr][DEBUG] - fit_round 8 received 10 results and 0 failures
[2024-05-30 19:00:04,317][flwr][INFO] - fit progress: (8, 130.99992489814758, {'accuracy': 0.774}, 14.249527053907514)
[2024-05-30 19:00:04,317][flwr][DEBUG] - evaluate_round 8: strategy sampled 1 clients (out of 50)
[2024-05-30 19:00:04,479][flwr][DEBUG] - evaluate_round 8 received 1 results and 0 failures
[2024-05-30 19:00:04,480][flwr][DEBUG] - fit_round 9: strategy sampled 10 clients (out of 50)
[2024-05-30 19:00:05,199][flwr][DEBUG] - fit_round 9 received 10 results and 0 failures
[2024-05-30 19:00:05,544][flwr][INFO] - fit progress: (9, 122.24749553203583, {'accuracy': 0.7915}, 15.476361493114382)
[2024-05-30 19:00:05,544][flwr][DEBUG] - evaluate_round 9: strategy sampled 1 clients (out of 50)
[2024-05-30 19:00:05,713][flwr][DEBUG] - evaluate_round 9 received 1 results and 0 failures
[2024-05-30 19:00:05,713][flwr][DEBUG] - fit_round 10: strategy sampled 10 clients (out of 50)
[2024-05-30 19:00:06,501][flwr][DEBUG] - fit_round 10 received 10 results and 0 failures
[2024-05-30 19:00:06,858][flwr][INFO] - fit progress: (10, 113.45346295833588, {'accuracy': 0.8069}, 16.791063480079174)
[2024-05-30 19:00:06,858][flwr][DEBUG] - evaluate_round 10: strategy sampled 1 clients (out of 50)
[2024-05-30 19:00:07,001][flwr][DEBUG] - evaluate_round 10 received 1 results and 0 failures
[2024-05-30 19:00:07,002][flwr][DEBUG] - fit_round 11: strategy sampled 10 clients (out of 50)
[2024-05-30 19:00:07,794][flwr][DEBUG] - fit_round 11 received 10 results and 0 failures
[2024-05-30 19:00:08,146][flwr][INFO] - fit progress: (11, 104.65543675422668, {'accuracy': 0.8199}, 18.079026197083294)
[2024-05-30 19:00:08,146][flwr][DEBUG] - evaluate_round 11: strategy sampled 1 clients (out of 50)
[2024-05-30 19:00:08,307][flwr][DEBUG] - evaluate_round 11 received 1 results and 0 failures
[2024-05-30 19:00:08,308][flwr][DEBUG] - fit_round 12: strategy sampled 10 clients (out of 50)
[2024-05-30 19:00:09,068][flwr][DEBUG] - fit_round 12 received 10 results and 0 failures
[2024-05-30 19:00:09,418][flwr][INFO] - fit progress: (12, 96.57700407505035, {'accuracy': 0.8369}, 19.350562507286668)
[2024-05-30 19:00:09,418][flwr][DEBUG] - evaluate_round 12: strategy sampled 1 clients (out of 50)
[2024-05-30 19:00:09,594][flwr][DEBUG] - evaluate_round 12 received 1 results and 0 failures
[2024-05-30 19:00:09,595][flwr][DEBUG] - fit_round 13: strategy sampled 10 clients (out of 50)
[2024-05-30 19:00:10,405][flwr][DEBUG] - fit_round 13 received 10 results and 0 failures
[2024-05-30 19:00:10,744][flwr][INFO] - fit progress: (13, 88.82836592197418, {'accuracy': 0.846}, 20.676931201014668)
[2024-05-30 19:00:10,744][flwr][DEBUG] - evaluate_round 13: strategy sampled 1 clients (out of 50)
[2024-05-30 19:00:10,919][flwr][DEBUG] - evaluate_round 13 received 1 results and 0 failures
[2024-05-30 19:00:10,920][flwr][DEBUG] - fit_round 14: strategy sampled 10 clients (out of 50)
[2024-05-30 19:00:11,757][flwr][DEBUG] - fit_round 14 received 10 results and 0 failures
[2024-05-30 19:00:12,104][flwr][INFO] - fit progress: (14, 81.6365060210228, {'accuracy': 0.8483}, 22.03655291814357)
[2024-05-30 19:00:12,104][flwr][DEBUG] - evaluate_round 14: strategy sampled 1 clients (out of 50)
[2024-05-30 19:00:12,275][flwr][DEBUG] - evaluate_round 14 received 1 results and 0 failures
[2024-05-30 19:00:12,275][flwr][DEBUG] - fit_round 15: strategy sampled 10 clients (out of 50)
[2024-05-30 19:00:13,028][flwr][DEBUG] - fit_round 15 received 10 results and 0 failures
[2024-05-30 19:00:13,371][flwr][INFO] - fit progress: (15, 75.15248113870621, {'accuracy': 0.8521}, 23.30354662099853)
[2024-05-30 19:00:13,371][flwr][DEBUG] - evaluate_round 15: strategy sampled 1 clients (out of 50)
[2024-05-30 19:00:13,532][flwr][DEBUG] - evaluate_round 15 received 1 results and 0 failures
[2024-05-30 19:00:13,532][flwr][DEBUG] - fit_round 16: strategy sampled 10 clients (out of 50)
[2024-05-30 19:00:14,277][flwr][DEBUG] - fit_round 16 received 10 results and 0 failures
[2024-05-30 19:00:14,628][flwr][INFO] - fit progress: (16, 68.88819003105164, {'accuracy': 0.8624}, 24.560572396963835)
[2024-05-30 19:00:14,628][flwr][DEBUG] - evaluate_round 16: strategy sampled 1 clients (out of 50)
[2024-05-30 19:00:14,795][flwr][DEBUG] - evaluate_round 16 received 1 results and 0 failures
[2024-05-30 19:00:14,796][flwr][DEBUG] - fit_round 17: strategy sampled 10 clients (out of 50)
[2024-05-30 19:00:15,559][flwr][DEBUG] - fit_round 17 received 10 results and 0 failures
[2024-05-30 19:00:15,901][flwr][INFO] - fit progress: (17, 63.7638718187809, {'accuracy': 0.8637}, 25.833364403340966)
[2024-05-30 19:00:15,901][flwr][DEBUG] - evaluate_round 17: strategy sampled 1 clients (out of 50)
[2024-05-30 19:00:16,068][flwr][DEBUG] - evaluate_round 17 received 1 results and 0 failures
[2024-05-30 19:00:16,069][flwr][DEBUG] - fit_round 18: strategy sampled 10 clients (out of 50)
[2024-05-30 19:00:16,863][flwr][DEBUG] - fit_round 18 received 10 results and 0 failures
[2024-05-30 19:00:17,213][flwr][INFO] - fit progress: (18, 58.91222169995308, {'accuracy': 0.8717}, 27.1458693430759)
[2024-05-30 19:00:17,213][flwr][DEBUG] - evaluate_round 18: strategy sampled 1 clients (out of 50)
[2024-05-30 19:00:17,379][flwr][DEBUG] - evaluate_round 18 received 1 results and 0 failures
[2024-05-30 19:00:17,380][flwr][DEBUG] - fit_round 19: strategy sampled 10 clients (out of 50)
[2024-05-30 19:00:18,116][flwr][DEBUG] - fit_round 19 received 10 results and 0 failures
[2024-05-30 19:00:18,466][flwr][INFO] - fit progress: (19, 55.316745549440384, {'accuracy': 0.8705}, 28.398693196009845)
[2024-05-30 19:00:18,466][flwr][DEBUG] - evaluate_round 19: strategy sampled 1 clients (out of 50)
[2024-05-30 19:00:18,632][flwr][DEBUG] - evaluate_round 19 received 1 results and 0 failures
[2024-05-30 19:00:18,633][flwr][DEBUG] - fit_round 20: strategy sampled 10 clients (out of 50)
[2024-05-30 19:00:19,355][flwr][DEBUG] - fit_round 20 received 10 results and 0 failures
[2024-05-30 19:00:19,701][flwr][INFO] - fit progress: (20, 51.65853115916252, {'accuracy': 0.877}, 29.63356471201405)
[2024-05-30 19:00:19,701][flwr][DEBUG] - evaluate_round 20: strategy sampled 1 clients (out of 50)
[2024-05-30 19:00:19,834][flwr][DEBUG] - evaluate_round 20 received 1 results and 0 failures
[2024-05-30 19:00:19,834][flwr][DEBUG] - fit_round 21: strategy sampled 10 clients (out of 50)
[2024-05-30 19:00:20,572][flwr][DEBUG] - fit_round 21 received 10 results and 0 failures
[2024-05-30 19:00:20,911][flwr][INFO] - fit progress: (21, 48.22007018327713, {'accuracy': 0.8819}, 30.843778451904655)
[2024-05-30 19:00:20,911][flwr][DEBUG] - evaluate_round 21: strategy sampled 1 clients (out of 50)
[2024-05-30 19:00:21,083][flwr][DEBUG] - evaluate_round 21 received 1 results and 0 failures
[2024-05-30 19:00:21,083][flwr][DEBUG] - fit_round 22: strategy sampled 10 clients (out of 50)
[2024-05-30 19:00:21,826][flwr][DEBUG] - fit_round 22 received 10 results and 0 failures
[2024-05-30 19:00:22,174][flwr][INFO] - fit progress: (22, 45.32104453444481, {'accuracy': 0.8857}, 32.10698536830023)
[2024-05-30 19:00:22,174][flwr][DEBUG] - evaluate_round 22: strategy sampled 1 clients (out of 50)
[2024-05-30 19:00:22,340][flwr][DEBUG] - evaluate_round 22 received 1 results and 0 failures
[2024-05-30 19:00:22,340][flwr][DEBUG] - fit_round 23: strategy sampled 10 clients (out of 50)
[2024-05-30 19:00:23,080][flwr][DEBUG] - fit_round 23 received 10 results and 0 failures
[2024-05-30 19:00:23,435][flwr][INFO] - fit progress: (23, 42.84225304424763, {'accuracy': 0.8885}, 33.36765820905566)
[2024-05-30 19:00:23,435][flwr][DEBUG] - evaluate_round 23: strategy sampled 1 clients (out of 50)
[2024-05-30 19:00:23,614][flwr][DEBUG] - evaluate_round 23 received 1 results and 0 failures
[2024-05-30 19:00:23,614][flwr][DEBUG] - fit_round 24: strategy sampled 10 clients (out of 50)
[2024-05-30 19:00:24,343][flwr][DEBUG] - fit_round 24 received 10 results and 0 failures
[2024-05-30 19:00:24,697][flwr][INFO] - fit progress: (24, 40.812196776270866, {'accuracy': 0.8899}, 34.629660200327635)
[2024-05-30 19:00:24,697][flwr][DEBUG] - evaluate_round 24: strategy sampled 1 clients (out of 50)
[2024-05-30 19:00:24,856][flwr][DEBUG] - evaluate_round 24 received 1 results and 0 failures
[2024-05-30 19:00:24,856][flwr][DEBUG] - fit_round 25: strategy sampled 10 clients (out of 50)
[2024-05-30 19:00:25,580][flwr][DEBUG] - fit_round 25 received 10 results and 0 failures
[2024-05-30 19:00:25,930][flwr][INFO] - fit progress: (25, 38.81053280830383, {'accuracy': 0.8926}, 35.86250105826184)
[2024-05-30 19:00:25,930][flwr][DEBUG] - evaluate_round 25: strategy sampled 1 clients (out of 50)
[2024-05-30 19:00:26,106][flwr][DEBUG] - evaluate_round 25 received 1 results and 0 failures
[2024-05-30 19:00:26,106][flwr][DEBUG] - fit_round 26: strategy sampled 10 clients (out of 50)
[2024-05-30 19:00:26,835][flwr][DEBUG] - fit_round 26 received 10 results and 0 failures
[2024-05-30 19:00:27,179][flwr][INFO] - fit progress: (26, 37.229050636291504, {'accuracy': 0.8952}, 37.111911927349865)
[2024-05-30 19:00:27,179][flwr][DEBUG] - evaluate_round 26: strategy sampled 1 clients (out of 50)
[2024-05-30 19:00:27,345][flwr][DEBUG] - evaluate_round 26 received 1 results and 0 failures
[2024-05-30 19:00:27,345][flwr][DEBUG] - fit_round 27: strategy sampled 10 clients (out of 50)
[2024-05-30 19:00:28,091][flwr][DEBUG] - fit_round 27 received 10 results and 0 failures
[2024-05-30 19:00:28,437][flwr][INFO] - fit progress: (27, 35.77587370574474, {'accuracy': 0.8979}, 38.37033165898174)
[2024-05-30 19:00:28,438][flwr][DEBUG] - evaluate_round 27: strategy sampled 1 clients (out of 50)
[2024-05-30 19:00:28,587][flwr][DEBUG] - evaluate_round 27 received 1 results and 0 failures
[2024-05-30 19:00:28,587][flwr][DEBUG] - fit_round 28: strategy sampled 10 clients (out of 50)
[2024-05-30 19:00:29,331][flwr][DEBUG] - fit_round 28 received 10 results and 0 failures
[2024-05-30 19:00:29,677][flwr][INFO] - fit progress: (28, 34.24130068719387, {'accuracy': 0.9}, 39.60965951625258)
[2024-05-30 19:00:29,677][flwr][DEBUG] - evaluate_round 28: strategy sampled 1 clients (out of 50)
[2024-05-30 19:00:29,844][flwr][DEBUG] - evaluate_round 28 received 1 results and 0 failures
[2024-05-30 19:00:29,844][flwr][DEBUG] - fit_round 29: strategy sampled 10 clients (out of 50)
[2024-05-30 19:00:30,569][flwr][DEBUG] - fit_round 29 received 10 results and 0 failures
[2024-05-30 19:00:30,912][flwr][INFO] - fit progress: (29, 33.13950618356466, {'accuracy': 0.901}, 40.84526179404929)
[2024-05-30 19:00:30,913][flwr][DEBUG] - evaluate_round 29: strategy sampled 1 clients (out of 50)
[2024-05-30 19:00:31,079][flwr][DEBUG] - evaluate_round 29 received 1 results and 0 failures
[2024-05-30 19:00:31,079][flwr][DEBUG] - fit_round 30: strategy sampled 10 clients (out of 50)
[2024-05-30 19:00:31,828][flwr][DEBUG] - fit_round 30 received 10 results and 0 failures
[2024-05-30 19:00:32,178][flwr][INFO] - fit progress: (30, 32.65891756117344, {'accuracy': 0.8993}, 42.11096843006089)
[2024-05-30 19:00:32,178][flwr][DEBUG] - evaluate_round 30: strategy sampled 1 clients (out of 50)
[2024-05-30 19:00:32,337][flwr][DEBUG] - evaluate_round 30 received 1 results and 0 failures
[2024-05-30 19:00:32,337][flwr][DEBUG] - fit_round 31: strategy sampled 10 clients (out of 50)
[2024-05-30 19:00:33,031][flwr][DEBUG] - fit_round 31 received 10 results and 0 failures
[2024-05-30 19:00:33,378][flwr][INFO] - fit progress: (31, 31.04438628256321, {'accuracy': 0.9062}, 43.31127237016335)
[2024-05-30 19:00:33,379][flwr][DEBUG] - evaluate_round 31: strategy sampled 1 clients (out of 50)
[2024-05-30 19:00:33,552][flwr][DEBUG] - evaluate_round 31 received 1 results and 0 failures
[2024-05-30 19:00:33,552][flwr][DEBUG] - fit_round 32: strategy sampled 10 clients (out of 50)
[2024-05-30 19:00:34,305][flwr][DEBUG] - fit_round 32 received 10 results and 0 failures
[2024-05-30 19:00:34,661][flwr][INFO] - fit progress: (32, 30.287720568478107, {'accuracy': 0.9054}, 44.593915961217135)
[2024-05-30 19:00:34,661][flwr][DEBUG] - evaluate_round 32: strategy sampled 1 clients (out of 50)
[2024-05-30 19:00:34,823][flwr][DEBUG] - evaluate_round 32 received 1 results and 0 failures
[2024-05-30 19:00:34,823][flwr][DEBUG] - fit_round 33: strategy sampled 10 clients (out of 50)
[2024-05-30 19:00:35,543][flwr][DEBUG] - fit_round 33 received 10 results and 0 failures
[2024-05-30 19:00:35,885][flwr][INFO] - fit progress: (33, 29.367359720170498, {'accuracy': 0.9078}, 45.818238286301494)
[2024-05-30 19:00:35,886][flwr][DEBUG] - evaluate_round 33: strategy sampled 1 clients (out of 50)
[2024-05-30 19:00:36,054][flwr][DEBUG] - evaluate_round 33 received 1 results and 0 failures
[2024-05-30 19:00:36,054][flwr][DEBUG] - fit_round 34: strategy sampled 10 clients (out of 50)
[2024-05-30 19:00:36,775][flwr][DEBUG] - fit_round 34 received 10 results and 0 failures
[2024-05-30 19:00:37,121][flwr][INFO] - fit progress: (34, 28.677519999444485, {'accuracy': 0.9095}, 47.05426987493411)
[2024-05-30 19:00:37,122][flwr][DEBUG] - evaluate_round 34: strategy sampled 1 clients (out of 50)
[2024-05-30 19:00:37,292][flwr][DEBUG] - evaluate_round 34 received 1 results and 0 failures
[2024-05-30 19:00:37,292][flwr][DEBUG] - fit_round 35: strategy sampled 10 clients (out of 50)
[2024-05-30 19:00:38,018][flwr][DEBUG] - fit_round 35 received 10 results and 0 failures
[2024-05-30 19:00:38,357][flwr][INFO] - fit progress: (35, 28.49453178793192, {'accuracy': 0.907}, 48.289722639136016)
[2024-05-30 19:00:38,357][flwr][DEBUG] - evaluate_round 35: strategy sampled 1 clients (out of 50)
[2024-05-30 19:00:38,531][flwr][DEBUG] - evaluate_round 35 received 1 results and 0 failures
[2024-05-30 19:00:38,531][flwr][DEBUG] - fit_round 36: strategy sampled 10 clients (out of 50)
[2024-05-30 19:00:39,274][flwr][DEBUG] - fit_round 36 received 10 results and 0 failures
[2024-05-30 19:00:39,622][flwr][INFO] - fit progress: (36, 27.993394650518894, {'accuracy': 0.9083}, 49.55474974727258)
[2024-05-30 19:00:39,622][flwr][DEBUG] - evaluate_round 36: strategy sampled 1 clients (out of 50)
[2024-05-30 19:00:39,783][flwr][DEBUG] - evaluate_round 36 received 1 results and 0 failures
[2024-05-30 19:00:39,783][flwr][DEBUG] - fit_round 37: strategy sampled 10 clients (out of 50)
[2024-05-30 19:00:40,492][flwr][DEBUG] - fit_round 37 received 10 results and 0 failures
[2024-05-30 19:00:40,830][flwr][INFO] - fit progress: (37, 27.512993909418583, {'accuracy': 0.9097}, 50.76272568712011)
[2024-05-30 19:00:40,830][flwr][DEBUG] - evaluate_round 37: strategy sampled 1 clients (out of 50)
[2024-05-30 19:00:41,007][flwr][DEBUG] - evaluate_round 37 received 1 results and 0 failures
[2024-05-30 19:00:41,007][flwr][DEBUG] - fit_round 38: strategy sampled 10 clients (out of 50)
[2024-05-30 19:00:41,730][flwr][DEBUG] - fit_round 38 received 10 results and 0 failures
[2024-05-30 19:00:42,095][flwr][INFO] - fit progress: (38, 26.963280834257603, {'accuracy': 0.9105}, 52.0274628251791)
[2024-05-30 19:00:42,095][flwr][DEBUG] - evaluate_round 38: strategy sampled 1 clients (out of 50)
[2024-05-30 19:00:42,255][flwr][DEBUG] - evaluate_round 38 received 1 results and 0 failures
[2024-05-30 19:00:42,255][flwr][DEBUG] - fit_round 39: strategy sampled 10 clients (out of 50)
[2024-05-30 19:00:43,010][flwr][DEBUG] - fit_round 39 received 10 results and 0 failures
[2024-05-30 19:00:43,354][flwr][INFO] - fit progress: (39, 26.002178322523832, {'accuracy': 0.9153}, 53.28729328792542)
[2024-05-30 19:00:43,355][flwr][DEBUG] - evaluate_round 39: strategy sampled 1 clients (out of 50)
[2024-05-30 19:00:43,509][flwr][DEBUG] - evaluate_round 39 received 1 results and 0 failures
[2024-05-30 19:00:43,510][flwr][DEBUG] - fit_round 40: strategy sampled 10 clients (out of 50)
[2024-05-30 19:00:44,239][flwr][DEBUG] - fit_round 40 received 10 results and 0 failures
[2024-05-30 19:00:44,582][flwr][INFO] - fit progress: (40, 25.98665301501751, {'accuracy': 0.9137}, 54.51514241006225)
[2024-05-30 19:00:44,582][flwr][DEBUG] - evaluate_round 40: strategy sampled 1 clients (out of 50)
[2024-05-30 19:00:44,745][flwr][DEBUG] - evaluate_round 40 received 1 results and 0 failures
[2024-05-30 19:00:44,745][flwr][DEBUG] - fit_round 41: strategy sampled 10 clients (out of 50)
[2024-05-30 19:00:45,494][flwr][DEBUG] - fit_round 41 received 10 results and 0 failures
[2024-05-30 19:00:45,837][flwr][INFO] - fit progress: (41, 25.042345918715, {'accuracy': 0.9179}, 55.77024069800973)
[2024-05-30 19:00:45,838][flwr][DEBUG] - evaluate_round 41: strategy sampled 1 clients (out of 50)
[2024-05-30 19:00:46,014][flwr][DEBUG] - evaluate_round 41 received 1 results and 0 failures
[2024-05-30 19:00:46,014][flwr][DEBUG] - fit_round 42: strategy sampled 10 clients (out of 50)
[2024-05-30 19:00:46,705][flwr][DEBUG] - fit_round 42 received 10 results and 0 failures
[2024-05-30 19:00:47,051][flwr][INFO] - fit progress: (42, 25.114995662122965, {'accuracy': 0.917}, 56.983696999028325)
[2024-05-30 19:00:47,051][flwr][DEBUG] - evaluate_round 42: strategy sampled 1 clients (out of 50)
[2024-05-30 19:00:47,199][flwr][DEBUG] - evaluate_round 42 received 1 results and 0 failures
[2024-05-30 19:00:47,199][flwr][DEBUG] - fit_round 43: strategy sampled 10 clients (out of 50)
[2024-05-30 19:00:47,961][flwr][DEBUG] - fit_round 43 received 10 results and 0 failures
[2024-05-30 19:00:48,327][flwr][INFO] - fit progress: (43, 24.039535645395517, {'accuracy': 0.9221}, 58.25939342426136)
[2024-05-30 19:00:48,327][flwr][DEBUG] - evaluate_round 43: strategy sampled 1 clients (out of 50)
[2024-05-30 19:00:48,480][flwr][DEBUG] - evaluate_round 43 received 1 results and 0 failures
[2024-05-30 19:00:48,480][flwr][DEBUG] - fit_round 44: strategy sampled 10 clients (out of 50)
[2024-05-30 19:00:49,244][flwr][DEBUG] - fit_round 44 received 10 results and 0 failures
[2024-05-30 19:00:49,595][flwr][INFO] - fit progress: (44, 24.192288365215063, {'accuracy': 0.9179}, 59.52780373394489)
[2024-05-30 19:00:49,595][flwr][DEBUG] - evaluate_round 44: strategy sampled 1 clients (out of 50)
[2024-05-30 19:00:49,769][flwr][DEBUG] - evaluate_round 44 received 1 results and 0 failures
[2024-05-30 19:00:49,770][flwr][DEBUG] - fit_round 45: strategy sampled 10 clients (out of 50)
[2024-05-30 19:00:50,519][flwr][DEBUG] - fit_round 45 received 10 results and 0 failures
[2024-05-30 19:00:50,858][flwr][INFO] - fit progress: (45, 23.20683430880308, {'accuracy': 0.9233}, 60.790810358244926)
[2024-05-30 19:00:50,858][flwr][DEBUG] - evaluate_round 45: strategy sampled 1 clients (out of 50)
[2024-05-30 19:00:51,027][flwr][DEBUG] - evaluate_round 45 received 1 results and 0 failures
[2024-05-30 19:00:51,027][flwr][DEBUG] - fit_round 46: strategy sampled 10 clients (out of 50)
[2024-05-30 19:00:51,760][flwr][DEBUG] - fit_round 46 received 10 results and 0 failures
[2024-05-30 19:00:52,110][flwr][INFO] - fit progress: (46, 22.818737111985683, {'accuracy': 0.9249}, 62.04333356395364)
[2024-05-30 19:00:52,111][flwr][DEBUG] - evaluate_round 46: strategy sampled 1 clients (out of 50)
[2024-05-30 19:00:52,273][flwr][DEBUG] - evaluate_round 46 received 1 results and 0 failures
[2024-05-30 19:00:52,273][flwr][DEBUG] - fit_round 47: strategy sampled 10 clients (out of 50)
[2024-05-30 19:00:53,019][flwr][DEBUG] - fit_round 47 received 10 results and 0 failures
[2024-05-30 19:00:53,362][flwr][INFO] - fit progress: (47, 22.41409459337592, {'accuracy': 0.9258}, 63.29455542610958)
[2024-05-30 19:00:53,362][flwr][DEBUG] - evaluate_round 47: strategy sampled 1 clients (out of 50)
[2024-05-30 19:00:53,537][flwr][DEBUG] - evaluate_round 47 received 1 results and 0 failures
[2024-05-30 19:00:53,537][flwr][DEBUG] - fit_round 48: strategy sampled 10 clients (out of 50)
[2024-05-30 19:00:54,233][flwr][DEBUG] - fit_round 48 received 10 results and 0 failures
[2024-05-30 19:00:54,589][flwr][INFO] - fit progress: (48, 22.136911157518625, {'accuracy': 0.9258}, 64.52215127414092)
[2024-05-30 19:00:54,589][flwr][DEBUG] - evaluate_round 48: strategy sampled 1 clients (out of 50)
[2024-05-30 19:00:54,751][flwr][DEBUG] - evaluate_round 48 received 1 results and 0 failures
[2024-05-30 19:00:54,752][flwr][DEBUG] - fit_round 49: strategy sampled 10 clients (out of 50)
[2024-05-30 19:00:55,467][flwr][DEBUG] - fit_round 49 received 10 results and 0 failures
[2024-05-30 19:00:55,810][flwr][INFO] - fit progress: (49, 22.45512329414487, {'accuracy': 0.9224}, 65.74304341804236)
[2024-05-30 19:00:55,810][flwr][DEBUG] - evaluate_round 49: strategy sampled 1 clients (out of 50)
[2024-05-30 19:00:55,977][flwr][DEBUG] - evaluate_round 49 received 1 results and 0 failures
[2024-05-30 19:00:55,977][flwr][DEBUG] - fit_round 50: strategy sampled 10 clients (out of 50)
[2024-05-30 19:00:56,687][flwr][DEBUG] - fit_round 50 received 10 results and 0 failures
[2024-05-30 19:00:57,038][flwr][INFO] - fit progress: (50, 21.467472929507494, {'accuracy': 0.9279}, 66.97067782422528)
[2024-05-30 19:00:57,038][flwr][DEBUG] - evaluate_round 50: strategy sampled 1 clients (out of 50)
[2024-05-30 19:00:57,207][flwr][DEBUG] - evaluate_round 50 received 1 results and 0 failures
[2024-05-30 19:00:57,207][flwr][DEBUG] - fit_round 51: strategy sampled 10 clients (out of 50)
[2024-05-30 19:00:57,936][flwr][DEBUG] - fit_round 51 received 10 results and 0 failures
[2024-05-30 19:00:58,274][flwr][INFO] - fit progress: (51, 21.083684142678976, {'accuracy': 0.9294}, 68.20665672933683)
[2024-05-30 19:00:58,274][flwr][DEBUG] - evaluate_round 51: strategy sampled 1 clients (out of 50)
[2024-05-30 19:00:58,448][flwr][DEBUG] - evaluate_round 51 received 1 results and 0 failures
[2024-05-30 19:00:58,448][flwr][DEBUG] - fit_round 52: strategy sampled 10 clients (out of 50)
[2024-05-30 19:00:59,177][flwr][DEBUG] - fit_round 52 received 10 results and 0 failures
[2024-05-30 19:00:59,522][flwr][INFO] - fit progress: (52, 20.955556416884065, {'accuracy': 0.9312}, 69.45526867220178)
[2024-05-30 19:00:59,523][flwr][DEBUG] - evaluate_round 52: strategy sampled 1 clients (out of 50)
[2024-05-30 19:00:59,669][flwr][DEBUG] - evaluate_round 52 received 1 results and 0 failures
[2024-05-30 19:00:59,670][flwr][DEBUG] - fit_round 53: strategy sampled 10 clients (out of 50)
[2024-05-30 19:01:00,407][flwr][DEBUG] - fit_round 53 received 10 results and 0 failures
[2024-05-30 19:01:00,746][flwr][INFO] - fit progress: (53, 20.646993475034833, {'accuracy': 0.9299}, 70.67897522822022)
[2024-05-30 19:01:00,746][flwr][DEBUG] - evaluate_round 53: strategy sampled 1 clients (out of 50)
[2024-05-30 19:01:00,916][flwr][DEBUG] - evaluate_round 53 received 1 results and 0 failures
[2024-05-30 19:01:00,917][flwr][DEBUG] - fit_round 54: strategy sampled 10 clients (out of 50)
[2024-05-30 19:01:01,656][flwr][DEBUG] - fit_round 54 received 10 results and 0 failures
[2024-05-30 19:01:02,001][flwr][INFO] - fit progress: (54, 20.578464141115546, {'accuracy': 0.9293}, 71.93371362332255)
[2024-05-30 19:01:02,001][flwr][DEBUG] - evaluate_round 54: strategy sampled 1 clients (out of 50)
[2024-05-30 19:01:02,173][flwr][DEBUG] - evaluate_round 54 received 1 results and 0 failures
[2024-05-30 19:01:02,173][flwr][DEBUG] - fit_round 55: strategy sampled 10 clients (out of 50)
[2024-05-30 19:01:02,893][flwr][DEBUG] - fit_round 55 received 10 results and 0 failures
[2024-05-30 19:01:03,233][flwr][INFO] - fit progress: (55, 20.039436146616936, {'accuracy': 0.9321}, 73.16580336913466)
[2024-05-30 19:01:03,233][flwr][DEBUG] - evaluate_round 55: strategy sampled 1 clients (out of 50)
[2024-05-30 19:01:03,414][flwr][DEBUG] - evaluate_round 55 received 1 results and 0 failures
[2024-05-30 19:01:03,414][flwr][DEBUG] - fit_round 56: strategy sampled 10 clients (out of 50)
[2024-05-30 19:01:04,169][flwr][DEBUG] - fit_round 56 received 10 results and 0 failures
[2024-05-30 19:01:04,516][flwr][INFO] - fit progress: (56, 20.546230448409915, {'accuracy': 0.9293}, 74.44909036532044)
[2024-05-30 19:01:04,516][flwr][DEBUG] - evaluate_round 56: strategy sampled 1 clients (out of 50)
[2024-05-30 19:01:04,696][flwr][DEBUG] - evaluate_round 56 received 1 results and 0 failures
[2024-05-30 19:01:04,696][flwr][DEBUG] - fit_round 57: strategy sampled 10 clients (out of 50)
[2024-05-30 19:01:05,430][flwr][DEBUG] - fit_round 57 received 10 results and 0 failures
[2024-05-30 19:01:05,783][flwr][INFO] - fit progress: (57, 19.79120358079672, {'accuracy': 0.933}, 75.7157112620771)
[2024-05-30 19:01:05,783][flwr][DEBUG] - evaluate_round 57: strategy sampled 1 clients (out of 50)
[2024-05-30 19:01:05,961][flwr][DEBUG] - evaluate_round 57 received 1 results and 0 failures
[2024-05-30 19:01:05,961][flwr][DEBUG] - fit_round 58: strategy sampled 10 clients (out of 50)
[2024-05-30 19:01:06,732][flwr][DEBUG] - fit_round 58 received 10 results and 0 failures
[2024-05-30 19:01:07,083][flwr][INFO] - fit progress: (58, 20.036588598042727, {'accuracy': 0.93}, 77.0158675853163)
[2024-05-30 19:01:07,083][flwr][DEBUG] - evaluate_round 58: strategy sampled 1 clients (out of 50)
[2024-05-30 19:01:07,248][flwr][DEBUG] - evaluate_round 58 received 1 results and 0 failures
[2024-05-30 19:01:07,248][flwr][DEBUG] - fit_round 59: strategy sampled 10 clients (out of 50)
[2024-05-30 19:01:07,985][flwr][DEBUG] - fit_round 59 received 10 results and 0 failures
[2024-05-30 19:01:08,329][flwr][INFO] - fit progress: (59, 19.222696820273995, {'accuracy': 0.9343}, 78.26184735028073)
[2024-05-30 19:01:08,329][flwr][DEBUG] - evaluate_round 59: strategy sampled 1 clients (out of 50)
[2024-05-30 19:01:08,497][flwr][DEBUG] - evaluate_round 59 received 1 results and 0 failures
[2024-05-30 19:01:08,497][flwr][DEBUG] - fit_round 60: strategy sampled 10 clients (out of 50)
[2024-05-30 19:01:09,218][flwr][DEBUG] - fit_round 60 received 10 results and 0 failures
[2024-05-30 19:01:09,567][flwr][INFO] - fit progress: (60, 19.717431789264083, {'accuracy': 0.9307}, 79.49962335405871)
[2024-05-30 19:01:09,567][flwr][DEBUG] - evaluate_round 60: strategy sampled 1 clients (out of 50)
[2024-05-30 19:01:09,730][flwr][DEBUG] - evaluate_round 60 received 1 results and 0 failures
[2024-05-30 19:01:09,730][flwr][DEBUG] - fit_round 61: strategy sampled 10 clients (out of 50)
[2024-05-30 19:01:10,445][flwr][DEBUG] - fit_round 61 received 10 results and 0 failures
[2024-05-30 19:01:10,781][flwr][INFO] - fit progress: (61, 18.85081797838211, {'accuracy': 0.9357}, 80.71371304010972)
[2024-05-30 19:01:10,781][flwr][DEBUG] - evaluate_round 61: strategy sampled 1 clients (out of 50)
[2024-05-30 19:01:10,951][flwr][DEBUG] - evaluate_round 61 received 1 results and 0 failures
[2024-05-30 19:01:10,952][flwr][DEBUG] - fit_round 62: strategy sampled 10 clients (out of 50)
[2024-05-30 19:01:11,759][flwr][DEBUG] - fit_round 62 received 10 results and 0 failures
[2024-05-30 19:01:12,103][flwr][INFO] - fit progress: (62, 18.761469742283225, {'accuracy': 0.9364}, 82.03620061092079)
[2024-05-30 19:01:12,104][flwr][DEBUG] - evaluate_round 62: strategy sampled 1 clients (out of 50)
[2024-05-30 19:01:12,283][flwr][DEBUG] - evaluate_round 62 received 1 results and 0 failures
[2024-05-30 19:01:12,283][flwr][DEBUG] - fit_round 63: strategy sampled 10 clients (out of 50)
[2024-05-30 19:01:13,042][flwr][DEBUG] - fit_round 63 received 10 results and 0 failures
[2024-05-30 19:01:13,387][flwr][INFO] - fit progress: (63, 18.925827585160732, {'accuracy': 0.9344}, 83.31938822893426)
[2024-05-30 19:01:13,387][flwr][DEBUG] - evaluate_round 63: strategy sampled 1 clients (out of 50)
[2024-05-30 19:01:13,549][flwr][DEBUG] - evaluate_round 63 received 1 results and 0 failures
[2024-05-30 19:01:13,549][flwr][DEBUG] - fit_round 64: strategy sampled 10 clients (out of 50)
[2024-05-30 19:01:14,301][flwr][DEBUG] - fit_round 64 received 10 results and 0 failures
[2024-05-30 19:01:14,643][flwr][INFO] - fit progress: (64, 19.012132326141, {'accuracy': 0.9333}, 84.57586495624855)
[2024-05-30 19:01:14,643][flwr][DEBUG] - evaluate_round 64: strategy sampled 1 clients (out of 50)
[2024-05-30 19:01:14,819][flwr][DEBUG] - evaluate_round 64 received 1 results and 0 failures
[2024-05-30 19:01:14,820][flwr][DEBUG] - fit_round 65: strategy sampled 10 clients (out of 50)
[2024-05-30 19:01:15,564][flwr][DEBUG] - fit_round 65 received 10 results and 0 failures
[2024-05-30 19:01:15,905][flwr][INFO] - fit progress: (65, 18.356878681108356, {'accuracy': 0.9367}, 85.83764610532671)
[2024-05-30 19:01:15,905][flwr][DEBUG] - evaluate_round 65: strategy sampled 1 clients (out of 50)
[2024-05-30 19:01:16,094][flwr][DEBUG] - evaluate_round 65 received 1 results and 0 failures
[2024-05-30 19:01:16,094][flwr][DEBUG] - fit_round 66: strategy sampled 10 clients (out of 50)
[2024-05-30 19:01:16,846][flwr][DEBUG] - fit_round 66 received 10 results and 0 failures
[2024-05-30 19:01:17,197][flwr][INFO] - fit progress: (66, 18.125091241672635, {'accuracy': 0.9377}, 87.1300007221289)
[2024-05-30 19:01:17,197][flwr][DEBUG] - evaluate_round 66: strategy sampled 1 clients (out of 50)
[2024-05-30 19:01:17,367][flwr][DEBUG] - evaluate_round 66 received 1 results and 0 failures
[2024-05-30 19:01:17,367][flwr][DEBUG] - fit_round 67: strategy sampled 10 clients (out of 50)
[2024-05-30 19:01:18,090][flwr][DEBUG] - fit_round 67 received 10 results and 0 failures
[2024-05-30 19:01:18,426][flwr][INFO] - fit progress: (67, 17.99649769999087, {'accuracy': 0.9376}, 88.35878045298159)
[2024-05-30 19:01:18,426][flwr][DEBUG] - evaluate_round 67: strategy sampled 1 clients (out of 50)
[2024-05-30 19:01:18,594][flwr][DEBUG] - evaluate_round 67 received 1 results and 0 failures
[2024-05-30 19:01:18,594][flwr][DEBUG] - fit_round 68: strategy sampled 10 clients (out of 50)
[2024-05-30 19:01:19,328][flwr][DEBUG] - fit_round 68 received 10 results and 0 failures
[2024-05-30 19:01:19,666][flwr][INFO] - fit progress: (68, 17.880071084946394, {'accuracy': 0.938}, 89.59932938823476)
[2024-05-30 19:01:19,667][flwr][DEBUG] - evaluate_round 68: strategy sampled 1 clients (out of 50)
[2024-05-30 19:01:19,832][flwr][DEBUG] - evaluate_round 68 received 1 results and 0 failures
[2024-05-30 19:01:19,832][flwr][DEBUG] - fit_round 69: strategy sampled 10 clients (out of 50)
[2024-05-30 19:01:20,546][flwr][DEBUG] - fit_round 69 received 10 results and 0 failures
[2024-05-30 19:01:20,883][flwr][INFO] - fit progress: (69, 17.738273661583662, {'accuracy': 0.9384}, 90.81604913109913)
[2024-05-30 19:01:20,883][flwr][DEBUG] - evaluate_round 69: strategy sampled 1 clients (out of 50)
[2024-05-30 19:01:21,050][flwr][DEBUG] - evaluate_round 69 received 1 results and 0 failures
[2024-05-30 19:01:21,050][flwr][DEBUG] - fit_round 70: strategy sampled 10 clients (out of 50)
[2024-05-30 19:01:21,809][flwr][DEBUG] - fit_round 70 received 10 results and 0 failures
[2024-05-30 19:01:22,154][flwr][INFO] - fit progress: (70, 17.469770370051265, {'accuracy': 0.9382}, 92.08635776303709)
[2024-05-30 19:01:22,154][flwr][DEBUG] - evaluate_round 70: strategy sampled 1 clients (out of 50)
[2024-05-30 19:01:22,296][flwr][DEBUG] - evaluate_round 70 received 1 results and 0 failures
[2024-05-30 19:01:22,296][flwr][DEBUG] - fit_round 71: strategy sampled 10 clients (out of 50)
[2024-05-30 19:01:23,017][flwr][DEBUG] - fit_round 71 received 10 results and 0 failures
[2024-05-30 19:01:23,364][flwr][INFO] - fit progress: (71, 17.141150150448084, {'accuracy': 0.9391}, 93.29645385313779)
[2024-05-30 19:01:23,364][flwr][DEBUG] - evaluate_round 71: strategy sampled 1 clients (out of 50)
[2024-05-30 19:01:23,540][flwr][DEBUG] - evaluate_round 71 received 1 results and 0 failures
[2024-05-30 19:01:23,541][flwr][DEBUG] - fit_round 72: strategy sampled 10 clients (out of 50)
[2024-05-30 19:01:24,378][flwr][DEBUG] - fit_round 72 received 10 results and 0 failures
[2024-05-30 19:01:24,720][flwr][INFO] - fit progress: (72, 17.245294265449047, {'accuracy': 0.9387}, 94.65316101303324)
[2024-05-30 19:01:24,720][flwr][DEBUG] - evaluate_round 72: strategy sampled 1 clients (out of 50)
[2024-05-30 19:01:24,895][flwr][DEBUG] - evaluate_round 72 received 1 results and 0 failures
[2024-05-30 19:01:24,896][flwr][DEBUG] - fit_round 73: strategy sampled 10 clients (out of 50)
[2024-05-30 19:01:25,657][flwr][DEBUG] - fit_round 73 received 10 results and 0 failures
[2024-05-30 19:01:26,012][flwr][INFO] - fit progress: (73, 16.9972282666713, {'accuracy': 0.9396}, 95.94481759518385)
[2024-05-30 19:01:26,012][flwr][DEBUG] - evaluate_round 73: strategy sampled 1 clients (out of 50)
[2024-05-30 19:01:26,191][flwr][DEBUG] - evaluate_round 73 received 1 results and 0 failures
[2024-05-30 19:01:26,192][flwr][DEBUG] - fit_round 74: strategy sampled 10 clients (out of 50)
[2024-05-30 19:01:26,942][flwr][DEBUG] - fit_round 74 received 10 results and 0 failures
[2024-05-30 19:01:27,279][flwr][INFO] - fit progress: (74, 16.636859714984894, {'accuracy': 0.9411}, 97.21210725605488)
[2024-05-30 19:01:27,279][flwr][DEBUG] - evaluate_round 74: strategy sampled 1 clients (out of 50)
[2024-05-30 19:01:27,442][flwr][DEBUG] - evaluate_round 74 received 1 results and 0 failures
[2024-05-30 19:01:27,442][flwr][DEBUG] - fit_round 75: strategy sampled 10 clients (out of 50)
[2024-05-30 19:01:28,226][flwr][DEBUG] - fit_round 75 received 10 results and 0 failures
[2024-05-30 19:01:28,565][flwr][INFO] - fit progress: (75, 16.72851563990116, {'accuracy': 0.9405}, 98.49764391314238)
[2024-05-30 19:01:28,565][flwr][DEBUG] - evaluate_round 75: strategy sampled 1 clients (out of 50)
[2024-05-30 19:01:28,729][flwr][DEBUG] - evaluate_round 75 received 1 results and 0 failures
[2024-05-30 19:01:28,729][flwr][DEBUG] - fit_round 76: strategy sampled 10 clients (out of 50)
[2024-05-30 19:01:29,479][flwr][DEBUG] - fit_round 76 received 10 results and 0 failures
[2024-05-30 19:01:29,819][flwr][INFO] - fit progress: (76, 16.540092739276588, {'accuracy': 0.9401}, 99.75166179891676)
[2024-05-30 19:01:29,819][flwr][DEBUG] - evaluate_round 76: strategy sampled 1 clients (out of 50)
[2024-05-30 19:01:29,960][flwr][DEBUG] - evaluate_round 76 received 1 results and 0 failures
[2024-05-30 19:01:29,960][flwr][DEBUG] - fit_round 77: strategy sampled 10 clients (out of 50)
[2024-05-30 19:01:30,687][flwr][DEBUG] - fit_round 77 received 10 results and 0 failures
[2024-05-30 19:01:31,040][flwr][INFO] - fit progress: (77, 16.38713764026761, {'accuracy': 0.9412}, 100.9730413663201)
[2024-05-30 19:01:31,040][flwr][DEBUG] - evaluate_round 77: strategy sampled 1 clients (out of 50)
[2024-05-30 19:01:31,212][flwr][DEBUG] - evaluate_round 77 received 1 results and 0 failures
[2024-05-30 19:01:31,212][flwr][DEBUG] - fit_round 78: strategy sampled 10 clients (out of 50)
[2024-05-30 19:01:31,946][flwr][DEBUG] - fit_round 78 received 10 results and 0 failures
[2024-05-30 19:01:32,292][flwr][INFO] - fit progress: (78, 16.39281626790762, {'accuracy': 0.9417}, 102.22495179902762)
[2024-05-30 19:01:32,292][flwr][DEBUG] - evaluate_round 78: strategy sampled 1 clients (out of 50)
[2024-05-30 19:01:32,469][flwr][DEBUG] - evaluate_round 78 received 1 results and 0 failures
[2024-05-30 19:01:32,469][flwr][DEBUG] - fit_round 79: strategy sampled 10 clients (out of 50)
[2024-05-30 19:01:33,245][flwr][DEBUG] - fit_round 79 received 10 results and 0 failures
[2024-05-30 19:01:33,591][flwr][INFO] - fit progress: (79, 16.006724868901074, {'accuracy': 0.9424}, 103.52391818026081)
[2024-05-30 19:01:33,591][flwr][DEBUG] - evaluate_round 79: strategy sampled 1 clients (out of 50)
[2024-05-30 19:01:33,743][flwr][DEBUG] - evaluate_round 79 received 1 results and 0 failures
[2024-05-30 19:01:33,743][flwr][DEBUG] - fit_round 80: strategy sampled 10 clients (out of 50)
[2024-05-30 19:01:34,485][flwr][DEBUG] - fit_round 80 received 10 results and 0 failures
[2024-05-30 19:01:34,828][flwr][INFO] - fit progress: (80, 16.000326612964272, {'accuracy': 0.9424}, 104.76050105690956)
[2024-05-30 19:01:34,828][flwr][DEBUG] - evaluate_round 80: strategy sampled 1 clients (out of 50)
[2024-05-30 19:01:34,998][flwr][DEBUG] - evaluate_round 80 received 1 results and 0 failures
[2024-05-30 19:01:34,998][flwr][DEBUG] - fit_round 81: strategy sampled 10 clients (out of 50)
[2024-05-30 19:01:35,751][flwr][DEBUG] - fit_round 81 received 10 results and 0 failures
[2024-05-30 19:01:36,108][flwr][INFO] - fit progress: (81, 15.721013717353344, {'accuracy': 0.943}, 106.04114938434213)
[2024-05-30 19:01:36,108][flwr][DEBUG] - evaluate_round 81: strategy sampled 1 clients (out of 50)
[2024-05-30 19:01:36,284][flwr][DEBUG] - evaluate_round 81 received 1 results and 0 failures
[2024-05-30 19:01:36,284][flwr][DEBUG] - fit_round 82: strategy sampled 10 clients (out of 50)
[2024-05-30 19:01:37,009][flwr][DEBUG] - fit_round 82 received 10 results and 0 failures
[2024-05-30 19:01:37,349][flwr][INFO] - fit progress: (82, 15.76467546261847, {'accuracy': 0.9436}, 107.28138160193339)
[2024-05-30 19:01:37,349][flwr][DEBUG] - evaluate_round 82: strategy sampled 1 clients (out of 50)
[2024-05-30 19:01:37,520][flwr][DEBUG] - evaluate_round 82 received 1 results and 0 failures
[2024-05-30 19:01:37,520][flwr][DEBUG] - fit_round 83: strategy sampled 10 clients (out of 50)
[2024-05-30 19:01:38,235][flwr][DEBUG] - fit_round 83 received 10 results and 0 failures
[2024-05-30 19:01:38,578][flwr][INFO] - fit progress: (83, 15.62790763285011, {'accuracy': 0.9426}, 108.51064664218575)
[2024-05-30 19:01:38,578][flwr][DEBUG] - evaluate_round 83: strategy sampled 1 clients (out of 50)
[2024-05-30 19:01:38,740][flwr][DEBUG] - evaluate_round 83 received 1 results and 0 failures
[2024-05-30 19:01:38,740][flwr][DEBUG] - fit_round 84: strategy sampled 10 clients (out of 50)
[2024-05-30 19:01:39,478][flwr][DEBUG] - fit_round 84 received 10 results and 0 failures
[2024-05-30 19:01:39,836][flwr][INFO] - fit progress: (84, 15.936682651750743, {'accuracy': 0.9417}, 109.76861668890342)
[2024-05-30 19:01:39,836][flwr][DEBUG] - evaluate_round 84: strategy sampled 1 clients (out of 50)
[2024-05-30 19:01:40,007][flwr][DEBUG] - evaluate_round 84 received 1 results and 0 failures
[2024-05-30 19:01:40,008][flwr][DEBUG] - fit_round 85: strategy sampled 10 clients (out of 50)
[2024-05-30 19:01:40,719][flwr][DEBUG] - fit_round 85 received 10 results and 0 failures
[2024-05-30 19:01:41,066][flwr][INFO] - fit progress: (85, 15.415177852846682, {'accuracy': 0.9442}, 110.99922031490132)
[2024-05-30 19:01:41,067][flwr][DEBUG] - evaluate_round 85: strategy sampled 1 clients (out of 50)
[2024-05-30 19:01:41,228][flwr][DEBUG] - evaluate_round 85 received 1 results and 0 failures
[2024-05-30 19:01:41,228][flwr][DEBUG] - fit_round 86: strategy sampled 10 clients (out of 50)
[2024-05-30 19:01:41,959][flwr][DEBUG] - fit_round 86 received 10 results and 0 failures
[2024-05-30 19:01:42,312][flwr][INFO] - fit progress: (86, 15.793009326793253, {'accuracy': 0.9425}, 112.24512239918113)
[2024-05-30 19:01:42,312][flwr][DEBUG] - evaluate_round 86: strategy sampled 1 clients (out of 50)
[2024-05-30 19:01:42,490][flwr][DEBUG] - evaluate_round 86 received 1 results and 0 failures
[2024-05-30 19:01:42,490][flwr][DEBUG] - fit_round 87: strategy sampled 10 clients (out of 50)
[2024-05-30 19:01:43,215][flwr][DEBUG] - fit_round 87 received 10 results and 0 failures
[2024-05-30 19:01:43,556][flwr][INFO] - fit progress: (87, 15.297429389320314, {'accuracy': 0.9442}, 113.48906839918345)
[2024-05-30 19:01:43,556][flwr][DEBUG] - evaluate_round 87: strategy sampled 1 clients (out of 50)
[2024-05-30 19:01:43,736][flwr][DEBUG] - evaluate_round 87 received 1 results and 0 failures
[2024-05-30 19:01:43,736][flwr][DEBUG] - fit_round 88: strategy sampled 10 clients (out of 50)
[2024-05-30 19:01:44,527][flwr][DEBUG] - fit_round 88 received 10 results and 0 failures
[2024-05-30 19:01:44,868][flwr][INFO] - fit progress: (88, 14.979769943282008, {'accuracy': 0.9452}, 114.80065833590925)
[2024-05-30 19:01:44,868][flwr][DEBUG] - evaluate_round 88: strategy sampled 1 clients (out of 50)
[2024-05-30 19:01:45,030][flwr][DEBUG] - evaluate_round 88 received 1 results and 0 failures
[2024-05-30 19:01:45,030][flwr][DEBUG] - fit_round 89: strategy sampled 10 clients (out of 50)
[2024-05-30 19:01:45,800][flwr][DEBUG] - fit_round 89 received 10 results and 0 failures
[2024-05-30 19:01:46,153][flwr][INFO] - fit progress: (89, 15.652771707624197, {'accuracy': 0.944}, 116.086272100918)
[2024-05-30 19:01:46,154][flwr][DEBUG] - evaluate_round 89: strategy sampled 1 clients (out of 50)
[2024-05-30 19:01:46,332][flwr][DEBUG] - evaluate_round 89 received 1 results and 0 failures
[2024-05-30 19:01:46,332][flwr][DEBUG] - fit_round 90: strategy sampled 10 clients (out of 50)
[2024-05-30 19:01:47,056][flwr][DEBUG] - fit_round 90 received 10 results and 0 failures
[2024-05-30 19:01:47,396][flwr][INFO] - fit progress: (90, 14.778343408368528, {'accuracy': 0.9464}, 117.32896743901074)
[2024-05-30 19:01:47,396][flwr][DEBUG] - evaluate_round 90: strategy sampled 1 clients (out of 50)
[2024-05-30 19:01:47,567][flwr][DEBUG] - evaluate_round 90 received 1 results and 0 failures
[2024-05-30 19:01:47,567][flwr][DEBUG] - fit_round 91: strategy sampled 10 clients (out of 50)
[2024-05-30 19:01:48,345][flwr][DEBUG] - fit_round 91 received 10 results and 0 failures
[2024-05-30 19:01:48,694][flwr][INFO] - fit progress: (91, 14.836063407361507, {'accuracy': 0.9454}, 118.62667218921706)
[2024-05-30 19:01:48,694][flwr][DEBUG] - evaluate_round 91: strategy sampled 1 clients (out of 50)
[2024-05-30 19:01:48,871][flwr][DEBUG] - evaluate_round 91 received 1 results and 0 failures
[2024-05-30 19:01:48,871][flwr][DEBUG] - fit_round 92: strategy sampled 10 clients (out of 50)
[2024-05-30 19:01:49,673][flwr][DEBUG] - fit_round 92 received 10 results and 0 failures
[2024-05-30 19:01:50,020][flwr][INFO] - fit progress: (92, 14.663501027040184, {'accuracy': 0.9459}, 119.95242835907266)
[2024-05-30 19:01:50,020][flwr][DEBUG] - evaluate_round 92: strategy sampled 1 clients (out of 50)
[2024-05-30 19:01:50,198][flwr][DEBUG] - evaluate_round 92 received 1 results and 0 failures
[2024-05-30 19:01:50,199][flwr][DEBUG] - fit_round 93: strategy sampled 10 clients (out of 50)
[2024-05-30 19:01:50,940][flwr][DEBUG] - fit_round 93 received 10 results and 0 failures
[2024-05-30 19:01:51,286][flwr][INFO] - fit progress: (93, 14.466995922848582, {'accuracy': 0.9461}, 121.2190752113238)
[2024-05-30 19:01:51,286][flwr][DEBUG] - evaluate_round 93: strategy sampled 1 clients (out of 50)
[2024-05-30 19:01:51,455][flwr][DEBUG] - evaluate_round 93 received 1 results and 0 failures
[2024-05-30 19:01:51,455][flwr][DEBUG] - fit_round 94: strategy sampled 10 clients (out of 50)
[2024-05-30 19:01:52,240][flwr][DEBUG] - fit_round 94 received 10 results and 0 failures
[2024-05-30 19:01:52,589][flwr][INFO] - fit progress: (94, 14.459696603938937, {'accuracy': 0.9465}, 122.52134962426499)
[2024-05-30 19:01:52,589][flwr][DEBUG] - evaluate_round 94: strategy sampled 1 clients (out of 50)
[2024-05-30 19:01:52,759][flwr][DEBUG] - evaluate_round 94 received 1 results and 0 failures
[2024-05-30 19:01:52,759][flwr][DEBUG] - fit_round 95: strategy sampled 10 clients (out of 50)
[2024-05-30 19:01:53,489][flwr][DEBUG] - fit_round 95 received 10 results and 0 failures
[2024-05-30 19:01:53,855][flwr][INFO] - fit progress: (95, 14.243982592597604, {'accuracy': 0.9469}, 123.78817080613226)
[2024-05-30 19:01:53,855][flwr][DEBUG] - evaluate_round 95: strategy sampled 1 clients (out of 50)
[2024-05-30 19:01:54,028][flwr][DEBUG] - evaluate_round 95 received 1 results and 0 failures
[2024-05-30 19:01:54,028][flwr][DEBUG] - fit_round 96: strategy sampled 10 clients (out of 50)
[2024-05-30 19:01:54,762][flwr][DEBUG] - fit_round 96 received 10 results and 0 failures
[2024-05-30 19:01:55,110][flwr][INFO] - fit progress: (96, 15.47667631227523, {'accuracy': 0.9418}, 125.04276124201715)
[2024-05-30 19:01:55,110][flwr][DEBUG] - evaluate_round 96: strategy sampled 1 clients (out of 50)
[2024-05-30 19:01:55,282][flwr][DEBUG] - evaluate_round 96 received 1 results and 0 failures
[2024-05-30 19:01:55,283][flwr][DEBUG] - fit_round 97: strategy sampled 10 clients (out of 50)
[2024-05-30 19:01:55,988][flwr][DEBUG] - fit_round 97 received 10 results and 0 failures
[2024-05-30 19:01:56,336][flwr][INFO] - fit progress: (97, 14.262520244345069, {'accuracy': 0.9476}, 126.26859582401812)
[2024-05-30 19:01:56,336][flwr][DEBUG] - evaluate_round 97: strategy sampled 1 clients (out of 50)
[2024-05-30 19:01:56,506][flwr][DEBUG] - evaluate_round 97 received 1 results and 0 failures
[2024-05-30 19:01:56,507][flwr][DEBUG] - fit_round 98: strategy sampled 10 clients (out of 50)
[2024-05-30 19:01:57,262][flwr][DEBUG] - fit_round 98 received 10 results and 0 failures
[2024-05-30 19:01:57,600][flwr][INFO] - fit progress: (98, 14.643493864685297, {'accuracy': 0.9454}, 127.53279042104259)
[2024-05-30 19:01:57,600][flwr][DEBUG] - evaluate_round 98: strategy sampled 1 clients (out of 50)
[2024-05-30 19:01:57,768][flwr][DEBUG] - evaluate_round 98 received 1 results and 0 failures
[2024-05-30 19:01:57,768][flwr][DEBUG] - fit_round 99: strategy sampled 10 clients (out of 50)
[2024-05-30 19:01:58,576][flwr][DEBUG] - fit_round 99 received 10 results and 0 failures
[2024-05-30 19:01:58,920][flwr][INFO] - fit progress: (99, 14.212533133104444, {'accuracy': 0.9478}, 128.85306408721954)
[2024-05-30 19:01:58,920][flwr][DEBUG] - evaluate_round 99: strategy sampled 1 clients (out of 50)
[2024-05-30 19:01:59,073][flwr][DEBUG] - evaluate_round 99 received 1 results and 0 failures
[2024-05-30 19:01:59,073][flwr][DEBUG] - fit_round 100: strategy sampled 10 clients (out of 50)
[2024-05-30 19:01:59,860][flwr][DEBUG] - fit_round 100 received 10 results and 0 failures
[2024-05-30 19:02:00,209][flwr][INFO] - fit progress: (100, 14.63621867261827, {'accuracy': 0.9469}, 130.14172424701974)
[2024-05-30 19:02:00,209][flwr][DEBUG] - evaluate_round 100: strategy sampled 1 clients (out of 50)
[2024-05-30 19:02:00,379][flwr][DEBUG] - evaluate_round 100 received 1 results and 0 failures
[2024-05-30 19:02:00,379][flwr][INFO] - FL finished in 130.31153789022937
[2024-05-30 19:02:00,379][flwr][INFO] - app_fit: losses_distributed [(1, 11.18521237373352), (2, 10.901007175445557), (3, 10.462066888809204), (4, 10.166607141494751), (5, 9.672132015228271), (6, 9.353019952774048), (7, 8.756308197975159), (8, 8.251527905464172), (9, 8.078539490699768), (10, 7.0968204736709595), (11, 6.631437540054321), (12, 6.0074275732040405), (13, 5.809091925621033), (14, 5.149143397808075), (15, 5.193009674549103), (16, 4.3013264536857605), (17, 4.310985207557678), (18, 3.6023513674736023), (19, 3.436003565788269), (20, 3.195746600627899), (21, 3.35897958278656), (22, 2.6827178597450256), (23, 2.70792156457901), (24, 2.7364521622657776), (25, 2.4090344309806824), (26, 2.4127940237522125), (27, 2.226147711277008), (28, 2.640369415283203), (29, 2.499538093805313), (30, 2.951356738805771), (31, 2.252558946609497), (32, 2.0913676023483276), (33, 2.0864384174346924), (34, 2.215635359287262), (35, 2.7582248151302338), (36, 1.3111231178045273), (37, 1.6971628665924072), (38, 1.52333565056324), (39, 1.590866819024086), (40, 1.8034952282905579), (41, 1.4581081122159958), (42, 2.1599494367837906), (43, 2.0112572610378265), (44, 1.6848021298646927), (45, 1.3514756187796593), (46, 1.5112347900867462), (47, 1.2908718883991241), (48, 1.6905480921268463), (49, 1.588858738541603), (50, 2.192358285188675), (51, 1.8120087757706642), (52, 1.4030677825212479), (53, 1.7703902646899223), (54, 1.3490603268146515), (55, 1.4376150518655777), (56, 1.4017004519701004), (57, 1.3429885357618332), (58, 1.1308731064200401), (59, 1.6764410734176636), (60, 1.1701815202832222), (61, 1.195823647081852), (62, 1.1908145397901535), (63, 1.4760339930653572), (64, 2.22715026140213), (65, 1.4600104913115501), (66, 1.8907739073038101), (67, 1.6599336117506027), (68, 1.4071931466460228), (69, 1.217592366039753), (70, 0.9560068398714066), (71, 1.6101390272378922), (72, 1.147307388484478), (73, 0.9630478993058205), (74, 1.006931446492672), (75, 1.3363451063632965), (76, 1.4911955893039703), (77, 0.9367324560880661), (78, 1.3408843725919724), (79, 1.5058318227529526), (80, 1.3209375143051147), (81, 1.35512263327837), (82, 0.8993881344795227), (83, 0.9222938269376755), (84, 0.8662475682795048), (85, 1.0212802961468697), (86, 1.5022675842046738), (87, 0.8755964264273643), (88, 0.9362402781844139), (89, 1.9313471019268036), (90, 0.718103751540184), (91, 1.3068016469478607), (92, 0.7109545506536961), (93, 1.038138635456562), (94, 0.7788851335644722), (95, 0.6748635955154896), (96, 1.9248593375086784), (97, 0.8737013936042786), (98, 0.8273008763790131), (99, 1.3714370504021645), (100, 1.132030300796032)]
[2024-05-30 19:02:00,379][flwr][INFO] - app_fit: metrics_distributed_fit {}
[2024-05-30 19:02:00,379][flwr][INFO] - app_fit: metrics_distributed {}
[2024-05-30 19:02:00,379][flwr][INFO] - app_fit: losses_centralized [(0, 181.92377948760986), (1, 176.83340311050415), (2, 172.09003901481628), (3, 166.72478723526), (4, 160.6958326101303), (5, 154.07071185112), (6, 147.02393245697021), (7, 139.06119334697723), (8, 130.99992489814758), (9, 122.24749553203583), (10, 113.45346295833588), (11, 104.65543675422668), (12, 96.57700407505035), (13, 88.82836592197418), (14, 81.6365060210228), (15, 75.15248113870621), (16, 68.88819003105164), (17, 63.7638718187809), (18, 58.91222169995308), (19, 55.316745549440384), (20, 51.65853115916252), (21, 48.22007018327713), (22, 45.32104453444481), (23, 42.84225304424763), (24, 40.812196776270866), (25, 38.81053280830383), (26, 37.229050636291504), (27, 35.77587370574474), (28, 34.24130068719387), (29, 33.13950618356466), (30, 32.65891756117344), (31, 31.04438628256321), (32, 30.287720568478107), (33, 29.367359720170498), (34, 28.677519999444485), (35, 28.49453178793192), (36, 27.993394650518894), (37, 27.512993909418583), (38, 26.963280834257603), (39, 26.002178322523832), (40, 25.98665301501751), (41, 25.042345918715), (42, 25.114995662122965), (43, 24.039535645395517), (44, 24.192288365215063), (45, 23.20683430880308), (46, 22.818737111985683), (47, 22.41409459337592), (48, 22.136911157518625), (49, 22.45512329414487), (50, 21.467472929507494), (51, 21.083684142678976), (52, 20.955556416884065), (53, 20.646993475034833), (54, 20.578464141115546), (55, 20.039436146616936), (56, 20.546230448409915), (57, 19.79120358079672), (58, 20.036588598042727), (59, 19.222696820273995), (60, 19.717431789264083), (61, 18.85081797838211), (62, 18.761469742283225), (63, 18.925827585160732), (64, 19.012132326141), (65, 18.356878681108356), (66, 18.125091241672635), (67, 17.99649769999087), (68, 17.880071084946394), (69, 17.738273661583662), (70, 17.469770370051265), (71, 17.141150150448084), (72, 17.245294265449047), (73, 16.9972282666713), (74, 16.636859714984894), (75, 16.72851563990116), (76, 16.540092739276588), (77, 16.38713764026761), (78, 16.39281626790762), (79, 16.006724868901074), (80, 16.000326612964272), (81, 15.721013717353344), (82, 15.76467546261847), (83, 15.62790763285011), (84, 15.936682651750743), (85, 15.415177852846682), (86, 15.793009326793253), (87, 15.297429389320314), (88, 14.979769943282008), (89, 15.652771707624197), (90, 14.778343408368528), (91, 14.836063407361507), (92, 14.663501027040184), (93, 14.466995922848582), (94, 14.459696603938937), (95, 14.243982592597604), (96, 15.47667631227523), (97, 14.262520244345069), (98, 14.643493864685297), (99, 14.212533133104444), (100, 14.63621867261827)]
[2024-05-30 19:02:00,379][flwr][INFO] - app_fit: metrics_centralized {'accuracy': [(0, 0.1011), (1, 0.1834), (2, 0.4249), (3, 0.6142), (4, 0.708), (5, 0.7208), (6, 0.7415), (7, 0.7711), (8, 0.774), (9, 0.7915), (10, 0.8069), (11, 0.8199), (12, 0.8369), (13, 0.846), (14, 0.8483), (15, 0.8521), (16, 0.8624), (17, 0.8637), (18, 0.8717), (19, 0.8705), (20, 0.877), (21, 0.8819), (22, 0.8857), (23, 0.8885), (24, 0.8899), (25, 0.8926), (26, 0.8952), (27, 0.8979), (28, 0.9), (29, 0.901), (30, 0.8993), (31, 0.9062), (32, 0.9054), (33, 0.9078), (34, 0.9095), (35, 0.907), (36, 0.9083), (37, 0.9097), (38, 0.9105), (39, 0.9153), (40, 0.9137), (41, 0.9179), (42, 0.917), (43, 0.9221), (44, 0.9179), (45, 0.9233), (46, 0.9249), (47, 0.9258), (48, 0.9258), (49, 0.9224), (50, 0.9279), (51, 0.9294), (52, 0.9312), (53, 0.9299), (54, 0.9293), (55, 0.9321), (56, 0.9293), (57, 0.933), (58, 0.93), (59, 0.9343), (60, 0.9307), (61, 0.9357), (62, 0.9364), (63, 0.9344), (64, 0.9333), (65, 0.9367), (66, 0.9377), (67, 0.9376), (68, 0.938), (69, 0.9384), (70, 0.9382), (71, 0.9391), (72, 0.9387), (73, 0.9396), (74, 0.9411), (75, 0.9405), (76, 0.9401), (77, 0.9412), (78, 0.9417), (79, 0.9424), (80, 0.9424), (81, 0.943), (82, 0.9436), (83, 0.9426), (84, 0.9417), (85, 0.9442), (86, 0.9425), (87, 0.9442), (88, 0.9452), (89, 0.944), (90, 0.9464), (91, 0.9454), (92, 0.9459), (93, 0.9461), (94, 0.9465), (95, 0.9469), (96, 0.9418), (97, 0.9476), (98, 0.9454), (99, 0.9478), (100, 0.9469)]}
