[2024-05-07 13:22:41,799][flwr][INFO] - Starting Flower simulation, config: ServerConfig(num_rounds=100, round_timeout=None)
[2024-05-07 13:22:44,218][flwr][INFO] - Flower VCE: Ray initialized with resources: {'node:172.17.34.49': 1.0, 'node:__internal_head__': 1.0, 'memory': 39119319860.0, 'object_store_memory': 19559659929.0, 'accelerator_type:G': 1.0, 'GPU': 4.0, 'CPU': 20.0}
[2024-05-07 13:22:44,218][flwr][INFO] - Initializing global parameters
[2024-05-07 13:22:44,219][flwr][INFO] - Requesting initial parameters from one random client
[2024-05-07 13:22:46,780][flwr][INFO] - Received initial parameters from one random client
[2024-05-07 13:22:46,781][flwr][INFO] - Evaluating initial parameters
[2024-05-07 13:22:50,185][flwr][INFO] - initial parameters (loss, other metrics): 197.8759264945984, {'accuracy': 0.078}
[2024-05-07 13:22:50,185][flwr][INFO] - FL starting
[2024-05-07 13:22:50,185][flwr][DEBUG] - fit_round 1: strategy sampled 10 clients (out of 50)
[2024-05-07 13:23:40,936][flwr][DEBUG] - fit_round 1 received 10 results and 0 failures
[2024-05-07 13:23:43,474][flwr][WARNING] - No fit_metrics_aggregation_fn provided
[2024-05-07 13:23:45,423][flwr][INFO] - fit progress: (1, 181.12091213464737, {'accuracy': 0.5651}, 55.238526184111834)
[2024-05-07 13:23:45,424][flwr][DEBUG] - evaluate_round 1: strategy sampled 5 clients (out of 50)
[2024-05-07 13:24:04,774][flwr][DEBUG] - evaluate_round 1 received 5 results and 0 failures
[2024-05-07 13:24:04,774][flwr][WARNING] - No evaluate_metrics_aggregation_fn provided
[2024-05-07 13:24:04,774][flwr][DEBUG] - fit_round 2: strategy sampled 10 clients (out of 50)
[2024-05-07 13:24:55,460][flwr][DEBUG] - fit_round 2 received 10 results and 0 failures
[2024-05-07 13:25:00,031][flwr][INFO] - fit progress: (2, 362.4739444255829, {'accuracy': 0.5648}, 129.84586782380939)
[2024-05-07 13:25:00,031][flwr][DEBUG] - evaluate_round 2: strategy sampled 5 clients (out of 50)
[2024-05-07 13:25:19,339][flwr][DEBUG] - evaluate_round 2 received 5 results and 0 failures
[2024-05-07 13:25:19,339][flwr][DEBUG] - fit_round 3: strategy sampled 10 clients (out of 50)
[2024-05-07 13:26:10,728][flwr][DEBUG] - fit_round 3 received 10 results and 0 failures
[2024-05-07 13:26:15,294][flwr][INFO] - fit progress: (3, 251.79340389370918, {'accuracy': 0.7444}, 205.10896053537726)
[2024-05-07 13:26:15,294][flwr][DEBUG] - evaluate_round 3: strategy sampled 5 clients (out of 50)
[2024-05-07 13:26:34,858][flwr][DEBUG] - evaluate_round 3 received 5 results and 0 failures
[2024-05-07 13:26:34,858][flwr][DEBUG] - fit_round 4: strategy sampled 10 clients (out of 50)
[2024-05-07 13:27:26,237][flwr][DEBUG] - fit_round 4 received 10 results and 0 failures
[2024-05-07 13:27:33,584][flwr][INFO] - fit progress: (4, 248.04391126334667, {'accuracy': 0.8221}, 283.398976624012)
[2024-05-07 13:27:33,584][flwr][DEBUG] - evaluate_round 4: strategy sampled 5 clients (out of 50)
[2024-05-07 13:27:52,949][flwr][DEBUG] - evaluate_round 4 received 5 results and 0 failures
[2024-05-07 13:27:52,950][flwr][DEBUG] - fit_round 5: strategy sampled 10 clients (out of 50)
[2024-05-07 13:28:44,153][flwr][DEBUG] - fit_round 5 received 10 results and 0 failures
[2024-05-07 13:28:51,472][flwr][INFO] - fit progress: (5, 226.92177931033075, {'accuracy': 0.8501}, 361.2868929989636)
[2024-05-07 13:28:51,472][flwr][DEBUG] - evaluate_round 5: strategy sampled 5 clients (out of 50)
[2024-05-07 13:29:11,051][flwr][DEBUG] - evaluate_round 5 received 5 results and 0 failures
[2024-05-07 13:29:11,051][flwr][DEBUG] - fit_round 6: strategy sampled 10 clients (out of 50)
