[2024-05-07 14:59:39,699][flwr][INFO] - Starting Flower simulation, config: ServerConfig(num_rounds=100, round_timeout=None)
[2024-05-07 14:59:42,104][flwr][INFO] - Flower VCE: Ray initialized with resources: {'object_store_memory': 19539680870.0, 'CPU': 20.0, 'node:172.17.34.49': 1.0, 'accelerator_type:G': 1.0, 'GPU': 4.0, 'node:__internal_head__': 1.0, 'memory': 39079361742.0}
[2024-05-07 14:59:42,105][flwr][INFO] - Initializing global parameters
[2024-05-07 14:59:42,105][flwr][INFO] - Requesting initial parameters from one random client
[2024-05-07 14:59:44,633][flwr][INFO] - Received initial parameters from one random client
[2024-05-07 14:59:44,633][flwr][INFO] - Evaluating initial parameters
[2024-05-07 14:59:48,040][flwr][INFO] - initial parameters (loss, other metrics): 193.7287654876709, {'accuracy': 0.088}
[2024-05-07 14:59:48,040][flwr][INFO] - FL starting
[2024-05-07 14:59:48,041][flwr][DEBUG] - fit_round 1: strategy sampled 10 clients (out of 50)
[2024-05-07 15:00:38,795][flwr][DEBUG] - fit_round 1 received 10 results and 0 failures
[2024-05-07 15:00:44,009][flwr][WARNING] - No fit_metrics_aggregation_fn provided
[2024-05-07 15:00:45,947][flwr][INFO] - fit progress: (1, 82.64744579792023, {'accuracy': 0.6476}, 57.90661724284291)
[2024-05-07 15:00:45,947][flwr][DEBUG] - evaluate_round 1: strategy sampled 1 clients (out of 50)
[2024-05-07 15:00:49,830][flwr][DEBUG] - evaluate_round 1 received 1 results and 0 failures
[2024-05-07 15:00:49,830][flwr][WARNING] - No evaluate_metrics_aggregation_fn provided
[2024-05-07 15:00:49,830][flwr][DEBUG] - fit_round 2: strategy sampled 10 clients (out of 50)
[2024-05-07 15:01:40,130][flwr][DEBUG] - fit_round 2 received 10 results and 0 failures
[2024-05-07 15:01:47,263][flwr][INFO] - fit progress: (2, 206.30532813072205, {'accuracy': 0.7568}, 119.22241650894284)
[2024-05-07 15:01:47,263][flwr][DEBUG] - evaluate_round 2: strategy sampled 1 clients (out of 50)
[2024-05-07 15:01:51,172][flwr][DEBUG] - evaluate_round 2 received 1 results and 0 failures
[2024-05-07 15:01:51,173][flwr][DEBUG] - fit_round 3: strategy sampled 10 clients (out of 50)
[2024-05-07 15:02:41,922][flwr][DEBUG] - fit_round 3 received 10 results and 0 failures
