[2024-06-02 17:23:35,374][flwr][INFO] - Starting Flower simulation, config: ServerConfig(num_rounds=100, round_timeout=None)
[2024-06-02 17:23:37,444][flwr][INFO] - Flower VCE: Ray initialized with resources: {'node:172.17.34.3': 1.0, 'GPU': 2.0, 'accelerator_type:G': 1.0, 'memory': 83148220212.0, 'CPU': 24.0, 'object_store_memory': 39920665804.0}
[2024-06-02 17:23:37,445][flwr][INFO] - Initializing global parameters
[2024-06-02 17:23:37,445][flwr][INFO] - Requesting initial parameters from one random client
[2024-06-02 17:23:39,150][flwr][INFO] - Received initial parameters from one random client
[2024-06-02 17:23:39,151][flwr][INFO] - Evaluating initial parameters
[2024-06-02 17:23:41,058][flwr][INFO] - initial parameters (loss, other metrics): 190.5283646583557, {'accuracy': 0.1164}
[2024-06-02 17:23:41,058][flwr][INFO] - FL starting
[2024-06-02 17:23:41,058][flwr][DEBUG] - fit_round 1: strategy sampled 10 clients (out of 50)
[2024-06-02 17:23:49,437][flwr][DEBUG] - fit_round 1 received 10 results and 0 failures
[2024-06-02 17:23:51,221][flwr][WARNING] - No fit_metrics_aggregation_fn provided
[2024-06-02 17:23:52,143][flwr][INFO] - fit progress: (1, 30.540880462154746, {'accuracy': 0.8905}, 11.084635694976896)
[2024-06-02 17:23:52,143][flwr][DEBUG] - evaluate_round 1: strategy sampled 1 clients (out of 50)
[2024-06-02 17:23:52,933][flwr][DEBUG] - evaluate_round 1 received 1 results and 0 failures
[2024-06-02 17:23:52,933][flwr][WARNING] - No evaluate_metrics_aggregation_fn provided
[2024-06-02 17:23:52,933][flwr][DEBUG] - fit_round 2: strategy sampled 10 clients (out of 50)
[2024-06-02 17:23:58,267][flwr][DEBUG] - fit_round 2 received 10 results and 0 failures
[2024-06-02 17:24:01,009][flwr][INFO] - fit progress: (2, 30.09566856501624, {'accuracy': 0.9021}, 19.950955615844578)
[2024-06-02 17:24:01,009][flwr][DEBUG] - evaluate_round 2: strategy sampled 1 clients (out of 50)
[2024-06-02 17:24:01,720][flwr][DEBUG] - evaluate_round 2 received 1 results and 0 failures
[2024-06-02 17:24:01,720][flwr][DEBUG] - fit_round 3: strategy sampled 10 clients (out of 50)
[2024-06-02 17:24:07,057][flwr][DEBUG] - fit_round 3 received 10 results and 0 failures
[2024-06-02 17:24:09,804][flwr][INFO] - fit progress: (3, 31.270153782330453, {'accuracy': 0.9081}, 28.745462120044976)
[2024-06-02 17:24:09,804][flwr][DEBUG] - evaluate_round 3: strategy sampled 1 clients (out of 50)
[2024-06-02 17:24:10,500][flwr][DEBUG] - evaluate_round 3 received 1 results and 0 failures
[2024-06-02 17:24:10,501][flwr][DEBUG] - fit_round 4: strategy sampled 10 clients (out of 50)
[2024-06-02 17:24:16,183][flwr][DEBUG] - fit_round 4 received 10 results and 0 failures
[2024-06-02 17:24:25,156][flwr][INFO] - fit progress: (4, 30.88993083918467, {'accuracy': 0.9145}, 44.097542953677475)
[2024-06-02 17:24:25,156][flwr][DEBUG] - evaluate_round 4: strategy sampled 1 clients (out of 50)
[2024-06-02 17:24:25,828][flwr][DEBUG] - evaluate_round 4 received 1 results and 0 failures
[2024-06-02 17:24:25,828][flwr][DEBUG] - fit_round 5: strategy sampled 10 clients (out of 50)
[2024-06-02 17:24:31,415][flwr][DEBUG] - fit_round 5 received 10 results and 0 failures
[2024-06-02 17:24:40,375][flwr][INFO] - fit progress: (5, 32.95698717224877, {'accuracy': 0.9153}, 59.316753508057445)
[2024-06-02 17:24:40,375][flwr][DEBUG] - evaluate_round 5: strategy sampled 1 clients (out of 50)
[2024-06-02 17:24:41,071][flwr][DEBUG] - evaluate_round 5 received 1 results and 0 failures
[2024-06-02 17:24:41,072][flwr][DEBUG] - fit_round 6: strategy sampled 10 clients (out of 50)
[2024-06-02 17:24:46,522][flwr][DEBUG] - fit_round 6 received 10 results and 0 failures
[2024-06-02 17:24:55,423][flwr][INFO] - fit progress: (6, 31.529106759349816, {'accuracy': 0.9175}, 74.36475492967293)
[2024-06-02 17:24:55,423][flwr][DEBUG] - evaluate_round 6: strategy sampled 1 clients (out of 50)
[2024-06-02 17:24:56,099][flwr][DEBUG] - evaluate_round 6 received 1 results and 0 failures
[2024-06-02 17:24:56,099][flwr][DEBUG] - fit_round 7: strategy sampled 10 clients (out of 50)
[2024-06-02 17:25:01,803][flwr][DEBUG] - fit_round 7 received 10 results and 0 failures
[2024-06-02 17:25:10,754][flwr][INFO] - fit progress: (7, 31.71522563532926, {'accuracy': 0.9187}, 89.6958707747981)
[2024-06-02 17:25:10,754][flwr][DEBUG] - evaluate_round 7: strategy sampled 1 clients (out of 50)
[2024-06-02 17:25:11,472][flwr][DEBUG] - evaluate_round 7 received 1 results and 0 failures
[2024-06-02 17:25:11,472][flwr][DEBUG] - fit_round 8: strategy sampled 10 clients (out of 50)
[2024-06-02 17:25:17,075][flwr][DEBUG] - fit_round 8 received 10 results and 0 failures
[2024-06-02 17:25:25,988][flwr][INFO] - fit progress: (8, 35.71979483217001, {'accuracy': 0.9141}, 104.93011644296348)
[2024-06-02 17:25:25,989][flwr][DEBUG] - evaluate_round 8: strategy sampled 1 clients (out of 50)
[2024-06-02 17:25:26,683][flwr][DEBUG] - evaluate_round 8 received 1 results and 0 failures
[2024-06-02 17:25:26,683][flwr][DEBUG] - fit_round 9: strategy sampled 10 clients (out of 50)
[2024-06-02 17:25:31,893][flwr][DEBUG] - fit_round 9 received 10 results and 0 failures
[2024-06-02 17:25:40,790][flwr][INFO] - fit progress: (9, 29.512787432409823, {'accuracy': 0.9251}, 119.7316366978921)
[2024-06-02 17:25:40,790][flwr][DEBUG] - evaluate_round 9: strategy sampled 1 clients (out of 50)
[2024-06-02 17:25:41,539][flwr][DEBUG] - evaluate_round 9 received 1 results and 0 failures
[2024-06-02 17:25:41,539][flwr][DEBUG] - fit_round 10: strategy sampled 10 clients (out of 50)
[2024-06-02 17:25:47,116][flwr][DEBUG] - fit_round 10 received 10 results and 0 failures
[2024-06-02 17:25:56,026][flwr][INFO] - fit progress: (10, 29.146170673891902, {'accuracy': 0.9267}, 134.96730278478935)
[2024-06-02 17:25:56,026][flwr][DEBUG] - evaluate_round 10: strategy sampled 1 clients (out of 50)
[2024-06-02 17:25:56,756][flwr][DEBUG] - evaluate_round 10 received 1 results and 0 failures
[2024-06-02 17:25:56,756][flwr][DEBUG] - fit_round 11: strategy sampled 10 clients (out of 50)
[2024-06-02 17:26:01,958][flwr][DEBUG] - fit_round 11 received 10 results and 0 failures
[2024-06-02 17:26:10,859][flwr][INFO] - fit progress: (11, 28.75719757776824, {'accuracy': 0.9312}, 149.8002431918867)
[2024-06-02 17:26:10,859][flwr][DEBUG] - evaluate_round 11: strategy sampled 1 clients (out of 50)
[2024-06-02 17:26:11,592][flwr][DEBUG] - evaluate_round 11 received 1 results and 0 failures
[2024-06-02 17:26:11,592][flwr][DEBUG] - fit_round 12: strategy sampled 10 clients (out of 50)
[2024-06-02 17:26:17,181][flwr][DEBUG] - fit_round 12 received 10 results and 0 failures
[2024-06-02 17:26:26,106][flwr][INFO] - fit progress: (12, 30.306886748003308, {'accuracy': 0.9267}, 165.0474755386822)
[2024-06-02 17:26:26,106][flwr][DEBUG] - evaluate_round 12: strategy sampled 1 clients (out of 50)
[2024-06-02 17:26:26,788][flwr][DEBUG] - evaluate_round 12 received 1 results and 0 failures
[2024-06-02 17:26:26,788][flwr][DEBUG] - fit_round 13: strategy sampled 10 clients (out of 50)
[2024-06-02 17:26:32,476][flwr][DEBUG] - fit_round 13 received 10 results and 0 failures
[2024-06-02 17:26:41,399][flwr][INFO] - fit progress: (13, 26.93010864587268, {'accuracy': 0.9329}, 180.34104726510122)
[2024-06-02 17:26:41,399][flwr][DEBUG] - evaluate_round 13: strategy sampled 1 clients (out of 50)
[2024-06-02 17:26:42,117][flwr][DEBUG] - evaluate_round 13 received 1 results and 0 failures
[2024-06-02 17:26:42,117][flwr][DEBUG] - fit_round 14: strategy sampled 10 clients (out of 50)
[2024-06-02 17:26:47,958][flwr][DEBUG] - fit_round 14 received 10 results and 0 failures
[2024-06-02 17:26:56,842][flwr][INFO] - fit progress: (14, 26.820050623558927, {'accuracy': 0.9341}, 195.78382858075202)
[2024-06-02 17:26:56,842][flwr][DEBUG] - evaluate_round 14: strategy sampled 1 clients (out of 50)
[2024-06-02 17:26:57,529][flwr][DEBUG] - evaluate_round 14 received 1 results and 0 failures
[2024-06-02 17:26:57,529][flwr][DEBUG] - fit_round 15: strategy sampled 10 clients (out of 50)
[2024-06-02 17:27:03,328][flwr][DEBUG] - fit_round 15 received 10 results and 0 failures
[2024-06-02 17:27:12,226][flwr][INFO] - fit progress: (15, 26.160262339675683, {'accuracy': 0.9365}, 211.16798209492117)
[2024-06-02 17:27:12,226][flwr][DEBUG] - evaluate_round 15: strategy sampled 1 clients (out of 50)
[2024-06-02 17:27:12,951][flwr][DEBUG] - evaluate_round 15 received 1 results and 0 failures
[2024-06-02 17:27:12,951][flwr][DEBUG] - fit_round 16: strategy sampled 10 clients (out of 50)
[2024-06-02 17:27:18,673][flwr][DEBUG] - fit_round 16 received 10 results and 0 failures
[2024-06-02 17:27:27,540][flwr][INFO] - fit progress: (16, 25.480746983594145, {'accuracy': 0.937}, 226.48206213209778)
[2024-06-02 17:27:27,540][flwr][DEBUG] - evaluate_round 16: strategy sampled 1 clients (out of 50)
[2024-06-02 17:27:28,228][flwr][DEBUG] - evaluate_round 16 received 1 results and 0 failures
[2024-06-02 17:27:28,228][flwr][DEBUG] - fit_round 17: strategy sampled 10 clients (out of 50)
[2024-06-02 17:27:33,600][flwr][DEBUG] - fit_round 17 received 10 results and 0 failures
[2024-06-02 17:27:42,443][flwr][INFO] - fit progress: (17, 25.176529478285374, {'accuracy': 0.9367}, 241.38473296072334)
[2024-06-02 17:27:42,443][flwr][DEBUG] - evaluate_round 17: strategy sampled 1 clients (out of 50)
[2024-06-02 17:27:43,171][flwr][DEBUG] - evaluate_round 17 received 1 results and 0 failures
[2024-06-02 17:27:43,171][flwr][DEBUG] - fit_round 18: strategy sampled 10 clients (out of 50)
[2024-06-02 17:27:48,788][flwr][DEBUG] - fit_round 18 received 10 results and 0 failures
[2024-06-02 17:27:57,700][flwr][INFO] - fit progress: (18, 25.162063812080305, {'accuracy': 0.9352}, 256.64196235407144)
[2024-06-02 17:27:57,700][flwr][DEBUG] - evaluate_round 18: strategy sampled 1 clients (out of 50)
[2024-06-02 17:27:58,390][flwr][DEBUG] - evaluate_round 18 received 1 results and 0 failures
[2024-06-02 17:27:58,390][flwr][DEBUG] - fit_round 19: strategy sampled 10 clients (out of 50)
[2024-06-02 17:28:04,047][flwr][DEBUG] - fit_round 19 received 10 results and 0 failures
[2024-06-02 17:28:12,904][flwr][INFO] - fit progress: (19, 22.800000159237243, {'accuracy': 0.9426}, 271.84619257599115)
[2024-06-02 17:28:12,905][flwr][DEBUG] - evaluate_round 19: strategy sampled 1 clients (out of 50)
[2024-06-02 17:28:13,633][flwr][DEBUG] - evaluate_round 19 received 1 results and 0 failures
[2024-06-02 17:28:13,633][flwr][DEBUG] - fit_round 20: strategy sampled 10 clients (out of 50)
[2024-06-02 17:28:19,081][flwr][DEBUG] - fit_round 20 received 10 results and 0 failures
[2024-06-02 17:28:27,898][flwr][INFO] - fit progress: (20, 22.788929149784963, {'accuracy': 0.9424}, 286.84005918866023)
[2024-06-02 17:28:27,898][flwr][DEBUG] - evaluate_round 20: strategy sampled 1 clients (out of 50)
[2024-06-02 17:28:28,597][flwr][DEBUG] - evaluate_round 20 received 1 results and 0 failures
[2024-06-02 17:28:28,597][flwr][DEBUG] - fit_round 21: strategy sampled 10 clients (out of 50)
[2024-06-02 17:28:34,371][flwr][DEBUG] - fit_round 21 received 10 results and 0 failures
[2024-06-02 17:28:43,261][flwr][INFO] - fit progress: (21, 23.273822199102142, {'accuracy': 0.9424}, 302.202481682878)
[2024-06-02 17:28:43,261][flwr][DEBUG] - evaluate_round 21: strategy sampled 1 clients (out of 50)
[2024-06-02 17:28:44,000][flwr][DEBUG] - evaluate_round 21 received 1 results and 0 failures
[2024-06-02 17:28:44,001][flwr][DEBUG] - fit_round 22: strategy sampled 10 clients (out of 50)
[2024-06-02 17:28:49,471][flwr][DEBUG] - fit_round 22 received 10 results and 0 failures
[2024-06-02 17:28:58,374][flwr][INFO] - fit progress: (22, 21.888031847585808, {'accuracy': 0.9444}, 317.31566270487383)
[2024-06-02 17:28:58,374][flwr][DEBUG] - evaluate_round 22: strategy sampled 1 clients (out of 50)
[2024-06-02 17:28:59,069][flwr][DEBUG] - evaluate_round 22 received 1 results and 0 failures
[2024-06-02 17:28:59,069][flwr][DEBUG] - fit_round 23: strategy sampled 10 clients (out of 50)
[2024-06-02 17:29:04,199][flwr][DEBUG] - fit_round 23 received 10 results and 0 failures
[2024-06-02 17:29:13,046][flwr][INFO] - fit progress: (23, 23.47211909460748, {'accuracy': 0.9427}, 331.98784736776724)
[2024-06-02 17:29:13,046][flwr][DEBUG] - evaluate_round 23: strategy sampled 1 clients (out of 50)
[2024-06-02 17:29:13,765][flwr][DEBUG] - evaluate_round 23 received 1 results and 0 failures
[2024-06-02 17:29:13,765][flwr][DEBUG] - fit_round 24: strategy sampled 10 clients (out of 50)
[2024-06-02 17:29:19,096][flwr][DEBUG] - fit_round 24 received 10 results and 0 failures
[2024-06-02 17:29:28,016][flwr][INFO] - fit progress: (24, 21.7706809906922, {'accuracy': 0.9447}, 346.9573274496943)
[2024-06-02 17:29:28,016][flwr][DEBUG] - evaluate_round 24: strategy sampled 1 clients (out of 50)
[2024-06-02 17:29:28,708][flwr][DEBUG] - evaluate_round 24 received 1 results and 0 failures
[2024-06-02 17:29:28,709][flwr][DEBUG] - fit_round 25: strategy sampled 10 clients (out of 50)
[2024-06-02 17:29:33,930][flwr][DEBUG] - fit_round 25 received 10 results and 0 failures
[2024-06-02 17:29:42,782][flwr][INFO] - fit progress: (25, 21.105010392828262, {'accuracy': 0.9457}, 361.72396582597867)
[2024-06-02 17:29:42,782][flwr][DEBUG] - evaluate_round 25: strategy sampled 1 clients (out of 50)
[2024-06-02 17:29:43,500][flwr][DEBUG] - evaluate_round 25 received 1 results and 0 failures
[2024-06-02 17:29:43,500][flwr][DEBUG] - fit_round 26: strategy sampled 10 clients (out of 50)
[2024-06-02 17:29:49,497][flwr][DEBUG] - fit_round 26 received 10 results and 0 failures
[2024-06-02 17:29:58,411][flwr][INFO] - fit progress: (26, 20.171561490176828, {'accuracy': 0.9487}, 377.35256273066625)
[2024-06-02 17:29:58,411][flwr][DEBUG] - evaluate_round 26: strategy sampled 1 clients (out of 50)
[2024-06-02 17:29:59,110][flwr][DEBUG] - evaluate_round 26 received 1 results and 0 failures
[2024-06-02 17:29:59,110][flwr][DEBUG] - fit_round 27: strategy sampled 10 clients (out of 50)
[2024-06-02 17:30:05,067][flwr][DEBUG] - fit_round 27 received 10 results and 0 failures
[2024-06-02 17:30:13,927][flwr][INFO] - fit progress: (27, 21.60254693769093, {'accuracy': 0.9459}, 392.8689076928422)
[2024-06-02 17:30:13,927][flwr][DEBUG] - evaluate_round 27: strategy sampled 1 clients (out of 50)
[2024-06-02 17:30:14,650][flwr][DEBUG] - evaluate_round 27 received 1 results and 0 failures
[2024-06-02 17:30:14,651][flwr][DEBUG] - fit_round 28: strategy sampled 10 clients (out of 50)
[2024-06-02 17:30:20,390][flwr][DEBUG] - fit_round 28 received 10 results and 0 failures
[2024-06-02 17:30:29,268][flwr][INFO] - fit progress: (28, 21.05308529172362, {'accuracy': 0.9483}, 408.20975424768403)
[2024-06-02 17:30:29,268][flwr][DEBUG] - evaluate_round 28: strategy sampled 1 clients (out of 50)
[2024-06-02 17:30:29,954][flwr][DEBUG] - evaluate_round 28 received 1 results and 0 failures
[2024-06-02 17:30:29,954][flwr][DEBUG] - fit_round 29: strategy sampled 10 clients (out of 50)
[2024-06-02 17:30:35,389][flwr][DEBUG] - fit_round 29 received 10 results and 0 failures
[2024-06-02 17:30:44,286][flwr][INFO] - fit progress: (29, 20.475388145730903, {'accuracy': 0.947}, 423.22740754205734)
[2024-06-02 17:30:44,286][flwr][DEBUG] - evaluate_round 29: strategy sampled 1 clients (out of 50)
[2024-06-02 17:30:44,997][flwr][DEBUG] - evaluate_round 29 received 1 results and 0 failures
[2024-06-02 17:30:44,998][flwr][DEBUG] - fit_round 30: strategy sampled 10 clients (out of 50)
[2024-06-02 17:30:50,944][flwr][DEBUG] - fit_round 30 received 10 results and 0 failures
[2024-06-02 17:30:59,782][flwr][INFO] - fit progress: (30, 19.404372797551332, {'accuracy': 0.9517}, 438.7236449397169)
[2024-06-02 17:30:59,782][flwr][DEBUG] - evaluate_round 30: strategy sampled 1 clients (out of 50)
[2024-06-02 17:31:00,476][flwr][DEBUG] - evaluate_round 30 received 1 results and 0 failures
[2024-06-02 17:31:00,476][flwr][DEBUG] - fit_round 31: strategy sampled 10 clients (out of 50)
[2024-06-02 17:31:06,076][flwr][DEBUG] - fit_round 31 received 10 results and 0 failures
[2024-06-02 17:31:14,984][flwr][INFO] - fit progress: (31, 19.75726103053603, {'accuracy': 0.9509}, 453.9254574216902)
[2024-06-02 17:31:14,984][flwr][DEBUG] - evaluate_round 31: strategy sampled 1 clients (out of 50)
[2024-06-02 17:31:15,720][flwr][DEBUG] - evaluate_round 31 received 1 results and 0 failures
[2024-06-02 17:31:15,720][flwr][DEBUG] - fit_round 32: strategy sampled 10 clients (out of 50)
[2024-06-02 17:31:21,381][flwr][DEBUG] - fit_round 32 received 10 results and 0 failures
[2024-06-02 17:31:30,252][flwr][INFO] - fit progress: (32, 21.445206351703746, {'accuracy': 0.9497}, 469.1935328338295)
[2024-06-02 17:31:30,252][flwr][DEBUG] - evaluate_round 32: strategy sampled 1 clients (out of 50)
[2024-06-02 17:31:30,951][flwr][DEBUG] - evaluate_round 32 received 1 results and 0 failures
[2024-06-02 17:31:30,951][flwr][DEBUG] - fit_round 33: strategy sampled 10 clients (out of 50)
[2024-06-02 17:31:36,424][flwr][DEBUG] - fit_round 33 received 10 results and 0 failures
[2024-06-02 17:31:45,356][flwr][INFO] - fit progress: (33, 18.266491908747412, {'accuracy': 0.9523}, 484.2979566799477)
[2024-06-02 17:31:45,356][flwr][DEBUG] - evaluate_round 33: strategy sampled 1 clients (out of 50)
[2024-06-02 17:31:46,074][flwr][DEBUG] - evaluate_round 33 received 1 results and 0 failures
[2024-06-02 17:31:46,075][flwr][DEBUG] - fit_round 34: strategy sampled 10 clients (out of 50)
[2024-06-02 17:31:51,417][flwr][DEBUG] - fit_round 34 received 10 results and 0 failures
[2024-06-02 17:32:00,303][flwr][INFO] - fit progress: (34, 20.340191910014255, {'accuracy': 0.9526}, 499.24472668301314)
[2024-06-02 17:32:00,303][flwr][DEBUG] - evaluate_round 34: strategy sampled 1 clients (out of 50)
[2024-06-02 17:32:01,003][flwr][DEBUG] - evaluate_round 34 received 1 results and 0 failures
[2024-06-02 17:32:01,003][flwr][DEBUG] - fit_round 35: strategy sampled 10 clients (out of 50)
[2024-06-02 17:32:06,890][flwr][DEBUG] - fit_round 35 received 10 results and 0 failures
[2024-06-02 17:32:15,810][flwr][INFO] - fit progress: (35, 19.95715246554755, {'accuracy': 0.9508}, 514.7520416588522)
[2024-06-02 17:32:15,810][flwr][DEBUG] - evaluate_round 35: strategy sampled 1 clients (out of 50)
[2024-06-02 17:32:16,540][flwr][DEBUG] - evaluate_round 35 received 1 results and 0 failures
[2024-06-02 17:32:16,541][flwr][DEBUG] - fit_round 36: strategy sampled 10 clients (out of 50)
[2024-06-02 17:32:22,210][flwr][DEBUG] - fit_round 36 received 10 results and 0 failures
[2024-06-02 17:32:31,127][flwr][INFO] - fit progress: (36, 19.878232248011045, {'accuracy': 0.9524}, 530.0691081658006)
[2024-06-02 17:32:31,128][flwr][DEBUG] - evaluate_round 36: strategy sampled 1 clients (out of 50)
[2024-06-02 17:32:31,821][flwr][DEBUG] - evaluate_round 36 received 1 results and 0 failures
[2024-06-02 17:32:31,821][flwr][DEBUG] - fit_round 37: strategy sampled 10 clients (out of 50)
[2024-06-02 17:32:37,423][flwr][DEBUG] - fit_round 37 received 10 results and 0 failures
[2024-06-02 17:32:46,330][flwr][INFO] - fit progress: (37, 19.980280193911312, {'accuracy': 0.9523}, 545.2719202688895)
[2024-06-02 17:32:46,330][flwr][DEBUG] - evaluate_round 37: strategy sampled 1 clients (out of 50)
[2024-06-02 17:32:47,063][flwr][DEBUG] - evaluate_round 37 received 1 results and 0 failures
[2024-06-02 17:32:47,063][flwr][DEBUG] - fit_round 38: strategy sampled 10 clients (out of 50)
[2024-06-02 17:32:52,529][flwr][DEBUG] - fit_round 38 received 10 results and 0 failures
[2024-06-02 17:33:01,457][flwr][INFO] - fit progress: (38, 19.19848487075069, {'accuracy': 0.9549}, 560.3987638959661)
[2024-06-02 17:33:01,457][flwr][DEBUG] - evaluate_round 38: strategy sampled 1 clients (out of 50)
[2024-06-02 17:33:02,151][flwr][DEBUG] - evaluate_round 38 received 1 results and 0 failures
[2024-06-02 17:33:02,151][flwr][DEBUG] - fit_round 39: strategy sampled 10 clients (out of 50)
[2024-06-02 17:33:07,795][flwr][DEBUG] - fit_round 39 received 10 results and 0 failures
[2024-06-02 17:33:16,709][flwr][INFO] - fit progress: (39, 18.364298505308398, {'accuracy': 0.9556}, 575.6509291226976)
[2024-06-02 17:33:16,709][flwr][DEBUG] - evaluate_round 39: strategy sampled 1 clients (out of 50)
[2024-06-02 17:33:17,427][flwr][DEBUG] - evaluate_round 39 received 1 results and 0 failures
[2024-06-02 17:33:17,428][flwr][DEBUG] - fit_round 40: strategy sampled 10 clients (out of 50)
[2024-06-02 17:33:23,314][flwr][DEBUG] - fit_round 40 received 10 results and 0 failures
[2024-06-02 17:33:32,195][flwr][INFO] - fit progress: (40, 18.181680112322283, {'accuracy': 0.9554}, 591.1364100840874)
[2024-06-02 17:33:32,195][flwr][DEBUG] - evaluate_round 40: strategy sampled 1 clients (out of 50)
[2024-06-02 17:33:32,952][flwr][DEBUG] - evaluate_round 40 received 1 results and 0 failures
[2024-06-02 17:33:32,953][flwr][DEBUG] - fit_round 41: strategy sampled 10 clients (out of 50)
[2024-06-02 17:33:38,478][flwr][DEBUG] - fit_round 41 received 10 results and 0 failures
[2024-06-02 17:33:47,801][flwr][INFO] - fit progress: (41, 19.009194322245094, {'accuracy': 0.9536}, 606.7426865440793)
[2024-06-02 17:33:47,801][flwr][DEBUG] - evaluate_round 41: strategy sampled 1 clients (out of 50)
[2024-06-02 17:33:48,514][flwr][DEBUG] - evaluate_round 41 received 1 results and 0 failures
[2024-06-02 17:33:48,514][flwr][DEBUG] - fit_round 42: strategy sampled 10 clients (out of 50)
[2024-06-02 17:33:54,040][flwr][DEBUG] - fit_round 42 received 10 results and 0 failures
[2024-06-02 17:34:02,947][flwr][INFO] - fit progress: (42, 17.118991014838684, {'accuracy': 0.9556}, 621.8888886426575)
[2024-06-02 17:34:02,947][flwr][DEBUG] - evaluate_round 42: strategy sampled 1 clients (out of 50)
[2024-06-02 17:34:03,723][flwr][DEBUG] - evaluate_round 42 received 1 results and 0 failures
[2024-06-02 17:34:03,723][flwr][DEBUG] - fit_round 43: strategy sampled 10 clients (out of 50)
[2024-06-02 17:34:09,329][flwr][DEBUG] - fit_round 43 received 10 results and 0 failures
[2024-06-02 17:34:18,212][flwr][INFO] - fit progress: (43, 16.661689239773295, {'accuracy': 0.9573}, 637.1541182328947)
[2024-06-02 17:34:18,213][flwr][DEBUG] - evaluate_round 43: strategy sampled 1 clients (out of 50)
[2024-06-02 17:34:18,905][flwr][DEBUG] - evaluate_round 43 received 1 results and 0 failures
[2024-06-02 17:34:18,905][flwr][DEBUG] - fit_round 44: strategy sampled 10 clients (out of 50)
[2024-06-02 17:34:24,732][flwr][DEBUG] - fit_round 44 received 10 results and 0 failures
[2024-06-02 17:34:33,615][flwr][INFO] - fit progress: (44, 17.019748713903027, {'accuracy': 0.9569}, 652.5562388068065)
[2024-06-02 17:34:33,615][flwr][DEBUG] - evaluate_round 44: strategy sampled 1 clients (out of 50)
[2024-06-02 17:34:34,335][flwr][DEBUG] - evaluate_round 44 received 1 results and 0 failures
[2024-06-02 17:34:34,335][flwr][DEBUG] - fit_round 45: strategy sampled 10 clients (out of 50)
[2024-06-02 17:34:40,251][flwr][DEBUG] - fit_round 45 received 10 results and 0 failures
[2024-06-02 17:34:49,123][flwr][INFO] - fit progress: (45, 17.62329124021926, {'accuracy': 0.9573}, 668.0642526010051)
[2024-06-02 17:34:49,123][flwr][DEBUG] - evaluate_round 45: strategy sampled 1 clients (out of 50)
[2024-06-02 17:34:49,849][flwr][DEBUG] - evaluate_round 45 received 1 results and 0 failures
[2024-06-02 17:34:49,849][flwr][DEBUG] - fit_round 46: strategy sampled 10 clients (out of 50)
[2024-06-02 17:34:55,426][flwr][DEBUG] - fit_round 46 received 10 results and 0 failures
[2024-06-02 17:35:04,272][flwr][INFO] - fit progress: (46, 16.456584194415427, {'accuracy': 0.9576}, 683.2138173198327)
[2024-06-02 17:35:04,272][flwr][DEBUG] - evaluate_round 46: strategy sampled 1 clients (out of 50)
[2024-06-02 17:35:04,991][flwr][DEBUG] - evaluate_round 46 received 1 results and 0 failures
[2024-06-02 17:35:04,991][flwr][DEBUG] - fit_round 47: strategy sampled 10 clients (out of 50)
[2024-06-02 17:35:10,880][flwr][DEBUG] - fit_round 47 received 10 results and 0 failures
[2024-06-02 17:35:19,816][flwr][INFO] - fit progress: (47, 17.623025059168867, {'accuracy': 0.9581}, 698.7582055577077)
[2024-06-02 17:35:19,817][flwr][DEBUG] - evaluate_round 47: strategy sampled 1 clients (out of 50)
[2024-06-02 17:35:20,521][flwr][DEBUG] - evaluate_round 47 received 1 results and 0 failures
[2024-06-02 17:35:20,522][flwr][DEBUG] - fit_round 48: strategy sampled 10 clients (out of 50)
[2024-06-02 17:35:26,408][flwr][DEBUG] - fit_round 48 received 10 results and 0 failures
[2024-06-02 17:35:35,295][flwr][INFO] - fit progress: (48, 18.4201556413027, {'accuracy': 0.9558}, 714.2364266267978)
[2024-06-02 17:35:35,295][flwr][DEBUG] - evaluate_round 48: strategy sampled 1 clients (out of 50)
[2024-06-02 17:35:36,004][flwr][DEBUG] - evaluate_round 48 received 1 results and 0 failures
[2024-06-02 17:35:36,005][flwr][DEBUG] - fit_round 49: strategy sampled 10 clients (out of 50)
[2024-06-02 17:35:41,686][flwr][DEBUG] - fit_round 49 received 10 results and 0 failures
[2024-06-02 17:35:50,574][flwr][INFO] - fit progress: (49, 15.915006964467466, {'accuracy': 0.9616}, 729.5161223206669)
[2024-06-02 17:35:50,575][flwr][DEBUG] - evaluate_round 49: strategy sampled 1 clients (out of 50)
[2024-06-02 17:35:51,282][flwr][DEBUG] - evaluate_round 49 received 1 results and 0 failures
[2024-06-02 17:35:51,282][flwr][DEBUG] - fit_round 50: strategy sampled 10 clients (out of 50)
[2024-06-02 17:35:56,952][flwr][DEBUG] - fit_round 50 received 10 results and 0 failures
[2024-06-02 17:36:05,859][flwr][INFO] - fit progress: (50, 16.82705083638575, {'accuracy': 0.959}, 744.8008099719882)
[2024-06-02 17:36:05,859][flwr][DEBUG] - evaluate_round 50: strategy sampled 1 clients (out of 50)
[2024-06-02 17:36:06,593][flwr][DEBUG] - evaluate_round 50 received 1 results and 0 failures
[2024-06-02 17:36:06,593][flwr][DEBUG] - fit_round 51: strategy sampled 10 clients (out of 50)
[2024-06-02 17:36:12,554][flwr][DEBUG] - fit_round 51 received 10 results and 0 failures
[2024-06-02 17:36:21,459][flwr][INFO] - fit progress: (51, 16.330903515347927, {'accuracy': 0.961}, 760.4007744169794)
[2024-06-02 17:36:21,459][flwr][DEBUG] - evaluate_round 51: strategy sampled 1 clients (out of 50)
[2024-06-02 17:36:22,158][flwr][DEBUG] - evaluate_round 51 received 1 results and 0 failures
[2024-06-02 17:36:22,159][flwr][DEBUG] - fit_round 52: strategy sampled 10 clients (out of 50)
[2024-06-02 17:36:28,096][flwr][DEBUG] - fit_round 52 received 10 results and 0 failures
[2024-06-02 17:36:37,028][flwr][INFO] - fit progress: (52, 16.617704373329616, {'accuracy': 0.9602}, 775.9695027847774)
[2024-06-02 17:36:37,028][flwr][DEBUG] - evaluate_round 52: strategy sampled 1 clients (out of 50)
[2024-06-02 17:36:37,755][flwr][DEBUG] - evaluate_round 52 received 1 results and 0 failures
[2024-06-02 17:36:37,755][flwr][DEBUG] - fit_round 53: strategy sampled 10 clients (out of 50)
[2024-06-02 17:36:43,652][flwr][DEBUG] - fit_round 53 received 10 results and 0 failures
[2024-06-02 17:36:52,592][flwr][INFO] - fit progress: (53, 16.296754078241065, {'accuracy': 0.961}, 791.53416973399)
[2024-06-02 17:36:52,593][flwr][DEBUG] - evaluate_round 53: strategy sampled 1 clients (out of 50)
[2024-06-02 17:36:53,308][flwr][DEBUG] - evaluate_round 53 received 1 results and 0 failures
[2024-06-02 17:36:53,309][flwr][DEBUG] - fit_round 54: strategy sampled 10 clients (out of 50)
[2024-06-02 17:36:58,614][flwr][DEBUG] - fit_round 54 received 10 results and 0 failures
[2024-06-02 17:37:07,503][flwr][INFO] - fit progress: (54, 15.617149216100188, {'accuracy': 0.9618}, 806.4445655336604)
[2024-06-02 17:37:07,503][flwr][DEBUG] - evaluate_round 54: strategy sampled 1 clients (out of 50)
[2024-06-02 17:37:08,245][flwr][DEBUG] - evaluate_round 54 received 1 results and 0 failures
[2024-06-02 17:37:08,246][flwr][DEBUG] - fit_round 55: strategy sampled 10 clients (out of 50)
[2024-06-02 17:37:14,088][flwr][DEBUG] - fit_round 55 received 10 results and 0 failures
[2024-06-02 17:37:23,048][flwr][INFO] - fit progress: (55, 15.258335892724062, {'accuracy': 0.9627}, 821.9899856070988)
[2024-06-02 17:37:23,048][flwr][DEBUG] - evaluate_round 55: strategy sampled 1 clients (out of 50)
[2024-06-02 17:37:23,767][flwr][DEBUG] - evaluate_round 55 received 1 results and 0 failures
[2024-06-02 17:37:23,767][flwr][DEBUG] - fit_round 56: strategy sampled 10 clients (out of 50)
[2024-06-02 17:37:29,074][flwr][DEBUG] - fit_round 56 received 10 results and 0 failures
[2024-06-02 17:37:37,981][flwr][INFO] - fit progress: (56, 16.01721033490321, {'accuracy': 0.9612}, 836.9231695388444)
[2024-06-02 17:37:37,982][flwr][DEBUG] - evaluate_round 56: strategy sampled 1 clients (out of 50)
[2024-06-02 17:37:38,697][flwr][DEBUG] - evaluate_round 56 received 1 results and 0 failures
[2024-06-02 17:37:38,698][flwr][DEBUG] - fit_round 57: strategy sampled 10 clients (out of 50)
[2024-06-02 17:37:44,256][flwr][DEBUG] - fit_round 57 received 10 results and 0 failures
[2024-06-02 17:37:53,146][flwr][INFO] - fit progress: (57, 15.247935964325734, {'accuracy': 0.9614}, 852.0880881040357)
[2024-06-02 17:37:53,147][flwr][DEBUG] - evaluate_round 57: strategy sampled 1 clients (out of 50)
[2024-06-02 17:37:53,861][flwr][DEBUG] - evaluate_round 57 received 1 results and 0 failures
[2024-06-02 17:37:53,861][flwr][DEBUG] - fit_round 58: strategy sampled 10 clients (out of 50)
[2024-06-02 17:37:59,264][flwr][DEBUG] - fit_round 58 received 10 results and 0 failures
[2024-06-02 17:38:08,204][flwr][INFO] - fit progress: (58, 15.881179054069435, {'accuracy': 0.962}, 867.1461004638113)
[2024-06-02 17:38:08,205][flwr][DEBUG] - evaluate_round 58: strategy sampled 1 clients (out of 50)
[2024-06-02 17:38:08,913][flwr][DEBUG] - evaluate_round 58 received 1 results and 0 failures
[2024-06-02 17:38:08,913][flwr][DEBUG] - fit_round 59: strategy sampled 10 clients (out of 50)
[2024-06-02 17:38:14,357][flwr][DEBUG] - fit_round 59 received 10 results and 0 failures
[2024-06-02 17:38:23,286][flwr][INFO] - fit progress: (59, 13.737214406512066, {'accuracy': 0.9647}, 882.2274524588138)
[2024-06-02 17:38:23,286][flwr][DEBUG] - evaluate_round 59: strategy sampled 1 clients (out of 50)
[2024-06-02 17:38:24,049][flwr][DEBUG] - evaluate_round 59 received 1 results and 0 failures
[2024-06-02 17:38:24,049][flwr][DEBUG] - fit_round 60: strategy sampled 10 clients (out of 50)
[2024-06-02 17:38:30,131][flwr][DEBUG] - fit_round 60 received 10 results and 0 failures
[2024-06-02 17:38:39,030][flwr][INFO] - fit progress: (60, 15.317663068504771, {'accuracy': 0.961}, 897.9713389668614)
[2024-06-02 17:38:39,030][flwr][DEBUG] - evaluate_round 60: strategy sampled 1 clients (out of 50)
[2024-06-02 17:38:39,735][flwr][DEBUG] - evaluate_round 60 received 1 results and 0 failures
[2024-06-02 17:38:39,735][flwr][DEBUG] - fit_round 61: strategy sampled 10 clients (out of 50)
[2024-06-02 17:38:45,654][flwr][DEBUG] - fit_round 61 received 10 results and 0 failures
[2024-06-02 17:38:54,598][flwr][INFO] - fit progress: (61, 15.633088166213383, {'accuracy': 0.9628}, 913.5401928690262)
[2024-06-02 17:38:54,599][flwr][DEBUG] - evaluate_round 61: strategy sampled 1 clients (out of 50)
[2024-06-02 17:38:55,330][flwr][DEBUG] - evaluate_round 61 received 1 results and 0 failures
[2024-06-02 17:38:55,331][flwr][DEBUG] - fit_round 62: strategy sampled 10 clients (out of 50)
[2024-06-02 17:39:00,894][flwr][DEBUG] - fit_round 62 received 10 results and 0 failures
[2024-06-02 17:39:09,813][flwr][INFO] - fit progress: (62, 15.419862057655337, {'accuracy': 0.9634}, 928.7543108039536)
[2024-06-02 17:39:09,813][flwr][DEBUG] - evaluate_round 62: strategy sampled 1 clients (out of 50)
[2024-06-02 17:39:10,520][flwr][DEBUG] - evaluate_round 62 received 1 results and 0 failures
[2024-06-02 17:39:10,520][flwr][DEBUG] - fit_round 63: strategy sampled 10 clients (out of 50)
[2024-06-02 17:39:15,975][flwr][DEBUG] - fit_round 63 received 10 results and 0 failures
[2024-06-02 17:39:24,894][flwr][INFO] - fit progress: (63, 16.404089233286868, {'accuracy': 0.9643}, 943.8361566117965)
[2024-06-02 17:39:24,895][flwr][DEBUG] - evaluate_round 63: strategy sampled 1 clients (out of 50)
[2024-06-02 17:39:25,627][flwr][DEBUG] - evaluate_round 63 received 1 results and 0 failures
[2024-06-02 17:39:25,627][flwr][DEBUG] - fit_round 64: strategy sampled 10 clients (out of 50)
[2024-06-02 17:39:31,505][flwr][DEBUG] - fit_round 64 received 10 results and 0 failures
[2024-06-02 17:39:40,431][flwr][INFO] - fit progress: (64, 15.003720761148543, {'accuracy': 0.9641}, 959.3725786786526)
[2024-06-02 17:39:40,431][flwr][DEBUG] - evaluate_round 64: strategy sampled 1 clients (out of 50)
[2024-06-02 17:39:41,120][flwr][DEBUG] - evaluate_round 64 received 1 results and 0 failures
[2024-06-02 17:39:41,121][flwr][DEBUG] - fit_round 65: strategy sampled 10 clients (out of 50)
[2024-06-02 17:39:46,772][flwr][DEBUG] - fit_round 65 received 10 results and 0 failures
[2024-06-02 17:39:55,705][flwr][INFO] - fit progress: (65, 15.613842245440992, {'accuracy': 0.9632}, 974.6470396458171)
[2024-06-02 17:39:55,705][flwr][DEBUG] - evaluate_round 65: strategy sampled 1 clients (out of 50)
[2024-06-02 17:39:56,426][flwr][DEBUG] - evaluate_round 65 received 1 results and 0 failures
[2024-06-02 17:39:56,426][flwr][DEBUG] - fit_round 66: strategy sampled 10 clients (out of 50)
[2024-06-02 17:40:02,370][flwr][DEBUG] - fit_round 66 received 10 results and 0 failures
[2024-06-02 17:40:11,302][flwr][INFO] - fit progress: (66, 15.039090268226573, {'accuracy': 0.9647}, 990.2437490900047)
[2024-06-02 17:40:11,302][flwr][DEBUG] - evaluate_round 66: strategy sampled 1 clients (out of 50)
[2024-06-02 17:40:12,004][flwr][DEBUG] - evaluate_round 66 received 1 results and 0 failures
[2024-06-02 17:40:12,005][flwr][DEBUG] - fit_round 67: strategy sampled 10 clients (out of 50)
[2024-06-02 17:40:17,518][flwr][DEBUG] - fit_round 67 received 10 results and 0 failures
[2024-06-02 17:40:26,405][flwr][INFO] - fit progress: (67, 15.781469133798964, {'accuracy': 0.9612}, 1005.3470891267061)
[2024-06-02 17:40:26,406][flwr][DEBUG] - evaluate_round 67: strategy sampled 1 clients (out of 50)
[2024-06-02 17:40:27,123][flwr][DEBUG] - evaluate_round 67 received 1 results and 0 failures
[2024-06-02 17:40:27,123][flwr][DEBUG] - fit_round 68: strategy sampled 10 clients (out of 50)
[2024-06-02 17:40:32,799][flwr][DEBUG] - fit_round 68 received 10 results and 0 failures
[2024-06-02 17:40:41,768][flwr][INFO] - fit progress: (68, 14.442142901558327, {'accuracy': 0.9646}, 1020.7099168570712)
[2024-06-02 17:40:41,768][flwr][DEBUG] - evaluate_round 68: strategy sampled 1 clients (out of 50)
[2024-06-02 17:40:42,459][flwr][DEBUG] - evaluate_round 68 received 1 results and 0 failures
[2024-06-02 17:40:42,459][flwr][DEBUG] - fit_round 69: strategy sampled 10 clients (out of 50)
[2024-06-02 17:40:47,603][flwr][DEBUG] - fit_round 69 received 10 results and 0 failures
[2024-06-02 17:40:56,513][flwr][INFO] - fit progress: (69, 14.605258432575283, {'accuracy': 0.9648}, 1035.45501928078)
[2024-06-02 17:40:56,513][flwr][DEBUG] - evaluate_round 69: strategy sampled 1 clients (out of 50)
[2024-06-02 17:40:57,234][flwr][DEBUG] - evaluate_round 69 received 1 results and 0 failures
[2024-06-02 17:40:57,234][flwr][DEBUG] - fit_round 70: strategy sampled 10 clients (out of 50)
[2024-06-02 17:41:02,810][flwr][DEBUG] - fit_round 70 received 10 results and 0 failures
[2024-06-02 17:41:11,738][flwr][INFO] - fit progress: (70, 14.502190241278186, {'accuracy': 0.965}, 1050.679360175971)
[2024-06-02 17:41:11,738][flwr][DEBUG] - evaluate_round 70: strategy sampled 1 clients (out of 50)
[2024-06-02 17:41:12,462][flwr][DEBUG] - evaluate_round 70 received 1 results and 0 failures
[2024-06-02 17:41:12,462][flwr][DEBUG] - fit_round 71: strategy sampled 10 clients (out of 50)
[2024-06-02 17:41:18,263][flwr][DEBUG] - fit_round 71 received 10 results and 0 failures
[2024-06-02 17:41:27,193][flwr][INFO] - fit progress: (71, 14.223602296285662, {'accuracy': 0.9666}, 1066.1348348576576)
[2024-06-02 17:41:27,193][flwr][DEBUG] - evaluate_round 71: strategy sampled 1 clients (out of 50)
[2024-06-02 17:41:27,869][flwr][DEBUG] - evaluate_round 71 received 1 results and 0 failures
[2024-06-02 17:41:27,869][flwr][DEBUG] - fit_round 72: strategy sampled 10 clients (out of 50)
[2024-06-02 17:41:33,497][flwr][DEBUG] - fit_round 72 received 10 results and 0 failures
[2024-06-02 17:41:42,412][flwr][INFO] - fit progress: (72, 13.99603404972595, {'accuracy': 0.9659}, 1081.3540392019786)
[2024-06-02 17:41:42,412][flwr][DEBUG] - evaluate_round 72: strategy sampled 1 clients (out of 50)
[2024-06-02 17:41:43,122][flwr][DEBUG] - evaluate_round 72 received 1 results and 0 failures
[2024-06-02 17:41:43,122][flwr][DEBUG] - fit_round 73: strategy sampled 10 clients (out of 50)
[2024-06-02 17:41:48,846][flwr][DEBUG] - fit_round 73 received 10 results and 0 failures
[2024-06-02 17:41:57,765][flwr][INFO] - fit progress: (73, 14.448055840365669, {'accuracy': 0.9661}, 1096.7071184800006)
[2024-06-02 17:41:57,766][flwr][DEBUG] - evaluate_round 73: strategy sampled 1 clients (out of 50)
[2024-06-02 17:41:58,471][flwr][DEBUG] - evaluate_round 73 received 1 results and 0 failures
[2024-06-02 17:41:58,471][flwr][DEBUG] - fit_round 74: strategy sampled 10 clients (out of 50)
[2024-06-02 17:42:04,503][flwr][DEBUG] - fit_round 74 received 10 results and 0 failures
[2024-06-02 17:42:13,446][flwr][INFO] - fit progress: (74, 14.333438248853781, {'accuracy': 0.9661}, 1112.3872353970073)
[2024-06-02 17:42:13,446][flwr][DEBUG] - evaluate_round 74: strategy sampled 1 clients (out of 50)
[2024-06-02 17:42:14,179][flwr][DEBUG] - evaluate_round 74 received 1 results and 0 failures
[2024-06-02 17:42:14,179][flwr][DEBUG] - fit_round 75: strategy sampled 10 clients (out of 50)
[2024-06-02 17:42:20,048][flwr][DEBUG] - fit_round 75 received 10 results and 0 failures
[2024-06-02 17:42:29,002][flwr][INFO] - fit progress: (75, 13.791740353642126, {'accuracy': 0.9664}, 1127.9437446459197)
[2024-06-02 17:42:29,002][flwr][DEBUG] - evaluate_round 75: strategy sampled 1 clients (out of 50)
[2024-06-02 17:42:29,705][flwr][DEBUG] - evaluate_round 75 received 1 results and 0 failures
[2024-06-02 17:42:29,705][flwr][DEBUG] - fit_round 76: strategy sampled 10 clients (out of 50)
[2024-06-02 17:42:35,039][flwr][DEBUG] - fit_round 76 received 10 results and 0 failures
[2024-06-02 17:42:43,913][flwr][INFO] - fit progress: (76, 15.219316225843613, {'accuracy': 0.9642}, 1142.8547461088747)
[2024-06-02 17:42:43,913][flwr][DEBUG] - evaluate_round 76: strategy sampled 1 clients (out of 50)
[2024-06-02 17:42:44,643][flwr][DEBUG] - evaluate_round 76 received 1 results and 0 failures
[2024-06-02 17:42:44,643][flwr][DEBUG] - fit_round 77: strategy sampled 10 clients (out of 50)
[2024-06-02 17:42:50,546][flwr][DEBUG] - fit_round 77 received 10 results and 0 failures
[2024-06-02 17:42:59,465][flwr][INFO] - fit progress: (77, 14.88039269073738, {'accuracy': 0.9641}, 1158.4067747830413)
[2024-06-02 17:42:59,465][flwr][DEBUG] - evaluate_round 77: strategy sampled 1 clients (out of 50)
[2024-06-02 17:43:00,150][flwr][DEBUG] - evaluate_round 77 received 1 results and 0 failures
[2024-06-02 17:43:00,151][flwr][DEBUG] - fit_round 78: strategy sampled 10 clients (out of 50)
[2024-06-02 17:43:05,748][flwr][DEBUG] - fit_round 78 received 10 results and 0 failures
[2024-06-02 17:43:14,707][flwr][INFO] - fit progress: (78, 14.938085093896007, {'accuracy': 0.9634}, 1173.6490953769535)
[2024-06-02 17:43:14,708][flwr][DEBUG] - evaluate_round 78: strategy sampled 1 clients (out of 50)
[2024-06-02 17:43:15,435][flwr][DEBUG] - evaluate_round 78 received 1 results and 0 failures
[2024-06-02 17:43:15,436][flwr][DEBUG] - fit_round 79: strategy sampled 10 clients (out of 50)
[2024-06-02 17:43:21,249][flwr][DEBUG] - fit_round 79 received 10 results and 0 failures
[2024-06-02 17:43:30,139][flwr][INFO] - fit progress: (79, 15.075510705996749, {'accuracy': 0.9635}, 1189.080275845714)
[2024-06-02 17:43:30,139][flwr][DEBUG] - evaluate_round 79: strategy sampled 1 clients (out of 50)
[2024-06-02 17:43:30,868][flwr][DEBUG] - evaluate_round 79 received 1 results and 0 failures
[2024-06-02 17:43:30,868][flwr][DEBUG] - fit_round 80: strategy sampled 10 clients (out of 50)
[2024-06-02 17:43:36,198][flwr][DEBUG] - fit_round 80 received 10 results and 0 failures
[2024-06-02 17:43:45,165][flwr][INFO] - fit progress: (80, 13.827479902690357, {'accuracy': 0.9664}, 1204.106260869652)
[2024-06-02 17:43:45,165][flwr][DEBUG] - evaluate_round 80: strategy sampled 1 clients (out of 50)
[2024-06-02 17:43:45,887][flwr][DEBUG] - evaluate_round 80 received 1 results and 0 failures
[2024-06-02 17:43:45,887][flwr][DEBUG] - fit_round 81: strategy sampled 10 clients (out of 50)
[2024-06-02 17:43:51,194][flwr][DEBUG] - fit_round 81 received 10 results and 0 failures
[2024-06-02 17:44:00,078][flwr][INFO] - fit progress: (81, 14.449188640577404, {'accuracy': 0.9675}, 1219.0192883010022)
[2024-06-02 17:44:00,078][flwr][DEBUG] - evaluate_round 81: strategy sampled 1 clients (out of 50)
[2024-06-02 17:44:00,763][flwr][DEBUG] - evaluate_round 81 received 1 results and 0 failures
[2024-06-02 17:44:00,764][flwr][DEBUG] - fit_round 82: strategy sampled 10 clients (out of 50)
[2024-06-02 17:44:06,450][flwr][DEBUG] - fit_round 82 received 10 results and 0 failures
[2024-06-02 17:44:15,358][flwr][INFO] - fit progress: (82, 14.397036348583242, {'accuracy': 0.9649}, 1234.3001130660996)
[2024-06-02 17:44:15,359][flwr][DEBUG] - evaluate_round 82: strategy sampled 1 clients (out of 50)
[2024-06-02 17:44:16,084][flwr][DEBUG] - evaluate_round 82 received 1 results and 0 failures
[2024-06-02 17:44:16,084][flwr][DEBUG] - fit_round 83: strategy sampled 10 clients (out of 50)
[2024-06-02 17:44:21,780][flwr][DEBUG] - fit_round 83 received 10 results and 0 failures
[2024-06-02 17:44:30,759][flwr][INFO] - fit progress: (83, 15.22144792895233, {'accuracy': 0.9648}, 1249.7005768208764)
[2024-06-02 17:44:30,759][flwr][DEBUG] - evaluate_round 83: strategy sampled 1 clients (out of 50)
[2024-06-02 17:44:31,465][flwr][DEBUG] - evaluate_round 83 received 1 results and 0 failures
[2024-06-02 17:44:31,465][flwr][DEBUG] - fit_round 84: strategy sampled 10 clients (out of 50)
[2024-06-02 17:44:37,071][flwr][DEBUG] - fit_round 84 received 10 results and 0 failures
[2024-06-02 17:44:46,175][flwr][INFO] - fit progress: (84, 13.89016606768564, {'accuracy': 0.9665}, 1265.116644978989)
[2024-06-02 17:44:46,175][flwr][DEBUG] - evaluate_round 84: strategy sampled 1 clients (out of 50)
[2024-06-02 17:44:46,910][flwr][DEBUG] - evaluate_round 84 received 1 results and 0 failures
[2024-06-02 17:44:46,910][flwr][DEBUG] - fit_round 85: strategy sampled 10 clients (out of 50)
[2024-06-02 17:44:52,626][flwr][DEBUG] - fit_round 85 received 10 results and 0 failures
[2024-06-02 17:45:01,548][flwr][INFO] - fit progress: (85, 14.487599673047043, {'accuracy': 0.9665}, 1280.4899191679433)
[2024-06-02 17:45:01,548][flwr][DEBUG] - evaluate_round 85: strategy sampled 1 clients (out of 50)
[2024-06-02 17:45:02,238][flwr][DEBUG] - evaluate_round 85 received 1 results and 0 failures
[2024-06-02 17:45:02,238][flwr][DEBUG] - fit_round 86: strategy sampled 10 clients (out of 50)
[2024-06-02 17:45:08,163][flwr][DEBUG] - fit_round 86 received 10 results and 0 failures
[2024-06-02 17:45:17,090][flwr][INFO] - fit progress: (86, 12.865760067036717, {'accuracy': 0.9686}, 1296.0315746366978)
[2024-06-02 17:45:17,090][flwr][DEBUG] - evaluate_round 86: strategy sampled 1 clients (out of 50)
[2024-06-02 17:45:17,825][flwr][DEBUG] - evaluate_round 86 received 1 results and 0 failures
[2024-06-02 17:45:17,825][flwr][DEBUG] - fit_round 87: strategy sampled 10 clients (out of 50)
[2024-06-02 17:45:23,749][flwr][DEBUG] - fit_round 87 received 10 results and 0 failures
[2024-06-02 17:45:32,679][flwr][INFO] - fit progress: (87, 14.02497392272653, {'accuracy': 0.9669}, 1311.6210476807319)
[2024-06-02 17:45:32,679][flwr][DEBUG] - evaluate_round 87: strategy sampled 1 clients (out of 50)
[2024-06-02 17:45:33,381][flwr][DEBUG] - evaluate_round 87 received 1 results and 0 failures
[2024-06-02 17:45:33,382][flwr][DEBUG] - fit_round 88: strategy sampled 10 clients (out of 50)
[2024-06-02 17:45:39,347][flwr][DEBUG] - fit_round 88 received 10 results and 0 failures
[2024-06-02 17:45:48,228][flwr][INFO] - fit progress: (88, 13.83557891160308, {'accuracy': 0.967}, 1327.169895160012)
[2024-06-02 17:45:48,228][flwr][DEBUG] - evaluate_round 88: strategy sampled 1 clients (out of 50)
[2024-06-02 17:45:48,956][flwr][DEBUG] - evaluate_round 88 received 1 results and 0 failures
[2024-06-02 17:45:48,956][flwr][DEBUG] - fit_round 89: strategy sampled 10 clients (out of 50)
[2024-06-02 17:45:55,318][flwr][DEBUG] - fit_round 89 received 10 results and 0 failures
[2024-06-02 17:46:04,227][flwr][INFO] - fit progress: (89, 12.482491115384619, {'accuracy': 0.9694}, 1343.1687435549684)
[2024-06-02 17:46:04,227][flwr][DEBUG] - evaluate_round 89: strategy sampled 1 clients (out of 50)
[2024-06-02 17:46:04,925][flwr][DEBUG] - evaluate_round 89 received 1 results and 0 failures
[2024-06-02 17:46:04,925][flwr][DEBUG] - fit_round 90: strategy sampled 10 clients (out of 50)
[2024-06-02 17:46:10,641][flwr][DEBUG] - fit_round 90 received 10 results and 0 failures
[2024-06-02 17:46:19,589][flwr][INFO] - fit progress: (90, 14.109044316208838, {'accuracy': 0.9681}, 1358.5311480467208)
[2024-06-02 17:46:19,590][flwr][DEBUG] - evaluate_round 90: strategy sampled 1 clients (out of 50)
[2024-06-02 17:46:20,307][flwr][DEBUG] - evaluate_round 90 received 1 results and 0 failures
[2024-06-02 17:46:20,308][flwr][DEBUG] - fit_round 91: strategy sampled 10 clients (out of 50)
[2024-06-02 17:46:26,226][flwr][DEBUG] - fit_round 91 received 10 results and 0 failures
[2024-06-02 17:46:35,093][flwr][INFO] - fit progress: (91, 13.150425991125758, {'accuracy': 0.9691}, 1374.0346062667668)
[2024-06-02 17:46:35,093][flwr][DEBUG] - evaluate_round 91: strategy sampled 1 clients (out of 50)
[2024-06-02 17:46:35,781][flwr][DEBUG] - evaluate_round 91 received 1 results and 0 failures
[2024-06-02 17:46:35,781][flwr][DEBUG] - fit_round 92: strategy sampled 10 clients (out of 50)
[2024-06-02 17:46:41,247][flwr][DEBUG] - fit_round 92 received 10 results and 0 failures
[2024-06-02 17:46:50,190][flwr][INFO] - fit progress: (92, 12.794752828078458, {'accuracy': 0.9706}, 1389.1321960398927)
[2024-06-02 17:46:50,191][flwr][DEBUG] - evaluate_round 92: strategy sampled 1 clients (out of 50)
[2024-06-02 17:46:50,927][flwr][DEBUG] - evaluate_round 92 received 1 results and 0 failures
[2024-06-02 17:46:50,927][flwr][DEBUG] - fit_round 93: strategy sampled 10 clients (out of 50)
[2024-06-02 17:46:56,036][flwr][DEBUG] - fit_round 93 received 10 results and 0 failures
[2024-06-02 17:47:04,951][flwr][INFO] - fit progress: (93, 14.3079756141924, {'accuracy': 0.9679}, 1403.892239425797)
[2024-06-02 17:47:04,951][flwr][DEBUG] - evaluate_round 93: strategy sampled 1 clients (out of 50)
[2024-06-02 17:47:05,653][flwr][DEBUG] - evaluate_round 93 received 1 results and 0 failures
[2024-06-02 17:47:05,653][flwr][DEBUG] - fit_round 94: strategy sampled 10 clients (out of 50)
[2024-06-02 17:47:11,446][flwr][DEBUG] - fit_round 94 received 10 results and 0 failures
[2024-06-02 17:47:20,346][flwr][INFO] - fit progress: (94, 13.698389761304952, {'accuracy': 0.9686}, 1419.287578323856)
[2024-06-02 17:47:20,346][flwr][DEBUG] - evaluate_round 94: strategy sampled 1 clients (out of 50)
[2024-06-02 17:47:21,079][flwr][DEBUG] - evaluate_round 94 received 1 results and 0 failures
[2024-06-02 17:47:21,079][flwr][DEBUG] - fit_round 95: strategy sampled 10 clients (out of 50)
[2024-06-02 17:47:26,889][flwr][DEBUG] - fit_round 95 received 10 results and 0 failures
[2024-06-02 17:47:35,820][flwr][INFO] - fit progress: (95, 12.877287100037847, {'accuracy': 0.9701}, 1434.7613611039706)
[2024-06-02 17:47:35,820][flwr][DEBUG] - evaluate_round 95: strategy sampled 1 clients (out of 50)
[2024-06-02 17:47:36,513][flwr][DEBUG] - evaluate_round 95 received 1 results and 0 failures
[2024-06-02 17:47:36,513][flwr][DEBUG] - fit_round 96: strategy sampled 10 clients (out of 50)
[2024-06-02 17:47:42,422][flwr][DEBUG] - fit_round 96 received 10 results and 0 failures
[2024-06-02 17:47:51,331][flwr][INFO] - fit progress: (96, 12.466863442890372, {'accuracy': 0.9697}, 1450.272881458979)
[2024-06-02 17:47:51,331][flwr][DEBUG] - evaluate_round 96: strategy sampled 1 clients (out of 50)
[2024-06-02 17:47:52,052][flwr][DEBUG] - evaluate_round 96 received 1 results and 0 failures
[2024-06-02 17:47:52,053][flwr][DEBUG] - fit_round 97: strategy sampled 10 clients (out of 50)
[2024-06-02 17:47:58,141][flwr][DEBUG] - fit_round 97 received 10 results and 0 failures
[2024-06-02 17:48:07,091][flwr][INFO] - fit progress: (97, 13.13103558199873, {'accuracy': 0.9703}, 1466.0323428660631)
[2024-06-02 17:48:07,091][flwr][DEBUG] - evaluate_round 97: strategy sampled 1 clients (out of 50)
[2024-06-02 17:48:07,789][flwr][DEBUG] - evaluate_round 97 received 1 results and 0 failures
[2024-06-02 17:48:07,789][flwr][DEBUG] - fit_round 98: strategy sampled 10 clients (out of 50)
[2024-06-02 17:48:13,160][flwr][DEBUG] - fit_round 98 received 10 results and 0 failures
[2024-06-02 17:48:22,071][flwr][INFO] - fit progress: (98, 13.548544214248977, {'accuracy': 0.9674}, 1481.0128479497507)
[2024-06-02 17:48:22,071][flwr][DEBUG] - evaluate_round 98: strategy sampled 1 clients (out of 50)
[2024-06-02 17:48:22,791][flwr][DEBUG] - evaluate_round 98 received 1 results and 0 failures
[2024-06-02 17:48:22,791][flwr][DEBUG] - fit_round 99: strategy sampled 10 clients (out of 50)
[2024-06-02 17:48:28,550][flwr][DEBUG] - fit_round 99 received 10 results and 0 failures
[2024-06-02 17:48:37,423][flwr][INFO] - fit progress: (99, 12.501250279388842, {'accuracy': 0.9716}, 1496.3646248728037)
[2024-06-02 17:48:37,423][flwr][DEBUG] - evaluate_round 99: strategy sampled 1 clients (out of 50)
[2024-06-02 17:48:38,103][flwr][DEBUG] - evaluate_round 99 received 1 results and 0 failures
[2024-06-02 17:48:38,104][flwr][DEBUG] - fit_round 100: strategy sampled 10 clients (out of 50)
[2024-06-02 17:48:43,490][flwr][DEBUG] - fit_round 100 received 10 results and 0 failures
[2024-06-02 17:48:52,426][flwr][INFO] - fit progress: (100, 13.672627046966227, {'accuracy': 0.9687}, 1511.368185203988)
[2024-06-02 17:48:52,427][flwr][DEBUG] - evaluate_round 100: strategy sampled 1 clients (out of 50)
[2024-06-02 17:48:53,145][flwr][DEBUG] - evaluate_round 100 received 1 results and 0 failures
[2024-06-02 17:48:53,145][flwr][INFO] - FL finished in 1512.086670585908
[2024-06-02 17:48:53,253][flwr][INFO] - app_fit: losses_distributed [(1, 2.252695858478546), (2, 2.9337736144661903), (3, 2.2039000391960144), (4, 3.0652744099497795), (5, 1.3733523391420022), (6, 3.3343217372894287), (7, 0.5395061096642166), (8, 2.2322078198194504), (9, 1.7285106722265482), (10, 0.6952966663520783), (11, 1.9570026397705078), (12, 2.7236296627670527), (13, 2.039069924969226), (14, 0.5505747124552727), (15, 2.899588161439169), (16, 2.581411600112915), (17, 2.4083013609051704), (18, 4.28253510594368), (19, 2.2628891617059708), (20, 1.6950216889381409), (21, 1.4185596890893066), (22, 1.3773281454632524), (23, 0.8851502592733596), (24, 1.9036181475967169), (25, 0.6845438722521067), (26, 2.0591688752174377), (27, 2.1204560708720237), (28, 2.457184284925461), (29, 2.009663410979556), (30, 0.49202163042355096), (31, 2.35106654278934), (32, 1.0519517985667335), (33, 2.1385980620980263), (34, 1.9663435518741608), (35, 0.3281861749710515), (36, 2.4262298550456762), (37, 1.3562802597880363), (38, 3.432206518948078), (39, 2.219721794128418), (40, 0.7185056093294406), (41, 0.8695237822830677), (42, 2.7555023320019245), (43, 1.1103580690833041), (44, 1.4656774947652593), (45, 1.539811410009861), (46, 1.091132556903176), (47, 0.8183604427613318), (48, 0.4982385523035191), (49, 1.153008614652208), (50, 1.62786266207695), (51, 2.047401152551174), (52, 0.39577041170559824), (53, 1.5006702225655317), (54, 1.495732503477484), (55, 1.6056714430451393), (56, 1.2175922337919474), (57, 0.6329616781440563), (58, 0.43176719269831665), (59, 0.1910520441015251), (60, 0.24021278457075823), (61, 1.3144962918013334), (62, 0.6180631240131333), (63, 1.1296552346302633), (64, 0.22467448087991215), (65, 0.3096104963151447), (66, 0.5418445436298498), (67, 0.3797156310010905), (68, 0.2134539210019284), (69, 1.0308217592537403), (70, 0.7980418488132273), (71, 0.38246702146716416), (72, 0.3744707799014577), (73, 0.09215970451623434), (74, 1.574655532836914), (75, 0.9909079420067428), (76, 1.4056594340599986), (77, 0.5512400753796101), (78, 1.064577764875139), (79, 2.3704375638626516), (80, 0.263473872857503), (81, 0.1785614971340692), (82, 1.9102379828691483), (83, 0.6732218362353706), (84, 0.5618876181324595), (85, 0.13696728367358446), (86, 0.9489789714853032), (87, 0.5031312924256781), (88, 2.1778906919062138), (89, 1.1036313562944997), (90, 0.8718918710947037), (91, 1.4121740329574095), (92, 0.6253086558790528), (93, 0.9057461427582894), (94, 0.6971838101744652), (95, 0.41888557688616856), (96, 0.5663146073929965), (97, 0.8805728149236529), (98, 0.12655912264744984), (99, 1.1592498221830283), (100, 0.41664120671339333)]
[2024-06-02 17:48:53,253][flwr][INFO] - app_fit: metrics_distributed_fit {}
[2024-06-02 17:48:53,253][flwr][INFO] - app_fit: metrics_distributed {}
[2024-06-02 17:48:53,253][flwr][INFO] - app_fit: losses_centralized [(0, 190.5283646583557), (1, 30.540880462154746), (2, 30.09566856501624), (3, 31.270153782330453), (4, 30.88993083918467), (5, 32.95698717224877), (6, 31.529106759349816), (7, 31.71522563532926), (8, 35.71979483217001), (9, 29.512787432409823), (10, 29.146170673891902), (11, 28.75719757776824), (12, 30.306886748003308), (13, 26.93010864587268), (14, 26.820050623558927), (15, 26.160262339675683), (16, 25.480746983594145), (17, 25.176529478285374), (18, 25.162063812080305), (19, 22.800000159237243), (20, 22.788929149784963), (21, 23.273822199102142), (22, 21.888031847585808), (23, 23.47211909460748), (24, 21.7706809906922), (25, 21.105010392828262), (26, 20.171561490176828), (27, 21.60254693769093), (28, 21.05308529172362), (29, 20.475388145730903), (30, 19.404372797551332), (31, 19.75726103053603), (32, 21.445206351703746), (33, 18.266491908747412), (34, 20.340191910014255), (35, 19.95715246554755), (36, 19.878232248011045), (37, 19.980280193911312), (38, 19.19848487075069), (39, 18.364298505308398), (40, 18.181680112322283), (41, 19.009194322245094), (42, 17.118991014838684), (43, 16.661689239773295), (44, 17.019748713903027), (45, 17.62329124021926), (46, 16.456584194415427), (47, 17.623025059168867), (48, 18.4201556413027), (49, 15.915006964467466), (50, 16.82705083638575), (51, 16.330903515347927), (52, 16.617704373329616), (53, 16.296754078241065), (54, 15.617149216100188), (55, 15.258335892724062), (56, 16.01721033490321), (57, 15.247935964325734), (58, 15.881179054069435), (59, 13.737214406512066), (60, 15.317663068504771), (61, 15.633088166213383), (62, 15.419862057655337), (63, 16.404089233286868), (64, 15.003720761148543), (65, 15.613842245440992), (66, 15.039090268226573), (67, 15.781469133798964), (68, 14.442142901558327), (69, 14.605258432575283), (70, 14.502190241278186), (71, 14.223602296285662), (72, 13.99603404972595), (73, 14.448055840365669), (74, 14.333438248853781), (75, 13.791740353642126), (76, 15.219316225843613), (77, 14.88039269073738), (78, 14.938085093896007), (79, 15.075510705996749), (80, 13.827479902690357), (81, 14.449188640577404), (82, 14.397036348583242), (83, 15.22144792895233), (84, 13.89016606768564), (85, 14.487599673047043), (86, 12.865760067036717), (87, 14.02497392272653), (88, 13.83557891160308), (89, 12.482491115384619), (90, 14.109044316208838), (91, 13.150425991125758), (92, 12.794752828078458), (93, 14.3079756141924), (94, 13.698389761304952), (95, 12.877287100037847), (96, 12.466863442890372), (97, 13.13103558199873), (98, 13.548544214248977), (99, 12.501250279388842), (100, 13.672627046966227)]
[2024-06-02 17:48:53,253][flwr][INFO] - app_fit: metrics_centralized {'accuracy': [(0, 0.1164), (1, 0.8905), (2, 0.9021), (3, 0.9081), (4, 0.9145), (5, 0.9153), (6, 0.9175), (7, 0.9187), (8, 0.9141), (9, 0.9251), (10, 0.9267), (11, 0.9312), (12, 0.9267), (13, 0.9329), (14, 0.9341), (15, 0.9365), (16, 0.937), (17, 0.9367), (18, 0.9352), (19, 0.9426), (20, 0.9424), (21, 0.9424), (22, 0.9444), (23, 0.9427), (24, 0.9447), (25, 0.9457), (26, 0.9487), (27, 0.9459), (28, 0.9483), (29, 0.947), (30, 0.9517), (31, 0.9509), (32, 0.9497), (33, 0.9523), (34, 0.9526), (35, 0.9508), (36, 0.9524), (37, 0.9523), (38, 0.9549), (39, 0.9556), (40, 0.9554), (41, 0.9536), (42, 0.9556), (43, 0.9573), (44, 0.9569), (45, 0.9573), (46, 0.9576), (47, 0.9581), (48, 0.9558), (49, 0.9616), (50, 0.959), (51, 0.961), (52, 0.9602), (53, 0.961), (54, 0.9618), (55, 0.9627), (56, 0.9612), (57, 0.9614), (58, 0.962), (59, 0.9647), (60, 0.961), (61, 0.9628), (62, 0.9634), (63, 0.9643), (64, 0.9641), (65, 0.9632), (66, 0.9647), (67, 0.9612), (68, 0.9646), (69, 0.9648), (70, 0.965), (71, 0.9666), (72, 0.9659), (73, 0.9661), (74, 0.9661), (75, 0.9664), (76, 0.9642), (77, 0.9641), (78, 0.9634), (79, 0.9635), (80, 0.9664), (81, 0.9675), (82, 0.9649), (83, 0.9648), (84, 0.9665), (85, 0.9665), (86, 0.9686), (87, 0.9669), (88, 0.967), (89, 0.9694), (90, 0.9681), (91, 0.9691), (92, 0.9706), (93, 0.9679), (94, 0.9686), (95, 0.9701), (96, 0.9697), (97, 0.9703), (98, 0.9674), (99, 0.9716), (100, 0.9687)]}
