[2024-05-12 17:01:27,772][flwr][INFO] - Starting Flower simulation, config: ServerConfig(num_rounds=100, round_timeout=None)
[2024-05-12 17:01:29,145][flwr][INFO] - Flower VCE: Ray initialized with resources: {'object_store_memory': 16996015718.0, 'node:__internal_head__': 1.0, 'memory': 33992031438.0, 'node:172.17.34.49': 1.0, 'CPU': 20.0, 'GPU': 4.0, 'accelerator_type:G': 1.0}
[2024-05-12 17:01:29,145][flwr][INFO] - Initializing global parameters
[2024-05-12 17:01:29,145][flwr][INFO] - Requesting initial parameters from one random client
[2024-05-12 17:01:31,735][flwr][INFO] - Received initial parameters from one random client
[2024-05-12 17:01:31,737][flwr][INFO] - Evaluating initial parameters
[2024-05-12 17:01:35,139][flwr][INFO] - initial parameters (loss, other metrics): 191.24054193496704, {'accuracy': 0.105}
[2024-05-12 17:01:35,139][flwr][INFO] - FL starting
[2024-05-12 17:01:35,140][flwr][DEBUG] - fit_round 1: strategy sampled 10 clients (out of 50)
[2024-05-12 17:02:25,274][flwr][DEBUG] - fit_round 1 received 10 results and 0 failures
[2024-05-12 17:02:27,843][flwr][WARNING] - No fit_metrics_aggregation_fn provided
[2024-05-12 17:02:29,789][flwr][INFO] - fit progress: (1, 114.0218895971775, {'accuracy': 0.6499}, 54.64918999746442)
[2024-05-12 17:02:29,789][flwr][DEBUG] - evaluate_round 1: strategy sampled 1 clients (out of 50)
[2024-05-12 17:02:33,764][flwr][DEBUG] - evaluate_round 1 received 1 results and 0 failures
[2024-05-12 17:02:33,764][flwr][WARNING] - No evaluate_metrics_aggregation_fn provided
[2024-05-12 17:02:33,764][flwr][DEBUG] - fit_round 2: strategy sampled 10 clients (out of 50)
[2024-05-12 17:03:24,696][flwr][DEBUG] - fit_round 2 received 10 results and 0 failures
[2024-05-12 17:03:29,207][flwr][INFO] - fit progress: (2, 108.49521392583847, {'accuracy': 0.5324}, 114.0670963935554)
[2024-05-12 17:03:29,207][flwr][DEBUG] - evaluate_round 2: strategy sampled 1 clients (out of 50)
[2024-05-12 17:03:33,174][flwr][DEBUG] - evaluate_round 2 received 1 results and 0 failures
[2024-05-12 17:03:33,174][flwr][DEBUG] - fit_round 3: strategy sampled 10 clients (out of 50)
[2024-05-12 17:04:24,229][flwr][DEBUG] - fit_round 3 received 10 results and 0 failures
[2024-05-12 17:04:28,769][flwr][INFO] - fit progress: (3, 107.98719380795956, {'accuracy': 0.7212}, 173.62945276126266)
[2024-05-12 17:04:28,769][flwr][DEBUG] - evaluate_round 3: strategy sampled 1 clients (out of 50)
[2024-05-12 17:04:32,696][flwr][DEBUG] - evaluate_round 3 received 1 results and 0 failures
[2024-05-12 17:04:32,697][flwr][DEBUG] - fit_round 4: strategy sampled 10 clients (out of 50)
[2024-05-12 17:05:23,705][flwr][DEBUG] - fit_round 4 received 10 results and 0 failures
[2024-05-12 17:05:30,887][flwr][INFO] - fit progress: (4, 84.23039150238037, {'accuracy': 0.6438}, 235.74785767495632)
[2024-05-12 17:05:30,888][flwr][DEBUG] - evaluate_round 4: strategy sampled 1 clients (out of 50)
[2024-05-12 17:05:34,811][flwr][DEBUG] - evaluate_round 4 received 1 results and 0 failures
[2024-05-12 17:05:34,811][flwr][DEBUG] - fit_round 5: strategy sampled 10 clients (out of 50)
[2024-05-12 17:06:25,513][flwr][DEBUG] - fit_round 5 received 10 results and 0 failures
[2024-05-12 17:06:32,732][flwr][INFO] - fit progress: (5, 121.84851443767548, {'accuracy': 0.4685}, 297.59249928593636)
[2024-05-12 17:06:32,732][flwr][DEBUG] - evaluate_round 5: strategy sampled 1 clients (out of 50)
[2024-05-12 17:06:36,679][flwr][DEBUG] - evaluate_round 5 received 1 results and 0 failures
[2024-05-12 17:06:36,680][flwr][DEBUG] - fit_round 6: strategy sampled 10 clients (out of 50)
[2024-05-12 17:07:27,355][flwr][DEBUG] - fit_round 6 received 10 results and 0 failures
[2024-05-12 17:07:34,555][flwr][INFO] - fit progress: (6, 75.50434827804565, {'accuracy': 0.7209}, 359.41542064771056)
[2024-05-12 17:07:34,555][flwr][DEBUG] - evaluate_round 6: strategy sampled 1 clients (out of 50)
[2024-05-12 17:07:38,534][flwr][DEBUG] - evaluate_round 6 received 1 results and 0 failures
[2024-05-12 17:07:38,535][flwr][DEBUG] - fit_round 7: strategy sampled 10 clients (out of 50)
[2024-05-12 17:08:29,894][flwr][DEBUG] - fit_round 7 received 10 results and 0 failures
[2024-05-12 17:08:37,131][flwr][INFO] - fit progress: (7, 51.1619598865509, {'accuracy': 0.8332}, 421.99171482026577)
[2024-05-12 17:08:37,131][flwr][DEBUG] - evaluate_round 7: strategy sampled 1 clients (out of 50)
[2024-05-12 17:08:41,059][flwr][DEBUG] - evaluate_round 7 received 1 results and 0 failures
[2024-05-12 17:08:41,060][flwr][DEBUG] - fit_round 8: strategy sampled 10 clients (out of 50)
[2024-05-12 17:09:31,815][flwr][DEBUG] - fit_round 8 received 10 results and 0 failures
[2024-05-12 17:09:39,098][flwr][INFO] - fit progress: (8, 45.41285705566406, {'accuracy': 0.8619}, 483.95821215584874)
[2024-05-12 17:09:39,098][flwr][DEBUG] - evaluate_round 8: strategy sampled 1 clients (out of 50)
[2024-05-12 17:09:43,030][flwr][DEBUG] - evaluate_round 8 received 1 results and 0 failures
[2024-05-12 17:09:43,031][flwr][DEBUG] - fit_round 9: strategy sampled 10 clients (out of 50)
[2024-05-12 17:10:34,283][flwr][DEBUG] - fit_round 9 received 10 results and 0 failures
[2024-05-12 17:10:41,492][flwr][INFO] - fit progress: (9, 38.85122907161713, {'accuracy': 0.8543}, 546.3526696525514)
[2024-05-12 17:10:41,492][flwr][DEBUG] - evaluate_round 9: strategy sampled 1 clients (out of 50)
[2024-05-12 17:10:45,400][flwr][DEBUG] - evaluate_round 9 received 1 results and 0 failures
[2024-05-12 17:10:45,401][flwr][DEBUG] - fit_round 10: strategy sampled 10 clients (out of 50)
[2024-05-12 17:11:36,712][flwr][DEBUG] - fit_round 10 received 10 results and 0 failures
[2024-05-12 17:11:43,932][flwr][INFO] - fit progress: (10, 36.93107718974352, {'accuracy': 0.8606}, 608.7925335466862)
[2024-05-12 17:11:43,932][flwr][DEBUG] - evaluate_round 10: strategy sampled 1 clients (out of 50)
[2024-05-12 17:11:47,906][flwr][DEBUG] - evaluate_round 10 received 1 results and 0 failures
[2024-05-12 17:11:47,906][flwr][DEBUG] - fit_round 11: strategy sampled 10 clients (out of 50)
[2024-05-12 17:12:38,953][flwr][DEBUG] - fit_round 11 received 10 results and 0 failures
[2024-05-12 17:12:46,156][flwr][INFO] - fit progress: (11, 39.836003720760345, {'accuracy': 0.8749}, 671.0166491940618)
[2024-05-12 17:12:46,156][flwr][DEBUG] - evaluate_round 11: strategy sampled 1 clients (out of 50)
[2024-05-12 17:12:50,148][flwr][DEBUG] - evaluate_round 11 received 1 results and 0 failures
[2024-05-12 17:12:50,148][flwr][DEBUG] - fit_round 12: strategy sampled 10 clients (out of 50)
[2024-05-12 17:13:41,068][flwr][DEBUG] - fit_round 12 received 10 results and 0 failures
[2024-05-12 17:13:48,323][flwr][INFO] - fit progress: (12, 33.37441621720791, {'accuracy': 0.8721}, 733.1837488003075)
[2024-05-12 17:13:48,323][flwr][DEBUG] - evaluate_round 12: strategy sampled 1 clients (out of 50)
[2024-05-12 17:13:52,307][flwr][DEBUG] - evaluate_round 12 received 1 results and 0 failures
[2024-05-12 17:13:52,307][flwr][DEBUG] - fit_round 13: strategy sampled 10 clients (out of 50)
[2024-05-12 17:14:43,285][flwr][DEBUG] - fit_round 13 received 10 results and 0 failures
[2024-05-12 17:14:50,537][flwr][INFO] - fit progress: (13, 38.04834981262684, {'accuracy': 0.8811}, 795.3980007618666)
[2024-05-12 17:14:50,538][flwr][DEBUG] - evaluate_round 13: strategy sampled 1 clients (out of 50)
[2024-05-12 17:14:54,497][flwr][DEBUG] - evaluate_round 13 received 1 results and 0 failures
[2024-05-12 17:14:54,497][flwr][DEBUG] - fit_round 14: strategy sampled 10 clients (out of 50)
