[2024-05-18 15:40:21,798][flwr][INFO] - Starting Flower simulation, config: ServerConfig(num_rounds=100, round_timeout=None)
[2024-05-18 15:40:22,845][flwr][INFO] - Flower VCE: Ray initialized with resources: {'CPU': 24.0, 'object_store_memory': 39966998937.0, 'GPU': 2.0, 'memory': 83256330855.0, 'accelerator_type:G': 1.0, 'node:172.17.34.3': 1.0}
[2024-05-18 15:40:22,847][flwr][INFO] - Initializing global parameters
[2024-05-18 15:40:22,847][flwr][INFO] - Requesting initial parameters from one random client
[2024-05-18 15:40:24,541][flwr][INFO] - Received initial parameters from one random client
[2024-05-18 15:40:24,541][flwr][INFO] - Evaluating initial parameters
[2024-05-18 15:40:26,434][flwr][INFO] - initial parameters (loss, other metrics): 197.5689616203308, {'accuracy': 0.0984}
[2024-05-18 15:40:26,434][flwr][INFO] - FL starting
[2024-05-18 15:40:26,434][flwr][DEBUG] - fit_round 1: strategy sampled 10 clients (out of 50)
[2024-05-18 15:40:41,106][flwr][DEBUG] - fit_round 1 received 10 results and 0 failures
[2024-05-18 15:40:43,480][flwr][WARNING] - No fit_metrics_aggregation_fn provided
[2024-05-18 15:40:44,369][flwr][INFO] - fit progress: (1, 127.14243984222412, {'accuracy': 0.6392}, 17.93531873403117)
[2024-05-18 15:40:44,369][flwr][DEBUG] - evaluate_round 1: strategy sampled 1 clients (out of 50)
[2024-05-18 15:40:45,005][flwr][DEBUG] - evaluate_round 1 received 1 results and 0 failures
[2024-05-18 15:40:45,005][flwr][WARNING] - No evaluate_metrics_aggregation_fn provided
[2024-05-18 15:40:45,005][flwr][DEBUG] - fit_round 2: strategy sampled 10 clients (out of 50)
[2024-05-18 15:40:58,699][flwr][DEBUG] - fit_round 2 received 10 results and 0 failures
[2024-05-18 15:41:01,987][flwr][INFO] - fit progress: (2, 385.6795389652252, {'accuracy': 0.6436}, 35.552635367028415)
[2024-05-18 15:41:01,987][flwr][DEBUG] - evaluate_round 2: strategy sampled 1 clients (out of 50)
[2024-05-18 15:41:02,635][flwr][DEBUG] - evaluate_round 2 received 1 results and 0 failures
[2024-05-18 15:41:02,635][flwr][DEBUG] - fit_round 3: strategy sampled 10 clients (out of 50)
[2024-05-18 15:41:16,332][flwr][DEBUG] - fit_round 3 received 10 results and 0 failures
[2024-05-18 15:41:19,549][flwr][INFO] - fit progress: (3, 181.50284853577614, {'accuracy': 0.8227}, 53.11547846207395)
[2024-05-18 15:41:19,550][flwr][DEBUG] - evaluate_round 3: strategy sampled 1 clients (out of 50)
[2024-05-18 15:41:20,201][flwr][DEBUG] - evaluate_round 3 received 1 results and 0 failures
[2024-05-18 15:41:20,201][flwr][DEBUG] - fit_round 4: strategy sampled 10 clients (out of 50)
[2024-05-18 15:41:33,821][flwr][DEBUG] - fit_round 4 received 10 results and 0 failures
[2024-05-18 15:41:37,039][flwr][INFO] - fit progress: (4, 272.1698387116194, {'accuracy': 0.8216}, 70.60502978810109)
[2024-05-18 15:41:37,039][flwr][DEBUG] - evaluate_round 4: strategy sampled 1 clients (out of 50)
[2024-05-18 15:41:37,689][flwr][DEBUG] - evaluate_round 4 received 1 results and 0 failures
[2024-05-18 15:41:37,689][flwr][DEBUG] - fit_round 5: strategy sampled 10 clients (out of 50)
[2024-05-18 15:41:51,331][flwr][DEBUG] - fit_round 5 received 10 results and 0 failures
[2024-05-18 15:41:54,520][flwr][INFO] - fit progress: (5, 209.15797162801027, {'accuracy': 0.8674}, 88.08600640995428)
[2024-05-18 15:41:54,520][flwr][DEBUG] - evaluate_round 5: strategy sampled 1 clients (out of 50)
[2024-05-18 15:41:55,175][flwr][DEBUG] - evaluate_round 5 received 1 results and 0 failures
[2024-05-18 15:41:55,175][flwr][DEBUG] - fit_round 6: strategy sampled 10 clients (out of 50)
[2024-05-18 15:42:08,761][flwr][DEBUG] - fit_round 6 received 10 results and 0 failures
[2024-05-18 15:42:11,978][flwr][INFO] - fit progress: (6, 174.78077351301908, {'accuracy': 0.8837}, 105.54443579097278)
[2024-05-18 15:42:11,979][flwr][DEBUG] - evaluate_round 6: strategy sampled 1 clients (out of 50)
[2024-05-18 15:42:12,628][flwr][DEBUG] - evaluate_round 6 received 1 results and 0 failures
[2024-05-18 15:42:12,628][flwr][DEBUG] - fit_round 7: strategy sampled 10 clients (out of 50)
[2024-05-18 15:42:26,258][flwr][DEBUG] - fit_round 7 received 10 results and 0 failures
[2024-05-18 15:42:29,482][flwr][INFO] - fit progress: (7, 186.34599387645721, {'accuracy': 0.8818}, 123.04774517402984)
[2024-05-18 15:42:29,482][flwr][DEBUG] - evaluate_round 7: strategy sampled 1 clients (out of 50)
[2024-05-18 15:42:30,121][flwr][DEBUG] - evaluate_round 7 received 1 results and 0 failures
[2024-05-18 15:42:30,121][flwr][DEBUG] - fit_round 8: strategy sampled 10 clients (out of 50)
[2024-05-18 15:42:43,884][flwr][DEBUG] - fit_round 8 received 10 results and 0 failures
[2024-05-18 15:42:47,225][flwr][INFO] - fit progress: (8, 161.74156430363655, {'accuracy': 0.8886}, 140.79125225706957)
[2024-05-18 15:42:47,225][flwr][DEBUG] - evaluate_round 8: strategy sampled 1 clients (out of 50)
[2024-05-18 15:42:47,872][flwr][DEBUG] - evaluate_round 8 received 1 results and 0 failures
[2024-05-18 15:42:47,872][flwr][DEBUG] - fit_round 9: strategy sampled 10 clients (out of 50)
[2024-05-18 15:43:01,744][flwr][DEBUG] - fit_round 9 received 10 results and 0 failures
[2024-05-18 15:43:05,078][flwr][INFO] - fit progress: (9, 137.5838773502017, {'accuracy': 0.8988}, 158.64357835403644)
[2024-05-18 15:43:05,078][flwr][DEBUG] - evaluate_round 9: strategy sampled 1 clients (out of 50)
[2024-05-18 15:43:05,735][flwr][DEBUG] - evaluate_round 9 received 1 results and 0 failures
[2024-05-18 15:43:05,735][flwr][DEBUG] - fit_round 10: strategy sampled 10 clients (out of 50)
[2024-05-18 15:43:19,437][flwr][DEBUG] - fit_round 10 received 10 results and 0 failures
[2024-05-18 15:43:22,621][flwr][INFO] - fit progress: (10, 131.28548024028714, {'accuracy': 0.897}, 176.18676444911398)
[2024-05-18 15:43:22,621][flwr][DEBUG] - evaluate_round 10: strategy sampled 1 clients (out of 50)
[2024-05-18 15:43:23,261][flwr][DEBUG] - evaluate_round 10 received 1 results and 0 failures
[2024-05-18 15:43:23,261][flwr][DEBUG] - fit_round 11: strategy sampled 10 clients (out of 50)
[2024-05-18 15:43:37,065][flwr][DEBUG] - fit_round 11 received 10 results and 0 failures
[2024-05-18 15:43:40,280][flwr][INFO] - fit progress: (11, 104.64801744278489, {'accuracy': 0.8985}, 193.84563927794807)
[2024-05-18 15:43:40,280][flwr][DEBUG] - evaluate_round 11: strategy sampled 1 clients (out of 50)
[2024-05-18 15:43:40,941][flwr][DEBUG] - evaluate_round 11 received 1 results and 0 failures
[2024-05-18 15:43:40,941][flwr][DEBUG] - fit_round 12: strategy sampled 10 clients (out of 50)
[2024-05-18 15:43:54,712][flwr][DEBUG] - fit_round 12 received 10 results and 0 failures
[2024-05-18 15:43:57,862][flwr][INFO] - fit progress: (12, 86.9970405906206, {'accuracy': 0.9008}, 211.4281460531056)
[2024-05-18 15:43:57,862][flwr][DEBUG] - evaluate_round 12: strategy sampled 1 clients (out of 50)
[2024-05-18 15:43:58,516][flwr][DEBUG] - evaluate_round 12 received 1 results and 0 failures
[2024-05-18 15:43:58,516][flwr][DEBUG] - fit_round 13: strategy sampled 10 clients (out of 50)
[2024-05-18 15:44:12,267][flwr][DEBUG] - fit_round 13 received 10 results and 0 failures
[2024-05-18 15:44:15,439][flwr][INFO] - fit progress: (13, 72.06715506768887, {'accuracy': 0.9037}, 229.00463063200004)
[2024-05-18 15:44:15,439][flwr][DEBUG] - evaluate_round 13: strategy sampled 1 clients (out of 50)
[2024-05-18 15:44:16,104][flwr][DEBUG] - evaluate_round 13 received 1 results and 0 failures
[2024-05-18 15:44:16,104][flwr][DEBUG] - fit_round 14: strategy sampled 10 clients (out of 50)
[2024-05-18 15:44:29,751][flwr][DEBUG] - fit_round 14 received 10 results and 0 failures
[2024-05-18 15:44:32,924][flwr][INFO] - fit progress: (14, 64.51965902179654, {'accuracy': 0.9031}, 246.4896313319914)
[2024-05-18 15:44:32,924][flwr][DEBUG] - evaluate_round 14: strategy sampled 1 clients (out of 50)
[2024-05-18 15:44:33,586][flwr][DEBUG] - evaluate_round 14 received 1 results and 0 failures
[2024-05-18 15:44:33,586][flwr][DEBUG] - fit_round 15: strategy sampled 10 clients (out of 50)
[2024-05-18 15:44:47,240][flwr][DEBUG] - fit_round 15 received 10 results and 0 failures
[2024-05-18 15:44:50,381][flwr][INFO] - fit progress: (15, 48.199419354572456, {'accuracy': 0.9163}, 263.94721454405226)
[2024-05-18 15:44:50,381][flwr][DEBUG] - evaluate_round 15: strategy sampled 1 clients (out of 50)
[2024-05-18 15:44:51,049][flwr][DEBUG] - evaluate_round 15 received 1 results and 0 failures
[2024-05-18 15:44:51,049][flwr][DEBUG] - fit_round 16: strategy sampled 10 clients (out of 50)
[2024-05-18 15:45:04,798][flwr][DEBUG] - fit_round 16 received 10 results and 0 failures
[2024-05-18 15:45:07,928][flwr][INFO] - fit progress: (16, 40.06889090307959, {'accuracy': 0.9166}, 281.4938017039094)
[2024-05-18 15:45:07,928][flwr][DEBUG] - evaluate_round 16: strategy sampled 1 clients (out of 50)
[2024-05-18 15:45:08,590][flwr][DEBUG] - evaluate_round 16 received 1 results and 0 failures
[2024-05-18 15:45:08,590][flwr][DEBUG] - fit_round 17: strategy sampled 10 clients (out of 50)
[2024-05-18 15:45:22,399][flwr][DEBUG] - fit_round 17 received 10 results and 0 failures
[2024-05-18 15:45:25,570][flwr][INFO] - fit progress: (17, 34.191345514322165, {'accuracy': 0.9197}, 299.1355484169908)
[2024-05-18 15:45:25,570][flwr][DEBUG] - evaluate_round 17: strategy sampled 1 clients (out of 50)
[2024-05-18 15:45:26,229][flwr][DEBUG] - evaluate_round 17 received 1 results and 0 failures
[2024-05-18 15:45:26,229][flwr][DEBUG] - fit_round 18: strategy sampled 10 clients (out of 50)
[2024-05-18 15:45:39,973][flwr][DEBUG] - fit_round 18 received 10 results and 0 failures
[2024-05-18 15:45:43,137][flwr][INFO] - fit progress: (18, 34.19038461163291, {'accuracy': 0.9205}, 316.70338941691443)
[2024-05-18 15:45:43,138][flwr][DEBUG] - evaluate_round 18: strategy sampled 1 clients (out of 50)
[2024-05-18 15:45:43,808][flwr][DEBUG] - evaluate_round 18 received 1 results and 0 failures
[2024-05-18 15:45:43,808][flwr][DEBUG] - fit_round 19: strategy sampled 10 clients (out of 50)
[2024-05-18 15:45:57,558][flwr][DEBUG] - fit_round 19 received 10 results and 0 failures
[2024-05-18 15:46:00,758][flwr][INFO] - fit progress: (19, 26.713010497231153, {'accuracy': 0.9294}, 334.3240012670867)
[2024-05-18 15:46:00,758][flwr][DEBUG] - evaluate_round 19: strategy sampled 1 clients (out of 50)
[2024-05-18 15:46:01,426][flwr][DEBUG] - evaluate_round 19 received 1 results and 0 failures
[2024-05-18 15:46:01,426][flwr][DEBUG] - fit_round 20: strategy sampled 10 clients (out of 50)
[2024-05-18 15:46:15,028][flwr][DEBUG] - fit_round 20 received 10 results and 0 failures
[2024-05-18 15:46:18,268][flwr][INFO] - fit progress: (20, 27.250585997768212, {'accuracy': 0.9282}, 351.83378236810677)
[2024-05-18 15:46:18,268][flwr][DEBUG] - evaluate_round 20: strategy sampled 1 clients (out of 50)
[2024-05-18 15:46:18,943][flwr][DEBUG] - evaluate_round 20 received 1 results and 0 failures
[2024-05-18 15:46:18,943][flwr][DEBUG] - fit_round 21: strategy sampled 10 clients (out of 50)
[2024-05-18 15:46:32,692][flwr][DEBUG] - fit_round 21 received 10 results and 0 failures
[2024-05-18 15:46:36,002][flwr][INFO] - fit progress: (21, 22.602626603773388, {'accuracy': 0.936}, 369.56771219312213)
[2024-05-18 15:46:36,002][flwr][DEBUG] - evaluate_round 21: strategy sampled 1 clients (out of 50)
[2024-05-18 15:46:36,666][flwr][DEBUG] - evaluate_round 21 received 1 results and 0 failures
[2024-05-18 15:46:36,667][flwr][DEBUG] - fit_round 22: strategy sampled 10 clients (out of 50)
[2024-05-18 15:46:50,263][flwr][DEBUG] - fit_round 22 received 10 results and 0 failures
[2024-05-18 15:46:53,466][flwr][INFO] - fit progress: (22, 22.93383327772608, {'accuracy': 0.9344}, 387.03221587697044)
[2024-05-18 15:46:53,466][flwr][DEBUG] - evaluate_round 22: strategy sampled 1 clients (out of 50)
[2024-05-18 15:46:54,121][flwr][DEBUG] - evaluate_round 22 received 1 results and 0 failures
[2024-05-18 15:46:54,122][flwr][DEBUG] - fit_round 23: strategy sampled 10 clients (out of 50)
[2024-05-18 15:47:07,662][flwr][DEBUG] - fit_round 23 received 10 results and 0 failures
[2024-05-18 15:47:10,905][flwr][INFO] - fit progress: (23, 20.415507325786166, {'accuracy': 0.9401}, 404.47073809290305)
[2024-05-18 15:47:10,905][flwr][DEBUG] - evaluate_round 23: strategy sampled 1 clients (out of 50)
[2024-05-18 15:47:11,570][flwr][DEBUG] - evaluate_round 23 received 1 results and 0 failures
[2024-05-18 15:47:11,570][flwr][DEBUG] - fit_round 24: strategy sampled 10 clients (out of 50)
[2024-05-18 15:47:25,294][flwr][DEBUG] - fit_round 24 received 10 results and 0 failures
[2024-05-18 15:47:28,543][flwr][INFO] - fit progress: (24, 19.885457617754582, {'accuracy': 0.9414}, 422.1094549249392)
[2024-05-18 15:47:28,544][flwr][DEBUG] - evaluate_round 24: strategy sampled 1 clients (out of 50)
[2024-05-18 15:47:29,206][flwr][DEBUG] - evaluate_round 24 received 1 results and 0 failures
[2024-05-18 15:47:29,206][flwr][DEBUG] - fit_round 25: strategy sampled 10 clients (out of 50)
[2024-05-18 15:47:42,912][flwr][DEBUG] - fit_round 25 received 10 results and 0 failures
[2024-05-18 15:47:46,047][flwr][INFO] - fit progress: (25, 20.157988959923387, {'accuracy': 0.9414}, 439.6125104690436)
[2024-05-18 15:47:46,047][flwr][DEBUG] - evaluate_round 25: strategy sampled 1 clients (out of 50)
[2024-05-18 15:47:46,717][flwr][DEBUG] - evaluate_round 25 received 1 results and 0 failures
[2024-05-18 15:47:46,717][flwr][DEBUG] - fit_round 26: strategy sampled 10 clients (out of 50)
[2024-05-18 15:48:00,283][flwr][DEBUG] - fit_round 26 received 10 results and 0 failures
[2024-05-18 15:48:03,472][flwr][INFO] - fit progress: (26, 20.018242186750285, {'accuracy': 0.9431}, 457.03771881596185)
[2024-05-18 15:48:03,472][flwr][DEBUG] - evaluate_round 26: strategy sampled 1 clients (out of 50)
[2024-05-18 15:48:04,146][flwr][DEBUG] - evaluate_round 26 received 1 results and 0 failures
[2024-05-18 15:48:04,146][flwr][DEBUG] - fit_round 27: strategy sampled 10 clients (out of 50)
[2024-05-18 15:48:17,854][flwr][DEBUG] - fit_round 27 received 10 results and 0 failures
[2024-05-18 15:48:21,017][flwr][INFO] - fit progress: (27, 18.771388732420746, {'accuracy': 0.9423}, 474.58283865009435)
[2024-05-18 15:48:21,017][flwr][DEBUG] - evaluate_round 27: strategy sampled 1 clients (out of 50)
[2024-05-18 15:48:21,687][flwr][DEBUG] - evaluate_round 27 received 1 results and 0 failures
[2024-05-18 15:48:21,687][flwr][DEBUG] - fit_round 28: strategy sampled 10 clients (out of 50)
[2024-05-18 15:48:35,356][flwr][DEBUG] - fit_round 28 received 10 results and 0 failures
[2024-05-18 15:48:38,516][flwr][INFO] - fit progress: (28, 17.63078230744577, {'accuracy': 0.9456}, 492.08180214092135)
[2024-05-18 15:48:38,516][flwr][DEBUG] - evaluate_round 28: strategy sampled 1 clients (out of 50)
[2024-05-18 15:48:39,188][flwr][DEBUG] - evaluate_round 28 received 1 results and 0 failures
[2024-05-18 15:48:39,189][flwr][DEBUG] - fit_round 29: strategy sampled 10 clients (out of 50)
[2024-05-18 15:48:53,137][flwr][DEBUG] - fit_round 29 received 10 results and 0 failures
[2024-05-18 15:48:56,387][flwr][INFO] - fit progress: (29, 18.21727792386082, {'accuracy': 0.9454}, 509.9533849461004)
[2024-05-18 15:48:56,387][flwr][DEBUG] - evaluate_round 29: strategy sampled 1 clients (out of 50)
[2024-05-18 15:48:57,050][flwr][DEBUG] - evaluate_round 29 received 1 results and 0 failures
[2024-05-18 15:48:57,050][flwr][DEBUG] - fit_round 30: strategy sampled 10 clients (out of 50)
[2024-05-18 15:49:10,754][flwr][DEBUG] - fit_round 30 received 10 results and 0 failures
[2024-05-18 15:49:14,052][flwr][INFO] - fit progress: (30, 15.152472708723508, {'accuracy': 0.9512}, 527.617649090942)
[2024-05-18 15:49:14,052][flwr][DEBUG] - evaluate_round 30: strategy sampled 1 clients (out of 50)
[2024-05-18 15:49:14,730][flwr][DEBUG] - evaluate_round 30 received 1 results and 0 failures
[2024-05-18 15:49:14,730][flwr][DEBUG] - fit_round 31: strategy sampled 10 clients (out of 50)
[2024-05-18 15:49:28,311][flwr][DEBUG] - fit_round 31 received 10 results and 0 failures
[2024-05-18 15:49:31,582][flwr][INFO] - fit progress: (31, 15.459961440705229, {'accuracy': 0.9525}, 545.1484443279915)
[2024-05-18 15:49:31,583][flwr][DEBUG] - evaluate_round 31: strategy sampled 1 clients (out of 50)
[2024-05-18 15:49:32,252][flwr][DEBUG] - evaluate_round 31 received 1 results and 0 failures
[2024-05-18 15:49:32,253][flwr][DEBUG] - fit_round 32: strategy sampled 10 clients (out of 50)
[2024-05-18 15:49:45,826][flwr][DEBUG] - fit_round 32 received 10 results and 0 failures
[2024-05-18 15:49:49,084][flwr][INFO] - fit progress: (32, 15.412682747104554, {'accuracy': 0.952}, 562.6501477130223)
[2024-05-18 15:49:49,084][flwr][DEBUG] - evaluate_round 32: strategy sampled 1 clients (out of 50)
[2024-05-18 15:49:49,762][flwr][DEBUG] - evaluate_round 32 received 1 results and 0 failures
[2024-05-18 15:49:49,762][flwr][DEBUG] - fit_round 33: strategy sampled 10 clients (out of 50)
[2024-05-18 15:50:03,336][flwr][DEBUG] - fit_round 33 received 10 results and 0 failures
[2024-05-18 15:50:06,533][flwr][INFO] - fit progress: (33, 14.578279158522491, {'accuracy': 0.9546}, 580.0986156640574)
[2024-05-18 15:50:06,533][flwr][DEBUG] - evaluate_round 33: strategy sampled 1 clients (out of 50)
[2024-05-18 15:50:07,205][flwr][DEBUG] - evaluate_round 33 received 1 results and 0 failures
[2024-05-18 15:50:07,205][flwr][DEBUG] - fit_round 34: strategy sampled 10 clients (out of 50)
[2024-05-18 15:50:21,051][flwr][DEBUG] - fit_round 34 received 10 results and 0 failures
[2024-05-18 15:50:24,399][flwr][INFO] - fit progress: (34, 14.347331318844226, {'accuracy': 0.9569}, 597.965328031918)
[2024-05-18 15:50:24,399][flwr][DEBUG] - evaluate_round 34: strategy sampled 1 clients (out of 50)
[2024-05-18 15:50:25,077][flwr][DEBUG] - evaluate_round 34 received 1 results and 0 failures
[2024-05-18 15:50:25,077][flwr][DEBUG] - fit_round 35: strategy sampled 10 clients (out of 50)
[2024-05-18 15:50:38,812][flwr][DEBUG] - fit_round 35 received 10 results and 0 failures
[2024-05-18 15:50:41,996][flwr][INFO] - fit progress: (35, 14.449180417068419, {'accuracy': 0.9559}, 615.5620895870961)
[2024-05-18 15:50:41,996][flwr][DEBUG] - evaluate_round 35: strategy sampled 1 clients (out of 50)
[2024-05-18 15:50:42,684][flwr][DEBUG] - evaluate_round 35 received 1 results and 0 failures
[2024-05-18 15:50:42,684][flwr][DEBUG] - fit_round 36: strategy sampled 10 clients (out of 50)
[2024-05-18 15:50:56,349][flwr][DEBUG] - fit_round 36 received 10 results and 0 failures
[2024-05-18 15:50:59,525][flwr][INFO] - fit progress: (36, 13.428739278868306, {'accuracy': 0.9566}, 633.0905839430634)
[2024-05-18 15:50:59,525][flwr][DEBUG] - evaluate_round 36: strategy sampled 1 clients (out of 50)
[2024-05-18 15:51:00,188][flwr][DEBUG] - evaluate_round 36 received 1 results and 0 failures
[2024-05-18 15:51:00,188][flwr][DEBUG] - fit_round 37: strategy sampled 10 clients (out of 50)
[2024-05-18 15:51:13,985][flwr][DEBUG] - fit_round 37 received 10 results and 0 failures
[2024-05-18 15:51:17,221][flwr][INFO] - fit progress: (37, 14.835952655397705, {'accuracy': 0.9545}, 650.7870790250599)
[2024-05-18 15:51:17,221][flwr][DEBUG] - evaluate_round 37: strategy sampled 1 clients (out of 50)
[2024-05-18 15:51:17,907][flwr][DEBUG] - evaluate_round 37 received 1 results and 0 failures
[2024-05-18 15:51:17,907][flwr][DEBUG] - fit_round 38: strategy sampled 10 clients (out of 50)
[2024-05-18 15:51:31,498][flwr][DEBUG] - fit_round 38 received 10 results and 0 failures
[2024-05-18 15:51:34,652][flwr][INFO] - fit progress: (38, 14.601709204682265, {'accuracy': 0.9562}, 668.2177220780868)
[2024-05-18 15:51:34,652][flwr][DEBUG] - evaluate_round 38: strategy sampled 1 clients (out of 50)
[2024-05-18 15:51:35,330][flwr][DEBUG] - evaluate_round 38 received 1 results and 0 failures
[2024-05-18 15:51:35,330][flwr][DEBUG] - fit_round 39: strategy sampled 10 clients (out of 50)
