[2024-06-02 12:11:28,797][flwr][INFO] - Starting Flower simulation, config: ServerConfig(num_rounds=100, round_timeout=None)
[2024-06-02 12:11:30,846][flwr][INFO] - Flower VCE: Ray initialized with resources: {'object_store_memory': 39933166387.0, 'GPU': 2.0, 'accelerator_type:G': 1.0, 'CPU': 24.0, 'node:172.17.34.3': 1.0, 'memory': 83177388237.0}
[2024-06-02 12:11:30,847][flwr][INFO] - Initializing global parameters
[2024-06-02 12:11:30,847][flwr][INFO] - Requesting initial parameters from one random client
[2024-06-02 12:11:31,902][flwr][INFO] - Received initial parameters from one random client
[2024-06-02 12:11:31,902][flwr][INFO] - Evaluating initial parameters
[2024-06-02 12:11:33,872][flwr][INFO] - initial parameters (loss, other metrics): 179.52067160606384, {'accuracy': 0.1104}
[2024-06-02 12:11:33,872][flwr][INFO] - FL starting
[2024-06-02 12:11:33,872][flwr][DEBUG] - fit_round 1: strategy sampled 10 clients (out of 50)
[2024-06-02 12:11:38,808][flwr][DEBUG] - fit_round 1 received 10 results and 0 failures
[2024-06-02 12:11:38,874][flwr][WARNING] - No fit_metrics_aggregation_fn provided
[2024-06-02 12:11:39,207][flwr][INFO] - fit progress: (1, 150.22979319095612, {'accuracy': 0.416}, 5.33538957638666)
[2024-06-02 12:11:39,208][flwr][DEBUG] - evaluate_round 1: strategy sampled 1 clients (out of 50)
[2024-06-02 12:11:39,374][flwr][DEBUG] - evaluate_round 1 received 1 results and 0 failures
[2024-06-02 12:11:39,374][flwr][WARNING] - No evaluate_metrics_aggregation_fn provided
[2024-06-02 12:11:39,374][flwr][DEBUG] - fit_round 2: strategy sampled 10 clients (out of 50)
[2024-06-02 12:11:40,222][flwr][DEBUG] - fit_round 2 received 10 results and 0 failures
[2024-06-02 12:11:40,605][flwr][INFO] - fit progress: (2, 111.27169919013977, {'accuracy': 0.4834}, 6.733013128396124)
[2024-06-02 12:11:40,605][flwr][DEBUG] - evaluate_round 2: strategy sampled 1 clients (out of 50)
[2024-06-02 12:11:40,768][flwr][DEBUG] - evaluate_round 2 received 1 results and 0 failures
[2024-06-02 12:11:40,768][flwr][DEBUG] - fit_round 3: strategy sampled 10 clients (out of 50)
[2024-06-02 12:11:41,639][flwr][DEBUG] - fit_round 3 received 10 results and 0 failures
[2024-06-02 12:11:42,024][flwr][INFO] - fit progress: (3, 87.77612817287445, {'accuracy': 0.5715}, 8.152186399325728)
[2024-06-02 12:11:42,024][flwr][DEBUG] - evaluate_round 3: strategy sampled 1 clients (out of 50)
[2024-06-02 12:11:42,214][flwr][DEBUG] - evaluate_round 3 received 1 results and 0 failures
[2024-06-02 12:11:42,214][flwr][DEBUG] - fit_round 4: strategy sampled 10 clients (out of 50)
[2024-06-02 12:11:42,940][flwr][DEBUG] - fit_round 4 received 10 results and 0 failures
[2024-06-02 12:11:43,320][flwr][INFO] - fit progress: (4, 41.963676542043686, {'accuracy': 0.8042}, 9.447932335082442)
[2024-06-02 12:11:43,320][flwr][DEBUG] - evaluate_round 4: strategy sampled 1 clients (out of 50)
[2024-06-02 12:11:43,490][flwr][DEBUG] - evaluate_round 4 received 1 results and 0 failures
[2024-06-02 12:11:43,490][flwr][DEBUG] - fit_round 5: strategy sampled 10 clients (out of 50)
[2024-06-02 12:11:44,268][flwr][DEBUG] - fit_round 5 received 10 results and 0 failures
[2024-06-02 12:11:44,650][flwr][INFO] - fit progress: (5, 27.300253503024578, {'accuracy': 0.8622}, 10.778094148263335)
[2024-06-02 12:11:44,650][flwr][DEBUG] - evaluate_round 5: strategy sampled 1 clients (out of 50)
[2024-06-02 12:11:44,875][flwr][DEBUG] - evaluate_round 5 received 1 results and 0 failures
[2024-06-02 12:11:44,875][flwr][DEBUG] - fit_round 6: strategy sampled 10 clients (out of 50)
[2024-06-02 12:11:45,582][flwr][DEBUG] - fit_round 6 received 10 results and 0 failures
[2024-06-02 12:11:45,964][flwr][INFO] - fit progress: (6, 15.819895416498184, {'accuracy': 0.9378}, 12.092227708082646)
[2024-06-02 12:11:45,964][flwr][DEBUG] - evaluate_round 6: strategy sampled 1 clients (out of 50)
[2024-06-02 12:11:46,134][flwr][DEBUG] - evaluate_round 6 received 1 results and 0 failures
[2024-06-02 12:11:46,134][flwr][DEBUG] - fit_round 7: strategy sampled 10 clients (out of 50)
[2024-06-02 12:11:46,884][flwr][DEBUG] - fit_round 7 received 10 results and 0 failures
[2024-06-02 12:11:47,267][flwr][INFO] - fit progress: (7, 21.69986354187131, {'accuracy': 0.9153}, 13.394611269235611)
[2024-06-02 12:11:47,267][flwr][DEBUG] - evaluate_round 7: strategy sampled 1 clients (out of 50)
[2024-06-02 12:11:47,468][flwr][DEBUG] - evaluate_round 7 received 1 results and 0 failures
[2024-06-02 12:11:47,468][flwr][DEBUG] - fit_round 8: strategy sampled 10 clients (out of 50)
[2024-06-02 12:11:48,183][flwr][DEBUG] - fit_round 8 received 10 results and 0 failures
[2024-06-02 12:11:48,565][flwr][INFO] - fit progress: (8, 15.894714262336493, {'accuracy': 0.9383}, 14.693196485284716)
[2024-06-02 12:11:48,565][flwr][DEBUG] - evaluate_round 8: strategy sampled 1 clients (out of 50)
[2024-06-02 12:11:48,743][flwr][DEBUG] - evaluate_round 8 received 1 results and 0 failures
[2024-06-02 12:11:48,744][flwr][DEBUG] - fit_round 9: strategy sampled 10 clients (out of 50)
[2024-06-02 12:11:49,525][flwr][DEBUG] - fit_round 9 received 10 results and 0 failures
[2024-06-02 12:11:49,918][flwr][INFO] - fit progress: (9, 12.425323855131865, {'accuracy': 0.956}, 16.046065831091255)
[2024-06-02 12:11:49,918][flwr][DEBUG] - evaluate_round 9: strategy sampled 1 clients (out of 50)
[2024-06-02 12:11:50,084][flwr][DEBUG] - evaluate_round 9 received 1 results and 0 failures
[2024-06-02 12:11:50,085][flwr][DEBUG] - fit_round 10: strategy sampled 10 clients (out of 50)
[2024-06-02 12:11:50,889][flwr][DEBUG] - fit_round 10 received 10 results and 0 failures
[2024-06-02 12:11:51,268][flwr][INFO] - fit progress: (10, 16.5149854272604, {'accuracy': 0.9171}, 17.396081920247525)
[2024-06-02 12:11:51,268][flwr][DEBUG] - evaluate_round 10: strategy sampled 1 clients (out of 50)
[2024-06-02 12:11:51,433][flwr][DEBUG] - evaluate_round 10 received 1 results and 0 failures
[2024-06-02 12:11:51,433][flwr][DEBUG] - fit_round 11: strategy sampled 10 clients (out of 50)
[2024-06-02 12:11:52,187][flwr][DEBUG] - fit_round 11 received 10 results and 0 failures
[2024-06-02 12:11:52,570][flwr][INFO] - fit progress: (11, 12.051640314981341, {'accuracy': 0.9543}, 18.698064523283392)
[2024-06-02 12:11:52,570][flwr][DEBUG] - evaluate_round 11: strategy sampled 1 clients (out of 50)
[2024-06-02 12:11:52,738][flwr][DEBUG] - evaluate_round 11 received 1 results and 0 failures
[2024-06-02 12:11:52,738][flwr][DEBUG] - fit_round 12: strategy sampled 10 clients (out of 50)
[2024-06-02 12:11:53,486][flwr][DEBUG] - fit_round 12 received 10 results and 0 failures
[2024-06-02 12:11:53,872][flwr][INFO] - fit progress: (12, 16.65371749177575, {'accuracy': 0.9285}, 19.99941700929776)
[2024-06-02 12:11:53,872][flwr][DEBUG] - evaluate_round 12: strategy sampled 1 clients (out of 50)
[2024-06-02 12:11:54,042][flwr][DEBUG] - evaluate_round 12 received 1 results and 0 failures
[2024-06-02 12:11:54,042][flwr][DEBUG] - fit_round 13: strategy sampled 10 clients (out of 50)
[2024-06-02 12:11:54,891][flwr][DEBUG] - fit_round 13 received 10 results and 0 failures
[2024-06-02 12:11:55,278][flwr][INFO] - fit progress: (13, 14.439789600670338, {'accuracy': 0.9294}, 21.406401006039232)
[2024-06-02 12:11:55,279][flwr][DEBUG] - evaluate_round 13: strategy sampled 1 clients (out of 50)
[2024-06-02 12:11:55,445][flwr][DEBUG] - evaluate_round 13 received 1 results and 0 failures
[2024-06-02 12:11:55,445][flwr][DEBUG] - fit_round 14: strategy sampled 10 clients (out of 50)
[2024-06-02 12:11:56,244][flwr][DEBUG] - fit_round 14 received 10 results and 0 failures
[2024-06-02 12:11:56,626][flwr][INFO] - fit progress: (14, 9.039665399119258, {'accuracy': 0.9601}, 22.75363523932174)
[2024-06-02 12:11:56,626][flwr][DEBUG] - evaluate_round 14: strategy sampled 1 clients (out of 50)
[2024-06-02 12:11:56,791][flwr][DEBUG] - evaluate_round 14 received 1 results and 0 failures
[2024-06-02 12:11:56,791][flwr][DEBUG] - fit_round 15: strategy sampled 10 clients (out of 50)
[2024-06-02 12:11:57,514][flwr][DEBUG] - fit_round 15 received 10 results and 0 failures
[2024-06-02 12:11:57,901][flwr][INFO] - fit progress: (15, 6.429460992338136, {'accuracy': 0.9739}, 24.028863665182143)
[2024-06-02 12:11:57,901][flwr][DEBUG] - evaluate_round 15: strategy sampled 1 clients (out of 50)
[2024-06-02 12:11:58,076][flwr][DEBUG] - evaluate_round 15 received 1 results and 0 failures
[2024-06-02 12:11:58,076][flwr][DEBUG] - fit_round 16: strategy sampled 10 clients (out of 50)
[2024-06-02 12:11:58,846][flwr][DEBUG] - fit_round 16 received 10 results and 0 failures
[2024-06-02 12:11:59,233][flwr][INFO] - fit progress: (16, 8.773829805548303, {'accuracy': 0.9652}, 25.361043196171522)
[2024-06-02 12:11:59,233][flwr][DEBUG] - evaluate_round 16: strategy sampled 1 clients (out of 50)
[2024-06-02 12:11:59,387][flwr][DEBUG] - evaluate_round 16 received 1 results and 0 failures
[2024-06-02 12:11:59,387][flwr][DEBUG] - fit_round 17: strategy sampled 10 clients (out of 50)
[2024-06-02 12:12:00,111][flwr][DEBUG] - fit_round 17 received 10 results and 0 failures
[2024-06-02 12:12:00,502][flwr][INFO] - fit progress: (17, 8.38511242927052, {'accuracy': 0.9678}, 26.629723034333438)
[2024-06-02 12:12:00,502][flwr][DEBUG] - evaluate_round 17: strategy sampled 1 clients (out of 50)
[2024-06-02 12:12:00,676][flwr][DEBUG] - evaluate_round 17 received 1 results and 0 failures
[2024-06-02 12:12:00,677][flwr][DEBUG] - fit_round 18: strategy sampled 10 clients (out of 50)
[2024-06-02 12:12:01,426][flwr][DEBUG] - fit_round 18 received 10 results and 0 failures
[2024-06-02 12:12:01,811][flwr][INFO] - fit progress: (18, 7.4821884566918015, {'accuracy': 0.9673}, 27.939241151325405)
[2024-06-02 12:12:01,811][flwr][DEBUG] - evaluate_round 18: strategy sampled 1 clients (out of 50)
[2024-06-02 12:12:01,949][flwr][DEBUG] - evaluate_round 18 received 1 results and 0 failures
[2024-06-02 12:12:01,949][flwr][DEBUG] - fit_round 19: strategy sampled 10 clients (out of 50)
[2024-06-02 12:12:02,767][flwr][DEBUG] - fit_round 19 received 10 results and 0 failures
[2024-06-02 12:12:03,155][flwr][INFO] - fit progress: (19, 5.71988332294859, {'accuracy': 0.9769}, 29.283207370433956)
[2024-06-02 12:12:03,155][flwr][DEBUG] - evaluate_round 19: strategy sampled 1 clients (out of 50)
[2024-06-02 12:12:03,341][flwr][DEBUG] - evaluate_round 19 received 1 results and 0 failures
[2024-06-02 12:12:03,341][flwr][DEBUG] - fit_round 20: strategy sampled 10 clients (out of 50)
[2024-06-02 12:12:04,140][flwr][DEBUG] - fit_round 20 received 10 results and 0 failures
[2024-06-02 12:12:04,523][flwr][INFO] - fit progress: (20, 5.978971304488368, {'accuracy': 0.9747}, 30.650864478200674)
[2024-06-02 12:12:04,523][flwr][DEBUG] - evaluate_round 20: strategy sampled 1 clients (out of 50)
[2024-06-02 12:12:04,692][flwr][DEBUG] - evaluate_round 20 received 1 results and 0 failures
[2024-06-02 12:12:04,692][flwr][DEBUG] - fit_round 21: strategy sampled 10 clients (out of 50)
[2024-06-02 12:12:05,453][flwr][DEBUG] - fit_round 21 received 10 results and 0 failures
[2024-06-02 12:12:05,845][flwr][INFO] - fit progress: (21, 4.916328560182592, {'accuracy': 0.9789}, 31.972409213427454)
[2024-06-02 12:12:05,845][flwr][DEBUG] - evaluate_round 21: strategy sampled 1 clients (out of 50)
[2024-06-02 12:12:06,007][flwr][DEBUG] - evaluate_round 21 received 1 results and 0 failures
[2024-06-02 12:12:06,007][flwr][DEBUG] - fit_round 22: strategy sampled 10 clients (out of 50)
[2024-06-02 12:12:06,770][flwr][DEBUG] - fit_round 22 received 10 results and 0 failures
[2024-06-02 12:12:07,153][flwr][INFO] - fit progress: (22, 7.873881386127323, {'accuracy': 0.9658}, 33.28135609207675)
[2024-06-02 12:12:07,154][flwr][DEBUG] - evaluate_round 22: strategy sampled 1 clients (out of 50)
[2024-06-02 12:12:07,306][flwr][DEBUG] - evaluate_round 22 received 1 results and 0 failures
[2024-06-02 12:12:07,306][flwr][DEBUG] - fit_round 23: strategy sampled 10 clients (out of 50)
[2024-06-02 12:12:08,092][flwr][DEBUG] - fit_round 23 received 10 results and 0 failures
[2024-06-02 12:12:08,481][flwr][INFO] - fit progress: (23, 5.002793609397486, {'accuracy': 0.9792}, 34.60878912406042)
[2024-06-02 12:12:08,481][flwr][DEBUG] - evaluate_round 23: strategy sampled 1 clients (out of 50)
[2024-06-02 12:12:08,650][flwr][DEBUG] - evaluate_round 23 received 1 results and 0 failures
[2024-06-02 12:12:08,650][flwr][DEBUG] - fit_round 24: strategy sampled 10 clients (out of 50)
[2024-06-02 12:12:09,335][flwr][DEBUG] - fit_round 24 received 10 results and 0 failures
[2024-06-02 12:12:09,722][flwr][INFO] - fit progress: (24, 6.789751047967002, {'accuracy': 0.9722}, 35.84998838743195)
[2024-06-02 12:12:09,722][flwr][DEBUG] - evaluate_round 24: strategy sampled 1 clients (out of 50)
[2024-06-02 12:12:09,893][flwr][DEBUG] - evaluate_round 24 received 1 results and 0 failures
[2024-06-02 12:12:09,893][flwr][DEBUG] - fit_round 25: strategy sampled 10 clients (out of 50)
[2024-06-02 12:12:10,632][flwr][DEBUG] - fit_round 25 received 10 results and 0 failures
[2024-06-02 12:12:11,022][flwr][INFO] - fit progress: (25, 7.872015937231481, {'accuracy': 0.967}, 37.1499809413217)
[2024-06-02 12:12:11,022][flwr][DEBUG] - evaluate_round 25: strategy sampled 1 clients (out of 50)
[2024-06-02 12:12:11,161][flwr][DEBUG] - evaluate_round 25 received 1 results and 0 failures
[2024-06-02 12:12:11,162][flwr][DEBUG] - fit_round 26: strategy sampled 10 clients (out of 50)
[2024-06-02 12:12:11,910][flwr][DEBUG] - fit_round 26 received 10 results and 0 failures
[2024-06-02 12:12:12,293][flwr][INFO] - fit progress: (26, 7.911562791094184, {'accuracy': 0.9696}, 38.420830520335585)
[2024-06-02 12:12:12,293][flwr][DEBUG] - evaluate_round 26: strategy sampled 1 clients (out of 50)
[2024-06-02 12:12:12,473][flwr][DEBUG] - evaluate_round 26 received 1 results and 0 failures
[2024-06-02 12:12:12,473][flwr][DEBUG] - fit_round 27: strategy sampled 10 clients (out of 50)
[2024-06-02 12:12:13,291][flwr][DEBUG] - fit_round 27 received 10 results and 0 failures
[2024-06-02 12:12:13,678][flwr][INFO] - fit progress: (27, 4.9986472716555, {'accuracy': 0.9794}, 39.805837432388216)
[2024-06-02 12:12:13,678][flwr][DEBUG] - evaluate_round 27: strategy sampled 1 clients (out of 50)
[2024-06-02 12:12:13,916][flwr][DEBUG] - evaluate_round 27 received 1 results and 0 failures
[2024-06-02 12:12:13,916][flwr][DEBUG] - fit_round 28: strategy sampled 10 clients (out of 50)
[2024-06-02 12:12:14,710][flwr][DEBUG] - fit_round 28 received 10 results and 0 failures
[2024-06-02 12:12:15,097][flwr][INFO] - fit progress: (28, 5.1221939662937075, {'accuracy': 0.9774}, 41.22441796027124)
[2024-06-02 12:12:15,097][flwr][DEBUG] - evaluate_round 28: strategy sampled 1 clients (out of 50)
[2024-06-02 12:12:15,267][flwr][DEBUG] - evaluate_round 28 received 1 results and 0 failures
[2024-06-02 12:12:15,267][flwr][DEBUG] - fit_round 29: strategy sampled 10 clients (out of 50)
[2024-06-02 12:12:16,059][flwr][DEBUG] - fit_round 29 received 10 results and 0 failures
[2024-06-02 12:12:16,446][flwr][INFO] - fit progress: (29, 4.566393934306689, {'accuracy': 0.9805}, 42.57401224505156)
[2024-06-02 12:12:16,446][flwr][DEBUG] - evaluate_round 29: strategy sampled 1 clients (out of 50)
[2024-06-02 12:12:16,613][flwr][DEBUG] - evaluate_round 29 received 1 results and 0 failures
[2024-06-02 12:12:16,614][flwr][DEBUG] - fit_round 30: strategy sampled 10 clients (out of 50)
[2024-06-02 12:12:17,332][flwr][DEBUG] - fit_round 30 received 10 results and 0 failures
[2024-06-02 12:12:17,717][flwr][INFO] - fit progress: (30, 5.30735666770488, {'accuracy': 0.9757}, 43.84464207617566)
[2024-06-02 12:12:17,717][flwr][DEBUG] - evaluate_round 30: strategy sampled 1 clients (out of 50)
[2024-06-02 12:12:17,887][flwr][DEBUG] - evaluate_round 30 received 1 results and 0 failures
[2024-06-02 12:12:17,887][flwr][DEBUG] - fit_round 31: strategy sampled 10 clients (out of 50)
[2024-06-02 12:12:18,664][flwr][DEBUG] - fit_round 31 received 10 results and 0 failures
[2024-06-02 12:12:19,054][flwr][INFO] - fit progress: (31, 7.7700761295855045, {'accuracy': 0.963}, 45.182182328309864)
[2024-06-02 12:12:19,054][flwr][DEBUG] - evaluate_round 31: strategy sampled 1 clients (out of 50)
[2024-06-02 12:12:19,251][flwr][DEBUG] - evaluate_round 31 received 1 results and 0 failures
[2024-06-02 12:12:19,251][flwr][DEBUG] - fit_round 32: strategy sampled 10 clients (out of 50)
[2024-06-02 12:12:19,996][flwr][DEBUG] - fit_round 32 received 10 results and 0 failures
[2024-06-02 12:12:20,385][flwr][INFO] - fit progress: (32, 4.3854874719982035, {'accuracy': 0.9805}, 46.51293486543)
[2024-06-02 12:12:20,385][flwr][DEBUG] - evaluate_round 32: strategy sampled 1 clients (out of 50)
[2024-06-02 12:12:20,571][flwr][DEBUG] - evaluate_round 32 received 1 results and 0 failures
[2024-06-02 12:12:20,571][flwr][DEBUG] - fit_round 33: strategy sampled 10 clients (out of 50)
[2024-06-02 12:12:21,381][flwr][DEBUG] - fit_round 33 received 10 results and 0 failures
[2024-06-02 12:12:21,770][flwr][INFO] - fit progress: (33, 4.799408435399528, {'accuracy': 0.9799}, 47.89787923824042)
[2024-06-02 12:12:21,770][flwr][DEBUG] - evaluate_round 33: strategy sampled 1 clients (out of 50)
[2024-06-02 12:12:21,940][flwr][DEBUG] - evaluate_round 33 received 1 results and 0 failures
[2024-06-02 12:12:21,940][flwr][DEBUG] - fit_round 34: strategy sampled 10 clients (out of 50)
[2024-06-02 12:12:22,689][flwr][DEBUG] - fit_round 34 received 10 results and 0 failures
[2024-06-02 12:12:23,080][flwr][INFO] - fit progress: (34, 4.932060129591264, {'accuracy': 0.979}, 49.207503164187074)
[2024-06-02 12:12:23,080][flwr][DEBUG] - evaluate_round 34: strategy sampled 1 clients (out of 50)
[2024-06-02 12:12:23,231][flwr][DEBUG] - evaluate_round 34 received 1 results and 0 failures
[2024-06-02 12:12:23,231][flwr][DEBUG] - fit_round 35: strategy sampled 10 clients (out of 50)
[2024-06-02 12:12:24,058][flwr][DEBUG] - fit_round 35 received 10 results and 0 failures
[2024-06-02 12:12:24,448][flwr][INFO] - fit progress: (35, 7.214115136972396, {'accuracy': 0.9729}, 50.57560829306021)
[2024-06-02 12:12:24,448][flwr][DEBUG] - evaluate_round 35: strategy sampled 1 clients (out of 50)
[2024-06-02 12:12:24,626][flwr][DEBUG] - evaluate_round 35 received 1 results and 0 failures
[2024-06-02 12:12:24,626][flwr][DEBUG] - fit_round 36: strategy sampled 10 clients (out of 50)
[2024-06-02 12:12:25,411][flwr][DEBUG] - fit_round 36 received 10 results and 0 failures
[2024-06-02 12:12:25,798][flwr][INFO] - fit progress: (36, 4.260996097174939, {'accuracy': 0.9814}, 51.92604303313419)
[2024-06-02 12:12:25,798][flwr][DEBUG] - evaluate_round 36: strategy sampled 1 clients (out of 50)
[2024-06-02 12:12:25,972][flwr][DEBUG] - evaluate_round 36 received 1 results and 0 failures
[2024-06-02 12:12:25,972][flwr][DEBUG] - fit_round 37: strategy sampled 10 clients (out of 50)
[2024-06-02 12:12:26,757][flwr][DEBUG] - fit_round 37 received 10 results and 0 failures
[2024-06-02 12:12:27,142][flwr][INFO] - fit progress: (37, 5.998543605848681, {'accuracy': 0.9775}, 53.26980897132307)
[2024-06-02 12:12:27,142][flwr][DEBUG] - evaluate_round 37: strategy sampled 1 clients (out of 50)
[2024-06-02 12:12:27,283][flwr][DEBUG] - evaluate_round 37 received 1 results and 0 failures
[2024-06-02 12:12:27,284][flwr][DEBUG] - fit_round 38: strategy sampled 10 clients (out of 50)
[2024-06-02 12:12:28,054][flwr][DEBUG] - fit_round 38 received 10 results and 0 failures
[2024-06-02 12:12:28,436][flwr][INFO] - fit progress: (38, 4.489780260249972, {'accuracy': 0.9784}, 54.56369280209765)
[2024-06-02 12:12:28,436][flwr][DEBUG] - evaluate_round 38: strategy sampled 1 clients (out of 50)
[2024-06-02 12:12:28,611][flwr][DEBUG] - evaluate_round 38 received 1 results and 0 failures
[2024-06-02 12:12:28,611][flwr][DEBUG] - fit_round 39: strategy sampled 10 clients (out of 50)
[2024-06-02 12:12:29,446][flwr][DEBUG] - fit_round 39 received 10 results and 0 failures
[2024-06-02 12:12:29,837][flwr][INFO] - fit progress: (39, 3.8713604267977644, {'accuracy': 0.9833}, 55.96460744133219)
[2024-06-02 12:12:29,837][flwr][DEBUG] - evaluate_round 39: strategy sampled 1 clients (out of 50)
[2024-06-02 12:12:30,016][flwr][DEBUG] - evaluate_round 39 received 1 results and 0 failures
[2024-06-02 12:12:30,016][flwr][DEBUG] - fit_round 40: strategy sampled 10 clients (out of 50)
[2024-06-02 12:12:30,749][flwr][DEBUG] - fit_round 40 received 10 results and 0 failures
[2024-06-02 12:12:31,137][flwr][INFO] - fit progress: (40, 5.258639411651529, {'accuracy': 0.9788}, 57.26482156198472)
[2024-06-02 12:12:31,137][flwr][DEBUG] - evaluate_round 40: strategy sampled 1 clients (out of 50)
[2024-06-02 12:12:31,302][flwr][DEBUG] - evaluate_round 40 received 1 results and 0 failures
[2024-06-02 12:12:31,302][flwr][DEBUG] - fit_round 41: strategy sampled 10 clients (out of 50)
[2024-06-02 12:12:32,063][flwr][DEBUG] - fit_round 41 received 10 results and 0 failures
[2024-06-02 12:12:32,455][flwr][INFO] - fit progress: (41, 5.046093339908111, {'accuracy': 0.9798}, 58.58306669536978)
[2024-06-02 12:12:32,455][flwr][DEBUG] - evaluate_round 41: strategy sampled 1 clients (out of 50)
[2024-06-02 12:12:32,612][flwr][DEBUG] - evaluate_round 41 received 1 results and 0 failures
[2024-06-02 12:12:32,612][flwr][DEBUG] - fit_round 42: strategy sampled 10 clients (out of 50)
[2024-06-02 12:12:33,334][flwr][DEBUG] - fit_round 42 received 10 results and 0 failures
[2024-06-02 12:12:33,723][flwr][INFO] - fit progress: (42, 5.352332758484408, {'accuracy': 0.9779}, 59.85070664715022)
[2024-06-02 12:12:33,723][flwr][DEBUG] - evaluate_round 42: strategy sampled 1 clients (out of 50)
[2024-06-02 12:12:33,894][flwr][DEBUG] - evaluate_round 42 received 1 results and 0 failures
[2024-06-02 12:12:33,894][flwr][DEBUG] - fit_round 43: strategy sampled 10 clients (out of 50)
[2024-06-02 12:12:34,655][flwr][DEBUG] - fit_round 43 received 10 results and 0 failures
[2024-06-02 12:12:35,049][flwr][INFO] - fit progress: (43, 4.1409137435257435, {'accuracy': 0.9812}, 61.17736188834533)
[2024-06-02 12:12:35,050][flwr][DEBUG] - evaluate_round 43: strategy sampled 1 clients (out of 50)
[2024-06-02 12:12:35,200][flwr][DEBUG] - evaluate_round 43 received 1 results and 0 failures
[2024-06-02 12:12:35,200][flwr][DEBUG] - fit_round 44: strategy sampled 10 clients (out of 50)
[2024-06-02 12:12:36,055][flwr][DEBUG] - fit_round 44 received 10 results and 0 failures
[2024-06-02 12:12:36,438][flwr][INFO] - fit progress: (44, 4.009704712283565, {'accuracy': 0.9813}, 62.5654222513549)
[2024-06-02 12:12:36,438][flwr][DEBUG] - evaluate_round 44: strategy sampled 1 clients (out of 50)
[2024-06-02 12:12:36,609][flwr][DEBUG] - evaluate_round 44 received 1 results and 0 failures
[2024-06-02 12:12:36,610][flwr][DEBUG] - fit_round 45: strategy sampled 10 clients (out of 50)
[2024-06-02 12:12:37,382][flwr][DEBUG] - fit_round 45 received 10 results and 0 failures
[2024-06-02 12:12:37,774][flwr][INFO] - fit progress: (45, 3.8514241311931983, {'accuracy': 0.9812}, 63.90208851918578)
[2024-06-02 12:12:37,774][flwr][DEBUG] - evaluate_round 45: strategy sampled 1 clients (out of 50)
[2024-06-02 12:12:37,945][flwr][DEBUG] - evaluate_round 45 received 1 results and 0 failures
[2024-06-02 12:12:37,945][flwr][DEBUG] - fit_round 46: strategy sampled 10 clients (out of 50)
[2024-06-02 12:12:38,734][flwr][DEBUG] - fit_round 46 received 10 results and 0 failures
[2024-06-02 12:12:39,120][flwr][INFO] - fit progress: (46, 4.708069479558617, {'accuracy': 0.9794}, 65.2481002761051)
[2024-06-02 12:12:39,120][flwr][DEBUG] - evaluate_round 46: strategy sampled 1 clients (out of 50)
[2024-06-02 12:12:39,297][flwr][DEBUG] - evaluate_round 46 received 1 results and 0 failures
[2024-06-02 12:12:39,298][flwr][DEBUG] - fit_round 47: strategy sampled 10 clients (out of 50)
[2024-06-02 12:12:40,035][flwr][DEBUG] - fit_round 47 received 10 results and 0 failures
[2024-06-02 12:12:40,425][flwr][INFO] - fit progress: (47, 4.565633496094961, {'accuracy': 0.9794}, 66.55241512041539)
[2024-06-02 12:12:40,425][flwr][DEBUG] - evaluate_round 47: strategy sampled 1 clients (out of 50)
[2024-06-02 12:12:40,597][flwr][DEBUG] - evaluate_round 47 received 1 results and 0 failures
[2024-06-02 12:12:40,597][flwr][DEBUG] - fit_round 48: strategy sampled 10 clients (out of 50)
[2024-06-02 12:12:41,356][flwr][DEBUG] - fit_round 48 received 10 results and 0 failures
[2024-06-02 12:12:41,742][flwr][INFO] - fit progress: (48, 3.875273793353699, {'accuracy': 0.984}, 67.87025957228616)
[2024-06-02 12:12:41,742][flwr][DEBUG] - evaluate_round 48: strategy sampled 1 clients (out of 50)
[2024-06-02 12:12:41,913][flwr][DEBUG] - evaluate_round 48 received 1 results and 0 failures
[2024-06-02 12:12:41,913][flwr][DEBUG] - fit_round 49: strategy sampled 10 clients (out of 50)
[2024-06-02 12:12:42,701][flwr][DEBUG] - fit_round 49 received 10 results and 0 failures
[2024-06-02 12:12:43,088][flwr][INFO] - fit progress: (49, 6.6120163628220325, {'accuracy': 0.9769}, 69.21571292402223)
[2024-06-02 12:12:43,088][flwr][DEBUG] - evaluate_round 49: strategy sampled 1 clients (out of 50)
[2024-06-02 12:12:43,228][flwr][DEBUG] - evaluate_round 49 received 1 results and 0 failures
[2024-06-02 12:12:43,228][flwr][DEBUG] - fit_round 50: strategy sampled 10 clients (out of 50)
[2024-06-02 12:12:43,982][flwr][DEBUG] - fit_round 50 received 10 results and 0 failures
[2024-06-02 12:12:44,371][flwr][INFO] - fit progress: (50, 4.849363868823275, {'accuracy': 0.9789}, 70.49842490302399)
[2024-06-02 12:12:44,371][flwr][DEBUG] - evaluate_round 50: strategy sampled 1 clients (out of 50)
[2024-06-02 12:12:44,547][flwr][DEBUG] - evaluate_round 50 received 1 results and 0 failures
[2024-06-02 12:12:44,547][flwr][DEBUG] - fit_round 51: strategy sampled 10 clients (out of 50)
[2024-06-02 12:12:45,332][flwr][DEBUG] - fit_round 51 received 10 results and 0 failures
[2024-06-02 12:12:45,722][flwr][INFO] - fit progress: (51, 3.7522195842975634, {'accuracy': 0.9833}, 71.85023386916146)
[2024-06-02 12:12:45,722][flwr][DEBUG] - evaluate_round 51: strategy sampled 1 clients (out of 50)
[2024-06-02 12:12:45,880][flwr][DEBUG] - evaluate_round 51 received 1 results and 0 failures
[2024-06-02 12:12:45,880][flwr][DEBUG] - fit_round 52: strategy sampled 10 clients (out of 50)
[2024-06-02 12:12:46,607][flwr][DEBUG] - fit_round 52 received 10 results and 0 failures
[2024-06-02 12:12:46,989][flwr][INFO] - fit progress: (52, 4.278674075962044, {'accuracy': 0.9825}, 73.11730396002531)
[2024-06-02 12:12:46,990][flwr][DEBUG] - evaluate_round 52: strategy sampled 1 clients (out of 50)
[2024-06-02 12:12:47,141][flwr][DEBUG] - evaluate_round 52 received 1 results and 0 failures
[2024-06-02 12:12:47,141][flwr][DEBUG] - fit_round 53: strategy sampled 10 clients (out of 50)
[2024-06-02 12:12:47,924][flwr][DEBUG] - fit_round 53 received 10 results and 0 failures
[2024-06-02 12:12:48,311][flwr][INFO] - fit progress: (53, 2.9131668140908005, {'accuracy': 0.9869}, 74.43896460812539)
[2024-06-02 12:12:48,311][flwr][DEBUG] - evaluate_round 53: strategy sampled 1 clients (out of 50)
[2024-06-02 12:12:48,479][flwr][DEBUG] - evaluate_round 53 received 1 results and 0 failures
[2024-06-02 12:12:48,479][flwr][DEBUG] - fit_round 54: strategy sampled 10 clients (out of 50)
[2024-06-02 12:12:49,226][flwr][DEBUG] - fit_round 54 received 10 results and 0 failures
[2024-06-02 12:12:49,613][flwr][INFO] - fit progress: (54, 4.966772746003699, {'accuracy': 0.9805}, 75.74105266714469)
[2024-06-02 12:12:49,613][flwr][DEBUG] - evaluate_round 54: strategy sampled 1 clients (out of 50)
[2024-06-02 12:12:49,795][flwr][DEBUG] - evaluate_round 54 received 1 results and 0 failures
[2024-06-02 12:12:49,795][flwr][DEBUG] - fit_round 55: strategy sampled 10 clients (out of 50)
[2024-06-02 12:12:50,538][flwr][DEBUG] - fit_round 55 received 10 results and 0 failures
[2024-06-02 12:12:50,930][flwr][INFO] - fit progress: (55, 3.9969545698841102, {'accuracy': 0.982}, 77.05816451227292)
[2024-06-02 12:12:50,930][flwr][DEBUG] - evaluate_round 55: strategy sampled 1 clients (out of 50)
[2024-06-02 12:12:51,098][flwr][DEBUG] - evaluate_round 55 received 1 results and 0 failures
[2024-06-02 12:12:51,098][flwr][DEBUG] - fit_round 56: strategy sampled 10 clients (out of 50)
[2024-06-02 12:12:51,868][flwr][DEBUG] - fit_round 56 received 10 results and 0 failures
[2024-06-02 12:12:52,253][flwr][INFO] - fit progress: (56, 3.1526440346096933, {'accuracy': 0.986}, 78.38044015225023)
[2024-06-02 12:12:52,253][flwr][DEBUG] - evaluate_round 56: strategy sampled 1 clients (out of 50)
[2024-06-02 12:12:52,425][flwr][DEBUG] - evaluate_round 56 received 1 results and 0 failures
[2024-06-02 12:12:52,425][flwr][DEBUG] - fit_round 57: strategy sampled 10 clients (out of 50)
[2024-06-02 12:12:53,219][flwr][DEBUG] - fit_round 57 received 10 results and 0 failures
[2024-06-02 12:12:53,606][flwr][INFO] - fit progress: (57, 4.539534302080028, {'accuracy': 0.9831}, 79.73393742227927)
[2024-06-02 12:12:53,606][flwr][DEBUG] - evaluate_round 57: strategy sampled 1 clients (out of 50)
[2024-06-02 12:12:53,763][flwr][DEBUG] - evaluate_round 57 received 1 results and 0 failures
[2024-06-02 12:12:53,764][flwr][DEBUG] - fit_round 58: strategy sampled 10 clients (out of 50)
[2024-06-02 12:12:54,568][flwr][DEBUG] - fit_round 58 received 10 results and 0 failures
[2024-06-02 12:12:54,964][flwr][INFO] - fit progress: (58, 3.2305286102564423, {'accuracy': 0.9859}, 81.09171098237857)
[2024-06-02 12:12:54,964][flwr][DEBUG] - evaluate_round 58: strategy sampled 1 clients (out of 50)
[2024-06-02 12:12:55,142][flwr][DEBUG] - evaluate_round 58 received 1 results and 0 failures
[2024-06-02 12:12:55,142][flwr][DEBUG] - fit_round 59: strategy sampled 10 clients (out of 50)
[2024-06-02 12:12:55,913][flwr][DEBUG] - fit_round 59 received 10 results and 0 failures
[2024-06-02 12:12:56,305][flwr][INFO] - fit progress: (59, 4.184768061790237, {'accuracy': 0.9847}, 82.43320837244391)
[2024-06-02 12:12:56,305][flwr][DEBUG] - evaluate_round 59: strategy sampled 1 clients (out of 50)
[2024-06-02 12:12:56,455][flwr][DEBUG] - evaluate_round 59 received 1 results and 0 failures
[2024-06-02 12:12:56,455][flwr][DEBUG] - fit_round 60: strategy sampled 10 clients (out of 50)
[2024-06-02 12:12:57,255][flwr][DEBUG] - fit_round 60 received 10 results and 0 failures
[2024-06-02 12:12:57,641][flwr][INFO] - fit progress: (60, 3.568058116004977, {'accuracy': 0.9851}, 83.76889825705439)
[2024-06-02 12:12:57,641][flwr][DEBUG] - evaluate_round 60: strategy sampled 1 clients (out of 50)
[2024-06-02 12:12:57,821][flwr][DEBUG] - evaluate_round 60 received 1 results and 0 failures
[2024-06-02 12:12:57,822][flwr][DEBUG] - fit_round 61: strategy sampled 10 clients (out of 50)
[2024-06-02 12:12:58,629][flwr][DEBUG] - fit_round 61 received 10 results and 0 failures
[2024-06-02 12:12:59,020][flwr][INFO] - fit progress: (61, 3.260775692964671, {'accuracy': 0.9864}, 85.14742551604286)
[2024-06-02 12:12:59,020][flwr][DEBUG] - evaluate_round 61: strategy sampled 1 clients (out of 50)
[2024-06-02 12:12:59,196][flwr][DEBUG] - evaluate_round 61 received 1 results and 0 failures
[2024-06-02 12:12:59,196][flwr][DEBUG] - fit_round 62: strategy sampled 10 clients (out of 50)
[2024-06-02 12:13:00,028][flwr][DEBUG] - fit_round 62 received 10 results and 0 failures
[2024-06-02 12:13:00,412][flwr][INFO] - fit progress: (62, 4.6146623655513395, {'accuracy': 0.9848}, 86.5403508450836)
[2024-06-02 12:13:00,413][flwr][DEBUG] - evaluate_round 62: strategy sampled 1 clients (out of 50)
[2024-06-02 12:13:00,586][flwr][DEBUG] - evaluate_round 62 received 1 results and 0 failures
[2024-06-02 12:13:00,587][flwr][DEBUG] - fit_round 63: strategy sampled 10 clients (out of 50)
[2024-06-02 12:13:01,431][flwr][DEBUG] - fit_round 63 received 10 results and 0 failures
[2024-06-02 12:13:01,821][flwr][INFO] - fit progress: (63, 3.192085739447066, {'accuracy': 0.9871}, 87.9488230412826)
[2024-06-02 12:13:01,821][flwr][DEBUG] - evaluate_round 63: strategy sampled 1 clients (out of 50)
[2024-06-02 12:13:01,988][flwr][DEBUG] - evaluate_round 63 received 1 results and 0 failures
[2024-06-02 12:13:01,989][flwr][DEBUG] - fit_round 64: strategy sampled 10 clients (out of 50)
[2024-06-02 12:13:02,748][flwr][DEBUG] - fit_round 64 received 10 results and 0 failures
[2024-06-02 12:13:03,134][flwr][INFO] - fit progress: (64, 3.4064383346794784, {'accuracy': 0.9845}, 89.26210942026228)
[2024-06-02 12:13:03,134][flwr][DEBUG] - evaluate_round 64: strategy sampled 1 clients (out of 50)
[2024-06-02 12:13:03,315][flwr][DEBUG] - evaluate_round 64 received 1 results and 0 failures
[2024-06-02 12:13:03,315][flwr][DEBUG] - fit_round 65: strategy sampled 10 clients (out of 50)
[2024-06-02 12:13:04,064][flwr][DEBUG] - fit_round 65 received 10 results and 0 failures
[2024-06-02 12:13:04,450][flwr][INFO] - fit progress: (65, 3.7031167078785074, {'accuracy': 0.9868}, 90.57780458312482)
[2024-06-02 12:13:04,450][flwr][DEBUG] - evaluate_round 65: strategy sampled 1 clients (out of 50)
[2024-06-02 12:13:04,588][flwr][DEBUG] - evaluate_round 65 received 1 results and 0 failures
[2024-06-02 12:13:04,589][flwr][DEBUG] - fit_round 66: strategy sampled 10 clients (out of 50)
[2024-06-02 12:13:05,379][flwr][DEBUG] - fit_round 66 received 10 results and 0 failures
[2024-06-02 12:13:05,762][flwr][INFO] - fit progress: (66, 4.4782249657041575, {'accuracy': 0.9861}, 91.8900505900383)
[2024-06-02 12:13:05,762][flwr][DEBUG] - evaluate_round 66: strategy sampled 1 clients (out of 50)
[2024-06-02 12:13:06,004][flwr][DEBUG] - evaluate_round 66 received 1 results and 0 failures
[2024-06-02 12:13:06,004][flwr][DEBUG] - fit_round 67: strategy sampled 10 clients (out of 50)
[2024-06-02 12:13:06,744][flwr][DEBUG] - fit_round 67 received 10 results and 0 failures
[2024-06-02 12:13:07,135][flwr][INFO] - fit progress: (67, 3.7636053519636334, {'accuracy': 0.985}, 93.26268343627453)
[2024-06-02 12:13:07,135][flwr][DEBUG] - evaluate_round 67: strategy sampled 1 clients (out of 50)
[2024-06-02 12:13:07,310][flwr][DEBUG] - evaluate_round 67 received 1 results and 0 failures
[2024-06-02 12:13:07,310][flwr][DEBUG] - fit_round 68: strategy sampled 10 clients (out of 50)
[2024-06-02 12:13:08,026][flwr][DEBUG] - fit_round 68 received 10 results and 0 failures
[2024-06-02 12:13:08,420][flwr][INFO] - fit progress: (68, 3.282096717707418, {'accuracy': 0.987}, 94.54748915228993)
[2024-06-02 12:13:08,420][flwr][DEBUG] - evaluate_round 68: strategy sampled 1 clients (out of 50)
[2024-06-02 12:13:08,572][flwr][DEBUG] - evaluate_round 68 received 1 results and 0 failures
[2024-06-02 12:13:08,572][flwr][DEBUG] - fit_round 69: strategy sampled 10 clients (out of 50)
[2024-06-02 12:13:09,313][flwr][DEBUG] - fit_round 69 received 10 results and 0 failures
[2024-06-02 12:13:09,710][flwr][INFO] - fit progress: (69, 4.05307807713325, {'accuracy': 0.9844}, 95.83743695914745)
[2024-06-02 12:13:09,710][flwr][DEBUG] - evaluate_round 69: strategy sampled 1 clients (out of 50)
[2024-06-02 12:13:09,884][flwr][DEBUG] - evaluate_round 69 received 1 results and 0 failures
[2024-06-02 12:13:09,884][flwr][DEBUG] - fit_round 70: strategy sampled 10 clients (out of 50)
[2024-06-02 12:13:10,681][flwr][DEBUG] - fit_round 70 received 10 results and 0 failures
[2024-06-02 12:13:11,071][flwr][INFO] - fit progress: (70, 3.067995209719811, {'accuracy': 0.9883}, 97.19928740011528)
[2024-06-02 12:13:11,072][flwr][DEBUG] - evaluate_round 70: strategy sampled 1 clients (out of 50)
[2024-06-02 12:13:11,207][flwr][DEBUG] - evaluate_round 70 received 1 results and 0 failures
[2024-06-02 12:13:11,207][flwr][DEBUG] - fit_round 71: strategy sampled 10 clients (out of 50)
[2024-06-02 12:13:11,972][flwr][DEBUG] - fit_round 71 received 10 results and 0 failures
[2024-06-02 12:13:12,360][flwr][INFO] - fit progress: (71, 2.763837530666933, {'accuracy': 0.9871}, 98.48764713807032)
[2024-06-02 12:13:12,360][flwr][DEBUG] - evaluate_round 71: strategy sampled 1 clients (out of 50)
[2024-06-02 12:13:12,512][flwr][DEBUG] - evaluate_round 71 received 1 results and 0 failures
[2024-06-02 12:13:12,512][flwr][DEBUG] - fit_round 72: strategy sampled 10 clients (out of 50)
[2024-06-02 12:13:13,307][flwr][DEBUG] - fit_round 72 received 10 results and 0 failures
[2024-06-02 12:13:13,691][flwr][INFO] - fit progress: (72, 4.07776782246583, {'accuracy': 0.9853}, 99.81933215819299)
[2024-06-02 12:13:13,692][flwr][DEBUG] - evaluate_round 72: strategy sampled 1 clients (out of 50)
[2024-06-02 12:13:13,841][flwr][DEBUG] - evaluate_round 72 received 1 results and 0 failures
[2024-06-02 12:13:13,841][flwr][DEBUG] - fit_round 73: strategy sampled 10 clients (out of 50)
[2024-06-02 12:13:14,629][flwr][DEBUG] - fit_round 73 received 10 results and 0 failures
[2024-06-02 12:13:15,031][flwr][INFO] - fit progress: (73, 3.0056198507081717, {'accuracy': 0.9864}, 101.15844453219324)
[2024-06-02 12:13:15,031][flwr][DEBUG] - evaluate_round 73: strategy sampled 1 clients (out of 50)
[2024-06-02 12:13:15,204][flwr][DEBUG] - evaluate_round 73 received 1 results and 0 failures
[2024-06-02 12:13:15,204][flwr][DEBUG] - fit_round 74: strategy sampled 10 clients (out of 50)
[2024-06-02 12:13:15,940][flwr][DEBUG] - fit_round 74 received 10 results and 0 failures
[2024-06-02 12:13:16,324][flwr][INFO] - fit progress: (74, 4.170059664997098, {'accuracy': 0.9835}, 102.45213372213766)
[2024-06-02 12:13:16,324][flwr][DEBUG] - evaluate_round 74: strategy sampled 1 clients (out of 50)
[2024-06-02 12:13:16,513][flwr][DEBUG] - evaluate_round 74 received 1 results and 0 failures
[2024-06-02 12:13:16,513][flwr][DEBUG] - fit_round 75: strategy sampled 10 clients (out of 50)
[2024-06-02 12:13:17,311][flwr][DEBUG] - fit_round 75 received 10 results and 0 failures
[2024-06-02 12:13:17,695][flwr][INFO] - fit progress: (75, 4.783915165458893, {'accuracy': 0.9846}, 103.82293474534526)
[2024-06-02 12:13:17,695][flwr][DEBUG] - evaluate_round 75: strategy sampled 1 clients (out of 50)
[2024-06-02 12:13:17,856][flwr][DEBUG] - evaluate_round 75 received 1 results and 0 failures
[2024-06-02 12:13:17,856][flwr][DEBUG] - fit_round 76: strategy sampled 10 clients (out of 50)
[2024-06-02 12:13:18,655][flwr][DEBUG] - fit_round 76 received 10 results and 0 failures
[2024-06-02 12:13:19,048][flwr][INFO] - fit progress: (76, 3.810385413333279, {'accuracy': 0.9848}, 105.17612421326339)
[2024-06-02 12:13:19,048][flwr][DEBUG] - evaluate_round 76: strategy sampled 1 clients (out of 50)
[2024-06-02 12:13:19,225][flwr][DEBUG] - evaluate_round 76 received 1 results and 0 failures
[2024-06-02 12:13:19,225][flwr][DEBUG] - fit_round 77: strategy sampled 10 clients (out of 50)
[2024-06-02 12:13:19,981][flwr][DEBUG] - fit_round 77 received 10 results and 0 failures
[2024-06-02 12:13:20,369][flwr][INFO] - fit progress: (77, 3.6040582037912827, {'accuracy': 0.9867}, 106.49733501905575)
[2024-06-02 12:13:20,370][flwr][DEBUG] - evaluate_round 77: strategy sampled 1 clients (out of 50)
[2024-06-02 12:13:20,547][flwr][DEBUG] - evaluate_round 77 received 1 results and 0 failures
[2024-06-02 12:13:20,547][flwr][DEBUG] - fit_round 78: strategy sampled 10 clients (out of 50)
[2024-06-02 12:13:21,305][flwr][DEBUG] - fit_round 78 received 10 results and 0 failures
[2024-06-02 12:13:21,690][flwr][INFO] - fit progress: (78, 4.110492216990679, {'accuracy': 0.9842}, 107.81748224934563)
[2024-06-02 12:13:21,690][flwr][DEBUG] - evaluate_round 78: strategy sampled 1 clients (out of 50)
[2024-06-02 12:13:21,857][flwr][DEBUG] - evaluate_round 78 received 1 results and 0 failures
[2024-06-02 12:13:21,857][flwr][DEBUG] - fit_round 79: strategy sampled 10 clients (out of 50)
[2024-06-02 12:13:22,582][flwr][DEBUG] - fit_round 79 received 10 results and 0 failures
[2024-06-02 12:13:22,974][flwr][INFO] - fit progress: (79, 4.045507742819154, {'accuracy': 0.9845}, 109.10217495029792)
[2024-06-02 12:13:22,974][flwr][DEBUG] - evaluate_round 79: strategy sampled 1 clients (out of 50)
[2024-06-02 12:13:23,123][flwr][DEBUG] - evaluate_round 79 received 1 results and 0 failures
[2024-06-02 12:13:23,123][flwr][DEBUG] - fit_round 80: strategy sampled 10 clients (out of 50)
[2024-06-02 12:13:23,947][flwr][DEBUG] - fit_round 80 received 10 results and 0 failures
[2024-06-02 12:13:24,330][flwr][INFO] - fit progress: (80, 4.189115247929863, {'accuracy': 0.9857}, 110.4574167272076)
[2024-06-02 12:13:24,330][flwr][DEBUG] - evaluate_round 80: strategy sampled 1 clients (out of 50)
[2024-06-02 12:13:24,513][flwr][DEBUG] - evaluate_round 80 received 1 results and 0 failures
[2024-06-02 12:13:24,513][flwr][DEBUG] - fit_round 81: strategy sampled 10 clients (out of 50)
[2024-06-02 12:13:25,324][flwr][DEBUG] - fit_round 81 received 10 results and 0 failures
[2024-06-02 12:13:25,714][flwr][INFO] - fit progress: (81, 3.626885230478365, {'accuracy': 0.9868}, 111.84183211205527)
[2024-06-02 12:13:25,714][flwr][DEBUG] - evaluate_round 81: strategy sampled 1 clients (out of 50)
[2024-06-02 12:13:25,884][flwr][DEBUG] - evaluate_round 81 received 1 results and 0 failures
[2024-06-02 12:13:25,884][flwr][DEBUG] - fit_round 82: strategy sampled 10 clients (out of 50)
[2024-06-02 12:13:26,627][flwr][DEBUG] - fit_round 82 received 10 results and 0 failures
[2024-06-02 12:13:27,024][flwr][INFO] - fit progress: (82, 3.0804004007914045, {'accuracy': 0.9874}, 113.1516987211071)
[2024-06-02 12:13:27,024][flwr][DEBUG] - evaluate_round 82: strategy sampled 1 clients (out of 50)
[2024-06-02 12:13:27,190][flwr][DEBUG] - evaluate_round 82 received 1 results and 0 failures
[2024-06-02 12:13:27,190][flwr][DEBUG] - fit_round 83: strategy sampled 10 clients (out of 50)
[2024-06-02 12:13:27,937][flwr][DEBUG] - fit_round 83 received 10 results and 0 failures
[2024-06-02 12:13:28,324][flwr][INFO] - fit progress: (83, 5.93759161575872, {'accuracy': 0.9805}, 114.45223822211847)
[2024-06-02 12:13:28,324][flwr][DEBUG] - evaluate_round 83: strategy sampled 1 clients (out of 50)
[2024-06-02 12:13:28,499][flwr][DEBUG] - evaluate_round 83 received 1 results and 0 failures
[2024-06-02 12:13:28,499][flwr][DEBUG] - fit_round 84: strategy sampled 10 clients (out of 50)
[2024-06-02 12:13:29,168][flwr][DEBUG] - fit_round 84 received 10 results and 0 failures
[2024-06-02 12:13:29,558][flwr][INFO] - fit progress: (84, 5.081900251377419, {'accuracy': 0.9843}, 115.68548477301374)
[2024-06-02 12:13:29,558][flwr][DEBUG] - evaluate_round 84: strategy sampled 1 clients (out of 50)
[2024-06-02 12:13:29,724][flwr][DEBUG] - evaluate_round 84 received 1 results and 0 failures
[2024-06-02 12:13:29,724][flwr][DEBUG] - fit_round 85: strategy sampled 10 clients (out of 50)
[2024-06-02 12:13:30,548][flwr][DEBUG] - fit_round 85 received 10 results and 0 failures
[2024-06-02 12:13:30,946][flwr][INFO] - fit progress: (85, 4.108109664923177, {'accuracy': 0.9873}, 117.0737092802301)
[2024-06-02 12:13:30,946][flwr][DEBUG] - evaluate_round 85: strategy sampled 1 clients (out of 50)
[2024-06-02 12:13:31,115][flwr][DEBUG] - evaluate_round 85 received 1 results and 0 failures
[2024-06-02 12:13:31,115][flwr][DEBUG] - fit_round 86: strategy sampled 10 clients (out of 50)
[2024-06-02 12:13:31,835][flwr][DEBUG] - fit_round 86 received 10 results and 0 failures
[2024-06-02 12:13:32,226][flwr][INFO] - fit progress: (86, 3.6603268992112135, {'accuracy': 0.9846}, 118.35374812036753)
[2024-06-02 12:13:32,226][flwr][DEBUG] - evaluate_round 86: strategy sampled 1 clients (out of 50)
[2024-06-02 12:13:32,367][flwr][DEBUG] - evaluate_round 86 received 1 results and 0 failures
[2024-06-02 12:13:32,367][flwr][DEBUG] - fit_round 87: strategy sampled 10 clients (out of 50)
[2024-06-02 12:13:33,143][flwr][DEBUG] - fit_round 87 received 10 results and 0 failures
[2024-06-02 12:13:33,536][flwr][INFO] - fit progress: (87, 5.581734755542129, {'accuracy': 0.9812}, 119.66401248704642)
[2024-06-02 12:13:33,536][flwr][DEBUG] - evaluate_round 87: strategy sampled 1 clients (out of 50)
[2024-06-02 12:13:33,704][flwr][DEBUG] - evaluate_round 87 received 1 results and 0 failures
[2024-06-02 12:13:33,704][flwr][DEBUG] - fit_round 88: strategy sampled 10 clients (out of 50)
[2024-06-02 12:13:34,443][flwr][DEBUG] - fit_round 88 received 10 results and 0 failures
[2024-06-02 12:13:34,832][flwr][INFO] - fit progress: (88, 3.6128286274906714, {'accuracy': 0.9854}, 120.95988968713209)
[2024-06-02 12:13:34,832][flwr][DEBUG] - evaluate_round 88: strategy sampled 1 clients (out of 50)
[2024-06-02 12:13:35,025][flwr][DEBUG] - evaluate_round 88 received 1 results and 0 failures
[2024-06-02 12:13:35,025][flwr][DEBUG] - fit_round 89: strategy sampled 10 clients (out of 50)
[2024-06-02 12:13:35,785][flwr][DEBUG] - fit_round 89 received 10 results and 0 failures
[2024-06-02 12:13:36,179][flwr][INFO] - fit progress: (89, 4.35580542779644, {'accuracy': 0.9863}, 122.30721451202407)
[2024-06-02 12:13:36,179][flwr][DEBUG] - evaluate_round 89: strategy sampled 1 clients (out of 50)
[2024-06-02 12:13:36,335][flwr][DEBUG] - evaluate_round 89 received 1 results and 0 failures
[2024-06-02 12:13:36,335][flwr][DEBUG] - fit_round 90: strategy sampled 10 clients (out of 50)
[2024-06-02 12:13:37,137][flwr][DEBUG] - fit_round 90 received 10 results and 0 failures
[2024-06-02 12:13:37,524][flwr][INFO] - fit progress: (90, 3.628722201676453, {'accuracy': 0.9865}, 123.65215824823827)
[2024-06-02 12:13:37,524][flwr][DEBUG] - evaluate_round 90: strategy sampled 1 clients (out of 50)
[2024-06-02 12:13:37,706][flwr][DEBUG] - evaluate_round 90 received 1 results and 0 failures
[2024-06-02 12:13:37,706][flwr][DEBUG] - fit_round 91: strategy sampled 10 clients (out of 50)
[2024-06-02 12:13:38,513][flwr][DEBUG] - fit_round 91 received 10 results and 0 failures
[2024-06-02 12:13:38,906][flwr][INFO] - fit progress: (91, 3.832488715711065, {'accuracy': 0.9861}, 125.03372540744022)
[2024-06-02 12:13:38,906][flwr][DEBUG] - evaluate_round 91: strategy sampled 1 clients (out of 50)
[2024-06-02 12:13:39,080][flwr][DEBUG] - evaluate_round 91 received 1 results and 0 failures
[2024-06-02 12:13:39,080][flwr][DEBUG] - fit_round 92: strategy sampled 10 clients (out of 50)
[2024-06-02 12:13:39,789][flwr][DEBUG] - fit_round 92 received 10 results and 0 failures
[2024-06-02 12:13:40,181][flwr][INFO] - fit progress: (92, 3.1883296729847643, {'accuracy': 0.9854}, 126.30846186634153)
[2024-06-02 12:13:40,181][flwr][DEBUG] - evaluate_round 92: strategy sampled 1 clients (out of 50)
[2024-06-02 12:13:40,359][flwr][DEBUG] - evaluate_round 92 received 1 results and 0 failures
[2024-06-02 12:13:40,359][flwr][DEBUG] - fit_round 93: strategy sampled 10 clients (out of 50)
[2024-06-02 12:13:41,048][flwr][DEBUG] - fit_round 93 received 10 results and 0 failures
[2024-06-02 12:13:41,435][flwr][INFO] - fit progress: (93, 4.751491363933383, {'accuracy': 0.9843}, 127.56311317998916)
[2024-06-02 12:13:41,435][flwr][DEBUG] - evaluate_round 93: strategy sampled 1 clients (out of 50)
[2024-06-02 12:13:41,602][flwr][DEBUG] - evaluate_round 93 received 1 results and 0 failures
[2024-06-02 12:13:41,602][flwr][DEBUG] - fit_round 94: strategy sampled 10 clients (out of 50)
[2024-06-02 12:13:42,385][flwr][DEBUG] - fit_round 94 received 10 results and 0 failures
[2024-06-02 12:13:42,785][flwr][INFO] - fit progress: (94, 4.463268358347705, {'accuracy': 0.9845}, 128.91306432522833)
[2024-06-02 12:13:42,785][flwr][DEBUG] - evaluate_round 94: strategy sampled 1 clients (out of 50)
[2024-06-02 12:13:42,960][flwr][DEBUG] - evaluate_round 94 received 1 results and 0 failures
[2024-06-02 12:13:42,960][flwr][DEBUG] - fit_round 95: strategy sampled 10 clients (out of 50)
[2024-06-02 12:13:43,759][flwr][DEBUG] - fit_round 95 received 10 results and 0 failures
[2024-06-02 12:13:44,151][flwr][INFO] - fit progress: (95, 3.4390892155934125, {'accuracy': 0.9871}, 130.27923853928223)
[2024-06-02 12:13:44,151][flwr][DEBUG] - evaluate_round 95: strategy sampled 1 clients (out of 50)
[2024-06-02 12:13:44,307][flwr][DEBUG] - evaluate_round 95 received 1 results and 0 failures
[2024-06-02 12:13:44,307][flwr][DEBUG] - fit_round 96: strategy sampled 10 clients (out of 50)
[2024-06-02 12:13:45,117][flwr][DEBUG] - fit_round 96 received 10 results and 0 failures
[2024-06-02 12:13:45,506][flwr][INFO] - fit progress: (96, 3.6661008486223636, {'accuracy': 0.9873}, 131.6337411860004)
[2024-06-02 12:13:45,506][flwr][DEBUG] - evaluate_round 96: strategy sampled 1 clients (out of 50)
[2024-06-02 12:13:45,684][flwr][DEBUG] - evaluate_round 96 received 1 results and 0 failures
[2024-06-02 12:13:45,684][flwr][DEBUG] - fit_round 97: strategy sampled 10 clients (out of 50)
[2024-06-02 12:13:46,415][flwr][DEBUG] - fit_round 97 received 10 results and 0 failures
[2024-06-02 12:13:46,806][flwr][INFO] - fit progress: (97, 3.764282652112456, {'accuracy': 0.9851}, 132.93397031817585)
[2024-06-02 12:13:46,806][flwr][DEBUG] - evaluate_round 97: strategy sampled 1 clients (out of 50)
[2024-06-02 12:13:46,976][flwr][DEBUG] - evaluate_round 97 received 1 results and 0 failures
[2024-06-02 12:13:46,976][flwr][DEBUG] - fit_round 98: strategy sampled 10 clients (out of 50)
[2024-06-02 12:13:47,727][flwr][DEBUG] - fit_round 98 received 10 results and 0 failures
[2024-06-02 12:13:48,123][flwr][INFO] - fit progress: (98, 4.272855520756366, {'accuracy': 0.9836}, 134.2509967801161)
[2024-06-02 12:13:48,123][flwr][DEBUG] - evaluate_round 98: strategy sampled 1 clients (out of 50)
[2024-06-02 12:13:48,264][flwr][DEBUG] - evaluate_round 98 received 1 results and 0 failures
[2024-06-02 12:13:48,265][flwr][DEBUG] - fit_round 99: strategy sampled 10 clients (out of 50)
[2024-06-02 12:13:49,009][flwr][DEBUG] - fit_round 99 received 10 results and 0 failures
[2024-06-02 12:13:49,397][flwr][INFO] - fit progress: (99, 3.1066243286059034, {'accuracy': 0.9872}, 135.5253772311844)
[2024-06-02 12:13:49,398][flwr][DEBUG] - evaluate_round 99: strategy sampled 1 clients (out of 50)
[2024-06-02 12:13:49,549][flwr][DEBUG] - evaluate_round 99 received 1 results and 0 failures
[2024-06-02 12:13:49,549][flwr][DEBUG] - fit_round 100: strategy sampled 10 clients (out of 50)
[2024-06-02 12:13:50,290][flwr][DEBUG] - fit_round 100 received 10 results and 0 failures
[2024-06-02 12:13:50,678][flwr][INFO] - fit progress: (100, 3.4313623908456066, {'accuracy': 0.987}, 136.80550417210907)
[2024-06-02 12:13:50,678][flwr][DEBUG] - evaluate_round 100: strategy sampled 1 clients (out of 50)
[2024-06-02 12:13:50,846][flwr][DEBUG] - evaluate_round 100 received 1 results and 0 failures
[2024-06-02 12:13:50,846][flwr][INFO] - FL finished in 136.97396421805024
[2024-06-02 12:13:50,846][flwr][INFO] - app_fit: losses_distributed [(1, 6.10243546962738), (2, 2.3329843282699585), (3, 8.063093304634094), (4, 2.46665595471859), (5, 0.7900082170963287), (6, 2.8844684064388275), (7, 1.2337415218353271), (8, 2.0944837033748627), (9, 2.067093700170517), (10, 0.9788172841072083), (11, 0.43945591524243355), (12, 0.24974548816680908), (13, 0.28881373070180416), (14, 0.4220811128616333), (15, 0.9533047825098038), (16, 1.0608434611931443), (17, 0.859448516741395), (18, 0.10467018000781536), (19, 1.6568377763032913), (20, 0.7876051440834999), (21, 0.21548985416302457), (22, 0.619714449159801), (23, 0.263160677626729), (24, 0.18680203543044627), (25, 2.41681344807148), (26, 0.04270901624113321), (27, 1.1186460852622986), (28, 0.4594437200576067), (29, 1.5101820677518845), (30, 0.6689899750053883), (31, 0.18848206114489585), (32, 0.6417808439582586), (33, 0.1017280537635088), (34, 0.05900092516094446), (35, 0.5047178804525174), (36, 0.29224114888347685), (37, 0.9071929045021534), (38, 0.19806834519840777), (39, 0.635267210251186), (40, 0.033277330454438925), (41, 0.019443177221546648), (42, 0.2565955074642261), (43, 1.771935299038887), (44, 0.24414177238941193), (45, 0.08237865846604109), (46, 0.9672350725159049), (47, 0.06028637767303735), (48, 0.16709796339273453), (49, 0.0013757790438830853), (50, 0.10906497132964432), (51, 0.006548652425408363), (52, 0.06392590585164726), (53, 0.13184104958781973), (54, 0.44419923052191734), (55, 0.22114243963733315), (56, 0.1755704788993171), (57, 7.90880512795411e-05), (58, 0.334036449668929), (59, 0.6469096586952219), (60, 0.28681638540001586), (61, 0.5265477319480851), (62, 0.5896755017649866), (63, 0.0031491934569203295), (64, 2.1326735615730286), (65, 0.6112469439394772), (66, 0.9366199808740321), (67, 1.5816152095794678), (68, 0.43629038659855723), (69, 0.009529287807481523), (70, 5.354282620828599e-05), (71, 0.4256413398834411), (72, 0.03398922551423311), (73, 0.09140538127394393), (74, 0.9398678641300648), (75, 0.7920313842587348), (76, 0.6799110398860648), (77, 0.43351080905267736), (78, 0.49868396367673995), (79, 0.06359385785799532), (80, 0.0028802090519093326), (81, 0.08800109205185436), (82, 0.011502488372570951), (83, 1.3473147271433845), (84, 0.009788258930257143), (85, 0.0015980797646761857), (86, 0.5462701413780451), (87, 0.008672153140651062), (88, 0.8456944162026048), (89, 0.8084145501125022), (90, 0.0504522018818534), (91, 0.46977036230964586), (92, 0.4177760065795155), (93, 0.006173448958449512), (94, 0.7514679108717246), (95, 0.4488022916011687), (96, 0.2789465187900646), (97, 0.3185970036138315), (98, 0.3600940534379333), (99, 0.6664086869241146), (100, 0.2631306674411462)]
[2024-06-02 12:13:50,846][flwr][INFO] - app_fit: metrics_distributed_fit {}
[2024-06-02 12:13:50,846][flwr][INFO] - app_fit: metrics_distributed {}
[2024-06-02 12:13:50,846][flwr][INFO] - app_fit: losses_centralized [(0, 179.52067160606384), (1, 150.22979319095612), (2, 111.27169919013977), (3, 87.77612817287445), (4, 41.963676542043686), (5, 27.300253503024578), (6, 15.819895416498184), (7, 21.69986354187131), (8, 15.894714262336493), (9, 12.425323855131865), (10, 16.5149854272604), (11, 12.051640314981341), (12, 16.65371749177575), (13, 14.439789600670338), (14, 9.039665399119258), (15, 6.429460992338136), (16, 8.773829805548303), (17, 8.38511242927052), (18, 7.4821884566918015), (19, 5.71988332294859), (20, 5.978971304488368), (21, 4.916328560182592), (22, 7.873881386127323), (23, 5.002793609397486), (24, 6.789751047967002), (25, 7.872015937231481), (26, 7.911562791094184), (27, 4.9986472716555), (28, 5.1221939662937075), (29, 4.566393934306689), (30, 5.30735666770488), (31, 7.7700761295855045), (32, 4.3854874719982035), (33, 4.799408435399528), (34, 4.932060129591264), (35, 7.214115136972396), (36, 4.260996097174939), (37, 5.998543605848681), (38, 4.489780260249972), (39, 3.8713604267977644), (40, 5.258639411651529), (41, 5.046093339908111), (42, 5.352332758484408), (43, 4.1409137435257435), (44, 4.009704712283565), (45, 3.8514241311931983), (46, 4.708069479558617), (47, 4.565633496094961), (48, 3.875273793353699), (49, 6.6120163628220325), (50, 4.849363868823275), (51, 3.7522195842975634), (52, 4.278674075962044), (53, 2.9131668140908005), (54, 4.966772746003699), (55, 3.9969545698841102), (56, 3.1526440346096933), (57, 4.539534302080028), (58, 3.2305286102564423), (59, 4.184768061790237), (60, 3.568058116004977), (61, 3.260775692964671), (62, 4.6146623655513395), (63, 3.192085739447066), (64, 3.4064383346794784), (65, 3.7031167078785074), (66, 4.4782249657041575), (67, 3.7636053519636334), (68, 3.282096717707418), (69, 4.05307807713325), (70, 3.067995209719811), (71, 2.763837530666933), (72, 4.07776782246583), (73, 3.0056198507081717), (74, 4.170059664997098), (75, 4.783915165458893), (76, 3.810385413333279), (77, 3.6040582037912827), (78, 4.110492216990679), (79, 4.045507742819154), (80, 4.189115247929863), (81, 3.626885230478365), (82, 3.0804004007914045), (83, 5.93759161575872), (84, 5.081900251377419), (85, 4.108109664923177), (86, 3.6603268992112135), (87, 5.581734755542129), (88, 3.6128286274906714), (89, 4.35580542779644), (90, 3.628722201676453), (91, 3.832488715711065), (92, 3.1883296729847643), (93, 4.751491363933383), (94, 4.463268358347705), (95, 3.4390892155934125), (96, 3.6661008486223636), (97, 3.764282652112456), (98, 4.272855520756366), (99, 3.1066243286059034), (100, 3.4313623908456066)]
[2024-06-02 12:13:50,846][flwr][INFO] - app_fit: metrics_centralized {'accuracy': [(0, 0.1104), (1, 0.416), (2, 0.4834), (3, 0.5715), (4, 0.8042), (5, 0.8622), (6, 0.9378), (7, 0.9153), (8, 0.9383), (9, 0.956), (10, 0.9171), (11, 0.9543), (12, 0.9285), (13, 0.9294), (14, 0.9601), (15, 0.9739), (16, 0.9652), (17, 0.9678), (18, 0.9673), (19, 0.9769), (20, 0.9747), (21, 0.9789), (22, 0.9658), (23, 0.9792), (24, 0.9722), (25, 0.967), (26, 0.9696), (27, 0.9794), (28, 0.9774), (29, 0.9805), (30, 0.9757), (31, 0.963), (32, 0.9805), (33, 0.9799), (34, 0.979), (35, 0.9729), (36, 0.9814), (37, 0.9775), (38, 0.9784), (39, 0.9833), (40, 0.9788), (41, 0.9798), (42, 0.9779), (43, 0.9812), (44, 0.9813), (45, 0.9812), (46, 0.9794), (47, 0.9794), (48, 0.984), (49, 0.9769), (50, 0.9789), (51, 0.9833), (52, 0.9825), (53, 0.9869), (54, 0.9805), (55, 0.982), (56, 0.986), (57, 0.9831), (58, 0.9859), (59, 0.9847), (60, 0.9851), (61, 0.9864), (62, 0.9848), (63, 0.9871), (64, 0.9845), (65, 0.9868), (66, 0.9861), (67, 0.985), (68, 0.987), (69, 0.9844), (70, 0.9883), (71, 0.9871), (72, 0.9853), (73, 0.9864), (74, 0.9835), (75, 0.9846), (76, 0.9848), (77, 0.9867), (78, 0.9842), (79, 0.9845), (80, 0.9857), (81, 0.9868), (82, 0.9874), (83, 0.9805), (84, 0.9843), (85, 0.9873), (86, 0.9846), (87, 0.9812), (88, 0.9854), (89, 0.9863), (90, 0.9865), (91, 0.9861), (92, 0.9854), (93, 0.9843), (94, 0.9845), (95, 0.9871), (96, 0.9873), (97, 0.9851), (98, 0.9836), (99, 0.9872), (100, 0.987)]}
