[2024-05-29 21:33:08,053][flwr][INFO] - Starting Flower simulation, config: ServerConfig(num_rounds=100, round_timeout=None)
[2024-05-29 21:33:09,113][flwr][INFO] - Flower VCE: Ray initialized with resources: {'accelerator_type:G': 1.0, 'object_store_memory': 39923995852.0, 'CPU': 24.0, 'node:172.17.34.3': 1.0, 'memory': 83155990324.0, 'GPU': 2.0}
[2024-05-29 21:33:09,114][flwr][INFO] - Initializing global parameters
[2024-05-29 21:33:09,115][flwr][INFO] - Requesting initial parameters from one random client
[2024-05-29 21:33:10,449][flwr][INFO] - Received initial parameters from one random client
[2024-05-29 21:33:10,449][flwr][INFO] - Evaluating initial parameters
[2024-05-29 21:33:11,850][flwr][INFO] - initial parameters (loss, other metrics): 182.56216073036194, {'accuracy': 0.0737}
[2024-05-29 21:33:11,850][flwr][INFO] - FL starting
[2024-05-29 21:33:11,850][flwr][DEBUG] - fit_round 1: strategy sampled 10 clients (out of 50)
[2024-05-29 21:33:16,225][flwr][DEBUG] - fit_round 1 received 10 results and 0 failures
[2024-05-29 21:33:16,733][flwr][WARNING] - No fit_metrics_aggregation_fn provided
[2024-05-29 21:33:17,165][flwr][INFO] - fit progress: (1, 123.01941573619843, {'accuracy': 0.5635}, 5.314602601341903)
[2024-05-29 21:33:17,165][flwr][DEBUG] - evaluate_round 1: strategy sampled 1 clients (out of 50)
[2024-05-29 21:33:17,447][flwr][DEBUG] - evaluate_round 1 received 1 results and 0 failures
[2024-05-29 21:33:17,447][flwr][WARNING] - No evaluate_metrics_aggregation_fn provided
[2024-05-29 21:33:17,447][flwr][DEBUG] - fit_round 2: strategy sampled 10 clients (out of 50)
[2024-05-29 21:33:19,325][flwr][DEBUG] - fit_round 2 received 10 results and 0 failures
[2024-05-29 21:33:20,245][flwr][INFO] - fit progress: (2, 68.03080651164055, {'accuracy': 0.8652}, 8.394518855959177)
[2024-05-29 21:33:20,245][flwr][DEBUG] - evaluate_round 2: strategy sampled 1 clients (out of 50)
[2024-05-29 21:33:20,525][flwr][DEBUG] - evaluate_round 2 received 1 results and 0 failures
[2024-05-29 21:33:20,525][flwr][DEBUG] - fit_round 3: strategy sampled 10 clients (out of 50)
[2024-05-29 21:33:22,270][flwr][DEBUG] - fit_round 3 received 10 results and 0 failures
[2024-05-29 21:33:23,179][flwr][INFO] - fit progress: (3, 57.30642454326153, {'accuracy': 0.8588}, 11.328871035948396)
[2024-05-29 21:33:23,179][flwr][DEBUG] - evaluate_round 3: strategy sampled 1 clients (out of 50)
[2024-05-29 21:33:23,506][flwr][DEBUG] - evaluate_round 3 received 1 results and 0 failures
[2024-05-29 21:33:23,506][flwr][DEBUG] - fit_round 4: strategy sampled 10 clients (out of 50)
[2024-05-29 21:33:25,280][flwr][DEBUG] - fit_round 4 received 10 results and 0 failures
[2024-05-29 21:33:30,747][flwr][INFO] - fit progress: (4, 44.73134537041187, {'accuracy': 0.902}, 18.897102701012045)
[2024-05-29 21:33:30,747][flwr][DEBUG] - evaluate_round 4: strategy sampled 1 clients (out of 50)
[2024-05-29 21:33:31,025][flwr][DEBUG] - evaluate_round 4 received 1 results and 0 failures
[2024-05-29 21:33:31,025][flwr][DEBUG] - fit_round 5: strategy sampled 10 clients (out of 50)
[2024-05-29 21:33:32,934][flwr][DEBUG] - fit_round 5 received 10 results and 0 failures
