[2024-05-12 20:26:53,743][flwr][INFO] - Starting Flower simulation, config: ServerConfig(num_rounds=100, round_timeout=None)
[2024-05-12 20:26:56,069][flwr][INFO] - Flower VCE: Ray initialized with resources: {'node:172.17.34.49': 1.0, 'accelerator_type:G': 1.0, 'GPU': 4.0, 'CPU': 20.0, 'memory': 36307007079.0, 'object_store_memory': 18153503539.0, 'node:__internal_head__': 1.0}
[2024-05-12 20:26:56,070][flwr][INFO] - Initializing global parameters
[2024-05-12 20:26:56,070][flwr][INFO] - Requesting initial parameters from one random client
[2024-05-12 20:26:58,638][flwr][INFO] - Received initial parameters from one random client
[2024-05-12 20:26:58,638][flwr][INFO] - Evaluating initial parameters
[2024-05-12 20:27:02,080][flwr][INFO] - initial parameters (loss, other metrics): 192.07869172096252, {'accuracy': 0.0968}
[2024-05-12 20:27:02,080][flwr][INFO] - FL starting
[2024-05-12 20:27:02,080][flwr][DEBUG] - fit_round 1: strategy sampled 10 clients (out of 50)
[2024-05-12 20:27:52,058][flwr][DEBUG] - fit_round 1 received 10 results and 0 failures
[2024-05-12 20:27:54,603][flwr][WARNING] - No fit_metrics_aggregation_fn provided
[2024-05-12 20:27:56,553][flwr][INFO] - fit progress: (1, 149.98878610134125, {'accuracy': 0.6688}, 54.47269959002733)
[2024-05-12 20:27:56,553][flwr][DEBUG] - evaluate_round 1: strategy sampled 1 clients (out of 50)
[2024-05-12 20:28:00,508][flwr][DEBUG] - evaluate_round 1 received 1 results and 0 failures
[2024-05-12 20:28:00,508][flwr][WARNING] - No evaluate_metrics_aggregation_fn provided
[2024-05-12 20:28:00,508][flwr][DEBUG] - fit_round 2: strategy sampled 10 clients (out of 50)
[2024-05-12 20:28:51,515][flwr][DEBUG] - fit_round 2 received 10 results and 0 failures
[2024-05-12 20:28:56,050][flwr][INFO] - fit progress: (2, 365.3559489250183, {'accuracy': 0.6272}, 113.96971925348043)
[2024-05-12 20:28:56,050][flwr][DEBUG] - evaluate_round 2: strategy sampled 1 clients (out of 50)
[2024-05-12 20:28:59,972][flwr][DEBUG] - evaluate_round 2 received 1 results and 0 failures
[2024-05-12 20:28:59,972][flwr][DEBUG] - fit_round 3: strategy sampled 10 clients (out of 50)
[2024-05-12 20:29:50,187][flwr][DEBUG] - fit_round 3 received 10 results and 0 failures
[2024-05-12 20:29:54,725][flwr][INFO] - fit progress: (3, 187.65695279836655, {'accuracy': 0.8101}, 172.64498484507203)
[2024-05-12 20:29:54,725][flwr][DEBUG] - evaluate_round 3: strategy sampled 1 clients (out of 50)
[2024-05-12 20:29:58,690][flwr][DEBUG] - evaluate_round 3 received 1 results and 0 failures
[2024-05-12 20:29:58,691][flwr][DEBUG] - fit_round 4: strategy sampled 10 clients (out of 50)
[2024-05-12 20:30:49,638][flwr][DEBUG] - fit_round 4 received 10 results and 0 failures
[2024-05-12 20:30:54,324][flwr][INFO] - fit progress: (4, 209.81495741009712, {'accuracy': 0.8559}, 232.24432031810284)
[2024-05-12 20:30:54,324][flwr][DEBUG] - evaluate_round 4: strategy sampled 1 clients (out of 50)
[2024-05-12 20:30:58,243][flwr][DEBUG] - evaluate_round 4 received 1 results and 0 failures
[2024-05-12 20:30:58,244][flwr][DEBUG] - fit_round 5: strategy sampled 10 clients (out of 50)
[2024-05-12 20:31:48,989][flwr][DEBUG] - fit_round 5 received 10 results and 0 failures
[2024-05-12 20:31:53,688][flwr][INFO] - fit progress: (5, 225.9930745959282, {'accuracy': 0.8471}, 291.6080488935113)
[2024-05-12 20:31:53,688][flwr][DEBUG] - evaluate_round 5: strategy sampled 1 clients (out of 50)
[2024-05-12 20:31:57,675][flwr][DEBUG] - evaluate_round 5 received 1 results and 0 failures
[2024-05-12 20:31:57,676][flwr][DEBUG] - fit_round 6: strategy sampled 10 clients (out of 50)
[2024-05-12 20:32:48,294][flwr][DEBUG] - fit_round 6 received 10 results and 0 failures
[2024-05-12 20:32:53,013][flwr][INFO] - fit progress: (6, 207.48220248520374, {'accuracy': 0.8718}, 350.93325290456414)
[2024-05-12 20:32:53,013][flwr][DEBUG] - evaluate_round 6: strategy sampled 1 clients (out of 50)
[2024-05-12 20:32:57,018][flwr][DEBUG] - evaluate_round 6 received 1 results and 0 failures
[2024-05-12 20:32:57,018][flwr][DEBUG] - fit_round 7: strategy sampled 10 clients (out of 50)
