[2024-05-11 21:18:17,969][flwr][INFO] - Starting Flower simulation, config: ServerConfig(num_rounds=100, round_timeout=None)
[2024-05-11 21:18:20,346][flwr][INFO] - Flower VCE: Ray initialized with resources: {'object_store_memory': 19475888947.0, 'node:__internal_head__': 1.0, 'GPU': 4.0, 'accelerator_type:G': 1.0, 'node:172.17.34.49': 1.0, 'CPU': 20.0, 'memory': 38951777895.0}
[2024-05-11 21:18:20,347][flwr][INFO] - Initializing global parameters
[2024-05-11 21:18:20,347][flwr][INFO] - Requesting initial parameters from one random client
[2024-05-11 21:18:22,932][flwr][INFO] - Received initial parameters from one random client
[2024-05-11 21:18:22,932][flwr][INFO] - Evaluating initial parameters
[2024-05-11 21:18:26,348][flwr][INFO] - initial parameters (loss, other metrics): 195.71911573410034, {'accuracy': 0.0937}
[2024-05-11 21:18:26,349][flwr][INFO] - FL starting
[2024-05-11 21:18:26,349][flwr][DEBUG] - fit_round 1: strategy sampled 10 clients (out of 50)
[2024-05-11 21:19:16,978][flwr][DEBUG] - fit_round 1 received 10 results and 0 failures
[2024-05-11 21:19:21,315][flwr][WARNING] - No fit_metrics_aggregation_fn provided
[2024-05-11 21:19:23,271][flwr][INFO] - fit progress: (1, 90.74931493401527, {'accuracy': 0.651}, 56.9224598556757)
[2024-05-11 21:19:23,271][flwr][DEBUG] - evaluate_round 1: strategy sampled 1 clients (out of 50)
[2024-05-11 21:19:27,193][flwr][DEBUG] - evaluate_round 1 received 1 results and 0 failures
[2024-05-11 21:19:27,193][flwr][WARNING] - No evaluate_metrics_aggregation_fn provided
[2024-05-11 21:19:27,194][flwr][DEBUG] - fit_round 2: strategy sampled 10 clients (out of 50)
[2024-05-11 21:20:17,442][flwr][DEBUG] - fit_round 2 received 10 results and 0 failures
[2024-05-11 21:20:23,679][flwr][INFO] - fit progress: (2, 152.1720676422119, {'accuracy': 0.5615}, 117.33003747090697)
[2024-05-11 21:20:23,679][flwr][DEBUG] - evaluate_round 2: strategy sampled 1 clients (out of 50)
[2024-05-11 21:20:27,566][flwr][DEBUG] - evaluate_round 2 received 1 results and 0 failures
[2024-05-11 21:20:27,567][flwr][DEBUG] - fit_round 3: strategy sampled 10 clients (out of 50)
[2024-05-11 21:21:18,456][flwr][DEBUG] - fit_round 3 received 10 results and 0 failures
