[2024-05-27 13:02:37,678][flwr][INFO] - Starting Flower simulation, config: ServerConfig(num_rounds=100, round_timeout=None)
[2024-05-27 13:02:38,732][flwr][INFO] - Flower VCE: Ray initialized with resources: {'GPU': 2.0, 'node:172.17.34.3': 1.0, 'memory': 83190545818.0, 'object_store_memory': 39938805350.0, 'CPU': 24.0, 'accelerator_type:G': 1.0}
[2024-05-27 13:02:38,733][flwr][INFO] - Initializing global parameters
[2024-05-27 13:02:38,733][flwr][INFO] - Requesting initial parameters from one random client
[2024-05-27 13:02:40,145][flwr][INFO] - Received initial parameters from one random client
[2024-05-27 13:02:40,145][flwr][INFO] - Evaluating initial parameters
[2024-05-27 13:02:41,616][flwr][INFO] - initial parameters (loss, other metrics): 182.2604696750641, {'accuracy': 0.1051}
[2024-05-27 13:02:41,616][flwr][INFO] - FL starting
[2024-05-27 13:02:41,616][flwr][DEBUG] - fit_round 1: strategy sampled 10 clients (out of 50)
[2024-05-27 13:02:46,801][flwr][DEBUG] - fit_round 1 received 10 results and 0 failures
[2024-05-27 13:02:47,481][flwr][WARNING] - No fit_metrics_aggregation_fn provided
[2024-05-27 13:02:47,945][flwr][INFO] - fit progress: (1, 131.93452835083008, {'accuracy': 0.4637}, 6.329028209904209)
[2024-05-27 13:02:47,945][flwr][DEBUG] - evaluate_round 1: strategy sampled 1 clients (out of 50)
[2024-05-27 13:02:48,339][flwr][DEBUG] - evaluate_round 1 received 1 results and 0 failures
[2024-05-27 13:02:48,340][flwr][WARNING] - No evaluate_metrics_aggregation_fn provided
[2024-05-27 13:02:48,340][flwr][DEBUG] - fit_round 2: strategy sampled 10 clients (out of 50)
[2024-05-27 13:02:52,126][flwr][DEBUG] - fit_round 2 received 10 results and 0 failures
[2024-05-27 13:02:53,267][flwr][INFO] - fit progress: (2, 59.43761104345322, {'accuracy': 0.8572}, 11.650842237984762)
[2024-05-27 13:02:53,267][flwr][DEBUG] - evaluate_round 2: strategy sampled 1 clients (out of 50)
[2024-05-27 13:02:53,655][flwr][DEBUG] - evaluate_round 2 received 1 results and 0 failures
[2024-05-27 13:02:53,655][flwr][DEBUG] - fit_round 3: strategy sampled 10 clients (out of 50)
[2024-05-27 13:02:57,664][flwr][DEBUG] - fit_round 3 received 10 results and 0 failures
[2024-05-27 13:02:58,805][flwr][INFO] - fit progress: (3, 61.158413141965866, {'accuracy': 0.8423}, 17.188633122015744)
[2024-05-27 13:02:58,805][flwr][DEBUG] - evaluate_round 3: strategy sampled 1 clients (out of 50)
[2024-05-27 13:02:59,208][flwr][DEBUG] - evaluate_round 3 received 1 results and 0 failures
[2024-05-27 13:02:59,208][flwr][DEBUG] - fit_round 4: strategy sampled 10 clients (out of 50)
[2024-05-27 13:03:02,917][flwr][DEBUG] - fit_round 4 received 10 results and 0 failures
[2024-05-27 13:03:04,031][flwr][INFO] - fit progress: (4, 63.08749967813492, {'accuracy': 0.8477}, 22.41536508500576)
[2024-05-27 13:03:04,031][flwr][DEBUG] - evaluate_round 4: strategy sampled 1 clients (out of 50)
[2024-05-27 13:03:04,426][flwr][DEBUG] - evaluate_round 4 received 1 results and 0 failures
[2024-05-27 13:03:04,427][flwr][DEBUG] - fit_round 5: strategy sampled 10 clients (out of 50)
[2024-05-27 13:03:08,252][flwr][DEBUG] - fit_round 5 received 10 results and 0 failures
[2024-05-27 13:03:09,341][flwr][INFO] - fit progress: (5, 59.54527100920677, {'accuracy': 0.9028}, 27.72516084695235)
[2024-05-27 13:03:09,341][flwr][DEBUG] - evaluate_round 5: strategy sampled 1 clients (out of 50)
[2024-05-27 13:03:09,735][flwr][DEBUG] - evaluate_round 5 received 1 results and 0 failures
[2024-05-27 13:03:09,736][flwr][DEBUG] - fit_round 6: strategy sampled 10 clients (out of 50)
[2024-05-27 13:03:13,483][flwr][DEBUG] - fit_round 6 received 10 results and 0 failures
[2024-05-27 13:03:14,564][flwr][INFO] - fit progress: (6, 49.01005594432354, {'accuracy': 0.9109}, 32.94793573091738)
[2024-05-27 13:03:14,564][flwr][DEBUG] - evaluate_round 6: strategy sampled 1 clients (out of 50)
[2024-05-27 13:03:14,948][flwr][DEBUG] - evaluate_round 6 received 1 results and 0 failures
[2024-05-27 13:03:14,948][flwr][DEBUG] - fit_round 7: strategy sampled 10 clients (out of 50)
[2024-05-27 13:03:19,439][flwr][DEBUG] - fit_round 7 received 10 results and 0 failures
[2024-05-27 13:03:20,508][flwr][INFO] - fit progress: (7, 46.18521670252085, {'accuracy': 0.916}, 38.89227363700047)
[2024-05-27 13:03:20,508][flwr][DEBUG] - evaluate_round 7: strategy sampled 1 clients (out of 50)
[2024-05-27 13:03:20,873][flwr][DEBUG] - evaluate_round 7 received 1 results and 0 failures
[2024-05-27 13:03:20,873][flwr][DEBUG] - fit_round 8: strategy sampled 10 clients (out of 50)
[2024-05-27 13:03:24,641][flwr][DEBUG] - fit_round 8 received 10 results and 0 failures
[2024-05-27 13:03:25,706][flwr][INFO] - fit progress: (8, 37.96010364592075, {'accuracy': 0.9305}, 44.08961955597624)
[2024-05-27 13:03:25,706][flwr][DEBUG] - evaluate_round 8: strategy sampled 1 clients (out of 50)
[2024-05-27 13:03:26,104][flwr][DEBUG] - evaluate_round 8 received 1 results and 0 failures
[2024-05-27 13:03:26,104][flwr][DEBUG] - fit_round 9: strategy sampled 10 clients (out of 50)
[2024-05-27 13:03:29,986][flwr][DEBUG] - fit_round 9 received 10 results and 0 failures
[2024-05-27 13:03:31,041][flwr][INFO] - fit progress: (9, 29.42408164218068, {'accuracy': 0.9296}, 49.42515361891128)
[2024-05-27 13:03:31,041][flwr][DEBUG] - evaluate_round 9: strategy sampled 1 clients (out of 50)
[2024-05-27 13:03:31,418][flwr][DEBUG] - evaluate_round 9 received 1 results and 0 failures
[2024-05-27 13:03:31,419][flwr][DEBUG] - fit_round 10: strategy sampled 10 clients (out of 50)
[2024-05-27 13:03:35,232][flwr][DEBUG] - fit_round 10 received 10 results and 0 failures
[2024-05-27 13:03:36,283][flwr][INFO] - fit progress: (10, 27.33839901164174, {'accuracy': 0.9392}, 54.667354388860986)
[2024-05-27 13:03:36,283][flwr][DEBUG] - evaluate_round 10: strategy sampled 1 clients (out of 50)
[2024-05-27 13:03:36,691][flwr][DEBUG] - evaluate_round 10 received 1 results and 0 failures
[2024-05-27 13:03:36,691][flwr][DEBUG] - fit_round 11: strategy sampled 10 clients (out of 50)
[2024-05-27 13:03:40,509][flwr][DEBUG] - fit_round 11 received 10 results and 0 failures
[2024-05-27 13:03:41,552][flwr][INFO] - fit progress: (11, 23.31863464601338, {'accuracy': 0.9404}, 59.935776100028306)
[2024-05-27 13:03:41,552][flwr][DEBUG] - evaluate_round 11: strategy sampled 1 clients (out of 50)
[2024-05-27 13:03:41,949][flwr][DEBUG] - evaluate_round 11 received 1 results and 0 failures
[2024-05-27 13:03:41,950][flwr][DEBUG] - fit_round 12: strategy sampled 10 clients (out of 50)
[2024-05-27 13:03:45,821][flwr][DEBUG] - fit_round 12 received 10 results and 0 failures
[2024-05-27 13:03:46,861][flwr][INFO] - fit progress: (12, 22.01667462848127, {'accuracy': 0.9457}, 65.24541366798803)
[2024-05-27 13:03:46,861][flwr][DEBUG] - evaluate_round 12: strategy sampled 1 clients (out of 50)
[2024-05-27 13:03:47,271][flwr][DEBUG] - evaluate_round 12 received 1 results and 0 failures
[2024-05-27 13:03:47,271][flwr][DEBUG] - fit_round 13: strategy sampled 10 clients (out of 50)
[2024-05-27 13:03:51,505][flwr][DEBUG] - fit_round 13 received 10 results and 0 failures
[2024-05-27 13:03:52,536][flwr][INFO] - fit progress: (13, 22.137098875828087, {'accuracy': 0.9449}, 70.92033754498698)
[2024-05-27 13:03:52,536][flwr][DEBUG] - evaluate_round 13: strategy sampled 1 clients (out of 50)
[2024-05-27 13:03:52,952][flwr][DEBUG] - evaluate_round 13 received 1 results and 0 failures
[2024-05-27 13:03:52,952][flwr][DEBUG] - fit_round 14: strategy sampled 10 clients (out of 50)
[2024-05-27 13:03:56,827][flwr][DEBUG] - fit_round 14 received 10 results and 0 failures
[2024-05-27 13:03:57,867][flwr][INFO] - fit progress: (14, 18.133227394893765, {'accuracy': 0.9508}, 76.25123345502652)
[2024-05-27 13:03:57,867][flwr][DEBUG] - evaluate_round 14: strategy sampled 1 clients (out of 50)
[2024-05-27 13:03:58,270][flwr][DEBUG] - evaluate_round 14 received 1 results and 0 failures
[2024-05-27 13:03:58,270][flwr][DEBUG] - fit_round 15: strategy sampled 10 clients (out of 50)
[2024-05-27 13:04:02,281][flwr][DEBUG] - fit_round 15 received 10 results and 0 failures
[2024-05-27 13:04:03,311][flwr][INFO] - fit progress: (15, 18.25103250145912, {'accuracy': 0.9511}, 81.69476862484589)
[2024-05-27 13:04:03,311][flwr][DEBUG] - evaluate_round 15: strategy sampled 1 clients (out of 50)
[2024-05-27 13:04:03,717][flwr][DEBUG] - evaluate_round 15 received 1 results and 0 failures
[2024-05-27 13:04:03,717][flwr][DEBUG] - fit_round 16: strategy sampled 10 clients (out of 50)
[2024-05-27 13:04:07,541][flwr][DEBUG] - fit_round 16 received 10 results and 0 failures
[2024-05-27 13:04:08,573][flwr][INFO] - fit progress: (16, 19.158185475040227, {'accuracy': 0.9528}, 86.95738748298027)
[2024-05-27 13:04:08,573][flwr][DEBUG] - evaluate_round 16: strategy sampled 1 clients (out of 50)
[2024-05-27 13:04:08,975][flwr][DEBUG] - evaluate_round 16 received 1 results and 0 failures
[2024-05-27 13:04:08,975][flwr][DEBUG] - fit_round 17: strategy sampled 10 clients (out of 50)
[2024-05-27 13:04:12,919][flwr][DEBUG] - fit_round 17 received 10 results and 0 failures
[2024-05-27 13:04:13,938][flwr][INFO] - fit progress: (17, 17.590230172034353, {'accuracy': 0.954}, 92.32240842003375)
[2024-05-27 13:04:13,938][flwr][DEBUG] - evaluate_round 17: strategy sampled 1 clients (out of 50)
[2024-05-27 13:04:14,350][flwr][DEBUG] - evaluate_round 17 received 1 results and 0 failures
[2024-05-27 13:04:14,350][flwr][DEBUG] - fit_round 18: strategy sampled 10 clients (out of 50)
[2024-05-27 13:04:18,815][flwr][DEBUG] - fit_round 18 received 10 results and 0 failures
[2024-05-27 13:04:19,835][flwr][INFO] - fit progress: (18, 17.317467404529452, {'accuracy': 0.9535}, 98.21933731692843)
[2024-05-27 13:04:19,835][flwr][DEBUG] - evaluate_round 18: strategy sampled 1 clients (out of 50)
[2024-05-27 13:04:20,251][flwr][DEBUG] - evaluate_round 18 received 1 results and 0 failures
[2024-05-27 13:04:20,251][flwr][DEBUG] - fit_round 19: strategy sampled 10 clients (out of 50)
[2024-05-27 13:04:24,045][flwr][DEBUG] - fit_round 19 received 10 results and 0 failures
[2024-05-27 13:04:25,065][flwr][INFO] - fit progress: (19, 16.010553205851465, {'accuracy': 0.9587}, 103.44920672802255)
[2024-05-27 13:04:25,065][flwr][DEBUG] - evaluate_round 19: strategy sampled 1 clients (out of 50)
[2024-05-27 13:04:25,471][flwr][DEBUG] - evaluate_round 19 received 1 results and 0 failures
[2024-05-27 13:04:25,471][flwr][DEBUG] - fit_round 20: strategy sampled 10 clients (out of 50)
[2024-05-27 13:04:29,495][flwr][DEBUG] - fit_round 20 received 10 results and 0 failures
[2024-05-27 13:04:30,542][flwr][INFO] - fit progress: (20, 15.4535599113442, {'accuracy': 0.958}, 108.92592140403576)
[2024-05-27 13:04:30,542][flwr][DEBUG] - evaluate_round 20: strategy sampled 1 clients (out of 50)
[2024-05-27 13:04:30,933][flwr][DEBUG] - evaluate_round 20 received 1 results and 0 failures
[2024-05-27 13:04:30,933][flwr][DEBUG] - fit_round 21: strategy sampled 10 clients (out of 50)
[2024-05-27 13:04:35,385][flwr][DEBUG] - fit_round 21 received 10 results and 0 failures
[2024-05-27 13:04:36,432][flwr][INFO] - fit progress: (21, 16.59202370978892, {'accuracy': 0.9597}, 114.81565085588954)
[2024-05-27 13:04:36,432][flwr][DEBUG] - evaluate_round 21: strategy sampled 1 clients (out of 50)
[2024-05-27 13:04:36,850][flwr][DEBUG] - evaluate_round 21 received 1 results and 0 failures
[2024-05-27 13:04:36,850][flwr][DEBUG] - fit_round 22: strategy sampled 10 clients (out of 50)
[2024-05-27 13:04:40,652][flwr][DEBUG] - fit_round 22 received 10 results and 0 failures
[2024-05-27 13:04:41,696][flwr][INFO] - fit progress: (22, 14.35401530796662, {'accuracy': 0.9609}, 120.08018823992461)
[2024-05-27 13:04:41,696][flwr][DEBUG] - evaluate_round 22: strategy sampled 1 clients (out of 50)
[2024-05-27 13:04:42,080][flwr][DEBUG] - evaluate_round 22 received 1 results and 0 failures
[2024-05-27 13:04:42,081][flwr][DEBUG] - fit_round 23: strategy sampled 10 clients (out of 50)
[2024-05-27 13:04:45,877][flwr][DEBUG] - fit_round 23 received 10 results and 0 failures
[2024-05-27 13:04:46,917][flwr][INFO] - fit progress: (23, 13.928967221989296, {'accuracy': 0.9586}, 125.30094392690808)
[2024-05-27 13:04:46,917][flwr][DEBUG] - evaluate_round 23: strategy sampled 1 clients (out of 50)
[2024-05-27 13:04:47,327][flwr][DEBUG] - evaluate_round 23 received 1 results and 0 failures
[2024-05-27 13:04:47,327][flwr][DEBUG] - fit_round 24: strategy sampled 10 clients (out of 50)
[2024-05-27 13:04:51,214][flwr][DEBUG] - fit_round 24 received 10 results and 0 failures
[2024-05-27 13:04:52,244][flwr][INFO] - fit progress: (24, 13.693577496800572, {'accuracy': 0.9616}, 130.62801072583534)
[2024-05-27 13:04:52,244][flwr][DEBUG] - evaluate_round 24: strategy sampled 1 clients (out of 50)
[2024-05-27 13:04:52,655][flwr][DEBUG] - evaluate_round 24 received 1 results and 0 failures
[2024-05-27 13:04:52,655][flwr][DEBUG] - fit_round 25: strategy sampled 10 clients (out of 50)
[2024-05-27 13:04:56,440][flwr][DEBUG] - fit_round 25 received 10 results and 0 failures
[2024-05-27 13:04:57,473][flwr][INFO] - fit progress: (25, 12.715239741140977, {'accuracy': 0.9645}, 135.85734575381503)
[2024-05-27 13:04:57,473][flwr][DEBUG] - evaluate_round 25: strategy sampled 1 clients (out of 50)
[2024-05-27 13:04:57,877][flwr][DEBUG] - evaluate_round 25 received 1 results and 0 failures
[2024-05-27 13:04:57,877][flwr][DEBUG] - fit_round 26: strategy sampled 10 clients (out of 50)
[2024-05-27 13:05:01,664][flwr][DEBUG] - fit_round 26 received 10 results and 0 failures
[2024-05-27 13:05:02,690][flwr][INFO] - fit progress: (26, 13.177164325024933, {'accuracy': 0.9629}, 141.07434643781744)
[2024-05-27 13:05:02,690][flwr][DEBUG] - evaluate_round 26: strategy sampled 1 clients (out of 50)
[2024-05-27 13:05:03,091][flwr][DEBUG] - evaluate_round 26 received 1 results and 0 failures
[2024-05-27 13:05:03,091][flwr][DEBUG] - fit_round 27: strategy sampled 10 clients (out of 50)
