[2024-06-01 03:27:10,733][flwr][INFO] - Starting Flower simulation, config: ServerConfig(num_rounds=100, round_timeout=None)
[2024-06-01 03:27:12,788][flwr][INFO] - Flower VCE: Ray initialized with resources: {'GPU': 2.0, 'object_store_memory': 39914218291.0, 'CPU': 24.0, 'node:172.17.34.3': 1.0, 'memory': 83133176013.0, 'accelerator_type:G': 1.0}
[2024-06-01 03:27:12,789][flwr][INFO] - Initializing global parameters
[2024-06-01 03:27:12,789][flwr][INFO] - Requesting initial parameters from one random client
[2024-06-01 03:27:14,038][flwr][INFO] - Received initial parameters from one random client
[2024-06-01 03:27:14,038][flwr][INFO] - Evaluating initial parameters
[2024-06-01 03:27:15,417][flwr][INFO] - initial parameters (loss, other metrics): 179.9989709854126, {'accuracy': 0.1186}
[2024-06-01 03:27:15,417][flwr][INFO] - FL starting
[2024-06-01 03:27:15,417][flwr][DEBUG] - fit_round 1: strategy sampled 10 clients (out of 50)
[2024-06-01 03:27:19,889][flwr][DEBUG] - fit_round 1 received 10 results and 0 failures
[2024-06-01 03:27:21,623][flwr][WARNING] - No fit_metrics_aggregation_fn provided
[2024-06-01 03:27:22,034][flwr][INFO] - fit progress: (1, 176.69299590587616, {'accuracy': 0.6821}, 6.61697986535728)
[2024-06-01 03:27:22,034][flwr][DEBUG] - evaluate_round 1: strategy sampled 1 clients (out of 50)
[2024-06-01 03:27:22,311][flwr][DEBUG] - evaluate_round 1 received 1 results and 0 failures
[2024-06-01 03:27:22,311][flwr][WARNING] - No evaluate_metrics_aggregation_fn provided
[2024-06-01 03:27:22,311][flwr][DEBUG] - fit_round 2: strategy sampled 10 clients (out of 50)
[2024-06-01 03:27:24,046][flwr][DEBUG] - fit_round 2 received 10 results and 0 failures
[2024-06-01 03:27:26,176][flwr][INFO] - fit progress: (2, 123.81999915838242, {'accuracy': 0.7031}, 10.758632158394903)
[2024-06-01 03:27:26,176][flwr][DEBUG] - evaluate_round 2: strategy sampled 1 clients (out of 50)
[2024-06-01 03:27:26,452][flwr][DEBUG] - evaluate_round 2 received 1 results and 0 failures
[2024-06-01 03:27:26,452][flwr][DEBUG] - fit_round 3: strategy sampled 10 clients (out of 50)
[2024-06-01 03:27:28,127][flwr][DEBUG] - fit_round 3 received 10 results and 0 failures
[2024-06-01 03:27:30,250][flwr][INFO] - fit progress: (3, 188.60918974876404, {'accuracy': 0.7142}, 14.832744454964995)
[2024-06-01 03:27:30,250][flwr][DEBUG] - evaluate_round 3: strategy sampled 1 clients (out of 50)
[2024-06-01 03:27:30,534][flwr][DEBUG] - evaluate_round 3 received 1 results and 0 failures
[2024-06-01 03:27:30,534][flwr][DEBUG] - fit_round 4: strategy sampled 10 clients (out of 50)
[2024-06-01 03:27:32,265][flwr][DEBUG] - fit_round 4 received 10 results and 0 failures
[2024-06-01 03:27:34,392][flwr][INFO] - fit progress: (4, 180.17608046531677, {'accuracy': 0.7335}, 18.9746446441859)
[2024-06-01 03:27:34,392][flwr][DEBUG] - evaluate_round 4: strategy sampled 1 clients (out of 50)
[2024-06-01 03:27:34,669][flwr][DEBUG] - evaluate_round 4 received 1 results and 0 failures
[2024-06-01 03:27:34,669][flwr][DEBUG] - fit_round 5: strategy sampled 10 clients (out of 50)
[2024-06-01 03:27:36,342][flwr][DEBUG] - fit_round 5 received 10 results and 0 failures
[2024-06-01 03:27:38,474][flwr][INFO] - fit progress: (5, 264.1822392940521, {'accuracy': 0.7717}, 23.056958938017488)
[2024-06-01 03:27:38,474][flwr][DEBUG] - evaluate_round 5: strategy sampled 1 clients (out of 50)
[2024-06-01 03:27:38,755][flwr][DEBUG] - evaluate_round 5 received 1 results and 0 failures
[2024-06-01 03:27:38,755][flwr][DEBUG] - fit_round 6: strategy sampled 10 clients (out of 50)
[2024-06-01 03:27:40,455][flwr][DEBUG] - fit_round 6 received 10 results and 0 failures
[2024-06-01 03:27:42,579][flwr][INFO] - fit progress: (6, 127.85741138458252, {'accuracy': 0.7601}, 27.16163740726188)
[2024-06-01 03:27:42,579][flwr][DEBUG] - evaluate_round 6: strategy sampled 1 clients (out of 50)
[2024-06-01 03:27:42,863][flwr][DEBUG] - evaluate_round 6 received 1 results and 0 failures
[2024-06-01 03:27:42,863][flwr][DEBUG] - fit_round 7: strategy sampled 10 clients (out of 50)
[2024-06-01 03:27:44,570][flwr][DEBUG] - fit_round 7 received 10 results and 0 failures
[2024-06-01 03:27:46,693][flwr][INFO] - fit progress: (7, 130.72927898168564, {'accuracy': 0.7528}, 31.275992926210165)
[2024-06-01 03:27:46,693][flwr][DEBUG] - evaluate_round 7: strategy sampled 1 clients (out of 50)
[2024-06-01 03:27:46,965][flwr][DEBUG] - evaluate_round 7 received 1 results and 0 failures
[2024-06-01 03:27:46,965][flwr][DEBUG] - fit_round 8: strategy sampled 10 clients (out of 50)
[2024-06-01 03:27:48,803][flwr][DEBUG] - fit_round 8 received 10 results and 0 failures
[2024-06-01 03:27:50,917][flwr][INFO] - fit progress: (8, 455.89041113853455, {'accuracy': 0.5867}, 35.50008076801896)
[2024-06-01 03:27:50,917][flwr][DEBUG] - evaluate_round 8: strategy sampled 1 clients (out of 50)
[2024-06-01 03:27:51,195][flwr][DEBUG] - evaluate_round 8 received 1 results and 0 failures
[2024-06-01 03:27:51,195][flwr][DEBUG] - fit_round 9: strategy sampled 10 clients (out of 50)
[2024-06-01 03:27:52,830][flwr][DEBUG] - fit_round 9 received 10 results and 0 failures
[2024-06-01 03:27:54,942][flwr][INFO] - fit progress: (9, 265.4902523756027, {'accuracy': 0.7303}, 39.52480789134279)
[2024-06-01 03:27:54,942][flwr][DEBUG] - evaluate_round 9: strategy sampled 1 clients (out of 50)
[2024-06-01 03:27:55,219][flwr][DEBUG] - evaluate_round 9 received 1 results and 0 failures
[2024-06-01 03:27:55,219][flwr][DEBUG] - fit_round 10: strategy sampled 10 clients (out of 50)
[2024-06-01 03:27:56,833][flwr][DEBUG] - fit_round 10 received 10 results and 0 failures
[2024-06-01 03:27:58,944][flwr][INFO] - fit progress: (10, 162.3418995141983, {'accuracy': 0.8042}, 43.52730830339715)
[2024-06-01 03:27:58,944][flwr][DEBUG] - evaluate_round 10: strategy sampled 1 clients (out of 50)
[2024-06-01 03:27:59,211][flwr][DEBUG] - evaluate_round 10 received 1 results and 0 failures
[2024-06-01 03:27:59,211][flwr][DEBUG] - fit_round 11: strategy sampled 10 clients (out of 50)
[2024-06-01 03:28:01,084][flwr][DEBUG] - fit_round 11 received 10 results and 0 failures
[2024-06-01 03:28:03,176][flwr][INFO] - fit progress: (11, 79.57881164550781, {'accuracy': 0.7738}, 47.7590761273168)
[2024-06-01 03:28:03,176][flwr][DEBUG] - evaluate_round 11: strategy sampled 1 clients (out of 50)
[2024-06-01 03:28:03,465][flwr][DEBUG] - evaluate_round 11 received 1 results and 0 failures
[2024-06-01 03:28:03,466][flwr][DEBUG] - fit_round 12: strategy sampled 10 clients (out of 50)
[2024-06-01 03:28:05,147][flwr][DEBUG] - fit_round 12 received 10 results and 0 failures
[2024-06-01 03:28:07,259][flwr][INFO] - fit progress: (12, 42.8878402672708, {'accuracy': 0.882}, 51.841936784330755)
[2024-06-01 03:28:07,259][flwr][DEBUG] - evaluate_round 12: strategy sampled 1 clients (out of 50)
[2024-06-01 03:28:07,533][flwr][DEBUG] - evaluate_round 12 received 1 results and 0 failures
[2024-06-01 03:28:07,533][flwr][DEBUG] - fit_round 13: strategy sampled 10 clients (out of 50)
[2024-06-01 03:28:09,277][flwr][DEBUG] - fit_round 13 received 10 results and 0 failures
[2024-06-01 03:28:11,379][flwr][INFO] - fit progress: (13, 79.88449293375015, {'accuracy': 0.8184}, 55.96175005938858)
[2024-06-01 03:28:11,379][flwr][DEBUG] - evaluate_round 13: strategy sampled 1 clients (out of 50)
[2024-06-01 03:28:11,647][flwr][DEBUG] - evaluate_round 13 received 1 results and 0 failures
[2024-06-01 03:28:11,647][flwr][DEBUG] - fit_round 14: strategy sampled 10 clients (out of 50)
[2024-06-01 03:28:13,350][flwr][DEBUG] - fit_round 14 received 10 results and 0 failures
[2024-06-01 03:28:15,449][flwr][INFO] - fit progress: (14, 122.65986722707748, {'accuracy': 0.8205}, 60.03238453902304)
[2024-06-01 03:28:15,450][flwr][DEBUG] - evaluate_round 14: strategy sampled 1 clients (out of 50)
[2024-06-01 03:28:15,736][flwr][DEBUG] - evaluate_round 14 received 1 results and 0 failures
[2024-06-01 03:28:15,736][flwr][DEBUG] - fit_round 15: strategy sampled 10 clients (out of 50)
[2024-06-01 03:28:17,495][flwr][DEBUG] - fit_round 15 received 10 results and 0 failures
[2024-06-01 03:28:19,600][flwr][INFO] - fit progress: (15, 69.80626579374075, {'accuracy': 0.8463}, 64.18285220908001)
[2024-06-01 03:28:19,600][flwr][DEBUG] - evaluate_round 15: strategy sampled 1 clients (out of 50)
[2024-06-01 03:28:19,884][flwr][DEBUG] - evaluate_round 15 received 1 results and 0 failures
[2024-06-01 03:28:19,884][flwr][DEBUG] - fit_round 16: strategy sampled 10 clients (out of 50)
[2024-06-01 03:28:21,588][flwr][DEBUG] - fit_round 16 received 10 results and 0 failures
[2024-06-01 03:28:23,700][flwr][INFO] - fit progress: (16, 34.351078748703, {'accuracy': 0.8931}, 68.28283833013847)
[2024-06-01 03:28:23,700][flwr][DEBUG] - evaluate_round 16: strategy sampled 1 clients (out of 50)
[2024-06-01 03:28:24,016][flwr][DEBUG] - evaluate_round 16 received 1 results and 0 failures
[2024-06-01 03:28:24,016][flwr][DEBUG] - fit_round 17: strategy sampled 10 clients (out of 50)
[2024-06-01 03:28:25,749][flwr][DEBUG] - fit_round 17 received 10 results and 0 failures
[2024-06-01 03:28:27,865][flwr][INFO] - fit progress: (17, 51.93090711161494, {'accuracy': 0.8541}, 72.44784988230094)
[2024-06-01 03:28:27,865][flwr][DEBUG] - evaluate_round 17: strategy sampled 1 clients (out of 50)
[2024-06-01 03:28:28,152][flwr][DEBUG] - evaluate_round 17 received 1 results and 0 failures
[2024-06-01 03:28:28,152][flwr][DEBUG] - fit_round 18: strategy sampled 10 clients (out of 50)
[2024-06-01 03:28:29,972][flwr][DEBUG] - fit_round 18 received 10 results and 0 failures
[2024-06-01 03:28:32,085][flwr][INFO] - fit progress: (18, 96.57077020406723, {'accuracy': 0.8294}, 76.6676978119649)
[2024-06-01 03:28:32,085][flwr][DEBUG] - evaluate_round 18: strategy sampled 1 clients (out of 50)
[2024-06-01 03:28:32,354][flwr][DEBUG] - evaluate_round 18 received 1 results and 0 failures
[2024-06-01 03:28:32,354][flwr][DEBUG] - fit_round 19: strategy sampled 10 clients (out of 50)
[2024-06-01 03:28:34,143][flwr][DEBUG] - fit_round 19 received 10 results and 0 failures
[2024-06-01 03:28:36,255][flwr][INFO] - fit progress: (19, 46.891811177134514, {'accuracy': 0.8884}, 80.83804651210085)
[2024-06-01 03:28:36,255][flwr][DEBUG] - evaluate_round 19: strategy sampled 1 clients (out of 50)
[2024-06-01 03:28:36,541][flwr][DEBUG] - evaluate_round 19 received 1 results and 0 failures
[2024-06-01 03:28:36,541][flwr][DEBUG] - fit_round 20: strategy sampled 10 clients (out of 50)
[2024-06-01 03:28:38,221][flwr][DEBUG] - fit_round 20 received 10 results and 0 failures
[2024-06-01 03:28:40,334][flwr][INFO] - fit progress: (20, 42.44606895465404, {'accuracy': 0.8908}, 84.91731625329703)
[2024-06-01 03:28:40,334][flwr][DEBUG] - evaluate_round 20: strategy sampled 1 clients (out of 50)
[2024-06-01 03:28:40,622][flwr][DEBUG] - evaluate_round 20 received 1 results and 0 failures
[2024-06-01 03:28:40,622][flwr][DEBUG] - fit_round 21: strategy sampled 10 clients (out of 50)
[2024-06-01 03:28:42,505][flwr][DEBUG] - fit_round 21 received 10 results and 0 failures
[2024-06-01 03:28:44,599][flwr][INFO] - fit progress: (21, 43.84991327964235, {'accuracy': 0.8933}, 89.18171121831983)
[2024-06-01 03:28:44,599][flwr][DEBUG] - evaluate_round 21: strategy sampled 1 clients (out of 50)
[2024-06-01 03:28:44,883][flwr][DEBUG] - evaluate_round 21 received 1 results and 0 failures
[2024-06-01 03:28:44,883][flwr][DEBUG] - fit_round 22: strategy sampled 10 clients (out of 50)
[2024-06-01 03:28:46,624][flwr][DEBUG] - fit_round 22 received 10 results and 0 failures
[2024-06-01 03:28:48,749][flwr][INFO] - fit progress: (22, 249.8887141942978, {'accuracy': 0.7779}, 93.33178468421102)
[2024-06-01 03:28:48,749][flwr][DEBUG] - evaluate_round 22: strategy sampled 1 clients (out of 50)
[2024-06-01 03:28:49,023][flwr][DEBUG] - evaluate_round 22 received 1 results and 0 failures
[2024-06-01 03:28:49,023][flwr][DEBUG] - fit_round 23: strategy sampled 10 clients (out of 50)
[2024-06-01 03:28:50,896][flwr][DEBUG] - fit_round 23 received 10 results and 0 failures
[2024-06-01 03:28:52,995][flwr][INFO] - fit progress: (23, 146.7020489871502, {'accuracy': 0.7831}, 97.57760244701058)
[2024-06-01 03:28:52,995][flwr][DEBUG] - evaluate_round 23: strategy sampled 1 clients (out of 50)
[2024-06-01 03:28:53,267][flwr][DEBUG] - evaluate_round 23 received 1 results and 0 failures
[2024-06-01 03:28:53,267][flwr][DEBUG] - fit_round 24: strategy sampled 10 clients (out of 50)
[2024-06-01 03:28:55,032][flwr][DEBUG] - fit_round 24 received 10 results and 0 failures
[2024-06-01 03:28:57,136][flwr][INFO] - fit progress: (24, 102.85865414142609, {'accuracy': 0.7844}, 101.71940630534664)
[2024-06-01 03:28:57,137][flwr][DEBUG] - evaluate_round 24: strategy sampled 1 clients (out of 50)
[2024-06-01 03:28:57,414][flwr][DEBUG] - evaluate_round 24 received 1 results and 0 failures
[2024-06-01 03:28:57,415][flwr][DEBUG] - fit_round 25: strategy sampled 10 clients (out of 50)
[2024-06-01 03:28:59,249][flwr][DEBUG] - fit_round 25 received 10 results and 0 failures
[2024-06-01 03:29:01,368][flwr][INFO] - fit progress: (25, 237.56959700584412, {'accuracy': 0.816}, 105.95135556720197)
[2024-06-01 03:29:01,368][flwr][DEBUG] - evaluate_round 25: strategy sampled 1 clients (out of 50)
[2024-06-01 03:29:01,656][flwr][DEBUG] - evaluate_round 25 received 1 results and 0 failures
[2024-06-01 03:29:01,656][flwr][DEBUG] - fit_round 26: strategy sampled 10 clients (out of 50)
[2024-06-01 03:29:03,390][flwr][DEBUG] - fit_round 26 received 10 results and 0 failures
[2024-06-01 03:29:05,494][flwr][INFO] - fit progress: (26, 37.51071697473526, {'accuracy': 0.8981}, 110.07701612217352)
[2024-06-01 03:29:05,494][flwr][DEBUG] - evaluate_round 26: strategy sampled 1 clients (out of 50)
[2024-06-01 03:29:05,764][flwr][DEBUG] - evaluate_round 26 received 1 results and 0 failures
[2024-06-01 03:29:05,764][flwr][DEBUG] - fit_round 27: strategy sampled 10 clients (out of 50)
[2024-06-01 03:29:07,546][flwr][DEBUG] - fit_round 27 received 10 results and 0 failures
[2024-06-01 03:29:09,653][flwr][INFO] - fit progress: (27, 109.94250567257404, {'accuracy': 0.8373}, 114.23560691298917)
[2024-06-01 03:29:09,653][flwr][DEBUG] - evaluate_round 27: strategy sampled 1 clients (out of 50)
[2024-06-01 03:29:09,939][flwr][DEBUG] - evaluate_round 27 received 1 results and 0 failures
[2024-06-01 03:29:09,939][flwr][DEBUG] - fit_round 28: strategy sampled 10 clients (out of 50)
[2024-06-01 03:29:11,630][flwr][DEBUG] - fit_round 28 received 10 results and 0 failures
[2024-06-01 03:29:13,734][flwr][INFO] - fit progress: (28, 42.94334954023361, {'accuracy': 0.895}, 118.31747178407386)
[2024-06-01 03:29:13,735][flwr][DEBUG] - evaluate_round 28: strategy sampled 1 clients (out of 50)
[2024-06-01 03:29:13,999][flwr][DEBUG] - evaluate_round 28 received 1 results and 0 failures
[2024-06-01 03:29:13,999][flwr][DEBUG] - fit_round 29: strategy sampled 10 clients (out of 50)
[2024-06-01 03:29:15,610][flwr][DEBUG] - fit_round 29 received 10 results and 0 failures
[2024-06-01 03:29:17,759][flwr][INFO] - fit progress: (29, 440.93516659736633, {'accuracy': 0.6677}, 122.34222655417398)
[2024-06-01 03:29:17,759][flwr][DEBUG] - evaluate_round 29: strategy sampled 1 clients (out of 50)
[2024-06-01 03:29:18,044][flwr][DEBUG] - evaluate_round 29 received 1 results and 0 failures
[2024-06-01 03:29:18,044][flwr][DEBUG] - fit_round 30: strategy sampled 10 clients (out of 50)
[2024-06-01 03:29:19,678][flwr][DEBUG] - fit_round 30 received 10 results and 0 failures
[2024-06-01 03:29:21,794][flwr][INFO] - fit progress: (30, 36.73007746785879, {'accuracy': 0.9095}, 126.37655429914594)
[2024-06-01 03:29:21,794][flwr][DEBUG] - evaluate_round 30: strategy sampled 1 clients (out of 50)
[2024-06-01 03:29:22,070][flwr][DEBUG] - evaluate_round 30 received 1 results and 0 failures
[2024-06-01 03:29:22,070][flwr][DEBUG] - fit_round 31: strategy sampled 10 clients (out of 50)
[2024-06-01 03:29:23,830][flwr][DEBUG] - fit_round 31 received 10 results and 0 failures
[2024-06-01 03:29:25,952][flwr][INFO] - fit progress: (31, 43.51869786251336, {'accuracy': 0.9008}, 130.53518542926759)
[2024-06-01 03:29:25,952][flwr][DEBUG] - evaluate_round 31: strategy sampled 1 clients (out of 50)
[2024-06-01 03:29:26,233][flwr][DEBUG] - evaluate_round 31 received 1 results and 0 failures
[2024-06-01 03:29:26,234][flwr][DEBUG] - fit_round 32: strategy sampled 10 clients (out of 50)
[2024-06-01 03:29:27,953][flwr][DEBUG] - fit_round 32 received 10 results and 0 failures
[2024-06-01 03:29:30,067][flwr][INFO] - fit progress: (32, 40.832838863134384, {'accuracy': 0.8959}, 134.64960410632193)
[2024-06-01 03:29:30,067][flwr][DEBUG] - evaluate_round 32: strategy sampled 1 clients (out of 50)
[2024-06-01 03:29:30,358][flwr][DEBUG] - evaluate_round 32 received 1 results and 0 failures
[2024-06-01 03:29:30,358][flwr][DEBUG] - fit_round 33: strategy sampled 10 clients (out of 50)
[2024-06-01 03:29:32,078][flwr][DEBUG] - fit_round 33 received 10 results and 0 failures
[2024-06-01 03:29:34,191][flwr][INFO] - fit progress: (33, 76.05189203843474, {'accuracy': 0.8431}, 138.7740970212035)
[2024-06-01 03:29:34,191][flwr][DEBUG] - evaluate_round 33: strategy sampled 1 clients (out of 50)
[2024-06-01 03:29:34,462][flwr][DEBUG] - evaluate_round 33 received 1 results and 0 failures
[2024-06-01 03:29:34,462][flwr][DEBUG] - fit_round 34: strategy sampled 10 clients (out of 50)
[2024-06-01 03:29:36,085][flwr][DEBUG] - fit_round 34 received 10 results and 0 failures
[2024-06-01 03:29:38,200][flwr][INFO] - fit progress: (34, 58.51200180873275, {'accuracy': 0.8579}, 142.7831950271502)
[2024-06-01 03:29:38,200][flwr][DEBUG] - evaluate_round 34: strategy sampled 1 clients (out of 50)
[2024-06-01 03:29:38,485][flwr][DEBUG] - evaluate_round 34 received 1 results and 0 failures
[2024-06-01 03:29:38,485][flwr][DEBUG] - fit_round 35: strategy sampled 10 clients (out of 50)
[2024-06-01 03:29:40,175][flwr][DEBUG] - fit_round 35 received 10 results and 0 failures
[2024-06-01 03:29:42,289][flwr][INFO] - fit progress: (35, 58.622933611273766, {'accuracy': 0.8488}, 146.87216651113704)
[2024-06-01 03:29:42,289][flwr][DEBUG] - evaluate_round 35: strategy sampled 1 clients (out of 50)
[2024-06-01 03:29:42,560][flwr][DEBUG] - evaluate_round 35 received 1 results and 0 failures
[2024-06-01 03:29:42,560][flwr][DEBUG] - fit_round 36: strategy sampled 10 clients (out of 50)
[2024-06-01 03:29:44,274][flwr][DEBUG] - fit_round 36 received 10 results and 0 failures
[2024-06-01 03:29:46,376][flwr][INFO] - fit progress: (36, 135.1219063103199, {'accuracy': 0.8099}, 150.95924066798761)
[2024-06-01 03:29:46,376][flwr][DEBUG] - evaluate_round 36: strategy sampled 1 clients (out of 50)
[2024-06-01 03:29:46,646][flwr][DEBUG] - evaluate_round 36 received 1 results and 0 failures
[2024-06-01 03:29:46,646][flwr][DEBUG] - fit_round 37: strategy sampled 10 clients (out of 50)
[2024-06-01 03:29:48,566][flwr][DEBUG] - fit_round 37 received 10 results and 0 failures
[2024-06-01 03:29:50,682][flwr][INFO] - fit progress: (37, 93.76012685894966, {'accuracy': 0.8576}, 155.2650619512424)
[2024-06-01 03:29:50,682][flwr][DEBUG] - evaluate_round 37: strategy sampled 1 clients (out of 50)
[2024-06-01 03:29:50,974][flwr][DEBUG] - evaluate_round 37 received 1 results and 0 failures
[2024-06-01 03:29:50,974][flwr][DEBUG] - fit_round 38: strategy sampled 10 clients (out of 50)
[2024-06-01 03:29:52,661][flwr][DEBUG] - fit_round 38 received 10 results and 0 failures
[2024-06-01 03:29:54,774][flwr][INFO] - fit progress: (38, 215.91541156172752, {'accuracy': 0.8018}, 159.35717982519418)
[2024-06-01 03:29:54,774][flwr][DEBUG] - evaluate_round 38: strategy sampled 1 clients (out of 50)
[2024-06-01 03:29:55,049][flwr][DEBUG] - evaluate_round 38 received 1 results and 0 failures
[2024-06-01 03:29:55,049][flwr][DEBUG] - fit_round 39: strategy sampled 10 clients (out of 50)
[2024-06-01 03:29:56,845][flwr][DEBUG] - fit_round 39 received 10 results and 0 failures
[2024-06-01 03:29:58,952][flwr][INFO] - fit progress: (39, 86.63634626567364, {'accuracy': 0.8508}, 163.53519440209493)
[2024-06-01 03:29:58,952][flwr][DEBUG] - evaluate_round 39: strategy sampled 1 clients (out of 50)
[2024-06-01 03:29:59,238][flwr][DEBUG] - evaluate_round 39 received 1 results and 0 failures
[2024-06-01 03:29:59,239][flwr][DEBUG] - fit_round 40: strategy sampled 10 clients (out of 50)
[2024-06-01 03:30:00,986][flwr][DEBUG] - fit_round 40 received 10 results and 0 failures
[2024-06-01 03:30:03,076][flwr][INFO] - fit progress: (40, 44.96201897226274, {'accuracy': 0.9033}, 167.6590401600115)
[2024-06-01 03:30:03,076][flwr][DEBUG] - evaluate_round 40: strategy sampled 1 clients (out of 50)
[2024-06-01 03:30:03,363][flwr][DEBUG] - evaluate_round 40 received 1 results and 0 failures
[2024-06-01 03:30:03,364][flwr][DEBUG] - fit_round 41: strategy sampled 10 clients (out of 50)
[2024-06-01 03:30:05,011][flwr][DEBUG] - fit_round 41 received 10 results and 0 failures
[2024-06-01 03:30:07,112][flwr][INFO] - fit progress: (41, 41.058406099677086, {'accuracy': 0.8933}, 171.69521911302581)
[2024-06-01 03:30:07,112][flwr][DEBUG] - evaluate_round 41: strategy sampled 1 clients (out of 50)
[2024-06-01 03:30:07,381][flwr][DEBUG] - evaluate_round 41 received 1 results and 0 failures
[2024-06-01 03:30:07,382][flwr][DEBUG] - fit_round 42: strategy sampled 10 clients (out of 50)
[2024-06-01 03:30:09,252][flwr][DEBUG] - fit_round 42 received 10 results and 0 failures
[2024-06-01 03:30:11,342][flwr][INFO] - fit progress: (42, 52.09481553733349, {'accuracy': 0.8576}, 175.92467567324638)
[2024-06-01 03:30:11,342][flwr][DEBUG] - evaluate_round 42: strategy sampled 1 clients (out of 50)
[2024-06-01 03:30:11,636][flwr][DEBUG] - evaluate_round 42 received 1 results and 0 failures
[2024-06-01 03:30:11,637][flwr][DEBUG] - fit_round 43: strategy sampled 10 clients (out of 50)
[2024-06-01 03:30:13,445][flwr][DEBUG] - fit_round 43 received 10 results and 0 failures
[2024-06-01 03:30:15,540][flwr][INFO] - fit progress: (43, 30.54015901661478, {'accuracy': 0.9262}, 180.12342382827774)
[2024-06-01 03:30:15,541][flwr][DEBUG] - evaluate_round 43: strategy sampled 1 clients (out of 50)
[2024-06-01 03:30:15,827][flwr][DEBUG] - evaluate_round 43 received 1 results and 0 failures
[2024-06-01 03:30:15,827][flwr][DEBUG] - fit_round 44: strategy sampled 10 clients (out of 50)
[2024-06-01 03:30:17,535][flwr][DEBUG] - fit_round 44 received 10 results and 0 failures
[2024-06-01 03:30:19,631][flwr][INFO] - fit progress: (44, 64.89228676259518, {'accuracy': 0.8389}, 184.21363764535636)
[2024-06-01 03:30:19,631][flwr][DEBUG] - evaluate_round 44: strategy sampled 1 clients (out of 50)
[2024-06-01 03:30:19,919][flwr][DEBUG] - evaluate_round 44 received 1 results and 0 failures
[2024-06-01 03:30:19,919][flwr][DEBUG] - fit_round 45: strategy sampled 10 clients (out of 50)
[2024-06-01 03:30:21,681][flwr][DEBUG] - fit_round 45 received 10 results and 0 failures
[2024-06-01 03:30:23,786][flwr][INFO] - fit progress: (45, 33.16427637450397, {'accuracy': 0.9182}, 188.36899156030267)
[2024-06-01 03:30:23,786][flwr][DEBUG] - evaluate_round 45: strategy sampled 1 clients (out of 50)
[2024-06-01 03:30:24,068][flwr][DEBUG] - evaluate_round 45 received 1 results and 0 failures
[2024-06-01 03:30:24,069][flwr][DEBUG] - fit_round 46: strategy sampled 10 clients (out of 50)
[2024-06-01 03:30:25,799][flwr][DEBUG] - fit_round 46 received 10 results and 0 failures
[2024-06-01 03:30:27,897][flwr][INFO] - fit progress: (46, 136.71231073141098, {'accuracy': 0.8004}, 192.47960816510022)
[2024-06-01 03:30:27,897][flwr][DEBUG] - evaluate_round 46: strategy sampled 1 clients (out of 50)
[2024-06-01 03:30:28,184][flwr][DEBUG] - evaluate_round 46 received 1 results and 0 failures
[2024-06-01 03:30:28,184][flwr][DEBUG] - fit_round 47: strategy sampled 10 clients (out of 50)
[2024-06-01 03:30:29,893][flwr][DEBUG] - fit_round 47 received 10 results and 0 failures
[2024-06-01 03:30:31,984][flwr][INFO] - fit progress: (47, 108.65283608436584, {'accuracy': 0.8378}, 196.56729266932234)
[2024-06-01 03:30:31,984][flwr][DEBUG] - evaluate_round 47: strategy sampled 1 clients (out of 50)
[2024-06-01 03:30:32,252][flwr][DEBUG] - evaluate_round 47 received 1 results and 0 failures
[2024-06-01 03:30:32,252][flwr][DEBUG] - fit_round 48: strategy sampled 10 clients (out of 50)
[2024-06-01 03:30:33,999][flwr][DEBUG] - fit_round 48 received 10 results and 0 failures
[2024-06-01 03:30:36,097][flwr][INFO] - fit progress: (48, 30.789603918790817, {'accuracy': 0.9184}, 200.68034229427576)
[2024-06-01 03:30:36,097][flwr][DEBUG] - evaluate_round 48: strategy sampled 1 clients (out of 50)
[2024-06-01 03:30:36,404][flwr][DEBUG] - evaluate_round 48 received 1 results and 0 failures
[2024-06-01 03:30:36,404][flwr][DEBUG] - fit_round 49: strategy sampled 10 clients (out of 50)
[2024-06-01 03:30:38,065][flwr][DEBUG] - fit_round 49 received 10 results and 0 failures
[2024-06-01 03:30:40,177][flwr][INFO] - fit progress: (49, 117.3055168390274, {'accuracy': 0.8247}, 204.76031122915447)
[2024-06-01 03:30:40,177][flwr][DEBUG] - evaluate_round 49: strategy sampled 1 clients (out of 50)
[2024-06-01 03:30:40,449][flwr][DEBUG] - evaluate_round 49 received 1 results and 0 failures
[2024-06-01 03:30:40,449][flwr][DEBUG] - fit_round 50: strategy sampled 10 clients (out of 50)
[2024-06-01 03:30:42,075][flwr][DEBUG] - fit_round 50 received 10 results and 0 failures
[2024-06-01 03:30:44,177][flwr][INFO] - fit progress: (50, 33.56929976120591, {'accuracy': 0.9242}, 208.76020557107404)
[2024-06-01 03:30:44,177][flwr][DEBUG] - evaluate_round 50: strategy sampled 1 clients (out of 50)
[2024-06-01 03:30:44,462][flwr][DEBUG] - evaluate_round 50 received 1 results and 0 failures
[2024-06-01 03:30:44,462][flwr][DEBUG] - fit_round 51: strategy sampled 10 clients (out of 50)
[2024-06-01 03:30:46,138][flwr][DEBUG] - fit_round 51 received 10 results and 0 failures
[2024-06-01 03:30:48,252][flwr][INFO] - fit progress: (51, 38.548109877854586, {'accuracy': 0.8934}, 212.83519838098437)
[2024-06-01 03:30:48,252][flwr][DEBUG] - evaluate_round 51: strategy sampled 1 clients (out of 50)
[2024-06-01 03:30:48,535][flwr][DEBUG] - evaluate_round 51 received 1 results and 0 failures
[2024-06-01 03:30:48,535][flwr][DEBUG] - fit_round 52: strategy sampled 10 clients (out of 50)
[2024-06-01 03:30:50,192][flwr][DEBUG] - fit_round 52 received 10 results and 0 failures
[2024-06-01 03:30:52,281][flwr][INFO] - fit progress: (52, 52.15622816979885, {'accuracy': 0.8861}, 216.86427755700424)
[2024-06-01 03:30:52,281][flwr][DEBUG] - evaluate_round 52: strategy sampled 1 clients (out of 50)
[2024-06-01 03:30:52,536][flwr][DEBUG] - evaluate_round 52 received 1 results and 0 failures
[2024-06-01 03:30:52,536][flwr][DEBUG] - fit_round 53: strategy sampled 10 clients (out of 50)
[2024-06-01 03:30:54,335][flwr][DEBUG] - fit_round 53 received 10 results and 0 failures
[2024-06-01 03:30:56,428][flwr][INFO] - fit progress: (53, 60.35341343283653, {'accuracy': 0.8679}, 221.0109998001717)
[2024-06-01 03:30:56,428][flwr][DEBUG] - evaluate_round 53: strategy sampled 1 clients (out of 50)
[2024-06-01 03:30:56,711][flwr][DEBUG] - evaluate_round 53 received 1 results and 0 failures
[2024-06-01 03:30:56,711][flwr][DEBUG] - fit_round 54: strategy sampled 10 clients (out of 50)
[2024-06-01 03:30:58,481][flwr][DEBUG] - fit_round 54 received 10 results and 0 failures
[2024-06-01 03:31:00,583][flwr][INFO] - fit progress: (54, 33.20443179085851, {'accuracy': 0.9265}, 225.16568597126752)
[2024-06-01 03:31:00,583][flwr][DEBUG] - evaluate_round 54: strategy sampled 1 clients (out of 50)
[2024-06-01 03:31:00,842][flwr][DEBUG] - evaluate_round 54 received 1 results and 0 failures
[2024-06-01 03:31:00,843][flwr][DEBUG] - fit_round 55: strategy sampled 10 clients (out of 50)
[2024-06-01 03:31:02,487][flwr][DEBUG] - fit_round 55 received 10 results and 0 failures
[2024-06-01 03:31:04,574][flwr][INFO] - fit progress: (55, 61.79727481305599, {'accuracy': 0.8695}, 229.15735647734255)
[2024-06-01 03:31:04,574][flwr][DEBUG] - evaluate_round 55: strategy sampled 1 clients (out of 50)
[2024-06-01 03:31:04,859][flwr][DEBUG] - evaluate_round 55 received 1 results and 0 failures
[2024-06-01 03:31:04,859][flwr][DEBUG] - fit_round 56: strategy sampled 10 clients (out of 50)
[2024-06-01 03:31:06,571][flwr][DEBUG] - fit_round 56 received 10 results and 0 failures
[2024-06-01 03:31:08,683][flwr][INFO] - fit progress: (56, 52.35750213265419, {'accuracy': 0.8453}, 233.26623959001154)
[2024-06-01 03:31:08,683][flwr][DEBUG] - evaluate_round 56: strategy sampled 1 clients (out of 50)
[2024-06-01 03:31:08,972][flwr][DEBUG] - evaluate_round 56 received 1 results and 0 failures
[2024-06-01 03:31:08,972][flwr][DEBUG] - fit_round 57: strategy sampled 10 clients (out of 50)
[2024-06-01 03:31:10,710][flwr][DEBUG] - fit_round 57 received 10 results and 0 failures
[2024-06-01 03:31:12,797][flwr][INFO] - fit progress: (57, 37.55361699470086, {'accuracy': 0.9321}, 237.37977695418522)
[2024-06-01 03:31:12,797][flwr][DEBUG] - evaluate_round 57: strategy sampled 1 clients (out of 50)
[2024-06-01 03:31:13,083][flwr][DEBUG] - evaluate_round 57 received 1 results and 0 failures
[2024-06-01 03:31:13,083][flwr][DEBUG] - fit_round 58: strategy sampled 10 clients (out of 50)
[2024-06-01 03:31:14,817][flwr][DEBUG] - fit_round 58 received 10 results and 0 failures
[2024-06-01 03:31:16,922][flwr][INFO] - fit progress: (58, 147.36816251277924, {'accuracy': 0.8169}, 241.5046763313003)
[2024-06-01 03:31:16,922][flwr][DEBUG] - evaluate_round 58: strategy sampled 1 clients (out of 50)
[2024-06-01 03:31:17,199][flwr][DEBUG] - evaluate_round 58 received 1 results and 0 failures
[2024-06-01 03:31:17,199][flwr][DEBUG] - fit_round 59: strategy sampled 10 clients (out of 50)
[2024-06-01 03:31:18,888][flwr][DEBUG] - fit_round 59 received 10 results and 0 failures
[2024-06-01 03:31:20,979][flwr][INFO] - fit progress: (59, 51.32378722727299, {'accuracy': 0.8496}, 245.56189702032134)
[2024-06-01 03:31:20,979][flwr][DEBUG] - evaluate_round 59: strategy sampled 1 clients (out of 50)
[2024-06-01 03:31:21,259][flwr][DEBUG] - evaluate_round 59 received 1 results and 0 failures
[2024-06-01 03:31:21,259][flwr][DEBUG] - fit_round 60: strategy sampled 10 clients (out of 50)
[2024-06-01 03:31:23,034][flwr][DEBUG] - fit_round 60 received 10 results and 0 failures
[2024-06-01 03:31:25,129][flwr][INFO] - fit progress: (60, 34.496995367109776, {'accuracy': 0.9131}, 249.71212777821347)
[2024-06-01 03:31:25,129][flwr][DEBUG] - evaluate_round 60: strategy sampled 1 clients (out of 50)
[2024-06-01 03:31:25,408][flwr][DEBUG] - evaluate_round 60 received 1 results and 0 failures
[2024-06-01 03:31:25,408][flwr][DEBUG] - fit_round 61: strategy sampled 10 clients (out of 50)
[2024-06-01 03:31:27,170][flwr][DEBUG] - fit_round 61 received 10 results and 0 failures
[2024-06-01 03:31:29,261][flwr][INFO] - fit progress: (61, 60.50927504710853, {'accuracy': 0.9077}, 253.84357269015163)
[2024-06-01 03:31:29,261][flwr][DEBUG] - evaluate_round 61: strategy sampled 1 clients (out of 50)
[2024-06-01 03:31:29,534][flwr][DEBUG] - evaluate_round 61 received 1 results and 0 failures
[2024-06-01 03:31:29,534][flwr][DEBUG] - fit_round 62: strategy sampled 10 clients (out of 50)
[2024-06-01 03:31:31,229][flwr][DEBUG] - fit_round 62 received 10 results and 0 failures
[2024-06-01 03:31:33,332][flwr][INFO] - fit progress: (62, 32.29137946665287, {'accuracy': 0.9114}, 257.91532777203247)
[2024-06-01 03:31:33,332][flwr][DEBUG] - evaluate_round 62: strategy sampled 1 clients (out of 50)
[2024-06-01 03:31:33,611][flwr][DEBUG] - evaluate_round 62 received 1 results and 0 failures
[2024-06-01 03:31:33,612][flwr][DEBUG] - fit_round 63: strategy sampled 10 clients (out of 50)
[2024-06-01 03:31:35,314][flwr][DEBUG] - fit_round 63 received 10 results and 0 failures
[2024-06-01 03:31:37,408][flwr][INFO] - fit progress: (63, 447.8603208065033, {'accuracy': 0.6855}, 261.991159806028)
[2024-06-01 03:31:37,408][flwr][DEBUG] - evaluate_round 63: strategy sampled 1 clients (out of 50)
[2024-06-01 03:31:37,682][flwr][DEBUG] - evaluate_round 63 received 1 results and 0 failures
[2024-06-01 03:31:37,682][flwr][DEBUG] - fit_round 64: strategy sampled 10 clients (out of 50)
[2024-06-01 03:31:39,485][flwr][DEBUG] - fit_round 64 received 10 results and 0 failures
[2024-06-01 03:31:41,582][flwr][INFO] - fit progress: (64, 48.74713450856507, {'accuracy': 0.9163}, 266.1650640433654)
[2024-06-01 03:31:41,582][flwr][DEBUG] - evaluate_round 64: strategy sampled 1 clients (out of 50)
[2024-06-01 03:31:41,865][flwr][DEBUG] - evaluate_round 64 received 1 results and 0 failures
[2024-06-01 03:31:41,865][flwr][DEBUG] - fit_round 65: strategy sampled 10 clients (out of 50)
[2024-06-01 03:31:43,668][flwr][DEBUG] - fit_round 65 received 10 results and 0 failures
[2024-06-01 03:31:45,762][flwr][INFO] - fit progress: (65, 30.429472249932587, {'accuracy': 0.9265}, 270.3444936280139)
[2024-06-01 03:31:45,762][flwr][DEBUG] - evaluate_round 65: strategy sampled 1 clients (out of 50)
[2024-06-01 03:31:46,037][flwr][DEBUG] - evaluate_round 65 received 1 results and 0 failures
[2024-06-01 03:31:46,037][flwr][DEBUG] - fit_round 66: strategy sampled 10 clients (out of 50)
[2024-06-01 03:31:47,862][flwr][DEBUG] - fit_round 66 received 10 results and 0 failures
[2024-06-01 03:31:49,947][flwr][INFO] - fit progress: (66, 38.62860045954585, {'accuracy': 0.9036}, 274.5303797200322)
[2024-06-01 03:31:49,948][flwr][DEBUG] - evaluate_round 66: strategy sampled 1 clients (out of 50)
[2024-06-01 03:31:50,232][flwr][DEBUG] - evaluate_round 66 received 1 results and 0 failures
[2024-06-01 03:31:50,233][flwr][DEBUG] - fit_round 67: strategy sampled 10 clients (out of 50)
[2024-06-01 03:31:51,987][flwr][DEBUG] - fit_round 67 received 10 results and 0 failures
[2024-06-01 03:31:54,094][flwr][INFO] - fit progress: (67, 31.359884140081704, {'accuracy': 0.9177}, 278.6765714320354)
[2024-06-01 03:31:54,094][flwr][DEBUG] - evaluate_round 67: strategy sampled 1 clients (out of 50)
[2024-06-01 03:31:54,365][flwr][DEBUG] - evaluate_round 67 received 1 results and 0 failures
[2024-06-01 03:31:54,365][flwr][DEBUG] - fit_round 68: strategy sampled 10 clients (out of 50)
[2024-06-01 03:31:56,051][flwr][DEBUG] - fit_round 68 received 10 results and 0 failures
[2024-06-01 03:31:58,140][flwr][INFO] - fit progress: (68, 46.67628967948258, {'accuracy': 0.8832}, 282.7232017023489)
[2024-06-01 03:31:58,140][flwr][DEBUG] - evaluate_round 68: strategy sampled 1 clients (out of 50)
[2024-06-01 03:31:58,433][flwr][DEBUG] - evaluate_round 68 received 1 results and 0 failures
[2024-06-01 03:31:58,433][flwr][DEBUG] - fit_round 69: strategy sampled 10 clients (out of 50)
[2024-06-01 03:32:00,168][flwr][DEBUG] - fit_round 69 received 10 results and 0 failures
[2024-06-01 03:32:02,268][flwr][INFO] - fit progress: (69, 30.586653895676136, {'accuracy': 0.9284}, 286.8510894663632)
[2024-06-01 03:32:02,268][flwr][DEBUG] - evaluate_round 69: strategy sampled 1 clients (out of 50)
[2024-06-01 03:32:02,532][flwr][DEBUG] - evaluate_round 69 received 1 results and 0 failures
[2024-06-01 03:32:02,532][flwr][DEBUG] - fit_round 70: strategy sampled 10 clients (out of 50)
[2024-06-01 03:32:04,309][flwr][DEBUG] - fit_round 70 received 10 results and 0 failures
[2024-06-01 03:32:06,399][flwr][INFO] - fit progress: (70, 27.431912562344223, {'accuracy': 0.9277}, 290.9823347562924)
[2024-06-01 03:32:06,399][flwr][DEBUG] - evaluate_round 70: strategy sampled 1 clients (out of 50)
[2024-06-01 03:32:06,682][flwr][DEBUG] - evaluate_round 70 received 1 results and 0 failures
[2024-06-01 03:32:06,682][flwr][DEBUG] - fit_round 71: strategy sampled 10 clients (out of 50)
[2024-06-01 03:32:08,617][flwr][DEBUG] - fit_round 71 received 10 results and 0 failures
[2024-06-01 03:32:10,716][flwr][INFO] - fit progress: (71, 50.59060641005635, {'accuracy': 0.9136}, 295.2987563321367)
[2024-06-01 03:32:10,716][flwr][DEBUG] - evaluate_round 71: strategy sampled 1 clients (out of 50)
[2024-06-01 03:32:10,985][flwr][DEBUG] - evaluate_round 71 received 1 results and 0 failures
[2024-06-01 03:32:10,985][flwr][DEBUG] - fit_round 72: strategy sampled 10 clients (out of 50)
[2024-06-01 03:32:12,822][flwr][DEBUG] - fit_round 72 received 10 results and 0 failures
[2024-06-01 03:32:14,917][flwr][INFO] - fit progress: (72, 86.19746069610119, {'accuracy': 0.8458}, 299.5002790931612)
[2024-06-01 03:32:14,917][flwr][DEBUG] - evaluate_round 72: strategy sampled 1 clients (out of 50)
[2024-06-01 03:32:15,204][flwr][DEBUG] - evaluate_round 72 received 1 results and 0 failures
[2024-06-01 03:32:15,205][flwr][DEBUG] - fit_round 73: strategy sampled 10 clients (out of 50)
[2024-06-01 03:32:16,960][flwr][DEBUG] - fit_round 73 received 10 results and 0 failures
[2024-06-01 03:32:19,063][flwr][INFO] - fit progress: (73, 40.70611659926362, {'accuracy': 0.9232}, 303.6463559293188)
[2024-06-01 03:32:19,064][flwr][DEBUG] - evaluate_round 73: strategy sampled 1 clients (out of 50)
[2024-06-01 03:32:19,347][flwr][DEBUG] - evaluate_round 73 received 1 results and 0 failures
[2024-06-01 03:32:19,347][flwr][DEBUG] - fit_round 74: strategy sampled 10 clients (out of 50)
[2024-06-01 03:32:21,093][flwr][DEBUG] - fit_round 74 received 10 results and 0 failures
[2024-06-01 03:32:23,188][flwr][INFO] - fit progress: (74, 46.94244191236794, {'accuracy': 0.9041}, 307.77136206720024)
[2024-06-01 03:32:23,188][flwr][DEBUG] - evaluate_round 74: strategy sampled 1 clients (out of 50)
[2024-06-01 03:32:23,470][flwr][DEBUG] - evaluate_round 74 received 1 results and 0 failures
[2024-06-01 03:32:23,470][flwr][DEBUG] - fit_round 75: strategy sampled 10 clients (out of 50)
[2024-06-01 03:32:25,221][flwr][DEBUG] - fit_round 75 received 10 results and 0 failures
[2024-06-01 03:32:27,328][flwr][INFO] - fit progress: (75, 96.72642776370049, {'accuracy': 0.854}, 311.9111076169647)
[2024-06-01 03:32:27,328][flwr][DEBUG] - evaluate_round 75: strategy sampled 1 clients (out of 50)
[2024-06-01 03:32:27,599][flwr][DEBUG] - evaluate_round 75 received 1 results and 0 failures
[2024-06-01 03:32:27,599][flwr][DEBUG] - fit_round 76: strategy sampled 10 clients (out of 50)
[2024-06-01 03:32:29,450][flwr][DEBUG] - fit_round 76 received 10 results and 0 failures
[2024-06-01 03:32:31,545][flwr][INFO] - fit progress: (76, 39.72020671889186, {'accuracy': 0.8856}, 316.1280358112417)
[2024-06-01 03:32:31,545][flwr][DEBUG] - evaluate_round 76: strategy sampled 1 clients (out of 50)
[2024-06-01 03:32:31,810][flwr][DEBUG] - evaluate_round 76 received 1 results and 0 failures
[2024-06-01 03:32:31,810][flwr][DEBUG] - fit_round 77: strategy sampled 10 clients (out of 50)
[2024-06-01 03:32:33,725][flwr][DEBUG] - fit_round 77 received 10 results and 0 failures
[2024-06-01 03:32:35,835][flwr][INFO] - fit progress: (77, 165.6671459376812, {'accuracy': 0.8637}, 320.41806310229003)
[2024-06-01 03:32:35,835][flwr][DEBUG] - evaluate_round 77: strategy sampled 1 clients (out of 50)
[2024-06-01 03:32:36,113][flwr][DEBUG] - evaluate_round 77 received 1 results and 0 failures
[2024-06-01 03:32:36,113][flwr][DEBUG] - fit_round 78: strategy sampled 10 clients (out of 50)
[2024-06-01 03:32:37,900][flwr][DEBUG] - fit_round 78 received 10 results and 0 failures
[2024-06-01 03:32:39,995][flwr][INFO] - fit progress: (78, 48.94758692709729, {'accuracy': 0.9002}, 324.57824901724234)
[2024-06-01 03:32:39,995][flwr][DEBUG] - evaluate_round 78: strategy sampled 1 clients (out of 50)
[2024-06-01 03:32:40,279][flwr][DEBUG] - evaluate_round 78 received 1 results and 0 failures
[2024-06-01 03:32:40,279][flwr][DEBUG] - fit_round 79: strategy sampled 10 clients (out of 50)
[2024-06-01 03:32:41,946][flwr][DEBUG] - fit_round 79 received 10 results and 0 failures
[2024-06-01 03:32:44,046][flwr][INFO] - fit progress: (79, 51.34929437190294, {'accuracy': 0.8984}, 328.6285550193861)
[2024-06-01 03:32:44,046][flwr][DEBUG] - evaluate_round 79: strategy sampled 1 clients (out of 50)
[2024-06-01 03:32:44,324][flwr][DEBUG] - evaluate_round 79 received 1 results and 0 failures
[2024-06-01 03:32:44,324][flwr][DEBUG] - fit_round 80: strategy sampled 10 clients (out of 50)
[2024-06-01 03:32:46,125][flwr][DEBUG] - fit_round 80 received 10 results and 0 failures
[2024-06-01 03:32:48,218][flwr][INFO] - fit progress: (80, 34.73863539611921, {'accuracy': 0.9251}, 332.8013095301576)
[2024-06-01 03:32:48,218][flwr][DEBUG] - evaluate_round 80: strategy sampled 1 clients (out of 50)
[2024-06-01 03:32:48,501][flwr][DEBUG] - evaluate_round 80 received 1 results and 0 failures
[2024-06-01 03:32:48,502][flwr][DEBUG] - fit_round 81: strategy sampled 10 clients (out of 50)
[2024-06-01 03:32:50,300][flwr][DEBUG] - fit_round 81 received 10 results and 0 failures
[2024-06-01 03:32:52,402][flwr][INFO] - fit progress: (81, 25.839862532913685, {'accuracy': 0.925}, 336.9849906540476)
[2024-06-01 03:32:52,402][flwr][DEBUG] - evaluate_round 81: strategy sampled 1 clients (out of 50)
[2024-06-01 03:32:52,680][flwr][DEBUG] - evaluate_round 81 received 1 results and 0 failures
[2024-06-01 03:32:52,680][flwr][DEBUG] - fit_round 82: strategy sampled 10 clients (out of 50)
[2024-06-01 03:32:54,534][flwr][DEBUG] - fit_round 82 received 10 results and 0 failures
[2024-06-01 03:32:56,630][flwr][INFO] - fit progress: (82, 60.22550502978265, {'accuracy': 0.881}, 341.2131261760369)
[2024-06-01 03:32:56,630][flwr][DEBUG] - evaluate_round 82: strategy sampled 1 clients (out of 50)
[2024-06-01 03:32:56,882][flwr][DEBUG] - evaluate_round 82 received 1 results and 0 failures
[2024-06-01 03:32:56,882][flwr][DEBUG] - fit_round 83: strategy sampled 10 clients (out of 50)
[2024-06-01 03:32:58,685][flwr][DEBUG] - fit_round 83 received 10 results and 0 failures
[2024-06-01 03:33:00,790][flwr][INFO] - fit progress: (83, 44.275964483618736, {'accuracy': 0.8608}, 345.3728669700213)
[2024-06-01 03:33:00,790][flwr][DEBUG] - evaluate_round 83: strategy sampled 1 clients (out of 50)
[2024-06-01 03:33:01,070][flwr][DEBUG] - evaluate_round 83 received 1 results and 0 failures
[2024-06-01 03:33:01,070][flwr][DEBUG] - fit_round 84: strategy sampled 10 clients (out of 50)
[2024-06-01 03:33:02,763][flwr][DEBUG] - fit_round 84 received 10 results and 0 failures
[2024-06-01 03:33:04,856][flwr][INFO] - fit progress: (84, 29.112618649203796, {'accuracy': 0.9402}, 349.43898152932525)
[2024-06-01 03:33:04,856][flwr][DEBUG] - evaluate_round 84: strategy sampled 1 clients (out of 50)
[2024-06-01 03:33:05,137][flwr][DEBUG] - evaluate_round 84 received 1 results and 0 failures
[2024-06-01 03:33:05,137][flwr][DEBUG] - fit_round 85: strategy sampled 10 clients (out of 50)
[2024-06-01 03:33:06,777][flwr][DEBUG] - fit_round 85 received 10 results and 0 failures
[2024-06-01 03:33:08,876][flwr][INFO] - fit progress: (85, 275.25299429893494, {'accuracy': 0.7958}, 353.4586557741277)
[2024-06-01 03:33:08,876][flwr][DEBUG] - evaluate_round 85: strategy sampled 1 clients (out of 50)
[2024-06-01 03:33:09,164][flwr][DEBUG] - evaluate_round 85 received 1 results and 0 failures
[2024-06-01 03:33:09,165][flwr][DEBUG] - fit_round 86: strategy sampled 10 clients (out of 50)
[2024-06-01 03:33:10,901][flwr][DEBUG] - fit_round 86 received 10 results and 0 failures
[2024-06-01 03:33:12,989][flwr][INFO] - fit progress: (86, 151.78992640972137, {'accuracy': 0.8078}, 357.5719982869923)
[2024-06-01 03:33:12,989][flwr][DEBUG] - evaluate_round 86: strategy sampled 1 clients (out of 50)
[2024-06-01 03:33:13,272][flwr][DEBUG] - evaluate_round 86 received 1 results and 0 failures
[2024-06-01 03:33:13,272][flwr][DEBUG] - fit_round 87: strategy sampled 10 clients (out of 50)
[2024-06-01 03:33:14,898][flwr][DEBUG] - fit_round 87 received 10 results and 0 failures
[2024-06-01 03:33:16,994][flwr][INFO] - fit progress: (87, 31.371746026328765, {'accuracy': 0.9336}, 361.57728099636734)
[2024-06-01 03:33:16,994][flwr][DEBUG] - evaluate_round 87: strategy sampled 1 clients (out of 50)
[2024-06-01 03:33:17,269][flwr][DEBUG] - evaluate_round 87 received 1 results and 0 failures
[2024-06-01 03:33:17,270][flwr][DEBUG] - fit_round 88: strategy sampled 10 clients (out of 50)
[2024-06-01 03:33:18,957][flwr][DEBUG] - fit_round 88 received 10 results and 0 failures
[2024-06-01 03:33:21,043][flwr][INFO] - fit progress: (88, 26.0944583627861, {'accuracy': 0.9424}, 365.6263484181836)
[2024-06-01 03:33:21,043][flwr][DEBUG] - evaluate_round 88: strategy sampled 1 clients (out of 50)
[2024-06-01 03:33:21,324][flwr][DEBUG] - evaluate_round 88 received 1 results and 0 failures
[2024-06-01 03:33:21,324][flwr][DEBUG] - fit_round 89: strategy sampled 10 clients (out of 50)
[2024-06-01 03:33:23,010][flwr][DEBUG] - fit_round 89 received 10 results and 0 failures
[2024-06-01 03:33:25,106][flwr][INFO] - fit progress: (89, 48.228877659887075, {'accuracy': 0.9113}, 369.6886182301678)
[2024-06-01 03:33:25,106][flwr][DEBUG] - evaluate_round 89: strategy sampled 1 clients (out of 50)
[2024-06-01 03:33:25,401][flwr][DEBUG] - evaluate_round 89 received 1 results and 0 failures
[2024-06-01 03:33:25,401][flwr][DEBUG] - fit_round 90: strategy sampled 10 clients (out of 50)
[2024-06-01 03:33:27,051][flwr][DEBUG] - fit_round 90 received 10 results and 0 failures
[2024-06-01 03:33:29,135][flwr][INFO] - fit progress: (90, 30.254475062713027, {'accuracy': 0.9173}, 373.71750095905736)
[2024-06-01 03:33:29,135][flwr][DEBUG] - evaluate_round 90: strategy sampled 1 clients (out of 50)
[2024-06-01 03:33:29,399][flwr][DEBUG] - evaluate_round 90 received 1 results and 0 failures
[2024-06-01 03:33:29,399][flwr][DEBUG] - fit_round 91: strategy sampled 10 clients (out of 50)
[2024-06-01 03:33:31,125][flwr][DEBUG] - fit_round 91 received 10 results and 0 failures
[2024-06-01 03:33:33,224][flwr][INFO] - fit progress: (91, 99.06315532326698, {'accuracy': 0.8704}, 377.80741404928267)
[2024-06-01 03:33:33,225][flwr][DEBUG] - evaluate_round 91: strategy sampled 1 clients (out of 50)
[2024-06-01 03:33:33,517][flwr][DEBUG] - evaluate_round 91 received 1 results and 0 failures
[2024-06-01 03:33:33,517][flwr][DEBUG] - fit_round 92: strategy sampled 10 clients (out of 50)
[2024-06-01 03:33:35,210][flwr][DEBUG] - fit_round 92 received 10 results and 0 failures
[2024-06-01 03:33:37,301][flwr][INFO] - fit progress: (92, 31.414282213896513, {'accuracy': 0.9082}, 381.8835378321819)
[2024-06-01 03:33:37,301][flwr][DEBUG] - evaluate_round 92: strategy sampled 1 clients (out of 50)
[2024-06-01 03:33:37,569][flwr][DEBUG] - evaluate_round 92 received 1 results and 0 failures
[2024-06-01 03:33:37,570][flwr][DEBUG] - fit_round 93: strategy sampled 10 clients (out of 50)
[2024-06-01 03:33:39,216][flwr][DEBUG] - fit_round 93 received 10 results and 0 failures
[2024-06-01 03:33:41,309][flwr][INFO] - fit progress: (93, 63.447447165846825, {'accuracy': 0.8795}, 385.8921105233021)
[2024-06-01 03:33:41,309][flwr][DEBUG] - evaluate_round 93: strategy sampled 1 clients (out of 50)
[2024-06-01 03:33:41,591][flwr][DEBUG] - evaluate_round 93 received 1 results and 0 failures
[2024-06-01 03:33:41,591][flwr][DEBUG] - fit_round 94: strategy sampled 10 clients (out of 50)
[2024-06-01 03:33:43,353][flwr][DEBUG] - fit_round 94 received 10 results and 0 failures
[2024-06-01 03:33:45,448][flwr][INFO] - fit progress: (94, 33.028149381279945, {'accuracy': 0.9256}, 390.03051591012627)
[2024-06-01 03:33:45,448][flwr][DEBUG] - evaluate_round 94: strategy sampled 1 clients (out of 50)
[2024-06-01 03:33:45,721][flwr][DEBUG] - evaluate_round 94 received 1 results and 0 failures
[2024-06-01 03:33:45,721][flwr][DEBUG] - fit_round 95: strategy sampled 10 clients (out of 50)
[2024-06-01 03:33:47,444][flwr][DEBUG] - fit_round 95 received 10 results and 0 failures
[2024-06-01 03:33:49,543][flwr][INFO] - fit progress: (95, 23.902408179157646, {'accuracy': 0.9382}, 394.1264001620002)
[2024-06-01 03:33:49,544][flwr][DEBUG] - evaluate_round 95: strategy sampled 1 clients (out of 50)
[2024-06-01 03:33:49,818][flwr][DEBUG] - evaluate_round 95 received 1 results and 0 failures
[2024-06-01 03:33:49,818][flwr][DEBUG] - fit_round 96: strategy sampled 10 clients (out of 50)
[2024-06-01 03:33:51,512][flwr][DEBUG] - fit_round 96 received 10 results and 0 failures
[2024-06-01 03:33:53,596][flwr][INFO] - fit progress: (96, 36.55262631914229, {'accuracy': 0.9292}, 398.17914508096874)
[2024-06-01 03:33:53,596][flwr][DEBUG] - evaluate_round 96: strategy sampled 1 clients (out of 50)
[2024-06-01 03:33:53,865][flwr][DEBUG] - evaluate_round 96 received 1 results and 0 failures
[2024-06-01 03:33:53,865][flwr][DEBUG] - fit_round 97: strategy sampled 10 clients (out of 50)
[2024-06-01 03:33:55,693][flwr][DEBUG] - fit_round 97 received 10 results and 0 failures
[2024-06-01 03:33:57,790][flwr][INFO] - fit progress: (97, 32.56315193977207, {'accuracy': 0.9156}, 402.3727473872714)
[2024-06-01 03:33:57,790][flwr][DEBUG] - evaluate_round 97: strategy sampled 1 clients (out of 50)
[2024-06-01 03:33:58,075][flwr][DEBUG] - evaluate_round 97 received 1 results and 0 failures
[2024-06-01 03:33:58,075][flwr][DEBUG] - fit_round 98: strategy sampled 10 clients (out of 50)
[2024-06-01 03:33:59,659][flwr][DEBUG] - fit_round 98 received 10 results and 0 failures
[2024-06-01 03:34:01,745][flwr][INFO] - fit progress: (98, 21.406508181709796, {'accuracy': 0.9394}, 406.32802041899413)
[2024-06-01 03:34:01,745][flwr][DEBUG] - evaluate_round 98: strategy sampled 1 clients (out of 50)
[2024-06-01 03:34:02,020][flwr][DEBUG] - evaluate_round 98 received 1 results and 0 failures
[2024-06-01 03:34:02,021][flwr][DEBUG] - fit_round 99: strategy sampled 10 clients (out of 50)
[2024-06-01 03:34:03,800][flwr][DEBUG] - fit_round 99 received 10 results and 0 failures
[2024-06-01 03:34:05,902][flwr][INFO] - fit progress: (99, 29.925900912843645, {'accuracy': 0.9317}, 410.48459308501333)
[2024-06-01 03:34:05,902][flwr][DEBUG] - evaluate_round 99: strategy sampled 1 clients (out of 50)
[2024-06-01 03:34:06,199][flwr][DEBUG] - evaluate_round 99 received 1 results and 0 failures
[2024-06-01 03:34:06,199][flwr][DEBUG] - fit_round 100: strategy sampled 10 clients (out of 50)
[2024-06-01 03:34:07,901][flwr][DEBUG] - fit_round 100 received 10 results and 0 failures
[2024-06-01 03:34:09,997][flwr][INFO] - fit progress: (100, 26.403397595044225, {'accuracy': 0.9348}, 414.5794929279946)
[2024-06-01 03:34:09,997][flwr][DEBUG] - evaluate_round 100: strategy sampled 1 clients (out of 50)
[2024-06-01 03:34:10,273][flwr][DEBUG] - evaluate_round 100 received 1 results and 0 failures
[2024-06-01 03:34:10,274][flwr][INFO] - FL finished in 414.85653306217864
[2024-06-01 03:34:10,301][flwr][INFO] - app_fit: losses_distributed [(1, 14.686236262321472), (2, 4.327700614929199), (3, 21.826599597930908), (4, 4.088761389255524), (5, 4.198517814278603), (6, 2.4934864193201065), (7, 1.433062988333404), (8, 17.93539333343506), (9, 5.462164402008057), (10, 0.31251902878284454), (11, 3.7073922008275986), (12, 4.154873788356781), (13, 1.2111589908599854), (14, 4.347336292266846), (15, 4.008390873670578), (16, 3.686117246747017), (17, 4.2764148116111755), (18, 2.9666805267333984), (19, 3.359620049595833), (20, 1.2634905725717545), (21, 3.721418708562851), (22, 4.792939305305481), (23, 6.752609610557556), (24, 10.417105853557587), (25, 20.93727159500122), (26, 2.243300288915634), (27, 1.4669354781508446), (28, 0.2759005278348923), (29, 4.327959503978491), (30, 2.1867049485445023), (31, 0.9712138827890158), (32, 7.545978903770447), (33, 4.0247664749622345), (34, 2.5447007715702057), (35, 1.3964417055249214), (36, 15.482077836990356), (37, 3.983613785356283), (38, 5.923825323581696), (39, 1.7049980512820184), (40, 3.115799590945244), (41, 1.6077721863985062), (42, 0.8006724119186401), (43, 1.3272458016872406), (44, 0.814316987991333), (45, 7.232191815972328), (46, 3.394039034843445), (47, 2.1535464823246), (48, 2.3124690130352974), (49, 1.4779422134160995), (50, 1.5238381028175354), (51, 1.6118503417819738), (52, 0.9951361753046513), (53, 1.78099674731493), (54, 1.644330456852913), (55, 7.188465237617493), (56, 1.1645044088363647), (57, 0.6944580376148224), (58, 3.5977917909622192), (59, 0.8239092975854874), (60, 0.98185895383358), (61, 1.2800294160842896), (62, 1.2955680005252361), (63, 20.851336240768433), (64, 1.4520622193813324), (65, 1.305761767551303), (66, 0.7172618322074413), (67, 1.8732976242899895), (68, 2.9278759509325027), (69, 3.0401720385998487), (70, 1.0377494655549526), (71, 4.438165787607431), (72, 11.469130754470825), (73, 2.7963985120877624), (74, 1.5920926854014397), (75, 0.7306044883443974), (76, 1.458746001124382), (77, 31.188141345977783), (78, 0.7516606282442808), (79, 9.068715557456017), (80, 1.9832536521134898), (81, 0.7257328629493713), (82, 0.3974615456536412), (83, 1.6352025852538645), (84, 1.797145432792604), (85, 3.8041507229208946), (86, 8.639296740293503), (87, 2.2887722812592983), (88, 1.28103556483984), (89, 5.5575040047988296), (90, 0.9439714327454567), (91, 1.3531429127324373), (92, 1.078143348917365), (93, 4.896004900336266), (94, 0.15639662742614746), (95, 0.25807139556854963), (96, 0.9475522823631763), (97, 0.8931707870215178), (98, 0.6756104175001383), (99, 2.5464048832654953), (100, 1.2611657530069351)]
[2024-06-01 03:34:10,301][flwr][INFO] - app_fit: metrics_distributed_fit {}
[2024-06-01 03:34:10,301][flwr][INFO] - app_fit: metrics_distributed {}
[2024-06-01 03:34:10,301][flwr][INFO] - app_fit: losses_centralized [(0, 179.9989709854126), (1, 176.69299590587616), (2, 123.81999915838242), (3, 188.60918974876404), (4, 180.17608046531677), (5, 264.1822392940521), (6, 127.85741138458252), (7, 130.72927898168564), (8, 455.89041113853455), (9, 265.4902523756027), (10, 162.3418995141983), (11, 79.57881164550781), (12, 42.8878402672708), (13, 79.88449293375015), (14, 122.65986722707748), (15, 69.80626579374075), (16, 34.351078748703), (17, 51.93090711161494), (18, 96.57077020406723), (19, 46.891811177134514), (20, 42.44606895465404), (21, 43.84991327964235), (22, 249.8887141942978), (23, 146.7020489871502), (24, 102.85865414142609), (25, 237.56959700584412), (26, 37.51071697473526), (27, 109.94250567257404), (28, 42.94334954023361), (29, 440.93516659736633), (30, 36.73007746785879), (31, 43.51869786251336), (32, 40.832838863134384), (33, 76.05189203843474), (34, 58.51200180873275), (35, 58.622933611273766), (36, 135.1219063103199), (37, 93.76012685894966), (38, 215.91541156172752), (39, 86.63634626567364), (40, 44.96201897226274), (41, 41.058406099677086), (42, 52.09481553733349), (43, 30.54015901661478), (44, 64.89228676259518), (45, 33.16427637450397), (46, 136.71231073141098), (47, 108.65283608436584), (48, 30.789603918790817), (49, 117.3055168390274), (50, 33.56929976120591), (51, 38.548109877854586), (52, 52.15622816979885), (53, 60.35341343283653), (54, 33.20443179085851), (55, 61.79727481305599), (56, 52.35750213265419), (57, 37.55361699470086), (58, 147.36816251277924), (59, 51.32378722727299), (60, 34.496995367109776), (61, 60.50927504710853), (62, 32.29137946665287), (63, 447.8603208065033), (64, 48.74713450856507), (65, 30.429472249932587), (66, 38.62860045954585), (67, 31.359884140081704), (68, 46.67628967948258), (69, 30.586653895676136), (70, 27.431912562344223), (71, 50.59060641005635), (72, 86.19746069610119), (73, 40.70611659926362), (74, 46.94244191236794), (75, 96.72642776370049), (76, 39.72020671889186), (77, 165.6671459376812), (78, 48.94758692709729), (79, 51.34929437190294), (80, 34.73863539611921), (81, 25.839862532913685), (82, 60.22550502978265), (83, 44.275964483618736), (84, 29.112618649203796), (85, 275.25299429893494), (86, 151.78992640972137), (87, 31.371746026328765), (88, 26.0944583627861), (89, 48.228877659887075), (90, 30.254475062713027), (91, 99.06315532326698), (92, 31.414282213896513), (93, 63.447447165846825), (94, 33.028149381279945), (95, 23.902408179157646), (96, 36.55262631914229), (97, 32.56315193977207), (98, 21.406508181709796), (99, 29.925900912843645), (100, 26.403397595044225)]
[2024-06-01 03:34:10,301][flwr][INFO] - app_fit: metrics_centralized {'accuracy': [(0, 0.1186), (1, 0.6821), (2, 0.7031), (3, 0.7142), (4, 0.7335), (5, 0.7717), (6, 0.7601), (7, 0.7528), (8, 0.5867), (9, 0.7303), (10, 0.8042), (11, 0.7738), (12, 0.882), (13, 0.8184), (14, 0.8205), (15, 0.8463), (16, 0.8931), (17, 0.8541), (18, 0.8294), (19, 0.8884), (20, 0.8908), (21, 0.8933), (22, 0.7779), (23, 0.7831), (24, 0.7844), (25, 0.816), (26, 0.8981), (27, 0.8373), (28, 0.895), (29, 0.6677), (30, 0.9095), (31, 0.9008), (32, 0.8959), (33, 0.8431), (34, 0.8579), (35, 0.8488), (36, 0.8099), (37, 0.8576), (38, 0.8018), (39, 0.8508), (40, 0.9033), (41, 0.8933), (42, 0.8576), (43, 0.9262), (44, 0.8389), (45, 0.9182), (46, 0.8004), (47, 0.8378), (48, 0.9184), (49, 0.8247), (50, 0.9242), (51, 0.8934), (52, 0.8861), (53, 0.8679), (54, 0.9265), (55, 0.8695), (56, 0.8453), (57, 0.9321), (58, 0.8169), (59, 0.8496), (60, 0.9131), (61, 0.9077), (62, 0.9114), (63, 0.6855), (64, 0.9163), (65, 0.9265), (66, 0.9036), (67, 0.9177), (68, 0.8832), (69, 0.9284), (70, 0.9277), (71, 0.9136), (72, 0.8458), (73, 0.9232), (74, 0.9041), (75, 0.854), (76, 0.8856), (77, 0.8637), (78, 0.9002), (79, 0.8984), (80, 0.9251), (81, 0.925), (82, 0.881), (83, 0.8608), (84, 0.9402), (85, 0.7958), (86, 0.8078), (87, 0.9336), (88, 0.9424), (89, 0.9113), (90, 0.9173), (91, 0.8704), (92, 0.9082), (93, 0.8795), (94, 0.9256), (95, 0.9382), (96, 0.9292), (97, 0.9156), (98, 0.9394), (99, 0.9317), (100, 0.9348)]}
