[2024-06-01 04:28:06,670][flwr][INFO] - Starting Flower simulation, config: ServerConfig(num_rounds=100, round_timeout=None)
[2024-06-01 04:28:08,727][flwr][INFO] - Flower VCE: Ray initialized with resources: {'GPU': 2.0, 'memory': 83148825191.0, 'accelerator_type:G': 1.0, 'object_store_memory': 39920925081.0, 'node:172.17.34.3': 1.0, 'CPU': 24.0}
[2024-06-01 04:28:08,728][flwr][INFO] - Initializing global parameters
[2024-06-01 04:28:08,728][flwr][INFO] - Requesting initial parameters from one random client
[2024-06-01 04:28:09,995][flwr][INFO] - Received initial parameters from one random client
[2024-06-01 04:28:09,995][flwr][INFO] - Evaluating initial parameters
[2024-06-01 04:28:11,380][flwr][INFO] - initial parameters (loss, other metrics): 179.40586042404175, {'accuracy': 0.1035}
[2024-06-01 04:28:11,380][flwr][INFO] - FL starting
[2024-06-01 04:28:11,380][flwr][DEBUG] - fit_round 1: strategy sampled 10 clients (out of 50)
[2024-06-01 04:28:15,488][flwr][DEBUG] - fit_round 1 received 10 results and 0 failures
[2024-06-01 04:28:16,006][flwr][WARNING] - No fit_metrics_aggregation_fn provided
[2024-06-01 04:28:16,424][flwr][INFO] - fit progress: (1, 49.46190395951271, {'accuracy': 0.8267}, 5.044264086987823)
[2024-06-01 04:28:16,424][flwr][DEBUG] - evaluate_round 1: strategy sampled 1 clients (out of 50)
[2024-06-01 04:28:16,696][flwr][DEBUG] - evaluate_round 1 received 1 results and 0 failures
[2024-06-01 04:28:16,696][flwr][WARNING] - No evaluate_metrics_aggregation_fn provided
[2024-06-01 04:28:16,696][flwr][DEBUG] - fit_round 2: strategy sampled 10 clients (out of 50)
[2024-06-01 04:28:18,235][flwr][DEBUG] - fit_round 2 received 10 results and 0 failures
[2024-06-01 04:28:19,114][flwr][INFO] - fit progress: (2, 73.99406391382217, {'accuracy': 0.7108}, 7.7336048278957605)
[2024-06-01 04:28:19,114][flwr][DEBUG] - evaluate_round 2: strategy sampled 1 clients (out of 50)
[2024-06-01 04:28:19,378][flwr][DEBUG] - evaluate_round 2 received 1 results and 0 failures
[2024-06-01 04:28:19,378][flwr][DEBUG] - fit_round 3: strategy sampled 10 clients (out of 50)
[2024-06-01 04:28:20,966][flwr][DEBUG] - fit_round 3 received 10 results and 0 failures
[2024-06-01 04:28:21,838][flwr][INFO] - fit progress: (3, 45.6405326128006, {'accuracy': 0.8212}, 10.45774484379217)
[2024-06-01 04:28:21,838][flwr][DEBUG] - evaluate_round 3: strategy sampled 1 clients (out of 50)
[2024-06-01 04:28:22,132][flwr][DEBUG] - evaluate_round 3 received 1 results and 0 failures
[2024-06-01 04:28:22,132][flwr][DEBUG] - fit_round 4: strategy sampled 10 clients (out of 50)
[2024-06-01 04:28:23,677][flwr][DEBUG] - fit_round 4 received 10 results and 0 failures
[2024-06-01 04:28:27,288][flwr][INFO] - fit progress: (4, 28.87126175314188, {'accuracy': 0.8864}, 15.908295047935098)
[2024-06-01 04:28:27,288][flwr][DEBUG] - evaluate_round 4: strategy sampled 1 clients (out of 50)
[2024-06-01 04:28:27,548][flwr][DEBUG] - evaluate_round 4 received 1 results and 0 failures
[2024-06-01 04:28:27,548][flwr][DEBUG] - fit_round 5: strategy sampled 10 clients (out of 50)
[2024-06-01 04:28:29,206][flwr][DEBUG] - fit_round 5 received 10 results and 0 failures
[2024-06-01 04:28:32,834][flwr][INFO] - fit progress: (5, 26.29901570826769, {'accuracy': 0.9036}, 21.45394125767052)
[2024-06-01 04:28:32,834][flwr][DEBUG] - evaluate_round 5: strategy sampled 1 clients (out of 50)
[2024-06-01 04:28:33,121][flwr][DEBUG] - evaluate_round 5 received 1 results and 0 failures
[2024-06-01 04:28:33,121][flwr][DEBUG] - fit_round 6: strategy sampled 10 clients (out of 50)
[2024-06-01 04:28:34,781][flwr][DEBUG] - fit_round 6 received 10 results and 0 failures
[2024-06-01 04:28:38,439][flwr][INFO] - fit progress: (6, 30.97928772494197, {'accuracy': 0.8816}, 27.058930828701705)
[2024-06-01 04:28:38,439][flwr][DEBUG] - evaluate_round 6: strategy sampled 1 clients (out of 50)
[2024-06-01 04:28:38,728][flwr][DEBUG] - evaluate_round 6 received 1 results and 0 failures
[2024-06-01 04:28:38,729][flwr][DEBUG] - fit_round 7: strategy sampled 10 clients (out of 50)
[2024-06-01 04:28:40,183][flwr][DEBUG] - fit_round 7 received 10 results and 0 failures
[2024-06-01 04:28:43,771][flwr][INFO] - fit progress: (7, 19.88650688715279, {'accuracy': 0.9294}, 32.39147041598335)
[2024-06-01 04:28:43,772][flwr][DEBUG] - evaluate_round 7: strategy sampled 1 clients (out of 50)
[2024-06-01 04:28:44,063][flwr][DEBUG] - evaluate_round 7 received 1 results and 0 failures
[2024-06-01 04:28:44,063][flwr][DEBUG] - fit_round 8: strategy sampled 10 clients (out of 50)
[2024-06-01 04:28:45,724][flwr][DEBUG] - fit_round 8 received 10 results and 0 failures
[2024-06-01 04:28:49,302][flwr][INFO] - fit progress: (8, 24.70603672787547, {'accuracy': 0.9159}, 37.92174174962565)
[2024-06-01 04:28:49,302][flwr][DEBUG] - evaluate_round 8: strategy sampled 1 clients (out of 50)
[2024-06-01 04:28:49,578][flwr][DEBUG] - evaluate_round 8 received 1 results and 0 failures
[2024-06-01 04:28:49,578][flwr][DEBUG] - fit_round 9: strategy sampled 10 clients (out of 50)
[2024-06-01 04:28:51,204][flwr][DEBUG] - fit_round 9 received 10 results and 0 failures
[2024-06-01 04:28:54,788][flwr][INFO] - fit progress: (9, 18.701241498813033, {'accuracy': 0.9386}, 43.40785846998915)
[2024-06-01 04:28:54,788][flwr][DEBUG] - evaluate_round 9: strategy sampled 1 clients (out of 50)
[2024-06-01 04:28:55,074][flwr][DEBUG] - evaluate_round 9 received 1 results and 0 failures
[2024-06-01 04:28:55,075][flwr][DEBUG] - fit_round 10: strategy sampled 10 clients (out of 50)
[2024-06-01 04:28:56,735][flwr][DEBUG] - fit_round 10 received 10 results and 0 failures
[2024-06-01 04:29:00,299][flwr][INFO] - fit progress: (10, 18.981537621468306, {'accuracy': 0.9352}, 48.91867275396362)
[2024-06-01 04:29:00,299][flwr][DEBUG] - evaluate_round 10: strategy sampled 1 clients (out of 50)
[2024-06-01 04:29:00,606][flwr][DEBUG] - evaluate_round 10 received 1 results and 0 failures
[2024-06-01 04:29:00,606][flwr][DEBUG] - fit_round 11: strategy sampled 10 clients (out of 50)
[2024-06-01 04:29:02,451][flwr][DEBUG] - fit_round 11 received 10 results and 0 failures
[2024-06-01 04:29:06,003][flwr][INFO] - fit progress: (11, 18.22566322865896, {'accuracy': 0.9442}, 54.62356648687273)
[2024-06-01 04:29:06,004][flwr][DEBUG] - evaluate_round 11: strategy sampled 1 clients (out of 50)
[2024-06-01 04:29:06,287][flwr][DEBUG] - evaluate_round 11 received 1 results and 0 failures
[2024-06-01 04:29:06,287][flwr][DEBUG] - fit_round 12: strategy sampled 10 clients (out of 50)
[2024-06-01 04:29:07,949][flwr][DEBUG] - fit_round 12 received 10 results and 0 failures
[2024-06-01 04:29:11,508][flwr][INFO] - fit progress: (12, 16.771062409039587, {'accuracy': 0.9452}, 60.12856844160706)
[2024-06-01 04:29:11,509][flwr][DEBUG] - evaluate_round 12: strategy sampled 1 clients (out of 50)
[2024-06-01 04:29:11,800][flwr][DEBUG] - evaluate_round 12 received 1 results and 0 failures
[2024-06-01 04:29:11,800][flwr][DEBUG] - fit_round 13: strategy sampled 10 clients (out of 50)
[2024-06-01 04:29:13,454][flwr][DEBUG] - fit_round 13 received 10 results and 0 failures
[2024-06-01 04:29:17,011][flwr][INFO] - fit progress: (13, 21.92691537924111, {'accuracy': 0.9321}, 65.63098740857095)
[2024-06-01 04:29:17,011][flwr][DEBUG] - evaluate_round 13: strategy sampled 1 clients (out of 50)
[2024-06-01 04:29:17,287][flwr][DEBUG] - evaluate_round 13 received 1 results and 0 failures
[2024-06-01 04:29:17,287][flwr][DEBUG] - fit_round 14: strategy sampled 10 clients (out of 50)
[2024-06-01 04:29:18,841][flwr][DEBUG] - fit_round 14 received 10 results and 0 failures
[2024-06-01 04:29:22,357][flwr][INFO] - fit progress: (14, 21.51804598979652, {'accuracy': 0.9309}, 70.97738146875054)
[2024-06-01 04:29:22,357][flwr][DEBUG] - evaluate_round 14: strategy sampled 1 clients (out of 50)
[2024-06-01 04:29:22,633][flwr][DEBUG] - evaluate_round 14 received 1 results and 0 failures
[2024-06-01 04:29:22,633][flwr][DEBUG] - fit_round 15: strategy sampled 10 clients (out of 50)
[2024-06-01 04:29:24,352][flwr][DEBUG] - fit_round 15 received 10 results and 0 failures
[2024-06-01 04:29:27,898][flwr][INFO] - fit progress: (15, 29.396718551404774, {'accuracy': 0.9134}, 76.5177863938734)
[2024-06-01 04:29:27,898][flwr][DEBUG] - evaluate_round 15: strategy sampled 1 clients (out of 50)
[2024-06-01 04:29:28,181][flwr][DEBUG] - evaluate_round 15 received 1 results and 0 failures
[2024-06-01 04:29:28,181][flwr][DEBUG] - fit_round 16: strategy sampled 10 clients (out of 50)
[2024-06-01 04:29:29,796][flwr][DEBUG] - fit_round 16 received 10 results and 0 failures
[2024-06-01 04:29:33,311][flwr][INFO] - fit progress: (16, 19.09527867194265, {'accuracy': 0.9452}, 81.93073366582394)
[2024-06-01 04:29:33,311][flwr][DEBUG] - evaluate_round 16: strategy sampled 1 clients (out of 50)
[2024-06-01 04:29:33,581][flwr][DEBUG] - evaluate_round 16 received 1 results and 0 failures
[2024-06-01 04:29:33,581][flwr][DEBUG] - fit_round 17: strategy sampled 10 clients (out of 50)
[2024-06-01 04:29:35,249][flwr][DEBUG] - fit_round 17 received 10 results and 0 failures
[2024-06-01 04:29:38,794][flwr][INFO] - fit progress: (17, 31.365495949983597, {'accuracy': 0.9063}, 87.41388545976952)
[2024-06-01 04:29:38,794][flwr][DEBUG] - evaluate_round 17: strategy sampled 1 clients (out of 50)
[2024-06-01 04:29:39,071][flwr][DEBUG] - evaluate_round 17 received 1 results and 0 failures
[2024-06-01 04:29:39,071][flwr][DEBUG] - fit_round 18: strategy sampled 10 clients (out of 50)
[2024-06-01 04:29:40,663][flwr][DEBUG] - fit_round 18 received 10 results and 0 failures
[2024-06-01 04:29:44,193][flwr][INFO] - fit progress: (18, 29.702364183962345, {'accuracy': 0.9148}, 92.81323263561353)
[2024-06-01 04:29:44,193][flwr][DEBUG] - evaluate_round 18: strategy sampled 1 clients (out of 50)
[2024-06-01 04:29:44,478][flwr][DEBUG] - evaluate_round 18 received 1 results and 0 failures
[2024-06-01 04:29:44,478][flwr][DEBUG] - fit_round 19: strategy sampled 10 clients (out of 50)
[2024-06-01 04:29:46,268][flwr][DEBUG] - fit_round 19 received 10 results and 0 failures
[2024-06-01 04:29:49,754][flwr][INFO] - fit progress: (19, 21.09828109573573, {'accuracy': 0.9488}, 98.37424103589728)
[2024-06-01 04:29:49,754][flwr][DEBUG] - evaluate_round 19: strategy sampled 1 clients (out of 50)
[2024-06-01 04:29:50,038][flwr][DEBUG] - evaluate_round 19 received 1 results and 0 failures
[2024-06-01 04:29:50,038][flwr][DEBUG] - fit_round 20: strategy sampled 10 clients (out of 50)
[2024-06-01 04:29:51,527][flwr][DEBUG] - fit_round 20 received 10 results and 0 failures
[2024-06-01 04:29:54,977][flwr][INFO] - fit progress: (20, 15.522686529438943, {'accuracy': 0.9512}, 103.59730031667277)
[2024-06-01 04:29:54,977][flwr][DEBUG] - evaluate_round 20: strategy sampled 1 clients (out of 50)
[2024-06-01 04:29:55,265][flwr][DEBUG] - evaluate_round 20 received 1 results and 0 failures
[2024-06-01 04:29:55,265][flwr][DEBUG] - fit_round 21: strategy sampled 10 clients (out of 50)
[2024-06-01 04:29:56,933][flwr][DEBUG] - fit_round 21 received 10 results and 0 failures
[2024-06-01 04:30:00,438][flwr][INFO] - fit progress: (21, 18.740046898834407, {'accuracy': 0.9491}, 109.058195813559)
[2024-06-01 04:30:00,438][flwr][DEBUG] - evaluate_round 21: strategy sampled 1 clients (out of 50)
[2024-06-01 04:30:00,686][flwr][DEBUG] - evaluate_round 21 received 1 results and 0 failures
[2024-06-01 04:30:00,686][flwr][DEBUG] - fit_round 22: strategy sampled 10 clients (out of 50)
[2024-06-01 04:30:02,405][flwr][DEBUG] - fit_round 22 received 10 results and 0 failures
[2024-06-01 04:30:05,871][flwr][INFO] - fit progress: (22, 20.47546424344182, {'accuracy': 0.9481}, 114.49124972196296)
[2024-06-01 04:30:05,871][flwr][DEBUG] - evaluate_round 22: strategy sampled 1 clients (out of 50)
[2024-06-01 04:30:06,161][flwr][DEBUG] - evaluate_round 22 received 1 results and 0 failures
[2024-06-01 04:30:06,162][flwr][DEBUG] - fit_round 23: strategy sampled 10 clients (out of 50)
[2024-06-01 04:30:07,775][flwr][DEBUG] - fit_round 23 received 10 results and 0 failures
[2024-06-01 04:30:11,235][flwr][INFO] - fit progress: (23, 21.317347697913647, {'accuracy': 0.9323}, 119.8554883687757)
[2024-06-01 04:30:11,236][flwr][DEBUG] - evaluate_round 23: strategy sampled 1 clients (out of 50)
[2024-06-01 04:30:11,517][flwr][DEBUG] - evaluate_round 23 received 1 results and 0 failures
[2024-06-01 04:30:11,518][flwr][DEBUG] - fit_round 24: strategy sampled 10 clients (out of 50)
[2024-06-01 04:30:13,089][flwr][DEBUG] - fit_round 24 received 10 results and 0 failures
[2024-06-01 04:30:16,629][flwr][INFO] - fit progress: (24, 21.062725072726607, {'accuracy': 0.9454}, 125.24885025760159)
[2024-06-01 04:30:16,629][flwr][DEBUG] - evaluate_round 24: strategy sampled 1 clients (out of 50)
[2024-06-01 04:30:16,909][flwr][DEBUG] - evaluate_round 24 received 1 results and 0 failures
[2024-06-01 04:30:16,909][flwr][DEBUG] - fit_round 25: strategy sampled 10 clients (out of 50)
[2024-06-01 04:30:18,683][flwr][DEBUG] - fit_round 25 received 10 results and 0 failures
[2024-06-01 04:30:22,221][flwr][INFO] - fit progress: (25, 18.14738120045513, {'accuracy': 0.9537}, 130.8414813829586)
[2024-06-01 04:30:22,222][flwr][DEBUG] - evaluate_round 25: strategy sampled 1 clients (out of 50)
[2024-06-01 04:30:22,507][flwr][DEBUG] - evaluate_round 25 received 1 results and 0 failures
[2024-06-01 04:30:22,507][flwr][DEBUG] - fit_round 26: strategy sampled 10 clients (out of 50)
[2024-06-01 04:30:24,162][flwr][DEBUG] - fit_round 26 received 10 results and 0 failures
[2024-06-01 04:30:27,673][flwr][INFO] - fit progress: (26, 16.764012469444424, {'accuracy': 0.9496}, 136.29270207695663)
[2024-06-01 04:30:27,673][flwr][DEBUG] - evaluate_round 26: strategy sampled 1 clients (out of 50)
[2024-06-01 04:30:27,964][flwr][DEBUG] - evaluate_round 26 received 1 results and 0 failures
[2024-06-01 04:30:27,964][flwr][DEBUG] - fit_round 27: strategy sampled 10 clients (out of 50)
[2024-06-01 04:30:29,672][flwr][DEBUG] - fit_round 27 received 10 results and 0 failures
[2024-06-01 04:30:33,191][flwr][INFO] - fit progress: (27, 21.9651591591537, {'accuracy': 0.9346}, 141.81071256985888)
[2024-06-01 04:30:33,191][flwr][DEBUG] - evaluate_round 27: strategy sampled 1 clients (out of 50)
[2024-06-01 04:30:33,477][flwr][DEBUG] - evaluate_round 27 received 1 results and 0 failures
[2024-06-01 04:30:33,477][flwr][DEBUG] - fit_round 28: strategy sampled 10 clients (out of 50)
[2024-06-01 04:30:35,088][flwr][DEBUG] - fit_round 28 received 10 results and 0 failures
[2024-06-01 04:30:38,600][flwr][INFO] - fit progress: (28, 15.588304445613176, {'accuracy': 0.959}, 147.22026454471052)
[2024-06-01 04:30:38,600][flwr][DEBUG] - evaluate_round 28: strategy sampled 1 clients (out of 50)
[2024-06-01 04:30:38,874][flwr][DEBUG] - evaluate_round 28 received 1 results and 0 failures
[2024-06-01 04:30:38,874][flwr][DEBUG] - fit_round 29: strategy sampled 10 clients (out of 50)
[2024-06-01 04:30:40,534][flwr][DEBUG] - fit_round 29 received 10 results and 0 failures
[2024-06-01 04:30:44,224][flwr][INFO] - fit progress: (29, 18.668377415742725, {'accuracy': 0.9462}, 152.84383872477338)
[2024-06-01 04:30:44,224][flwr][DEBUG] - evaluate_round 29: strategy sampled 1 clients (out of 50)
[2024-06-01 04:30:44,501][flwr][DEBUG] - evaluate_round 29 received 1 results and 0 failures
[2024-06-01 04:30:44,501][flwr][DEBUG] - fit_round 30: strategy sampled 10 clients (out of 50)
[2024-06-01 04:30:46,110][flwr][DEBUG] - fit_round 30 received 10 results and 0 failures
[2024-06-01 04:30:49,627][flwr][INFO] - fit progress: (30, 16.267383532132953, {'accuracy': 0.9508}, 158.24738452257589)
[2024-06-01 04:30:49,627][flwr][DEBUG] - evaluate_round 30: strategy sampled 1 clients (out of 50)
[2024-06-01 04:30:49,903][flwr][DEBUG] - evaluate_round 30 received 1 results and 0 failures
[2024-06-01 04:30:49,904][flwr][DEBUG] - fit_round 31: strategy sampled 10 clients (out of 50)
[2024-06-01 04:30:51,548][flwr][DEBUG] - fit_round 31 received 10 results and 0 failures
[2024-06-01 04:30:55,049][flwr][INFO] - fit progress: (31, 14.527569946367294, {'accuracy': 0.9555}, 163.66904840571806)
[2024-06-01 04:30:55,049][flwr][DEBUG] - evaluate_round 31: strategy sampled 1 clients (out of 50)
[2024-06-01 04:30:55,336][flwr][DEBUG] - evaluate_round 31 received 1 results and 0 failures
[2024-06-01 04:30:55,336][flwr][DEBUG] - fit_round 32: strategy sampled 10 clients (out of 50)
[2024-06-01 04:30:57,032][flwr][DEBUG] - fit_round 32 received 10 results and 0 failures
[2024-06-01 04:31:00,525][flwr][INFO] - fit progress: (32, 16.433756543323398, {'accuracy': 0.9512}, 169.14460216881707)
[2024-06-01 04:31:00,525][flwr][DEBUG] - evaluate_round 32: strategy sampled 1 clients (out of 50)
[2024-06-01 04:31:00,791][flwr][DEBUG] - evaluate_round 32 received 1 results and 0 failures
[2024-06-01 04:31:00,792][flwr][DEBUG] - fit_round 33: strategy sampled 10 clients (out of 50)
[2024-06-01 04:31:02,330][flwr][DEBUG] - fit_round 33 received 10 results and 0 failures
[2024-06-01 04:31:05,756][flwr][INFO] - fit progress: (33, 13.336887907935306, {'accuracy': 0.9567}, 174.3761242670007)
[2024-06-01 04:31:05,756][flwr][DEBUG] - evaluate_round 33: strategy sampled 1 clients (out of 50)
[2024-06-01 04:31:06,034][flwr][DEBUG] - evaluate_round 33 received 1 results and 0 failures
[2024-06-01 04:31:06,034][flwr][DEBUG] - fit_round 34: strategy sampled 10 clients (out of 50)
[2024-06-01 04:31:07,632][flwr][DEBUG] - fit_round 34 received 10 results and 0 failures
[2024-06-01 04:31:11,121][flwr][INFO] - fit progress: (34, 14.696892724256031, {'accuracy': 0.9524}, 179.74091670056805)
[2024-06-01 04:31:11,121][flwr][DEBUG] - evaluate_round 34: strategy sampled 1 clients (out of 50)
[2024-06-01 04:31:11,390][flwr][DEBUG] - evaluate_round 34 received 1 results and 0 failures
[2024-06-01 04:31:11,390][flwr][DEBUG] - fit_round 35: strategy sampled 10 clients (out of 50)
[2024-06-01 04:31:13,004][flwr][DEBUG] - fit_round 35 received 10 results and 0 failures
[2024-06-01 04:31:16,538][flwr][INFO] - fit progress: (35, 13.282134535256773, {'accuracy': 0.9632}, 185.1577969789505)
[2024-06-01 04:31:16,538][flwr][DEBUG] - evaluate_round 35: strategy sampled 1 clients (out of 50)
[2024-06-01 04:31:16,874][flwr][DEBUG] - evaluate_round 35 received 1 results and 0 failures
[2024-06-01 04:31:16,874][flwr][DEBUG] - fit_round 36: strategy sampled 10 clients (out of 50)
[2024-06-01 04:31:18,486][flwr][DEBUG] - fit_round 36 received 10 results and 0 failures
[2024-06-01 04:31:21,973][flwr][INFO] - fit progress: (36, 15.211973681114614, {'accuracy': 0.9597}, 190.59343069558963)
[2024-06-01 04:31:21,974][flwr][DEBUG] - evaluate_round 36: strategy sampled 1 clients (out of 50)
[2024-06-01 04:31:22,248][flwr][DEBUG] - evaluate_round 36 received 1 results and 0 failures
[2024-06-01 04:31:22,248][flwr][DEBUG] - fit_round 37: strategy sampled 10 clients (out of 50)
[2024-06-01 04:31:23,821][flwr][DEBUG] - fit_round 37 received 10 results and 0 failures
[2024-06-01 04:31:27,321][flwr][INFO] - fit progress: (37, 13.751392876030877, {'accuracy': 0.9605}, 195.94062735885382)
[2024-06-01 04:31:27,321][flwr][DEBUG] - evaluate_round 37: strategy sampled 1 clients (out of 50)
[2024-06-01 04:31:27,598][flwr][DEBUG] - evaluate_round 37 received 1 results and 0 failures
[2024-06-01 04:31:27,598][flwr][DEBUG] - fit_round 38: strategy sampled 10 clients (out of 50)
[2024-06-01 04:31:29,236][flwr][DEBUG] - fit_round 38 received 10 results and 0 failures
[2024-06-01 04:31:32,732][flwr][INFO] - fit progress: (38, 15.152201298857108, {'accuracy': 0.9576}, 201.35215481789783)
[2024-06-01 04:31:32,732][flwr][DEBUG] - evaluate_round 38: strategy sampled 1 clients (out of 50)
[2024-06-01 04:31:33,024][flwr][DEBUG] - evaluate_round 38 received 1 results and 0 failures
[2024-06-01 04:31:33,024][flwr][DEBUG] - fit_round 39: strategy sampled 10 clients (out of 50)
[2024-06-01 04:31:34,582][flwr][DEBUG] - fit_round 39 received 10 results and 0 failures
[2024-06-01 04:31:38,114][flwr][INFO] - fit progress: (39, 18.321805549319834, {'accuracy': 0.954}, 206.73452194361016)
[2024-06-01 04:31:38,115][flwr][DEBUG] - evaluate_round 39: strategy sampled 1 clients (out of 50)
[2024-06-01 04:31:38,393][flwr][DEBUG] - evaluate_round 39 received 1 results and 0 failures
[2024-06-01 04:31:38,393][flwr][DEBUG] - fit_round 40: strategy sampled 10 clients (out of 50)
[2024-06-01 04:31:40,080][flwr][DEBUG] - fit_round 40 received 10 results and 0 failures
[2024-06-01 04:31:43,612][flwr][INFO] - fit progress: (40, 16.63082870049402, {'accuracy': 0.9568}, 212.2324833557941)
[2024-06-01 04:31:43,613][flwr][DEBUG] - evaluate_round 40: strategy sampled 1 clients (out of 50)
[2024-06-01 04:31:43,894][flwr][DEBUG] - evaluate_round 40 received 1 results and 0 failures
[2024-06-01 04:31:43,894][flwr][DEBUG] - fit_round 41: strategy sampled 10 clients (out of 50)
[2024-06-01 04:31:45,452][flwr][DEBUG] - fit_round 41 received 10 results and 0 failures
[2024-06-01 04:31:48,922][flwr][INFO] - fit progress: (41, 22.449396573007107, {'accuracy': 0.9332}, 217.54164167679846)
[2024-06-01 04:31:48,922][flwr][DEBUG] - evaluate_round 41: strategy sampled 1 clients (out of 50)
[2024-06-01 04:31:49,188][flwr][DEBUG] - evaluate_round 41 received 1 results and 0 failures
[2024-06-01 04:31:49,188][flwr][DEBUG] - fit_round 42: strategy sampled 10 clients (out of 50)
[2024-06-01 04:31:50,819][flwr][DEBUG] - fit_round 42 received 10 results and 0 failures
[2024-06-01 04:31:54,326][flwr][INFO] - fit progress: (42, 17.89421290718019, {'accuracy': 0.9474}, 222.94561276584864)
[2024-06-01 04:31:54,326][flwr][DEBUG] - evaluate_round 42: strategy sampled 1 clients (out of 50)
[2024-06-01 04:31:54,595][flwr][DEBUG] - evaluate_round 42 received 1 results and 0 failures
[2024-06-01 04:31:54,595][flwr][DEBUG] - fit_round 43: strategy sampled 10 clients (out of 50)
[2024-06-01 04:31:56,261][flwr][DEBUG] - fit_round 43 received 10 results and 0 failures
[2024-06-01 04:31:59,778][flwr][INFO] - fit progress: (43, 12.338149176677689, {'accuracy': 0.9634}, 228.39797922270373)
[2024-06-01 04:31:59,778][flwr][DEBUG] - evaluate_round 43: strategy sampled 1 clients (out of 50)
[2024-06-01 04:32:00,057][flwr][DEBUG] - evaluate_round 43 received 1 results and 0 failures
[2024-06-01 04:32:00,058][flwr][DEBUG] - fit_round 44: strategy sampled 10 clients (out of 50)
[2024-06-01 04:32:01,610][flwr][DEBUG] - fit_round 44 received 10 results and 0 failures
[2024-06-01 04:32:05,064][flwr][INFO] - fit progress: (44, 12.456744695198722, {'accuracy': 0.9659}, 233.6840453306213)
[2024-06-01 04:32:05,064][flwr][DEBUG] - evaluate_round 44: strategy sampled 1 clients (out of 50)
[2024-06-01 04:32:05,344][flwr][DEBUG] - evaluate_round 44 received 1 results and 0 failures
[2024-06-01 04:32:05,345][flwr][DEBUG] - fit_round 45: strategy sampled 10 clients (out of 50)
[2024-06-01 04:32:06,992][flwr][DEBUG] - fit_round 45 received 10 results and 0 failures
[2024-06-01 04:32:10,501][flwr][INFO] - fit progress: (45, 13.545014806091785, {'accuracy': 0.961}, 239.12151547474787)
[2024-06-01 04:32:10,502][flwr][DEBUG] - evaluate_round 45: strategy sampled 1 clients (out of 50)
[2024-06-01 04:32:10,784][flwr][DEBUG] - evaluate_round 45 received 1 results and 0 failures
[2024-06-01 04:32:10,784][flwr][DEBUG] - fit_round 46: strategy sampled 10 clients (out of 50)
[2024-06-01 04:32:12,301][flwr][DEBUG] - fit_round 46 received 10 results and 0 failures
[2024-06-01 04:32:15,726][flwr][INFO] - fit progress: (46, 13.293653757194988, {'accuracy': 0.9587}, 244.3457130966708)
[2024-06-01 04:32:15,726][flwr][DEBUG] - evaluate_round 46: strategy sampled 1 clients (out of 50)
[2024-06-01 04:32:16,012][flwr][DEBUG] - evaluate_round 46 received 1 results and 0 failures
[2024-06-01 04:32:16,012][flwr][DEBUG] - fit_round 47: strategy sampled 10 clients (out of 50)
[2024-06-01 04:32:17,814][flwr][DEBUG] - fit_round 47 received 10 results and 0 failures
[2024-06-01 04:32:21,327][flwr][INFO] - fit progress: (47, 13.334801957476884, {'accuracy': 0.9625}, 249.94702093070373)
[2024-06-01 04:32:21,327][flwr][DEBUG] - evaluate_round 47: strategy sampled 1 clients (out of 50)
[2024-06-01 04:32:21,605][flwr][DEBUG] - evaluate_round 47 received 1 results and 0 failures
[2024-06-01 04:32:21,605][flwr][DEBUG] - fit_round 48: strategy sampled 10 clients (out of 50)
[2024-06-01 04:32:23,177][flwr][DEBUG] - fit_round 48 received 10 results and 0 failures
[2024-06-01 04:32:26,715][flwr][INFO] - fit progress: (48, 14.25848271814175, {'accuracy': 0.9587}, 255.33482896676287)
[2024-06-01 04:32:26,715][flwr][DEBUG] - evaluate_round 48: strategy sampled 1 clients (out of 50)
[2024-06-01 04:32:26,988][flwr][DEBUG] - evaluate_round 48 received 1 results and 0 failures
[2024-06-01 04:32:26,988][flwr][DEBUG] - fit_round 49: strategy sampled 10 clients (out of 50)
[2024-06-01 04:32:28,628][flwr][DEBUG] - fit_round 49 received 10 results and 0 failures
[2024-06-01 04:32:32,113][flwr][INFO] - fit progress: (49, 13.138058307959, {'accuracy': 0.9657}, 260.73284270381555)
[2024-06-01 04:32:32,113][flwr][DEBUG] - evaluate_round 49: strategy sampled 1 clients (out of 50)
[2024-06-01 04:32:32,393][flwr][DEBUG] - evaluate_round 49 received 1 results and 0 failures
[2024-06-01 04:32:32,394][flwr][DEBUG] - fit_round 50: strategy sampled 10 clients (out of 50)
[2024-06-01 04:32:34,157][flwr][DEBUG] - fit_round 50 received 10 results and 0 failures
[2024-06-01 04:32:37,676][flwr][INFO] - fit progress: (50, 14.441125560260843, {'accuracy': 0.9621}, 266.2963779498823)
[2024-06-01 04:32:37,676][flwr][DEBUG] - evaluate_round 50: strategy sampled 1 clients (out of 50)
[2024-06-01 04:32:37,969][flwr][DEBUG] - evaluate_round 50 received 1 results and 0 failures
[2024-06-01 04:32:37,970][flwr][DEBUG] - fit_round 51: strategy sampled 10 clients (out of 50)
[2024-06-01 04:32:39,641][flwr][DEBUG] - fit_round 51 received 10 results and 0 failures
[2024-06-01 04:32:43,132][flwr][INFO] - fit progress: (51, 15.868326235096902, {'accuracy': 0.9589}, 271.75171958468854)
[2024-06-01 04:32:43,132][flwr][DEBUG] - evaluate_round 51: strategy sampled 1 clients (out of 50)
[2024-06-01 04:32:43,396][flwr][DEBUG] - evaluate_round 51 received 1 results and 0 failures
[2024-06-01 04:32:43,397][flwr][DEBUG] - fit_round 52: strategy sampled 10 clients (out of 50)
[2024-06-01 04:32:45,034][flwr][DEBUG] - fit_round 52 received 10 results and 0 failures
[2024-06-01 04:32:48,508][flwr][INFO] - fit progress: (52, 14.995145623805001, {'accuracy': 0.9615}, 277.12821167195216)
[2024-06-01 04:32:48,508][flwr][DEBUG] - evaluate_round 52: strategy sampled 1 clients (out of 50)
[2024-06-01 04:32:48,789][flwr][DEBUG] - evaluate_round 52 received 1 results and 0 failures
[2024-06-01 04:32:48,790][flwr][DEBUG] - fit_round 53: strategy sampled 10 clients (out of 50)
[2024-06-01 04:32:50,440][flwr][DEBUG] - fit_round 53 received 10 results and 0 failures
[2024-06-01 04:32:53,911][flwr][INFO] - fit progress: (53, 12.994943062076345, {'accuracy': 0.9603}, 282.53065368160605)
[2024-06-01 04:32:53,911][flwr][DEBUG] - evaluate_round 53: strategy sampled 1 clients (out of 50)
[2024-06-01 04:32:54,200][flwr][DEBUG] - evaluate_round 53 received 1 results and 0 failures
[2024-06-01 04:32:54,201][flwr][DEBUG] - fit_round 54: strategy sampled 10 clients (out of 50)
[2024-06-01 04:32:55,818][flwr][DEBUG] - fit_round 54 received 10 results and 0 failures
[2024-06-01 04:32:59,517][flwr][INFO] - fit progress: (54, 12.681285992381163, {'accuracy': 0.9646}, 288.1372384177521)
[2024-06-01 04:32:59,517][flwr][DEBUG] - evaluate_round 54: strategy sampled 1 clients (out of 50)
[2024-06-01 04:32:59,800][flwr][DEBUG] - evaluate_round 54 received 1 results and 0 failures
[2024-06-01 04:32:59,800][flwr][DEBUG] - fit_round 55: strategy sampled 10 clients (out of 50)
[2024-06-01 04:33:01,478][flwr][DEBUG] - fit_round 55 received 10 results and 0 failures
[2024-06-01 04:33:04,989][flwr][INFO] - fit progress: (55, 22.59810739941895, {'accuracy': 0.9284}, 293.60858734464273)
[2024-06-01 04:33:04,989][flwr][DEBUG] - evaluate_round 55: strategy sampled 1 clients (out of 50)
[2024-06-01 04:33:05,267][flwr][DEBUG] - evaluate_round 55 received 1 results and 0 failures
[2024-06-01 04:33:05,268][flwr][DEBUG] - fit_round 56: strategy sampled 10 clients (out of 50)
[2024-06-01 04:33:06,949][flwr][DEBUG] - fit_round 56 received 10 results and 0 failures
[2024-06-01 04:33:10,414][flwr][INFO] - fit progress: (56, 14.916297897929326, {'accuracy': 0.9594}, 299.0337734618224)
[2024-06-01 04:33:10,414][flwr][DEBUG] - evaluate_round 56: strategy sampled 1 clients (out of 50)
[2024-06-01 04:33:10,701][flwr][DEBUG] - evaluate_round 56 received 1 results and 0 failures
[2024-06-01 04:33:10,701][flwr][DEBUG] - fit_round 57: strategy sampled 10 clients (out of 50)
[2024-06-01 04:33:12,317][flwr][DEBUG] - fit_round 57 received 10 results and 0 failures
[2024-06-01 04:33:15,841][flwr][INFO] - fit progress: (57, 14.263373500085436, {'accuracy': 0.961}, 304.46072936756536)
[2024-06-01 04:33:15,841][flwr][DEBUG] - evaluate_round 57: strategy sampled 1 clients (out of 50)
[2024-06-01 04:33:16,129][flwr][DEBUG] - evaluate_round 57 received 1 results and 0 failures
[2024-06-01 04:33:16,129][flwr][DEBUG] - fit_round 58: strategy sampled 10 clients (out of 50)
[2024-06-01 04:33:17,813][flwr][DEBUG] - fit_round 58 received 10 results and 0 failures
[2024-06-01 04:33:21,294][flwr][INFO] - fit progress: (58, 14.395508452435024, {'accuracy': 0.9642}, 309.9142496329732)
[2024-06-01 04:33:21,294][flwr][DEBUG] - evaluate_round 58: strategy sampled 1 clients (out of 50)
[2024-06-01 04:33:21,580][flwr][DEBUG] - evaluate_round 58 received 1 results and 0 failures
[2024-06-01 04:33:21,580][flwr][DEBUG] - fit_round 59: strategy sampled 10 clients (out of 50)
[2024-06-01 04:33:23,330][flwr][DEBUG] - fit_round 59 received 10 results and 0 failures
[2024-06-01 04:33:26,837][flwr][INFO] - fit progress: (59, 14.125988356536254, {'accuracy': 0.9632}, 315.45729057956487)
[2024-06-01 04:33:26,837][flwr][DEBUG] - evaluate_round 59: strategy sampled 1 clients (out of 50)
[2024-06-01 04:33:27,115][flwr][DEBUG] - evaluate_round 59 received 1 results and 0 failures
[2024-06-01 04:33:27,115][flwr][DEBUG] - fit_round 60: strategy sampled 10 clients (out of 50)
[2024-06-01 04:33:28,873][flwr][DEBUG] - fit_round 60 received 10 results and 0 failures
[2024-06-01 04:33:32,399][flwr][INFO] - fit progress: (60, 13.16614040825516, {'accuracy': 0.9661}, 321.0188003559597)
[2024-06-01 04:33:32,399][flwr][DEBUG] - evaluate_round 60: strategy sampled 1 clients (out of 50)
[2024-06-01 04:33:32,667][flwr][DEBUG] - evaluate_round 60 received 1 results and 0 failures
[2024-06-01 04:33:32,668][flwr][DEBUG] - fit_round 61: strategy sampled 10 clients (out of 50)
[2024-06-01 04:33:34,333][flwr][DEBUG] - fit_round 61 received 10 results and 0 failures
[2024-06-01 04:33:37,846][flwr][INFO] - fit progress: (61, 11.799754911742639, {'accuracy': 0.9668}, 326.46628361195326)
[2024-06-01 04:33:37,846][flwr][DEBUG] - evaluate_round 61: strategy sampled 1 clients (out of 50)
[2024-06-01 04:33:38,140][flwr][DEBUG] - evaluate_round 61 received 1 results and 0 failures
[2024-06-01 04:33:38,140][flwr][DEBUG] - fit_round 62: strategy sampled 10 clients (out of 50)
[2024-06-01 04:33:39,838][flwr][DEBUG] - fit_round 62 received 10 results and 0 failures
[2024-06-01 04:33:43,309][flwr][INFO] - fit progress: (62, 13.181824608021998, {'accuracy': 0.9626}, 331.9292163727805)
[2024-06-01 04:33:43,309][flwr][DEBUG] - evaluate_round 62: strategy sampled 1 clients (out of 50)
[2024-06-01 04:33:43,597][flwr][DEBUG] - evaluate_round 62 received 1 results and 0 failures
[2024-06-01 04:33:43,598][flwr][DEBUG] - fit_round 63: strategy sampled 10 clients (out of 50)
[2024-06-01 04:33:45,251][flwr][DEBUG] - fit_round 63 received 10 results and 0 failures
[2024-06-01 04:33:48,734][flwr][INFO] - fit progress: (63, 17.57989283464849, {'accuracy': 0.9378}, 337.35392220085487)
[2024-06-01 04:33:48,734][flwr][DEBUG] - evaluate_round 63: strategy sampled 1 clients (out of 50)
[2024-06-01 04:33:48,997][flwr][DEBUG] - evaluate_round 63 received 1 results and 0 failures
[2024-06-01 04:33:48,997][flwr][DEBUG] - fit_round 64: strategy sampled 10 clients (out of 50)
[2024-06-01 04:33:50,595][flwr][DEBUG] - fit_round 64 received 10 results and 0 failures
[2024-06-01 04:33:54,080][flwr][INFO] - fit progress: (64, 14.578542759642005, {'accuracy': 0.9608}, 342.6998438369483)
[2024-06-01 04:33:54,080][flwr][DEBUG] - evaluate_round 64: strategy sampled 1 clients (out of 50)
[2024-06-01 04:33:54,363][flwr][DEBUG] - evaluate_round 64 received 1 results and 0 failures
[2024-06-01 04:33:54,363][flwr][DEBUG] - fit_round 65: strategy sampled 10 clients (out of 50)
[2024-06-01 04:33:56,056][flwr][DEBUG] - fit_round 65 received 10 results and 0 failures
[2024-06-01 04:33:59,594][flwr][INFO] - fit progress: (65, 13.552270355052315, {'accuracy': 0.9617}, 348.2141262986697)
[2024-06-01 04:33:59,594][flwr][DEBUG] - evaluate_round 65: strategy sampled 1 clients (out of 50)
[2024-06-01 04:33:59,859][flwr][DEBUG] - evaluate_round 65 received 1 results and 0 failures
[2024-06-01 04:33:59,859][flwr][DEBUG] - fit_round 66: strategy sampled 10 clients (out of 50)
[2024-06-01 04:34:01,624][flwr][DEBUG] - fit_round 66 received 10 results and 0 failures
[2024-06-01 04:34:05,098][flwr][INFO] - fit progress: (66, 13.034945890598465, {'accuracy': 0.9637}, 353.7181244227104)
[2024-06-01 04:34:05,098][flwr][DEBUG] - evaluate_round 66: strategy sampled 1 clients (out of 50)
[2024-06-01 04:34:05,386][flwr][DEBUG] - evaluate_round 66 received 1 results and 0 failures
[2024-06-01 04:34:05,386][flwr][DEBUG] - fit_round 67: strategy sampled 10 clients (out of 50)
[2024-06-01 04:34:07,062][flwr][DEBUG] - fit_round 67 received 10 results and 0 failures
[2024-06-01 04:34:10,556][flwr][INFO] - fit progress: (67, 10.327048614621162, {'accuracy': 0.9708}, 359.1765137128532)
[2024-06-01 04:34:10,557][flwr][DEBUG] - evaluate_round 67: strategy sampled 1 clients (out of 50)
[2024-06-01 04:34:10,840][flwr][DEBUG] - evaluate_round 67 received 1 results and 0 failures
[2024-06-01 04:34:10,841][flwr][DEBUG] - fit_round 68: strategy sampled 10 clients (out of 50)
[2024-06-01 04:34:12,487][flwr][DEBUG] - fit_round 68 received 10 results and 0 failures
[2024-06-01 04:34:15,998][flwr][INFO] - fit progress: (68, 11.254142097532167, {'accuracy': 0.9681}, 364.6184438779019)
[2024-06-01 04:34:15,999][flwr][DEBUG] - evaluate_round 68: strategy sampled 1 clients (out of 50)
[2024-06-01 04:34:16,278][flwr][DEBUG] - evaluate_round 68 received 1 results and 0 failures
[2024-06-01 04:34:16,278][flwr][DEBUG] - fit_round 69: strategy sampled 10 clients (out of 50)
[2024-06-01 04:34:18,083][flwr][DEBUG] - fit_round 69 received 10 results and 0 failures
[2024-06-01 04:34:21,609][flwr][INFO] - fit progress: (69, 12.456333668873413, {'accuracy': 0.9677}, 370.2294674888253)
[2024-06-01 04:34:21,610][flwr][DEBUG] - evaluate_round 69: strategy sampled 1 clients (out of 50)
[2024-06-01 04:34:21,888][flwr][DEBUG] - evaluate_round 69 received 1 results and 0 failures
[2024-06-01 04:34:21,888][flwr][DEBUG] - fit_round 70: strategy sampled 10 clients (out of 50)
[2024-06-01 04:34:23,597][flwr][DEBUG] - fit_round 70 received 10 results and 0 failures
[2024-06-01 04:34:27,116][flwr][INFO] - fit progress: (70, 11.452206160407513, {'accuracy': 0.9658}, 375.7358109415509)
[2024-06-01 04:34:27,116][flwr][DEBUG] - evaluate_round 70: strategy sampled 1 clients (out of 50)
[2024-06-01 04:34:27,403][flwr][DEBUG] - evaluate_round 70 received 1 results and 0 failures
[2024-06-01 04:34:27,403][flwr][DEBUG] - fit_round 71: strategy sampled 10 clients (out of 50)
[2024-06-01 04:34:29,225][flwr][DEBUG] - fit_round 71 received 10 results and 0 failures
[2024-06-01 04:34:32,707][flwr][INFO] - fit progress: (71, 11.79481727106031, {'accuracy': 0.9684}, 381.32661725673825)
[2024-06-01 04:34:32,707][flwr][DEBUG] - evaluate_round 71: strategy sampled 1 clients (out of 50)
[2024-06-01 04:34:32,989][flwr][DEBUG] - evaluate_round 71 received 1 results and 0 failures
[2024-06-01 04:34:32,989][flwr][DEBUG] - fit_round 72: strategy sampled 10 clients (out of 50)
[2024-06-01 04:34:34,688][flwr][DEBUG] - fit_round 72 received 10 results and 0 failures
[2024-06-01 04:34:38,165][flwr][INFO] - fit progress: (72, 12.654291397193447, {'accuracy': 0.9684}, 386.78517087362707)
[2024-06-01 04:34:38,165][flwr][DEBUG] - evaluate_round 72: strategy sampled 1 clients (out of 50)
[2024-06-01 04:34:38,500][flwr][DEBUG] - evaluate_round 72 received 1 results and 0 failures
[2024-06-01 04:34:38,500][flwr][DEBUG] - fit_round 73: strategy sampled 10 clients (out of 50)
[2024-06-01 04:34:39,982][flwr][DEBUG] - fit_round 73 received 10 results and 0 failures
[2024-06-01 04:34:43,813][flwr][INFO] - fit progress: (73, 15.962308503687382, {'accuracy': 0.9585}, 392.4327843026258)
[2024-06-01 04:34:43,813][flwr][DEBUG] - evaluate_round 73: strategy sampled 1 clients (out of 50)
[2024-06-01 04:34:44,096][flwr][DEBUG] - evaluate_round 73 received 1 results and 0 failures
[2024-06-01 04:34:44,096][flwr][DEBUG] - fit_round 74: strategy sampled 10 clients (out of 50)
[2024-06-01 04:34:45,702][flwr][DEBUG] - fit_round 74 received 10 results and 0 failures
[2024-06-01 04:34:49,204][flwr][INFO] - fit progress: (74, 12.97423037327826, {'accuracy': 0.9675}, 397.82412578491494)
[2024-06-01 04:34:49,204][flwr][DEBUG] - evaluate_round 74: strategy sampled 1 clients (out of 50)
[2024-06-01 04:34:49,490][flwr][DEBUG] - evaluate_round 74 received 1 results and 0 failures
[2024-06-01 04:34:49,490][flwr][DEBUG] - fit_round 75: strategy sampled 10 clients (out of 50)
[2024-06-01 04:34:51,272][flwr][DEBUG] - fit_round 75 received 10 results and 0 failures
[2024-06-01 04:34:54,780][flwr][INFO] - fit progress: (75, 10.561061898304615, {'accuracy': 0.9707}, 403.4004908227362)
[2024-06-01 04:34:54,781][flwr][DEBUG] - evaluate_round 75: strategy sampled 1 clients (out of 50)
[2024-06-01 04:34:55,071][flwr][DEBUG] - evaluate_round 75 received 1 results and 0 failures
[2024-06-01 04:34:55,071][flwr][DEBUG] - fit_round 76: strategy sampled 10 clients (out of 50)
[2024-06-01 04:34:56,823][flwr][DEBUG] - fit_round 76 received 10 results and 0 failures
[2024-06-01 04:35:00,292][flwr][INFO] - fit progress: (76, 10.831794327998068, {'accuracy': 0.9682}, 408.9121266757138)
[2024-06-01 04:35:00,292][flwr][DEBUG] - evaluate_round 76: strategy sampled 1 clients (out of 50)
[2024-06-01 04:35:00,581][flwr][DEBUG] - evaluate_round 76 received 1 results and 0 failures
[2024-06-01 04:35:00,581][flwr][DEBUG] - fit_round 77: strategy sampled 10 clients (out of 50)
[2024-06-01 04:35:02,232][flwr][DEBUG] - fit_round 77 received 10 results and 0 failures
[2024-06-01 04:35:05,722][flwr][INFO] - fit progress: (77, 14.429300640244037, {'accuracy': 0.9612}, 414.34203479392454)
[2024-06-01 04:35:05,722][flwr][DEBUG] - evaluate_round 77: strategy sampled 1 clients (out of 50)
[2024-06-01 04:35:05,994][flwr][DEBUG] - evaluate_round 77 received 1 results and 0 failures
[2024-06-01 04:35:05,994][flwr][DEBUG] - fit_round 78: strategy sampled 10 clients (out of 50)
[2024-06-01 04:35:07,636][flwr][DEBUG] - fit_round 78 received 10 results and 0 failures
[2024-06-01 04:35:11,105][flwr][INFO] - fit progress: (78, 11.935456323728431, {'accuracy': 0.9669}, 419.72542666457593)
[2024-06-01 04:35:11,105][flwr][DEBUG] - evaluate_round 78: strategy sampled 1 clients (out of 50)
[2024-06-01 04:35:11,394][flwr][DEBUG] - evaluate_round 78 received 1 results and 0 failures
[2024-06-01 04:35:11,394][flwr][DEBUG] - fit_round 79: strategy sampled 10 clients (out of 50)
[2024-06-01 04:35:13,124][flwr][DEBUG] - fit_round 79 received 10 results and 0 failures
[2024-06-01 04:35:16,580][flwr][INFO] - fit progress: (79, 15.493020104710013, {'accuracy': 0.9531}, 425.2005260386504)
[2024-06-01 04:35:16,581][flwr][DEBUG] - evaluate_round 79: strategy sampled 1 clients (out of 50)
[2024-06-01 04:35:16,850][flwr][DEBUG] - evaluate_round 79 received 1 results and 0 failures
[2024-06-01 04:35:16,850][flwr][DEBUG] - fit_round 80: strategy sampled 10 clients (out of 50)
[2024-06-01 04:35:18,477][flwr][DEBUG] - fit_round 80 received 10 results and 0 failures
[2024-06-01 04:35:21,964][flwr][INFO] - fit progress: (80, 13.058539368445054, {'accuracy': 0.9622}, 430.58359224162996)
[2024-06-01 04:35:21,964][flwr][DEBUG] - evaluate_round 80: strategy sampled 1 clients (out of 50)
[2024-06-01 04:35:22,293][flwr][DEBUG] - evaluate_round 80 received 1 results and 0 failures
[2024-06-01 04:35:22,293][flwr][DEBUG] - fit_round 81: strategy sampled 10 clients (out of 50)
[2024-06-01 04:35:24,027][flwr][DEBUG] - fit_round 81 received 10 results and 0 failures
[2024-06-01 04:35:27,496][flwr][INFO] - fit progress: (81, 14.340204029227607, {'accuracy': 0.9622}, 436.11602795962244)
[2024-06-01 04:35:27,496][flwr][DEBUG] - evaluate_round 81: strategy sampled 1 clients (out of 50)
[2024-06-01 04:35:27,778][flwr][DEBUG] - evaluate_round 81 received 1 results and 0 failures
[2024-06-01 04:35:27,779][flwr][DEBUG] - fit_round 82: strategy sampled 10 clients (out of 50)
[2024-06-01 04:35:29,470][flwr][DEBUG] - fit_round 82 received 10 results and 0 failures
[2024-06-01 04:35:32,981][flwr][INFO] - fit progress: (82, 11.304654713952914, {'accuracy': 0.9661}, 441.60115026682615)
[2024-06-01 04:35:32,981][flwr][DEBUG] - evaluate_round 82: strategy sampled 1 clients (out of 50)
[2024-06-01 04:35:33,316][flwr][DEBUG] - evaluate_round 82 received 1 results and 0 failures
[2024-06-01 04:35:33,316][flwr][DEBUG] - fit_round 83: strategy sampled 10 clients (out of 50)
[2024-06-01 04:35:35,000][flwr][DEBUG] - fit_round 83 received 10 results and 0 failures
[2024-06-01 04:35:38,485][flwr][INFO] - fit progress: (83, 10.00551009865012, {'accuracy': 0.9715}, 447.10536577692255)
[2024-06-01 04:35:38,485][flwr][DEBUG] - evaluate_round 83: strategy sampled 1 clients (out of 50)
[2024-06-01 04:35:38,748][flwr][DEBUG] - evaluate_round 83 received 1 results and 0 failures
[2024-06-01 04:35:38,748][flwr][DEBUG] - fit_round 84: strategy sampled 10 clients (out of 50)
[2024-06-01 04:35:40,514][flwr][DEBUG] - fit_round 84 received 10 results and 0 failures
[2024-06-01 04:35:44,000][flwr][INFO] - fit progress: (84, 10.719123588874936, {'accuracy': 0.9698}, 452.6201920937747)
[2024-06-01 04:35:44,000][flwr][DEBUG] - evaluate_round 84: strategy sampled 1 clients (out of 50)
[2024-06-01 04:35:44,292][flwr][DEBUG] - evaluate_round 84 received 1 results and 0 failures
[2024-06-01 04:35:44,292][flwr][DEBUG] - fit_round 85: strategy sampled 10 clients (out of 50)
[2024-06-01 04:35:46,134][flwr][DEBUG] - fit_round 85 received 10 results and 0 failures
[2024-06-01 04:35:49,645][flwr][INFO] - fit progress: (85, 14.372377672465518, {'accuracy': 0.9602}, 458.26475524762645)
[2024-06-01 04:35:49,645][flwr][DEBUG] - evaluate_round 85: strategy sampled 1 clients (out of 50)
[2024-06-01 04:35:49,921][flwr][DEBUG] - evaluate_round 85 received 1 results and 0 failures
[2024-06-01 04:35:49,921][flwr][DEBUG] - fit_round 86: strategy sampled 10 clients (out of 50)
[2024-06-01 04:35:51,658][flwr][DEBUG] - fit_round 86 received 10 results and 0 failures
[2024-06-01 04:35:55,095][flwr][INFO] - fit progress: (86, 19.962091543711722, {'accuracy': 0.9303}, 463.71543391793966)
[2024-06-01 04:35:55,095][flwr][DEBUG] - evaluate_round 86: strategy sampled 1 clients (out of 50)
[2024-06-01 04:35:55,359][flwr][DEBUG] - evaluate_round 86 received 1 results and 0 failures
[2024-06-01 04:35:55,360][flwr][DEBUG] - fit_round 87: strategy sampled 10 clients (out of 50)
[2024-06-01 04:35:56,973][flwr][DEBUG] - fit_round 87 received 10 results and 0 failures
[2024-06-01 04:36:00,442][flwr][INFO] - fit progress: (87, 12.45283857616596, {'accuracy': 0.9656}, 469.06165466597304)
[2024-06-01 04:36:00,442][flwr][DEBUG] - evaluate_round 87: strategy sampled 1 clients (out of 50)
[2024-06-01 04:36:00,714][flwr][DEBUG] - evaluate_round 87 received 1 results and 0 failures
[2024-06-01 04:36:00,715][flwr][DEBUG] - fit_round 88: strategy sampled 10 clients (out of 50)
[2024-06-01 04:36:02,301][flwr][DEBUG] - fit_round 88 received 10 results and 0 failures
[2024-06-01 04:36:05,750][flwr][INFO] - fit progress: (88, 16.781039375113323, {'accuracy': 0.9586}, 474.370444746688)
[2024-06-01 04:36:05,751][flwr][DEBUG] - evaluate_round 88: strategy sampled 1 clients (out of 50)
[2024-06-01 04:36:06,036][flwr][DEBUG] - evaluate_round 88 received 1 results and 0 failures
[2024-06-01 04:36:06,036][flwr][DEBUG] - fit_round 89: strategy sampled 10 clients (out of 50)
[2024-06-01 04:36:07,793][flwr][DEBUG] - fit_round 89 received 10 results and 0 failures
[2024-06-01 04:36:11,327][flwr][INFO] - fit progress: (89, 12.623671242850833, {'accuracy': 0.9659}, 479.94713173573837)
[2024-06-01 04:36:11,327][flwr][DEBUG] - evaluate_round 89: strategy sampled 1 clients (out of 50)
[2024-06-01 04:36:11,613][flwr][DEBUG] - evaluate_round 89 received 1 results and 0 failures
[2024-06-01 04:36:11,614][flwr][DEBUG] - fit_round 90: strategy sampled 10 clients (out of 50)
[2024-06-01 04:36:13,153][flwr][DEBUG] - fit_round 90 received 10 results and 0 failures
[2024-06-01 04:36:16,643][flwr][INFO] - fit progress: (90, 10.556218678757432, {'accuracy': 0.9706}, 485.2634908487089)
[2024-06-01 04:36:16,644][flwr][DEBUG] - evaluate_round 90: strategy sampled 1 clients (out of 50)
[2024-06-01 04:36:16,943][flwr][DEBUG] - evaluate_round 90 received 1 results and 0 failures
[2024-06-01 04:36:16,943][flwr][DEBUG] - fit_round 91: strategy sampled 10 clients (out of 50)
[2024-06-01 04:36:18,791][flwr][DEBUG] - fit_round 91 received 10 results and 0 failures
[2024-06-01 04:36:22,289][flwr][INFO] - fit progress: (91, 12.09440630566678, {'accuracy': 0.9682}, 490.9089832007885)
[2024-06-01 04:36:22,289][flwr][DEBUG] - evaluate_round 91: strategy sampled 1 clients (out of 50)
[2024-06-01 04:36:22,565][flwr][DEBUG] - evaluate_round 91 received 1 results and 0 failures
[2024-06-01 04:36:22,565][flwr][DEBUG] - fit_round 92: strategy sampled 10 clients (out of 50)
[2024-06-01 04:36:24,398][flwr][DEBUG] - fit_round 92 received 10 results and 0 failures
[2024-06-01 04:36:27,917][flwr][INFO] - fit progress: (92, 14.851940014166757, {'accuracy': 0.963}, 496.53745982656255)
[2024-06-01 04:36:27,918][flwr][DEBUG] - evaluate_round 92: strategy sampled 1 clients (out of 50)
[2024-06-01 04:36:28,193][flwr][DEBUG] - evaluate_round 92 received 1 results and 0 failures
[2024-06-01 04:36:28,193][flwr][DEBUG] - fit_round 93: strategy sampled 10 clients (out of 50)
[2024-06-01 04:36:29,889][flwr][DEBUG] - fit_round 93 received 10 results and 0 failures
[2024-06-01 04:36:33,375][flwr][INFO] - fit progress: (93, 11.755097620829474, {'accuracy': 0.9676}, 501.9948930880055)
[2024-06-01 04:36:33,375][flwr][DEBUG] - evaluate_round 93: strategy sampled 1 clients (out of 50)
[2024-06-01 04:36:33,654][flwr][DEBUG] - evaluate_round 93 received 1 results and 0 failures
[2024-06-01 04:36:33,654][flwr][DEBUG] - fit_round 94: strategy sampled 10 clients (out of 50)
[2024-06-01 04:36:35,340][flwr][DEBUG] - fit_round 94 received 10 results and 0 failures
[2024-06-01 04:36:38,816][flwr][INFO] - fit progress: (94, 18.438796977279708, {'accuracy': 0.9568}, 507.4357699188404)
[2024-06-01 04:36:38,816][flwr][DEBUG] - evaluate_round 94: strategy sampled 1 clients (out of 50)
[2024-06-01 04:36:39,107][flwr][DEBUG] - evaluate_round 94 received 1 results and 0 failures
[2024-06-01 04:36:39,107][flwr][DEBUG] - fit_round 95: strategy sampled 10 clients (out of 50)
[2024-06-01 04:36:40,832][flwr][DEBUG] - fit_round 95 received 10 results and 0 failures
[2024-06-01 04:36:44,361][flwr][INFO] - fit progress: (95, 11.036123229248915, {'accuracy': 0.9678}, 512.9813112840056)
[2024-06-01 04:36:44,361][flwr][DEBUG] - evaluate_round 95: strategy sampled 1 clients (out of 50)
[2024-06-01 04:36:44,645][flwr][DEBUG] - evaluate_round 95 received 1 results and 0 failures
[2024-06-01 04:36:44,646][flwr][DEBUG] - fit_round 96: strategy sampled 10 clients (out of 50)
[2024-06-01 04:36:46,254][flwr][DEBUG] - fit_round 96 received 10 results and 0 failures
[2024-06-01 04:36:49,710][flwr][INFO] - fit progress: (96, 10.590161988744512, {'accuracy': 0.9701}, 518.3302258616313)
[2024-06-01 04:36:49,710][flwr][DEBUG] - evaluate_round 96: strategy sampled 1 clients (out of 50)
[2024-06-01 04:36:49,983][flwr][DEBUG] - evaluate_round 96 received 1 results and 0 failures
[2024-06-01 04:36:49,983][flwr][DEBUG] - fit_round 97: strategy sampled 10 clients (out of 50)
[2024-06-01 04:36:51,720][flwr][DEBUG] - fit_round 97 received 10 results and 0 failures
[2024-06-01 04:36:55,200][flwr][INFO] - fit progress: (97, 27.297595359385014, {'accuracy': 0.9008}, 523.8203302565962)
[2024-06-01 04:36:55,200][flwr][DEBUG] - evaluate_round 97: strategy sampled 1 clients (out of 50)
[2024-06-01 04:36:55,487][flwr][DEBUG] - evaluate_round 97 received 1 results and 0 failures
[2024-06-01 04:36:55,487][flwr][DEBUG] - fit_round 98: strategy sampled 10 clients (out of 50)
[2024-06-01 04:36:57,315][flwr][DEBUG] - fit_round 98 received 10 results and 0 failures
[2024-06-01 04:37:00,844][flwr][INFO] - fit progress: (98, 18.17513040662743, {'accuracy': 0.9565}, 529.463772573974)
[2024-06-01 04:37:00,844][flwr][DEBUG] - evaluate_round 98: strategy sampled 1 clients (out of 50)
[2024-06-01 04:37:01,126][flwr][DEBUG] - evaluate_round 98 received 1 results and 0 failures
[2024-06-01 04:37:01,126][flwr][DEBUG] - fit_round 99: strategy sampled 10 clients (out of 50)
[2024-06-01 04:37:02,914][flwr][DEBUG] - fit_round 99 received 10 results and 0 failures
[2024-06-01 04:37:06,398][flwr][INFO] - fit progress: (99, 11.742513889461407, {'accuracy': 0.9698}, 535.0185536378995)
[2024-06-01 04:37:06,399][flwr][DEBUG] - evaluate_round 99: strategy sampled 1 clients (out of 50)
[2024-06-01 04:37:06,680][flwr][DEBUG] - evaluate_round 99 received 1 results and 0 failures
[2024-06-01 04:37:06,681][flwr][DEBUG] - fit_round 100: strategy sampled 10 clients (out of 50)
[2024-06-01 04:37:08,360][flwr][DEBUG] - fit_round 100 received 10 results and 0 failures
[2024-06-01 04:37:11,821][flwr][INFO] - fit progress: (100, 11.138179511472117, {'accuracy': 0.9708}, 540.4414353868924)
[2024-06-01 04:37:11,821][flwr][DEBUG] - evaluate_round 100: strategy sampled 1 clients (out of 50)
[2024-06-01 04:37:12,101][flwr][DEBUG] - evaluate_round 100 received 1 results and 0 failures
[2024-06-01 04:37:12,101][flwr][INFO] - FL finished in 540.7213345956989
[2024-06-01 04:37:12,125][flwr][INFO] - app_fit: losses_distributed [(1, 1.0141838788986206), (2, 1.8860825896263123), (3, 0.6786086969077587), (4, 2.532881811261177), (5, 1.4592579677700996), (6, 1.300969187170267), (7, 1.0942134410142899), (8, 1.643396645784378), (9, 1.4817179962992668), (10, 1.2670515850186348), (11, 1.0847949497401714), (12, 1.3770973905920982), (13, 1.2840238362550735), (14, 1.017457902431488), (15, 2.8956715017557144), (16, 2.1708554476499557), (17, 1.2264077216386795), (18, 0.4863485135138035), (19, 1.8014887794852257), (20, 1.2244309857487679), (21, 0.5496368408203125), (22, 1.642633207142353), (23, 1.1807049810886383), (24, 3.8769067227840424), (25, 1.4752018377184868), (26, 0.4561803266406059), (27, 1.974583350121975), (28, 1.7032290026545525), (29, 0.31454866379499435), (30, 0.7752063795924187), (31, 0.4041179157793522), (32, 0.3905403595417738), (33, 0.5726248845458031), (34, 1.0988051891326904), (35, 0.7352436631917953), (36, 2.104603685438633), (37, 2.9928465876728296), (38, 0.24300703406333923), (39, 0.7664463454857469), (40, 0.678748496575281), (41, 1.2383837029337883), (42, 0.9126015156507492), (43, 2.3643378987908363), (44, 2.3003001511096954), (45, 0.6930547202937305), (46, 0.24851752373069758), (47, 0.6192922797054052), (48, 0.3942391537129879), (49, 0.3369488906755578), (50, 1.8656664080917835), (51, 0.9659267105162144), (52, 2.522242270410061), (53, 0.343180303927511), (54, 0.38197280280292034), (55, 1.465322870761156), (56, 0.5825289841741323), (57, 0.5922977365553379), (58, 0.8990709090139717), (59, 0.5249583534896374), (60, 0.19284846261143684), (61, 0.8159050014801323), (62, 4.552807372063398), (63, 0.5499816606752574), (64, 1.215768100693822), (65, 0.8955676294863224), (66, 1.9091947637498379), (67, 0.48366875387728214), (68, 0.6098169749602675), (69, 2.3987535126507282), (70, 0.5639288621023297), (71, 0.48399247974157333), (72, 4.202219843864441), (73, 0.7642145283753052), (74, 0.5199410729110241), (75, 0.393611463252455), (76, 0.33297542948275805), (77, 1.430709958076477), (78, 1.3311832547187805), (79, 0.5709275081753731), (80, 0.3547002398845507), (81, 0.6754651886876673), (82, 1.8586829360574484), (83, 0.19630730152130127), (84, 0.596556885400787), (85, 0.45062033366411924), (86, 1.1075449641793966), (87, 0.8809691555798054), (88, 0.1272283010184765), (89, 0.32955861394293606), (90, 1.0652518942952156), (91, 0.3722553598199738), (92, 0.39966199547052383), (93, 0.6072281636297703), (94, 0.6194424405694008), (95, 0.7852451326325536), (96, 0.7959670554846525), (97, 3.0717998147010803), (98, 2.8191362358629704), (99, 1.7401866661384702), (100, 0.15669101476669312)]
[2024-06-01 04:37:12,125][flwr][INFO] - app_fit: metrics_distributed_fit {}
[2024-06-01 04:37:12,125][flwr][INFO] - app_fit: metrics_distributed {}
[2024-06-01 04:37:12,125][flwr][INFO] - app_fit: losses_centralized [(0, 179.40586042404175), (1, 49.46190395951271), (2, 73.99406391382217), (3, 45.6405326128006), (4, 28.87126175314188), (5, 26.29901570826769), (6, 30.97928772494197), (7, 19.88650688715279), (8, 24.70603672787547), (9, 18.701241498813033), (10, 18.981537621468306), (11, 18.22566322865896), (12, 16.771062409039587), (13, 21.92691537924111), (14, 21.51804598979652), (15, 29.396718551404774), (16, 19.09527867194265), (17, 31.365495949983597), (18, 29.702364183962345), (19, 21.09828109573573), (20, 15.522686529438943), (21, 18.740046898834407), (22, 20.47546424344182), (23, 21.317347697913647), (24, 21.062725072726607), (25, 18.14738120045513), (26, 16.764012469444424), (27, 21.9651591591537), (28, 15.588304445613176), (29, 18.668377415742725), (30, 16.267383532132953), (31, 14.527569946367294), (32, 16.433756543323398), (33, 13.336887907935306), (34, 14.696892724256031), (35, 13.282134535256773), (36, 15.211973681114614), (37, 13.751392876030877), (38, 15.152201298857108), (39, 18.321805549319834), (40, 16.63082870049402), (41, 22.449396573007107), (42, 17.89421290718019), (43, 12.338149176677689), (44, 12.456744695198722), (45, 13.545014806091785), (46, 13.293653757194988), (47, 13.334801957476884), (48, 14.25848271814175), (49, 13.138058307959), (50, 14.441125560260843), (51, 15.868326235096902), (52, 14.995145623805001), (53, 12.994943062076345), (54, 12.681285992381163), (55, 22.59810739941895), (56, 14.916297897929326), (57, 14.263373500085436), (58, 14.395508452435024), (59, 14.125988356536254), (60, 13.16614040825516), (61, 11.799754911742639), (62, 13.181824608021998), (63, 17.57989283464849), (64, 14.578542759642005), (65, 13.552270355052315), (66, 13.034945890598465), (67, 10.327048614621162), (68, 11.254142097532167), (69, 12.456333668873413), (70, 11.452206160407513), (71, 11.79481727106031), (72, 12.654291397193447), (73, 15.962308503687382), (74, 12.97423037327826), (75, 10.561061898304615), (76, 10.831794327998068), (77, 14.429300640244037), (78, 11.935456323728431), (79, 15.493020104710013), (80, 13.058539368445054), (81, 14.340204029227607), (82, 11.304654713952914), (83, 10.00551009865012), (84, 10.719123588874936), (85, 14.372377672465518), (86, 19.962091543711722), (87, 12.45283857616596), (88, 16.781039375113323), (89, 12.623671242850833), (90, 10.556218678757432), (91, 12.09440630566678), (92, 14.851940014166757), (93, 11.755097620829474), (94, 18.438796977279708), (95, 11.036123229248915), (96, 10.590161988744512), (97, 27.297595359385014), (98, 18.17513040662743), (99, 11.742513889461407), (100, 11.138179511472117)]
[2024-06-01 04:37:12,125][flwr][INFO] - app_fit: metrics_centralized {'accuracy': [(0, 0.1035), (1, 0.8267), (2, 0.7108), (3, 0.8212), (4, 0.8864), (5, 0.9036), (6, 0.8816), (7, 0.9294), (8, 0.9159), (9, 0.9386), (10, 0.9352), (11, 0.9442), (12, 0.9452), (13, 0.9321), (14, 0.9309), (15, 0.9134), (16, 0.9452), (17, 0.9063), (18, 0.9148), (19, 0.9488), (20, 0.9512), (21, 0.9491), (22, 0.9481), (23, 0.9323), (24, 0.9454), (25, 0.9537), (26, 0.9496), (27, 0.9346), (28, 0.959), (29, 0.9462), (30, 0.9508), (31, 0.9555), (32, 0.9512), (33, 0.9567), (34, 0.9524), (35, 0.9632), (36, 0.9597), (37, 0.9605), (38, 0.9576), (39, 0.954), (40, 0.9568), (41, 0.9332), (42, 0.9474), (43, 0.9634), (44, 0.9659), (45, 0.961), (46, 0.9587), (47, 0.9625), (48, 0.9587), (49, 0.9657), (50, 0.9621), (51, 0.9589), (52, 0.9615), (53, 0.9603), (54, 0.9646), (55, 0.9284), (56, 0.9594), (57, 0.961), (58, 0.9642), (59, 0.9632), (60, 0.9661), (61, 0.9668), (62, 0.9626), (63, 0.9378), (64, 0.9608), (65, 0.9617), (66, 0.9637), (67, 0.9708), (68, 0.9681), (69, 0.9677), (70, 0.9658), (71, 0.9684), (72, 0.9684), (73, 0.9585), (74, 0.9675), (75, 0.9707), (76, 0.9682), (77, 0.9612), (78, 0.9669), (79, 0.9531), (80, 0.9622), (81, 0.9622), (82, 0.9661), (83, 0.9715), (84, 0.9698), (85, 0.9602), (86, 0.9303), (87, 0.9656), (88, 0.9586), (89, 0.9659), (90, 0.9706), (91, 0.9682), (92, 0.963), (93, 0.9676), (94, 0.9568), (95, 0.9678), (96, 0.9701), (97, 0.9008), (98, 0.9565), (99, 0.9698), (100, 0.9708)]}
