[2024-05-08 17:43:31,509][flwr][INFO] - Starting Flower simulation, config: ServerConfig(num_rounds=100, round_timeout=None)
[2024-05-08 17:43:33,971][flwr][INFO] - Flower VCE: Ray initialized with resources: {'memory': 36504659559.0, 'CPU': 20.0, 'node:__internal_head__': 1.0, 'node:172.17.34.49': 1.0, 'GPU': 4.0, 'accelerator_type:G': 1.0, 'object_store_memory': 18252329779.0}
[2024-05-08 17:43:33,972][flwr][INFO] - Initializing global parameters
[2024-05-08 17:43:33,972][flwr][INFO] - Requesting initial parameters from one random client
[2024-05-08 17:43:36,576][flwr][INFO] - Received initial parameters from one random client
[2024-05-08 17:43:36,576][flwr][INFO] - Evaluating initial parameters
[2024-05-08 17:43:40,030][flwr][INFO] - initial parameters (loss, other metrics): 194.12142205238342, {'accuracy': 0.0972}
[2024-05-08 17:43:40,031][flwr][INFO] - FL starting
[2024-05-08 17:43:40,031][flwr][DEBUG] - fit_round 1: strategy sampled 10 clients (out of 50)
[2024-05-08 17:44:31,022][flwr][DEBUG] - fit_round 1 received 10 results and 0 failures
[2024-05-08 17:44:35,345][flwr][WARNING] - No fit_metrics_aggregation_fn provided
[2024-05-08 17:44:37,295][flwr][INFO] - fit progress: (1, 84.0258691906929, {'accuracy': 0.7628}, 57.26390992105007)
[2024-05-08 17:44:37,295][flwr][DEBUG] - evaluate_round 1: strategy sampled 1 clients (out of 50)
[2024-05-08 17:44:41,198][flwr][DEBUG] - evaluate_round 1 received 1 results and 0 failures
[2024-05-08 17:44:41,199][flwr][WARNING] - No evaluate_metrics_aggregation_fn provided
[2024-05-08 17:44:41,199][flwr][DEBUG] - fit_round 2: strategy sampled 10 clients (out of 50)
[2024-05-08 17:45:32,185][flwr][DEBUG] - fit_round 2 received 10 results and 0 failures
[2024-05-08 17:45:38,442][flwr][INFO] - fit progress: (2, 350.4811849594116, {'accuracy': 0.5593}, 118.41170647740364)
[2024-05-08 17:45:38,443][flwr][DEBUG] - evaluate_round 2: strategy sampled 1 clients (out of 50)
[2024-05-08 17:45:42,418][flwr][DEBUG] - evaluate_round 2 received 1 results and 0 failures
[2024-05-08 17:45:42,418][flwr][DEBUG] - fit_round 3: strategy sampled 10 clients (out of 50)
[2024-05-08 17:46:33,413][flwr][DEBUG] - fit_round 3 received 10 results and 0 failures
[2024-05-08 17:46:39,628][flwr][INFO] - fit progress: (3, 188.5629225075245, {'accuracy': 0.8111}, 179.5976239182055)
[2024-05-08 17:46:39,628][flwr][DEBUG] - evaluate_round 3: strategy sampled 1 clients (out of 50)
[2024-05-08 17:46:43,536][flwr][DEBUG] - evaluate_round 3 received 1 results and 0 failures
[2024-05-08 17:46:43,537][flwr][DEBUG] - fit_round 4: strategy sampled 10 clients (out of 50)
[2024-05-08 17:47:34,148][flwr][DEBUG] - fit_round 4 received 10 results and 0 failures
[2024-05-08 17:47:40,340][flwr][INFO] - fit progress: (4, 227.14152598381042, {'accuracy': 0.8164}, 240.30957305058837)
[2024-05-08 17:47:40,340][flwr][DEBUG] - evaluate_round 4: strategy sampled 1 clients (out of 50)
[2024-05-08 17:47:44,335][flwr][DEBUG] - evaluate_round 4 received 1 results and 0 failures
[2024-05-08 17:47:44,335][flwr][DEBUG] - fit_round 5: strategy sampled 10 clients (out of 50)
[2024-05-08 17:48:35,471][flwr][DEBUG] - fit_round 5 received 10 results and 0 failures
[2024-05-08 17:48:41,671][flwr][INFO] - fit progress: (5, 247.28443019092083, {'accuracy': 0.8423}, 301.640723798424)
[2024-05-08 17:48:41,672][flwr][DEBUG] - evaluate_round 5: strategy sampled 1 clients (out of 50)
[2024-05-08 17:48:45,631][flwr][DEBUG] - evaluate_round 5 received 1 results and 0 failures
[2024-05-08 17:48:45,631][flwr][DEBUG] - fit_round 6: strategy sampled 10 clients (out of 50)
