[2024-05-29 20:34:42,486][flwr][INFO] - Starting Flower simulation, config: ServerConfig(num_rounds=100, round_timeout=None)
[2024-05-29 20:34:43,545][flwr][INFO] - Flower VCE: Ray initialized with resources: {'accelerator_type:G': 1.0, 'node:172.17.34.3': 1.0, 'CPU': 24.0, 'object_store_memory': 39928224153.0, 'memory': 83165856359.0, 'GPU': 2.0}
[2024-05-29 20:34:43,545][flwr][INFO] - Initializing global parameters
[2024-05-29 20:34:43,547][flwr][INFO] - Requesting initial parameters from one random client
[2024-05-29 20:34:44,870][flwr][INFO] - Received initial parameters from one random client
[2024-05-29 20:34:44,870][flwr][INFO] - Evaluating initial parameters
[2024-05-29 20:34:46,270][flwr][INFO] - initial parameters (loss, other metrics): 181.63622641563416, {'accuracy': 0.1003}
[2024-05-29 20:34:46,270][flwr][INFO] - FL starting
[2024-05-29 20:34:46,270][flwr][DEBUG] - fit_round 1: strategy sampled 10 clients (out of 50)
[2024-05-29 20:34:50,477][flwr][DEBUG] - fit_round 1 received 10 results and 0 failures
[2024-05-29 20:34:52,870][flwr][WARNING] - No fit_metrics_aggregation_fn provided
[2024-05-29 20:34:53,283][flwr][INFO] - fit progress: (1, 102.06621217727661, {'accuracy': 0.7927}, 7.0133913080208)
[2024-05-29 20:34:53,284][flwr][DEBUG] - evaluate_round 1: strategy sampled 1 clients (out of 50)
[2024-05-29 20:34:53,603][flwr][DEBUG] - evaluate_round 1 received 1 results and 0 failures
[2024-05-29 20:34:53,603][flwr][WARNING] - No evaluate_metrics_aggregation_fn provided
[2024-05-29 20:34:53,603][flwr][DEBUG] - fit_round 2: strategy sampled 10 clients (out of 50)
[2024-05-29 20:34:55,382][flwr][DEBUG] - fit_round 2 received 10 results and 0 failures
[2024-05-29 20:34:58,182][flwr][INFO] - fit progress: (2, 41.28091837465763, {'accuracy': 0.8534}, 11.911836731713265)
[2024-05-29 20:34:58,182][flwr][DEBUG] - evaluate_round 2: strategy sampled 1 clients (out of 50)
[2024-05-29 20:34:58,465][flwr][DEBUG] - evaluate_round 2 received 1 results and 0 failures
[2024-05-29 20:34:58,465][flwr][DEBUG] - fit_round 3: strategy sampled 10 clients (out of 50)
[2024-05-29 20:35:00,147][flwr][DEBUG] - fit_round 3 received 10 results and 0 failures
[2024-05-29 20:35:02,941][flwr][INFO] - fit progress: (3, 39.14812342822552, {'accuracy': 0.8774}, 16.67051816591993)
[2024-05-29 20:35:02,941][flwr][DEBUG] - evaluate_round 3: strategy sampled 1 clients (out of 50)
[2024-05-29 20:35:03,267][flwr][DEBUG] - evaluate_round 3 received 1 results and 0 failures
[2024-05-29 20:35:03,267][flwr][DEBUG] - fit_round 4: strategy sampled 10 clients (out of 50)
[2024-05-29 20:35:04,968][flwr][DEBUG] - fit_round 4 received 10 results and 0 failures
[2024-05-29 20:35:07,761][flwr][INFO] - fit progress: (4, 41.17698132246733, {'accuracy': 0.8983}, 21.49134616088122)
[2024-05-29 20:35:07,761][flwr][DEBUG] - evaluate_round 4: strategy sampled 1 clients (out of 50)
[2024-05-29 20:35:08,042][flwr][DEBUG] - evaluate_round 4 received 1 results and 0 failures
[2024-05-29 20:35:08,042][flwr][DEBUG] - fit_round 5: strategy sampled 10 clients (out of 50)
[2024-05-29 20:35:09,718][flwr][DEBUG] - fit_round 5 received 10 results and 0 failures
[2024-05-29 20:35:12,491][flwr][INFO] - fit progress: (5, 41.603716135025024, {'accuracy': 0.8896}, 26.22051249584183)
[2024-05-29 20:35:12,491][flwr][DEBUG] - evaluate_round 5: strategy sampled 1 clients (out of 50)
[2024-05-29 20:35:12,768][flwr][DEBUG] - evaluate_round 5 received 1 results and 0 failures
[2024-05-29 20:35:12,769][flwr][DEBUG] - fit_round 6: strategy sampled 10 clients (out of 50)
[2024-05-29 20:35:14,417][flwr][DEBUG] - fit_round 6 received 10 results and 0 failures
[2024-05-29 20:35:17,189][flwr][INFO] - fit progress: (6, 38.333602115511894, {'accuracy': 0.8924}, 30.919395151082426)
[2024-05-29 20:35:17,190][flwr][DEBUG] - evaluate_round 6: strategy sampled 1 clients (out of 50)
[2024-05-29 20:35:17,472][flwr][DEBUG] - evaluate_round 6 received 1 results and 0 failures
[2024-05-29 20:35:17,472][flwr][DEBUG] - fit_round 7: strategy sampled 10 clients (out of 50)
[2024-05-29 20:35:19,264][flwr][DEBUG] - fit_round 7 received 10 results and 0 failures
[2024-05-29 20:35:22,015][flwr][INFO] - fit progress: (7, 31.204686522483826, {'accuracy': 0.9244}, 35.74480630410835)
[2024-05-29 20:35:22,015][flwr][DEBUG] - evaluate_round 7: strategy sampled 1 clients (out of 50)
[2024-05-29 20:35:22,288][flwr][DEBUG] - evaluate_round 7 received 1 results and 0 failures
[2024-05-29 20:35:22,288][flwr][DEBUG] - fit_round 8: strategy sampled 10 clients (out of 50)
[2024-05-29 20:35:24,179][flwr][DEBUG] - fit_round 8 received 10 results and 0 failures
[2024-05-29 20:35:26,929][flwr][INFO] - fit progress: (8, 25.9200631454587, {'accuracy': 0.9369}, 40.65937473671511)
[2024-05-29 20:35:26,930][flwr][DEBUG] - evaluate_round 8: strategy sampled 1 clients (out of 50)
[2024-05-29 20:35:27,196][flwr][DEBUG] - evaluate_round 8 received 1 results and 0 failures
[2024-05-29 20:35:27,197][flwr][DEBUG] - fit_round 9: strategy sampled 10 clients (out of 50)
[2024-05-29 20:35:28,815][flwr][DEBUG] - fit_round 9 received 10 results and 0 failures
