[2024-05-30 22:59:41,222][flwr][INFO] - Starting Flower simulation, config: ServerConfig(num_rounds=100, round_timeout=None)
[2024-05-30 22:59:43,280][flwr][INFO] - Flower VCE: Ray initialized with resources: {'accelerator_type:G': 1.0, 'GPU': 2.0, 'CPU': 24.0, 'memory': 83056882688.0, 'node:172.17.34.3': 1.0, 'object_store_memory': 39881521152.0}
[2024-05-30 22:59:43,281][flwr][INFO] - Initializing global parameters
[2024-05-30 22:59:43,281][flwr][INFO] - Requesting initial parameters from one random client
[2024-05-30 22:59:44,381][flwr][INFO] - Received initial parameters from one random client
[2024-05-30 22:59:44,381][flwr][INFO] - Evaluating initial parameters
[2024-05-30 22:59:46,352][flwr][INFO] - initial parameters (loss, other metrics): 183.0966877937317, {'accuracy': 0.0972}
[2024-05-30 22:59:46,352][flwr][INFO] - FL starting
[2024-05-30 22:59:46,352][flwr][DEBUG] - fit_round 1: strategy sampled 10 clients (out of 50)
[2024-05-30 22:59:51,224][flwr][DEBUG] - fit_round 1 received 10 results and 0 failures
[2024-05-30 22:59:51,239][flwr][WARNING] - No fit_metrics_aggregation_fn provided
[2024-05-30 22:59:51,590][flwr][INFO] - fit progress: (1, 178.6020588874817, {'accuracy': 0.1157}, 5.2379013993777335)
[2024-05-30 22:59:51,590][flwr][DEBUG] - evaluate_round 1: strategy sampled 1 clients (out of 50)
[2024-05-30 22:59:51,755][flwr][DEBUG] - evaluate_round 1 received 1 results and 0 failures
[2024-05-30 22:59:51,755][flwr][WARNING] - No evaluate_metrics_aggregation_fn provided
[2024-05-30 22:59:51,755][flwr][DEBUG] - fit_round 2: strategy sampled 10 clients (out of 50)
[2024-05-30 22:59:52,480][flwr][DEBUG] - fit_round 2 received 10 results and 0 failures
[2024-05-30 22:59:52,828][flwr][INFO] - fit progress: (2, 173.8103277683258, {'accuracy': 0.2827}, 6.4757033213973045)
[2024-05-30 22:59:52,828][flwr][DEBUG] - evaluate_round 2: strategy sampled 1 clients (out of 50)
[2024-05-30 22:59:52,994][flwr][DEBUG] - evaluate_round 2 received 1 results and 0 failures
[2024-05-30 22:59:52,994][flwr][DEBUG] - fit_round 3: strategy sampled 10 clients (out of 50)
[2024-05-30 22:59:53,778][flwr][DEBUG] - fit_round 3 received 10 results and 0 failures
[2024-05-30 22:59:54,122][flwr][INFO] - fit progress: (3, 175.89715218544006, {'accuracy': 0.5229}, 7.769645255990326)
[2024-05-30 22:59:54,122][flwr][DEBUG] - evaluate_round 3: strategy sampled 1 clients (out of 50)
[2024-05-30 22:59:54,284][flwr][DEBUG] - evaluate_round 3 received 1 results and 0 failures
[2024-05-30 22:59:54,285][flwr][DEBUG] - fit_round 4: strategy sampled 10 clients (out of 50)
[2024-05-30 22:59:55,019][flwr][DEBUG] - fit_round 4 received 10 results and 0 failures
