[2024-06-01 15:31:20,801][flwr][INFO] - Starting Flower simulation, config: ServerConfig(num_rounds=100, round_timeout=None)
[2024-06-01 15:31:22,881][flwr][INFO] - Flower VCE: Ray initialized with resources: {'GPU': 2.0, 'CPU': 24.0, 'accelerator_type:G': 1.0, 'object_store_memory': 39921787699.0, 'memory': 83150837965.0, 'node:172.17.34.3': 1.0}
[2024-06-01 15:31:22,881][flwr][INFO] - Initializing global parameters
[2024-06-01 15:31:22,881][flwr][INFO] - Requesting initial parameters from one random client
[2024-06-01 15:31:24,023][flwr][INFO] - Received initial parameters from one random client
[2024-06-01 15:31:24,023][flwr][INFO] - Evaluating initial parameters
[2024-06-01 15:31:25,411][flwr][INFO] - initial parameters (loss, other metrics): 180.36371636390686, {'accuracy': 0.0794}
[2024-06-01 15:31:25,411][flwr][INFO] - FL starting
[2024-06-01 15:31:25,412][flwr][DEBUG] - fit_round 1: strategy sampled 10 clients (out of 50)
[2024-06-01 15:31:29,656][flwr][DEBUG] - fit_round 1 received 10 results and 0 failures
[2024-06-01 15:31:32,037][flwr][WARNING] - No fit_metrics_aggregation_fn provided
[2024-06-01 15:31:32,444][flwr][INFO] - fit progress: (1, 84.35343831777573, {'accuracy': 0.6554}, 7.032831713091582)
[2024-06-01 15:31:32,444][flwr][DEBUG] - evaluate_round 1: strategy sampled 1 clients (out of 50)
[2024-06-01 15:31:32,728][flwr][DEBUG] - evaluate_round 1 received 1 results and 0 failures
[2024-06-01 15:31:32,728][flwr][WARNING] - No evaluate_metrics_aggregation_fn provided
[2024-06-01 15:31:32,728][flwr][DEBUG] - fit_round 2: strategy sampled 10 clients (out of 50)
[2024-06-01 15:31:34,711][flwr][DEBUG] - fit_round 2 received 10 results and 0 failures
[2024-06-01 15:31:37,488][flwr][INFO] - fit progress: (2, 41.730210080742836, {'accuracy': 0.8045}, 12.07644210383296)
[2024-06-01 15:31:37,488][flwr][DEBUG] - evaluate_round 2: strategy sampled 1 clients (out of 50)
[2024-06-01 15:31:37,819][flwr][DEBUG] - evaluate_round 2 received 1 results and 0 failures
[2024-06-01 15:31:37,819][flwr][DEBUG] - fit_round 3: strategy sampled 10 clients (out of 50)
[2024-06-01 15:31:39,635][flwr][DEBUG] - fit_round 3 received 10 results and 0 failures
[2024-06-01 15:31:42,414][flwr][INFO] - fit progress: (3, 42.9360264390707, {'accuracy': 0.8033}, 17.002665303181857)
[2024-06-01 15:31:42,414][flwr][DEBUG] - evaluate_round 3: strategy sampled 1 clients (out of 50)
[2024-06-01 15:31:42,684][flwr][DEBUG] - evaluate_round 3 received 1 results and 0 failures
[2024-06-01 15:31:42,684][flwr][DEBUG] - fit_round 4: strategy sampled 10 clients (out of 50)
[2024-06-01 15:31:44,503][flwr][DEBUG] - fit_round 4 received 10 results and 0 failures
[2024-06-01 15:31:47,277][flwr][INFO] - fit progress: (4, 30.693522915244102, {'accuracy': 0.9029}, 21.865861364174634)
[2024-06-01 15:31:47,277][flwr][DEBUG] - evaluate_round 4: strategy sampled 1 clients (out of 50)
[2024-06-01 15:31:47,551][flwr][DEBUG] - evaluate_round 4 received 1 results and 0 failures
[2024-06-01 15:31:47,551][flwr][DEBUG] - fit_round 5: strategy sampled 10 clients (out of 50)
[2024-06-01 15:31:49,338][flwr][DEBUG] - fit_round 5 received 10 results and 0 failures
[2024-06-01 15:31:52,091][flwr][INFO] - fit progress: (5, 29.060426898300648, {'accuracy': 0.9121}, 26.680041092913598)
[2024-06-01 15:31:52,092][flwr][DEBUG] - evaluate_round 5: strategy sampled 1 clients (out of 50)
[2024-06-01 15:31:52,371][flwr][DEBUG] - evaluate_round 5 received 1 results and 0 failures
[2024-06-01 15:31:52,371][flwr][DEBUG] - fit_round 6: strategy sampled 10 clients (out of 50)
[2024-06-01 15:31:54,020][flwr][DEBUG] - fit_round 6 received 10 results and 0 failures
[2024-06-01 15:31:56,772][flwr][INFO] - fit progress: (6, 29.475097358226776, {'accuracy': 0.885}, 31.361055298242718)
[2024-06-01 15:31:56,773][flwr][DEBUG] - evaluate_round 6: strategy sampled 1 clients (out of 50)
[2024-06-01 15:31:57,061][flwr][DEBUG] - evaluate_round 6 received 1 results and 0 failures
[2024-06-01 15:31:57,061][flwr][DEBUG] - fit_round 7: strategy sampled 10 clients (out of 50)
[2024-06-01 15:31:58,762][flwr][DEBUG] - fit_round 7 received 10 results and 0 failures
[2024-06-01 15:32:01,534][flwr][INFO] - fit progress: (7, 32.334648706018925, {'accuracy': 0.8798}, 36.12251140223816)
[2024-06-01 15:32:01,534][flwr][DEBUG] - evaluate_round 7: strategy sampled 1 clients (out of 50)
[2024-06-01 15:32:01,813][flwr][DEBUG] - evaluate_round 7 received 1 results and 0 failures
[2024-06-01 15:32:01,813][flwr][DEBUG] - fit_round 8: strategy sampled 10 clients (out of 50)
[2024-06-01 15:32:03,795][flwr][DEBUG] - fit_round 8 received 10 results and 0 failures
[2024-06-01 15:32:06,563][flwr][INFO] - fit progress: (8, 32.63943686336279, {'accuracy': 0.8968}, 41.15196796506643)
[2024-06-01 15:32:06,564][flwr][DEBUG] - evaluate_round 8: strategy sampled 1 clients (out of 50)
[2024-06-01 15:32:06,850][flwr][DEBUG] - evaluate_round 8 received 1 results and 0 failures
[2024-06-01 15:32:06,851][flwr][DEBUG] - fit_round 9: strategy sampled 10 clients (out of 50)
[2024-06-01 15:32:08,535][flwr][DEBUG] - fit_round 9 received 10 results and 0 failures
[2024-06-01 15:32:11,271][flwr][INFO] - fit progress: (9, 30.06434777751565, {'accuracy': 0.8809}, 45.859398051165044)
[2024-06-01 15:32:11,271][flwr][DEBUG] - evaluate_round 9: strategy sampled 1 clients (out of 50)
[2024-06-01 15:32:11,549][flwr][DEBUG] - evaluate_round 9 received 1 results and 0 failures
[2024-06-01 15:32:11,549][flwr][DEBUG] - fit_round 10: strategy sampled 10 clients (out of 50)
[2024-06-01 15:32:13,299][flwr][DEBUG] - fit_round 10 received 10 results and 0 failures
[2024-06-01 15:32:16,032][flwr][INFO] - fit progress: (10, 29.44825854152441, {'accuracy': 0.9189}, 50.62015530792996)
[2024-06-01 15:32:16,032][flwr][DEBUG] - evaluate_round 10: strategy sampled 1 clients (out of 50)
[2024-06-01 15:32:16,322][flwr][DEBUG] - evaluate_round 10 received 1 results and 0 failures
[2024-06-01 15:32:16,322][flwr][DEBUG] - fit_round 11: strategy sampled 10 clients (out of 50)
[2024-06-01 15:32:18,124][flwr][DEBUG] - fit_round 11 received 10 results and 0 failures
[2024-06-01 15:32:20,881][flwr][INFO] - fit progress: (11, 34.63909783959389, {'accuracy': 0.8914}, 55.46976761613041)
[2024-06-01 15:32:20,881][flwr][DEBUG] - evaluate_round 11: strategy sampled 1 clients (out of 50)
[2024-06-01 15:32:21,189][flwr][DEBUG] - evaluate_round 11 received 1 results and 0 failures
[2024-06-01 15:32:21,189][flwr][DEBUG] - fit_round 12: strategy sampled 10 clients (out of 50)
[2024-06-01 15:32:22,855][flwr][DEBUG] - fit_round 12 received 10 results and 0 failures
[2024-06-01 15:32:25,558][flwr][INFO] - fit progress: (12, 28.499987740069628, {'accuracy': 0.9062}, 60.14688434591517)
[2024-06-01 15:32:25,558][flwr][DEBUG] - evaluate_round 12: strategy sampled 1 clients (out of 50)
[2024-06-01 15:32:25,844][flwr][DEBUG] - evaluate_round 12 received 1 results and 0 failures
[2024-06-01 15:32:25,845][flwr][DEBUG] - fit_round 13: strategy sampled 10 clients (out of 50)
[2024-06-01 15:32:27,517][flwr][DEBUG] - fit_round 13 received 10 results and 0 failures
[2024-06-01 15:32:30,215][flwr][INFO] - fit progress: (13, 28.731089010834694, {'accuracy': 0.9079}, 64.80313085298985)
[2024-06-01 15:32:30,215][flwr][DEBUG] - evaluate_round 13: strategy sampled 1 clients (out of 50)
[2024-06-01 15:32:30,528][flwr][DEBUG] - evaluate_round 13 received 1 results and 0 failures
[2024-06-01 15:32:30,528][flwr][DEBUG] - fit_round 14: strategy sampled 10 clients (out of 50)
[2024-06-01 15:32:32,149][flwr][DEBUG] - fit_round 14 received 10 results and 0 failures
[2024-06-01 15:32:34,903][flwr][INFO] - fit progress: (14, 32.10354393720627, {'accuracy': 0.8561}, 69.49108597403392)
[2024-06-01 15:32:34,903][flwr][DEBUG] - evaluate_round 14: strategy sampled 1 clients (out of 50)
[2024-06-01 15:32:35,184][flwr][DEBUG] - evaluate_round 14 received 1 results and 0 failures
[2024-06-01 15:32:35,184][flwr][DEBUG] - fit_round 15: strategy sampled 10 clients (out of 50)
[2024-06-01 15:32:36,737][flwr][DEBUG] - fit_round 15 received 10 results and 0 failures
[2024-06-01 15:32:39,477][flwr][INFO] - fit progress: (15, 21.161967175081372, {'accuracy': 0.9371}, 74.06604626402259)
[2024-06-01 15:32:39,478][flwr][DEBUG] - evaluate_round 15: strategy sampled 1 clients (out of 50)
[2024-06-01 15:32:39,752][flwr][DEBUG] - evaluate_round 15 received 1 results and 0 failures
[2024-06-01 15:32:39,752][flwr][DEBUG] - fit_round 16: strategy sampled 10 clients (out of 50)
[2024-06-01 15:32:41,386][flwr][DEBUG] - fit_round 16 received 10 results and 0 failures
[2024-06-01 15:32:44,138][flwr][INFO] - fit progress: (16, 20.724096914753318, {'accuracy': 0.9363}, 78.72692955797538)
[2024-06-01 15:32:44,139][flwr][DEBUG] - evaluate_round 16: strategy sampled 1 clients (out of 50)
[2024-06-01 15:32:44,429][flwr][DEBUG] - evaluate_round 16 received 1 results and 0 failures
[2024-06-01 15:32:44,430][flwr][DEBUG] - fit_round 17: strategy sampled 10 clients (out of 50)
[2024-06-01 15:32:46,145][flwr][DEBUG] - fit_round 17 received 10 results and 0 failures
[2024-06-01 15:32:48,914][flwr][INFO] - fit progress: (17, 19.82273584138602, {'accuracy': 0.9384}, 83.50283430283889)
[2024-06-01 15:32:48,914][flwr][DEBUG] - evaluate_round 17: strategy sampled 1 clients (out of 50)
[2024-06-01 15:32:49,201][flwr][DEBUG] - evaluate_round 17 received 1 results and 0 failures
[2024-06-01 15:32:49,201][flwr][DEBUG] - fit_round 18: strategy sampled 10 clients (out of 50)
[2024-06-01 15:32:50,981][flwr][DEBUG] - fit_round 18 received 10 results and 0 failures
[2024-06-01 15:32:53,699][flwr][INFO] - fit progress: (18, 28.740152455866337, {'accuracy': 0.8954}, 88.28716704621911)
[2024-06-01 15:32:53,699][flwr][DEBUG] - evaluate_round 18: strategy sampled 1 clients (out of 50)
[2024-06-01 15:32:53,999][flwr][DEBUG] - evaluate_round 18 received 1 results and 0 failures
[2024-06-01 15:32:53,999][flwr][DEBUG] - fit_round 19: strategy sampled 10 clients (out of 50)
[2024-06-01 15:32:55,684][flwr][DEBUG] - fit_round 19 received 10 results and 0 failures
[2024-06-01 15:32:58,442][flwr][INFO] - fit progress: (19, 22.873882150277495, {'accuracy': 0.938}, 93.03051227889955)
[2024-06-01 15:32:58,442][flwr][DEBUG] - evaluate_round 19: strategy sampled 1 clients (out of 50)
[2024-06-01 15:32:58,704][flwr][DEBUG] - evaluate_round 19 received 1 results and 0 failures
[2024-06-01 15:32:58,704][flwr][DEBUG] - fit_round 20: strategy sampled 10 clients (out of 50)
[2024-06-01 15:33:00,425][flwr][DEBUG] - fit_round 20 received 10 results and 0 failures
[2024-06-01 15:33:03,157][flwr][INFO] - fit progress: (20, 24.34854870289564, {'accuracy': 0.9285}, 97.74597118096426)
[2024-06-01 15:33:03,158][flwr][DEBUG] - evaluate_round 20: strategy sampled 1 clients (out of 50)
[2024-06-01 15:33:03,433][flwr][DEBUG] - evaluate_round 20 received 1 results and 0 failures
[2024-06-01 15:33:03,433][flwr][DEBUG] - fit_round 21: strategy sampled 10 clients (out of 50)
[2024-06-01 15:33:05,250][flwr][DEBUG] - fit_round 21 received 10 results and 0 failures
[2024-06-01 15:33:08,001][flwr][INFO] - fit progress: (21, 25.5250906907022, {'accuracy': 0.9098}, 102.58979315403849)
[2024-06-01 15:33:08,001][flwr][DEBUG] - evaluate_round 21: strategy sampled 1 clients (out of 50)
[2024-06-01 15:33:08,288][flwr][DEBUG] - evaluate_round 21 received 1 results and 0 failures
[2024-06-01 15:33:08,289][flwr][DEBUG] - fit_round 22: strategy sampled 10 clients (out of 50)
[2024-06-01 15:33:10,094][flwr][DEBUG] - fit_round 22 received 10 results and 0 failures
[2024-06-01 15:33:12,838][flwr][INFO] - fit progress: (22, 29.1409466676414, {'accuracy': 0.9183}, 107.42661767592654)
[2024-06-01 15:33:12,838][flwr][DEBUG] - evaluate_round 22: strategy sampled 1 clients (out of 50)
[2024-06-01 15:33:13,133][flwr][DEBUG] - evaluate_round 22 received 1 results and 0 failures
[2024-06-01 15:33:13,134][flwr][DEBUG] - fit_round 23: strategy sampled 10 clients (out of 50)
[2024-06-01 15:33:14,902][flwr][DEBUG] - fit_round 23 received 10 results and 0 failures
[2024-06-01 15:33:17,653][flwr][INFO] - fit progress: (23, 22.226096996106207, {'accuracy': 0.9372}, 112.24158099014312)
[2024-06-01 15:33:17,653][flwr][DEBUG] - evaluate_round 23: strategy sampled 1 clients (out of 50)
[2024-06-01 15:33:17,930][flwr][DEBUG] - evaluate_round 23 received 1 results and 0 failures
[2024-06-01 15:33:17,930][flwr][DEBUG] - fit_round 24: strategy sampled 10 clients (out of 50)
[2024-06-01 15:33:19,716][flwr][DEBUG] - fit_round 24 received 10 results and 0 failures
[2024-06-01 15:33:22,434][flwr][INFO] - fit progress: (24, 24.361236596480012, {'accuracy': 0.9258}, 117.02241712901741)
[2024-06-01 15:33:22,434][flwr][DEBUG] - evaluate_round 24: strategy sampled 1 clients (out of 50)
[2024-06-01 15:33:22,721][flwr][DEBUG] - evaluate_round 24 received 1 results and 0 failures
[2024-06-01 15:33:22,721][flwr][DEBUG] - fit_round 25: strategy sampled 10 clients (out of 50)
[2024-06-01 15:33:24,518][flwr][DEBUG] - fit_round 25 received 10 results and 0 failures
[2024-06-01 15:33:27,262][flwr][INFO] - fit progress: (25, 22.611307829618454, {'accuracy': 0.9296}, 121.85077478224412)
[2024-06-01 15:33:27,262][flwr][DEBUG] - evaluate_round 25: strategy sampled 1 clients (out of 50)
[2024-06-01 15:33:27,523][flwr][DEBUG] - evaluate_round 25 received 1 results and 0 failures
[2024-06-01 15:33:27,523][flwr][DEBUG] - fit_round 26: strategy sampled 10 clients (out of 50)
[2024-06-01 15:33:29,291][flwr][DEBUG] - fit_round 26 received 10 results and 0 failures
[2024-06-01 15:33:31,998][flwr][INFO] - fit progress: (26, 21.111448934301734, {'accuracy': 0.9231}, 126.58687715418637)
[2024-06-01 15:33:31,998][flwr][DEBUG] - evaluate_round 26: strategy sampled 1 clients (out of 50)
[2024-06-01 15:33:32,280][flwr][DEBUG] - evaluate_round 26 received 1 results and 0 failures
[2024-06-01 15:33:32,280][flwr][DEBUG] - fit_round 27: strategy sampled 10 clients (out of 50)
[2024-06-01 15:33:34,049][flwr][DEBUG] - fit_round 27 received 10 results and 0 failures
[2024-06-01 15:33:36,799][flwr][INFO] - fit progress: (27, 18.16233332431875, {'accuracy': 0.9438}, 131.38789149094373)
[2024-06-01 15:33:36,799][flwr][DEBUG] - evaluate_round 27: strategy sampled 1 clients (out of 50)
[2024-06-01 15:33:37,074][flwr][DEBUG] - evaluate_round 27 received 1 results and 0 failures
[2024-06-01 15:33:37,074][flwr][DEBUG] - fit_round 28: strategy sampled 10 clients (out of 50)
[2024-06-01 15:33:38,697][flwr][DEBUG] - fit_round 28 received 10 results and 0 failures
[2024-06-01 15:33:41,462][flwr][INFO] - fit progress: (28, 21.220534589141607, {'accuracy': 0.9372}, 136.0503210350871)
[2024-06-01 15:33:41,462][flwr][DEBUG] - evaluate_round 28: strategy sampled 1 clients (out of 50)
[2024-06-01 15:33:41,753][flwr][DEBUG] - evaluate_round 28 received 1 results and 0 failures
[2024-06-01 15:33:41,754][flwr][DEBUG] - fit_round 29: strategy sampled 10 clients (out of 50)
[2024-06-01 15:33:43,421][flwr][DEBUG] - fit_round 29 received 10 results and 0 failures
[2024-06-01 15:33:46,162][flwr][INFO] - fit progress: (29, 21.497592026367784, {'accuracy': 0.9175}, 140.75040014786646)
[2024-06-01 15:33:46,162][flwr][DEBUG] - evaluate_round 29: strategy sampled 1 clients (out of 50)
[2024-06-01 15:33:46,434][flwr][DEBUG] - evaluate_round 29 received 1 results and 0 failures
[2024-06-01 15:33:46,434][flwr][DEBUG] - fit_round 30: strategy sampled 10 clients (out of 50)
[2024-06-01 15:33:48,223][flwr][DEBUG] - fit_round 30 received 10 results and 0 failures
[2024-06-01 15:33:50,943][flwr][INFO] - fit progress: (30, 19.4098991160281, {'accuracy': 0.938}, 145.53129498381168)
[2024-06-01 15:33:50,943][flwr][DEBUG] - evaluate_round 30: strategy sampled 1 clients (out of 50)
[2024-06-01 15:33:51,211][flwr][DEBUG] - evaluate_round 30 received 1 results and 0 failures
[2024-06-01 15:33:51,212][flwr][DEBUG] - fit_round 31: strategy sampled 10 clients (out of 50)
[2024-06-01 15:33:52,789][flwr][DEBUG] - fit_round 31 received 10 results and 0 failures
[2024-06-01 15:33:55,532][flwr][INFO] - fit progress: (31, 16.230303864809684, {'accuracy': 0.9564}, 150.12051127804443)
[2024-06-01 15:33:55,532][flwr][DEBUG] - evaluate_round 31: strategy sampled 1 clients (out of 50)
[2024-06-01 15:33:55,812][flwr][DEBUG] - evaluate_round 31 received 1 results and 0 failures
[2024-06-01 15:33:55,812][flwr][DEBUG] - fit_round 32: strategy sampled 10 clients (out of 50)
[2024-06-01 15:33:57,599][flwr][DEBUG] - fit_round 32 received 10 results and 0 failures
[2024-06-01 15:34:00,333][flwr][INFO] - fit progress: (32, 15.715458665974438, {'accuracy': 0.9512}, 154.92205075221136)
[2024-06-01 15:34:00,334][flwr][DEBUG] - evaluate_round 32: strategy sampled 1 clients (out of 50)
[2024-06-01 15:34:00,612][flwr][DEBUG] - evaluate_round 32 received 1 results and 0 failures
[2024-06-01 15:34:00,612][flwr][DEBUG] - fit_round 33: strategy sampled 10 clients (out of 50)
[2024-06-01 15:34:02,387][flwr][DEBUG] - fit_round 33 received 10 results and 0 failures
[2024-06-01 15:34:05,107][flwr][INFO] - fit progress: (33, 18.70823641307652, {'accuracy': 0.9432}, 159.69585196999833)
[2024-06-01 15:34:05,107][flwr][DEBUG] - evaluate_round 33: strategy sampled 1 clients (out of 50)
[2024-06-01 15:34:05,367][flwr][DEBUG] - evaluate_round 33 received 1 results and 0 failures
[2024-06-01 15:34:05,367][flwr][DEBUG] - fit_round 34: strategy sampled 10 clients (out of 50)
[2024-06-01 15:34:07,094][flwr][DEBUG] - fit_round 34 received 10 results and 0 failures
[2024-06-01 15:34:09,832][flwr][INFO] - fit progress: (34, 22.35200459882617, {'accuracy': 0.9335}, 164.4203592329286)
[2024-06-01 15:34:09,832][flwr][DEBUG] - evaluate_round 34: strategy sampled 1 clients (out of 50)
[2024-06-01 15:34:10,093][flwr][DEBUG] - evaluate_round 34 received 1 results and 0 failures
[2024-06-01 15:34:10,093][flwr][DEBUG] - fit_round 35: strategy sampled 10 clients (out of 50)
[2024-06-01 15:34:11,836][flwr][DEBUG] - fit_round 35 received 10 results and 0 failures
[2024-06-01 15:34:14,573][flwr][INFO] - fit progress: (35, 15.902652623131871, {'accuracy': 0.95}, 169.16201791493222)
[2024-06-01 15:34:14,574][flwr][DEBUG] - evaluate_round 35: strategy sampled 1 clients (out of 50)
[2024-06-01 15:34:14,847][flwr][DEBUG] - evaluate_round 35 received 1 results and 0 failures
[2024-06-01 15:34:14,847][flwr][DEBUG] - fit_round 36: strategy sampled 10 clients (out of 50)
[2024-06-01 15:34:16,686][flwr][DEBUG] - fit_round 36 received 10 results and 0 failures
[2024-06-01 15:34:19,422][flwr][INFO] - fit progress: (36, 15.835307515459135, {'accuracy': 0.9584}, 174.01065764622763)
[2024-06-01 15:34:19,422][flwr][DEBUG] - evaluate_round 36: strategy sampled 1 clients (out of 50)
[2024-06-01 15:34:19,707][flwr][DEBUG] - evaluate_round 36 received 1 results and 0 failures
[2024-06-01 15:34:19,708][flwr][DEBUG] - fit_round 37: strategy sampled 10 clients (out of 50)
[2024-06-01 15:34:21,389][flwr][DEBUG] - fit_round 37 received 10 results and 0 failures
[2024-06-01 15:34:24,103][flwr][INFO] - fit progress: (37, 13.40469911461696, {'accuracy': 0.9637}, 178.6914239609614)
[2024-06-01 15:34:24,103][flwr][DEBUG] - evaluate_round 37: strategy sampled 1 clients (out of 50)
[2024-06-01 15:34:24,392][flwr][DEBUG] - evaluate_round 37 received 1 results and 0 failures
[2024-06-01 15:34:24,392][flwr][DEBUG] - fit_round 38: strategy sampled 10 clients (out of 50)
[2024-06-01 15:34:26,099][flwr][DEBUG] - fit_round 38 received 10 results and 0 failures
[2024-06-01 15:34:28,808][flwr][INFO] - fit progress: (38, 13.784097862429917, {'accuracy': 0.9568}, 183.39625606080517)
[2024-06-01 15:34:28,808][flwr][DEBUG] - evaluate_round 38: strategy sampled 1 clients (out of 50)
[2024-06-01 15:34:29,100][flwr][DEBUG] - evaluate_round 38 received 1 results and 0 failures
[2024-06-01 15:34:29,100][flwr][DEBUG] - fit_round 39: strategy sampled 10 clients (out of 50)
[2024-06-01 15:34:30,885][flwr][DEBUG] - fit_round 39 received 10 results and 0 failures
[2024-06-01 15:34:33,615][flwr][INFO] - fit progress: (39, 18.51275700656697, {'accuracy': 0.9499}, 188.20332205621526)
[2024-06-01 15:34:33,615][flwr][DEBUG] - evaluate_round 39: strategy sampled 1 clients (out of 50)
[2024-06-01 15:34:33,902][flwr][DEBUG] - evaluate_round 39 received 1 results and 0 failures
[2024-06-01 15:34:33,902][flwr][DEBUG] - fit_round 40: strategy sampled 10 clients (out of 50)
[2024-06-01 15:34:35,716][flwr][DEBUG] - fit_round 40 received 10 results and 0 failures
[2024-06-01 15:34:38,441][flwr][INFO] - fit progress: (40, 18.19413453550078, {'accuracy': 0.958}, 193.02984151011333)
[2024-06-01 15:34:38,441][flwr][DEBUG] - evaluate_round 40: strategy sampled 1 clients (out of 50)
[2024-06-01 15:34:38,733][flwr][DEBUG] - evaluate_round 40 received 1 results and 0 failures
[2024-06-01 15:34:38,733][flwr][DEBUG] - fit_round 41: strategy sampled 10 clients (out of 50)
[2024-06-01 15:34:40,468][flwr][DEBUG] - fit_round 41 received 10 results and 0 failures
[2024-06-01 15:34:43,180][flwr][INFO] - fit progress: (41, 19.059793148189783, {'accuracy': 0.9539}, 197.76865825103596)
[2024-06-01 15:34:43,180][flwr][DEBUG] - evaluate_round 41: strategy sampled 1 clients (out of 50)
[2024-06-01 15:34:43,467][flwr][DEBUG] - evaluate_round 41 received 1 results and 0 failures
[2024-06-01 15:34:43,467][flwr][DEBUG] - fit_round 42: strategy sampled 10 clients (out of 50)
[2024-06-01 15:34:45,288][flwr][DEBUG] - fit_round 42 received 10 results and 0 failures
[2024-06-01 15:34:48,030][flwr][INFO] - fit progress: (42, 15.740108938887715, {'accuracy': 0.9543}, 202.61852037813514)
[2024-06-01 15:34:48,030][flwr][DEBUG] - evaluate_round 42: strategy sampled 1 clients (out of 50)
[2024-06-01 15:34:48,322][flwr][DEBUG] - evaluate_round 42 received 1 results and 0 failures
[2024-06-01 15:34:48,322][flwr][DEBUG] - fit_round 43: strategy sampled 10 clients (out of 50)
[2024-06-01 15:34:50,102][flwr][DEBUG] - fit_round 43 received 10 results and 0 failures
[2024-06-01 15:34:52,862][flwr][INFO] - fit progress: (43, 17.304475337732583, {'accuracy': 0.9418}, 207.45008554216474)
[2024-06-01 15:34:52,862][flwr][DEBUG] - evaluate_round 43: strategy sampled 1 clients (out of 50)
[2024-06-01 15:34:53,147][flwr][DEBUG] - evaluate_round 43 received 1 results and 0 failures
[2024-06-01 15:34:53,147][flwr][DEBUG] - fit_round 44: strategy sampled 10 clients (out of 50)
[2024-06-01 15:34:54,880][flwr][DEBUG] - fit_round 44 received 10 results and 0 failures
[2024-06-01 15:34:57,604][flwr][INFO] - fit progress: (44, 17.57217806018889, {'accuracy': 0.9527}, 212.19216284295544)
[2024-06-01 15:34:57,604][flwr][DEBUG] - evaluate_round 44: strategy sampled 1 clients (out of 50)
[2024-06-01 15:34:57,894][flwr][DEBUG] - evaluate_round 44 received 1 results and 0 failures
[2024-06-01 15:34:57,894][flwr][DEBUG] - fit_round 45: strategy sampled 10 clients (out of 50)
[2024-06-01 15:34:59,526][flwr][DEBUG] - fit_round 45 received 10 results and 0 failures
[2024-06-01 15:35:02,248][flwr][INFO] - fit progress: (45, 13.62744660442695, {'accuracy': 0.961}, 216.83683419926092)
[2024-06-01 15:35:02,248][flwr][DEBUG] - evaluate_round 45: strategy sampled 1 clients (out of 50)
[2024-06-01 15:35:02,542][flwr][DEBUG] - evaluate_round 45 received 1 results and 0 failures
[2024-06-01 15:35:02,542][flwr][DEBUG] - fit_round 46: strategy sampled 10 clients (out of 50)
[2024-06-01 15:35:04,226][flwr][DEBUG] - fit_round 46 received 10 results and 0 failures
[2024-06-01 15:35:06,959][flwr][INFO] - fit progress: (46, 15.568364382255822, {'accuracy': 0.9529}, 221.54773008218035)
[2024-06-01 15:35:06,959][flwr][DEBUG] - evaluate_round 46: strategy sampled 1 clients (out of 50)
[2024-06-01 15:35:07,232][flwr][DEBUG] - evaluate_round 46 received 1 results and 0 failures
[2024-06-01 15:35:07,232][flwr][DEBUG] - fit_round 47: strategy sampled 10 clients (out of 50)
[2024-06-01 15:35:08,937][flwr][DEBUG] - fit_round 47 received 10 results and 0 failures
[2024-06-01 15:35:11,673][flwr][INFO] - fit progress: (47, 22.103857547044754, {'accuracy': 0.905}, 226.26141865411773)
[2024-06-01 15:35:11,673][flwr][DEBUG] - evaluate_round 47: strategy sampled 1 clients (out of 50)
[2024-06-01 15:35:11,955][flwr][DEBUG] - evaluate_round 47 received 1 results and 0 failures
[2024-06-01 15:35:11,955][flwr][DEBUG] - fit_round 48: strategy sampled 10 clients (out of 50)
[2024-06-01 15:35:13,777][flwr][DEBUG] - fit_round 48 received 10 results and 0 failures
[2024-06-01 15:35:16,503][flwr][INFO] - fit progress: (48, 25.40188279747963, {'accuracy': 0.904}, 231.09183025499806)
[2024-06-01 15:35:16,503][flwr][DEBUG] - evaluate_round 48: strategy sampled 1 clients (out of 50)
[2024-06-01 15:35:16,787][flwr][DEBUG] - evaluate_round 48 received 1 results and 0 failures
[2024-06-01 15:35:16,787][flwr][DEBUG] - fit_round 49: strategy sampled 10 clients (out of 50)
[2024-06-01 15:35:18,497][flwr][DEBUG] - fit_round 49 received 10 results and 0 failures
[2024-06-01 15:35:21,223][flwr][INFO] - fit progress: (49, 17.45383890531957, {'accuracy': 0.9341}, 235.8119593039155)
[2024-06-01 15:35:21,224][flwr][DEBUG] - evaluate_round 49: strategy sampled 1 clients (out of 50)
[2024-06-01 15:35:21,505][flwr][DEBUG] - evaluate_round 49 received 1 results and 0 failures
[2024-06-01 15:35:21,505][flwr][DEBUG] - fit_round 50: strategy sampled 10 clients (out of 50)
[2024-06-01 15:35:23,170][flwr][DEBUG] - fit_round 50 received 10 results and 0 failures
[2024-06-01 15:35:25,896][flwr][INFO] - fit progress: (50, 18.62272758828476, {'accuracy': 0.9384}, 240.48475502291694)
[2024-06-01 15:35:25,896][flwr][DEBUG] - evaluate_round 50: strategy sampled 1 clients (out of 50)
[2024-06-01 15:35:26,179][flwr][DEBUG] - evaluate_round 50 received 1 results and 0 failures
[2024-06-01 15:35:26,180][flwr][DEBUG] - fit_round 51: strategy sampled 10 clients (out of 50)
[2024-06-01 15:35:27,965][flwr][DEBUG] - fit_round 51 received 10 results and 0 failures
[2024-06-01 15:35:30,676][flwr][INFO] - fit progress: (51, 16.313476407900453, {'accuracy': 0.9553}, 245.2646699650213)
[2024-06-01 15:35:30,676][flwr][DEBUG] - evaluate_round 51: strategy sampled 1 clients (out of 50)
[2024-06-01 15:35:30,968][flwr][DEBUG] - evaluate_round 51 received 1 results and 0 failures
[2024-06-01 15:35:30,969][flwr][DEBUG] - fit_round 52: strategy sampled 10 clients (out of 50)
[2024-06-01 15:35:32,710][flwr][DEBUG] - fit_round 52 received 10 results and 0 failures
[2024-06-01 15:35:35,440][flwr][INFO] - fit progress: (52, 13.323828881140798, {'accuracy': 0.9604}, 250.0286603118293)
[2024-06-01 15:35:35,440][flwr][DEBUG] - evaluate_round 52: strategy sampled 1 clients (out of 50)
[2024-06-01 15:35:35,776][flwr][DEBUG] - evaluate_round 52 received 1 results and 0 failures
[2024-06-01 15:35:35,776][flwr][DEBUG] - fit_round 53: strategy sampled 10 clients (out of 50)
[2024-06-01 15:35:37,571][flwr][DEBUG] - fit_round 53 received 10 results and 0 failures
[2024-06-01 15:35:40,256][flwr][INFO] - fit progress: (53, 17.978906558360904, {'accuracy': 0.9469}, 254.84478962607682)
[2024-06-01 15:35:40,256][flwr][DEBUG] - evaluate_round 53: strategy sampled 1 clients (out of 50)
[2024-06-01 15:35:40,549][flwr][DEBUG] - evaluate_round 53 received 1 results and 0 failures
[2024-06-01 15:35:40,549][flwr][DEBUG] - fit_round 54: strategy sampled 10 clients (out of 50)
[2024-06-01 15:35:42,254][flwr][DEBUG] - fit_round 54 received 10 results and 0 failures
[2024-06-01 15:35:45,002][flwr][INFO] - fit progress: (54, 21.78970279544592, {'accuracy': 0.9293}, 259.5904255132191)
[2024-06-01 15:35:45,002][flwr][DEBUG] - evaluate_round 54: strategy sampled 1 clients (out of 50)
[2024-06-01 15:35:45,282][flwr][DEBUG] - evaluate_round 54 received 1 results and 0 failures
[2024-06-01 15:35:45,282][flwr][DEBUG] - fit_round 55: strategy sampled 10 clients (out of 50)
[2024-06-01 15:35:47,008][flwr][DEBUG] - fit_round 55 received 10 results and 0 failures
[2024-06-01 15:35:49,737][flwr][INFO] - fit progress: (55, 15.302620382979512, {'accuracy': 0.9517}, 264.32592037925497)
[2024-06-01 15:35:49,738][flwr][DEBUG] - evaluate_round 55: strategy sampled 1 clients (out of 50)
[2024-06-01 15:35:50,018][flwr][DEBUG] - evaluate_round 55 received 1 results and 0 failures
[2024-06-01 15:35:50,019][flwr][DEBUG] - fit_round 56: strategy sampled 10 clients (out of 50)
[2024-06-01 15:35:51,665][flwr][DEBUG] - fit_round 56 received 10 results and 0 failures
[2024-06-01 15:35:54,382][flwr][INFO] - fit progress: (56, 18.311382791842334, {'accuracy': 0.9483}, 268.97058778302744)
[2024-06-01 15:35:54,382][flwr][DEBUG] - evaluate_round 56: strategy sampled 1 clients (out of 50)
[2024-06-01 15:35:54,668][flwr][DEBUG] - evaluate_round 56 received 1 results and 0 failures
[2024-06-01 15:35:54,668][flwr][DEBUG] - fit_round 57: strategy sampled 10 clients (out of 50)
[2024-06-01 15:35:56,340][flwr][DEBUG] - fit_round 57 received 10 results and 0 failures
[2024-06-01 15:35:59,049][flwr][INFO] - fit progress: (57, 26.572671093046665, {'accuracy': 0.8974}, 273.63752285111696)
[2024-06-01 15:35:59,049][flwr][DEBUG] - evaluate_round 57: strategy sampled 1 clients (out of 50)
[2024-06-01 15:35:59,329][flwr][DEBUG] - evaluate_round 57 received 1 results and 0 failures
[2024-06-01 15:35:59,329][flwr][DEBUG] - fit_round 58: strategy sampled 10 clients (out of 50)
[2024-06-01 15:36:01,048][flwr][DEBUG] - fit_round 58 received 10 results and 0 failures
[2024-06-01 15:36:03,758][flwr][INFO] - fit progress: (58, 22.62460747268051, {'accuracy': 0.9441}, 278.3466253178194)
[2024-06-01 15:36:03,758][flwr][DEBUG] - evaluate_round 58: strategy sampled 1 clients (out of 50)
[2024-06-01 15:36:04,032][flwr][DEBUG] - evaluate_round 58 received 1 results and 0 failures
[2024-06-01 15:36:04,032][flwr][DEBUG] - fit_round 59: strategy sampled 10 clients (out of 50)
[2024-06-01 15:36:05,711][flwr][DEBUG] - fit_round 59 received 10 results and 0 failures
[2024-06-01 15:36:08,443][flwr][INFO] - fit progress: (59, 13.789911678759381, {'accuracy': 0.9559}, 283.031852201093)
[2024-06-01 15:36:08,443][flwr][DEBUG] - evaluate_round 59: strategy sampled 1 clients (out of 50)
[2024-06-01 15:36:08,716][flwr][DEBUG] - evaluate_round 59 received 1 results and 0 failures
[2024-06-01 15:36:08,716][flwr][DEBUG] - fit_round 60: strategy sampled 10 clients (out of 50)
[2024-06-01 15:36:10,342][flwr][DEBUG] - fit_round 60 received 10 results and 0 failures
[2024-06-01 15:36:13,086][flwr][INFO] - fit progress: (60, 13.235596718965098, {'accuracy': 0.9642}, 287.6746884598397)
[2024-06-01 15:36:13,086][flwr][DEBUG] - evaluate_round 60: strategy sampled 1 clients (out of 50)
[2024-06-01 15:36:13,359][flwr][DEBUG] - evaluate_round 60 received 1 results and 0 failures
[2024-06-01 15:36:13,360][flwr][DEBUG] - fit_round 61: strategy sampled 10 clients (out of 50)
[2024-06-01 15:36:15,075][flwr][DEBUG] - fit_round 61 received 10 results and 0 failures
[2024-06-01 15:36:17,808][flwr][INFO] - fit progress: (61, 13.611287662293762, {'accuracy': 0.9573}, 292.39677629293874)
[2024-06-01 15:36:17,808][flwr][DEBUG] - evaluate_round 61: strategy sampled 1 clients (out of 50)
[2024-06-01 15:36:18,160][flwr][DEBUG] - evaluate_round 61 received 1 results and 0 failures
[2024-06-01 15:36:18,161][flwr][DEBUG] - fit_round 62: strategy sampled 10 clients (out of 50)
[2024-06-01 15:36:19,957][flwr][DEBUG] - fit_round 62 received 10 results and 0 failures
[2024-06-01 15:36:22,685][flwr][INFO] - fit progress: (62, 12.682004341622815, {'accuracy': 0.9611}, 297.27379229012877)
[2024-06-01 15:36:22,685][flwr][DEBUG] - evaluate_round 62: strategy sampled 1 clients (out of 50)
[2024-06-01 15:36:22,978][flwr][DEBUG] - evaluate_round 62 received 1 results and 0 failures
[2024-06-01 15:36:22,978][flwr][DEBUG] - fit_round 63: strategy sampled 10 clients (out of 50)
[2024-06-01 15:36:24,797][flwr][DEBUG] - fit_round 63 received 10 results and 0 failures
[2024-06-01 15:36:27,518][flwr][INFO] - fit progress: (63, 12.116459494456649, {'accuracy': 0.9636}, 302.10676390118897)
[2024-06-01 15:36:27,518][flwr][DEBUG] - evaluate_round 63: strategy sampled 1 clients (out of 50)
[2024-06-01 15:36:27,798][flwr][DEBUG] - evaluate_round 63 received 1 results and 0 failures
[2024-06-01 15:36:27,798][flwr][DEBUG] - fit_round 64: strategy sampled 10 clients (out of 50)
[2024-06-01 15:36:29,513][flwr][DEBUG] - fit_round 64 received 10 results and 0 failures
[2024-06-01 15:36:32,251][flwr][INFO] - fit progress: (64, 14.875892215408385, {'accuracy': 0.9471}, 306.8392765009776)
[2024-06-01 15:36:32,251][flwr][DEBUG] - evaluate_round 64: strategy sampled 1 clients (out of 50)
[2024-06-01 15:36:32,542][flwr][DEBUG] - evaluate_round 64 received 1 results and 0 failures
[2024-06-01 15:36:32,542][flwr][DEBUG] - fit_round 65: strategy sampled 10 clients (out of 50)
[2024-06-01 15:36:34,456][flwr][DEBUG] - fit_round 65 received 10 results and 0 failures
[2024-06-01 15:36:37,174][flwr][INFO] - fit progress: (65, 11.903600314864889, {'accuracy': 0.9641}, 311.76250749407336)
[2024-06-01 15:36:37,174][flwr][DEBUG] - evaluate_round 65: strategy sampled 1 clients (out of 50)
[2024-06-01 15:36:37,454][flwr][DEBUG] - evaluate_round 65 received 1 results and 0 failures
[2024-06-01 15:36:37,455][flwr][DEBUG] - fit_round 66: strategy sampled 10 clients (out of 50)
[2024-06-01 15:36:39,140][flwr][DEBUG] - fit_round 66 received 10 results and 0 failures
[2024-06-01 15:36:41,886][flwr][INFO] - fit progress: (66, 11.814493795507587, {'accuracy': 0.9671}, 316.4745850400068)
[2024-06-01 15:36:41,886][flwr][DEBUG] - evaluate_round 66: strategy sampled 1 clients (out of 50)
[2024-06-01 15:36:42,169][flwr][DEBUG] - evaluate_round 66 received 1 results and 0 failures
[2024-06-01 15:36:42,169][flwr][DEBUG] - fit_round 67: strategy sampled 10 clients (out of 50)
[2024-06-01 15:36:43,908][flwr][DEBUG] - fit_round 67 received 10 results and 0 failures
[2024-06-01 15:36:46,654][flwr][INFO] - fit progress: (67, 15.307017237180844, {'accuracy': 0.9591}, 321.2426848812029)
[2024-06-01 15:36:46,654][flwr][DEBUG] - evaluate_round 67: strategy sampled 1 clients (out of 50)
[2024-06-01 15:36:46,932][flwr][DEBUG] - evaluate_round 67 received 1 results and 0 failures
[2024-06-01 15:36:46,933][flwr][DEBUG] - fit_round 68: strategy sampled 10 clients (out of 50)
[2024-06-01 15:36:48,709][flwr][DEBUG] - fit_round 68 received 10 results and 0 failures
[2024-06-01 15:36:51,463][flwr][INFO] - fit progress: (68, 13.812648987397552, {'accuracy': 0.9592}, 326.05154105322435)
[2024-06-01 15:36:51,463][flwr][DEBUG] - evaluate_round 68: strategy sampled 1 clients (out of 50)
[2024-06-01 15:36:51,753][flwr][DEBUG] - evaluate_round 68 received 1 results and 0 failures
[2024-06-01 15:36:51,754][flwr][DEBUG] - fit_round 69: strategy sampled 10 clients (out of 50)
[2024-06-01 15:36:53,453][flwr][DEBUG] - fit_round 69 received 10 results and 0 failures
[2024-06-01 15:36:56,206][flwr][INFO] - fit progress: (69, 11.810766725451685, {'accuracy': 0.9663}, 330.79454065300524)
[2024-06-01 15:36:56,206][flwr][DEBUG] - evaluate_round 69: strategy sampled 1 clients (out of 50)
[2024-06-01 15:36:56,491][flwr][DEBUG] - evaluate_round 69 received 1 results and 0 failures
[2024-06-01 15:36:56,491][flwr][DEBUG] - fit_round 70: strategy sampled 10 clients (out of 50)
[2024-06-01 15:36:58,188][flwr][DEBUG] - fit_round 70 received 10 results and 0 failures
[2024-06-01 15:37:00,940][flwr][INFO] - fit progress: (70, 13.251322566065937, {'accuracy': 0.962}, 335.5283102081157)
[2024-06-01 15:37:00,940][flwr][DEBUG] - evaluate_round 70: strategy sampled 1 clients (out of 50)
[2024-06-01 15:37:01,235][flwr][DEBUG] - evaluate_round 70 received 1 results and 0 failures
[2024-06-01 15:37:01,235][flwr][DEBUG] - fit_round 71: strategy sampled 10 clients (out of 50)
[2024-06-01 15:37:02,863][flwr][DEBUG] - fit_round 71 received 10 results and 0 failures
[2024-06-01 15:37:05,594][flwr][INFO] - fit progress: (71, 11.332099763385486, {'accuracy': 0.9662}, 340.18228448787704)
[2024-06-01 15:37:05,594][flwr][DEBUG] - evaluate_round 71: strategy sampled 1 clients (out of 50)
[2024-06-01 15:37:05,870][flwr][DEBUG] - evaluate_round 71 received 1 results and 0 failures
[2024-06-01 15:37:05,871][flwr][DEBUG] - fit_round 72: strategy sampled 10 clients (out of 50)
[2024-06-01 15:37:07,590][flwr][DEBUG] - fit_round 72 received 10 results and 0 failures
[2024-06-01 15:37:10,313][flwr][INFO] - fit progress: (72, 13.690148532390594, {'accuracy': 0.9587}, 344.90180372912437)
[2024-06-01 15:37:10,313][flwr][DEBUG] - evaluate_round 72: strategy sampled 1 clients (out of 50)
[2024-06-01 15:37:10,610][flwr][DEBUG] - evaluate_round 72 received 1 results and 0 failures
[2024-06-01 15:37:10,610][flwr][DEBUG] - fit_round 73: strategy sampled 10 clients (out of 50)
[2024-06-01 15:37:12,398][flwr][DEBUG] - fit_round 73 received 10 results and 0 failures
[2024-06-01 15:37:15,115][flwr][INFO] - fit progress: (73, 12.989398656412959, {'accuracy': 0.9624}, 349.70400964980945)
[2024-06-01 15:37:15,116][flwr][DEBUG] - evaluate_round 73: strategy sampled 1 clients (out of 50)
[2024-06-01 15:37:15,397][flwr][DEBUG] - evaluate_round 73 received 1 results and 0 failures
[2024-06-01 15:37:15,397][flwr][DEBUG] - fit_round 74: strategy sampled 10 clients (out of 50)
[2024-06-01 15:37:17,160][flwr][DEBUG] - fit_round 74 received 10 results and 0 failures
[2024-06-01 15:37:19,882][flwr][INFO] - fit progress: (74, 13.666822582716122, {'accuracy': 0.9595}, 354.4702456481755)
[2024-06-01 15:37:19,882][flwr][DEBUG] - evaluate_round 74: strategy sampled 1 clients (out of 50)
[2024-06-01 15:37:20,178][flwr][DEBUG] - evaluate_round 74 received 1 results and 0 failures
[2024-06-01 15:37:20,179][flwr][DEBUG] - fit_round 75: strategy sampled 10 clients (out of 50)
[2024-06-01 15:37:21,806][flwr][DEBUG] - fit_round 75 received 10 results and 0 failures
[2024-06-01 15:37:24,540][flwr][INFO] - fit progress: (75, 13.361081189941615, {'accuracy': 0.9594}, 359.1283569340594)
[2024-06-01 15:37:24,540][flwr][DEBUG] - evaluate_round 75: strategy sampled 1 clients (out of 50)
[2024-06-01 15:37:24,833][flwr][DEBUG] - evaluate_round 75 received 1 results and 0 failures
[2024-06-01 15:37:24,833][flwr][DEBUG] - fit_round 76: strategy sampled 10 clients (out of 50)
[2024-06-01 15:37:26,509][flwr][DEBUG] - fit_round 76 received 10 results and 0 failures
[2024-06-01 15:37:29,218][flwr][INFO] - fit progress: (76, 12.205727082677186, {'accuracy': 0.9659}, 363.80640946980566)
[2024-06-01 15:37:29,218][flwr][DEBUG] - evaluate_round 76: strategy sampled 1 clients (out of 50)
[2024-06-01 15:37:29,501][flwr][DEBUG] - evaluate_round 76 received 1 results and 0 failures
[2024-06-01 15:37:29,502][flwr][DEBUG] - fit_round 77: strategy sampled 10 clients (out of 50)
[2024-06-01 15:37:31,226][flwr][DEBUG] - fit_round 77 received 10 results and 0 failures
[2024-06-01 15:37:33,938][flwr][INFO] - fit progress: (77, 11.678024183027446, {'accuracy': 0.963}, 368.5263592940755)
[2024-06-01 15:37:33,938][flwr][DEBUG] - evaluate_round 77: strategy sampled 1 clients (out of 50)
[2024-06-01 15:37:34,232][flwr][DEBUG] - evaluate_round 77 received 1 results and 0 failures
[2024-06-01 15:37:34,233][flwr][DEBUG] - fit_round 78: strategy sampled 10 clients (out of 50)
[2024-06-01 15:37:35,903][flwr][DEBUG] - fit_round 78 received 10 results and 0 failures
[2024-06-01 15:37:38,624][flwr][INFO] - fit progress: (78, 10.810547157889232, {'accuracy': 0.9671}, 373.21253514196724)
[2024-06-01 15:37:38,624][flwr][DEBUG] - evaluate_round 78: strategy sampled 1 clients (out of 50)
[2024-06-01 15:37:38,898][flwr][DEBUG] - evaluate_round 78 received 1 results and 0 failures
[2024-06-01 15:37:38,898][flwr][DEBUG] - fit_round 79: strategy sampled 10 clients (out of 50)
[2024-06-01 15:37:40,614][flwr][DEBUG] - fit_round 79 received 10 results and 0 failures
[2024-06-01 15:37:43,369][flwr][INFO] - fit progress: (79, 11.785136541351676, {'accuracy': 0.9659}, 377.9576507192105)
[2024-06-01 15:37:43,369][flwr][DEBUG] - evaluate_round 79: strategy sampled 1 clients (out of 50)
[2024-06-01 15:37:43,659][flwr][DEBUG] - evaluate_round 79 received 1 results and 0 failures
[2024-06-01 15:37:43,659][flwr][DEBUG] - fit_round 80: strategy sampled 10 clients (out of 50)
[2024-06-01 15:37:45,410][flwr][DEBUG] - fit_round 80 received 10 results and 0 failures
[2024-06-01 15:37:48,142][flwr][INFO] - fit progress: (80, 10.728854870190844, {'accuracy': 0.9699}, 382.73027758998796)
[2024-06-01 15:37:48,142][flwr][DEBUG] - evaluate_round 80: strategy sampled 1 clients (out of 50)
[2024-06-01 15:37:48,426][flwr][DEBUG] - evaluate_round 80 received 1 results and 0 failures
[2024-06-01 15:37:48,426][flwr][DEBUG] - fit_round 81: strategy sampled 10 clients (out of 50)
[2024-06-01 15:37:50,297][flwr][DEBUG] - fit_round 81 received 10 results and 0 failures
[2024-06-01 15:37:53,012][flwr][INFO] - fit progress: (81, 13.918533637188375, {'accuracy': 0.9612}, 387.6007864479907)
[2024-06-01 15:37:53,012][flwr][DEBUG] - evaluate_round 81: strategy sampled 1 clients (out of 50)
[2024-06-01 15:37:53,299][flwr][DEBUG] - evaluate_round 81 received 1 results and 0 failures
[2024-06-01 15:37:53,299][flwr][DEBUG] - fit_round 82: strategy sampled 10 clients (out of 50)
[2024-06-01 15:37:54,928][flwr][DEBUG] - fit_round 82 received 10 results and 0 failures
[2024-06-01 15:37:57,671][flwr][INFO] - fit progress: (82, 12.401246405439451, {'accuracy': 0.9662}, 392.25935570383444)
[2024-06-01 15:37:57,671][flwr][DEBUG] - evaluate_round 82: strategy sampled 1 clients (out of 50)
[2024-06-01 15:37:57,958][flwr][DEBUG] - evaluate_round 82 received 1 results and 0 failures
[2024-06-01 15:37:57,959][flwr][DEBUG] - fit_round 83: strategy sampled 10 clients (out of 50)
[2024-06-01 15:37:59,683][flwr][DEBUG] - fit_round 83 received 10 results and 0 failures
[2024-06-01 15:38:02,408][flwr][INFO] - fit progress: (83, 12.543580151628703, {'accuracy': 0.9612}, 396.9963856791146)
[2024-06-01 15:38:02,408][flwr][DEBUG] - evaluate_round 83: strategy sampled 1 clients (out of 50)
[2024-06-01 15:38:02,692][flwr][DEBUG] - evaluate_round 83 received 1 results and 0 failures
[2024-06-01 15:38:02,692][flwr][DEBUG] - fit_round 84: strategy sampled 10 clients (out of 50)
[2024-06-01 15:38:04,325][flwr][DEBUG] - fit_round 84 received 10 results and 0 failures
[2024-06-01 15:38:07,031][flwr][INFO] - fit progress: (84, 9.245650181197561, {'accuracy': 0.9739}, 401.61990755517036)
[2024-06-01 15:38:07,031][flwr][DEBUG] - evaluate_round 84: strategy sampled 1 clients (out of 50)
[2024-06-01 15:38:07,314][flwr][DEBUG] - evaluate_round 84 received 1 results and 0 failures
[2024-06-01 15:38:07,315][flwr][DEBUG] - fit_round 85: strategy sampled 10 clients (out of 50)
[2024-06-01 15:38:08,988][flwr][DEBUG] - fit_round 85 received 10 results and 0 failures
[2024-06-01 15:38:11,703][flwr][INFO] - fit progress: (85, 12.42503877915442, {'accuracy': 0.9657}, 406.29109966009855)
[2024-06-01 15:38:11,703][flwr][DEBUG] - evaluate_round 85: strategy sampled 1 clients (out of 50)
[2024-06-01 15:38:11,975][flwr][DEBUG] - evaluate_round 85 received 1 results and 0 failures
[2024-06-01 15:38:11,975][flwr][DEBUG] - fit_round 86: strategy sampled 10 clients (out of 50)
[2024-06-01 15:38:13,558][flwr][DEBUG] - fit_round 86 received 10 results and 0 failures
[2024-06-01 15:38:16,285][flwr][INFO] - fit progress: (86, 10.749597278074361, {'accuracy': 0.9698}, 410.87342400988564)
[2024-06-01 15:38:16,285][flwr][DEBUG] - evaluate_round 86: strategy sampled 1 clients (out of 50)
[2024-06-01 15:38:16,571][flwr][DEBUG] - evaluate_round 86 received 1 results and 0 failures
[2024-06-01 15:38:16,571][flwr][DEBUG] - fit_round 87: strategy sampled 10 clients (out of 50)
[2024-06-01 15:38:18,249][flwr][DEBUG] - fit_round 87 received 10 results and 0 failures
[2024-06-01 15:38:20,996][flwr][INFO] - fit progress: (87, 9.597617250401527, {'accuracy': 0.9671}, 415.58461728086695)
[2024-06-01 15:38:20,996][flwr][DEBUG] - evaluate_round 87: strategy sampled 1 clients (out of 50)
[2024-06-01 15:38:21,277][flwr][DEBUG] - evaluate_round 87 received 1 results and 0 failures
[2024-06-01 15:38:21,277][flwr][DEBUG] - fit_round 88: strategy sampled 10 clients (out of 50)
[2024-06-01 15:38:23,246][flwr][DEBUG] - fit_round 88 received 10 results and 0 failures
[2024-06-01 15:38:25,974][flwr][INFO] - fit progress: (88, 16.039284897968173, {'accuracy': 0.946}, 420.5622429042123)
[2024-06-01 15:38:25,974][flwr][DEBUG] - evaluate_round 88: strategy sampled 1 clients (out of 50)
[2024-06-01 15:38:26,272][flwr][DEBUG] - evaluate_round 88 received 1 results and 0 failures
[2024-06-01 15:38:26,272][flwr][DEBUG] - fit_round 89: strategy sampled 10 clients (out of 50)
[2024-06-01 15:38:28,160][flwr][DEBUG] - fit_round 89 received 10 results and 0 failures
[2024-06-01 15:38:30,874][flwr][INFO] - fit progress: (89, 11.375298478640616, {'accuracy': 0.9662}, 425.4626323049888)
[2024-06-01 15:38:30,874][flwr][DEBUG] - evaluate_round 89: strategy sampled 1 clients (out of 50)
[2024-06-01 15:38:31,155][flwr][DEBUG] - evaluate_round 89 received 1 results and 0 failures
[2024-06-01 15:38:31,155][flwr][DEBUG] - fit_round 90: strategy sampled 10 clients (out of 50)
[2024-06-01 15:38:32,833][flwr][DEBUG] - fit_round 90 received 10 results and 0 failures
[2024-06-01 15:38:35,577][flwr][INFO] - fit progress: (90, 11.412564422003925, {'accuracy': 0.9667}, 430.16571225086227)
[2024-06-01 15:38:35,577][flwr][DEBUG] - evaluate_round 90: strategy sampled 1 clients (out of 50)
[2024-06-01 15:38:35,863][flwr][DEBUG] - evaluate_round 90 received 1 results and 0 failures
[2024-06-01 15:38:35,863][flwr][DEBUG] - fit_round 91: strategy sampled 10 clients (out of 50)
[2024-06-01 15:38:37,533][flwr][DEBUG] - fit_round 91 received 10 results and 0 failures
[2024-06-01 15:38:40,255][flwr][INFO] - fit progress: (91, 11.72473699724651, {'accuracy': 0.9703}, 434.8436933332123)
[2024-06-01 15:38:40,255][flwr][DEBUG] - evaluate_round 91: strategy sampled 1 clients (out of 50)
[2024-06-01 15:38:40,603][flwr][DEBUG] - evaluate_round 91 received 1 results and 0 failures
[2024-06-01 15:38:40,603][flwr][DEBUG] - fit_round 92: strategy sampled 10 clients (out of 50)
[2024-06-01 15:38:42,284][flwr][DEBUG] - fit_round 92 received 10 results and 0 failures
[2024-06-01 15:38:45,007][flwr][INFO] - fit progress: (92, 13.493763383477926, {'accuracy': 0.9571}, 439.5954644382)
[2024-06-01 15:38:45,007][flwr][DEBUG] - evaluate_round 92: strategy sampled 1 clients (out of 50)
[2024-06-01 15:38:45,286][flwr][DEBUG] - evaluate_round 92 received 1 results and 0 failures
[2024-06-01 15:38:45,286][flwr][DEBUG] - fit_round 93: strategy sampled 10 clients (out of 50)
[2024-06-01 15:38:46,905][flwr][DEBUG] - fit_round 93 received 10 results and 0 failures
[2024-06-01 15:38:49,634][flwr][INFO] - fit progress: (93, 10.976266129822761, {'accuracy': 0.9675}, 444.2224986050278)
[2024-06-01 15:38:49,634][flwr][DEBUG] - evaluate_round 93: strategy sampled 1 clients (out of 50)
[2024-06-01 15:38:49,920][flwr][DEBUG] - evaluate_round 93 received 1 results and 0 failures
[2024-06-01 15:38:49,921][flwr][DEBUG] - fit_round 94: strategy sampled 10 clients (out of 50)
[2024-06-01 15:38:51,695][flwr][DEBUG] - fit_round 94 received 10 results and 0 failures
[2024-06-01 15:38:54,421][flwr][INFO] - fit progress: (94, 12.528805619571358, {'accuracy': 0.9615}, 449.0092198122293)
[2024-06-01 15:38:54,421][flwr][DEBUG] - evaluate_round 94: strategy sampled 1 clients (out of 50)
[2024-06-01 15:38:54,715][flwr][DEBUG] - evaluate_round 94 received 1 results and 0 failures
[2024-06-01 15:38:54,715][flwr][DEBUG] - fit_round 95: strategy sampled 10 clients (out of 50)
[2024-06-01 15:38:56,462][flwr][DEBUG] - fit_round 95 received 10 results and 0 failures
[2024-06-01 15:38:59,192][flwr][INFO] - fit progress: (95, 12.638050894252956, {'accuracy': 0.9551}, 453.78080984111875)
[2024-06-01 15:38:59,192][flwr][DEBUG] - evaluate_round 95: strategy sampled 1 clients (out of 50)
[2024-06-01 15:38:59,534][flwr][DEBUG] - evaluate_round 95 received 1 results and 0 failures
[2024-06-01 15:38:59,534][flwr][DEBUG] - fit_round 96: strategy sampled 10 clients (out of 50)
[2024-06-01 15:39:01,336][flwr][DEBUG] - fit_round 96 received 10 results and 0 failures
[2024-06-01 15:39:04,044][flwr][INFO] - fit progress: (96, 10.308661043876782, {'accuracy': 0.9693}, 458.6326256948523)
[2024-06-01 15:39:04,044][flwr][DEBUG] - evaluate_round 96: strategy sampled 1 clients (out of 50)
[2024-06-01 15:39:04,334][flwr][DEBUG] - evaluate_round 96 received 1 results and 0 failures
[2024-06-01 15:39:04,334][flwr][DEBUG] - fit_round 97: strategy sampled 10 clients (out of 50)
[2024-06-01 15:39:06,009][flwr][DEBUG] - fit_round 97 received 10 results and 0 failures
[2024-06-01 15:39:08,707][flwr][INFO] - fit progress: (97, 9.959767384338193, {'accuracy': 0.9705}, 463.2958982810378)
[2024-06-01 15:39:08,707][flwr][DEBUG] - evaluate_round 97: strategy sampled 1 clients (out of 50)
[2024-06-01 15:39:08,991][flwr][DEBUG] - evaluate_round 97 received 1 results and 0 failures
[2024-06-01 15:39:08,992][flwr][DEBUG] - fit_round 98: strategy sampled 10 clients (out of 50)
[2024-06-01 15:39:10,805][flwr][DEBUG] - fit_round 98 received 10 results and 0 failures
[2024-06-01 15:39:13,521][flwr][INFO] - fit progress: (98, 11.973898272961378, {'accuracy': 0.962}, 468.1092680161819)
[2024-06-01 15:39:13,521][flwr][DEBUG] - evaluate_round 98: strategy sampled 1 clients (out of 50)
[2024-06-01 15:39:13,804][flwr][DEBUG] - evaluate_round 98 received 1 results and 0 failures
[2024-06-01 15:39:13,804][flwr][DEBUG] - fit_round 99: strategy sampled 10 clients (out of 50)
[2024-06-01 15:39:15,624][flwr][DEBUG] - fit_round 99 received 10 results and 0 failures
[2024-06-01 15:39:18,337][flwr][INFO] - fit progress: (99, 9.865183196030557, {'accuracy': 0.9694}, 472.9256039210595)
[2024-06-01 15:39:18,337][flwr][DEBUG] - evaluate_round 99: strategy sampled 1 clients (out of 50)
[2024-06-01 15:39:18,611][flwr][DEBUG] - evaluate_round 99 received 1 results and 0 failures
[2024-06-01 15:39:18,612][flwr][DEBUG] - fit_round 100: strategy sampled 10 clients (out of 50)
[2024-06-01 15:39:20,216][flwr][DEBUG] - fit_round 100 received 10 results and 0 failures
[2024-06-01 15:39:22,941][flwr][INFO] - fit progress: (100, 11.419924864167115, {'accuracy': 0.9617}, 477.5296248579398)
[2024-06-01 15:39:22,941][flwr][DEBUG] - evaluate_round 100: strategy sampled 1 clients (out of 50)
[2024-06-01 15:39:23,214][flwr][DEBUG] - evaluate_round 100 received 1 results and 0 failures
[2024-06-01 15:39:23,214][flwr][INFO] - FL finished in 477.80243628891185
[2024-06-01 15:39:23,237][flwr][INFO] - app_fit: losses_distributed [(1, 7.917974352836609), (2, 3.4791634380817413), (3, 1.2619201242923737), (4, 1.852262258529663), (5, 2.092495560646057), (6, 1.0954936891794205), (7, 2.6351500153541565), (8, 1.97833850979805), (9, 1.987371250987053), (10, 0.6986551880836487), (11, 4.660568445920944), (12, 3.1917814910411835), (13, 0.5607373118400574), (14, 0.7994652707129717), (15, 1.9692059010267258), (16, 0.7404066175222397), (17, 0.9600227884948254), (18, 1.4775722697377205), (19, 0.5624635219573975), (20, 0.683168450370431), (21, 0.7665823101997375), (22, 0.5583454184234142), (23, 1.4093753471970558), (24, 0.6956598237156868), (25, 0.86740917339921), (26, 0.6962398309260607), (27, 1.0469048209488392), (28, 2.785870186984539), (29, 0.7354122772812843), (30, 1.0233677178621292), (31, 0.530175507068634), (32, 1.5119128003716469), (33, 6.174578305333853), (34, 0.8604537323117256), (35, 0.7838877942413092), (36, 0.5454453304409981), (37, 0.7394555285573006), (38, 0.4943784810602665), (39, 2.7634107153862715), (40, 0.6476223431527615), (41, 0.834486523643136), (42, 0.31876741349697113), (43, 1.7493872046470642), (44, 1.383843932300806), (45, 1.2968568531796336), (46, 0.18113012611865997), (47, 1.0724393129348755), (48, 1.2121259234845638), (49, 0.43051329255104065), (50, 0.39128705114126205), (51, 0.17447113245725632), (52, 0.58693503215909), (53, 1.175617653876543), (54, 0.9042132794857025), (55, 0.7485078945755959), (56, 1.3481402676552534), (57, 0.4598734378814697), (58, 3.2338573038578033), (59, 0.5865836143493652), (60, 1.289826426655054), (61, 0.5620273294043727), (62, 0.9737674817442894), (63, 0.19913580920547247), (64, 0.5839397795498371), (65, 0.6379010081291199), (66, 0.11659087147563696), (67, 1.6267403755337), (68, 0.6446826606988907), (69, 0.6623164894990623), (70, 0.5150488610379398), (71, 0.4562234804034233), (72, 0.27622782438993454), (73, 0.16558373789303005), (74, 0.6536312920507044), (75, 0.2060596290975809), (76, 0.7829821445047855), (77, 0.6109498608857393), (78, 0.8656965680420399), (79, 0.2915188493207097), (80, 0.1478659389540553), (81, 0.6334292031824589), (82, 0.06075252406299114), (83, 0.36459099157946184), (84, 0.3242997140623629), (85, 0.774892546236515), (86, 0.4224267080426216), (87, 0.20095764566212893), (88, 0.2918603792786598), (89, 0.6297196410596371), (90, 1.1095712124370039), (91, 0.20457836508285254), (92, 0.821853042114526), (93, 0.6957284339005128), (94, 4.051111749839038), (95, 0.4639736730605364), (96, 0.07202551886439323), (97, 0.554005041718483), (98, 0.941427955403924), (99, 0.40969594893977046), (100, 3.7801197189837694)]
[2024-06-01 15:39:23,238][flwr][INFO] - app_fit: metrics_distributed_fit {}
[2024-06-01 15:39:23,238][flwr][INFO] - app_fit: metrics_distributed {}
[2024-06-01 15:39:23,238][flwr][INFO] - app_fit: losses_centralized [(0, 180.36371636390686), (1, 84.35343831777573), (2, 41.730210080742836), (3, 42.9360264390707), (4, 30.693522915244102), (5, 29.060426898300648), (6, 29.475097358226776), (7, 32.334648706018925), (8, 32.63943686336279), (9, 30.06434777751565), (10, 29.44825854152441), (11, 34.63909783959389), (12, 28.499987740069628), (13, 28.731089010834694), (14, 32.10354393720627), (15, 21.161967175081372), (16, 20.724096914753318), (17, 19.82273584138602), (18, 28.740152455866337), (19, 22.873882150277495), (20, 24.34854870289564), (21, 25.5250906907022), (22, 29.1409466676414), (23, 22.226096996106207), (24, 24.361236596480012), (25, 22.611307829618454), (26, 21.111448934301734), (27, 18.16233332431875), (28, 21.220534589141607), (29, 21.497592026367784), (30, 19.4098991160281), (31, 16.230303864809684), (32, 15.715458665974438), (33, 18.70823641307652), (34, 22.35200459882617), (35, 15.902652623131871), (36, 15.835307515459135), (37, 13.40469911461696), (38, 13.784097862429917), (39, 18.51275700656697), (40, 18.19413453550078), (41, 19.059793148189783), (42, 15.740108938887715), (43, 17.304475337732583), (44, 17.57217806018889), (45, 13.62744660442695), (46, 15.568364382255822), (47, 22.103857547044754), (48, 25.40188279747963), (49, 17.45383890531957), (50, 18.62272758828476), (51, 16.313476407900453), (52, 13.323828881140798), (53, 17.978906558360904), (54, 21.78970279544592), (55, 15.302620382979512), (56, 18.311382791842334), (57, 26.572671093046665), (58, 22.62460747268051), (59, 13.789911678759381), (60, 13.235596718965098), (61, 13.611287662293762), (62, 12.682004341622815), (63, 12.116459494456649), (64, 14.875892215408385), (65, 11.903600314864889), (66, 11.814493795507587), (67, 15.307017237180844), (68, 13.812648987397552), (69, 11.810766725451685), (70, 13.251322566065937), (71, 11.332099763385486), (72, 13.690148532390594), (73, 12.989398656412959), (74, 13.666822582716122), (75, 13.361081189941615), (76, 12.205727082677186), (77, 11.678024183027446), (78, 10.810547157889232), (79, 11.785136541351676), (80, 10.728854870190844), (81, 13.918533637188375), (82, 12.401246405439451), (83, 12.543580151628703), (84, 9.245650181197561), (85, 12.42503877915442), (86, 10.749597278074361), (87, 9.597617250401527), (88, 16.039284897968173), (89, 11.375298478640616), (90, 11.412564422003925), (91, 11.72473699724651), (92, 13.493763383477926), (93, 10.976266129822761), (94, 12.528805619571358), (95, 12.638050894252956), (96, 10.308661043876782), (97, 9.959767384338193), (98, 11.973898272961378), (99, 9.865183196030557), (100, 11.419924864167115)]
[2024-06-01 15:39:23,238][flwr][INFO] - app_fit: metrics_centralized {'accuracy': [(0, 0.0794), (1, 0.6554), (2, 0.8045), (3, 0.8033), (4, 0.9029), (5, 0.9121), (6, 0.885), (7, 0.8798), (8, 0.8968), (9, 0.8809), (10, 0.9189), (11, 0.8914), (12, 0.9062), (13, 0.9079), (14, 0.8561), (15, 0.9371), (16, 0.9363), (17, 0.9384), (18, 0.8954), (19, 0.938), (20, 0.9285), (21, 0.9098), (22, 0.9183), (23, 0.9372), (24, 0.9258), (25, 0.9296), (26, 0.9231), (27, 0.9438), (28, 0.9372), (29, 0.9175), (30, 0.938), (31, 0.9564), (32, 0.9512), (33, 0.9432), (34, 0.9335), (35, 0.95), (36, 0.9584), (37, 0.9637), (38, 0.9568), (39, 0.9499), (40, 0.958), (41, 0.9539), (42, 0.9543), (43, 0.9418), (44, 0.9527), (45, 0.961), (46, 0.9529), (47, 0.905), (48, 0.904), (49, 0.9341), (50, 0.9384), (51, 0.9553), (52, 0.9604), (53, 0.9469), (54, 0.9293), (55, 0.9517), (56, 0.9483), (57, 0.8974), (58, 0.9441), (59, 0.9559), (60, 0.9642), (61, 0.9573), (62, 0.9611), (63, 0.9636), (64, 0.9471), (65, 0.9641), (66, 0.9671), (67, 0.9591), (68, 0.9592), (69, 0.9663), (70, 0.962), (71, 0.9662), (72, 0.9587), (73, 0.9624), (74, 0.9595), (75, 0.9594), (76, 0.9659), (77, 0.963), (78, 0.9671), (79, 0.9659), (80, 0.9699), (81, 0.9612), (82, 0.9662), (83, 0.9612), (84, 0.9739), (85, 0.9657), (86, 0.9698), (87, 0.9671), (88, 0.946), (89, 0.9662), (90, 0.9667), (91, 0.9703), (92, 0.9571), (93, 0.9675), (94, 0.9615), (95, 0.9551), (96, 0.9693), (97, 0.9705), (98, 0.962), (99, 0.9694), (100, 0.9617)]}
