[2024-06-01 15:11:42,584][flwr][INFO] - Starting Flower simulation, config: ServerConfig(num_rounds=100, round_timeout=None)
[2024-06-01 15:11:44,631][flwr][INFO] - Flower VCE: Ray initialized with resources: {'node:172.17.34.3': 1.0, 'CPU': 24.0, 'memory': 83161059533.0, 'object_store_memory': 39926168371.0, 'GPU': 2.0, 'accelerator_type:G': 1.0}
[2024-06-01 15:11:44,632][flwr][INFO] - Initializing global parameters
[2024-06-01 15:11:44,632][flwr][INFO] - Requesting initial parameters from one random client
[2024-06-01 15:11:45,904][flwr][INFO] - Received initial parameters from one random client
[2024-06-01 15:11:45,904][flwr][INFO] - Evaluating initial parameters
[2024-06-01 15:11:47,322][flwr][INFO] - initial parameters (loss, other metrics): 180.49446439743042, {'accuracy': 0.0744}
[2024-06-01 15:11:47,322][flwr][INFO] - FL starting
[2024-06-01 15:11:47,322][flwr][DEBUG] - fit_round 1: strategy sampled 10 clients (out of 50)
[2024-06-01 15:11:51,463][flwr][DEBUG] - fit_round 1 received 10 results and 0 failures
[2024-06-01 15:11:53,858][flwr][WARNING] - No fit_metrics_aggregation_fn provided
[2024-06-01 15:11:54,268][flwr][INFO] - fit progress: (1, 81.57360655069351, {'accuracy': 0.708}, 6.945820668246597)
[2024-06-01 15:11:54,268][flwr][DEBUG] - evaluate_round 1: strategy sampled 1 clients (out of 50)
[2024-06-01 15:11:54,542][flwr][DEBUG] - evaluate_round 1 received 1 results and 0 failures
[2024-06-01 15:11:54,542][flwr][WARNING] - No evaluate_metrics_aggregation_fn provided
[2024-06-01 15:11:54,543][flwr][DEBUG] - fit_round 2: strategy sampled 10 clients (out of 50)
[2024-06-01 15:11:56,248][flwr][DEBUG] - fit_round 2 received 10 results and 0 failures
[2024-06-01 15:11:59,053][flwr][INFO] - fit progress: (2, 41.469921246171, {'accuracy': 0.8212}, 11.730779625009745)
[2024-06-01 15:11:59,053][flwr][DEBUG] - evaluate_round 2: strategy sampled 1 clients (out of 50)
[2024-06-01 15:11:59,313][flwr][DEBUG] - evaluate_round 2 received 1 results and 0 failures
[2024-06-01 15:11:59,313][flwr][DEBUG] - fit_round 3: strategy sampled 10 clients (out of 50)
[2024-06-01 15:12:01,142][flwr][DEBUG] - fit_round 3 received 10 results and 0 failures
[2024-06-01 15:12:03,921][flwr][INFO] - fit progress: (3, 45.42217834293842, {'accuracy': 0.7913}, 16.59931634226814)
[2024-06-01 15:12:03,921][flwr][DEBUG] - evaluate_round 3: strategy sampled 1 clients (out of 50)
[2024-06-01 15:12:04,204][flwr][DEBUG] - evaluate_round 3 received 1 results and 0 failures
[2024-06-01 15:12:04,204][flwr][DEBUG] - fit_round 4: strategy sampled 10 clients (out of 50)
[2024-06-01 15:12:05,943][flwr][DEBUG] - fit_round 4 received 10 results and 0 failures
[2024-06-01 15:12:08,711][flwr][INFO] - fit progress: (4, 65.14804300665855, {'accuracy': 0.7155}, 21.38928499398753)
[2024-06-01 15:12:08,711][flwr][DEBUG] - evaluate_round 4: strategy sampled 1 clients (out of 50)
[2024-06-01 15:12:08,979][flwr][DEBUG] - evaluate_round 4 received 1 results and 0 failures
[2024-06-01 15:12:08,979][flwr][DEBUG] - fit_round 5: strategy sampled 10 clients (out of 50)
[2024-06-01 15:12:10,763][flwr][DEBUG] - fit_round 5 received 10 results and 0 failures
[2024-06-01 15:12:13,520][flwr][INFO] - fit progress: (5, 37.947247959673405, {'accuracy': 0.8083}, 26.198376317042857)
[2024-06-01 15:12:13,521][flwr][DEBUG] - evaluate_round 5: strategy sampled 1 clients (out of 50)
[2024-06-01 15:12:13,813][flwr][DEBUG] - evaluate_round 5 received 1 results and 0 failures
[2024-06-01 15:12:13,813][flwr][DEBUG] - fit_round 6: strategy sampled 10 clients (out of 50)
[2024-06-01 15:12:15,572][flwr][DEBUG] - fit_round 6 received 10 results and 0 failures
[2024-06-01 15:12:18,342][flwr][INFO] - fit progress: (6, 33.65223403275013, {'accuracy': 0.8556}, 31.020248481072485)
[2024-06-01 15:12:18,342][flwr][DEBUG] - evaluate_round 6: strategy sampled 1 clients (out of 50)
[2024-06-01 15:12:18,620][flwr][DEBUG] - evaluate_round 6 received 1 results and 0 failures
[2024-06-01 15:12:18,620][flwr][DEBUG] - fit_round 7: strategy sampled 10 clients (out of 50)
[2024-06-01 15:12:20,500][flwr][DEBUG] - fit_round 7 received 10 results and 0 failures
[2024-06-01 15:12:23,251][flwr][INFO] - fit progress: (7, 21.647429139353335, {'accuracy': 0.9272}, 35.92857404798269)
[2024-06-01 15:12:23,251][flwr][DEBUG] - evaluate_round 7: strategy sampled 1 clients (out of 50)
[2024-06-01 15:12:23,544][flwr][DEBUG] - evaluate_round 7 received 1 results and 0 failures
[2024-06-01 15:12:23,544][flwr][DEBUG] - fit_round 8: strategy sampled 10 clients (out of 50)
[2024-06-01 15:12:25,399][flwr][DEBUG] - fit_round 8 received 10 results and 0 failures
[2024-06-01 15:12:28,133][flwr][INFO] - fit progress: (8, 39.906866773962975, {'accuracy': 0.8488}, 40.8105741571635)
[2024-06-01 15:12:28,133][flwr][DEBUG] - evaluate_round 8: strategy sampled 1 clients (out of 50)
[2024-06-01 15:12:28,459][flwr][DEBUG] - evaluate_round 8 received 1 results and 0 failures
[2024-06-01 15:12:28,460][flwr][DEBUG] - fit_round 9: strategy sampled 10 clients (out of 50)
[2024-06-01 15:12:30,339][flwr][DEBUG] - fit_round 9 received 10 results and 0 failures
[2024-06-01 15:12:33,052][flwr][INFO] - fit progress: (9, 31.766332894563675, {'accuracy': 0.8685}, 45.73018294898793)
[2024-06-01 15:12:33,052][flwr][DEBUG] - evaluate_round 9: strategy sampled 1 clients (out of 50)
[2024-06-01 15:12:33,327][flwr][DEBUG] - evaluate_round 9 received 1 results and 0 failures
[2024-06-01 15:12:33,328][flwr][DEBUG] - fit_round 10: strategy sampled 10 clients (out of 50)
[2024-06-01 15:12:35,033][flwr][DEBUG] - fit_round 10 received 10 results and 0 failures
[2024-06-01 15:12:37,791][flwr][INFO] - fit progress: (10, 26.200764518231153, {'accuracy': 0.921}, 50.46932369098067)
[2024-06-01 15:12:37,791][flwr][DEBUG] - evaluate_round 10: strategy sampled 1 clients (out of 50)
[2024-06-01 15:12:38,073][flwr][DEBUG] - evaluate_round 10 received 1 results and 0 failures
[2024-06-01 15:12:38,073][flwr][DEBUG] - fit_round 11: strategy sampled 10 clients (out of 50)
[2024-06-01 15:12:39,752][flwr][DEBUG] - fit_round 11 received 10 results and 0 failures
[2024-06-01 15:12:42,500][flwr][INFO] - fit progress: (11, 26.85426042228937, {'accuracy': 0.8999}, 55.178249903954566)
[2024-06-01 15:12:42,500][flwr][DEBUG] - evaluate_round 11: strategy sampled 1 clients (out of 50)
[2024-06-01 15:12:42,788][flwr][DEBUG] - evaluate_round 11 received 1 results and 0 failures
[2024-06-01 15:12:42,788][flwr][DEBUG] - fit_round 12: strategy sampled 10 clients (out of 50)
[2024-06-01 15:12:44,515][flwr][DEBUG] - fit_round 12 received 10 results and 0 failures
[2024-06-01 15:12:47,258][flwr][INFO] - fit progress: (12, 35.041250079870224, {'accuracy': 0.834}, 59.93557229405269)
[2024-06-01 15:12:47,258][flwr][DEBUG] - evaluate_round 12: strategy sampled 1 clients (out of 50)
[2024-06-01 15:12:47,580][flwr][DEBUG] - evaluate_round 12 received 1 results and 0 failures
[2024-06-01 15:12:47,580][flwr][DEBUG] - fit_round 13: strategy sampled 10 clients (out of 50)
[2024-06-01 15:12:49,359][flwr][DEBUG] - fit_round 13 received 10 results and 0 failures
[2024-06-01 15:12:52,086][flwr][INFO] - fit progress: (13, 39.59809312224388, {'accuracy': 0.8477}, 64.76445899484679)
[2024-06-01 15:12:52,087][flwr][DEBUG] - evaluate_round 13: strategy sampled 1 clients (out of 50)
[2024-06-01 15:12:52,378][flwr][DEBUG] - evaluate_round 13 received 1 results and 0 failures
[2024-06-01 15:12:52,378][flwr][DEBUG] - fit_round 14: strategy sampled 10 clients (out of 50)
[2024-06-01 15:12:54,054][flwr][DEBUG] - fit_round 14 received 10 results and 0 failures
[2024-06-01 15:12:56,795][flwr][INFO] - fit progress: (14, 26.949361108243465, {'accuracy': 0.8847}, 69.47265491820872)
[2024-06-01 15:12:56,795][flwr][DEBUG] - evaluate_round 14: strategy sampled 1 clients (out of 50)
[2024-06-01 15:12:57,072][flwr][DEBUG] - evaluate_round 14 received 1 results and 0 failures
[2024-06-01 15:12:57,073][flwr][DEBUG] - fit_round 15: strategy sampled 10 clients (out of 50)
[2024-06-01 15:12:58,827][flwr][DEBUG] - fit_round 15 received 10 results and 0 failures
[2024-06-01 15:13:01,527][flwr][INFO] - fit progress: (15, 25.159404702484608, {'accuracy': 0.9114}, 74.20530591905117)
[2024-06-01 15:13:01,527][flwr][DEBUG] - evaluate_round 15: strategy sampled 1 clients (out of 50)
[2024-06-01 15:13:01,824][flwr][DEBUG] - evaluate_round 15 received 1 results and 0 failures
[2024-06-01 15:13:01,824][flwr][DEBUG] - fit_round 16: strategy sampled 10 clients (out of 50)
[2024-06-01 15:13:03,801][flwr][DEBUG] - fit_round 16 received 10 results and 0 failures
[2024-06-01 15:13:06,554][flwr][INFO] - fit progress: (16, 21.03083438053727, {'accuracy': 0.9383}, 79.23206975404173)
[2024-06-01 15:13:06,554][flwr][DEBUG] - evaluate_round 16: strategy sampled 1 clients (out of 50)
[2024-06-01 15:13:06,876][flwr][DEBUG] - evaluate_round 16 received 1 results and 0 failures
[2024-06-01 15:13:06,876][flwr][DEBUG] - fit_round 17: strategy sampled 10 clients (out of 50)
[2024-06-01 15:13:08,748][flwr][DEBUG] - fit_round 17 received 10 results and 0 failures
[2024-06-01 15:13:11,479][flwr][INFO] - fit progress: (17, 33.186209835112095, {'accuracy': 0.8512}, 84.15654885116965)
[2024-06-01 15:13:11,479][flwr][DEBUG] - evaluate_round 17: strategy sampled 1 clients (out of 50)
[2024-06-01 15:13:11,759][flwr][DEBUG] - evaluate_round 17 received 1 results and 0 failures
[2024-06-01 15:13:11,760][flwr][DEBUG] - fit_round 18: strategy sampled 10 clients (out of 50)
[2024-06-01 15:13:13,447][flwr][DEBUG] - fit_round 18 received 10 results and 0 failures
[2024-06-01 15:13:16,187][flwr][INFO] - fit progress: (18, 24.80482904985547, {'accuracy': 0.9175}, 88.86472531408072)
[2024-06-01 15:13:16,187][flwr][DEBUG] - evaluate_round 18: strategy sampled 1 clients (out of 50)
[2024-06-01 15:13:16,508][flwr][DEBUG] - evaluate_round 18 received 1 results and 0 failures
[2024-06-01 15:13:16,508][flwr][DEBUG] - fit_round 19: strategy sampled 10 clients (out of 50)
[2024-06-01 15:13:18,246][flwr][DEBUG] - fit_round 19 received 10 results and 0 failures
[2024-06-01 15:13:21,026][flwr][INFO] - fit progress: (19, 32.65391491353512, {'accuracy': 0.8755}, 93.70374520495534)
[2024-06-01 15:13:21,026][flwr][DEBUG] - evaluate_round 19: strategy sampled 1 clients (out of 50)
[2024-06-01 15:13:21,301][flwr][DEBUG] - evaluate_round 19 received 1 results and 0 failures
[2024-06-01 15:13:21,302][flwr][DEBUG] - fit_round 20: strategy sampled 10 clients (out of 50)
[2024-06-01 15:13:22,969][flwr][DEBUG] - fit_round 20 received 10 results and 0 failures
[2024-06-01 15:13:25,708][flwr][INFO] - fit progress: (20, 23.15699952095747, {'accuracy': 0.9274}, 98.38598225219175)
[2024-06-01 15:13:25,708][flwr][DEBUG] - evaluate_round 20: strategy sampled 1 clients (out of 50)
[2024-06-01 15:13:25,988][flwr][DEBUG] - evaluate_round 20 received 1 results and 0 failures
[2024-06-01 15:13:25,988][flwr][DEBUG] - fit_round 21: strategy sampled 10 clients (out of 50)
[2024-06-01 15:13:27,710][flwr][DEBUG] - fit_round 21 received 10 results and 0 failures
[2024-06-01 15:13:30,452][flwr][INFO] - fit progress: (21, 23.066421577706933, {'accuracy': 0.9239}, 103.12998144514859)
[2024-06-01 15:13:30,452][flwr][DEBUG] - evaluate_round 21: strategy sampled 1 clients (out of 50)
[2024-06-01 15:13:30,726][flwr][DEBUG] - evaluate_round 21 received 1 results and 0 failures
[2024-06-01 15:13:30,727][flwr][DEBUG] - fit_round 22: strategy sampled 10 clients (out of 50)
[2024-06-01 15:13:32,545][flwr][DEBUG] - fit_round 22 received 10 results and 0 failures
[2024-06-01 15:13:35,293][flwr][INFO] - fit progress: (22, 30.719633102416992, {'accuracy': 0.9254}, 107.97113366983831)
[2024-06-01 15:13:35,293][flwr][DEBUG] - evaluate_round 22: strategy sampled 1 clients (out of 50)
[2024-06-01 15:13:35,591][flwr][DEBUG] - evaluate_round 22 received 1 results and 0 failures
[2024-06-01 15:13:35,591][flwr][DEBUG] - fit_round 23: strategy sampled 10 clients (out of 50)
[2024-06-01 15:13:37,300][flwr][DEBUG] - fit_round 23 received 10 results and 0 failures
[2024-06-01 15:13:40,009][flwr][INFO] - fit progress: (23, 17.126704568974674, {'accuracy': 0.9519}, 112.68708222918212)
[2024-06-01 15:13:40,009][flwr][DEBUG] - evaluate_round 23: strategy sampled 1 clients (out of 50)
[2024-06-01 15:13:40,297][flwr][DEBUG] - evaluate_round 23 received 1 results and 0 failures
[2024-06-01 15:13:40,297][flwr][DEBUG] - fit_round 24: strategy sampled 10 clients (out of 50)
[2024-06-01 15:13:42,009][flwr][DEBUG] - fit_round 24 received 10 results and 0 failures
[2024-06-01 15:13:44,742][flwr][INFO] - fit progress: (24, 15.938309759832919, {'accuracy': 0.9507}, 117.42003472521901)
[2024-06-01 15:13:44,742][flwr][DEBUG] - evaluate_round 24: strategy sampled 1 clients (out of 50)
[2024-06-01 15:13:45,039][flwr][DEBUG] - evaluate_round 24 received 1 results and 0 failures
[2024-06-01 15:13:45,040][flwr][DEBUG] - fit_round 25: strategy sampled 10 clients (out of 50)
[2024-06-01 15:13:46,707][flwr][DEBUG] - fit_round 25 received 10 results and 0 failures
[2024-06-01 15:13:49,411][flwr][INFO] - fit progress: (25, 23.046398965641856, {'accuracy': 0.9393}, 122.08910564891994)
[2024-06-01 15:13:49,411][flwr][DEBUG] - evaluate_round 25: strategy sampled 1 clients (out of 50)
[2024-06-01 15:13:49,704][flwr][DEBUG] - evaluate_round 25 received 1 results and 0 failures
[2024-06-01 15:13:49,704][flwr][DEBUG] - fit_round 26: strategy sampled 10 clients (out of 50)
[2024-06-01 15:13:51,321][flwr][DEBUG] - fit_round 26 received 10 results and 0 failures
[2024-06-01 15:13:54,058][flwr][INFO] - fit progress: (26, 19.94801371358335, {'accuracy': 0.9343}, 126.73641616012901)
[2024-06-01 15:13:54,059][flwr][DEBUG] - evaluate_round 26: strategy sampled 1 clients (out of 50)
[2024-06-01 15:13:54,357][flwr][DEBUG] - evaluate_round 26 received 1 results and 0 failures
[2024-06-01 15:13:54,357][flwr][DEBUG] - fit_round 27: strategy sampled 10 clients (out of 50)
[2024-06-01 15:13:56,016][flwr][DEBUG] - fit_round 27 received 10 results and 0 failures
[2024-06-01 15:13:58,777][flwr][INFO] - fit progress: (27, 96.43257802724838, {'accuracy': 0.8558}, 131.45527142426)
[2024-06-01 15:13:58,777][flwr][DEBUG] - evaluate_round 27: strategy sampled 1 clients (out of 50)
[2024-06-01 15:13:59,047][flwr][DEBUG] - evaluate_round 27 received 1 results and 0 failures
[2024-06-01 15:13:59,047][flwr][DEBUG] - fit_round 28: strategy sampled 10 clients (out of 50)
[2024-06-01 15:14:00,804][flwr][DEBUG] - fit_round 28 received 10 results and 0 failures
[2024-06-01 15:14:03,552][flwr][INFO] - fit progress: (28, 24.79240571334958, {'accuracy': 0.9317}, 136.2298392271623)
[2024-06-01 15:14:03,552][flwr][DEBUG] - evaluate_round 28: strategy sampled 1 clients (out of 50)
[2024-06-01 15:14:03,844][flwr][DEBUG] - evaluate_round 28 received 1 results and 0 failures
[2024-06-01 15:14:03,845][flwr][DEBUG] - fit_round 29: strategy sampled 10 clients (out of 50)
[2024-06-01 15:14:05,576][flwr][DEBUG] - fit_round 29 received 10 results and 0 failures
[2024-06-01 15:14:08,326][flwr][INFO] - fit progress: (29, 20.33682544901967, {'accuracy': 0.9368}, 141.00409542117268)
[2024-06-01 15:14:08,326][flwr][DEBUG] - evaluate_round 29: strategy sampled 1 clients (out of 50)
[2024-06-01 15:14:08,602][flwr][DEBUG] - evaluate_round 29 received 1 results and 0 failures
[2024-06-01 15:14:08,602][flwr][DEBUG] - fit_round 30: strategy sampled 10 clients (out of 50)
[2024-06-01 15:14:10,389][flwr][DEBUG] - fit_round 30 received 10 results and 0 failures
[2024-06-01 15:14:13,129][flwr][INFO] - fit progress: (30, 18.853660720866174, {'accuracy': 0.9507}, 145.80701969284564)
[2024-06-01 15:14:13,129][flwr][DEBUG] - evaluate_round 30: strategy sampled 1 clients (out of 50)
[2024-06-01 15:14:13,418][flwr][DEBUG] - evaluate_round 30 received 1 results and 0 failures
[2024-06-01 15:14:13,419][flwr][DEBUG] - fit_round 31: strategy sampled 10 clients (out of 50)
[2024-06-01 15:14:15,240][flwr][DEBUG] - fit_round 31 received 10 results and 0 failures
[2024-06-01 15:14:18,009][flwr][INFO] - fit progress: (31, 19.140598522499204, {'accuracy': 0.9462}, 150.68727252911776)
[2024-06-01 15:14:18,009][flwr][DEBUG] - evaluate_round 31: strategy sampled 1 clients (out of 50)
[2024-06-01 15:14:18,289][flwr][DEBUG] - evaluate_round 31 received 1 results and 0 failures
[2024-06-01 15:14:18,289][flwr][DEBUG] - fit_round 32: strategy sampled 10 clients (out of 50)
[2024-06-01 15:14:20,026][flwr][DEBUG] - fit_round 32 received 10 results and 0 failures
[2024-06-01 15:14:22,782][flwr][INFO] - fit progress: (32, 16.76933210110292, {'accuracy': 0.9463}, 155.46020693005994)
[2024-06-01 15:14:22,782][flwr][DEBUG] - evaluate_round 32: strategy sampled 1 clients (out of 50)
[2024-06-01 15:14:23,063][flwr][DEBUG] - evaluate_round 32 received 1 results and 0 failures
[2024-06-01 15:14:23,064][flwr][DEBUG] - fit_round 33: strategy sampled 10 clients (out of 50)
[2024-06-01 15:14:24,727][flwr][DEBUG] - fit_round 33 received 10 results and 0 failures
[2024-06-01 15:14:27,443][flwr][INFO] - fit progress: (33, 19.339835762046278, {'accuracy': 0.9435}, 160.1213799151592)
[2024-06-01 15:14:27,444][flwr][DEBUG] - evaluate_round 33: strategy sampled 1 clients (out of 50)
[2024-06-01 15:14:27,709][flwr][DEBUG] - evaluate_round 33 received 1 results and 0 failures
[2024-06-01 15:14:27,710][flwr][DEBUG] - fit_round 34: strategy sampled 10 clients (out of 50)
[2024-06-01 15:14:29,391][flwr][DEBUG] - fit_round 34 received 10 results and 0 failures
[2024-06-01 15:14:32,103][flwr][INFO] - fit progress: (34, 20.96657133102417, {'accuracy': 0.9421}, 164.78050945000723)
[2024-06-01 15:14:32,103][flwr][DEBUG] - evaluate_round 34: strategy sampled 1 clients (out of 50)
[2024-06-01 15:14:32,380][flwr][DEBUG] - evaluate_round 34 received 1 results and 0 failures
[2024-06-01 15:14:32,381][flwr][DEBUG] - fit_round 35: strategy sampled 10 clients (out of 50)
[2024-06-01 15:14:34,074][flwr][DEBUG] - fit_round 35 received 10 results and 0 failures
[2024-06-01 15:14:36,809][flwr][INFO] - fit progress: (35, 18.63561325520277, {'accuracy': 0.9394}, 169.48668759083375)
[2024-06-01 15:14:36,809][flwr][DEBUG] - evaluate_round 35: strategy sampled 1 clients (out of 50)
[2024-06-01 15:14:37,095][flwr][DEBUG] - evaluate_round 35 received 1 results and 0 failures
[2024-06-01 15:14:37,095][flwr][DEBUG] - fit_round 36: strategy sampled 10 clients (out of 50)
[2024-06-01 15:14:38,938][flwr][DEBUG] - fit_round 36 received 10 results and 0 failures
[2024-06-01 15:14:41,689][flwr][INFO] - fit progress: (36, 27.922282867133617, {'accuracy': 0.9094}, 174.36698019923642)
[2024-06-01 15:14:41,689][flwr][DEBUG] - evaluate_round 36: strategy sampled 1 clients (out of 50)
[2024-06-01 15:14:41,985][flwr][DEBUG] - evaluate_round 36 received 1 results and 0 failures
[2024-06-01 15:14:41,986][flwr][DEBUG] - fit_round 37: strategy sampled 10 clients (out of 50)
[2024-06-01 15:14:43,709][flwr][DEBUG] - fit_round 37 received 10 results and 0 failures
[2024-06-01 15:14:46,456][flwr][INFO] - fit progress: (37, 17.76737605035305, {'accuracy': 0.9556}, 179.13416415918618)
[2024-06-01 15:14:46,456][flwr][DEBUG] - evaluate_round 37: strategy sampled 1 clients (out of 50)
[2024-06-01 15:14:46,744][flwr][DEBUG] - evaluate_round 37 received 1 results and 0 failures
[2024-06-01 15:14:46,744][flwr][DEBUG] - fit_round 38: strategy sampled 10 clients (out of 50)
[2024-06-01 15:14:48,489][flwr][DEBUG] - fit_round 38 received 10 results and 0 failures
[2024-06-01 15:14:51,226][flwr][INFO] - fit progress: (38, 16.507339441683143, {'accuracy': 0.9568}, 183.9035185300745)
[2024-06-01 15:14:51,226][flwr][DEBUG] - evaluate_round 38: strategy sampled 1 clients (out of 50)
[2024-06-01 15:14:51,516][flwr][DEBUG] - evaluate_round 38 received 1 results and 0 failures
[2024-06-01 15:14:51,516][flwr][DEBUG] - fit_round 39: strategy sampled 10 clients (out of 50)
[2024-06-01 15:14:53,291][flwr][DEBUG] - fit_round 39 received 10 results and 0 failures
[2024-06-01 15:14:56,029][flwr][INFO] - fit progress: (39, 23.42041365802288, {'accuracy': 0.923}, 188.70658608805388)
[2024-06-01 15:14:56,029][flwr][DEBUG] - evaluate_round 39: strategy sampled 1 clients (out of 50)
[2024-06-01 15:14:56,301][flwr][DEBUG] - evaluate_round 39 received 1 results and 0 failures
[2024-06-01 15:14:56,301][flwr][DEBUG] - fit_round 40: strategy sampled 10 clients (out of 50)
[2024-06-01 15:14:58,034][flwr][DEBUG] - fit_round 40 received 10 results and 0 failures
[2024-06-01 15:15:00,810][flwr][INFO] - fit progress: (40, 22.09119265899062, {'accuracy': 0.9222}, 193.4880194622092)
[2024-06-01 15:15:00,810][flwr][DEBUG] - evaluate_round 40: strategy sampled 1 clients (out of 50)
[2024-06-01 15:15:01,095][flwr][DEBUG] - evaluate_round 40 received 1 results and 0 failures
[2024-06-01 15:15:01,095][flwr][DEBUG] - fit_round 41: strategy sampled 10 clients (out of 50)
[2024-06-01 15:15:02,796][flwr][DEBUG] - fit_round 41 received 10 results and 0 failures
[2024-06-01 15:15:05,533][flwr][INFO] - fit progress: (41, 16.55951775610447, {'accuracy': 0.9497}, 198.2110419771634)
[2024-06-01 15:15:05,533][flwr][DEBUG] - evaluate_round 41: strategy sampled 1 clients (out of 50)
[2024-06-01 15:15:05,815][flwr][DEBUG] - evaluate_round 41 received 1 results and 0 failures
[2024-06-01 15:15:05,816][flwr][DEBUG] - fit_round 42: strategy sampled 10 clients (out of 50)
[2024-06-01 15:15:07,383][flwr][DEBUG] - fit_round 42 received 10 results and 0 failures
[2024-06-01 15:15:10,118][flwr][INFO] - fit progress: (42, 14.093965447042137, {'accuracy': 0.96}, 202.79629015596583)
[2024-06-01 15:15:10,118][flwr][DEBUG] - evaluate_round 42: strategy sampled 1 clients (out of 50)
[2024-06-01 15:15:10,412][flwr][DEBUG] - evaluate_round 42 received 1 results and 0 failures
[2024-06-01 15:15:10,413][flwr][DEBUG] - fit_round 43: strategy sampled 10 clients (out of 50)
[2024-06-01 15:15:12,098][flwr][DEBUG] - fit_round 43 received 10 results and 0 failures
[2024-06-01 15:15:14,859][flwr][INFO] - fit progress: (43, 25.55176918860525, {'accuracy': 0.927}, 207.53653998998925)
[2024-06-01 15:15:14,859][flwr][DEBUG] - evaluate_round 43: strategy sampled 1 clients (out of 50)
[2024-06-01 15:15:15,149][flwr][DEBUG] - evaluate_round 43 received 1 results and 0 failures
[2024-06-01 15:15:15,149][flwr][DEBUG] - fit_round 44: strategy sampled 10 clients (out of 50)
[2024-06-01 15:15:16,816][flwr][DEBUG] - fit_round 44 received 10 results and 0 failures
[2024-06-01 15:15:19,555][flwr][INFO] - fit progress: (44, 27.733738858252764, {'accuracy': 0.934}, 212.23269791109487)
[2024-06-01 15:15:19,555][flwr][DEBUG] - evaluate_round 44: strategy sampled 1 clients (out of 50)
[2024-06-01 15:15:19,835][flwr][DEBUG] - evaluate_round 44 received 1 results and 0 failures
[2024-06-01 15:15:19,835][flwr][DEBUG] - fit_round 45: strategy sampled 10 clients (out of 50)
[2024-06-01 15:15:21,697][flwr][DEBUG] - fit_round 45 received 10 results and 0 failures
[2024-06-01 15:15:24,455][flwr][INFO] - fit progress: (45, 25.943588692694902, {'accuracy': 0.9217}, 217.1330985110253)
[2024-06-01 15:15:24,455][flwr][DEBUG] - evaluate_round 45: strategy sampled 1 clients (out of 50)
[2024-06-01 15:15:24,724][flwr][DEBUG] - evaluate_round 45 received 1 results and 0 failures
[2024-06-01 15:15:24,724][flwr][DEBUG] - fit_round 46: strategy sampled 10 clients (out of 50)
[2024-06-01 15:15:26,562][flwr][DEBUG] - fit_round 46 received 10 results and 0 failures
[2024-06-01 15:15:29,315][flwr][INFO] - fit progress: (46, 16.852539211511612, {'accuracy': 0.948}, 221.99289801716805)
[2024-06-01 15:15:29,315][flwr][DEBUG] - evaluate_round 46: strategy sampled 1 clients (out of 50)
[2024-06-01 15:15:29,595][flwr][DEBUG] - evaluate_round 46 received 1 results and 0 failures
[2024-06-01 15:15:29,595][flwr][DEBUG] - fit_round 47: strategy sampled 10 clients (out of 50)
[2024-06-01 15:15:31,436][flwr][DEBUG] - fit_round 47 received 10 results and 0 failures
[2024-06-01 15:15:34,190][flwr][INFO] - fit progress: (47, 17.180071648210287, {'accuracy': 0.9446}, 226.86761374212801)
[2024-06-01 15:15:34,190][flwr][DEBUG] - evaluate_round 47: strategy sampled 1 clients (out of 50)
[2024-06-01 15:15:34,472][flwr][DEBUG] - evaluate_round 47 received 1 results and 0 failures
[2024-06-01 15:15:34,472][flwr][DEBUG] - fit_round 48: strategy sampled 10 clients (out of 50)
[2024-06-01 15:15:36,267][flwr][DEBUG] - fit_round 48 received 10 results and 0 failures
[2024-06-01 15:15:39,020][flwr][INFO] - fit progress: (48, 19.57724309153855, {'accuracy': 0.9364}, 231.6983251622878)
[2024-06-01 15:15:39,020][flwr][DEBUG] - evaluate_round 48: strategy sampled 1 clients (out of 50)
[2024-06-01 15:15:39,304][flwr][DEBUG] - evaluate_round 48 received 1 results and 0 failures
[2024-06-01 15:15:39,304][flwr][DEBUG] - fit_round 49: strategy sampled 10 clients (out of 50)
[2024-06-01 15:15:41,078][flwr][DEBUG] - fit_round 49 received 10 results and 0 failures
[2024-06-01 15:15:43,828][flwr][INFO] - fit progress: (49, 14.653676635585725, {'accuracy': 0.9511}, 236.5064554642886)
[2024-06-01 15:15:43,829][flwr][DEBUG] - evaluate_round 49: strategy sampled 1 clients (out of 50)
[2024-06-01 15:15:44,120][flwr][DEBUG] - evaluate_round 49 received 1 results and 0 failures
[2024-06-01 15:15:44,120][flwr][DEBUG] - fit_round 50: strategy sampled 10 clients (out of 50)
[2024-06-01 15:15:45,816][flwr][DEBUG] - fit_round 50 received 10 results and 0 failures
[2024-06-01 15:15:48,536][flwr][INFO] - fit progress: (50, 15.272245686501265, {'accuracy': 0.9521}, 241.21422184398398)
[2024-06-01 15:15:48,536][flwr][DEBUG] - evaluate_round 50: strategy sampled 1 clients (out of 50)
[2024-06-01 15:15:48,816][flwr][DEBUG] - evaluate_round 50 received 1 results and 0 failures
[2024-06-01 15:15:48,816][flwr][DEBUG] - fit_round 51: strategy sampled 10 clients (out of 50)
[2024-06-01 15:15:50,607][flwr][DEBUG] - fit_round 51 received 10 results and 0 failures
[2024-06-01 15:15:53,288][flwr][INFO] - fit progress: (51, 22.77936229109764, {'accuracy': 0.9334}, 245.96570040425286)
[2024-06-01 15:15:53,288][flwr][DEBUG] - evaluate_round 51: strategy sampled 1 clients (out of 50)
[2024-06-01 15:15:53,572][flwr][DEBUG] - evaluate_round 51 received 1 results and 0 failures
[2024-06-01 15:15:53,572][flwr][DEBUG] - fit_round 52: strategy sampled 10 clients (out of 50)
[2024-06-01 15:15:55,325][flwr][DEBUG] - fit_round 52 received 10 results and 0 failures
[2024-06-01 15:15:58,078][flwr][INFO] - fit progress: (52, 21.443990223109722, {'accuracy': 0.91}, 250.7556224912405)
[2024-06-01 15:15:58,078][flwr][DEBUG] - evaluate_round 52: strategy sampled 1 clients (out of 50)
[2024-06-01 15:15:58,354][flwr][DEBUG] - evaluate_round 52 received 1 results and 0 failures
[2024-06-01 15:15:58,354][flwr][DEBUG] - fit_round 53: strategy sampled 10 clients (out of 50)
[2024-06-01 15:16:00,025][flwr][DEBUG] - fit_round 53 received 10 results and 0 failures
[2024-06-01 15:16:02,771][flwr][INFO] - fit progress: (53, 16.467614759341814, {'accuracy': 0.9549}, 255.44852655287832)
[2024-06-01 15:16:02,771][flwr][DEBUG] - evaluate_round 53: strategy sampled 1 clients (out of 50)
[2024-06-01 15:16:03,057][flwr][DEBUG] - evaluate_round 53 received 1 results and 0 failures
[2024-06-01 15:16:03,057][flwr][DEBUG] - fit_round 54: strategy sampled 10 clients (out of 50)
[2024-06-01 15:16:04,663][flwr][DEBUG] - fit_round 54 received 10 results and 0 failures
[2024-06-01 15:16:07,363][flwr][INFO] - fit progress: (54, 17.92582943290472, {'accuracy': 0.9409}, 260.0411631190218)
[2024-06-01 15:16:07,363][flwr][DEBUG] - evaluate_round 54: strategy sampled 1 clients (out of 50)
[2024-06-01 15:16:07,646][flwr][DEBUG] - evaluate_round 54 received 1 results and 0 failures
[2024-06-01 15:16:07,646][flwr][DEBUG] - fit_round 55: strategy sampled 10 clients (out of 50)
[2024-06-01 15:16:09,362][flwr][DEBUG] - fit_round 55 received 10 results and 0 failures
[2024-06-01 15:16:12,084][flwr][INFO] - fit progress: (55, 63.248834162950516, {'accuracy': 0.8819}, 264.7623511538841)
[2024-06-01 15:16:12,084][flwr][DEBUG] - evaluate_round 55: strategy sampled 1 clients (out of 50)
[2024-06-01 15:16:12,375][flwr][DEBUG] - evaluate_round 55 received 1 results and 0 failures
[2024-06-01 15:16:12,376][flwr][DEBUG] - fit_round 56: strategy sampled 10 clients (out of 50)
[2024-06-01 15:16:14,066][flwr][DEBUG] - fit_round 56 received 10 results and 0 failures
[2024-06-01 15:16:16,809][flwr][INFO] - fit progress: (56, 14.929307705489919, {'accuracy': 0.9583}, 269.4872887642123)
[2024-06-01 15:16:16,809][flwr][DEBUG] - evaluate_round 56: strategy sampled 1 clients (out of 50)
[2024-06-01 15:16:17,090][flwr][DEBUG] - evaluate_round 56 received 1 results and 0 failures
[2024-06-01 15:16:17,091][flwr][DEBUG] - fit_round 57: strategy sampled 10 clients (out of 50)
[2024-06-01 15:16:18,869][flwr][DEBUG] - fit_round 57 received 10 results and 0 failures
[2024-06-01 15:16:21,581][flwr][INFO] - fit progress: (57, 13.088591384119354, {'accuracy': 0.9632}, 274.2593202101998)
[2024-06-01 15:16:21,581][flwr][DEBUG] - evaluate_round 57: strategy sampled 1 clients (out of 50)
[2024-06-01 15:16:21,849][flwr][DEBUG] - evaluate_round 57 received 1 results and 0 failures
[2024-06-01 15:16:21,849][flwr][DEBUG] - fit_round 58: strategy sampled 10 clients (out of 50)
[2024-06-01 15:16:23,726][flwr][DEBUG] - fit_round 58 received 10 results and 0 failures
[2024-06-01 15:16:26,451][flwr][INFO] - fit progress: (58, 16.442099321633577, {'accuracy': 0.9515}, 279.12946062907577)
[2024-06-01 15:16:26,452][flwr][DEBUG] - evaluate_round 58: strategy sampled 1 clients (out of 50)
[2024-06-01 15:16:26,719][flwr][DEBUG] - evaluate_round 58 received 1 results and 0 failures
[2024-06-01 15:16:26,719][flwr][DEBUG] - fit_round 59: strategy sampled 10 clients (out of 50)
[2024-06-01 15:16:28,467][flwr][DEBUG] - fit_round 59 received 10 results and 0 failures
[2024-06-01 15:16:31,210][flwr][INFO] - fit progress: (59, 23.281763277947903, {'accuracy': 0.8934}, 283.88827249826863)
[2024-06-01 15:16:31,210][flwr][DEBUG] - evaluate_round 59: strategy sampled 1 clients (out of 50)
[2024-06-01 15:16:31,545][flwr][DEBUG] - evaluate_round 59 received 1 results and 0 failures
[2024-06-01 15:16:31,546][flwr][DEBUG] - fit_round 60: strategy sampled 10 clients (out of 50)
[2024-06-01 15:16:33,193][flwr][DEBUG] - fit_round 60 received 10 results and 0 failures
[2024-06-01 15:16:35,955][flwr][INFO] - fit progress: (60, 14.991448170505464, {'accuracy': 0.9594}, 288.63335525617003)
[2024-06-01 15:16:35,956][flwr][DEBUG] - evaluate_round 60: strategy sampled 1 clients (out of 50)
[2024-06-01 15:16:36,283][flwr][DEBUG] - evaluate_round 60 received 1 results and 0 failures
[2024-06-01 15:16:36,283][flwr][DEBUG] - fit_round 61: strategy sampled 10 clients (out of 50)
[2024-06-01 15:16:37,922][flwr][DEBUG] - fit_round 61 received 10 results and 0 failures
[2024-06-01 15:16:40,651][flwr][INFO] - fit progress: (61, 12.735486968886107, {'accuracy': 0.9611}, 293.32886483194306)
[2024-06-01 15:16:40,651][flwr][DEBUG] - evaluate_round 61: strategy sampled 1 clients (out of 50)
[2024-06-01 15:16:40,932][flwr][DEBUG] - evaluate_round 61 received 1 results and 0 failures
[2024-06-01 15:16:40,932][flwr][DEBUG] - fit_round 62: strategy sampled 10 clients (out of 50)
[2024-06-01 15:16:42,715][flwr][DEBUG] - fit_round 62 received 10 results and 0 failures
[2024-06-01 15:16:45,465][flwr][INFO] - fit progress: (62, 10.631338976789266, {'accuracy': 0.9672}, 298.14307709923014)
[2024-06-01 15:16:45,465][flwr][DEBUG] - evaluate_round 62: strategy sampled 1 clients (out of 50)
[2024-06-01 15:16:45,731][flwr][DEBUG] - evaluate_round 62 received 1 results and 0 failures
[2024-06-01 15:16:45,732][flwr][DEBUG] - fit_round 63: strategy sampled 10 clients (out of 50)
[2024-06-01 15:16:47,406][flwr][DEBUG] - fit_round 63 received 10 results and 0 failures
[2024-06-01 15:16:50,122][flwr][INFO] - fit progress: (63, 17.65623964124825, {'accuracy': 0.9511}, 302.7998312669806)
[2024-06-01 15:16:50,122][flwr][DEBUG] - evaluate_round 63: strategy sampled 1 clients (out of 50)
[2024-06-01 15:16:50,410][flwr][DEBUG] - evaluate_round 63 received 1 results and 0 failures
[2024-06-01 15:16:50,410][flwr][DEBUG] - fit_round 64: strategy sampled 10 clients (out of 50)
[2024-06-01 15:16:52,073][flwr][DEBUG] - fit_round 64 received 10 results and 0 failures
[2024-06-01 15:16:54,790][flwr][INFO] - fit progress: (64, 11.809701862046495, {'accuracy': 0.9596}, 307.46821017283946)
[2024-06-01 15:16:54,790][flwr][DEBUG] - evaluate_round 64: strategy sampled 1 clients (out of 50)
[2024-06-01 15:16:55,074][flwr][DEBUG] - evaluate_round 64 received 1 results and 0 failures
[2024-06-01 15:16:55,074][flwr][DEBUG] - fit_round 65: strategy sampled 10 clients (out of 50)
[2024-06-01 15:16:56,797][flwr][DEBUG] - fit_round 65 received 10 results and 0 failures
[2024-06-01 15:16:59,537][flwr][INFO] - fit progress: (65, 14.217392445076257, {'accuracy': 0.9529}, 312.2154513192363)
[2024-06-01 15:16:59,538][flwr][DEBUG] - evaluate_round 65: strategy sampled 1 clients (out of 50)
[2024-06-01 15:16:59,819][flwr][DEBUG] - evaluate_round 65 received 1 results and 0 failures
[2024-06-01 15:16:59,819][flwr][DEBUG] - fit_round 66: strategy sampled 10 clients (out of 50)
[2024-06-01 15:17:01,537][flwr][DEBUG] - fit_round 66 received 10 results and 0 failures
[2024-06-01 15:17:04,269][flwr][INFO] - fit progress: (66, 17.60150520550087, {'accuracy': 0.9514}, 316.94720050226897)
[2024-06-01 15:17:04,269][flwr][DEBUG] - evaluate_round 66: strategy sampled 1 clients (out of 50)
[2024-06-01 15:17:04,554][flwr][DEBUG] - evaluate_round 66 received 1 results and 0 failures
[2024-06-01 15:17:04,554][flwr][DEBUG] - fit_round 67: strategy sampled 10 clients (out of 50)
[2024-06-01 15:17:06,213][flwr][DEBUG] - fit_round 67 received 10 results and 0 failures
[2024-06-01 15:17:08,961][flwr][INFO] - fit progress: (67, 12.05325609492138, {'accuracy': 0.9631}, 321.63891500094905)
[2024-06-01 15:17:08,961][flwr][DEBUG] - evaluate_round 67: strategy sampled 1 clients (out of 50)
[2024-06-01 15:17:09,241][flwr][DEBUG] - evaluate_round 67 received 1 results and 0 failures
[2024-06-01 15:17:09,241][flwr][DEBUG] - fit_round 68: strategy sampled 10 clients (out of 50)
[2024-06-01 15:17:10,885][flwr][DEBUG] - fit_round 68 received 10 results and 0 failures
[2024-06-01 15:17:13,639][flwr][INFO] - fit progress: (68, 13.294542879099026, {'accuracy': 0.96}, 326.31658341595903)
[2024-06-01 15:17:13,639][flwr][DEBUG] - evaluate_round 68: strategy sampled 1 clients (out of 50)
[2024-06-01 15:17:13,908][flwr][DEBUG] - evaluate_round 68 received 1 results and 0 failures
[2024-06-01 15:17:13,909][flwr][DEBUG] - fit_round 69: strategy sampled 10 clients (out of 50)
[2024-06-01 15:17:15,581][flwr][DEBUG] - fit_round 69 received 10 results and 0 failures
[2024-06-01 15:17:18,322][flwr][INFO] - fit progress: (69, 20.870876983273774, {'accuracy': 0.9435}, 330.9997118888423)
[2024-06-01 15:17:18,322][flwr][DEBUG] - evaluate_round 69: strategy sampled 1 clients (out of 50)
[2024-06-01 15:17:18,618][flwr][DEBUG] - evaluate_round 69 received 1 results and 0 failures
[2024-06-01 15:17:18,618][flwr][DEBUG] - fit_round 70: strategy sampled 10 clients (out of 50)
[2024-06-01 15:17:20,275][flwr][DEBUG] - fit_round 70 received 10 results and 0 failures
[2024-06-01 15:17:23,019][flwr][INFO] - fit progress: (70, 12.729786186362617, {'accuracy': 0.9641}, 335.69713024189696)
[2024-06-01 15:17:23,019][flwr][DEBUG] - evaluate_round 70: strategy sampled 1 clients (out of 50)
[2024-06-01 15:17:23,350][flwr][DEBUG] - evaluate_round 70 received 1 results and 0 failures
[2024-06-01 15:17:23,350][flwr][DEBUG] - fit_round 71: strategy sampled 10 clients (out of 50)
[2024-06-01 15:17:25,030][flwr][DEBUG] - fit_round 71 received 10 results and 0 failures
[2024-06-01 15:17:27,748][flwr][INFO] - fit progress: (71, 13.752295389771461, {'accuracy': 0.9606}, 340.42603955604136)
[2024-06-01 15:17:27,748][flwr][DEBUG] - evaluate_round 71: strategy sampled 1 clients (out of 50)
[2024-06-01 15:17:28,035][flwr][DEBUG] - evaluate_round 71 received 1 results and 0 failures
[2024-06-01 15:17:28,035][flwr][DEBUG] - fit_round 72: strategy sampled 10 clients (out of 50)
[2024-06-01 15:17:29,698][flwr][DEBUG] - fit_round 72 received 10 results and 0 failures
[2024-06-01 15:17:32,386][flwr][INFO] - fit progress: (72, 10.319446733978111, {'accuracy': 0.9687}, 345.06366327404976)
[2024-06-01 15:17:32,386][flwr][DEBUG] - evaluate_round 72: strategy sampled 1 clients (out of 50)
[2024-06-01 15:17:32,661][flwr][DEBUG] - evaluate_round 72 received 1 results and 0 failures
[2024-06-01 15:17:32,662][flwr][DEBUG] - fit_round 73: strategy sampled 10 clients (out of 50)
[2024-06-01 15:17:34,416][flwr][DEBUG] - fit_round 73 received 10 results and 0 failures
[2024-06-01 15:17:37,137][flwr][INFO] - fit progress: (73, 15.277236547321081, {'accuracy': 0.9575}, 349.8146585370414)
[2024-06-01 15:17:37,137][flwr][DEBUG] - evaluate_round 73: strategy sampled 1 clients (out of 50)
[2024-06-01 15:17:37,418][flwr][DEBUG] - evaluate_round 73 received 1 results and 0 failures
[2024-06-01 15:17:37,418][flwr][DEBUG] - fit_round 74: strategy sampled 10 clients (out of 50)
[2024-06-01 15:17:39,075][flwr][DEBUG] - fit_round 74 received 10 results and 0 failures
[2024-06-01 15:17:41,805][flwr][INFO] - fit progress: (74, 12.959332268685102, {'accuracy': 0.9577}, 354.48301590885967)
[2024-06-01 15:17:41,805][flwr][DEBUG] - evaluate_round 74: strategy sampled 1 clients (out of 50)
[2024-06-01 15:17:42,096][flwr][DEBUG] - evaluate_round 74 received 1 results and 0 failures
[2024-06-01 15:17:42,096][flwr][DEBUG] - fit_round 75: strategy sampled 10 clients (out of 50)
[2024-06-01 15:17:43,904][flwr][DEBUG] - fit_round 75 received 10 results and 0 failures
[2024-06-01 15:17:46,633][flwr][INFO] - fit progress: (75, 21.39419465046376, {'accuracy': 0.9393}, 359.3111077719368)
[2024-06-01 15:17:46,633][flwr][DEBUG] - evaluate_round 75: strategy sampled 1 clients (out of 50)
[2024-06-01 15:17:46,924][flwr][DEBUG] - evaluate_round 75 received 1 results and 0 failures
[2024-06-01 15:17:46,924][flwr][DEBUG] - fit_round 76: strategy sampled 10 clients (out of 50)
[2024-06-01 15:17:48,615][flwr][DEBUG] - fit_round 76 received 10 results and 0 failures
[2024-06-01 15:17:51,327][flwr][INFO] - fit progress: (76, 17.68448255956173, {'accuracy': 0.942}, 364.0047565950081)
[2024-06-01 15:17:51,327][flwr][DEBUG] - evaluate_round 76: strategy sampled 1 clients (out of 50)
[2024-06-01 15:17:51,608][flwr][DEBUG] - evaluate_round 76 received 1 results and 0 failures
[2024-06-01 15:17:51,608][flwr][DEBUG] - fit_round 77: strategy sampled 10 clients (out of 50)
[2024-06-01 15:17:53,314][flwr][DEBUG] - fit_round 77 received 10 results and 0 failures
[2024-06-01 15:17:56,067][flwr][INFO] - fit progress: (77, 11.377233731560409, {'accuracy': 0.9634}, 368.7449963251129)
[2024-06-01 15:17:56,067][flwr][DEBUG] - evaluate_round 77: strategy sampled 1 clients (out of 50)
[2024-06-01 15:17:56,355][flwr][DEBUG] - evaluate_round 77 received 1 results and 0 failures
[2024-06-01 15:17:56,356][flwr][DEBUG] - fit_round 78: strategy sampled 10 clients (out of 50)
[2024-06-01 15:17:58,002][flwr][DEBUG] - fit_round 78 received 10 results and 0 failures
[2024-06-01 15:18:00,730][flwr][INFO] - fit progress: (78, 12.516197304590605, {'accuracy': 0.9618}, 373.4084711759351)
[2024-06-01 15:18:00,731][flwr][DEBUG] - evaluate_round 78: strategy sampled 1 clients (out of 50)
[2024-06-01 15:18:01,024][flwr][DEBUG] - evaluate_round 78 received 1 results and 0 failures
[2024-06-01 15:18:01,024][flwr][DEBUG] - fit_round 79: strategy sampled 10 clients (out of 50)
[2024-06-01 15:18:02,696][flwr][DEBUG] - fit_round 79 received 10 results and 0 failures
[2024-06-01 15:18:05,458][flwr][INFO] - fit progress: (79, 11.146141042001545, {'accuracy': 0.9632}, 378.13592314813286)
[2024-06-01 15:18:05,458][flwr][DEBUG] - evaluate_round 79: strategy sampled 1 clients (out of 50)
[2024-06-01 15:18:05,730][flwr][DEBUG] - evaluate_round 79 received 1 results and 0 failures
[2024-06-01 15:18:05,730][flwr][DEBUG] - fit_round 80: strategy sampled 10 clients (out of 50)
[2024-06-01 15:18:07,577][flwr][DEBUG] - fit_round 80 received 10 results and 0 failures
[2024-06-01 15:18:10,338][flwr][INFO] - fit progress: (80, 18.380221165716648, {'accuracy': 0.9348}, 383.01569081284106)
[2024-06-01 15:18:10,338][flwr][DEBUG] - evaluate_round 80: strategy sampled 1 clients (out of 50)
[2024-06-01 15:18:10,628][flwr][DEBUG] - evaluate_round 80 received 1 results and 0 failures
[2024-06-01 15:18:10,628][flwr][DEBUG] - fit_round 81: strategy sampled 10 clients (out of 50)
[2024-06-01 15:18:12,338][flwr][DEBUG] - fit_round 81 received 10 results and 0 failures
[2024-06-01 15:18:15,099][flwr][INFO] - fit progress: (81, 11.250204945914447, {'accuracy': 0.9623}, 387.77692735986784)
[2024-06-01 15:18:15,099][flwr][DEBUG] - evaluate_round 81: strategy sampled 1 clients (out of 50)
[2024-06-01 15:18:15,384][flwr][DEBUG] - evaluate_round 81 received 1 results and 0 failures
[2024-06-01 15:18:15,384][flwr][DEBUG] - fit_round 82: strategy sampled 10 clients (out of 50)
[2024-06-01 15:18:17,161][flwr][DEBUG] - fit_round 82 received 10 results and 0 failures
[2024-06-01 15:18:19,897][flwr][INFO] - fit progress: (82, 12.53032098384574, {'accuracy': 0.9591}, 392.5746867759153)
[2024-06-01 15:18:19,897][flwr][DEBUG] - evaluate_round 82: strategy sampled 1 clients (out of 50)
[2024-06-01 15:18:20,188][flwr][DEBUG] - evaluate_round 82 received 1 results and 0 failures
[2024-06-01 15:18:20,189][flwr][DEBUG] - fit_round 83: strategy sampled 10 clients (out of 50)
[2024-06-01 15:18:21,843][flwr][DEBUG] - fit_round 83 received 10 results and 0 failures
[2024-06-01 15:18:24,589][flwr][INFO] - fit progress: (83, 14.223170389421284, {'accuracy': 0.948}, 397.2674161302857)
[2024-06-01 15:18:24,590][flwr][DEBUG] - evaluate_round 83: strategy sampled 1 clients (out of 50)
[2024-06-01 15:18:24,879][flwr][DEBUG] - evaluate_round 83 received 1 results and 0 failures
[2024-06-01 15:18:24,880][flwr][DEBUG] - fit_round 84: strategy sampled 10 clients (out of 50)
[2024-06-01 15:18:26,700][flwr][DEBUG] - fit_round 84 received 10 results and 0 failures
[2024-06-01 15:18:29,453][flwr][INFO] - fit progress: (84, 17.15756832342595, {'accuracy': 0.9507}, 402.1310141622089)
[2024-06-01 15:18:29,453][flwr][DEBUG] - evaluate_round 84: strategy sampled 1 clients (out of 50)
[2024-06-01 15:18:29,736][flwr][DEBUG] - evaluate_round 84 received 1 results and 0 failures
[2024-06-01 15:18:29,737][flwr][DEBUG] - fit_round 85: strategy sampled 10 clients (out of 50)
[2024-06-01 15:18:31,497][flwr][DEBUG] - fit_round 85 received 10 results and 0 failures
[2024-06-01 15:18:34,232][flwr][INFO] - fit progress: (85, 11.706488197902218, {'accuracy': 0.9635}, 406.91029907623306)
[2024-06-01 15:18:34,232][flwr][DEBUG] - evaluate_round 85: strategy sampled 1 clients (out of 50)
[2024-06-01 15:18:34,513][flwr][DEBUG] - evaluate_round 85 received 1 results and 0 failures
[2024-06-01 15:18:34,513][flwr][DEBUG] - fit_round 86: strategy sampled 10 clients (out of 50)
[2024-06-01 15:18:36,162][flwr][DEBUG] - fit_round 86 received 10 results and 0 failures
[2024-06-01 15:18:38,907][flwr][INFO] - fit progress: (86, 15.08690267521888, {'accuracy': 0.9523}, 411.58509823307395)
[2024-06-01 15:18:38,907][flwr][DEBUG] - evaluate_round 86: strategy sampled 1 clients (out of 50)
[2024-06-01 15:18:39,186][flwr][DEBUG] - evaluate_round 86 received 1 results and 0 failures
[2024-06-01 15:18:39,186][flwr][DEBUG] - fit_round 87: strategy sampled 10 clients (out of 50)
[2024-06-01 15:18:40,884][flwr][DEBUG] - fit_round 87 received 10 results and 0 failures
[2024-06-01 15:18:43,622][flwr][INFO] - fit progress: (87, 27.858542893081903, {'accuracy': 0.912}, 416.2997384760529)
[2024-06-01 15:18:43,622][flwr][DEBUG] - evaluate_round 87: strategy sampled 1 clients (out of 50)
[2024-06-01 15:18:43,893][flwr][DEBUG] - evaluate_round 87 received 1 results and 0 failures
[2024-06-01 15:18:43,893][flwr][DEBUG] - fit_round 88: strategy sampled 10 clients (out of 50)
[2024-06-01 15:18:45,584][flwr][DEBUG] - fit_round 88 received 10 results and 0 failures
[2024-06-01 15:18:48,322][flwr][INFO] - fit progress: (88, 11.691696850699373, {'accuracy': 0.9665}, 421.0001525208354)
[2024-06-01 15:18:48,322][flwr][DEBUG] - evaluate_round 88: strategy sampled 1 clients (out of 50)
[2024-06-01 15:18:48,614][flwr][DEBUG] - evaluate_round 88 received 1 results and 0 failures
[2024-06-01 15:18:48,614][flwr][DEBUG] - fit_round 89: strategy sampled 10 clients (out of 50)
[2024-06-01 15:18:50,482][flwr][DEBUG] - fit_round 89 received 10 results and 0 failures
[2024-06-01 15:18:53,225][flwr][INFO] - fit progress: (89, 18.952936040237546, {'accuracy': 0.9417}, 425.90259427018464)
[2024-06-01 15:18:53,225][flwr][DEBUG] - evaluate_round 89: strategy sampled 1 clients (out of 50)
[2024-06-01 15:18:53,504][flwr][DEBUG] - evaluate_round 89 received 1 results and 0 failures
[2024-06-01 15:18:53,504][flwr][DEBUG] - fit_round 90: strategy sampled 10 clients (out of 50)
[2024-06-01 15:18:55,262][flwr][DEBUG] - fit_round 90 received 10 results and 0 failures
[2024-06-01 15:18:57,989][flwr][INFO] - fit progress: (90, 12.480403143912554, {'accuracy': 0.9605}, 430.6670931731351)
[2024-06-01 15:18:57,989][flwr][DEBUG] - evaluate_round 90: strategy sampled 1 clients (out of 50)
[2024-06-01 15:18:58,271][flwr][DEBUG] - evaluate_round 90 received 1 results and 0 failures
[2024-06-01 15:18:58,271][flwr][DEBUG] - fit_round 91: strategy sampled 10 clients (out of 50)
[2024-06-01 15:18:59,910][flwr][DEBUG] - fit_round 91 received 10 results and 0 failures
[2024-06-01 15:19:02,673][flwr][INFO] - fit progress: (91, 17.47567417100072, {'accuracy': 0.9481}, 435.3513702210039)
[2024-06-01 15:19:02,673][flwr][DEBUG] - evaluate_round 91: strategy sampled 1 clients (out of 50)
[2024-06-01 15:19:02,962][flwr][DEBUG] - evaluate_round 91 received 1 results and 0 failures
[2024-06-01 15:19:02,963][flwr][DEBUG] - fit_round 92: strategy sampled 10 clients (out of 50)
[2024-06-01 15:19:04,614][flwr][DEBUG] - fit_round 92 received 10 results and 0 failures
[2024-06-01 15:19:07,309][flwr][INFO] - fit progress: (92, 11.91183682938572, {'accuracy': 0.9653}, 439.9874137621373)
[2024-06-01 15:19:07,310][flwr][DEBUG] - evaluate_round 92: strategy sampled 1 clients (out of 50)
[2024-06-01 15:19:07,635][flwr][DEBUG] - evaluate_round 92 received 1 results and 0 failures
[2024-06-01 15:19:07,635][flwr][DEBUG] - fit_round 93: strategy sampled 10 clients (out of 50)
[2024-06-01 15:19:09,380][flwr][DEBUG] - fit_round 93 received 10 results and 0 failures
[2024-06-01 15:19:12,098][flwr][INFO] - fit progress: (93, 11.285054239677265, {'accuracy': 0.9634}, 444.7757853078656)
[2024-06-01 15:19:12,098][flwr][DEBUG] - evaluate_round 93: strategy sampled 1 clients (out of 50)
[2024-06-01 15:19:12,360][flwr][DEBUG] - evaluate_round 93 received 1 results and 0 failures
[2024-06-01 15:19:12,360][flwr][DEBUG] - fit_round 94: strategy sampled 10 clients (out of 50)
[2024-06-01 15:19:14,092][flwr][DEBUG] - fit_round 94 received 10 results and 0 failures
[2024-06-01 15:19:16,824][flwr][INFO] - fit progress: (94, 28.765370316803455, {'accuracy': 0.8824}, 449.502397343982)
[2024-06-01 15:19:16,825][flwr][DEBUG] - evaluate_round 94: strategy sampled 1 clients (out of 50)
[2024-06-01 15:19:17,117][flwr][DEBUG] - evaluate_round 94 received 1 results and 0 failures
[2024-06-01 15:19:17,117][flwr][DEBUG] - fit_round 95: strategy sampled 10 clients (out of 50)
[2024-06-01 15:19:18,819][flwr][DEBUG] - fit_round 95 received 10 results and 0 failures
[2024-06-01 15:19:21,565][flwr][INFO] - fit progress: (95, 11.473486580885947, {'accuracy': 0.9658}, 454.24277635803446)
[2024-06-01 15:19:21,565][flwr][DEBUG] - evaluate_round 95: strategy sampled 1 clients (out of 50)
[2024-06-01 15:19:21,844][flwr][DEBUG] - evaluate_round 95 received 1 results and 0 failures
[2024-06-01 15:19:21,844][flwr][DEBUG] - fit_round 96: strategy sampled 10 clients (out of 50)
[2024-06-01 15:19:23,554][flwr][DEBUG] - fit_round 96 received 10 results and 0 failures
[2024-06-01 15:19:26,269][flwr][INFO] - fit progress: (96, 14.059462573379278, {'accuracy': 0.9596}, 458.9472005851567)
[2024-06-01 15:19:26,269][flwr][DEBUG] - evaluate_round 96: strategy sampled 1 clients (out of 50)
[2024-06-01 15:19:26,559][flwr][DEBUG] - evaluate_round 96 received 1 results and 0 failures
[2024-06-01 15:19:26,559][flwr][DEBUG] - fit_round 97: strategy sampled 10 clients (out of 50)
[2024-06-01 15:19:28,284][flwr][DEBUG] - fit_round 97 received 10 results and 0 failures
[2024-06-01 15:19:31,010][flwr][INFO] - fit progress: (97, 11.657281145453453, {'accuracy': 0.9622}, 463.688378314022)
[2024-06-01 15:19:31,010][flwr][DEBUG] - evaluate_round 97: strategy sampled 1 clients (out of 50)
[2024-06-01 15:19:31,330][flwr][DEBUG] - evaluate_round 97 received 1 results and 0 failures
[2024-06-01 15:19:31,330][flwr][DEBUG] - fit_round 98: strategy sampled 10 clients (out of 50)
[2024-06-01 15:19:33,124][flwr][DEBUG] - fit_round 98 received 10 results and 0 failures
[2024-06-01 15:19:35,850][flwr][INFO] - fit progress: (98, 21.160852879285812, {'accuracy': 0.9435}, 468.5275532170199)
[2024-06-01 15:19:35,850][flwr][DEBUG] - evaluate_round 98: strategy sampled 1 clients (out of 50)
[2024-06-01 15:19:36,130][flwr][DEBUG] - evaluate_round 98 received 1 results and 0 failures
[2024-06-01 15:19:36,130][flwr][DEBUG] - fit_round 99: strategy sampled 10 clients (out of 50)
[2024-06-01 15:19:38,005][flwr][DEBUG] - fit_round 99 received 10 results and 0 failures
[2024-06-01 15:19:40,746][flwr][INFO] - fit progress: (99, 20.622607458382845, {'accuracy': 0.9334}, 473.4243959081359)
[2024-06-01 15:19:40,747][flwr][DEBUG] - evaluate_round 99: strategy sampled 1 clients (out of 50)
[2024-06-01 15:19:41,036][flwr][DEBUG] - evaluate_round 99 received 1 results and 0 failures
[2024-06-01 15:19:41,037][flwr][DEBUG] - fit_round 100: strategy sampled 10 clients (out of 50)
[2024-06-01 15:19:42,752][flwr][DEBUG] - fit_round 100 received 10 results and 0 failures
[2024-06-01 15:19:45,469][flwr][INFO] - fit progress: (100, 17.196154890581965, {'accuracy': 0.9551}, 478.1469250670634)
[2024-06-01 15:19:45,469][flwr][DEBUG] - evaluate_round 100: strategy sampled 1 clients (out of 50)
[2024-06-01 15:19:45,746][flwr][DEBUG] - evaluate_round 100 received 1 results and 0 failures
[2024-06-01 15:19:45,746][flwr][INFO] - FL finished in 478.42428520927206
[2024-06-01 15:19:45,768][flwr][INFO] - app_fit: losses_distributed [(1, 1.9208858609199524), (2, 3.6556253731250763), (3, 1.3469943702220917), (4, 5.460801661014557), (5, 2.1723582595586777), (6, 3.36384317278862), (7, 2.377815842628479), (8, 5.904752790927887), (9, 1.117482341825962), (10, 2.1048324704170227), (11, 1.4054200425744057), (12, 2.737840935587883), (13, 0.7359883170574903), (14, 1.4322831146419048), (15, 0.6534027606248856), (16, 0.7377227172255516), (17, 1.5757575556635857), (18, 1.215624488890171), (19, 1.2896272093057632), (20, 0.681557297706604), (21, 2.564958520233631), (22, 3.163360118865967), (23, 1.4483513608574867), (24, 1.0601472947746515), (25, 2.0780159384012222), (26, 1.0888993218541145), (27, 2.3025584369897842), (28, 1.7126689553260803), (29, 1.5147894769906998), (30, 1.04644026607275), (31, 0.5748067274689674), (32, 0.7294266168028116), (33, 0.3554251529276371), (34, 0.8047951608896255), (35, 0.4780053198337555), (36, 1.36968095600605), (37, 0.9537843689322472), (38, 0.7912931628525257), (39, 0.4581979066133499), (40, 1.010452315211296), (41, 0.6817909386008978), (42, 0.7688072621822357), (43, 1.1880576275289059), (44, 1.3947800993919373), (45, 2.054776281118393), (46, 0.1642049066722393), (47, 1.0805456042289734), (48, 0.5197679363191128), (49, 0.4321118462830782), (50, 0.39804891869425774), (51, 1.0564184933900833), (52, 1.12702264636755), (53, 0.23002501763403416), (54, 0.3301386311650276), (55, 3.785157173871994), (56, 1.247851312160492), (57, 0.4978231294080615), (58, 1.0323560871183872), (59, 1.237058848142624), (60, 0.8452226594090462), (61, 0.6453496082685888), (62, 0.5498017333447933), (63, 0.4005422566551715), (64, 1.8126675635576248), (65, 0.967750845476985), (66, 0.6479252811986953), (67, 0.04458708129823208), (68, 2.3131914287805557), (69, 0.773871187120676), (70, 0.7981161721982062), (71, 1.7559328377246857), (72, 0.9094255901873112), (73, 0.6929316595196724), (74, 1.0124767273664474), (75, 3.468056857585907), (76, 0.4138631075620651), (77, 0.0851423628628254), (78, 0.8470311835408211), (79, 0.41444717021659017), (80, 0.7283995766192675), (81, 0.13663961365818977), (82, 0.10601812973618507), (83, 1.7281174380332232), (84, 0.8395243510603905), (85, 1.8501398786902428), (86, 0.4598171168472618), (87, 1.202128142118454), (88, 0.8221846166998148), (89, 1.2339004576206207), (90, 0.7124992366880178), (91, 2.1634668484330177), (92, 0.9628357067704201), (93, 0.5590285621583462), (94, 1.4403969496488571), (95, 0.40864703617990017), (96, 0.741925360634923), (97, 0.5984730124473572), (98, 1.6721627712249756), (99, 3.713432878255844), (100, 0.42975110560655594)]
[2024-06-01 15:19:45,769][flwr][INFO] - app_fit: metrics_distributed_fit {}
[2024-06-01 15:19:45,769][flwr][INFO] - app_fit: metrics_distributed {}
[2024-06-01 15:19:45,769][flwr][INFO] - app_fit: losses_centralized [(0, 180.49446439743042), (1, 81.57360655069351), (2, 41.469921246171), (3, 45.42217834293842), (4, 65.14804300665855), (5, 37.947247959673405), (6, 33.65223403275013), (7, 21.647429139353335), (8, 39.906866773962975), (9, 31.766332894563675), (10, 26.200764518231153), (11, 26.85426042228937), (12, 35.041250079870224), (13, 39.59809312224388), (14, 26.949361108243465), (15, 25.159404702484608), (16, 21.03083438053727), (17, 33.186209835112095), (18, 24.80482904985547), (19, 32.65391491353512), (20, 23.15699952095747), (21, 23.066421577706933), (22, 30.719633102416992), (23, 17.126704568974674), (24, 15.938309759832919), (25, 23.046398965641856), (26, 19.94801371358335), (27, 96.43257802724838), (28, 24.79240571334958), (29, 20.33682544901967), (30, 18.853660720866174), (31, 19.140598522499204), (32, 16.76933210110292), (33, 19.339835762046278), (34, 20.96657133102417), (35, 18.63561325520277), (36, 27.922282867133617), (37, 17.76737605035305), (38, 16.507339441683143), (39, 23.42041365802288), (40, 22.09119265899062), (41, 16.55951775610447), (42, 14.093965447042137), (43, 25.55176918860525), (44, 27.733738858252764), (45, 25.943588692694902), (46, 16.852539211511612), (47, 17.180071648210287), (48, 19.57724309153855), (49, 14.653676635585725), (50, 15.272245686501265), (51, 22.77936229109764), (52, 21.443990223109722), (53, 16.467614759341814), (54, 17.92582943290472), (55, 63.248834162950516), (56, 14.929307705489919), (57, 13.088591384119354), (58, 16.442099321633577), (59, 23.281763277947903), (60, 14.991448170505464), (61, 12.735486968886107), (62, 10.631338976789266), (63, 17.65623964124825), (64, 11.809701862046495), (65, 14.217392445076257), (66, 17.60150520550087), (67, 12.05325609492138), (68, 13.294542879099026), (69, 20.870876983273774), (70, 12.729786186362617), (71, 13.752295389771461), (72, 10.319446733978111), (73, 15.277236547321081), (74, 12.959332268685102), (75, 21.39419465046376), (76, 17.68448255956173), (77, 11.377233731560409), (78, 12.516197304590605), (79, 11.146141042001545), (80, 18.380221165716648), (81, 11.250204945914447), (82, 12.53032098384574), (83, 14.223170389421284), (84, 17.15756832342595), (85, 11.706488197902218), (86, 15.08690267521888), (87, 27.858542893081903), (88, 11.691696850699373), (89, 18.952936040237546), (90, 12.480403143912554), (91, 17.47567417100072), (92, 11.91183682938572), (93, 11.285054239677265), (94, 28.765370316803455), (95, 11.473486580885947), (96, 14.059462573379278), (97, 11.657281145453453), (98, 21.160852879285812), (99, 20.622607458382845), (100, 17.196154890581965)]
[2024-06-01 15:19:45,769][flwr][INFO] - app_fit: metrics_centralized {'accuracy': [(0, 0.0744), (1, 0.708), (2, 0.8212), (3, 0.7913), (4, 0.7155), (5, 0.8083), (6, 0.8556), (7, 0.9272), (8, 0.8488), (9, 0.8685), (10, 0.921), (11, 0.8999), (12, 0.834), (13, 0.8477), (14, 0.8847), (15, 0.9114), (16, 0.9383), (17, 0.8512), (18, 0.9175), (19, 0.8755), (20, 0.9274), (21, 0.9239), (22, 0.9254), (23, 0.9519), (24, 0.9507), (25, 0.9393), (26, 0.9343), (27, 0.8558), (28, 0.9317), (29, 0.9368), (30, 0.9507), (31, 0.9462), (32, 0.9463), (33, 0.9435), (34, 0.9421), (35, 0.9394), (36, 0.9094), (37, 0.9556), (38, 0.9568), (39, 0.923), (40, 0.9222), (41, 0.9497), (42, 0.96), (43, 0.927), (44, 0.934), (45, 0.9217), (46, 0.948), (47, 0.9446), (48, 0.9364), (49, 0.9511), (50, 0.9521), (51, 0.9334), (52, 0.91), (53, 0.9549), (54, 0.9409), (55, 0.8819), (56, 0.9583), (57, 0.9632), (58, 0.9515), (59, 0.8934), (60, 0.9594), (61, 0.9611), (62, 0.9672), (63, 0.9511), (64, 0.9596), (65, 0.9529), (66, 0.9514), (67, 0.9631), (68, 0.96), (69, 0.9435), (70, 0.9641), (71, 0.9606), (72, 0.9687), (73, 0.9575), (74, 0.9577), (75, 0.9393), (76, 0.942), (77, 0.9634), (78, 0.9618), (79, 0.9632), (80, 0.9348), (81, 0.9623), (82, 0.9591), (83, 0.948), (84, 0.9507), (85, 0.9635), (86, 0.9523), (87, 0.912), (88, 0.9665), (89, 0.9417), (90, 0.9605), (91, 0.9481), (92, 0.9653), (93, 0.9634), (94, 0.8824), (95, 0.9658), (96, 0.9596), (97, 0.9622), (98, 0.9435), (99, 0.9334), (100, 0.9551)]}
