[2024-05-29 19:58:04,673][flwr][INFO] - Starting Flower simulation, config: ServerConfig(num_rounds=100, round_timeout=None)
[2024-05-29 19:58:06,732][flwr][INFO] - Flower VCE: Ray initialized with resources: {'object_store_memory': 39928057036.0, 'CPU': 24.0, 'GPU': 2.0, 'node:172.17.34.3': 1.0, 'memory': 83165466420.0, 'accelerator_type:G': 1.0}
[2024-05-29 19:58:06,733][flwr][INFO] - Initializing global parameters
[2024-05-29 19:58:06,733][flwr][INFO] - Requesting initial parameters from one random client
[2024-05-29 19:58:07,978][flwr][INFO] - Received initial parameters from one random client
[2024-05-29 19:58:07,979][flwr][INFO] - Evaluating initial parameters
[2024-05-29 19:58:09,364][flwr][INFO] - initial parameters (loss, other metrics): 181.6553213596344, {'accuracy': 0.1291}
[2024-05-29 19:58:09,364][flwr][INFO] - FL starting
[2024-05-29 19:58:09,365][flwr][DEBUG] - fit_round 1: strategy sampled 10 clients (out of 50)
[2024-05-29 19:58:13,743][flwr][DEBUG] - fit_round 1 received 10 results and 0 failures
[2024-05-29 19:58:16,145][flwr][WARNING] - No fit_metrics_aggregation_fn provided
[2024-05-29 19:58:16,551][flwr][INFO] - fit progress: (1, 106.88744205236435, {'accuracy': 0.7896}, 7.186745623126626)
[2024-05-29 19:58:16,551][flwr][DEBUG] - evaluate_round 1: strategy sampled 1 clients (out of 50)
[2024-05-29 19:58:16,829][flwr][DEBUG] - evaluate_round 1 received 1 results and 0 failures
[2024-05-29 19:58:16,830][flwr][WARNING] - No evaluate_metrics_aggregation_fn provided
[2024-05-29 19:58:16,830][flwr][DEBUG] - fit_round 2: strategy sampled 10 clients (out of 50)
[2024-05-29 19:58:18,619][flwr][DEBUG] - fit_round 2 received 10 results and 0 failures
[2024-05-29 19:58:21,398][flwr][INFO] - fit progress: (2, 42.60980188846588, {'accuracy': 0.8197}, 12.033952535130084)
[2024-05-29 19:58:21,399][flwr][DEBUG] - evaluate_round 2: strategy sampled 1 clients (out of 50)
[2024-05-29 19:58:21,675][flwr][DEBUG] - evaluate_round 2 received 1 results and 0 failures
[2024-05-29 19:58:21,675][flwr][DEBUG] - fit_round 3: strategy sampled 10 clients (out of 50)
[2024-05-29 19:58:23,385][flwr][DEBUG] - fit_round 3 received 10 results and 0 failures
[2024-05-29 19:58:26,144][flwr][INFO] - fit progress: (3, 85.18974483013153, {'accuracy': 0.6093}, 16.779352682176977)
[2024-05-29 19:58:26,144][flwr][DEBUG] - evaluate_round 3: strategy sampled 1 clients (out of 50)
[2024-05-29 19:58:26,429][flwr][DEBUG] - evaluate_round 3 received 1 results and 0 failures
[2024-05-29 19:58:26,430][flwr][DEBUG] - fit_round 4: strategy sampled 10 clients (out of 50)
[2024-05-29 19:58:28,237][flwr][DEBUG] - fit_round 4 received 10 results and 0 failures
[2024-05-29 19:58:30,986][flwr][INFO] - fit progress: (4, 62.483929336071014, {'accuracy': 0.7473}, 21.62104773428291)
[2024-05-29 19:58:30,986][flwr][DEBUG] - evaluate_round 4: strategy sampled 1 clients (out of 50)
[2024-05-29 19:58:31,260][flwr][DEBUG] - evaluate_round 4 received 1 results and 0 failures
[2024-05-29 19:58:31,260][flwr][DEBUG] - fit_round 5: strategy sampled 10 clients (out of 50)
[2024-05-29 19:58:33,099][flwr][DEBUG] - fit_round 5 received 10 results and 0 failures
[2024-05-29 19:58:35,860][flwr][INFO] - fit progress: (5, 42.255920231342316, {'accuracy': 0.8711}, 26.495303236413747)
[2024-05-29 19:58:35,860][flwr][DEBUG] - evaluate_round 5: strategy sampled 1 clients (out of 50)
[2024-05-29 19:58:36,144][flwr][DEBUG] - evaluate_round 5 received 1 results and 0 failures
[2024-05-29 19:58:36,144][flwr][DEBUG] - fit_round 6: strategy sampled 10 clients (out of 50)
[2024-05-29 19:58:37,826][flwr][DEBUG] - fit_round 6 received 10 results and 0 failures
[2024-05-29 19:58:40,593][flwr][INFO] - fit progress: (6, 87.32110470533371, {'accuracy': 0.7577}, 31.228545625228435)
[2024-05-29 19:58:40,593][flwr][DEBUG] - evaluate_round 6: strategy sampled 1 clients (out of 50)
[2024-05-29 19:58:40,865][flwr][DEBUG] - evaluate_round 6 received 1 results and 0 failures
[2024-05-29 19:58:40,866][flwr][DEBUG] - fit_round 7: strategy sampled 10 clients (out of 50)
[2024-05-29 19:58:42,744][flwr][DEBUG] - fit_round 7 received 10 results and 0 failures
[2024-05-29 19:58:45,484][flwr][INFO] - fit progress: (7, 54.50654983520508, {'accuracy': 0.8625}, 36.11931799724698)
[2024-05-29 19:58:45,484][flwr][DEBUG] - evaluate_round 7: strategy sampled 1 clients (out of 50)
[2024-05-29 19:58:45,769][flwr][DEBUG] - evaluate_round 7 received 1 results and 0 failures
[2024-05-29 19:58:45,769][flwr][DEBUG] - fit_round 8: strategy sampled 10 clients (out of 50)
[2024-05-29 19:58:47,493][flwr][DEBUG] - fit_round 8 received 10 results and 0 failures
[2024-05-29 19:58:50,222][flwr][INFO] - fit progress: (8, 102.52561616897583, {'accuracy': 0.7544}, 40.85736393742263)
[2024-05-29 19:58:50,222][flwr][DEBUG] - evaluate_round 8: strategy sampled 1 clients (out of 50)
[2024-05-29 19:58:50,490][flwr][DEBUG] - evaluate_round 8 received 1 results and 0 failures
[2024-05-29 19:58:50,491][flwr][DEBUG] - fit_round 9: strategy sampled 10 clients (out of 50)
[2024-05-29 19:58:52,212][flwr][DEBUG] - fit_round 9 received 10 results and 0 failures
[2024-05-29 19:58:54,955][flwr][INFO] - fit progress: (9, 41.92118339240551, {'accuracy': 0.8985}, 45.59089863440022)
[2024-05-29 19:58:54,956][flwr][DEBUG] - evaluate_round 9: strategy sampled 1 clients (out of 50)
[2024-05-29 19:58:55,244][flwr][DEBUG] - evaluate_round 9 received 1 results and 0 failures
[2024-05-29 19:58:55,244][flwr][DEBUG] - fit_round 10: strategy sampled 10 clients (out of 50)
[2024-05-29 19:58:57,010][flwr][DEBUG] - fit_round 10 received 10 results and 0 failures
[2024-05-29 19:58:59,729][flwr][INFO] - fit progress: (10, 102.95569396018982, {'accuracy': 0.7921}, 50.3643577452749)
[2024-05-29 19:58:59,729][flwr][DEBUG] - evaluate_round 10: strategy sampled 1 clients (out of 50)
[2024-05-29 19:59:00,006][flwr][DEBUG] - evaluate_round 10 received 1 results and 0 failures
[2024-05-29 19:59:00,006][flwr][DEBUG] - fit_round 11: strategy sampled 10 clients (out of 50)
[2024-05-29 19:59:01,752][flwr][DEBUG] - fit_round 11 received 10 results and 0 failures
[2024-05-29 19:59:04,483][flwr][INFO] - fit progress: (11, 32.873640574514866, {'accuracy': 0.9115}, 55.11845802515745)
[2024-05-29 19:59:04,483][flwr][DEBUG] - evaluate_round 11: strategy sampled 1 clients (out of 50)
[2024-05-29 19:59:04,772][flwr][DEBUG] - evaluate_round 11 received 1 results and 0 failures
[2024-05-29 19:59:04,772][flwr][DEBUG] - fit_round 12: strategy sampled 10 clients (out of 50)
[2024-05-29 19:59:06,593][flwr][DEBUG] - fit_round 12 received 10 results and 0 failures
[2024-05-29 19:59:09,318][flwr][INFO] - fit progress: (12, 286.8889273405075, {'accuracy': 0.7014}, 59.95377614116296)
[2024-05-29 19:59:09,318][flwr][DEBUG] - evaluate_round 12: strategy sampled 1 clients (out of 50)
[2024-05-29 19:59:09,604][flwr][DEBUG] - evaluate_round 12 received 1 results and 0 failures
[2024-05-29 19:59:09,604][flwr][DEBUG] - fit_round 13: strategy sampled 10 clients (out of 50)
[2024-05-29 19:59:11,525][flwr][DEBUG] - fit_round 13 received 10 results and 0 failures
[2024-05-29 19:59:14,262][flwr][INFO] - fit progress: (13, 30.067195754498243, {'accuracy': 0.9161}, 64.89712209440768)
[2024-05-29 19:59:14,262][flwr][DEBUG] - evaluate_round 13: strategy sampled 1 clients (out of 50)
[2024-05-29 19:59:14,536][flwr][DEBUG] - evaluate_round 13 received 1 results and 0 failures
[2024-05-29 19:59:14,537][flwr][DEBUG] - fit_round 14: strategy sampled 10 clients (out of 50)
[2024-05-29 19:59:16,276][flwr][DEBUG] - fit_round 14 received 10 results and 0 failures
[2024-05-29 19:59:18,999][flwr][INFO] - fit progress: (14, 24.582983633503318, {'accuracy': 0.929}, 69.63459652010351)
[2024-05-29 19:59:18,999][flwr][DEBUG] - evaluate_round 14: strategy sampled 1 clients (out of 50)
[2024-05-29 19:59:19,288][flwr][DEBUG] - evaluate_round 14 received 1 results and 0 failures
[2024-05-29 19:59:19,288][flwr][DEBUG] - fit_round 15: strategy sampled 10 clients (out of 50)
[2024-05-29 19:59:20,993][flwr][DEBUG] - fit_round 15 received 10 results and 0 failures
[2024-05-29 19:59:23,709][flwr][INFO] - fit progress: (15, 67.17866390943527, {'accuracy': 0.7513}, 74.34457201929763)
[2024-05-29 19:59:23,709][flwr][DEBUG] - evaluate_round 15: strategy sampled 1 clients (out of 50)
[2024-05-29 19:59:23,993][flwr][DEBUG] - evaluate_round 15 received 1 results and 0 failures
[2024-05-29 19:59:23,994][flwr][DEBUG] - fit_round 16: strategy sampled 10 clients (out of 50)
[2024-05-29 19:59:25,738][flwr][DEBUG] - fit_round 16 received 10 results and 0 failures
[2024-05-29 19:59:28,478][flwr][INFO] - fit progress: (16, 21.260514734312892, {'accuracy': 0.9467}, 79.11351302312687)
[2024-05-29 19:59:28,478][flwr][DEBUG] - evaluate_round 16: strategy sampled 1 clients (out of 50)
[2024-05-29 19:59:28,767][flwr][DEBUG] - evaluate_round 16 received 1 results and 0 failures
[2024-05-29 19:59:28,767][flwr][DEBUG] - fit_round 17: strategy sampled 10 clients (out of 50)
[2024-05-29 19:59:30,528][flwr][DEBUG] - fit_round 17 received 10 results and 0 failures
[2024-05-29 19:59:33,219][flwr][INFO] - fit progress: (17, 20.149253129959106, {'accuracy': 0.9433}, 83.85402003023773)
[2024-05-29 19:59:33,219][flwr][DEBUG] - evaluate_round 17: strategy sampled 1 clients (out of 50)
[2024-05-29 19:59:33,508][flwr][DEBUG] - evaluate_round 17 received 1 results and 0 failures
[2024-05-29 19:59:33,508][flwr][DEBUG] - fit_round 18: strategy sampled 10 clients (out of 50)
[2024-05-29 19:59:35,298][flwr][DEBUG] - fit_round 18 received 10 results and 0 failures
[2024-05-29 19:59:38,009][flwr][INFO] - fit progress: (18, 23.480660466477275, {'accuracy': 0.9287}, 88.64442974235862)
[2024-05-29 19:59:38,009][flwr][DEBUG] - evaluate_round 18: strategy sampled 1 clients (out of 50)
[2024-05-29 19:59:38,291][flwr][DEBUG] - evaluate_round 18 received 1 results and 0 failures
[2024-05-29 19:59:38,291][flwr][DEBUG] - fit_round 19: strategy sampled 10 clients (out of 50)
[2024-05-29 19:59:39,965][flwr][DEBUG] - fit_round 19 received 10 results and 0 failures
[2024-05-29 19:59:42,677][flwr][INFO] - fit progress: (19, 20.427009657025337, {'accuracy': 0.9418}, 93.31291243806481)
[2024-05-29 19:59:42,678][flwr][DEBUG] - evaluate_round 19: strategy sampled 1 clients (out of 50)
[2024-05-29 19:59:42,961][flwr][DEBUG] - evaluate_round 19 received 1 results and 0 failures
[2024-05-29 19:59:42,962][flwr][DEBUG] - fit_round 20: strategy sampled 10 clients (out of 50)
[2024-05-29 19:59:44,666][flwr][DEBUG] - fit_round 20 received 10 results and 0 failures
[2024-05-29 19:59:47,302][flwr][INFO] - fit progress: (20, 21.283658887259662, {'accuracy': 0.9404}, 97.93788740318269)
[2024-05-29 19:59:47,303][flwr][DEBUG] - evaluate_round 20: strategy sampled 1 clients (out of 50)
[2024-05-29 19:59:47,587][flwr][DEBUG] - evaluate_round 20 received 1 results and 0 failures
[2024-05-29 19:59:47,587][flwr][DEBUG] - fit_round 21: strategy sampled 10 clients (out of 50)
[2024-05-29 19:59:49,334][flwr][DEBUG] - fit_round 21 received 10 results and 0 failures
[2024-05-29 19:59:51,980][flwr][INFO] - fit progress: (21, 45.770126808434725, {'accuracy': 0.8984}, 102.61505016032606)
[2024-05-29 19:59:51,980][flwr][DEBUG] - evaluate_round 21: strategy sampled 1 clients (out of 50)
[2024-05-29 19:59:52,268][flwr][DEBUG] - evaluate_round 21 received 1 results and 0 failures
[2024-05-29 19:59:52,269][flwr][DEBUG] - fit_round 22: strategy sampled 10 clients (out of 50)
[2024-05-29 19:59:54,002][flwr][DEBUG] - fit_round 22 received 10 results and 0 failures
[2024-05-29 19:59:56,678][flwr][INFO] - fit progress: (22, 15.821673142840154, {'accuracy': 0.9514}, 107.31365674640983)
[2024-05-29 19:59:56,678][flwr][DEBUG] - evaluate_round 22: strategy sampled 1 clients (out of 50)
[2024-05-29 19:59:56,962][flwr][DEBUG] - evaluate_round 22 received 1 results and 0 failures
[2024-05-29 19:59:56,962][flwr][DEBUG] - fit_round 23: strategy sampled 10 clients (out of 50)
[2024-05-29 19:59:58,746][flwr][DEBUG] - fit_round 23 received 10 results and 0 failures
[2024-05-29 20:00:01,366][flwr][INFO] - fit progress: (23, 16.237677222350612, {'accuracy': 0.9538}, 112.00172968115658)
[2024-05-29 20:00:01,366][flwr][DEBUG] - evaluate_round 23: strategy sampled 1 clients (out of 50)
[2024-05-29 20:00:01,658][flwr][DEBUG] - evaluate_round 23 received 1 results and 0 failures
[2024-05-29 20:00:01,658][flwr][DEBUG] - fit_round 24: strategy sampled 10 clients (out of 50)
[2024-05-29 20:00:03,338][flwr][DEBUG] - fit_round 24 received 10 results and 0 failures
[2024-05-29 20:00:05,948][flwr][INFO] - fit progress: (24, 14.852777678868733, {'accuracy': 0.9556}, 116.5831142780371)
[2024-05-29 20:00:05,948][flwr][DEBUG] - evaluate_round 24: strategy sampled 1 clients (out of 50)
[2024-05-29 20:00:06,226][flwr][DEBUG] - evaluate_round 24 received 1 results and 0 failures
[2024-05-29 20:00:06,226][flwr][DEBUG] - fit_round 25: strategy sampled 10 clients (out of 50)
[2024-05-29 20:00:07,961][flwr][DEBUG] - fit_round 25 received 10 results and 0 failures
[2024-05-29 20:00:10,533][flwr][INFO] - fit progress: (25, 16.88792374636978, {'accuracy': 0.9459}, 121.16849271627143)
[2024-05-29 20:00:10,533][flwr][DEBUG] - evaluate_round 25: strategy sampled 1 clients (out of 50)
[2024-05-29 20:00:10,821][flwr][DEBUG] - evaluate_round 25 received 1 results and 0 failures
[2024-05-29 20:00:10,822][flwr][DEBUG] - fit_round 26: strategy sampled 10 clients (out of 50)
[2024-05-29 20:00:12,520][flwr][DEBUG] - fit_round 26 received 10 results and 0 failures
[2024-05-29 20:00:15,091][flwr][INFO] - fit progress: (26, 14.718805319396779, {'accuracy': 0.9598}, 125.72674147319049)
[2024-05-29 20:00:15,091][flwr][DEBUG] - evaluate_round 26: strategy sampled 1 clients (out of 50)
[2024-05-29 20:00:15,380][flwr][DEBUG] - evaluate_round 26 received 1 results and 0 failures
[2024-05-29 20:00:15,380][flwr][DEBUG] - fit_round 27: strategy sampled 10 clients (out of 50)
[2024-05-29 20:00:17,032][flwr][DEBUG] - fit_round 27 received 10 results and 0 failures
[2024-05-29 20:00:19,463][flwr][INFO] - fit progress: (27, 13.8071681545116, {'accuracy': 0.9595}, 130.09826430026442)
[2024-05-29 20:00:19,463][flwr][DEBUG] - evaluate_round 27: strategy sampled 1 clients (out of 50)
[2024-05-29 20:00:19,744][flwr][DEBUG] - evaluate_round 27 received 1 results and 0 failures
[2024-05-29 20:00:19,744][flwr][DEBUG] - fit_round 28: strategy sampled 10 clients (out of 50)
[2024-05-29 20:00:21,380][flwr][DEBUG] - fit_round 28 received 10 results and 0 failures
[2024-05-29 20:00:23,865][flwr][INFO] - fit progress: (28, 12.971551559050567, {'accuracy': 0.9613}, 134.50063256314024)
[2024-05-29 20:00:23,865][flwr][DEBUG] - evaluate_round 28: strategy sampled 1 clients (out of 50)
[2024-05-29 20:00:24,158][flwr][DEBUG] - evaluate_round 28 received 1 results and 0 failures
[2024-05-29 20:00:24,158][flwr][DEBUG] - fit_round 29: strategy sampled 10 clients (out of 50)
[2024-05-29 20:00:25,924][flwr][DEBUG] - fit_round 29 received 10 results and 0 failures
[2024-05-29 20:00:28,419][flwr][INFO] - fit progress: (29, 14.655099779367447, {'accuracy': 0.9471}, 139.05433692829683)
[2024-05-29 20:00:28,419][flwr][DEBUG] - evaluate_round 29: strategy sampled 1 clients (out of 50)
[2024-05-29 20:00:28,711][flwr][DEBUG] - evaluate_round 29 received 1 results and 0 failures
[2024-05-29 20:00:28,711][flwr][DEBUG] - fit_round 30: strategy sampled 10 clients (out of 50)
[2024-05-29 20:00:30,520][flwr][DEBUG] - fit_round 30 received 10 results and 0 failures
[2024-05-29 20:00:32,981][flwr][INFO] - fit progress: (30, 15.030059224693105, {'accuracy': 0.9495}, 143.6165115633048)
[2024-05-29 20:00:32,981][flwr][DEBUG] - evaluate_round 30: strategy sampled 1 clients (out of 50)
[2024-05-29 20:00:33,254][flwr][DEBUG] - evaluate_round 30 received 1 results and 0 failures
[2024-05-29 20:00:33,254][flwr][DEBUG] - fit_round 31: strategy sampled 10 clients (out of 50)
[2024-05-29 20:00:35,028][flwr][DEBUG] - fit_round 31 received 10 results and 0 failures
[2024-05-29 20:00:37,578][flwr][INFO] - fit progress: (31, 13.62263845349662, {'accuracy': 0.9618}, 148.21334269829094)
[2024-05-29 20:00:37,578][flwr][DEBUG] - evaluate_round 31: strategy sampled 1 clients (out of 50)
[2024-05-29 20:00:37,853][flwr][DEBUG] - evaluate_round 31 received 1 results and 0 failures
[2024-05-29 20:00:37,853][flwr][DEBUG] - fit_round 32: strategy sampled 10 clients (out of 50)
[2024-05-29 20:00:39,646][flwr][DEBUG] - fit_round 32 received 10 results and 0 failures
[2024-05-29 20:00:42,081][flwr][INFO] - fit progress: (32, 16.26149320648983, {'accuracy': 0.9502}, 152.71641497127712)
[2024-05-29 20:00:42,081][flwr][DEBUG] - evaluate_round 32: strategy sampled 1 clients (out of 50)
[2024-05-29 20:00:42,367][flwr][DEBUG] - evaluate_round 32 received 1 results and 0 failures
[2024-05-29 20:00:42,368][flwr][DEBUG] - fit_round 33: strategy sampled 10 clients (out of 50)
[2024-05-29 20:00:44,106][flwr][DEBUG] - fit_round 33 received 10 results and 0 failures
[2024-05-29 20:00:46,495][flwr][INFO] - fit progress: (33, 13.780143243144266, {'accuracy': 0.9577}, 157.13002547621727)
[2024-05-29 20:00:46,495][flwr][DEBUG] - evaluate_round 33: strategy sampled 1 clients (out of 50)
[2024-05-29 20:00:46,781][flwr][DEBUG] - evaluate_round 33 received 1 results and 0 failures
[2024-05-29 20:00:46,781][flwr][DEBUG] - fit_round 34: strategy sampled 10 clients (out of 50)
[2024-05-29 20:00:48,509][flwr][DEBUG] - fit_round 34 received 10 results and 0 failures
[2024-05-29 20:00:50,862][flwr][INFO] - fit progress: (34, 13.320156125235371, {'accuracy': 0.9644}, 161.49711910216138)
[2024-05-29 20:00:50,862][flwr][DEBUG] - evaluate_round 34: strategy sampled 1 clients (out of 50)
[2024-05-29 20:00:51,130][flwr][DEBUG] - evaluate_round 34 received 1 results and 0 failures
[2024-05-29 20:00:51,131][flwr][DEBUG] - fit_round 35: strategy sampled 10 clients (out of 50)
[2024-05-29 20:00:52,938][flwr][DEBUG] - fit_round 35 received 10 results and 0 failures
[2024-05-29 20:00:55,367][flwr][INFO] - fit progress: (35, 16.13439984153956, {'accuracy': 0.9433}, 166.0023347772658)
[2024-05-29 20:00:55,367][flwr][DEBUG] - evaluate_round 35: strategy sampled 1 clients (out of 50)
[2024-05-29 20:00:55,646][flwr][DEBUG] - evaluate_round 35 received 1 results and 0 failures
[2024-05-29 20:00:55,646][flwr][DEBUG] - fit_round 36: strategy sampled 10 clients (out of 50)
[2024-05-29 20:00:57,434][flwr][DEBUG] - fit_round 36 received 10 results and 0 failures
[2024-05-29 20:00:59,925][flwr][INFO] - fit progress: (36, 12.751998802181333, {'accuracy': 0.9585}, 170.56028759805486)
[2024-05-29 20:00:59,925][flwr][DEBUG] - evaluate_round 36: strategy sampled 1 clients (out of 50)
[2024-05-29 20:01:00,211][flwr][DEBUG] - evaluate_round 36 received 1 results and 0 failures
[2024-05-29 20:01:00,211][flwr][DEBUG] - fit_round 37: strategy sampled 10 clients (out of 50)
[2024-05-29 20:01:02,100][flwr][DEBUG] - fit_round 37 received 10 results and 0 failures
[2024-05-29 20:01:04,474][flwr][INFO] - fit progress: (37, 12.68786876264494, {'accuracy': 0.9605}, 175.1089938650839)
[2024-05-29 20:01:04,474][flwr][DEBUG] - evaluate_round 37: strategy sampled 1 clients (out of 50)
[2024-05-29 20:01:04,764][flwr][DEBUG] - evaluate_round 37 received 1 results and 0 failures
[2024-05-29 20:01:04,764][flwr][DEBUG] - fit_round 38: strategy sampled 10 clients (out of 50)
[2024-05-29 20:01:06,644][flwr][DEBUG] - fit_round 38 received 10 results and 0 failures
[2024-05-29 20:01:08,990][flwr][INFO] - fit progress: (38, 11.664062350057065, {'accuracy': 0.9653}, 179.62520107999444)
[2024-05-29 20:01:08,990][flwr][DEBUG] - evaluate_round 38: strategy sampled 1 clients (out of 50)
[2024-05-29 20:01:09,262][flwr][DEBUG] - evaluate_round 38 received 1 results and 0 failures
[2024-05-29 20:01:09,262][flwr][DEBUG] - fit_round 39: strategy sampled 10 clients (out of 50)
[2024-05-29 20:01:11,115][flwr][DEBUG] - fit_round 39 received 10 results and 0 failures
[2024-05-29 20:01:13,592][flwr][INFO] - fit progress: (39, 32.60476617515087, {'accuracy': 0.8958}, 184.2279255189933)
[2024-05-29 20:01:13,593][flwr][DEBUG] - evaluate_round 39: strategy sampled 1 clients (out of 50)
[2024-05-29 20:01:13,880][flwr][DEBUG] - evaluate_round 39 received 1 results and 0 failures
[2024-05-29 20:01:13,880][flwr][DEBUG] - fit_round 40: strategy sampled 10 clients (out of 50)
[2024-05-29 20:01:15,695][flwr][DEBUG] - fit_round 40 received 10 results and 0 failures
[2024-05-29 20:01:18,108][flwr][INFO] - fit progress: (40, 12.253788841189817, {'accuracy': 0.9597}, 188.7438774909824)
[2024-05-29 20:01:18,109][flwr][DEBUG] - evaluate_round 40: strategy sampled 1 clients (out of 50)
[2024-05-29 20:01:18,392][flwr][DEBUG] - evaluate_round 40 received 1 results and 0 failures
[2024-05-29 20:01:18,393][flwr][DEBUG] - fit_round 41: strategy sampled 10 clients (out of 50)
[2024-05-29 20:01:20,084][flwr][DEBUG] - fit_round 41 received 10 results and 0 failures
[2024-05-29 20:01:22,309][flwr][INFO] - fit progress: (41, 11.368320181194576, {'accuracy': 0.9674}, 192.94401173619553)
[2024-05-29 20:01:22,309][flwr][DEBUG] - evaluate_round 41: strategy sampled 1 clients (out of 50)
[2024-05-29 20:01:22,595][flwr][DEBUG] - evaluate_round 41 received 1 results and 0 failures
[2024-05-29 20:01:22,596][flwr][DEBUG] - fit_round 42: strategy sampled 10 clients (out of 50)
[2024-05-29 20:01:24,337][flwr][DEBUG] - fit_round 42 received 10 results and 0 failures
[2024-05-29 20:01:26,541][flwr][INFO] - fit progress: (42, 20.773373275995255, {'accuracy': 0.9315}, 197.17639063019305)
[2024-05-29 20:01:26,541][flwr][DEBUG] - evaluate_round 42: strategy sampled 1 clients (out of 50)
[2024-05-29 20:01:26,845][flwr][DEBUG] - evaluate_round 42 received 1 results and 0 failures
[2024-05-29 20:01:26,846][flwr][DEBUG] - fit_round 43: strategy sampled 10 clients (out of 50)
[2024-05-29 20:01:28,586][flwr][DEBUG] - fit_round 43 received 10 results and 0 failures
[2024-05-29 20:01:30,957][flwr][INFO] - fit progress: (43, 11.423195619368926, {'accuracy': 0.9661}, 201.59292493434623)
[2024-05-29 20:01:30,958][flwr][DEBUG] - evaluate_round 43: strategy sampled 1 clients (out of 50)
[2024-05-29 20:01:31,256][flwr][DEBUG] - evaluate_round 43 received 1 results and 0 failures
[2024-05-29 20:01:31,256][flwr][DEBUG] - fit_round 44: strategy sampled 10 clients (out of 50)
[2024-05-29 20:01:33,006][flwr][DEBUG] - fit_round 44 received 10 results and 0 failures
[2024-05-29 20:01:35,366][flwr][INFO] - fit progress: (44, 622.7995202541351, {'accuracy': 0.7744}, 206.0011435081251)
[2024-05-29 20:01:35,366][flwr][DEBUG] - evaluate_round 44: strategy sampled 1 clients (out of 50)
[2024-05-29 20:01:35,647][flwr][DEBUG] - evaluate_round 44 received 1 results and 0 failures
[2024-05-29 20:01:35,647][flwr][DEBUG] - fit_round 45: strategy sampled 10 clients (out of 50)
[2024-05-29 20:01:37,455][flwr][DEBUG] - fit_round 45 received 10 results and 0 failures
[2024-05-29 20:01:39,994][flwr][INFO] - fit progress: (45, 16.409636809956282, {'accuracy': 0.9564}, 210.62966252025217)
[2024-05-29 20:01:39,994][flwr][DEBUG] - evaluate_round 45: strategy sampled 1 clients (out of 50)
[2024-05-29 20:01:40,284][flwr][DEBUG] - evaluate_round 45 received 1 results and 0 failures
[2024-05-29 20:01:40,284][flwr][DEBUG] - fit_round 46: strategy sampled 10 clients (out of 50)
[2024-05-29 20:01:42,075][flwr][DEBUG] - fit_round 46 received 10 results and 0 failures
[2024-05-29 20:01:44,302][flwr][INFO] - fit progress: (46, 14.8198769739829, {'accuracy': 0.9605}, 214.93712742533535)
[2024-05-29 20:01:44,302][flwr][DEBUG] - evaluate_round 46: strategy sampled 1 clients (out of 50)
[2024-05-29 20:01:44,586][flwr][DEBUG] - evaluate_round 46 received 1 results and 0 failures
[2024-05-29 20:01:44,590][flwr][DEBUG] - fit_round 47: strategy sampled 10 clients (out of 50)
[2024-05-29 20:01:46,418][flwr][DEBUG] - fit_round 47 received 10 results and 0 failures
[2024-05-29 20:01:48,596][flwr][INFO] - fit progress: (47, 12.160366716852877, {'accuracy': 0.9644}, 219.23135544219986)
[2024-05-29 20:01:48,596][flwr][DEBUG] - evaluate_round 47: strategy sampled 1 clients (out of 50)
[2024-05-29 20:01:48,889][flwr][DEBUG] - evaluate_round 47 received 1 results and 0 failures
[2024-05-29 20:01:48,889][flwr][DEBUG] - fit_round 48: strategy sampled 10 clients (out of 50)
[2024-05-29 20:01:50,665][flwr][DEBUG] - fit_round 48 received 10 results and 0 failures
[2024-05-29 20:01:52,890][flwr][INFO] - fit progress: (48, 12.748812373611145, {'accuracy': 0.9595}, 223.52508052717894)
[2024-05-29 20:01:52,890][flwr][DEBUG] - evaluate_round 48: strategy sampled 1 clients (out of 50)
[2024-05-29 20:01:53,174][flwr][DEBUG] - evaluate_round 48 received 1 results and 0 failures
[2024-05-29 20:01:53,175][flwr][DEBUG] - fit_round 49: strategy sampled 10 clients (out of 50)
[2024-05-29 20:01:54,998][flwr][DEBUG] - fit_round 49 received 10 results and 0 failures
[2024-05-29 20:01:57,238][flwr][INFO] - fit progress: (49, 12.130754734564107, {'accuracy': 0.965}, 227.87389848101884)
[2024-05-29 20:01:57,239][flwr][DEBUG] - evaluate_round 49: strategy sampled 1 clients (out of 50)
[2024-05-29 20:01:57,528][flwr][DEBUG] - evaluate_round 49 received 1 results and 0 failures
[2024-05-29 20:01:57,528][flwr][DEBUG] - fit_round 50: strategy sampled 10 clients (out of 50)
[2024-05-29 20:01:59,265][flwr][DEBUG] - fit_round 50 received 10 results and 0 failures
[2024-05-29 20:02:01,488][flwr][INFO] - fit progress: (50, 52.421389043331146, {'accuracy': 0.9091}, 232.12366032134742)
[2024-05-29 20:02:01,488][flwr][DEBUG] - evaluate_round 50: strategy sampled 1 clients (out of 50)
[2024-05-29 20:02:01,752][flwr][DEBUG] - evaluate_round 50 received 1 results and 0 failures
[2024-05-29 20:02:01,752][flwr][DEBUG] - fit_round 51: strategy sampled 10 clients (out of 50)
[2024-05-29 20:02:03,359][flwr][DEBUG] - fit_round 51 received 10 results and 0 failures
[2024-05-29 20:02:05,704][flwr][INFO] - fit progress: (51, 20.898783415555954, {'accuracy': 0.9261}, 236.3390409341082)
[2024-05-29 20:02:05,704][flwr][DEBUG] - evaluate_round 51: strategy sampled 1 clients (out of 50)
[2024-05-29 20:02:05,995][flwr][DEBUG] - evaluate_round 51 received 1 results and 0 failures
[2024-05-29 20:02:05,995][flwr][DEBUG] - fit_round 52: strategy sampled 10 clients (out of 50)
[2024-05-29 20:02:07,742][flwr][DEBUG] - fit_round 52 received 10 results and 0 failures
[2024-05-29 20:02:10,025][flwr][INFO] - fit progress: (52, 12.382375659435638, {'accuracy': 0.9656}, 240.66015713429078)
[2024-05-29 20:02:10,025][flwr][DEBUG] - evaluate_round 52: strategy sampled 1 clients (out of 50)
[2024-05-29 20:02:10,306][flwr][DEBUG] - evaluate_round 52 received 1 results and 0 failures
[2024-05-29 20:02:10,306][flwr][DEBUG] - fit_round 53: strategy sampled 10 clients (out of 50)
[2024-05-29 20:02:12,162][flwr][DEBUG] - fit_round 53 received 10 results and 0 failures
[2024-05-29 20:02:14,320][flwr][INFO] - fit progress: (53, 11.800571952640894, {'accuracy': 0.9668}, 244.95594518305734)
[2024-05-29 20:02:14,321][flwr][DEBUG] - evaluate_round 53: strategy sampled 1 clients (out of 50)
[2024-05-29 20:02:14,613][flwr][DEBUG] - evaluate_round 53 received 1 results and 0 failures
[2024-05-29 20:02:14,613][flwr][DEBUG] - fit_round 54: strategy sampled 10 clients (out of 50)
[2024-05-29 20:02:16,425][flwr][DEBUG] - fit_round 54 received 10 results and 0 failures
[2024-05-29 20:02:18,498][flwr][INFO] - fit progress: (54, 12.069447358691832, {'accuracy': 0.969}, 249.13389977114275)
[2024-05-29 20:02:18,499][flwr][DEBUG] - evaluate_round 54: strategy sampled 1 clients (out of 50)
[2024-05-29 20:02:18,785][flwr][DEBUG] - evaluate_round 54 received 1 results and 0 failures
[2024-05-29 20:02:18,785][flwr][DEBUG] - fit_round 55: strategy sampled 10 clients (out of 50)
[2024-05-29 20:02:20,556][flwr][DEBUG] - fit_round 55 received 10 results and 0 failures
[2024-05-29 20:02:22,792][flwr][INFO] - fit progress: (55, 185.42380237579346, {'accuracy': 0.7536}, 253.4278463711962)
[2024-05-29 20:02:22,792][flwr][DEBUG] - evaluate_round 55: strategy sampled 1 clients (out of 50)
[2024-05-29 20:02:23,085][flwr][DEBUG] - evaluate_round 55 received 1 results and 0 failures
[2024-05-29 20:02:23,085][flwr][DEBUG] - fit_round 56: strategy sampled 10 clients (out of 50)
[2024-05-29 20:02:24,896][flwr][DEBUG] - fit_round 56 received 10 results and 0 failures
[2024-05-29 20:02:27,210][flwr][INFO] - fit progress: (56, 11.661096337658819, {'accuracy': 0.969}, 257.8456551400013)
[2024-05-29 20:02:27,210][flwr][DEBUG] - evaluate_round 56: strategy sampled 1 clients (out of 50)
[2024-05-29 20:02:27,491][flwr][DEBUG] - evaluate_round 56 received 1 results and 0 failures
[2024-05-29 20:02:27,491][flwr][DEBUG] - fit_round 57: strategy sampled 10 clients (out of 50)
[2024-05-29 20:02:29,280][flwr][DEBUG] - fit_round 57 received 10 results and 0 failures
[2024-05-29 20:02:31,485][flwr][INFO] - fit progress: (57, 14.032337387325242, {'accuracy': 0.9573}, 262.12072265101597)
[2024-05-29 20:02:31,485][flwr][DEBUG] - evaluate_round 57: strategy sampled 1 clients (out of 50)
[2024-05-29 20:02:31,768][flwr][DEBUG] - evaluate_round 57 received 1 results and 0 failures
[2024-05-29 20:02:31,768][flwr][DEBUG] - fit_round 58: strategy sampled 10 clients (out of 50)
[2024-05-29 20:02:33,751][flwr][DEBUG] - fit_round 58 received 10 results and 0 failures
[2024-05-29 20:02:35,934][flwr][INFO] - fit progress: (58, 19.080591352656484, {'accuracy': 0.9496}, 266.56936212815344)
[2024-05-29 20:02:35,934][flwr][DEBUG] - evaluate_round 58: strategy sampled 1 clients (out of 50)
[2024-05-29 20:02:36,212][flwr][DEBUG] - evaluate_round 58 received 1 results and 0 failures
[2024-05-29 20:02:36,213][flwr][DEBUG] - fit_round 59: strategy sampled 10 clients (out of 50)
[2024-05-29 20:02:37,985][flwr][DEBUG] - fit_round 59 received 10 results and 0 failures
[2024-05-29 20:02:40,186][flwr][INFO] - fit progress: (59, 14.316205851791892, {'accuracy': 0.9655}, 270.8216720931232)
[2024-05-29 20:02:40,186][flwr][DEBUG] - evaluate_round 59: strategy sampled 1 clients (out of 50)
[2024-05-29 20:02:40,473][flwr][DEBUG] - evaluate_round 59 received 1 results and 0 failures
[2024-05-29 20:02:40,474][flwr][DEBUG] - fit_round 60: strategy sampled 10 clients (out of 50)
[2024-05-29 20:02:42,140][flwr][DEBUG] - fit_round 60 received 10 results and 0 failures
[2024-05-29 20:02:44,326][flwr][INFO] - fit progress: (60, 13.329191905795597, {'accuracy': 0.9661}, 274.96180387120694)
[2024-05-29 20:02:44,326][flwr][DEBUG] - evaluate_round 60: strategy sampled 1 clients (out of 50)
[2024-05-29 20:02:44,596][flwr][DEBUG] - evaluate_round 60 received 1 results and 0 failures
[2024-05-29 20:02:44,596][flwr][DEBUG] - fit_round 61: strategy sampled 10 clients (out of 50)
[2024-05-29 20:02:46,377][flwr][DEBUG] - fit_round 61 received 10 results and 0 failures
[2024-05-29 20:02:48,642][flwr][INFO] - fit progress: (61, 1053.7888522148132, {'accuracy': 0.6187}, 279.27753000799567)
[2024-05-29 20:02:48,642][flwr][DEBUG] - evaluate_round 61: strategy sampled 1 clients (out of 50)
[2024-05-29 20:02:48,903][flwr][DEBUG] - evaluate_round 61 received 1 results and 0 failures
[2024-05-29 20:02:48,904][flwr][DEBUG] - fit_round 62: strategy sampled 10 clients (out of 50)
[2024-05-29 20:02:50,616][flwr][DEBUG] - fit_round 62 received 10 results and 0 failures
[2024-05-29 20:02:53,165][flwr][INFO] - fit progress: (62, 20.734256097370235, {'accuracy': 0.9588}, 283.80097554717213)
[2024-05-29 20:02:53,166][flwr][DEBUG] - evaluate_round 62: strategy sampled 1 clients (out of 50)
[2024-05-29 20:02:53,451][flwr][DEBUG] - evaluate_round 62 received 1 results and 0 failures
[2024-05-29 20:02:53,451][flwr][DEBUG] - fit_round 63: strategy sampled 10 clients (out of 50)
[2024-05-29 20:02:55,209][flwr][DEBUG] - fit_round 63 received 10 results and 0 failures
[2024-05-29 20:02:57,234][flwr][INFO] - fit progress: (63, 13.71688596677268, {'accuracy': 0.9658}, 287.8694855622016)
[2024-05-29 20:02:57,234][flwr][DEBUG] - evaluate_round 63: strategy sampled 1 clients (out of 50)
[2024-05-29 20:02:57,519][flwr][DEBUG] - evaluate_round 63 received 1 results and 0 failures
[2024-05-29 20:02:57,519][flwr][DEBUG] - fit_round 64: strategy sampled 10 clients (out of 50)
[2024-05-29 20:02:59,330][flwr][DEBUG] - fit_round 64 received 10 results and 0 failures
[2024-05-29 20:03:01,293][flwr][INFO] - fit progress: (64, 12.063918197207386, {'accuracy': 0.9688}, 291.9287084261887)
[2024-05-29 20:03:01,293][flwr][DEBUG] - evaluate_round 64: strategy sampled 1 clients (out of 50)
[2024-05-29 20:03:01,556][flwr][DEBUG] - evaluate_round 64 received 1 results and 0 failures
[2024-05-29 20:03:01,557][flwr][DEBUG] - fit_round 65: strategy sampled 10 clients (out of 50)
[2024-05-29 20:03:03,496][flwr][DEBUG] - fit_round 65 received 10 results and 0 failures
[2024-05-29 20:03:05,498][flwr][INFO] - fit progress: (65, 12.415672569200979, {'accuracy': 0.9672}, 296.13392029423267)
[2024-05-29 20:03:05,499][flwr][DEBUG] - evaluate_round 65: strategy sampled 1 clients (out of 50)
[2024-05-29 20:03:05,766][flwr][DEBUG] - evaluate_round 65 received 1 results and 0 failures
[2024-05-29 20:03:05,766][flwr][DEBUG] - fit_round 66: strategy sampled 10 clients (out of 50)
[2024-05-29 20:03:07,489][flwr][DEBUG] - fit_round 66 received 10 results and 0 failures
[2024-05-29 20:03:09,599][flwr][INFO] - fit progress: (66, 178.59450554847717, {'accuracy': 0.7675}, 300.2346938070841)
[2024-05-29 20:03:09,599][flwr][DEBUG] - evaluate_round 66: strategy sampled 1 clients (out of 50)
[2024-05-29 20:03:09,883][flwr][DEBUG] - evaluate_round 66 received 1 results and 0 failures
[2024-05-29 20:03:09,883][flwr][DEBUG] - fit_round 67: strategy sampled 10 clients (out of 50)
[2024-05-29 20:03:11,572][flwr][DEBUG] - fit_round 67 received 10 results and 0 failures
[2024-05-29 20:03:13,628][flwr][INFO] - fit progress: (67, 16.52508264547214, {'accuracy': 0.9645}, 304.26385650318116)
[2024-05-29 20:03:13,628][flwr][DEBUG] - evaluate_round 67: strategy sampled 1 clients (out of 50)
[2024-05-29 20:03:13,910][flwr][DEBUG] - evaluate_round 67 received 1 results and 0 failures
[2024-05-29 20:03:13,911][flwr][DEBUG] - fit_round 68: strategy sampled 10 clients (out of 50)
[2024-05-29 20:03:15,663][flwr][DEBUG] - fit_round 68 received 10 results and 0 failures
[2024-05-29 20:03:17,606][flwr][INFO] - fit progress: (68, 13.431396845844574, {'accuracy': 0.9611}, 308.2415419211611)
[2024-05-29 20:03:17,606][flwr][DEBUG] - evaluate_round 68: strategy sampled 1 clients (out of 50)
[2024-05-29 20:03:17,890][flwr][DEBUG] - evaluate_round 68 received 1 results and 0 failures
[2024-05-29 20:03:17,890][flwr][DEBUG] - fit_round 69: strategy sampled 10 clients (out of 50)
[2024-05-29 20:03:19,536][flwr][DEBUG] - fit_round 69 received 10 results and 0 failures
[2024-05-29 20:03:21,481][flwr][INFO] - fit progress: (69, 13.039210694667418, {'accuracy': 0.9664}, 312.1168885603547)
[2024-05-29 20:03:21,482][flwr][DEBUG] - evaluate_round 69: strategy sampled 1 clients (out of 50)
[2024-05-29 20:03:21,754][flwr][DEBUG] - evaluate_round 69 received 1 results and 0 failures
[2024-05-29 20:03:21,755][flwr][DEBUG] - fit_round 70: strategy sampled 10 clients (out of 50)
[2024-05-29 20:03:23,506][flwr][DEBUG] - fit_round 70 received 10 results and 0 failures
[2024-05-29 20:03:25,455][flwr][INFO] - fit progress: (70, 11.646960444821161, {'accuracy': 0.9707}, 316.0909090661444)
[2024-05-29 20:03:25,456][flwr][DEBUG] - evaluate_round 70: strategy sampled 1 clients (out of 50)
[2024-05-29 20:03:25,727][flwr][DEBUG] - evaluate_round 70 received 1 results and 0 failures
[2024-05-29 20:03:25,728][flwr][DEBUG] - fit_round 71: strategy sampled 10 clients (out of 50)
[2024-05-29 20:03:27,382][flwr][DEBUG] - fit_round 71 received 10 results and 0 failures
[2024-05-29 20:03:29,369][flwr][INFO] - fit progress: (71, 13.366818420989148, {'accuracy': 0.9616}, 320.00476418202743)
[2024-05-29 20:03:29,369][flwr][DEBUG] - evaluate_round 71: strategy sampled 1 clients (out of 50)
[2024-05-29 20:03:29,660][flwr][DEBUG] - evaluate_round 71 received 1 results and 0 failures
[2024-05-29 20:03:29,660][flwr][DEBUG] - fit_round 72: strategy sampled 10 clients (out of 50)
[2024-05-29 20:03:31,338][flwr][DEBUG] - fit_round 72 received 10 results and 0 failures
[2024-05-29 20:03:33,347][flwr][INFO] - fit progress: (72, 11.860302966597374, {'accuracy': 0.965}, 323.9826161451638)
[2024-05-29 20:03:33,347][flwr][DEBUG] - evaluate_round 72: strategy sampled 1 clients (out of 50)
[2024-05-29 20:03:33,632][flwr][DEBUG] - evaluate_round 72 received 1 results and 0 failures
[2024-05-29 20:03:33,633][flwr][DEBUG] - fit_round 73: strategy sampled 10 clients (out of 50)
[2024-05-29 20:03:35,266][flwr][DEBUG] - fit_round 73 received 10 results and 0 failures
[2024-05-29 20:03:37,265][flwr][INFO] - fit progress: (73, 10.57335018588492, {'accuracy': 0.9697}, 327.90032256627455)
[2024-05-29 20:03:37,265][flwr][DEBUG] - evaluate_round 73: strategy sampled 1 clients (out of 50)
[2024-05-29 20:03:37,543][flwr][DEBUG] - evaluate_round 73 received 1 results and 0 failures
[2024-05-29 20:03:37,544][flwr][DEBUG] - fit_round 74: strategy sampled 10 clients (out of 50)
[2024-05-29 20:03:39,267][flwr][DEBUG] - fit_round 74 received 10 results and 0 failures
[2024-05-29 20:03:41,184][flwr][INFO] - fit progress: (74, 10.871752448379084, {'accuracy': 0.9717}, 331.81939164036885)
[2024-05-29 20:03:41,184][flwr][DEBUG] - evaluate_round 74: strategy sampled 1 clients (out of 50)
[2024-05-29 20:03:41,461][flwr][DEBUG] - evaluate_round 74 received 1 results and 0 failures
[2024-05-29 20:03:41,462][flwr][DEBUG] - fit_round 75: strategy sampled 10 clients (out of 50)
[2024-05-29 20:03:43,147][flwr][DEBUG] - fit_round 75 received 10 results and 0 failures
[2024-05-29 20:03:45,136][flwr][INFO] - fit progress: (75, 41.81712186336517, {'accuracy': 0.9016}, 335.77138191321865)
[2024-05-29 20:03:45,136][flwr][DEBUG] - evaluate_round 75: strategy sampled 1 clients (out of 50)
[2024-05-29 20:03:45,428][flwr][DEBUG] - evaluate_round 75 received 1 results and 0 failures
[2024-05-29 20:03:45,428][flwr][DEBUG] - fit_round 76: strategy sampled 10 clients (out of 50)
[2024-05-29 20:03:47,070][flwr][DEBUG] - fit_round 76 received 10 results and 0 failures
[2024-05-29 20:03:49,015][flwr][INFO] - fit progress: (76, 12.702965522999875, {'accuracy': 0.9682}, 339.6502535850741)
[2024-05-29 20:03:49,015][flwr][DEBUG] - evaluate_round 76: strategy sampled 1 clients (out of 50)
[2024-05-29 20:03:49,309][flwr][DEBUG] - evaluate_round 76 received 1 results and 0 failures
[2024-05-29 20:03:49,309][flwr][DEBUG] - fit_round 77: strategy sampled 10 clients (out of 50)
[2024-05-29 20:03:51,025][flwr][DEBUG] - fit_round 77 received 10 results and 0 failures
[2024-05-29 20:03:52,969][flwr][INFO] - fit progress: (77, 12.432721340141143, {'accuracy': 0.9654}, 343.60404040711)
[2024-05-29 20:03:52,969][flwr][DEBUG] - evaluate_round 77: strategy sampled 1 clients (out of 50)
[2024-05-29 20:03:53,264][flwr][DEBUG] - evaluate_round 77 received 1 results and 0 failures
[2024-05-29 20:03:53,265][flwr][DEBUG] - fit_round 78: strategy sampled 10 clients (out of 50)
[2024-05-29 20:03:54,941][flwr][DEBUG] - fit_round 78 received 10 results and 0 failures
[2024-05-29 20:03:56,914][flwr][INFO] - fit progress: (78, 12.344709677388892, {'accuracy': 0.9652}, 347.54988731537014)
[2024-05-29 20:03:56,915][flwr][DEBUG] - evaluate_round 78: strategy sampled 1 clients (out of 50)
[2024-05-29 20:03:57,196][flwr][DEBUG] - evaluate_round 78 received 1 results and 0 failures
[2024-05-29 20:03:57,196][flwr][DEBUG] - fit_round 79: strategy sampled 10 clients (out of 50)
[2024-05-29 20:03:58,983][flwr][DEBUG] - fit_round 79 received 10 results and 0 failures
[2024-05-29 20:04:00,930][flwr][INFO] - fit progress: (79, 11.004532004495559, {'accuracy': 0.9693}, 351.5652377991937)
[2024-05-29 20:04:00,930][flwr][DEBUG] - evaluate_round 79: strategy sampled 1 clients (out of 50)
[2024-05-29 20:04:01,224][flwr][DEBUG] - evaluate_round 79 received 1 results and 0 failures
[2024-05-29 20:04:01,225][flwr][DEBUG] - fit_round 80: strategy sampled 10 clients (out of 50)
[2024-05-29 20:04:02,921][flwr][DEBUG] - fit_round 80 received 10 results and 0 failures
[2024-05-29 20:04:04,753][flwr][INFO] - fit progress: (80, 11.458146861521527, {'accuracy': 0.9717}, 355.3880493394099)
[2024-05-29 20:04:04,753][flwr][DEBUG] - evaluate_round 80: strategy sampled 1 clients (out of 50)
[2024-05-29 20:04:05,035][flwr][DEBUG] - evaluate_round 80 received 1 results and 0 failures
[2024-05-29 20:04:05,035][flwr][DEBUG] - fit_round 81: strategy sampled 10 clients (out of 50)
[2024-05-29 20:04:06,708][flwr][DEBUG] - fit_round 81 received 10 results and 0 failures
[2024-05-29 20:04:08,702][flwr][INFO] - fit progress: (81, 13.674588006339036, {'accuracy': 0.9566}, 359.3375376253389)
[2024-05-29 20:04:08,702][flwr][DEBUG] - evaluate_round 81: strategy sampled 1 clients (out of 50)
[2024-05-29 20:04:08,994][flwr][DEBUG] - evaluate_round 81 received 1 results and 0 failures
[2024-05-29 20:04:08,994][flwr][DEBUG] - fit_round 82: strategy sampled 10 clients (out of 50)
[2024-05-29 20:04:10,685][flwr][DEBUG] - fit_round 82 received 10 results and 0 failures
[2024-05-29 20:04:12,616][flwr][INFO] - fit progress: (82, 11.249217567790765, {'accuracy': 0.9683}, 363.25160037726164)
[2024-05-29 20:04:12,616][flwr][DEBUG] - evaluate_round 82: strategy sampled 1 clients (out of 50)
[2024-05-29 20:04:12,873][flwr][DEBUG] - evaluate_round 82 received 1 results and 0 failures
[2024-05-29 20:04:12,873][flwr][DEBUG] - fit_round 83: strategy sampled 10 clients (out of 50)
[2024-05-29 20:04:14,600][flwr][DEBUG] - fit_round 83 received 10 results and 0 failures
[2024-05-29 20:04:16,658][flwr][INFO] - fit progress: (83, 23.52384210843593, {'accuracy': 0.9312}, 367.29386088531464)
[2024-05-29 20:04:16,659][flwr][DEBUG] - evaluate_round 83: strategy sampled 1 clients (out of 50)
[2024-05-29 20:04:16,949][flwr][DEBUG] - evaluate_round 83 received 1 results and 0 failures
[2024-05-29 20:04:16,950][flwr][DEBUG] - fit_round 84: strategy sampled 10 clients (out of 50)
[2024-05-29 20:04:18,686][flwr][DEBUG] - fit_round 84 received 10 results and 0 failures
[2024-05-29 20:04:20,779][flwr][INFO] - fit progress: (84, 14.684620816318784, {'accuracy': 0.9588}, 371.41439725412056)
[2024-05-29 20:04:20,779][flwr][DEBUG] - evaluate_round 84: strategy sampled 1 clients (out of 50)
[2024-05-29 20:04:21,046][flwr][DEBUG] - evaluate_round 84 received 1 results and 0 failures
[2024-05-29 20:04:21,046][flwr][DEBUG] - fit_round 85: strategy sampled 10 clients (out of 50)
[2024-05-29 20:04:22,910][flwr][DEBUG] - fit_round 85 received 10 results and 0 failures
[2024-05-29 20:04:24,916][flwr][INFO] - fit progress: (85, 11.615420192712918, {'accuracy': 0.9714}, 375.55195296835154)
[2024-05-29 20:04:24,917][flwr][DEBUG] - evaluate_round 85: strategy sampled 1 clients (out of 50)
[2024-05-29 20:04:25,185][flwr][DEBUG] - evaluate_round 85 received 1 results and 0 failures
[2024-05-29 20:04:25,185][flwr][DEBUG] - fit_round 86: strategy sampled 10 clients (out of 50)
[2024-05-29 20:04:26,966][flwr][DEBUG] - fit_round 86 received 10 results and 0 failures
[2024-05-29 20:04:28,921][flwr][INFO] - fit progress: (86, 28.909702882170677, {'accuracy': 0.9383}, 379.55609067715704)
[2024-05-29 20:04:28,921][flwr][DEBUG] - evaluate_round 86: strategy sampled 1 clients (out of 50)
[2024-05-29 20:04:29,203][flwr][DEBUG] - evaluate_round 86 received 1 results and 0 failures
[2024-05-29 20:04:29,203][flwr][DEBUG] - fit_round 87: strategy sampled 10 clients (out of 50)
[2024-05-29 20:04:31,009][flwr][DEBUG] - fit_round 87 received 10 results and 0 failures
[2024-05-29 20:04:33,004][flwr][INFO] - fit progress: (87, 11.868912263016682, {'accuracy': 0.9684}, 383.63917285902426)
[2024-05-29 20:04:33,004][flwr][DEBUG] - evaluate_round 87: strategy sampled 1 clients (out of 50)
[2024-05-29 20:04:33,292][flwr][DEBUG] - evaluate_round 87 received 1 results and 0 failures
[2024-05-29 20:04:33,292][flwr][DEBUG] - fit_round 88: strategy sampled 10 clients (out of 50)
[2024-05-29 20:04:35,057][flwr][DEBUG] - fit_round 88 received 10 results and 0 failures
[2024-05-29 20:04:37,049][flwr][INFO] - fit progress: (88, 13.832558293419424, {'accuracy': 0.9678}, 387.6841753050685)
[2024-05-29 20:04:37,049][flwr][DEBUG] - evaluate_round 88: strategy sampled 1 clients (out of 50)
[2024-05-29 20:04:37,333][flwr][DEBUG] - evaluate_round 88 received 1 results and 0 failures
[2024-05-29 20:04:37,333][flwr][DEBUG] - fit_round 89: strategy sampled 10 clients (out of 50)
[2024-05-29 20:04:39,070][flwr][DEBUG] - fit_round 89 received 10 results and 0 failures
[2024-05-29 20:04:41,012][flwr][INFO] - fit progress: (89, 12.946481493941974, {'accuracy': 0.9703}, 391.64705826807767)
[2024-05-29 20:04:41,012][flwr][DEBUG] - evaluate_round 89: strategy sampled 1 clients (out of 50)
[2024-05-29 20:04:41,301][flwr][DEBUG] - evaluate_round 89 received 1 results and 0 failures
[2024-05-29 20:04:41,301][flwr][DEBUG] - fit_round 90: strategy sampled 10 clients (out of 50)
[2024-05-29 20:04:43,132][flwr][DEBUG] - fit_round 90 received 10 results and 0 failures
[2024-05-29 20:04:45,057][flwr][INFO] - fit progress: (90, 11.860180999094155, {'accuracy': 0.9706}, 395.69239154830575)
[2024-05-29 20:04:45,057][flwr][DEBUG] - evaluate_round 90: strategy sampled 1 clients (out of 50)
[2024-05-29 20:04:45,341][flwr][DEBUG] - evaluate_round 90 received 1 results and 0 failures
[2024-05-29 20:04:45,341][flwr][DEBUG] - fit_round 91: strategy sampled 10 clients (out of 50)
[2024-05-29 20:04:47,161][flwr][DEBUG] - fit_round 91 received 10 results and 0 failures
[2024-05-29 20:04:49,079][flwr][INFO] - fit progress: (91, 18.702038472198183, {'accuracy': 0.9542}, 399.7140584019944)
[2024-05-29 20:04:49,079][flwr][DEBUG] - evaluate_round 91: strategy sampled 1 clients (out of 50)
[2024-05-29 20:04:49,365][flwr][DEBUG] - evaluate_round 91 received 1 results and 0 failures
[2024-05-29 20:04:49,366][flwr][DEBUG] - fit_round 92: strategy sampled 10 clients (out of 50)
[2024-05-29 20:04:50,996][flwr][DEBUG] - fit_round 92 received 10 results and 0 failures
[2024-05-29 20:04:52,991][flwr][INFO] - fit progress: (92, 18.916617702692747, {'accuracy': 0.9522}, 403.6268798750825)
[2024-05-29 20:04:52,992][flwr][DEBUG] - evaluate_round 92: strategy sampled 1 clients (out of 50)
[2024-05-29 20:04:53,268][flwr][DEBUG] - evaluate_round 92 received 1 results and 0 failures
[2024-05-29 20:04:53,268][flwr][DEBUG] - fit_round 93: strategy sampled 10 clients (out of 50)
[2024-05-29 20:04:54,948][flwr][DEBUG] - fit_round 93 received 10 results and 0 failures
[2024-05-29 20:04:56,916][flwr][INFO] - fit progress: (93, 11.843191337073222, {'accuracy': 0.9696}, 407.55130740907043)
[2024-05-29 20:04:56,916][flwr][DEBUG] - evaluate_round 93: strategy sampled 1 clients (out of 50)
[2024-05-29 20:04:57,204][flwr][DEBUG] - evaluate_round 93 received 1 results and 0 failures
[2024-05-29 20:04:57,204][flwr][DEBUG] - fit_round 94: strategy sampled 10 clients (out of 50)
[2024-05-29 20:04:58,929][flwr][DEBUG] - fit_round 94 received 10 results and 0 failures
[2024-05-29 20:05:00,843][flwr][INFO] - fit progress: (94, 11.965863350225845, {'accuracy': 0.9708}, 411.4784673061222)
[2024-05-29 20:05:00,843][flwr][DEBUG] - evaluate_round 94: strategy sampled 1 clients (out of 50)
[2024-05-29 20:05:01,128][flwr][DEBUG] - evaluate_round 94 received 1 results and 0 failures
[2024-05-29 20:05:01,128][flwr][DEBUG] - fit_round 95: strategy sampled 10 clients (out of 50)
[2024-05-29 20:05:02,887][flwr][DEBUG] - fit_round 95 received 10 results and 0 failures
[2024-05-29 20:05:04,789][flwr][INFO] - fit progress: (95, 11.068484553063172, {'accuracy': 0.9741}, 415.424353945069)
[2024-05-29 20:05:04,789][flwr][DEBUG] - evaluate_round 95: strategy sampled 1 clients (out of 50)
[2024-05-29 20:05:05,080][flwr][DEBUG] - evaluate_round 95 received 1 results and 0 failures
[2024-05-29 20:05:05,080][flwr][DEBUG] - fit_round 96: strategy sampled 10 clients (out of 50)
[2024-05-29 20:05:06,890][flwr][DEBUG] - fit_round 96 received 10 results and 0 failures
[2024-05-29 20:05:08,751][flwr][INFO] - fit progress: (96, 11.572402437160235, {'accuracy': 0.9695}, 419.38608356937766)
[2024-05-29 20:05:08,751][flwr][DEBUG] - evaluate_round 96: strategy sampled 1 clients (out of 50)
[2024-05-29 20:05:09,028][flwr][DEBUG] - evaluate_round 96 received 1 results and 0 failures
[2024-05-29 20:05:09,028][flwr][DEBUG] - fit_round 97: strategy sampled 10 clients (out of 50)
[2024-05-29 20:05:10,822][flwr][DEBUG] - fit_round 97 received 10 results and 0 failures
[2024-05-29 20:05:12,726][flwr][INFO] - fit progress: (97, 12.310745458067686, {'accuracy': 0.9703}, 423.3614850509912)
[2024-05-29 20:05:12,726][flwr][DEBUG] - evaluate_round 97: strategy sampled 1 clients (out of 50)
[2024-05-29 20:05:13,012][flwr][DEBUG] - evaluate_round 97 received 1 results and 0 failures
[2024-05-29 20:05:13,013][flwr][DEBUG] - fit_round 98: strategy sampled 10 clients (out of 50)
[2024-05-29 20:05:14,857][flwr][DEBUG] - fit_round 98 received 10 results and 0 failures
[2024-05-29 20:05:16,787][flwr][INFO] - fit progress: (98, 10.944882090594547, {'accuracy': 0.9715}, 427.42234971234575)
[2024-05-29 20:05:16,787][flwr][DEBUG] - evaluate_round 98: strategy sampled 1 clients (out of 50)
[2024-05-29 20:05:17,069][flwr][DEBUG] - evaluate_round 98 received 1 results and 0 failures
[2024-05-29 20:05:17,069][flwr][DEBUG] - fit_round 99: strategy sampled 10 clients (out of 50)
[2024-05-29 20:05:18,925][flwr][DEBUG] - fit_round 99 received 10 results and 0 failures
[2024-05-29 20:05:20,819][flwr][INFO] - fit progress: (99, 11.644921520938624, {'accuracy': 0.9729}, 431.45470170211047)
[2024-05-29 20:05:20,819][flwr][DEBUG] - evaluate_round 99: strategy sampled 1 clients (out of 50)
[2024-05-29 20:05:21,111][flwr][DEBUG] - evaluate_round 99 received 1 results and 0 failures
[2024-05-29 20:05:21,111][flwr][DEBUG] - fit_round 100: strategy sampled 10 clients (out of 50)
[2024-05-29 20:05:22,956][flwr][DEBUG] - fit_round 100 received 10 results and 0 failures
[2024-05-29 20:05:24,884][flwr][INFO] - fit progress: (100, 11.987290021555964, {'accuracy': 0.9706}, 435.51944121625274)
[2024-05-29 20:05:24,884][flwr][DEBUG] - evaluate_round 100: strategy sampled 1 clients (out of 50)
[2024-05-29 20:05:25,169][flwr][DEBUG] - evaluate_round 100 received 1 results and 0 failures
[2024-05-29 20:05:25,169][flwr][INFO] - FL finished in 435.8047818453051
[2024-05-29 20:05:25,190][flwr][INFO] - app_fit: losses_distributed [(1, 6.443544149398804), (2, 2.8922522217035294), (3, 5.817376732826233), (4, 4.329520523548126), (5, 2.3930360674858093), (6, 4.6101186871528625), (7, 3.5318135619163513), (8, 5.956088602542877), (9, 2.0628183484077454), (10, 6.41037392616272), (11, 1.6801876574754715), (12, 20.130056858062744), (13, 1.722657635807991), (14, 1.8942064344882965), (15, 4.9574620723724365), (16, 3.3830332309007645), (17, 1.2719377279281616), (18, 0.8000848591327667), (19, 1.0095224305987358), (20, 1.5288865640759468), (21, 2.591469019651413), (22, 1.273623451590538), (23, 0.9799220524728298), (24, 0.9646735638380051), (25, 1.1540440060198307), (26, 3.1150361597537994), (27, 0.8345926813781261), (28, 2.717177540063858), (29, 1.2301305048167706), (30, 0.9863675013184547), (31, 1.4430539160966873), (32, 0.5248268842697144), (33, 0.5739630609750748), (34, 0.5383409061469138), (35, 1.2642302084714174), (36, 0.6499013187130913), (37, 0.6698235794901848), (38, 1.017734787426889), (39, 1.8433237373828888), (40, 0.7569362036883831), (41, 0.5267347579356283), (42, 1.1846704259514809), (43, 1.836172804236412), (44, 27.644399046897888), (45, 0.7909539733082056), (46, 1.6650235876441002), (47, 0.49024777626618743), (48, 0.2663607392460108), (49, 1.0939806811511517), (50, 3.7183789759874344), (51, 0.9749347269535065), (52, 2.3127928437897936), (53, 0.6953546870499849), (54, 0.50203647633316), (55, 10.005568623542786), (56, 0.9027261361479759), (57, 0.6217219457030296), (58, 3.290161008015275), (59, 0.5102987894788384), (60, 0.523041533306241), (61, 81.235915184021), (62, 1.4385267347097397), (63, 0.8399436175823212), (64, 0.35683054383844137), (65, 1.016622569411993), (66, 6.720015734434128), (67, 0.8875880190171301), (68, 0.48759623515070416), (69, 1.6938128806650639), (70, 0.8370428774505854), (71, 0.4567708373069763), (72, 1.5241549238562584), (73, 0.4150919169187546), (74, 0.6016493756324053), (75, 4.218517288565636), (76, 0.5653292386705289), (77, 0.7866281432798132), (78, 2.0380763709545135), (79, 0.6020431010983884), (80, 1.4136911146342754), (81, 0.4567479994148016), (82, 0.7358066425658762), (83, 2.0550323128700256), (84, 1.1666537034325302), (85, 1.5131648946553469), (86, 1.7437527133151889), (87, 1.4217901602387428), (88, 1.6535115712322295), (89, 2.812779043801129), (90, 0.821393424179405), (91, 0.7595680495724082), (92, 1.150201290845871), (93, 1.991875359788537), (94, 1.1169293327257037), (95, 1.443120592739433), (96, 1.5560473243240267), (97, 1.0764500983059406), (98, 0.8831734825798776), (99, 0.6692309342324734), (100, 1.0405448430683464)]
[2024-05-29 20:05:25,190][flwr][INFO] - app_fit: metrics_distributed_fit {}
[2024-05-29 20:05:25,190][flwr][INFO] - app_fit: metrics_distributed {}
[2024-05-29 20:05:25,190][flwr][INFO] - app_fit: losses_centralized [(0, 181.6553213596344), (1, 106.88744205236435), (2, 42.60980188846588), (3, 85.18974483013153), (4, 62.483929336071014), (5, 42.255920231342316), (6, 87.32110470533371), (7, 54.50654983520508), (8, 102.52561616897583), (9, 41.92118339240551), (10, 102.95569396018982), (11, 32.873640574514866), (12, 286.8889273405075), (13, 30.067195754498243), (14, 24.582983633503318), (15, 67.17866390943527), (16, 21.260514734312892), (17, 20.149253129959106), (18, 23.480660466477275), (19, 20.427009657025337), (20, 21.283658887259662), (21, 45.770126808434725), (22, 15.821673142840154), (23, 16.237677222350612), (24, 14.852777678868733), (25, 16.88792374636978), (26, 14.718805319396779), (27, 13.8071681545116), (28, 12.971551559050567), (29, 14.655099779367447), (30, 15.030059224693105), (31, 13.62263845349662), (32, 16.26149320648983), (33, 13.780143243144266), (34, 13.320156125235371), (35, 16.13439984153956), (36, 12.751998802181333), (37, 12.68786876264494), (38, 11.664062350057065), (39, 32.60476617515087), (40, 12.253788841189817), (41, 11.368320181194576), (42, 20.773373275995255), (43, 11.423195619368926), (44, 622.7995202541351), (45, 16.409636809956282), (46, 14.8198769739829), (47, 12.160366716852877), (48, 12.748812373611145), (49, 12.130754734564107), (50, 52.421389043331146), (51, 20.898783415555954), (52, 12.382375659435638), (53, 11.800571952640894), (54, 12.069447358691832), (55, 185.42380237579346), (56, 11.661096337658819), (57, 14.032337387325242), (58, 19.080591352656484), (59, 14.316205851791892), (60, 13.329191905795597), (61, 1053.7888522148132), (62, 20.734256097370235), (63, 13.71688596677268), (64, 12.063918197207386), (65, 12.415672569200979), (66, 178.59450554847717), (67, 16.52508264547214), (68, 13.431396845844574), (69, 13.039210694667418), (70, 11.646960444821161), (71, 13.366818420989148), (72, 11.860302966597374), (73, 10.57335018588492), (74, 10.871752448379084), (75, 41.81712186336517), (76, 12.702965522999875), (77, 12.432721340141143), (78, 12.344709677388892), (79, 11.004532004495559), (80, 11.458146861521527), (81, 13.674588006339036), (82, 11.249217567790765), (83, 23.52384210843593), (84, 14.684620816318784), (85, 11.615420192712918), (86, 28.909702882170677), (87, 11.868912263016682), (88, 13.832558293419424), (89, 12.946481493941974), (90, 11.860180999094155), (91, 18.702038472198183), (92, 18.916617702692747), (93, 11.843191337073222), (94, 11.965863350225845), (95, 11.068484553063172), (96, 11.572402437160235), (97, 12.310745458067686), (98, 10.944882090594547), (99, 11.644921520938624), (100, 11.987290021555964)]
[2024-05-29 20:05:25,190][flwr][INFO] - app_fit: metrics_centralized {'accuracy': [(0, 0.1291), (1, 0.7896), (2, 0.8197), (3, 0.6093), (4, 0.7473), (5, 0.8711), (6, 0.7577), (7, 0.8625), (8, 0.7544), (9, 0.8985), (10, 0.7921), (11, 0.9115), (12, 0.7014), (13, 0.9161), (14, 0.929), (15, 0.7513), (16, 0.9467), (17, 0.9433), (18, 0.9287), (19, 0.9418), (20, 0.9404), (21, 0.8984), (22, 0.9514), (23, 0.9538), (24, 0.9556), (25, 0.9459), (26, 0.9598), (27, 0.9595), (28, 0.9613), (29, 0.9471), (30, 0.9495), (31, 0.9618), (32, 0.9502), (33, 0.9577), (34, 0.9644), (35, 0.9433), (36, 0.9585), (37, 0.9605), (38, 0.9653), (39, 0.8958), (40, 0.9597), (41, 0.9674), (42, 0.9315), (43, 0.9661), (44, 0.7744), (45, 0.9564), (46, 0.9605), (47, 0.9644), (48, 0.9595), (49, 0.965), (50, 0.9091), (51, 0.9261), (52, 0.9656), (53, 0.9668), (54, 0.969), (55, 0.7536), (56, 0.969), (57, 0.9573), (58, 0.9496), (59, 0.9655), (60, 0.9661), (61, 0.6187), (62, 0.9588), (63, 0.9658), (64, 0.9688), (65, 0.9672), (66, 0.7675), (67, 0.9645), (68, 0.9611), (69, 0.9664), (70, 0.9707), (71, 0.9616), (72, 0.965), (73, 0.9697), (74, 0.9717), (75, 0.9016), (76, 0.9682), (77, 0.9654), (78, 0.9652), (79, 0.9693), (80, 0.9717), (81, 0.9566), (82, 0.9683), (83, 0.9312), (84, 0.9588), (85, 0.9714), (86, 0.9383), (87, 0.9684), (88, 0.9678), (89, 0.9703), (90, 0.9706), (91, 0.9542), (92, 0.9522), (93, 0.9696), (94, 0.9708), (95, 0.9741), (96, 0.9695), (97, 0.9703), (98, 0.9715), (99, 0.9729), (100, 0.9706)]}
