[2024-05-19 17:57:21,579][flwr][INFO] - Starting Flower simulation, config: ServerConfig(num_rounds=100, round_timeout=None)
[2024-05-19 17:57:23,635][flwr][INFO] - Flower VCE: Ray initialized with resources: {'node:172.17.34.3': 1.0, 'object_store_memory': 39970316697.0, 'CPU': 24.0, 'GPU': 2.0, 'memory': 83264072295.0, 'accelerator_type:G': 1.0}
[2024-05-19 17:57:23,636][flwr][INFO] - Initializing global parameters
[2024-05-19 17:57:23,636][flwr][INFO] - Requesting initial parameters from one random client
[2024-05-19 17:57:25,337][flwr][INFO] - Received initial parameters from one random client
[2024-05-19 17:57:25,337][flwr][INFO] - Evaluating initial parameters
[2024-05-19 17:57:27,226][flwr][INFO] - initial parameters (loss, other metrics): 189.79255723953247, {'accuracy': 0.1043}
[2024-05-19 17:57:27,226][flwr][INFO] - FL starting
[2024-05-19 17:57:27,226][flwr][DEBUG] - fit_round 1: strategy sampled 10 clients (out of 50)
[2024-05-19 17:57:39,200][flwr][DEBUG] - fit_round 1 received 10 results and 0 failures
[2024-05-19 17:57:42,680][flwr][WARNING] - No fit_metrics_aggregation_fn provided
[2024-05-19 17:57:43,575][flwr][INFO] - fit progress: (1, 254.56348156929016, {'accuracy': 0.395}, 16.349067236064002)
[2024-05-19 17:57:43,575][flwr][DEBUG] - evaluate_round 1: strategy sampled 1 clients (out of 50)
[2024-05-19 17:57:44,206][flwr][DEBUG] - evaluate_round 1 received 1 results and 0 failures
[2024-05-19 17:57:44,206][flwr][WARNING] - No evaluate_metrics_aggregation_fn provided
[2024-05-19 17:57:44,206][flwr][DEBUG] - fit_round 2: strategy sampled 10 clients (out of 50)
[2024-05-19 17:57:55,296][flwr][DEBUG] - fit_round 2 received 10 results and 0 failures
[2024-05-19 17:57:59,211][flwr][INFO] - fit progress: (2, 586.5369243621826, {'accuracy': 0.2367}, 31.98435864993371)
[2024-05-19 17:57:59,211][flwr][DEBUG] - evaluate_round 2: strategy sampled 1 clients (out of 50)
[2024-05-19 17:57:59,859][flwr][DEBUG] - evaluate_round 2 received 1 results and 0 failures
[2024-05-19 17:57:59,859][flwr][DEBUG] - fit_round 3: strategy sampled 10 clients (out of 50)
[2024-05-19 17:58:10,868][flwr][DEBUG] - fit_round 3 received 10 results and 0 failures
[2024-05-19 17:58:14,984][flwr][INFO] - fit progress: (3, 1390.2181043624878, {'accuracy': 0.2055}, 47.75775434495881)
[2024-05-19 17:58:14,984][flwr][DEBUG] - evaluate_round 3: strategy sampled 1 clients (out of 50)
[2024-05-19 17:58:15,621][flwr][DEBUG] - evaluate_round 3 received 1 results and 0 failures
[2024-05-19 17:58:15,622][flwr][DEBUG] - fit_round 4: strategy sampled 10 clients (out of 50)
[2024-05-19 17:58:26,919][flwr][DEBUG] - fit_round 4 received 10 results and 0 failures
[2024-05-19 17:58:31,039][flwr][INFO] - fit progress: (4, 1106.5484066009521, {'accuracy': 0.1137}, 63.81231671688147)
[2024-05-19 17:58:31,039][flwr][DEBUG] - evaluate_round 4: strategy sampled 1 clients (out of 50)
[2024-05-19 17:58:31,682][flwr][DEBUG] - evaluate_round 4 received 1 results and 0 failures
[2024-05-19 17:58:31,682][flwr][DEBUG] - fit_round 5: strategy sampled 10 clients (out of 50)
[2024-05-19 17:58:42,584][flwr][DEBUG] - fit_round 5 received 10 results and 0 failures
[2024-05-19 17:58:46,549][flwr][INFO] - fit progress: (5, 1092.942060470581, {'accuracy': 0.1142}, 79.32304271589965)
[2024-05-19 17:58:46,549][flwr][DEBUG] - evaluate_round 5: strategy sampled 1 clients (out of 50)
[2024-05-19 17:58:47,208][flwr][DEBUG] - evaluate_round 5 received 1 results and 0 failures
[2024-05-19 17:58:47,208][flwr][DEBUG] - fit_round 6: strategy sampled 10 clients (out of 50)
[2024-05-19 17:58:58,108][flwr][DEBUG] - fit_round 6 received 10 results and 0 failures
[2024-05-19 17:59:02,023][flwr][INFO] - fit progress: (6, 1287.6320991516113, {'accuracy': 0.2106}, 94.79661462595686)
[2024-05-19 17:59:02,023][flwr][DEBUG] - evaluate_round 6: strategy sampled 1 clients (out of 50)
[2024-05-19 17:59:02,673][flwr][DEBUG] - evaluate_round 6 received 1 results and 0 failures
[2024-05-19 17:59:02,673][flwr][DEBUG] - fit_round 7: strategy sampled 10 clients (out of 50)
[2024-05-19 17:59:13,591][flwr][DEBUG] - fit_round 7 received 10 results and 0 failures
[2024-05-19 17:59:17,430][flwr][INFO] - fit progress: (7, 2031.9264659881592, {'accuracy': 0.1148}, 110.20382815296762)
[2024-05-19 17:59:17,430][flwr][DEBUG] - evaluate_round 7: strategy sampled 1 clients (out of 50)
[2024-05-19 17:59:18,060][flwr][DEBUG] - evaluate_round 7 received 1 results and 0 failures
[2024-05-19 17:59:18,060][flwr][DEBUG] - fit_round 8: strategy sampled 10 clients (out of 50)
[2024-05-19 17:59:28,848][flwr][DEBUG] - fit_round 8 received 10 results and 0 failures
[2024-05-19 17:59:32,788][flwr][INFO] - fit progress: (8, 2506.678289413452, {'accuracy': 0.1826}, 125.56141860899515)
[2024-05-19 17:59:32,788][flwr][DEBUG] - evaluate_round 8: strategy sampled 1 clients (out of 50)
[2024-05-19 17:59:33,436][flwr][DEBUG] - evaluate_round 8 received 1 results and 0 failures
[2024-05-19 17:59:33,436][flwr][DEBUG] - fit_round 9: strategy sampled 10 clients (out of 50)
[2024-05-19 17:59:44,487][flwr][DEBUG] - fit_round 9 received 10 results and 0 failures
[2024-05-19 17:59:48,455][flwr][INFO] - fit progress: (9, 1125.0691614151, {'accuracy': 0.118}, 141.22882647789083)
[2024-05-19 17:59:48,455][flwr][DEBUG] - evaluate_round 9: strategy sampled 1 clients (out of 50)
[2024-05-19 17:59:49,099][flwr][DEBUG] - evaluate_round 9 received 1 results and 0 failures
[2024-05-19 17:59:49,099][flwr][DEBUG] - fit_round 10: strategy sampled 10 clients (out of 50)
[2024-05-19 18:00:00,067][flwr][DEBUG] - fit_round 10 received 10 results and 0 failures
[2024-05-19 18:00:03,922][flwr][INFO] - fit progress: (10, 1752.3322734832764, {'accuracy': 0.1057}, 156.69530197489075)
[2024-05-19 18:00:03,922][flwr][DEBUG] - evaluate_round 10: strategy sampled 1 clients (out of 50)
[2024-05-19 18:00:04,568][flwr][DEBUG] - evaluate_round 10 received 1 results and 0 failures
[2024-05-19 18:00:04,568][flwr][DEBUG] - fit_round 11: strategy sampled 10 clients (out of 50)
[2024-05-19 18:00:15,573][flwr][DEBUG] - fit_round 11 received 10 results and 0 failures
[2024-05-19 18:00:19,517][flwr][INFO] - fit progress: (11, 2838.641689300537, {'accuracy': 0.1047}, 172.29047239897773)
[2024-05-19 18:00:19,517][flwr][DEBUG] - evaluate_round 11: strategy sampled 1 clients (out of 50)
[2024-05-19 18:00:20,176][flwr][DEBUG] - evaluate_round 11 received 1 results and 0 failures
[2024-05-19 18:00:20,176][flwr][DEBUG] - fit_round 12: strategy sampled 10 clients (out of 50)
[2024-05-19 18:00:30,987][flwr][DEBUG] - fit_round 12 received 10 results and 0 failures
[2024-05-19 18:00:35,001][flwr][INFO] - fit progress: (12, 1852.9716968536377, {'accuracy': 0.1348}, 187.7751243999228)
[2024-05-19 18:00:35,002][flwr][DEBUG] - evaluate_round 12: strategy sampled 1 clients (out of 50)
[2024-05-19 18:00:35,661][flwr][DEBUG] - evaluate_round 12 received 1 results and 0 failures
[2024-05-19 18:00:35,662][flwr][DEBUG] - fit_round 13: strategy sampled 10 clients (out of 50)
[2024-05-19 18:00:46,573][flwr][DEBUG] - fit_round 13 received 10 results and 0 failures
[2024-05-19 18:00:50,667][flwr][INFO] - fit progress: (13, 2546.209701538086, {'accuracy': 0.172}, 203.4405036889948)
[2024-05-19 18:00:50,667][flwr][DEBUG] - evaluate_round 13: strategy sampled 1 clients (out of 50)
[2024-05-19 18:00:51,314][flwr][DEBUG] - evaluate_round 13 received 1 results and 0 failures
[2024-05-19 18:00:51,314][flwr][DEBUG] - fit_round 14: strategy sampled 10 clients (out of 50)
[2024-05-19 18:01:02,346][flwr][DEBUG] - fit_round 14 received 10 results and 0 failures
[2024-05-19 18:01:06,274][flwr][INFO] - fit progress: (14, 2163.5843334198, {'accuracy': 0.0503}, 219.04728353000246)
[2024-05-19 18:01:06,274][flwr][DEBUG] - evaluate_round 14: strategy sampled 1 clients (out of 50)
[2024-05-19 18:01:06,928][flwr][DEBUG] - evaluate_round 14 received 1 results and 0 failures
[2024-05-19 18:01:06,928][flwr][DEBUG] - fit_round 15: strategy sampled 10 clients (out of 50)
[2024-05-19 18:01:17,782][flwr][DEBUG] - fit_round 15 received 10 results and 0 failures
[2024-05-19 18:01:22,115][flwr][INFO] - fit progress: (15, 2130.7132244110107, {'accuracy': 0.1336}, 234.88842147309333)
[2024-05-19 18:01:22,115][flwr][DEBUG] - evaluate_round 15: strategy sampled 1 clients (out of 50)
[2024-05-19 18:01:22,777][flwr][DEBUG] - evaluate_round 15 received 1 results and 0 failures
[2024-05-19 18:01:22,777][flwr][DEBUG] - fit_round 16: strategy sampled 10 clients (out of 50)
[2024-05-19 18:01:33,724][flwr][DEBUG] - fit_round 16 received 10 results and 0 failures
[2024-05-19 18:01:37,596][flwr][INFO] - fit progress: (16, 2396.159448623657, {'accuracy': 0.1317}, 250.36924638599157)
[2024-05-19 18:01:37,596][flwr][DEBUG] - evaluate_round 16: strategy sampled 1 clients (out of 50)
[2024-05-19 18:01:38,239][flwr][DEBUG] - evaluate_round 16 received 1 results and 0 failures
[2024-05-19 18:01:38,240][flwr][DEBUG] - fit_round 17: strategy sampled 10 clients (out of 50)
[2024-05-19 18:01:49,182][flwr][DEBUG] - fit_round 17 received 10 results and 0 failures
[2024-05-19 18:01:53,392][flwr][INFO] - fit progress: (17, 2640.89005279541, {'accuracy': 0.1613}, 266.1658898589667)
[2024-05-19 18:01:53,392][flwr][DEBUG] - evaluate_round 17: strategy sampled 1 clients (out of 50)
[2024-05-19 18:01:54,052][flwr][DEBUG] - evaluate_round 17 received 1 results and 0 failures
[2024-05-19 18:01:54,052][flwr][DEBUG] - fit_round 18: strategy sampled 10 clients (out of 50)
[2024-05-19 18:02:05,127][flwr][DEBUG] - fit_round 18 received 10 results and 0 failures
[2024-05-19 18:02:09,124][flwr][INFO] - fit progress: (18, 2682.043634414673, {'accuracy': 0.0603}, 281.89777885889634)
[2024-05-19 18:02:09,124][flwr][DEBUG] - evaluate_round 18: strategy sampled 1 clients (out of 50)
[2024-05-19 18:02:09,785][flwr][DEBUG] - evaluate_round 18 received 1 results and 0 failures
[2024-05-19 18:02:09,785][flwr][DEBUG] - fit_round 19: strategy sampled 10 clients (out of 50)
[2024-05-19 18:02:20,764][flwr][DEBUG] - fit_round 19 received 10 results and 0 failures
[2024-05-19 18:02:24,768][flwr][INFO] - fit progress: (19, 1711.35111618042, {'accuracy': 0.1323}, 297.54149327706546)
[2024-05-19 18:02:24,768][flwr][DEBUG] - evaluate_round 19: strategy sampled 1 clients (out of 50)
[2024-05-19 18:02:25,428][flwr][DEBUG] - evaluate_round 19 received 1 results and 0 failures
[2024-05-19 18:02:25,428][flwr][DEBUG] - fit_round 20: strategy sampled 10 clients (out of 50)
[2024-05-19 18:02:36,380][flwr][DEBUG] - fit_round 20 received 10 results and 0 failures
[2024-05-19 18:02:40,372][flwr][INFO] - fit progress: (20, 1939.6190948486328, {'accuracy': 0.1151}, 313.14531057793647)
[2024-05-19 18:02:40,372][flwr][DEBUG] - evaluate_round 20: strategy sampled 1 clients (out of 50)
[2024-05-19 18:02:41,034][flwr][DEBUG] - evaluate_round 20 received 1 results and 0 failures
[2024-05-19 18:02:41,034][flwr][DEBUG] - fit_round 21: strategy sampled 10 clients (out of 50)
[2024-05-19 18:02:51,929][flwr][DEBUG] - fit_round 21 received 10 results and 0 failures
[2024-05-19 18:02:55,963][flwr][INFO] - fit progress: (21, 2128.3780460357666, {'accuracy': 0.0981}, 328.736930310959)
[2024-05-19 18:02:55,963][flwr][DEBUG] - evaluate_round 21: strategy sampled 1 clients (out of 50)
[2024-05-19 18:02:56,628][flwr][DEBUG] - evaluate_round 21 received 1 results and 0 failures
[2024-05-19 18:02:56,628][flwr][DEBUG] - fit_round 22: strategy sampled 10 clients (out of 50)
