[2024-05-07 15:29:05,086][flwr][INFO] - Starting Flower simulation, config: ServerConfig(num_rounds=100, round_timeout=None)
[2024-05-07 15:29:07,524][flwr][INFO] - Flower VCE: Ray initialized with resources: {'memory': 39073910784.0, 'CPU': 20.0, 'object_store_memory': 19536955392.0, 'node:172.17.34.49': 1.0, 'node:__internal_head__': 1.0, 'GPU': 4.0, 'accelerator_type:G': 1.0}
[2024-05-07 15:29:07,524][flwr][INFO] - Initializing global parameters
[2024-05-07 15:29:07,525][flwr][INFO] - Requesting initial parameters from one random client
[2024-05-07 15:29:10,134][flwr][INFO] - Received initial parameters from one random client
[2024-05-07 15:29:10,134][flwr][INFO] - Evaluating initial parameters
[2024-05-07 15:29:13,534][flwr][INFO] - initial parameters (loss, other metrics): 197.5401382446289, {'accuracy': 0.0781}
[2024-05-07 15:29:13,534][flwr][INFO] - FL starting
[2024-05-07 15:29:13,534][flwr][DEBUG] - fit_round 1: strategy sampled 10 clients (out of 50)
[2024-05-07 15:30:04,484][flwr][DEBUG] - fit_round 1 received 10 results and 0 failures
[2024-05-07 15:30:07,042][flwr][WARNING] - No fit_metrics_aggregation_fn provided
[2024-05-07 15:30:08,970][flwr][INFO] - fit progress: (1, 77.47110974788666, {'accuracy': 0.668}, 55.435976557433605)
[2024-05-07 15:30:08,970][flwr][DEBUG] - evaluate_round 1: strategy sampled 1 clients (out of 50)
[2024-05-07 15:30:12,879][flwr][DEBUG] - evaluate_round 1 received 1 results and 0 failures
[2024-05-07 15:30:12,879][flwr][WARNING] - No evaluate_metrics_aggregation_fn provided
[2024-05-07 15:30:12,880][flwr][DEBUG] - fit_round 2: strategy sampled 10 clients (out of 50)
[2024-05-07 15:31:03,338][flwr][DEBUG] - fit_round 2 received 10 results and 0 failures
[2024-05-07 15:31:07,855][flwr][INFO] - fit progress: (2, 181.57547363638878, {'accuracy': 0.7336}, 114.32073875516653)
[2024-05-07 15:31:07,855][flwr][DEBUG] - evaluate_round 2: strategy sampled 1 clients (out of 50)
[2024-05-07 15:31:11,795][flwr][DEBUG] - evaluate_round 2 received 1 results and 0 failures
[2024-05-07 15:31:11,796][flwr][DEBUG] - fit_round 3: strategy sampled 10 clients (out of 50)
[2024-05-07 15:32:02,800][flwr][DEBUG] - fit_round 3 received 10 results and 0 failures
[2024-05-07 15:32:10,070][flwr][INFO] - fit progress: (3, 129.63582847453654, {'accuracy': 0.8737}, 176.53592582419515)
[2024-05-07 15:32:10,070][flwr][DEBUG] - evaluate_round 3: strategy sampled 1 clients (out of 50)
[2024-05-07 15:32:14,038][flwr][DEBUG] - evaluate_round 3 received 1 results and 0 failures
[2024-05-07 15:32:14,039][flwr][DEBUG] - fit_round 4: strategy sampled 10 clients (out of 50)
[2024-05-07 15:33:04,607][flwr][DEBUG] - fit_round 4 received 10 results and 0 failures
[2024-05-07 15:33:11,737][flwr][INFO] - fit progress: (4, 213.43042860294412, {'accuracy': 0.8935}, 238.20319420099258)
[2024-05-07 15:33:11,737][flwr][DEBUG] - evaluate_round 4: strategy sampled 1 clients (out of 50)
[2024-05-07 15:33:15,704][flwr][DEBUG] - evaluate_round 4 received 1 results and 0 failures
[2024-05-07 15:33:15,705][flwr][DEBUG] - fit_round 5: strategy sampled 10 clients (out of 50)
