[2024-05-03 14:33:38,159][flwr][INFO] - Starting Flower simulation, config: ServerConfig(num_rounds=100, round_timeout=None)
[2024-05-03 14:33:40,546][flwr][INFO] - Flower VCE: Ray initialized with resources: {'node:172.17.34.49': 1.0, 'node:__internal_head__': 1.0, 'object_store_memory': 19056844800.0, 'CPU': 20.0, 'memory': 38113689600.0, 'GPU': 4.0, 'accelerator_type:G': 1.0}
[2024-05-03 14:33:40,546][flwr][INFO] - Initializing global parameters
[2024-05-03 14:33:40,546][flwr][INFO] - Requesting initial parameters from one random client
[2024-05-03 14:33:44,091][flwr][INFO] - Received initial parameters from one random client
[2024-05-03 14:33:44,091][flwr][INFO] - Evaluating initial parameters
[2024-05-03 14:33:50,987][flwr][INFO] - initial parameters (loss, other metrics): 3900.113681793213, {'accuracy': 0.1016}
[2024-05-03 14:33:50,987][flwr][INFO] - FL starting
[2024-05-03 14:33:50,987][flwr][DEBUG] - fit_round 1: strategy sampled 10 clients (out of 50)
[2024-05-03 14:34:05,390][flwr][ERROR] - [36mray::launch_and_fit()[39m (pid=3819841, ip=172.17.34.49)
  File "/home/rkat6291/miniconda3/envs/flower_tutorial/lib/python3.8/site-packages/flwr/simulation/ray_transport/ray_client_proxy.py", line 148, in launch_and_fit
    return maybe_call_fit(
  File "/home/rkat6291/miniconda3/envs/flower_tutorial/lib/python3.8/site-packages/flwr/client/client.py", line 184, in maybe_call_fit
    return client.fit(fit_ins)
  File "/home/rkat6291/miniconda3/envs/flower_tutorial/lib/python3.8/site-packages/flwr/client/app.py", line 297, in _fit
    results = self.numpy_client.fit(parameters, ins.config)  # type: ignore
  File "/share/home/rkat6291/flwr_bnn_fromt/client.py", line 165, in fit
    return self.get_parameters({}), len(self.trainloader), {"client_score":trans_ae.get_similarity_score(self.model.fc4),"client_id_num":self.client_id_num}
  File "/home/rkat6291/miniconda3/envs/flower_tutorial/lib/python3.8/site-packages/torch/nn/modules/module.py", line 1269, in __getattr__
    raise AttributeError("'{}' object has no attribute '{}'".format(
AttributeError: 'Net' object has no attribute 'fc4'
[2024-05-03 14:34:06,761][flwr][ERROR] - [36mray::launch_and_fit()[39m (pid=3819900, ip=172.17.34.49)
  File "/home/rkat6291/miniconda3/envs/flower_tutorial/lib/python3.8/site-packages/flwr/simulation/ray_transport/ray_client_proxy.py", line 148, in launch_and_fit
    return maybe_call_fit(
  File "/home/rkat6291/miniconda3/envs/flower_tutorial/lib/python3.8/site-packages/flwr/client/client.py", line 184, in maybe_call_fit
    return client.fit(fit_ins)
  File "/home/rkat6291/miniconda3/envs/flower_tutorial/lib/python3.8/site-packages/flwr/client/app.py", line 297, in _fit
    results = self.numpy_client.fit(parameters, ins.config)  # type: ignore
  File "/share/home/rkat6291/flwr_bnn_fromt/client.py", line 165, in fit
    return self.get_parameters({}), len(self.trainloader), {"client_score":trans_ae.get_similarity_score(self.model.fc4),"client_id_num":self.client_id_num}
  File "/home/rkat6291/miniconda3/envs/flower_tutorial/lib/python3.8/site-packages/torch/nn/modules/module.py", line 1269, in __getattr__
    raise AttributeError("'{}' object has no attribute '{}'".format(
AttributeError: 'Net' object has no attribute 'fc4'
[2024-05-03 14:34:07,826][flwr][ERROR] - [36mray::launch_and_fit()[39m (pid=3820103, ip=172.17.34.49)
  File "/home/rkat6291/miniconda3/envs/flower_tutorial/lib/python3.8/site-packages/flwr/simulation/ray_transport/ray_client_proxy.py", line 148, in launch_and_fit
    return maybe_call_fit(
  File "/home/rkat6291/miniconda3/envs/flower_tutorial/lib/python3.8/site-packages/flwr/client/client.py", line 184, in maybe_call_fit
    return client.fit(fit_ins)
  File "/home/rkat6291/miniconda3/envs/flower_tutorial/lib/python3.8/site-packages/flwr/client/app.py", line 297, in _fit
    results = self.numpy_client.fit(parameters, ins.config)  # type: ignore
  File "/share/home/rkat6291/flwr_bnn_fromt/client.py", line 165, in fit
    return self.get_parameters({}), len(self.trainloader), {"client_score":trans_ae.get_similarity_score(self.model.fc4),"client_id_num":self.client_id_num}
  File "/home/rkat6291/miniconda3/envs/flower_tutorial/lib/python3.8/site-packages/torch/nn/modules/module.py", line 1269, in __getattr__
    raise AttributeError("'{}' object has no attribute '{}'".format(
AttributeError: 'Net' object has no attribute 'fc4'
[2024-05-03 14:34:08,426][flwr][ERROR] - [36mray::launch_and_fit()[39m (pid=3819966, ip=172.17.34.49)
  File "/home/rkat6291/miniconda3/envs/flower_tutorial/lib/python3.8/site-packages/flwr/simulation/ray_transport/ray_client_proxy.py", line 148, in launch_and_fit
    return maybe_call_fit(
  File "/home/rkat6291/miniconda3/envs/flower_tutorial/lib/python3.8/site-packages/flwr/client/client.py", line 184, in maybe_call_fit
    return client.fit(fit_ins)
  File "/home/rkat6291/miniconda3/envs/flower_tutorial/lib/python3.8/site-packages/flwr/client/app.py", line 297, in _fit
    results = self.numpy_client.fit(parameters, ins.config)  # type: ignore
  File "/share/home/rkat6291/flwr_bnn_fromt/client.py", line 165, in fit
    return self.get_parameters({}), len(self.trainloader), {"client_score":trans_ae.get_similarity_score(self.model.fc4),"client_id_num":self.client_id_num}
  File "/home/rkat6291/miniconda3/envs/flower_tutorial/lib/python3.8/site-packages/torch/nn/modules/module.py", line 1269, in __getattr__
    raise AttributeError("'{}' object has no attribute '{}'".format(
AttributeError: 'Net' object has no attribute 'fc4'
[2024-05-03 14:34:09,004][flwr][ERROR] - [36mray::launch_and_fit()[39m (pid=3820037, ip=172.17.34.49)
  File "/home/rkat6291/miniconda3/envs/flower_tutorial/lib/python3.8/site-packages/flwr/simulation/ray_transport/ray_client_proxy.py", line 148, in launch_and_fit
    return maybe_call_fit(
  File "/home/rkat6291/miniconda3/envs/flower_tutorial/lib/python3.8/site-packages/flwr/client/client.py", line 184, in maybe_call_fit
    return client.fit(fit_ins)
  File "/home/rkat6291/miniconda3/envs/flower_tutorial/lib/python3.8/site-packages/flwr/client/app.py", line 297, in _fit
    results = self.numpy_client.fit(parameters, ins.config)  # type: ignore
  File "/share/home/rkat6291/flwr_bnn_fromt/client.py", line 165, in fit
    return self.get_parameters({}), len(self.trainloader), {"client_score":trans_ae.get_similarity_score(self.model.fc4),"client_id_num":self.client_id_num}
  File "/home/rkat6291/miniconda3/envs/flower_tutorial/lib/python3.8/site-packages/torch/nn/modules/module.py", line 1269, in __getattr__
    raise AttributeError("'{}' object has no attribute '{}'".format(
AttributeError: 'Net' object has no attribute 'fc4'
[2024-05-03 14:34:12,402][flwr][ERROR] - [36mray::launch_and_fit()[39m (pid=3820476, ip=172.17.34.49)
  File "/home/rkat6291/miniconda3/envs/flower_tutorial/lib/python3.8/site-packages/flwr/simulation/ray_transport/ray_client_proxy.py", line 148, in launch_and_fit
    return maybe_call_fit(
  File "/home/rkat6291/miniconda3/envs/flower_tutorial/lib/python3.8/site-packages/flwr/client/client.py", line 184, in maybe_call_fit
    return client.fit(fit_ins)
  File "/home/rkat6291/miniconda3/envs/flower_tutorial/lib/python3.8/site-packages/flwr/client/app.py", line 297, in _fit
    results = self.numpy_client.fit(parameters, ins.config)  # type: ignore
  File "/share/home/rkat6291/flwr_bnn_fromt/client.py", line 165, in fit
    return self.get_parameters({}), len(self.trainloader), {"client_score":trans_ae.get_similarity_score(self.model.fc4),"client_id_num":self.client_id_num}
  File "/home/rkat6291/miniconda3/envs/flower_tutorial/lib/python3.8/site-packages/torch/nn/modules/module.py", line 1269, in __getattr__
    raise AttributeError("'{}' object has no attribute '{}'".format(
AttributeError: 'Net' object has no attribute 'fc4'
[2024-05-03 14:34:13,917][flwr][ERROR] - [36mray::launch_and_fit()[39m (pid=3820539, ip=172.17.34.49)
  File "/home/rkat6291/miniconda3/envs/flower_tutorial/lib/python3.8/site-packages/flwr/simulation/ray_transport/ray_client_proxy.py", line 148, in launch_and_fit
    return maybe_call_fit(
  File "/home/rkat6291/miniconda3/envs/flower_tutorial/lib/python3.8/site-packages/flwr/client/client.py", line 184, in maybe_call_fit
    return client.fit(fit_ins)
  File "/home/rkat6291/miniconda3/envs/flower_tutorial/lib/python3.8/site-packages/flwr/client/app.py", line 297, in _fit
    results = self.numpy_client.fit(parameters, ins.config)  # type: ignore
  File "/share/home/rkat6291/flwr_bnn_fromt/client.py", line 165, in fit
    return self.get_parameters({}), len(self.trainloader), {"client_score":trans_ae.get_similarity_score(self.model.fc4),"client_id_num":self.client_id_num}
  File "/home/rkat6291/miniconda3/envs/flower_tutorial/lib/python3.8/site-packages/torch/nn/modules/module.py", line 1269, in __getattr__
    raise AttributeError("'{}' object has no attribute '{}'".format(
AttributeError: 'Net' object has no attribute 'fc4'
[2024-05-03 14:34:14,552][flwr][ERROR] - [36mray::launch_and_fit()[39m (pid=3820608, ip=172.17.34.49)
  File "/home/rkat6291/miniconda3/envs/flower_tutorial/lib/python3.8/site-packages/flwr/simulation/ray_transport/ray_client_proxy.py", line 148, in launch_and_fit
    return maybe_call_fit(
  File "/home/rkat6291/miniconda3/envs/flower_tutorial/lib/python3.8/site-packages/flwr/client/client.py", line 184, in maybe_call_fit
    return client.fit(fit_ins)
  File "/home/rkat6291/miniconda3/envs/flower_tutorial/lib/python3.8/site-packages/flwr/client/app.py", line 297, in _fit
    results = self.numpy_client.fit(parameters, ins.config)  # type: ignore
  File "/share/home/rkat6291/flwr_bnn_fromt/client.py", line 165, in fit
    return self.get_parameters({}), len(self.trainloader), {"client_score":trans_ae.get_similarity_score(self.model.fc4),"client_id_num":self.client_id_num}
  File "/home/rkat6291/miniconda3/envs/flower_tutorial/lib/python3.8/site-packages/torch/nn/modules/module.py", line 1269, in __getattr__
    raise AttributeError("'{}' object has no attribute '{}'".format(
AttributeError: 'Net' object has no attribute 'fc4'
[2024-05-03 14:34:15,912][flwr][ERROR] - [36mray::launch_and_fit()[39m (pid=3820732, ip=172.17.34.49)
  File "/home/rkat6291/miniconda3/envs/flower_tutorial/lib/python3.8/site-packages/flwr/simulation/ray_transport/ray_client_proxy.py", line 148, in launch_and_fit
    return maybe_call_fit(
  File "/home/rkat6291/miniconda3/envs/flower_tutorial/lib/python3.8/site-packages/flwr/client/client.py", line 184, in maybe_call_fit
    return client.fit(fit_ins)
  File "/home/rkat6291/miniconda3/envs/flower_tutorial/lib/python3.8/site-packages/flwr/client/app.py", line 297, in _fit
    results = self.numpy_client.fit(parameters, ins.config)  # type: ignore
  File "/share/home/rkat6291/flwr_bnn_fromt/client.py", line 165, in fit
    return self.get_parameters({}), len(self.trainloader), {"client_score":trans_ae.get_similarity_score(self.model.fc4),"client_id_num":self.client_id_num}
  File "/home/rkat6291/miniconda3/envs/flower_tutorial/lib/python3.8/site-packages/torch/nn/modules/module.py", line 1269, in __getattr__
    raise AttributeError("'{}' object has no attribute '{}'".format(
AttributeError: 'Net' object has no attribute 'fc4'
[2024-05-03 14:34:16,705][flwr][ERROR] - [36mray::launch_and_fit()[39m (pid=3820783, ip=172.17.34.49)
  File "/home/rkat6291/miniconda3/envs/flower_tutorial/lib/python3.8/site-packages/flwr/simulation/ray_transport/ray_client_proxy.py", line 148, in launch_and_fit
    return maybe_call_fit(
  File "/home/rkat6291/miniconda3/envs/flower_tutorial/lib/python3.8/site-packages/flwr/client/client.py", line 184, in maybe_call_fit
    return client.fit(fit_ins)
  File "/home/rkat6291/miniconda3/envs/flower_tutorial/lib/python3.8/site-packages/flwr/client/app.py", line 297, in _fit
    results = self.numpy_client.fit(parameters, ins.config)  # type: ignore
  File "/share/home/rkat6291/flwr_bnn_fromt/client.py", line 165, in fit
    return self.get_parameters({}), len(self.trainloader), {"client_score":trans_ae.get_similarity_score(self.model.fc4),"client_id_num":self.client_id_num}
  File "/home/rkat6291/miniconda3/envs/flower_tutorial/lib/python3.8/site-packages/torch/nn/modules/module.py", line 1269, in __getattr__
    raise AttributeError("'{}' object has no attribute '{}'".format(
AttributeError: 'Net' object has no attribute 'fc4'
[2024-05-03 14:34:16,706][flwr][DEBUG] - fit_round 1 received 0 results and 10 failures
[2024-05-03 14:34:21,873][flwr][INFO] - fit progress: (1, 3900.113681793213, {'accuracy': 0.1016}, 30.88591092452407)
[2024-05-03 14:34:21,873][flwr][DEBUG] - evaluate_round 1: strategy sampled 10 clients (out of 50)
[2024-05-03 14:34:31,841][flwr][ERROR] - [36mray::launch_and_evaluate()[39m (pid=3821268, ip=172.17.34.49)
  File "/home/rkat6291/miniconda3/envs/flower_tutorial/lib/python3.8/site-packages/flwr/simulation/ray_transport/ray_client_proxy.py", line 160, in launch_and_evaluate
    return maybe_call_evaluate(
  File "/home/rkat6291/miniconda3/envs/flower_tutorial/lib/python3.8/site-packages/flwr/client/client.py", line 205, in maybe_call_evaluate
    return client.evaluate(evaluate_ins)
  File "/home/rkat6291/miniconda3/envs/flower_tutorial/lib/python3.8/site-packages/flwr/client/app.py", line 321, in _evaluate
    results = self.numpy_client.evaluate(parameters, ins.config)  # type: ignore
  File "/share/home/rkat6291/flwr_bnn_fromt/client.py", line 170, in evaluate
    loss, accuracy = test(self.model, self.valloader, self.device)
  File "/share/home/rkat6291/flwr_bnn_fromt/model_vgg_cifar10_binary.py", line 104, in test
    net.to(device)
  File "/home/rkat6291/miniconda3/envs/flower_tutorial/lib/python3.8/site-packages/torch/nn/modules/module.py", line 989, in to
    return self._apply(convert)
  File "/home/rkat6291/miniconda3/envs/flower_tutorial/lib/python3.8/site-packages/torch/nn/modules/module.py", line 641, in _apply
    module._apply(fn)
  File "/home/rkat6291/miniconda3/envs/flower_tutorial/lib/python3.8/site-packages/torch/nn/modules/module.py", line 641, in _apply
    module._apply(fn)
  File "/home/rkat6291/miniconda3/envs/flower_tutorial/lib/python3.8/site-packages/torch/nn/modules/module.py", line 664, in _apply
    param_applied = fn(param)
  File "/home/rkat6291/miniconda3/envs/flower_tutorial/lib/python3.8/site-packages/torch/nn/modules/module.py", line 987, in convert
    return t.to(device, dtype if t.is_floating_point() or t.is_complex() else None, non_blocking)
torch.cuda.OutOfMemoryError: CUDA out of memory. Tried to allocate 42.00 MiB (GPU 0; 9.78 GiB total capacity; 125.63 MiB already allocated; 39.56 MiB free; 150.00 MiB reserved in total by PyTorch) If reserved memory is >> allocated memory try setting max_split_size_mb to avoid fragmentation.  See documentation for Memory Management and PYTORCH_CUDA_ALLOC_CONF
[2024-05-03 14:34:41,590][flwr][ERROR] - [36mray::launch_and_evaluate()[39m (pid=3821892, ip=172.17.34.49)
  File "/home/rkat6291/miniconda3/envs/flower_tutorial/lib/python3.8/site-packages/flwr/simulation/ray_transport/ray_client_proxy.py", line 160, in launch_and_evaluate
    return maybe_call_evaluate(
  File "/home/rkat6291/miniconda3/envs/flower_tutorial/lib/python3.8/site-packages/flwr/client/client.py", line 205, in maybe_call_evaluate
    return client.evaluate(evaluate_ins)
  File "/home/rkat6291/miniconda3/envs/flower_tutorial/lib/python3.8/site-packages/flwr/client/app.py", line 321, in _evaluate
    results = self.numpy_client.evaluate(parameters, ins.config)  # type: ignore
  File "/share/home/rkat6291/flwr_bnn_fromt/client.py", line 170, in evaluate
    loss, accuracy = test(self.model, self.valloader, self.device)
  File "/share/home/rkat6291/flwr_bnn_fromt/model_vgg_cifar10_binary.py", line 108, in test
    outputs = net(images)
  File "/home/rkat6291/miniconda3/envs/flower_tutorial/lib/python3.8/site-packages/torch/nn/modules/module.py", line 1194, in _call_impl
    return forward_call(*input, **kwargs)
  File "/share/home/rkat6291/flwr_bnn_fromt/model_vgg_cifar10_binary.py", line 72, in forward
    x = self.features(x)
  File "/home/rkat6291/miniconda3/envs/flower_tutorial/lib/python3.8/site-packages/torch/nn/modules/module.py", line 1194, in _call_impl
    return forward_call(*input, **kwargs)
  File "/home/rkat6291/miniconda3/envs/flower_tutorial/lib/python3.8/site-packages/torch/nn/modules/container.py", line 204, in forward
    input = module(input)
  File "/home/rkat6291/miniconda3/envs/flower_tutorial/lib/python3.8/site-packages/torch/nn/modules/module.py", line 1194, in _call_impl
    return forward_call(*input, **kwargs)
  File "/share/home/rkat6291/flwr_bnn_fromt/models/binarized_modules.py", line 130, in forward
    out = nn.functional.conv2d(input_b, weight_b, None, self.stride,
RuntimeError: cuDNN error: CUDNN_STATUS_NOT_INITIALIZED
[2024-05-03 14:34:41,591][flwr][ERROR] - [36mray::launch_and_evaluate()[39m (pid=3821907, ip=172.17.34.49)
  File "/home/rkat6291/miniconda3/envs/flower_tutorial/lib/python3.8/site-packages/flwr/simulation/ray_transport/ray_client_proxy.py", line 160, in launch_and_evaluate
    return maybe_call_evaluate(
  File "/home/rkat6291/miniconda3/envs/flower_tutorial/lib/python3.8/site-packages/flwr/client/client.py", line 205, in maybe_call_evaluate
    return client.evaluate(evaluate_ins)
  File "/home/rkat6291/miniconda3/envs/flower_tutorial/lib/python3.8/site-packages/flwr/client/app.py", line 321, in _evaluate
    results = self.numpy_client.evaluate(parameters, ins.config)  # type: ignore
  File "/share/home/rkat6291/flwr_bnn_fromt/client.py", line 170, in evaluate
    loss, accuracy = test(self.model, self.valloader, self.device)
  File "/share/home/rkat6291/flwr_bnn_fromt/model_vgg_cifar10_binary.py", line 108, in test
    outputs = net(images)
  File "/home/rkat6291/miniconda3/envs/flower_tutorial/lib/python3.8/site-packages/torch/nn/modules/module.py", line 1194, in _call_impl
    return forward_call(*input, **kwargs)
  File "/share/home/rkat6291/flwr_bnn_fromt/model_vgg_cifar10_binary.py", line 72, in forward
    x = self.features(x)
  File "/home/rkat6291/miniconda3/envs/flower_tutorial/lib/python3.8/site-packages/torch/nn/modules/module.py", line 1194, in _call_impl
    return forward_call(*input, **kwargs)
  File "/home/rkat6291/miniconda3/envs/flower_tutorial/lib/python3.8/site-packages/torch/nn/modules/container.py", line 204, in forward
    input = module(input)
  File "/home/rkat6291/miniconda3/envs/flower_tutorial/lib/python3.8/site-packages/torch/nn/modules/module.py", line 1194, in _call_impl
    return forward_call(*input, **kwargs)
  File "/share/home/rkat6291/flwr_bnn_fromt/models/binarized_modules.py", line 130, in forward
    out = nn.functional.conv2d(input_b, weight_b, None, self.stride,
RuntimeError: cuDNN error: CUDNN_STATUS_NOT_INITIALIZED
[2024-05-03 14:34:42,913][flwr][DEBUG] - evaluate_round 1 received 7 results and 3 failures
[2024-05-03 14:34:42,913][flwr][WARNING] - No evaluate_metrics_aggregation_fn provided
[2024-05-03 14:34:42,913][flwr][DEBUG] - fit_round 2: strategy sampled 10 clients (out of 50)
[2024-05-03 14:34:59,980][flwr][ERROR] - [36mray::launch_and_fit()[39m (pid=3822614, ip=172.17.34.49)
  File "/home/rkat6291/miniconda3/envs/flower_tutorial/lib/python3.8/site-packages/flwr/simulation/ray_transport/ray_client_proxy.py", line 148, in launch_and_fit
    return maybe_call_fit(
  File "/home/rkat6291/miniconda3/envs/flower_tutorial/lib/python3.8/site-packages/flwr/client/client.py", line 184, in maybe_call_fit
    return client.fit(fit_ins)
  File "/home/rkat6291/miniconda3/envs/flower_tutorial/lib/python3.8/site-packages/flwr/client/app.py", line 297, in _fit
    results = self.numpy_client.fit(parameters, ins.config)  # type: ignore
  File "/share/home/rkat6291/flwr_bnn_fromt/client.py", line 165, in fit
    return self.get_parameters({}), len(self.trainloader), {"client_score":trans_ae.get_similarity_score(self.model.fc4),"client_id_num":self.client_id_num}
  File "/home/rkat6291/miniconda3/envs/flower_tutorial/lib/python3.8/site-packages/torch/nn/modules/module.py", line 1269, in __getattr__
    raise AttributeError("'{}' object has no attribute '{}'".format(
AttributeError: 'Net' object has no attribute 'fc4'
[2024-05-03 14:35:01,132][flwr][ERROR] - [36mray::launch_and_fit()[39m (pid=3822478, ip=172.17.34.49)
  File "/home/rkat6291/miniconda3/envs/flower_tutorial/lib/python3.8/site-packages/flwr/simulation/ray_transport/ray_client_proxy.py", line 148, in launch_and_fit
    return maybe_call_fit(
  File "/home/rkat6291/miniconda3/envs/flower_tutorial/lib/python3.8/site-packages/flwr/client/client.py", line 184, in maybe_call_fit
    return client.fit(fit_ins)
  File "/home/rkat6291/miniconda3/envs/flower_tutorial/lib/python3.8/site-packages/flwr/client/app.py", line 297, in _fit
    results = self.numpy_client.fit(parameters, ins.config)  # type: ignore
  File "/share/home/rkat6291/flwr_bnn_fromt/client.py", line 165, in fit
    return self.get_parameters({}), len(self.trainloader), {"client_score":trans_ae.get_similarity_score(self.model.fc4),"client_id_num":self.client_id_num}
  File "/home/rkat6291/miniconda3/envs/flower_tutorial/lib/python3.8/site-packages/torch/nn/modules/module.py", line 1269, in __getattr__
    raise AttributeError("'{}' object has no attribute '{}'".format(
AttributeError: 'Net' object has no attribute 'fc4'
[2024-05-03 14:35:01,375][flwr][ERROR] - [36mray::launch_and_fit()[39m (pid=3822568, ip=172.17.34.49)
  File "/home/rkat6291/miniconda3/envs/flower_tutorial/lib/python3.8/site-packages/flwr/simulation/ray_transport/ray_client_proxy.py", line 148, in launch_and_fit
    return maybe_call_fit(
  File "/home/rkat6291/miniconda3/envs/flower_tutorial/lib/python3.8/site-packages/flwr/client/client.py", line 184, in maybe_call_fit
    return client.fit(fit_ins)
  File "/home/rkat6291/miniconda3/envs/flower_tutorial/lib/python3.8/site-packages/flwr/client/app.py", line 297, in _fit
    results = self.numpy_client.fit(parameters, ins.config)  # type: ignore
  File "/share/home/rkat6291/flwr_bnn_fromt/client.py", line 165, in fit
    return self.get_parameters({}), len(self.trainloader), {"client_score":trans_ae.get_similarity_score(self.model.fc4),"client_id_num":self.client_id_num}
  File "/home/rkat6291/miniconda3/envs/flower_tutorial/lib/python3.8/site-packages/torch/nn/modules/module.py", line 1269, in __getattr__
    raise AttributeError("'{}' object has no attribute '{}'".format(
AttributeError: 'Net' object has no attribute 'fc4'
[2024-05-03 14:35:01,459][flwr][ERROR] - [36mray::launch_and_fit()[39m (pid=3822475, ip=172.17.34.49)
  File "/home/rkat6291/miniconda3/envs/flower_tutorial/lib/python3.8/site-packages/flwr/simulation/ray_transport/ray_client_proxy.py", line 148, in launch_and_fit
    return maybe_call_fit(
  File "/home/rkat6291/miniconda3/envs/flower_tutorial/lib/python3.8/site-packages/flwr/client/client.py", line 184, in maybe_call_fit
    return client.fit(fit_ins)
  File "/home/rkat6291/miniconda3/envs/flower_tutorial/lib/python3.8/site-packages/flwr/client/app.py", line 297, in _fit
    results = self.numpy_client.fit(parameters, ins.config)  # type: ignore
  File "/share/home/rkat6291/flwr_bnn_fromt/client.py", line 165, in fit
    return self.get_parameters({}), len(self.trainloader), {"client_score":trans_ae.get_similarity_score(self.model.fc4),"client_id_num":self.client_id_num}
  File "/home/rkat6291/miniconda3/envs/flower_tutorial/lib/python3.8/site-packages/torch/nn/modules/module.py", line 1269, in __getattr__
    raise AttributeError("'{}' object has no attribute '{}'".format(
AttributeError: 'Net' object has no attribute 'fc4'
[2024-05-03 14:35:01,472][flwr][ERROR] - [36mray::launch_and_fit()[39m (pid=3822474, ip=172.17.34.49)
  File "/home/rkat6291/miniconda3/envs/flower_tutorial/lib/python3.8/site-packages/flwr/simulation/ray_transport/ray_client_proxy.py", line 148, in launch_and_fit
    return maybe_call_fit(
  File "/home/rkat6291/miniconda3/envs/flower_tutorial/lib/python3.8/site-packages/flwr/client/client.py", line 184, in maybe_call_fit
    return client.fit(fit_ins)
  File "/home/rkat6291/miniconda3/envs/flower_tutorial/lib/python3.8/site-packages/flwr/client/app.py", line 297, in _fit
    results = self.numpy_client.fit(parameters, ins.config)  # type: ignore
  File "/share/home/rkat6291/flwr_bnn_fromt/client.py", line 165, in fit
    return self.get_parameters({}), len(self.trainloader), {"client_score":trans_ae.get_similarity_score(self.model.fc4),"client_id_num":self.client_id_num}
  File "/home/rkat6291/miniconda3/envs/flower_tutorial/lib/python3.8/site-packages/torch/nn/modules/module.py", line 1269, in __getattr__
    raise AttributeError("'{}' object has no attribute '{}'".format(
AttributeError: 'Net' object has no attribute 'fc4'
[2024-05-03 14:35:06,928][flwr][ERROR] - [36mray::launch_and_fit()[39m (pid=3823015, ip=172.17.34.49)
  File "/home/rkat6291/miniconda3/envs/flower_tutorial/lib/python3.8/site-packages/flwr/simulation/ray_transport/ray_client_proxy.py", line 148, in launch_and_fit
    return maybe_call_fit(
  File "/home/rkat6291/miniconda3/envs/flower_tutorial/lib/python3.8/site-packages/flwr/client/client.py", line 184, in maybe_call_fit
    return client.fit(fit_ins)
  File "/home/rkat6291/miniconda3/envs/flower_tutorial/lib/python3.8/site-packages/flwr/client/app.py", line 297, in _fit
    results = self.numpy_client.fit(parameters, ins.config)  # type: ignore
  File "/share/home/rkat6291/flwr_bnn_fromt/client.py", line 165, in fit
    return self.get_parameters({}), len(self.trainloader), {"client_score":trans_ae.get_similarity_score(self.model.fc4),"client_id_num":self.client_id_num}
  File "/home/rkat6291/miniconda3/envs/flower_tutorial/lib/python3.8/site-packages/torch/nn/modules/module.py", line 1269, in __getattr__
    raise AttributeError("'{}' object has no attribute '{}'".format(
AttributeError: 'Net' object has no attribute 'fc4'
[2024-05-03 14:35:08,968][flwr][ERROR] - [36mray::launch_and_fit()[39m (pid=3823088, ip=172.17.34.49)
  File "/home/rkat6291/miniconda3/envs/flower_tutorial/lib/python3.8/site-packages/flwr/simulation/ray_transport/ray_client_proxy.py", line 148, in launch_and_fit
    return maybe_call_fit(
  File "/home/rkat6291/miniconda3/envs/flower_tutorial/lib/python3.8/site-packages/flwr/client/client.py", line 184, in maybe_call_fit
    return client.fit(fit_ins)
  File "/home/rkat6291/miniconda3/envs/flower_tutorial/lib/python3.8/site-packages/flwr/client/app.py", line 297, in _fit
    results = self.numpy_client.fit(parameters, ins.config)  # type: ignore
  File "/share/home/rkat6291/flwr_bnn_fromt/client.py", line 165, in fit
    return self.get_parameters({}), len(self.trainloader), {"client_score":trans_ae.get_similarity_score(self.model.fc4),"client_id_num":self.client_id_num}
  File "/home/rkat6291/miniconda3/envs/flower_tutorial/lib/python3.8/site-packages/torch/nn/modules/module.py", line 1269, in __getattr__
    raise AttributeError("'{}' object has no attribute '{}'".format(
AttributeError: 'Net' object has no attribute 'fc4'
[2024-05-03 14:35:09,684][flwr][ERROR] - [36mray::launch_and_fit()[39m (pid=3823118, ip=172.17.34.49)
  File "/home/rkat6291/miniconda3/envs/flower_tutorial/lib/python3.8/site-packages/flwr/simulation/ray_transport/ray_client_proxy.py", line 148, in launch_and_fit
    return maybe_call_fit(
  File "/home/rkat6291/miniconda3/envs/flower_tutorial/lib/python3.8/site-packages/flwr/client/client.py", line 184, in maybe_call_fit
    return client.fit(fit_ins)
  File "/home/rkat6291/miniconda3/envs/flower_tutorial/lib/python3.8/site-packages/flwr/client/app.py", line 297, in _fit
    results = self.numpy_client.fit(parameters, ins.config)  # type: ignore
  File "/share/home/rkat6291/flwr_bnn_fromt/client.py", line 165, in fit
    return self.get_parameters({}), len(self.trainloader), {"client_score":trans_ae.get_similarity_score(self.model.fc4),"client_id_num":self.client_id_num}
  File "/home/rkat6291/miniconda3/envs/flower_tutorial/lib/python3.8/site-packages/torch/nn/modules/module.py", line 1269, in __getattr__
    raise AttributeError("'{}' object has no attribute '{}'".format(
AttributeError: 'Net' object has no attribute 'fc4'
[2024-05-03 14:35:10,002][flwr][ERROR] - [36mray::launch_and_fit()[39m (pid=3823148, ip=172.17.34.49)
  File "/home/rkat6291/miniconda3/envs/flower_tutorial/lib/python3.8/site-packages/flwr/simulation/ray_transport/ray_client_proxy.py", line 148, in launch_and_fit
    return maybe_call_fit(
  File "/home/rkat6291/miniconda3/envs/flower_tutorial/lib/python3.8/site-packages/flwr/client/client.py", line 184, in maybe_call_fit
    return client.fit(fit_ins)
  File "/home/rkat6291/miniconda3/envs/flower_tutorial/lib/python3.8/site-packages/flwr/client/app.py", line 297, in _fit
    results = self.numpy_client.fit(parameters, ins.config)  # type: ignore
  File "/share/home/rkat6291/flwr_bnn_fromt/client.py", line 165, in fit
    return self.get_parameters({}), len(self.trainloader), {"client_score":trans_ae.get_similarity_score(self.model.fc4),"client_id_num":self.client_id_num}
  File "/home/rkat6291/miniconda3/envs/flower_tutorial/lib/python3.8/site-packages/torch/nn/modules/module.py", line 1269, in __getattr__
    raise AttributeError("'{}' object has no attribute '{}'".format(
AttributeError: 'Net' object has no attribute 'fc4'
[2024-05-03 14:35:10,159][flwr][ERROR] - [36mray::launch_and_fit()[39m (pid=3823154, ip=172.17.34.49)
  File "/home/rkat6291/miniconda3/envs/flower_tutorial/lib/python3.8/site-packages/flwr/simulation/ray_transport/ray_client_proxy.py", line 148, in launch_and_fit
    return maybe_call_fit(
  File "/home/rkat6291/miniconda3/envs/flower_tutorial/lib/python3.8/site-packages/flwr/client/client.py", line 184, in maybe_call_fit
    return client.fit(fit_ins)
  File "/home/rkat6291/miniconda3/envs/flower_tutorial/lib/python3.8/site-packages/flwr/client/app.py", line 297, in _fit
    results = self.numpy_client.fit(parameters, ins.config)  # type: ignore
  File "/share/home/rkat6291/flwr_bnn_fromt/client.py", line 165, in fit
    return self.get_parameters({}), len(self.trainloader), {"client_score":trans_ae.get_similarity_score(self.model.fc4),"client_id_num":self.client_id_num}
  File "/home/rkat6291/miniconda3/envs/flower_tutorial/lib/python3.8/site-packages/torch/nn/modules/module.py", line 1269, in __getattr__
    raise AttributeError("'{}' object has no attribute '{}'".format(
AttributeError: 'Net' object has no attribute 'fc4'
[2024-05-03 14:35:10,160][flwr][DEBUG] - fit_round 2 received 0 results and 10 failures
[2024-05-03 14:35:15,350][flwr][INFO] - fit progress: (2, 3900.113681793213, {'accuracy': 0.1016}, 84.36296625062823)
[2024-05-03 14:35:15,350][flwr][DEBUG] - evaluate_round 2: strategy sampled 10 clients (out of 50)
[2024-05-03 14:35:37,025][flwr][DEBUG] - evaluate_round 2 received 10 results and 0 failures
[2024-05-03 14:35:37,025][flwr][DEBUG] - fit_round 3: strategy sampled 10 clients (out of 50)
[2024-05-03 14:35:53,404][flwr][ERROR] - [36mray::launch_and_fit()[39m (pid=3824992, ip=172.17.34.49)
  File "/home/rkat6291/miniconda3/envs/flower_tutorial/lib/python3.8/site-packages/flwr/simulation/ray_transport/ray_client_proxy.py", line 148, in launch_and_fit
    return maybe_call_fit(
  File "/home/rkat6291/miniconda3/envs/flower_tutorial/lib/python3.8/site-packages/flwr/client/client.py", line 184, in maybe_call_fit
    return client.fit(fit_ins)
  File "/home/rkat6291/miniconda3/envs/flower_tutorial/lib/python3.8/site-packages/flwr/client/app.py", line 297, in _fit
    results = self.numpy_client.fit(parameters, ins.config)  # type: ignore
  File "/share/home/rkat6291/flwr_bnn_fromt/client.py", line 165, in fit
    return self.get_parameters({}), len(self.trainloader), {"client_score":trans_ae.get_similarity_score(self.model.fc4),"client_id_num":self.client_id_num}
  File "/home/rkat6291/miniconda3/envs/flower_tutorial/lib/python3.8/site-packages/torch/nn/modules/module.py", line 1269, in __getattr__
    raise AttributeError("'{}' object has no attribute '{}'".format(
AttributeError: 'Net' object has no attribute 'fc4'
[2024-05-03 14:35:53,891][flwr][ERROR] - [36mray::launch_and_fit()[39m (pid=3825041, ip=172.17.34.49)
  File "/home/rkat6291/miniconda3/envs/flower_tutorial/lib/python3.8/site-packages/flwr/simulation/ray_transport/ray_client_proxy.py", line 148, in launch_and_fit
    return maybe_call_fit(
  File "/home/rkat6291/miniconda3/envs/flower_tutorial/lib/python3.8/site-packages/flwr/client/client.py", line 184, in maybe_call_fit
    return client.fit(fit_ins)
  File "/home/rkat6291/miniconda3/envs/flower_tutorial/lib/python3.8/site-packages/flwr/client/app.py", line 297, in _fit
    results = self.numpy_client.fit(parameters, ins.config)  # type: ignore
  File "/share/home/rkat6291/flwr_bnn_fromt/client.py", line 165, in fit
    return self.get_parameters({}), len(self.trainloader), {"client_score":trans_ae.get_similarity_score(self.model.fc4),"client_id_num":self.client_id_num}
  File "/home/rkat6291/miniconda3/envs/flower_tutorial/lib/python3.8/site-packages/torch/nn/modules/module.py", line 1269, in __getattr__
    raise AttributeError("'{}' object has no attribute '{}'".format(
AttributeError: 'Net' object has no attribute 'fc4'
[2024-05-03 14:35:54,513][flwr][ERROR] - [36mray::launch_and_fit()[39m (pid=3825038, ip=172.17.34.49)
  File "/home/rkat6291/miniconda3/envs/flower_tutorial/lib/python3.8/site-packages/flwr/simulation/ray_transport/ray_client_proxy.py", line 148, in launch_and_fit
    return maybe_call_fit(
  File "/home/rkat6291/miniconda3/envs/flower_tutorial/lib/python3.8/site-packages/flwr/client/client.py", line 184, in maybe_call_fit
    return client.fit(fit_ins)
  File "/home/rkat6291/miniconda3/envs/flower_tutorial/lib/python3.8/site-packages/flwr/client/app.py", line 297, in _fit
    results = self.numpy_client.fit(parameters, ins.config)  # type: ignore
  File "/share/home/rkat6291/flwr_bnn_fromt/client.py", line 165, in fit
    return self.get_parameters({}), len(self.trainloader), {"client_score":trans_ae.get_similarity_score(self.model.fc4),"client_id_num":self.client_id_num}
  File "/home/rkat6291/miniconda3/envs/flower_tutorial/lib/python3.8/site-packages/torch/nn/modules/module.py", line 1269, in __getattr__
    raise AttributeError("'{}' object has no attribute '{}'".format(
AttributeError: 'Net' object has no attribute 'fc4'
[2024-05-03 14:35:55,261][flwr][ERROR] - [36mray::launch_and_fit()[39m (pid=3825039, ip=172.17.34.49)
  File "/home/rkat6291/miniconda3/envs/flower_tutorial/lib/python3.8/site-packages/flwr/simulation/ray_transport/ray_client_proxy.py", line 148, in launch_and_fit
    return maybe_call_fit(
  File "/home/rkat6291/miniconda3/envs/flower_tutorial/lib/python3.8/site-packages/flwr/client/client.py", line 184, in maybe_call_fit
    return client.fit(fit_ins)
  File "/home/rkat6291/miniconda3/envs/flower_tutorial/lib/python3.8/site-packages/flwr/client/app.py", line 297, in _fit
    results = self.numpy_client.fit(parameters, ins.config)  # type: ignore
  File "/share/home/rkat6291/flwr_bnn_fromt/client.py", line 165, in fit
    return self.get_parameters({}), len(self.trainloader), {"client_score":trans_ae.get_similarity_score(self.model.fc4),"client_id_num":self.client_id_num}
  File "/home/rkat6291/miniconda3/envs/flower_tutorial/lib/python3.8/site-packages/torch/nn/modules/module.py", line 1269, in __getattr__
    raise AttributeError("'{}' object has no attribute '{}'".format(
AttributeError: 'Net' object has no attribute 'fc4'
[2024-05-03 14:35:55,361][flwr][ERROR] - [36mray::launch_and_fit()[39m (pid=3825040, ip=172.17.34.49)
  File "/home/rkat6291/miniconda3/envs/flower_tutorial/lib/python3.8/site-packages/flwr/simulation/ray_transport/ray_client_proxy.py", line 148, in launch_and_fit
    return maybe_call_fit(
  File "/home/rkat6291/miniconda3/envs/flower_tutorial/lib/python3.8/site-packages/flwr/client/client.py", line 184, in maybe_call_fit
    return client.fit(fit_ins)
  File "/home/rkat6291/miniconda3/envs/flower_tutorial/lib/python3.8/site-packages/flwr/client/app.py", line 297, in _fit
    results = self.numpy_client.fit(parameters, ins.config)  # type: ignore
  File "/share/home/rkat6291/flwr_bnn_fromt/client.py", line 165, in fit
    return self.get_parameters({}), len(self.trainloader), {"client_score":trans_ae.get_similarity_score(self.model.fc4),"client_id_num":self.client_id_num}
  File "/home/rkat6291/miniconda3/envs/flower_tutorial/lib/python3.8/site-packages/torch/nn/modules/module.py", line 1269, in __getattr__
    raise AttributeError("'{}' object has no attribute '{}'".format(
AttributeError: 'Net' object has no attribute 'fc4'
[2024-05-03 14:36:00,540][flwr][ERROR] - [36mray::launch_and_fit()[39m (pid=3825539, ip=172.17.34.49)
  File "/home/rkat6291/miniconda3/envs/flower_tutorial/lib/python3.8/site-packages/flwr/simulation/ray_transport/ray_client_proxy.py", line 148, in launch_and_fit
    return maybe_call_fit(
  File "/home/rkat6291/miniconda3/envs/flower_tutorial/lib/python3.8/site-packages/flwr/client/client.py", line 184, in maybe_call_fit
    return client.fit(fit_ins)
  File "/home/rkat6291/miniconda3/envs/flower_tutorial/lib/python3.8/site-packages/flwr/client/app.py", line 297, in _fit
    results = self.numpy_client.fit(parameters, ins.config)  # type: ignore
  File "/share/home/rkat6291/flwr_bnn_fromt/client.py", line 165, in fit
    return self.get_parameters({}), len(self.trainloader), {"client_score":trans_ae.get_similarity_score(self.model.fc4),"client_id_num":self.client_id_num}
  File "/home/rkat6291/miniconda3/envs/flower_tutorial/lib/python3.8/site-packages/torch/nn/modules/module.py", line 1269, in __getattr__
    raise AttributeError("'{}' object has no attribute '{}'".format(
AttributeError: 'Net' object has no attribute 'fc4'
[2024-05-03 14:36:00,869][flwr][ERROR] - [36mray::launch_and_fit()[39m (pid=3825590, ip=172.17.34.49)
  File "/home/rkat6291/miniconda3/envs/flower_tutorial/lib/python3.8/site-packages/flwr/simulation/ray_transport/ray_client_proxy.py", line 148, in launch_and_fit
    return maybe_call_fit(
  File "/home/rkat6291/miniconda3/envs/flower_tutorial/lib/python3.8/site-packages/flwr/client/client.py", line 184, in maybe_call_fit
    return client.fit(fit_ins)
  File "/home/rkat6291/miniconda3/envs/flower_tutorial/lib/python3.8/site-packages/flwr/client/app.py", line 297, in _fit
    results = self.numpy_client.fit(parameters, ins.config)  # type: ignore
  File "/share/home/rkat6291/flwr_bnn_fromt/client.py", line 165, in fit
    return self.get_parameters({}), len(self.trainloader), {"client_score":trans_ae.get_similarity_score(self.model.fc4),"client_id_num":self.client_id_num}
  File "/home/rkat6291/miniconda3/envs/flower_tutorial/lib/python3.8/site-packages/torch/nn/modules/module.py", line 1269, in __getattr__
    raise AttributeError("'{}' object has no attribute '{}'".format(
AttributeError: 'Net' object has no attribute 'fc4'
[2024-05-03 14:36:01,928][flwr][ERROR] - [36mray::launch_and_fit()[39m (pid=3825641, ip=172.17.34.49)
  File "/home/rkat6291/miniconda3/envs/flower_tutorial/lib/python3.8/site-packages/flwr/simulation/ray_transport/ray_client_proxy.py", line 148, in launch_and_fit
    return maybe_call_fit(
  File "/home/rkat6291/miniconda3/envs/flower_tutorial/lib/python3.8/site-packages/flwr/client/client.py", line 184, in maybe_call_fit
    return client.fit(fit_ins)
  File "/home/rkat6291/miniconda3/envs/flower_tutorial/lib/python3.8/site-packages/flwr/client/app.py", line 297, in _fit
    results = self.numpy_client.fit(parameters, ins.config)  # type: ignore
  File "/share/home/rkat6291/flwr_bnn_fromt/client.py", line 165, in fit
    return self.get_parameters({}), len(self.trainloader), {"client_score":trans_ae.get_similarity_score(self.model.fc4),"client_id_num":self.client_id_num}
  File "/home/rkat6291/miniconda3/envs/flower_tutorial/lib/python3.8/site-packages/torch/nn/modules/module.py", line 1269, in __getattr__
    raise AttributeError("'{}' object has no attribute '{}'".format(
AttributeError: 'Net' object has no attribute 'fc4'
[2024-05-03 14:36:03,935][flwr][ERROR] - [36mray::launch_and_fit()[39m (pid=3825730, ip=172.17.34.49)
  File "/home/rkat6291/miniconda3/envs/flower_tutorial/lib/python3.8/site-packages/flwr/simulation/ray_transport/ray_client_proxy.py", line 148, in launch_and_fit
    return maybe_call_fit(
  File "/home/rkat6291/miniconda3/envs/flower_tutorial/lib/python3.8/site-packages/flwr/client/client.py", line 184, in maybe_call_fit
    return client.fit(fit_ins)
  File "/home/rkat6291/miniconda3/envs/flower_tutorial/lib/python3.8/site-packages/flwr/client/app.py", line 297, in _fit
    results = self.numpy_client.fit(parameters, ins.config)  # type: ignore
  File "/share/home/rkat6291/flwr_bnn_fromt/client.py", line 165, in fit
    return self.get_parameters({}), len(self.trainloader), {"client_score":trans_ae.get_similarity_score(self.model.fc4),"client_id_num":self.client_id_num}
  File "/home/rkat6291/miniconda3/envs/flower_tutorial/lib/python3.8/site-packages/torch/nn/modules/module.py", line 1269, in __getattr__
    raise AttributeError("'{}' object has no attribute '{}'".format(
AttributeError: 'Net' object has no attribute 'fc4'
[2024-05-03 14:36:03,938][flwr][ERROR] - [36mray::launch_and_fit()[39m (pid=3825722, ip=172.17.34.49)
  File "/home/rkat6291/miniconda3/envs/flower_tutorial/lib/python3.8/site-packages/flwr/simulation/ray_transport/ray_client_proxy.py", line 148, in launch_and_fit
    return maybe_call_fit(
  File "/home/rkat6291/miniconda3/envs/flower_tutorial/lib/python3.8/site-packages/flwr/client/client.py", line 184, in maybe_call_fit
    return client.fit(fit_ins)
  File "/home/rkat6291/miniconda3/envs/flower_tutorial/lib/python3.8/site-packages/flwr/client/app.py", line 297, in _fit
    results = self.numpy_client.fit(parameters, ins.config)  # type: ignore
  File "/share/home/rkat6291/flwr_bnn_fromt/client.py", line 165, in fit
    return self.get_parameters({}), len(self.trainloader), {"client_score":trans_ae.get_similarity_score(self.model.fc4),"client_id_num":self.client_id_num}
  File "/home/rkat6291/miniconda3/envs/flower_tutorial/lib/python3.8/site-packages/torch/nn/modules/module.py", line 1269, in __getattr__
    raise AttributeError("'{}' object has no attribute '{}'".format(
AttributeError: 'Net' object has no attribute 'fc4'
[2024-05-03 14:36:03,939][flwr][DEBUG] - fit_round 3 received 0 results and 10 failures
[2024-05-03 14:36:09,162][flwr][INFO] - fit progress: (3, 3900.113681793213, {'accuracy': 0.1016}, 138.17493318393826)
[2024-05-03 14:36:09,162][flwr][DEBUG] - evaluate_round 3: strategy sampled 10 clients (out of 50)
[2024-05-03 14:36:31,034][flwr][DEBUG] - evaluate_round 3 received 10 results and 0 failures
[2024-05-03 14:36:31,035][flwr][DEBUG] - fit_round 4: strategy sampled 10 clients (out of 50)
[2024-05-03 14:36:44,578][flwr][ERROR] - [36mray::launch_and_fit()[39m (pid=3827502, ip=172.17.34.49)
  File "/home/rkat6291/miniconda3/envs/flower_tutorial/lib/python3.8/site-packages/flwr/simulation/ray_transport/ray_client_proxy.py", line 148, in launch_and_fit
    return maybe_call_fit(
  File "/home/rkat6291/miniconda3/envs/flower_tutorial/lib/python3.8/site-packages/flwr/client/client.py", line 184, in maybe_call_fit
    return client.fit(fit_ins)
  File "/home/rkat6291/miniconda3/envs/flower_tutorial/lib/python3.8/site-packages/flwr/client/app.py", line 297, in _fit
    results = self.numpy_client.fit(parameters, ins.config)  # type: ignore
  File "/share/home/rkat6291/flwr_bnn_fromt/client.py", line 165, in fit
    return self.get_parameters({}), len(self.trainloader), {"client_score":trans_ae.get_similarity_score(self.model.fc4),"client_id_num":self.client_id_num}
  File "/home/rkat6291/miniconda3/envs/flower_tutorial/lib/python3.8/site-packages/torch/nn/modules/module.py", line 1269, in __getattr__
    raise AttributeError("'{}' object has no attribute '{}'".format(
AttributeError: 'Net' object has no attribute 'fc4'
[2024-05-03 14:36:45,788][flwr][ERROR] - [36mray::launch_and_fit()[39m (pid=3827548, ip=172.17.34.49)
  File "/home/rkat6291/miniconda3/envs/flower_tutorial/lib/python3.8/site-packages/flwr/simulation/ray_transport/ray_client_proxy.py", line 148, in launch_and_fit
    return maybe_call_fit(
  File "/home/rkat6291/miniconda3/envs/flower_tutorial/lib/python3.8/site-packages/flwr/client/client.py", line 184, in maybe_call_fit
    return client.fit(fit_ins)
  File "/home/rkat6291/miniconda3/envs/flower_tutorial/lib/python3.8/site-packages/flwr/client/app.py", line 297, in _fit
    results = self.numpy_client.fit(parameters, ins.config)  # type: ignore
  File "/share/home/rkat6291/flwr_bnn_fromt/client.py", line 165, in fit
    return self.get_parameters({}), len(self.trainloader), {"client_score":trans_ae.get_similarity_score(self.model.fc4),"client_id_num":self.client_id_num}
  File "/home/rkat6291/miniconda3/envs/flower_tutorial/lib/python3.8/site-packages/torch/nn/modules/module.py", line 1269, in __getattr__
    raise AttributeError("'{}' object has no attribute '{}'".format(
AttributeError: 'Net' object has no attribute 'fc4'
[2024-05-03 14:36:48,279][flwr][ERROR] - [36mray::launch_and_fit()[39m (pid=3827680, ip=172.17.34.49)
  File "/home/rkat6291/miniconda3/envs/flower_tutorial/lib/python3.8/site-packages/flwr/simulation/ray_transport/ray_client_proxy.py", line 148, in launch_and_fit
    return maybe_call_fit(
  File "/home/rkat6291/miniconda3/envs/flower_tutorial/lib/python3.8/site-packages/flwr/client/client.py", line 184, in maybe_call_fit
    return client.fit(fit_ins)
  File "/home/rkat6291/miniconda3/envs/flower_tutorial/lib/python3.8/site-packages/flwr/client/app.py", line 297, in _fit
    results = self.numpy_client.fit(parameters, ins.config)  # type: ignore
  File "/share/home/rkat6291/flwr_bnn_fromt/client.py", line 165, in fit
    return self.get_parameters({}), len(self.trainloader), {"client_score":trans_ae.get_similarity_score(self.model.fc4),"client_id_num":self.client_id_num}
  File "/home/rkat6291/miniconda3/envs/flower_tutorial/lib/python3.8/site-packages/torch/nn/modules/module.py", line 1269, in __getattr__
    raise AttributeError("'{}' object has no attribute '{}'".format(
AttributeError: 'Net' object has no attribute 'fc4'
[2024-05-03 14:36:49,808][flwr][ERROR] - [36mray::launch_and_fit()[39m (pid=3827655, ip=172.17.34.49)
  File "/home/rkat6291/miniconda3/envs/flower_tutorial/lib/python3.8/site-packages/flwr/simulation/ray_transport/ray_client_proxy.py", line 148, in launch_and_fit
    return maybe_call_fit(
  File "/home/rkat6291/miniconda3/envs/flower_tutorial/lib/python3.8/site-packages/flwr/client/client.py", line 184, in maybe_call_fit
    return client.fit(fit_ins)
  File "/home/rkat6291/miniconda3/envs/flower_tutorial/lib/python3.8/site-packages/flwr/client/app.py", line 297, in _fit
    results = self.numpy_client.fit(parameters, ins.config)  # type: ignore
  File "/share/home/rkat6291/flwr_bnn_fromt/client.py", line 165, in fit
    return self.get_parameters({}), len(self.trainloader), {"client_score":trans_ae.get_similarity_score(self.model.fc4),"client_id_num":self.client_id_num}
  File "/home/rkat6291/miniconda3/envs/flower_tutorial/lib/python3.8/site-packages/torch/nn/modules/module.py", line 1269, in __getattr__
    raise AttributeError("'{}' object has no attribute '{}'".format(
AttributeError: 'Net' object has no attribute 'fc4'
[2024-05-03 14:36:49,808][flwr][ERROR] - [36mray::launch_and_fit()[39m (pid=3827679, ip=172.17.34.49)
  File "/home/rkat6291/miniconda3/envs/flower_tutorial/lib/python3.8/site-packages/flwr/simulation/ray_transport/ray_client_proxy.py", line 148, in launch_and_fit
    return maybe_call_fit(
  File "/home/rkat6291/miniconda3/envs/flower_tutorial/lib/python3.8/site-packages/flwr/client/client.py", line 184, in maybe_call_fit
    return client.fit(fit_ins)
  File "/home/rkat6291/miniconda3/envs/flower_tutorial/lib/python3.8/site-packages/flwr/client/app.py", line 297, in _fit
    results = self.numpy_client.fit(parameters, ins.config)  # type: ignore
  File "/share/home/rkat6291/flwr_bnn_fromt/client.py", line 165, in fit
    return self.get_parameters({}), len(self.trainloader), {"client_score":trans_ae.get_similarity_score(self.model.fc4),"client_id_num":self.client_id_num}
  File "/home/rkat6291/miniconda3/envs/flower_tutorial/lib/python3.8/site-packages/torch/nn/modules/module.py", line 1269, in __getattr__
    raise AttributeError("'{}' object has no attribute '{}'".format(
AttributeError: 'Net' object has no attribute 'fc4'
[2024-05-03 14:36:51,501][flwr][ERROR] - [36mray::launch_and_fit()[39m (pid=3828057, ip=172.17.34.49)
  File "/home/rkat6291/miniconda3/envs/flower_tutorial/lib/python3.8/site-packages/flwr/simulation/ray_transport/ray_client_proxy.py", line 148, in launch_and_fit
    return maybe_call_fit(
  File "/home/rkat6291/miniconda3/envs/flower_tutorial/lib/python3.8/site-packages/flwr/client/client.py", line 184, in maybe_call_fit
    return client.fit(fit_ins)
  File "/home/rkat6291/miniconda3/envs/flower_tutorial/lib/python3.8/site-packages/flwr/client/app.py", line 297, in _fit
    results = self.numpy_client.fit(parameters, ins.config)  # type: ignore
  File "/share/home/rkat6291/flwr_bnn_fromt/client.py", line 165, in fit
    return self.get_parameters({}), len(self.trainloader), {"client_score":trans_ae.get_similarity_score(self.model.fc4),"client_id_num":self.client_id_num}
  File "/home/rkat6291/miniconda3/envs/flower_tutorial/lib/python3.8/site-packages/torch/nn/modules/module.py", line 1269, in __getattr__
    raise AttributeError("'{}' object has no attribute '{}'".format(
AttributeError: 'Net' object has no attribute 'fc4'
[2024-05-03 14:36:53,170][flwr][ERROR] - [36mray::launch_and_fit()[39m (pid=3828112, ip=172.17.34.49)
  File "/home/rkat6291/miniconda3/envs/flower_tutorial/lib/python3.8/site-packages/flwr/simulation/ray_transport/ray_client_proxy.py", line 148, in launch_and_fit
    return maybe_call_fit(
  File "/home/rkat6291/miniconda3/envs/flower_tutorial/lib/python3.8/site-packages/flwr/client/client.py", line 184, in maybe_call_fit
    return client.fit(fit_ins)
  File "/home/rkat6291/miniconda3/envs/flower_tutorial/lib/python3.8/site-packages/flwr/client/app.py", line 297, in _fit
    results = self.numpy_client.fit(parameters, ins.config)  # type: ignore
  File "/share/home/rkat6291/flwr_bnn_fromt/client.py", line 165, in fit
    return self.get_parameters({}), len(self.trainloader), {"client_score":trans_ae.get_similarity_score(self.model.fc4),"client_id_num":self.client_id_num}
  File "/home/rkat6291/miniconda3/envs/flower_tutorial/lib/python3.8/site-packages/torch/nn/modules/module.py", line 1269, in __getattr__
    raise AttributeError("'{}' object has no attribute '{}'".format(
AttributeError: 'Net' object has no attribute 'fc4'
[2024-05-03 14:36:54,807][flwr][ERROR] - [36mray::launch_and_fit()[39m (pid=3828262, ip=172.17.34.49)
  File "/home/rkat6291/miniconda3/envs/flower_tutorial/lib/python3.8/site-packages/flwr/simulation/ray_transport/ray_client_proxy.py", line 148, in launch_and_fit
    return maybe_call_fit(
  File "/home/rkat6291/miniconda3/envs/flower_tutorial/lib/python3.8/site-packages/flwr/client/client.py", line 184, in maybe_call_fit
    return client.fit(fit_ins)
  File "/home/rkat6291/miniconda3/envs/flower_tutorial/lib/python3.8/site-packages/flwr/client/app.py", line 297, in _fit
    results = self.numpy_client.fit(parameters, ins.config)  # type: ignore
  File "/share/home/rkat6291/flwr_bnn_fromt/client.py", line 165, in fit
    return self.get_parameters({}), len(self.trainloader), {"client_score":trans_ae.get_similarity_score(self.model.fc4),"client_id_num":self.client_id_num}
  File "/home/rkat6291/miniconda3/envs/flower_tutorial/lib/python3.8/site-packages/torch/nn/modules/module.py", line 1269, in __getattr__
    raise AttributeError("'{}' object has no attribute '{}'".format(
AttributeError: 'Net' object has no attribute 'fc4'
[2024-05-03 14:36:57,917][flwr][ERROR] - [36mray::launch_and_fit()[39m (pid=3828371, ip=172.17.34.49)
  File "/home/rkat6291/miniconda3/envs/flower_tutorial/lib/python3.8/site-packages/flwr/simulation/ray_transport/ray_client_proxy.py", line 148, in launch_and_fit
    return maybe_call_fit(
  File "/home/rkat6291/miniconda3/envs/flower_tutorial/lib/python3.8/site-packages/flwr/client/client.py", line 184, in maybe_call_fit
    return client.fit(fit_ins)
  File "/home/rkat6291/miniconda3/envs/flower_tutorial/lib/python3.8/site-packages/flwr/client/app.py", line 297, in _fit
    results = self.numpy_client.fit(parameters, ins.config)  # type: ignore
  File "/share/home/rkat6291/flwr_bnn_fromt/client.py", line 165, in fit
    return self.get_parameters({}), len(self.trainloader), {"client_score":trans_ae.get_similarity_score(self.model.fc4),"client_id_num":self.client_id_num}
  File "/home/rkat6291/miniconda3/envs/flower_tutorial/lib/python3.8/site-packages/torch/nn/modules/module.py", line 1269, in __getattr__
    raise AttributeError("'{}' object has no attribute '{}'".format(
AttributeError: 'Net' object has no attribute 'fc4'
