[2024-06-02 12:00:49,854][flwr][INFO] - Starting Flower simulation, config: ServerConfig(num_rounds=100, round_timeout=None)
[2024-06-02 12:00:51,923][flwr][INFO] - Flower VCE: Ray initialized with resources: {'memory': 83174417818.0, 'CPU': 24.0, 'accelerator_type:G': 1.0, 'GPU': 2.0, 'node:172.17.34.3': 1.0, 'object_store_memory': 39931893350.0}
[2024-06-02 12:00:51,924][flwr][INFO] - Initializing global parameters
[2024-06-02 12:00:51,924][flwr][INFO] - Requesting initial parameters from one random client
[2024-06-02 12:00:53,165][flwr][INFO] - Received initial parameters from one random client
[2024-06-02 12:00:53,165][flwr][INFO] - Evaluating initial parameters
[2024-06-02 12:00:55,113][flwr][INFO] - initial parameters (loss, other metrics): 180.76261854171753, {'accuracy': 0.0705}
[2024-06-02 12:00:55,113][flwr][INFO] - FL starting
[2024-06-02 12:00:55,113][flwr][DEBUG] - fit_round 1: strategy sampled 10 clients (out of 50)
[2024-06-02 12:01:00,000][flwr][DEBUG] - fit_round 1 received 10 results and 0 failures
[2024-06-02 12:01:00,071][flwr][WARNING] - No fit_metrics_aggregation_fn provided
[2024-06-02 12:01:00,405][flwr][INFO] - fit progress: (1, 148.2055071592331, {'accuracy': 0.3393}, 5.291970483958721)
[2024-06-02 12:01:00,405][flwr][DEBUG] - evaluate_round 1: strategy sampled 1 clients (out of 50)
[2024-06-02 12:01:00,551][flwr][DEBUG] - evaluate_round 1 received 1 results and 0 failures
[2024-06-02 12:01:00,551][flwr][WARNING] - No evaluate_metrics_aggregation_fn provided
[2024-06-02 12:01:00,551][flwr][DEBUG] - fit_round 2: strategy sampled 10 clients (out of 50)
[2024-06-02 12:01:01,273][flwr][DEBUG] - fit_round 2 received 10 results and 0 failures
[2024-06-02 12:01:01,657][flwr][INFO] - fit progress: (2, 106.15493875741959, {'accuracy': 0.6594}, 6.543951048050076)
[2024-06-02 12:01:01,657][flwr][DEBUG] - evaluate_round 2: strategy sampled 1 clients (out of 50)
[2024-06-02 12:01:01,844][flwr][DEBUG] - evaluate_round 2 received 1 results and 0 failures
[2024-06-02 12:01:01,845][flwr][DEBUG] - fit_round 3: strategy sampled 10 clients (out of 50)
[2024-06-02 12:01:02,644][flwr][DEBUG] - fit_round 3 received 10 results and 0 failures
[2024-06-02 12:01:03,031][flwr][INFO] - fit progress: (3, 55.8183174431324, {'accuracy': 0.7542}, 7.918338717892766)
[2024-06-02 12:01:03,031][flwr][DEBUG] - evaluate_round 3: strategy sampled 1 clients (out of 50)
[2024-06-02 12:01:03,210][flwr][DEBUG] - evaluate_round 3 received 1 results and 0 failures
[2024-06-02 12:01:03,210][flwr][DEBUG] - fit_round 4: strategy sampled 10 clients (out of 50)
[2024-06-02 12:01:03,994][flwr][DEBUG] - fit_round 4 received 10 results and 0 failures
[2024-06-02 12:01:04,372][flwr][INFO] - fit progress: (4, 64.38197195529938, {'accuracy': 0.7389}, 9.259477085899562)
[2024-06-02 12:01:04,372][flwr][DEBUG] - evaluate_round 4: strategy sampled 1 clients (out of 50)
[2024-06-02 12:01:04,552][flwr][DEBUG] - evaluate_round 4 received 1 results and 0 failures
[2024-06-02 12:01:04,552][flwr][DEBUG] - fit_round 5: strategy sampled 10 clients (out of 50)
[2024-06-02 12:01:05,270][flwr][DEBUG] - fit_round 5 received 10 results and 0 failures
[2024-06-02 12:01:05,657][flwr][INFO] - fit progress: (5, 36.18839205801487, {'accuracy': 0.858}, 10.543764491099864)
[2024-06-02 12:01:05,657][flwr][DEBUG] - evaluate_round 5: strategy sampled 1 clients (out of 50)
[2024-06-02 12:01:05,820][flwr][DEBUG] - evaluate_round 5 received 1 results and 0 failures
[2024-06-02 12:01:05,820][flwr][DEBUG] - fit_round 6: strategy sampled 10 clients (out of 50)
[2024-06-02 12:01:06,566][flwr][DEBUG] - fit_round 6 received 10 results and 0 failures
[2024-06-02 12:01:06,950][flwr][INFO] - fit progress: (6, 35.10833005607128, {'accuracy': 0.8413}, 11.837389257736504)
[2024-06-02 12:01:06,950][flwr][DEBUG] - evaluate_round 6: strategy sampled 1 clients (out of 50)
[2024-06-02 12:01:07,090][flwr][DEBUG] - evaluate_round 6 received 1 results and 0 failures
[2024-06-02 12:01:07,090][flwr][DEBUG] - fit_round 7: strategy sampled 10 clients (out of 50)
[2024-06-02 12:01:07,873][flwr][DEBUG] - fit_round 7 received 10 results and 0 failures
[2024-06-02 12:01:08,257][flwr][INFO] - fit progress: (7, 29.55577565729618, {'accuracy': 0.8589}, 13.143693363759667)
[2024-06-02 12:01:08,257][flwr][DEBUG] - evaluate_round 7: strategy sampled 1 clients (out of 50)
[2024-06-02 12:01:08,427][flwr][DEBUG] - evaluate_round 7 received 1 results and 0 failures
[2024-06-02 12:01:08,428][flwr][DEBUG] - fit_round 8: strategy sampled 10 clients (out of 50)
[2024-06-02 12:01:09,243][flwr][DEBUG] - fit_round 8 received 10 results and 0 failures
[2024-06-02 12:01:09,626][flwr][INFO] - fit progress: (8, 32.12815311551094, {'accuracy': 0.8395}, 14.51364840194583)
[2024-06-02 12:01:09,627][flwr][DEBUG] - evaluate_round 8: strategy sampled 1 clients (out of 50)
[2024-06-02 12:01:09,802][flwr][DEBUG] - evaluate_round 8 received 1 results and 0 failures
[2024-06-02 12:01:09,803][flwr][DEBUG] - fit_round 9: strategy sampled 10 clients (out of 50)
[2024-06-02 12:01:10,630][flwr][DEBUG] - fit_round 9 received 10 results and 0 failures
[2024-06-02 12:01:11,020][flwr][INFO] - fit progress: (9, 21.75200590491295, {'accuracy': 0.901}, 15.907314211130142)
[2024-06-02 12:01:11,020][flwr][DEBUG] - evaluate_round 9: strategy sampled 1 clients (out of 50)
[2024-06-02 12:01:11,204][flwr][DEBUG] - evaluate_round 9 received 1 results and 0 failures
[2024-06-02 12:01:11,204][flwr][DEBUG] - fit_round 10: strategy sampled 10 clients (out of 50)
[2024-06-02 12:01:11,935][flwr][DEBUG] - fit_round 10 received 10 results and 0 failures
[2024-06-02 12:01:12,318][flwr][INFO] - fit progress: (10, 13.566577700898051, {'accuracy': 0.948}, 17.204736167099327)
[2024-06-02 12:01:12,318][flwr][DEBUG] - evaluate_round 10: strategy sampled 1 clients (out of 50)
[2024-06-02 12:01:12,486][flwr][DEBUG] - evaluate_round 10 received 1 results and 0 failures
[2024-06-02 12:01:12,486][flwr][DEBUG] - fit_round 11: strategy sampled 10 clients (out of 50)
[2024-06-02 12:01:13,282][flwr][DEBUG] - fit_round 11 received 10 results and 0 failures
[2024-06-02 12:01:13,671][flwr][INFO] - fit progress: (11, 9.865550292655826, {'accuracy': 0.9586}, 18.558623655699193)
[2024-06-02 12:01:13,672][flwr][DEBUG] - evaluate_round 11: strategy sampled 1 clients (out of 50)
[2024-06-02 12:01:13,838][flwr][DEBUG] - evaluate_round 11 received 1 results and 0 failures
[2024-06-02 12:01:13,838][flwr][DEBUG] - fit_round 12: strategy sampled 10 clients (out of 50)
[2024-06-02 12:01:14,602][flwr][DEBUG] - fit_round 12 received 10 results and 0 failures
[2024-06-02 12:01:14,985][flwr][INFO] - fit progress: (12, 8.765064018778503, {'accuracy': 0.9661}, 19.872316729743034)
[2024-06-02 12:01:14,985][flwr][DEBUG] - evaluate_round 12: strategy sampled 1 clients (out of 50)
[2024-06-02 12:01:15,151][flwr][DEBUG] - evaluate_round 12 received 1 results and 0 failures
[2024-06-02 12:01:15,151][flwr][DEBUG] - fit_round 13: strategy sampled 10 clients (out of 50)
[2024-06-02 12:01:15,910][flwr][DEBUG] - fit_round 13 received 10 results and 0 failures
[2024-06-02 12:01:16,293][flwr][INFO] - fit progress: (13, 20.298374190926552, {'accuracy': 0.9077}, 21.17984176473692)
[2024-06-02 12:01:16,293][flwr][DEBUG] - evaluate_round 13: strategy sampled 1 clients (out of 50)
[2024-06-02 12:01:16,474][flwr][DEBUG] - evaluate_round 13 received 1 results and 0 failures
[2024-06-02 12:01:16,474][flwr][DEBUG] - fit_round 14: strategy sampled 10 clients (out of 50)
[2024-06-02 12:01:17,312][flwr][DEBUG] - fit_round 14 received 10 results and 0 failures
[2024-06-02 12:01:17,692][flwr][INFO] - fit progress: (14, 11.160076258704066, {'accuracy': 0.953}, 22.578981048893183)
[2024-06-02 12:01:17,692][flwr][DEBUG] - evaluate_round 14: strategy sampled 1 clients (out of 50)
[2024-06-02 12:01:17,860][flwr][DEBUG] - evaluate_round 14 received 1 results and 0 failures
[2024-06-02 12:01:17,860][flwr][DEBUG] - fit_round 15: strategy sampled 10 clients (out of 50)
[2024-06-02 12:01:18,661][flwr][DEBUG] - fit_round 15 received 10 results and 0 failures
[2024-06-02 12:01:19,049][flwr][INFO] - fit progress: (15, 8.451246264390647, {'accuracy': 0.9688}, 23.936570805031806)
[2024-06-02 12:01:19,050][flwr][DEBUG] - evaluate_round 15: strategy sampled 1 clients (out of 50)
[2024-06-02 12:01:19,227][flwr][DEBUG] - evaluate_round 15 received 1 results and 0 failures
[2024-06-02 12:01:19,228][flwr][DEBUG] - fit_round 16: strategy sampled 10 clients (out of 50)
[2024-06-02 12:01:20,046][flwr][DEBUG] - fit_round 16 received 10 results and 0 failures
[2024-06-02 12:01:20,428][flwr][INFO] - fit progress: (16, 8.179013637360185, {'accuracy': 0.9634}, 25.31489730393514)
[2024-06-02 12:01:20,428][flwr][DEBUG] - evaluate_round 16: strategy sampled 1 clients (out of 50)
[2024-06-02 12:01:20,594][flwr][DEBUG] - evaluate_round 16 received 1 results and 0 failures
[2024-06-02 12:01:20,594][flwr][DEBUG] - fit_round 17: strategy sampled 10 clients (out of 50)
[2024-06-02 12:01:21,309][flwr][DEBUG] - fit_round 17 received 10 results and 0 failures
[2024-06-02 12:01:21,690][flwr][INFO] - fit progress: (17, 8.511464331764728, {'accuracy': 0.9636}, 26.576847997959703)
[2024-06-02 12:01:21,690][flwr][DEBUG] - evaluate_round 17: strategy sampled 1 clients (out of 50)
[2024-06-02 12:01:21,862][flwr][DEBUG] - evaluate_round 17 received 1 results and 0 failures
[2024-06-02 12:01:21,863][flwr][DEBUG] - fit_round 18: strategy sampled 10 clients (out of 50)
[2024-06-02 12:01:22,663][flwr][DEBUG] - fit_round 18 received 10 results and 0 failures
[2024-06-02 12:01:23,050][flwr][INFO] - fit progress: (18, 5.734830131288618, {'accuracy': 0.9763}, 27.93760623689741)
[2024-06-02 12:01:23,051][flwr][DEBUG] - evaluate_round 18: strategy sampled 1 clients (out of 50)
[2024-06-02 12:01:23,196][flwr][DEBUG] - evaluate_round 18 received 1 results and 0 failures
[2024-06-02 12:01:23,196][flwr][DEBUG] - fit_round 19: strategy sampled 10 clients (out of 50)
[2024-06-02 12:01:24,061][flwr][DEBUG] - fit_round 19 received 10 results and 0 failures
[2024-06-02 12:01:24,440][flwr][INFO] - fit progress: (19, 6.768267531879246, {'accuracy': 0.9697}, 29.32741448096931)
[2024-06-02 12:01:24,440][flwr][DEBUG] - evaluate_round 19: strategy sampled 1 clients (out of 50)
[2024-06-02 12:01:24,603][flwr][DEBUG] - evaluate_round 19 received 1 results and 0 failures
[2024-06-02 12:01:24,604][flwr][DEBUG] - fit_round 20: strategy sampled 10 clients (out of 50)
[2024-06-02 12:01:25,344][flwr][DEBUG] - fit_round 20 received 10 results and 0 failures
[2024-06-02 12:01:25,727][flwr][INFO] - fit progress: (20, 6.157781535293907, {'accuracy': 0.9766}, 30.61445393273607)
[2024-06-02 12:01:25,727][flwr][DEBUG] - evaluate_round 20: strategy sampled 1 clients (out of 50)
[2024-06-02 12:01:25,905][flwr][DEBUG] - evaluate_round 20 received 1 results and 0 failures
[2024-06-02 12:01:25,905][flwr][DEBUG] - fit_round 21: strategy sampled 10 clients (out of 50)
[2024-06-02 12:01:26,719][flwr][DEBUG] - fit_round 21 received 10 results and 0 failures
[2024-06-02 12:01:27,103][flwr][INFO] - fit progress: (21, 6.922293236711994, {'accuracy': 0.9717}, 31.990433083847165)
[2024-06-02 12:01:27,103][flwr][DEBUG] - evaluate_round 21: strategy sampled 1 clients (out of 50)
[2024-06-02 12:01:27,245][flwr][DEBUG] - evaluate_round 21 received 1 results and 0 failures
[2024-06-02 12:01:27,245][flwr][DEBUG] - fit_round 22: strategy sampled 10 clients (out of 50)
[2024-06-02 12:01:28,005][flwr][DEBUG] - fit_round 22 received 10 results and 0 failures
[2024-06-02 12:01:28,384][flwr][INFO] - fit progress: (22, 5.23485135298688, {'accuracy': 0.9778}, 33.27115466911346)
[2024-06-02 12:01:28,384][flwr][DEBUG] - evaluate_round 22: strategy sampled 1 clients (out of 50)
[2024-06-02 12:01:28,535][flwr][DEBUG] - evaluate_round 22 received 1 results and 0 failures
[2024-06-02 12:01:28,535][flwr][DEBUG] - fit_round 23: strategy sampled 10 clients (out of 50)
[2024-06-02 12:01:29,282][flwr][DEBUG] - fit_round 23 received 10 results and 0 failures
[2024-06-02 12:01:29,666][flwr][INFO] - fit progress: (23, 9.13557385513559, {'accuracy': 0.9573}, 34.55335715180263)
[2024-06-02 12:01:29,666][flwr][DEBUG] - evaluate_round 23: strategy sampled 1 clients (out of 50)
[2024-06-02 12:01:29,832][flwr][DEBUG] - evaluate_round 23 received 1 results and 0 failures
[2024-06-02 12:01:29,832][flwr][DEBUG] - fit_round 24: strategy sampled 10 clients (out of 50)
[2024-06-02 12:01:30,590][flwr][DEBUG] - fit_round 24 received 10 results and 0 failures
[2024-06-02 12:01:30,976][flwr][INFO] - fit progress: (24, 5.076785049517639, {'accuracy': 0.9786}, 35.8630260610953)
[2024-06-02 12:01:30,976][flwr][DEBUG] - evaluate_round 24: strategy sampled 1 clients (out of 50)
[2024-06-02 12:01:31,147][flwr][DEBUG] - evaluate_round 24 received 1 results and 0 failures
[2024-06-02 12:01:31,147][flwr][DEBUG] - fit_round 25: strategy sampled 10 clients (out of 50)
[2024-06-02 12:01:31,888][flwr][DEBUG] - fit_round 25 received 10 results and 0 failures
[2024-06-02 12:01:32,273][flwr][INFO] - fit progress: (25, 5.292113251751289, {'accuracy': 0.9784}, 37.159719564020634)
[2024-06-02 12:01:32,273][flwr][DEBUG] - evaluate_round 25: strategy sampled 1 clients (out of 50)
[2024-06-02 12:01:32,443][flwr][DEBUG] - evaluate_round 25 received 1 results and 0 failures
[2024-06-02 12:01:32,443][flwr][DEBUG] - fit_round 26: strategy sampled 10 clients (out of 50)
[2024-06-02 12:01:33,182][flwr][DEBUG] - fit_round 26 received 10 results and 0 failures
[2024-06-02 12:01:33,572][flwr][INFO] - fit progress: (26, 4.691771773461369, {'accuracy': 0.9779}, 38.45941235078499)
[2024-06-02 12:01:33,572][flwr][DEBUG] - evaluate_round 26: strategy sampled 1 clients (out of 50)
[2024-06-02 12:01:33,724][flwr][DEBUG] - evaluate_round 26 received 1 results and 0 failures
[2024-06-02 12:01:33,724][flwr][DEBUG] - fit_round 27: strategy sampled 10 clients (out of 50)
[2024-06-02 12:01:34,440][flwr][DEBUG] - fit_round 27 received 10 results and 0 failures
[2024-06-02 12:01:34,825][flwr][INFO] - fit progress: (27, 6.650897774612531, {'accuracy': 0.9744}, 39.71208880888298)
[2024-06-02 12:01:34,825][flwr][DEBUG] - evaluate_round 27: strategy sampled 1 clients (out of 50)
[2024-06-02 12:01:35,004][flwr][DEBUG] - evaluate_round 27 received 1 results and 0 failures
[2024-06-02 12:01:35,004][flwr][DEBUG] - fit_round 28: strategy sampled 10 clients (out of 50)
[2024-06-02 12:01:35,778][flwr][DEBUG] - fit_round 28 received 10 results and 0 failures
[2024-06-02 12:01:36,162][flwr][INFO] - fit progress: (28, 4.475048239459284, {'accuracy': 0.9808}, 41.04889564868063)
[2024-06-02 12:01:36,162][flwr][DEBUG] - evaluate_round 28: strategy sampled 1 clients (out of 50)
[2024-06-02 12:01:36,340][flwr][DEBUG] - evaluate_round 28 received 1 results and 0 failures
[2024-06-02 12:01:36,340][flwr][DEBUG] - fit_round 29: strategy sampled 10 clients (out of 50)
[2024-06-02 12:01:37,107][flwr][DEBUG] - fit_round 29 received 10 results and 0 failures
[2024-06-02 12:01:37,491][flwr][INFO] - fit progress: (29, 5.518357009394094, {'accuracy': 0.9769}, 42.377891244832426)
[2024-06-02 12:01:37,491][flwr][DEBUG] - evaluate_round 29: strategy sampled 1 clients (out of 50)
[2024-06-02 12:01:37,667][flwr][DEBUG] - evaluate_round 29 received 1 results and 0 failures
[2024-06-02 12:01:37,667][flwr][DEBUG] - fit_round 30: strategy sampled 10 clients (out of 50)
[2024-06-02 12:01:38,424][flwr][DEBUG] - fit_round 30 received 10 results and 0 failures
[2024-06-02 12:01:38,813][flwr][INFO] - fit progress: (30, 5.480086017167196, {'accuracy': 0.9782}, 43.6999749597162)
[2024-06-02 12:01:38,813][flwr][DEBUG] - evaluate_round 30: strategy sampled 1 clients (out of 50)
[2024-06-02 12:01:38,989][flwr][DEBUG] - evaluate_round 30 received 1 results and 0 failures
[2024-06-02 12:01:38,989][flwr][DEBUG] - fit_round 31: strategy sampled 10 clients (out of 50)
[2024-06-02 12:01:39,724][flwr][DEBUG] - fit_round 31 received 10 results and 0 failures
[2024-06-02 12:01:40,108][flwr][INFO] - fit progress: (31, 4.95396765077021, {'accuracy': 0.9796}, 44.9953037109226)
[2024-06-02 12:01:40,108][flwr][DEBUG] - evaluate_round 31: strategy sampled 1 clients (out of 50)
[2024-06-02 12:01:40,259][flwr][DEBUG] - evaluate_round 31 received 1 results and 0 failures
[2024-06-02 12:01:40,260][flwr][DEBUG] - fit_round 32: strategy sampled 10 clients (out of 50)
[2024-06-02 12:01:40,983][flwr][DEBUG] - fit_round 32 received 10 results and 0 failures
[2024-06-02 12:01:41,369][flwr][INFO] - fit progress: (32, 7.287699037231505, {'accuracy': 0.9685}, 46.25582586368546)
[2024-06-02 12:01:41,369][flwr][DEBUG] - evaluate_round 32: strategy sampled 1 clients (out of 50)
[2024-06-02 12:01:41,534][flwr][DEBUG] - evaluate_round 32 received 1 results and 0 failures
[2024-06-02 12:01:41,534][flwr][DEBUG] - fit_round 33: strategy sampled 10 clients (out of 50)
[2024-06-02 12:01:42,302][flwr][DEBUG] - fit_round 33 received 10 results and 0 failures
[2024-06-02 12:01:42,685][flwr][INFO] - fit progress: (33, 4.889149453898426, {'accuracy': 0.9766}, 47.57268816092983)
[2024-06-02 12:01:42,686][flwr][DEBUG] - evaluate_round 33: strategy sampled 1 clients (out of 50)
[2024-06-02 12:01:42,867][flwr][DEBUG] - evaluate_round 33 received 1 results and 0 failures
[2024-06-02 12:01:42,867][flwr][DEBUG] - fit_round 34: strategy sampled 10 clients (out of 50)
[2024-06-02 12:01:43,691][flwr][DEBUG] - fit_round 34 received 10 results and 0 failures
[2024-06-02 12:01:44,074][flwr][INFO] - fit progress: (34, 4.381767236685846, {'accuracy': 0.9793}, 48.961061843670905)
[2024-06-02 12:01:44,074][flwr][DEBUG] - evaluate_round 34: strategy sampled 1 clients (out of 50)
[2024-06-02 12:01:44,241][flwr][DEBUG] - evaluate_round 34 received 1 results and 0 failures
[2024-06-02 12:01:44,241][flwr][DEBUG] - fit_round 35: strategy sampled 10 clients (out of 50)
[2024-06-02 12:01:45,053][flwr][DEBUG] - fit_round 35 received 10 results and 0 failures
[2024-06-02 12:01:45,431][flwr][INFO] - fit progress: (35, 3.8756487504579127, {'accuracy': 0.9831}, 50.318555674981326)
[2024-06-02 12:01:45,431][flwr][DEBUG] - evaluate_round 35: strategy sampled 1 clients (out of 50)
[2024-06-02 12:01:45,604][flwr][DEBUG] - evaluate_round 35 received 1 results and 0 failures
[2024-06-02 12:01:45,604][flwr][DEBUG] - fit_round 36: strategy sampled 10 clients (out of 50)
[2024-06-02 12:01:46,348][flwr][DEBUG] - fit_round 36 received 10 results and 0 failures
[2024-06-02 12:01:46,733][flwr][INFO] - fit progress: (36, 6.147233904455788, {'accuracy': 0.976}, 51.62057071598247)
[2024-06-02 12:01:46,733][flwr][DEBUG] - evaluate_round 36: strategy sampled 1 clients (out of 50)
[2024-06-02 12:01:46,898][flwr][DEBUG] - evaluate_round 36 received 1 results and 0 failures
[2024-06-02 12:01:46,898][flwr][DEBUG] - fit_round 37: strategy sampled 10 clients (out of 50)
[2024-06-02 12:01:47,698][flwr][DEBUG] - fit_round 37 received 10 results and 0 failures
[2024-06-02 12:01:48,083][flwr][INFO] - fit progress: (37, 5.707750911242329, {'accuracy': 0.978}, 52.97020261408761)
[2024-06-02 12:01:48,083][flwr][DEBUG] - evaluate_round 37: strategy sampled 1 clients (out of 50)
[2024-06-02 12:01:48,257][flwr][DEBUG] - evaluate_round 37 received 1 results and 0 failures
[2024-06-02 12:01:48,257][flwr][DEBUG] - fit_round 38: strategy sampled 10 clients (out of 50)
[2024-06-02 12:01:48,973][flwr][DEBUG] - fit_round 38 received 10 results and 0 failures
[2024-06-02 12:01:49,363][flwr][INFO] - fit progress: (38, 4.1442500102566555, {'accuracy': 0.9837}, 54.250213836785406)
[2024-06-02 12:01:49,363][flwr][DEBUG] - evaluate_round 38: strategy sampled 1 clients (out of 50)
[2024-06-02 12:01:49,531][flwr][DEBUG] - evaluate_round 38 received 1 results and 0 failures
[2024-06-02 12:01:49,532][flwr][DEBUG] - fit_round 39: strategy sampled 10 clients (out of 50)
[2024-06-02 12:01:50,253][flwr][DEBUG] - fit_round 39 received 10 results and 0 failures
[2024-06-02 12:01:50,637][flwr][INFO] - fit progress: (39, 4.898408570792526, {'accuracy': 0.9814}, 55.52449353504926)
[2024-06-02 12:01:50,637][flwr][DEBUG] - evaluate_round 39: strategy sampled 1 clients (out of 50)
[2024-06-02 12:01:50,785][flwr][DEBUG] - evaluate_round 39 received 1 results and 0 failures
[2024-06-02 12:01:50,785][flwr][DEBUG] - fit_round 40: strategy sampled 10 clients (out of 50)
[2024-06-02 12:01:51,576][flwr][DEBUG] - fit_round 40 received 10 results and 0 failures
[2024-06-02 12:01:51,962][flwr][INFO] - fit progress: (40, 5.396113945404068, {'accuracy': 0.9791}, 56.849294763058424)
[2024-06-02 12:01:51,962][flwr][DEBUG] - evaluate_round 40: strategy sampled 1 clients (out of 50)
[2024-06-02 12:01:52,112][flwr][DEBUG] - evaluate_round 40 received 1 results and 0 failures
[2024-06-02 12:01:52,112][flwr][DEBUG] - fit_round 41: strategy sampled 10 clients (out of 50)
[2024-06-02 12:01:52,858][flwr][DEBUG] - fit_round 41 received 10 results and 0 failures
[2024-06-02 12:01:53,247][flwr][INFO] - fit progress: (41, 5.335064027647604, {'accuracy': 0.9809}, 58.13379025179893)
[2024-06-02 12:01:53,247][flwr][DEBUG] - evaluate_round 41: strategy sampled 1 clients (out of 50)
[2024-06-02 12:01:53,420][flwr][DEBUG] - evaluate_round 41 received 1 results and 0 failures
[2024-06-02 12:01:53,420][flwr][DEBUG] - fit_round 42: strategy sampled 10 clients (out of 50)
[2024-06-02 12:01:54,157][flwr][DEBUG] - fit_round 42 received 10 results and 0 failures
[2024-06-02 12:01:54,537][flwr][INFO] - fit progress: (42, 4.23225041423575, {'accuracy': 0.9836}, 59.424070566892624)
[2024-06-02 12:01:54,537][flwr][DEBUG] - evaluate_round 42: strategy sampled 1 clients (out of 50)
[2024-06-02 12:01:54,710][flwr][DEBUG] - evaluate_round 42 received 1 results and 0 failures
[2024-06-02 12:01:54,710][flwr][DEBUG] - fit_round 43: strategy sampled 10 clients (out of 50)
[2024-06-02 12:01:55,521][flwr][DEBUG] - fit_round 43 received 10 results and 0 failures
[2024-06-02 12:01:55,912][flwr][INFO] - fit progress: (43, 5.247736588236876, {'accuracy': 0.9795}, 60.79964336613193)
[2024-06-02 12:01:55,913][flwr][DEBUG] - evaluate_round 43: strategy sampled 1 clients (out of 50)
[2024-06-02 12:01:56,050][flwr][DEBUG] - evaluate_round 43 received 1 results and 0 failures
[2024-06-02 12:01:56,050][flwr][DEBUG] - fit_round 44: strategy sampled 10 clients (out of 50)
[2024-06-02 12:01:56,758][flwr][DEBUG] - fit_round 44 received 10 results and 0 failures
[2024-06-02 12:01:57,139][flwr][INFO] - fit progress: (44, 4.897395159496227, {'accuracy': 0.9818}, 62.02603484271094)
[2024-06-02 12:01:57,139][flwr][DEBUG] - evaluate_round 44: strategy sampled 1 clients (out of 50)
[2024-06-02 12:01:57,284][flwr][DEBUG] - evaluate_round 44 received 1 results and 0 failures
[2024-06-02 12:01:57,284][flwr][DEBUG] - fit_round 45: strategy sampled 10 clients (out of 50)
[2024-06-02 12:01:58,080][flwr][DEBUG] - fit_round 45 received 10 results and 0 failures
[2024-06-02 12:01:58,461][flwr][INFO] - fit progress: (45, 5.048113820375875, {'accuracy': 0.978}, 63.34839065792039)
[2024-06-02 12:01:58,461][flwr][DEBUG] - evaluate_round 45: strategy sampled 1 clients (out of 50)
[2024-06-02 12:01:58,647][flwr][DEBUG] - evaluate_round 45 received 1 results and 0 failures
[2024-06-02 12:01:58,648][flwr][DEBUG] - fit_round 46: strategy sampled 10 clients (out of 50)
[2024-06-02 12:01:59,351][flwr][DEBUG] - fit_round 46 received 10 results and 0 failures
[2024-06-02 12:01:59,742][flwr][INFO] - fit progress: (46, 4.705294097675505, {'accuracy': 0.9829}, 64.62915448704734)
[2024-06-02 12:01:59,742][flwr][DEBUG] - evaluate_round 46: strategy sampled 1 clients (out of 50)
[2024-06-02 12:01:59,918][flwr][DEBUG] - evaluate_round 46 received 1 results and 0 failures
[2024-06-02 12:01:59,918][flwr][DEBUG] - fit_round 47: strategy sampled 10 clients (out of 50)
[2024-06-02 12:02:00,685][flwr][DEBUG] - fit_round 47 received 10 results and 0 failures
[2024-06-02 12:02:01,069][flwr][INFO] - fit progress: (47, 3.488545117812464, {'accuracy': 0.9838}, 65.95661754813045)
[2024-06-02 12:02:01,070][flwr][DEBUG] - evaluate_round 47: strategy sampled 1 clients (out of 50)
[2024-06-02 12:02:01,239][flwr][DEBUG] - evaluate_round 47 received 1 results and 0 failures
[2024-06-02 12:02:01,239][flwr][DEBUG] - fit_round 48: strategy sampled 10 clients (out of 50)
[2024-06-02 12:02:02,042][flwr][DEBUG] - fit_round 48 received 10 results and 0 failures
[2024-06-02 12:02:02,426][flwr][INFO] - fit progress: (48, 4.462669315806124, {'accuracy': 0.9818}, 67.31284056091681)
[2024-06-02 12:02:02,426][flwr][DEBUG] - evaluate_round 48: strategy sampled 1 clients (out of 50)
[2024-06-02 12:02:02,575][flwr][DEBUG] - evaluate_round 48 received 1 results and 0 failures
[2024-06-02 12:02:02,575][flwr][DEBUG] - fit_round 49: strategy sampled 10 clients (out of 50)
[2024-06-02 12:02:03,278][flwr][DEBUG] - fit_round 49 received 10 results and 0 failures
[2024-06-02 12:02:03,662][flwr][INFO] - fit progress: (49, 5.257458575535566, {'accuracy': 0.9789}, 68.54908214090392)
[2024-06-02 12:02:03,662][flwr][DEBUG] - evaluate_round 49: strategy sampled 1 clients (out of 50)
[2024-06-02 12:02:03,839][flwr][DEBUG] - evaluate_round 49 received 1 results and 0 failures
[2024-06-02 12:02:03,839][flwr][DEBUG] - fit_round 50: strategy sampled 10 clients (out of 50)
[2024-06-02 12:02:04,574][flwr][DEBUG] - fit_round 50 received 10 results and 0 failures
[2024-06-02 12:02:04,960][flwr][INFO] - fit progress: (50, 4.245457397366408, {'accuracy': 0.981}, 69.8471271158196)
[2024-06-02 12:02:04,960][flwr][DEBUG] - evaluate_round 50: strategy sampled 1 clients (out of 50)
[2024-06-02 12:02:05,121][flwr][DEBUG] - evaluate_round 50 received 1 results and 0 failures
[2024-06-02 12:02:05,122][flwr][DEBUG] - fit_round 51: strategy sampled 10 clients (out of 50)
[2024-06-02 12:02:05,879][flwr][DEBUG] - fit_round 51 received 10 results and 0 failures
[2024-06-02 12:02:06,264][flwr][INFO] - fit progress: (51, 4.279963409106131, {'accuracy': 0.982}, 71.15092810569331)
[2024-06-02 12:02:06,264][flwr][DEBUG] - evaluate_round 51: strategy sampled 1 clients (out of 50)
[2024-06-02 12:02:06,433][flwr][DEBUG] - evaluate_round 51 received 1 results and 0 failures
[2024-06-02 12:02:06,433][flwr][DEBUG] - fit_round 52: strategy sampled 10 clients (out of 50)
[2024-06-02 12:02:07,247][flwr][DEBUG] - fit_round 52 received 10 results and 0 failures
[2024-06-02 12:02:07,626][flwr][INFO] - fit progress: (52, 5.436366077425191, {'accuracy': 0.9821}, 72.51348395412788)
[2024-06-02 12:02:07,626][flwr][DEBUG] - evaluate_round 52: strategy sampled 1 clients (out of 50)
[2024-06-02 12:02:07,802][flwr][DEBUG] - evaluate_round 52 received 1 results and 0 failures
[2024-06-02 12:02:07,802][flwr][DEBUG] - fit_round 53: strategy sampled 10 clients (out of 50)
[2024-06-02 12:02:08,554][flwr][DEBUG] - fit_round 53 received 10 results and 0 failures
[2024-06-02 12:02:08,947][flwr][INFO] - fit progress: (53, 5.430831475940067, {'accuracy': 0.9801}, 73.83437604410574)
[2024-06-02 12:02:08,947][flwr][DEBUG] - evaluate_round 53: strategy sampled 1 clients (out of 50)
[2024-06-02 12:02:09,100][flwr][DEBUG] - evaluate_round 53 received 1 results and 0 failures
[2024-06-02 12:02:09,100][flwr][DEBUG] - fit_round 54: strategy sampled 10 clients (out of 50)
[2024-06-02 12:02:09,832][flwr][DEBUG] - fit_round 54 received 10 results and 0 failures
[2024-06-02 12:02:10,211][flwr][INFO] - fit progress: (54, 4.796515152498614, {'accuracy': 0.9811}, 75.09831968788058)
[2024-06-02 12:02:10,211][flwr][DEBUG] - evaluate_round 54: strategy sampled 1 clients (out of 50)
[2024-06-02 12:02:10,393][flwr][DEBUG] - evaluate_round 54 received 1 results and 0 failures
[2024-06-02 12:02:10,393][flwr][DEBUG] - fit_round 55: strategy sampled 10 clients (out of 50)
[2024-06-02 12:02:11,203][flwr][DEBUG] - fit_round 55 received 10 results and 0 failures
[2024-06-02 12:02:11,588][flwr][INFO] - fit progress: (55, 5.177977173618274, {'accuracy': 0.9783}, 76.47525833174586)
[2024-06-02 12:02:11,588][flwr][DEBUG] - evaluate_round 55: strategy sampled 1 clients (out of 50)
[2024-06-02 12:02:11,751][flwr][DEBUG] - evaluate_round 55 received 1 results and 0 failures
[2024-06-02 12:02:11,751][flwr][DEBUG] - fit_round 56: strategy sampled 10 clients (out of 50)
[2024-06-02 12:02:12,493][flwr][DEBUG] - fit_round 56 received 10 results and 0 failures
[2024-06-02 12:02:12,880][flwr][INFO] - fit progress: (56, 4.084594825049862, {'accuracy': 0.9831}, 77.76712094107643)
[2024-06-02 12:02:12,880][flwr][DEBUG] - evaluate_round 56: strategy sampled 1 clients (out of 50)
[2024-06-02 12:02:13,048][flwr][DEBUG] - evaluate_round 56 received 1 results and 0 failures
[2024-06-02 12:02:13,048][flwr][DEBUG] - fit_round 57: strategy sampled 10 clients (out of 50)
[2024-06-02 12:02:13,802][flwr][DEBUG] - fit_round 57 received 10 results and 0 failures
[2024-06-02 12:02:14,186][flwr][INFO] - fit progress: (57, 5.75607911721454, {'accuracy': 0.9771}, 79.07270937087014)
[2024-06-02 12:02:14,186][flwr][DEBUG] - evaluate_round 57: strategy sampled 1 clients (out of 50)
[2024-06-02 12:02:14,332][flwr][DEBUG] - evaluate_round 57 received 1 results and 0 failures
[2024-06-02 12:02:14,332][flwr][DEBUG] - fit_round 58: strategy sampled 10 clients (out of 50)
[2024-06-02 12:02:15,096][flwr][DEBUG] - fit_round 58 received 10 results and 0 failures
[2024-06-02 12:02:15,480][flwr][INFO] - fit progress: (58, 4.562234656739747, {'accuracy': 0.9827}, 80.36733847670257)
[2024-06-02 12:02:15,480][flwr][DEBUG] - evaluate_round 58: strategy sampled 1 clients (out of 50)
[2024-06-02 12:02:15,646][flwr][DEBUG] - evaluate_round 58 received 1 results and 0 failures
[2024-06-02 12:02:15,646][flwr][DEBUG] - fit_round 59: strategy sampled 10 clients (out of 50)
[2024-06-02 12:02:16,384][flwr][DEBUG] - fit_round 59 received 10 results and 0 failures
[2024-06-02 12:02:16,769][flwr][INFO] - fit progress: (59, 4.1605581558724225, {'accuracy': 0.9846}, 81.65653170505539)
[2024-06-02 12:02:16,769][flwr][DEBUG] - evaluate_round 59: strategy sampled 1 clients (out of 50)
[2024-06-02 12:02:16,940][flwr][DEBUG] - evaluate_round 59 received 1 results and 0 failures
[2024-06-02 12:02:16,940][flwr][DEBUG] - fit_round 60: strategy sampled 10 clients (out of 50)
[2024-06-02 12:02:17,641][flwr][DEBUG] - fit_round 60 received 10 results and 0 failures
[2024-06-02 12:02:18,021][flwr][INFO] - fit progress: (60, 4.589052114004517, {'accuracy': 0.9832}, 82.90806840080768)
[2024-06-02 12:02:18,021][flwr][DEBUG] - evaluate_round 60: strategy sampled 1 clients (out of 50)
[2024-06-02 12:02:18,188][flwr][DEBUG] - evaluate_round 60 received 1 results and 0 failures
[2024-06-02 12:02:18,189][flwr][DEBUG] - fit_round 61: strategy sampled 10 clients (out of 50)
[2024-06-02 12:02:18,939][flwr][DEBUG] - fit_round 61 received 10 results and 0 failures
[2024-06-02 12:02:19,325][flwr][INFO] - fit progress: (61, 3.99111470565731, {'accuracy': 0.9846}, 84.21198894269764)
[2024-06-02 12:02:19,325][flwr][DEBUG] - evaluate_round 61: strategy sampled 1 clients (out of 50)
[2024-06-02 12:02:19,488][flwr][DEBUG] - evaluate_round 61 received 1 results and 0 failures
[2024-06-02 12:02:19,488][flwr][DEBUG] - fit_round 62: strategy sampled 10 clients (out of 50)
[2024-06-02 12:02:20,320][flwr][DEBUG] - fit_round 62 received 10 results and 0 failures
[2024-06-02 12:02:20,703][flwr][INFO] - fit progress: (62, 4.496220086621179, {'accuracy': 0.9835}, 85.58971948781982)
[2024-06-02 12:02:20,703][flwr][DEBUG] - evaluate_round 62: strategy sampled 1 clients (out of 50)
[2024-06-02 12:02:20,877][flwr][DEBUG] - evaluate_round 62 received 1 results and 0 failures
[2024-06-02 12:02:20,878][flwr][DEBUG] - fit_round 63: strategy sampled 10 clients (out of 50)
[2024-06-02 12:02:21,664][flwr][DEBUG] - fit_round 63 received 10 results and 0 failures
[2024-06-02 12:02:22,055][flwr][INFO] - fit progress: (63, 3.5865599474891496, {'accuracy': 0.9849}, 86.94172936305404)
[2024-06-02 12:02:22,055][flwr][DEBUG] - evaluate_round 63: strategy sampled 1 clients (out of 50)
[2024-06-02 12:02:22,226][flwr][DEBUG] - evaluate_round 63 received 1 results and 0 failures
[2024-06-02 12:02:22,226][flwr][DEBUG] - fit_round 64: strategy sampled 10 clients (out of 50)
[2024-06-02 12:02:22,925][flwr][DEBUG] - fit_round 64 received 10 results and 0 failures
[2024-06-02 12:02:23,308][flwr][INFO] - fit progress: (64, 3.6136706531688105, {'accuracy': 0.9836}, 88.19477036781609)
[2024-06-02 12:02:23,308][flwr][DEBUG] - evaluate_round 64: strategy sampled 1 clients (out of 50)
[2024-06-02 12:02:23,487][flwr][DEBUG] - evaluate_round 64 received 1 results and 0 failures
[2024-06-02 12:02:23,487][flwr][DEBUG] - fit_round 65: strategy sampled 10 clients (out of 50)
[2024-06-02 12:02:24,200][flwr][DEBUG] - fit_round 65 received 10 results and 0 failures
[2024-06-02 12:02:24,583][flwr][INFO] - fit progress: (65, 4.264402948469069, {'accuracy': 0.984}, 89.47030212171376)
[2024-06-02 12:02:24,583][flwr][DEBUG] - evaluate_round 65: strategy sampled 1 clients (out of 50)
[2024-06-02 12:02:24,755][flwr][DEBUG] - evaluate_round 65 received 1 results and 0 failures
[2024-06-02 12:02:24,755][flwr][DEBUG] - fit_round 66: strategy sampled 10 clients (out of 50)
[2024-06-02 12:02:25,468][flwr][DEBUG] - fit_round 66 received 10 results and 0 failures
[2024-06-02 12:02:25,851][flwr][INFO] - fit progress: (66, 4.742050823679165, {'accuracy': 0.98}, 90.73821956571192)
[2024-06-02 12:02:25,851][flwr][DEBUG] - evaluate_round 66: strategy sampled 1 clients (out of 50)
[2024-06-02 12:02:26,010][flwr][DEBUG] - evaluate_round 66 received 1 results and 0 failures
[2024-06-02 12:02:26,010][flwr][DEBUG] - fit_round 67: strategy sampled 10 clients (out of 50)
[2024-06-02 12:02:26,795][flwr][DEBUG] - fit_round 67 received 10 results and 0 failures
[2024-06-02 12:02:27,180][flwr][INFO] - fit progress: (67, 4.114112524344819, {'accuracy': 0.9811}, 92.06702499091625)
[2024-06-02 12:02:27,180][flwr][DEBUG] - evaluate_round 67: strategy sampled 1 clients (out of 50)
[2024-06-02 12:02:27,347][flwr][DEBUG] - evaluate_round 67 received 1 results and 0 failures
[2024-06-02 12:02:27,347][flwr][DEBUG] - fit_round 68: strategy sampled 10 clients (out of 50)
[2024-06-02 12:02:28,109][flwr][DEBUG] - fit_round 68 received 10 results and 0 failures
[2024-06-02 12:02:28,492][flwr][INFO] - fit progress: (68, 3.974006571326754, {'accuracy': 0.9849}, 93.37943306472152)
[2024-06-02 12:02:28,492][flwr][DEBUG] - evaluate_round 68: strategy sampled 1 clients (out of 50)
[2024-06-02 12:02:28,629][flwr][DEBUG] - evaluate_round 68 received 1 results and 0 failures
[2024-06-02 12:02:28,630][flwr][DEBUG] - fit_round 69: strategy sampled 10 clients (out of 50)
[2024-06-02 12:02:29,383][flwr][DEBUG] - fit_round 69 received 10 results and 0 failures
[2024-06-02 12:02:29,767][flwr][INFO] - fit progress: (69, 3.749124214944459, {'accuracy': 0.9851}, 94.65381078096107)
[2024-06-02 12:02:29,767][flwr][DEBUG] - evaluate_round 69: strategy sampled 1 clients (out of 50)
[2024-06-02 12:02:29,937][flwr][DEBUG] - evaluate_round 69 received 1 results and 0 failures
[2024-06-02 12:02:29,937][flwr][DEBUG] - fit_round 70: strategy sampled 10 clients (out of 50)
[2024-06-02 12:02:30,781][flwr][DEBUG] - fit_round 70 received 10 results and 0 failures
[2024-06-02 12:02:31,162][flwr][INFO] - fit progress: (70, 4.6172056083396456, {'accuracy': 0.9823}, 96.04931407887489)
[2024-06-02 12:02:31,162][flwr][DEBUG] - evaluate_round 70: strategy sampled 1 clients (out of 50)
[2024-06-02 12:02:31,340][flwr][DEBUG] - evaluate_round 70 received 1 results and 0 failures
[2024-06-02 12:02:31,340][flwr][DEBUG] - fit_round 71: strategy sampled 10 clients (out of 50)
[2024-06-02 12:02:32,128][flwr][DEBUG] - fit_round 71 received 10 results and 0 failures
[2024-06-02 12:02:32,511][flwr][INFO] - fit progress: (71, 3.8372593735402916, {'accuracy': 0.9836}, 97.39826552988961)
[2024-06-02 12:02:32,511][flwr][DEBUG] - evaluate_round 71: strategy sampled 1 clients (out of 50)
[2024-06-02 12:02:32,680][flwr][DEBUG] - evaluate_round 71 received 1 results and 0 failures
[2024-06-02 12:02:32,680][flwr][DEBUG] - fit_round 72: strategy sampled 10 clients (out of 50)
[2024-06-02 12:02:33,396][flwr][DEBUG] - fit_round 72 received 10 results and 0 failures
[2024-06-02 12:02:33,781][flwr][INFO] - fit progress: (72, 4.629456694987539, {'accuracy': 0.9837}, 98.66780640697107)
[2024-06-02 12:02:33,781][flwr][DEBUG] - evaluate_round 72: strategy sampled 1 clients (out of 50)
[2024-06-02 12:02:33,952][flwr][DEBUG] - evaluate_round 72 received 1 results and 0 failures
[2024-06-02 12:02:33,952][flwr][DEBUG] - fit_round 73: strategy sampled 10 clients (out of 50)
[2024-06-02 12:02:34,760][flwr][DEBUG] - fit_round 73 received 10 results and 0 failures
[2024-06-02 12:02:35,145][flwr][INFO] - fit progress: (73, 6.256820716767834, {'accuracy': 0.9789}, 100.03267343807966)
[2024-06-02 12:02:35,146][flwr][DEBUG] - evaluate_round 73: strategy sampled 1 clients (out of 50)
[2024-06-02 12:02:35,315][flwr][DEBUG] - evaluate_round 73 received 1 results and 0 failures
[2024-06-02 12:02:35,315][flwr][DEBUG] - fit_round 74: strategy sampled 10 clients (out of 50)
[2024-06-02 12:02:36,039][flwr][DEBUG] - fit_round 74 received 10 results and 0 failures
[2024-06-02 12:02:36,421][flwr][INFO] - fit progress: (74, 3.813973550881201, {'accuracy': 0.9866}, 101.3077809996903)
[2024-06-02 12:02:36,421][flwr][DEBUG] - evaluate_round 74: strategy sampled 1 clients (out of 50)
[2024-06-02 12:02:36,597][flwr][DEBUG] - evaluate_round 74 received 1 results and 0 failures
[2024-06-02 12:02:36,597][flwr][DEBUG] - fit_round 75: strategy sampled 10 clients (out of 50)
[2024-06-02 12:02:37,327][flwr][DEBUG] - fit_round 75 received 10 results and 0 failures
[2024-06-02 12:02:37,719][flwr][INFO] - fit progress: (75, 3.749737746315077, {'accuracy': 0.986}, 102.60614991281182)
[2024-06-02 12:02:37,719][flwr][DEBUG] - evaluate_round 75: strategy sampled 1 clients (out of 50)
[2024-06-02 12:02:37,896][flwr][DEBUG] - evaluate_round 75 received 1 results and 0 failures
[2024-06-02 12:02:37,896][flwr][DEBUG] - fit_round 76: strategy sampled 10 clients (out of 50)
[2024-06-02 12:02:38,660][flwr][DEBUG] - fit_round 76 received 10 results and 0 failures
[2024-06-02 12:02:39,044][flwr][INFO] - fit progress: (76, 6.670240053121233, {'accuracy': 0.9809}, 103.93076637899503)
[2024-06-02 12:02:39,044][flwr][DEBUG] - evaluate_round 76: strategy sampled 1 clients (out of 50)
[2024-06-02 12:02:39,216][flwr][DEBUG] - evaluate_round 76 received 1 results and 0 failures
[2024-06-02 12:02:39,216][flwr][DEBUG] - fit_round 77: strategy sampled 10 clients (out of 50)
[2024-06-02 12:02:40,042][flwr][DEBUG] - fit_round 77 received 10 results and 0 failures
[2024-06-02 12:02:40,430][flwr][INFO] - fit progress: (77, 4.291251125570852, {'accuracy': 0.981}, 105.31761992676184)
[2024-06-02 12:02:40,431][flwr][DEBUG] - evaluate_round 77: strategy sampled 1 clients (out of 50)
[2024-06-02 12:02:40,604][flwr][DEBUG] - evaluate_round 77 received 1 results and 0 failures
[2024-06-02 12:02:40,604][flwr][DEBUG] - fit_round 78: strategy sampled 10 clients (out of 50)
[2024-06-02 12:02:41,411][flwr][DEBUG] - fit_round 78 received 10 results and 0 failures
[2024-06-02 12:02:41,797][flwr][INFO] - fit progress: (78, 5.484077713328588, {'accuracy': 0.9809}, 106.68376872269437)
[2024-06-02 12:02:41,797][flwr][DEBUG] - evaluate_round 78: strategy sampled 1 clients (out of 50)
[2024-06-02 12:02:41,983][flwr][DEBUG] - evaluate_round 78 received 1 results and 0 failures
[2024-06-02 12:02:41,983][flwr][DEBUG] - fit_round 79: strategy sampled 10 clients (out of 50)
[2024-06-02 12:02:42,748][flwr][DEBUG] - fit_round 79 received 10 results and 0 failures
[2024-06-02 12:02:43,141][flwr][INFO] - fit progress: (79, 3.4132189759984612, {'accuracy': 0.9871}, 108.02863431582227)
[2024-06-02 12:02:43,142][flwr][DEBUG] - evaluate_round 79: strategy sampled 1 clients (out of 50)
[2024-06-02 12:02:43,321][flwr][DEBUG] - evaluate_round 79 received 1 results and 0 failures
[2024-06-02 12:02:43,321][flwr][DEBUG] - fit_round 80: strategy sampled 10 clients (out of 50)
[2024-06-02 12:02:44,059][flwr][DEBUG] - fit_round 80 received 10 results and 0 failures
[2024-06-02 12:02:44,442][flwr][INFO] - fit progress: (80, 3.543626495007402, {'accuracy': 0.9867}, 109.32906835805625)
[2024-06-02 12:02:44,442][flwr][DEBUG] - evaluate_round 80: strategy sampled 1 clients (out of 50)
[2024-06-02 12:02:44,597][flwr][DEBUG] - evaluate_round 80 received 1 results and 0 failures
[2024-06-02 12:02:44,597][flwr][DEBUG] - fit_round 81: strategy sampled 10 clients (out of 50)
[2024-06-02 12:02:45,334][flwr][DEBUG] - fit_round 81 received 10 results and 0 failures
[2024-06-02 12:02:45,720][flwr][INFO] - fit progress: (81, 3.42269161814329, {'accuracy': 0.9862}, 110.60726034082472)
[2024-06-02 12:02:45,720][flwr][DEBUG] - evaluate_round 81: strategy sampled 1 clients (out of 50)
[2024-06-02 12:02:45,882][flwr][DEBUG] - evaluate_round 81 received 1 results and 0 failures
[2024-06-02 12:02:45,882][flwr][DEBUG] - fit_round 82: strategy sampled 10 clients (out of 50)
[2024-06-02 12:02:46,701][flwr][DEBUG] - fit_round 82 received 10 results and 0 failures
[2024-06-02 12:02:47,091][flwr][INFO] - fit progress: (82, 3.3095744239676606, {'accuracy': 0.9878}, 111.97807928873226)
[2024-06-02 12:02:47,091][flwr][DEBUG] - evaluate_round 82: strategy sampled 1 clients (out of 50)
[2024-06-02 12:02:47,271][flwr][DEBUG] - evaluate_round 82 received 1 results and 0 failures
[2024-06-02 12:02:47,271][flwr][DEBUG] - fit_round 83: strategy sampled 10 clients (out of 50)
[2024-06-02 12:02:48,009][flwr][DEBUG] - fit_round 83 received 10 results and 0 failures
[2024-06-02 12:02:48,395][flwr][INFO] - fit progress: (83, 3.8853475649902975, {'accuracy': 0.9863}, 113.28251609392464)
[2024-06-02 12:02:48,395][flwr][DEBUG] - evaluate_round 83: strategy sampled 1 clients (out of 50)
[2024-06-02 12:02:48,573][flwr][DEBUG] - evaluate_round 83 received 1 results and 0 failures
[2024-06-02 12:02:48,573][flwr][DEBUG] - fit_round 84: strategy sampled 10 clients (out of 50)
[2024-06-02 12:02:49,307][flwr][DEBUG] - fit_round 84 received 10 results and 0 failures
[2024-06-02 12:02:49,701][flwr][INFO] - fit progress: (84, 3.9269393552640395, {'accuracy': 0.9845}, 114.58799162087962)
[2024-06-02 12:02:49,701][flwr][DEBUG] - evaluate_round 84: strategy sampled 1 clients (out of 50)
[2024-06-02 12:02:49,874][flwr][DEBUG] - evaluate_round 84 received 1 results and 0 failures
[2024-06-02 12:02:49,875][flwr][DEBUG] - fit_round 85: strategy sampled 10 clients (out of 50)
[2024-06-02 12:02:50,675][flwr][DEBUG] - fit_round 85 received 10 results and 0 failures
[2024-06-02 12:02:51,065][flwr][INFO] - fit progress: (85, 3.5563787647536174, {'accuracy': 0.9881}, 115.95181977888569)
[2024-06-02 12:02:51,065][flwr][DEBUG] - evaluate_round 85: strategy sampled 1 clients (out of 50)
[2024-06-02 12:02:51,234][flwr][DEBUG] - evaluate_round 85 received 1 results and 0 failures
[2024-06-02 12:02:51,234][flwr][DEBUG] - fit_round 86: strategy sampled 10 clients (out of 50)
[2024-06-02 12:02:51,984][flwr][DEBUG] - fit_round 86 received 10 results and 0 failures
[2024-06-02 12:02:52,367][flwr][INFO] - fit progress: (86, 3.595041139222303, {'accuracy': 0.9873}, 117.25393775291741)
[2024-06-02 12:02:52,367][flwr][DEBUG] - evaluate_round 86: strategy sampled 1 clients (out of 50)
[2024-06-02 12:02:52,539][flwr][DEBUG] - evaluate_round 86 received 1 results and 0 failures
[2024-06-02 12:02:52,539][flwr][DEBUG] - fit_round 87: strategy sampled 10 clients (out of 50)
[2024-06-02 12:02:53,311][flwr][DEBUG] - fit_round 87 received 10 results and 0 failures
[2024-06-02 12:02:53,700][flwr][INFO] - fit progress: (87, 3.511814372968729, {'accuracy': 0.9865}, 118.58698767283931)
[2024-06-02 12:02:53,700][flwr][DEBUG] - evaluate_round 87: strategy sampled 1 clients (out of 50)
[2024-06-02 12:02:53,872][flwr][DEBUG] - evaluate_round 87 received 1 results and 0 failures
[2024-06-02 12:02:53,872][flwr][DEBUG] - fit_round 88: strategy sampled 10 clients (out of 50)
[2024-06-02 12:02:54,593][flwr][DEBUG] - fit_round 88 received 10 results and 0 failures
[2024-06-02 12:02:54,979][flwr][INFO] - fit progress: (88, 4.271656671437086, {'accuracy': 0.985}, 119.86601234972477)
[2024-06-02 12:02:54,979][flwr][DEBUG] - evaluate_round 88: strategy sampled 1 clients (out of 50)
[2024-06-02 12:02:55,155][flwr][DEBUG] - evaluate_round 88 received 1 results and 0 failures
[2024-06-02 12:02:55,156][flwr][DEBUG] - fit_round 89: strategy sampled 10 clients (out of 50)
[2024-06-02 12:02:55,914][flwr][DEBUG] - fit_round 89 received 10 results and 0 failures
[2024-06-02 12:02:56,302][flwr][INFO] - fit progress: (89, 3.3756191946636136, {'accuracy': 0.9876}, 121.18881124211475)
[2024-06-02 12:02:56,302][flwr][DEBUG] - evaluate_round 89: strategy sampled 1 clients (out of 50)
[2024-06-02 12:02:56,452][flwr][DEBUG] - evaluate_round 89 received 1 results and 0 failures
[2024-06-02 12:02:56,452][flwr][DEBUG] - fit_round 90: strategy sampled 10 clients (out of 50)
[2024-06-02 12:02:57,246][flwr][DEBUG] - fit_round 90 received 10 results and 0 failures
[2024-06-02 12:02:57,633][flwr][INFO] - fit progress: (90, 4.998530847718939, {'accuracy': 0.9847}, 122.51979366783053)
[2024-06-02 12:02:57,633][flwr][DEBUG] - evaluate_round 90: strategy sampled 1 clients (out of 50)
[2024-06-02 12:02:57,807][flwr][DEBUG] - evaluate_round 90 received 1 results and 0 failures
[2024-06-02 12:02:57,807][flwr][DEBUG] - fit_round 91: strategy sampled 10 clients (out of 50)
[2024-06-02 12:02:58,642][flwr][DEBUG] - fit_round 91 received 10 results and 0 failures
[2024-06-02 12:02:59,032][flwr][INFO] - fit progress: (91, 5.388735781969444, {'accuracy': 0.9811}, 123.919610185083)
[2024-06-02 12:02:59,033][flwr][DEBUG] - evaluate_round 91: strategy sampled 1 clients (out of 50)
[2024-06-02 12:02:59,184][flwr][DEBUG] - evaluate_round 91 received 1 results and 0 failures
[2024-06-02 12:02:59,184][flwr][DEBUG] - fit_round 92: strategy sampled 10 clients (out of 50)
[2024-06-02 12:02:59,928][flwr][DEBUG] - fit_round 92 received 10 results and 0 failures
[2024-06-02 12:03:00,310][flwr][INFO] - fit progress: (92, 3.8377534476203436, {'accuracy': 0.9859}, 125.19705148693174)
[2024-06-02 12:03:00,310][flwr][DEBUG] - evaluate_round 92: strategy sampled 1 clients (out of 50)
[2024-06-02 12:03:00,477][flwr][DEBUG] - evaluate_round 92 received 1 results and 0 failures
[2024-06-02 12:03:00,478][flwr][DEBUG] - fit_round 93: strategy sampled 10 clients (out of 50)
[2024-06-02 12:03:01,287][flwr][DEBUG] - fit_round 93 received 10 results and 0 failures
[2024-06-02 12:03:01,673][flwr][INFO] - fit progress: (93, 4.223196643546544, {'accuracy': 0.9854}, 126.56035600788891)
[2024-06-02 12:03:01,673][flwr][DEBUG] - evaluate_round 93: strategy sampled 1 clients (out of 50)
[2024-06-02 12:03:01,835][flwr][DEBUG] - evaluate_round 93 received 1 results and 0 failures
[2024-06-02 12:03:01,835][flwr][DEBUG] - fit_round 94: strategy sampled 10 clients (out of 50)
[2024-06-02 12:03:02,588][flwr][DEBUG] - fit_round 94 received 10 results and 0 failures
[2024-06-02 12:03:02,981][flwr][INFO] - fit progress: (94, 3.9160234429873526, {'accuracy': 0.9862}, 127.86838477477431)
[2024-06-02 12:03:02,981][flwr][DEBUG] - evaluate_round 94: strategy sampled 1 clients (out of 50)
[2024-06-02 12:03:03,151][flwr][DEBUG] - evaluate_round 94 received 1 results and 0 failures
[2024-06-02 12:03:03,151][flwr][DEBUG] - fit_round 95: strategy sampled 10 clients (out of 50)
[2024-06-02 12:03:03,927][flwr][DEBUG] - fit_round 95 received 10 results and 0 failures
[2024-06-02 12:03:04,311][flwr][INFO] - fit progress: (95, 4.890785995659826, {'accuracy': 0.9845}, 129.19865635270253)
[2024-06-02 12:03:04,312][flwr][DEBUG] - evaluate_round 95: strategy sampled 1 clients (out of 50)
[2024-06-02 12:03:04,450][flwr][DEBUG] - evaluate_round 95 received 1 results and 0 failures
[2024-06-02 12:03:04,450][flwr][DEBUG] - fit_round 96: strategy sampled 10 clients (out of 50)
[2024-06-02 12:03:05,271][flwr][DEBUG] - fit_round 96 received 10 results and 0 failures
[2024-06-02 12:03:05,652][flwr][INFO] - fit progress: (96, 4.51852026270717, {'accuracy': 0.9852}, 130.5390681438148)
[2024-06-02 12:03:05,652][flwr][DEBUG] - evaluate_round 96: strategy sampled 1 clients (out of 50)
[2024-06-02 12:03:05,831][flwr][DEBUG] - evaluate_round 96 received 1 results and 0 failures
[2024-06-02 12:03:05,831][flwr][DEBUG] - fit_round 97: strategy sampled 10 clients (out of 50)
[2024-06-02 12:03:06,595][flwr][DEBUG] - fit_round 97 received 10 results and 0 failures
[2024-06-02 12:03:06,986][flwr][INFO] - fit progress: (97, 3.7878288134670584, {'accuracy': 0.9854}, 131.873235180974)
[2024-06-02 12:03:06,986][flwr][DEBUG] - evaluate_round 97: strategy sampled 1 clients (out of 50)
[2024-06-02 12:03:07,172][flwr][DEBUG] - evaluate_round 97 received 1 results and 0 failures
[2024-06-02 12:03:07,172][flwr][DEBUG] - fit_round 98: strategy sampled 10 clients (out of 50)
[2024-06-02 12:03:08,010][flwr][DEBUG] - fit_round 98 received 10 results and 0 failures
[2024-06-02 12:03:08,396][flwr][INFO] - fit progress: (98, 5.01888565385525, {'accuracy': 0.9823}, 133.28270503971726)
[2024-06-02 12:03:08,396][flwr][DEBUG] - evaluate_round 98: strategy sampled 1 clients (out of 50)
[2024-06-02 12:03:08,571][flwr][DEBUG] - evaluate_round 98 received 1 results and 0 failures
[2024-06-02 12:03:08,571][flwr][DEBUG] - fit_round 99: strategy sampled 10 clients (out of 50)
[2024-06-02 12:03:09,299][flwr][DEBUG] - fit_round 99 received 10 results and 0 failures
[2024-06-02 12:03:09,681][flwr][INFO] - fit progress: (99, 4.763548067590136, {'accuracy': 0.9857}, 134.56856700778008)
[2024-06-02 12:03:09,682][flwr][DEBUG] - evaluate_round 99: strategy sampled 1 clients (out of 50)
[2024-06-02 12:03:09,849][flwr][DEBUG] - evaluate_round 99 received 1 results and 0 failures
[2024-06-02 12:03:09,849][flwr][DEBUG] - fit_round 100: strategy sampled 10 clients (out of 50)
[2024-06-02 12:03:10,623][flwr][DEBUG] - fit_round 100 received 10 results and 0 failures
[2024-06-02 12:03:11,010][flwr][INFO] - fit progress: (100, 3.9534271496795554, {'accuracy': 0.9859}, 135.8973475988023)
[2024-06-02 12:03:11,010][flwr][DEBUG] - evaluate_round 100: strategy sampled 1 clients (out of 50)
[2024-06-02 12:03:11,182][flwr][DEBUG] - evaluate_round 100 received 1 results and 0 failures
[2024-06-02 12:03:11,182][flwr][INFO] - FL finished in 136.06903211586177
[2024-06-02 12:03:11,182][flwr][INFO] - app_fit: losses_distributed [(1, 7.300736308097839), (2, 7.06927877664566), (3, 0.5412564724683762), (4, 0.19897610507905483), (5, 1.4007597863674164), (6, 0.5541640520095825), (7, 5.556069254875183), (8, 0.524183064699173), (9, 1.0367327481508255), (10, 0.7564736381173134), (11, 0.13034898042678833), (12, 0.4833874888718128), (13, 1.27404451277107), (14, 1.1239961348474026), (15, 0.4610696700401604), (16, 0.1384890303015709), (17, 0.3405191255733371), (18, 0.19077148288488388), (19, 0.2921460494399071), (20, 0.11693451553583145), (21, 0.17858803272247314), (22, 0.7007572278380394), (23, 0.28020256012678146), (24, 0.2755280169658363), (25, 0.3622432965785265), (26, 0.6759206890128553), (27, 0.31679365038871765), (28, 0.3165139905177057), (29, 0.7299597859382629), (30, 0.1307800188078545), (31, 0.013508693082258105), (32, 0.35396186634898186), (33, 1.5037814755924046), (34, 0.6713459505699575), (35, 0.025809934420976788), (36, 0.00027537560794144156), (37, 0.7310338318347931), (38, 0.12350171059370041), (39, 0.22406147606670856), (40, 0.603293732739985), (41, 0.3290776568974252), (42, 0.1290601808577776), (43, 0.3724080298561603), (44, 0.02610074163385434), (45, 0.3465356988599524), (46, 0.06306851655244827), (47, 0.08737458242103457), (48, 0.3128520459868014), (49, 0.6099119608988985), (50, 0.15275197476148605), (51, 0.014143006294034421), (52, 0.7555552900303155), (53, 0.8509592497721314), (54, 0.5034578391350806), (55, 0.7370536252856255), (56, 0.5076807965524495), (57, 0.6698393523693085), (58, 0.0031061318859428866), (59, 0.5970716150213775), (60, 0.5782967311970424), (61, 0.14873346452077385), (62, 0.7048247597122099), (63, 0.5857808802829823), (64, 0.12260851357132196), (65, 0.8788026560650906), (66, 0.02098815587669378), (67, 0.4607701775385067), (68, 0.8151778484534589), (69, 0.1426706314065882), (70, 0.7465463118714979), (71, 0.05831373110413551), (72, 3.304458385855469e-05), (73, 0.03752138063282473), (74, 0.14218596019782126), (75, 0.11189711606130004), (76, 0.2784823920131503), (77, 0.355326629774936), (78, 0.1991754623122688), (79, 0.6488725009585323), (80, 0.3659720031882898), (81, 0.03557975520379841), (82, 0.9278010323610033), (83, 0.19243503082543612), (84, 1.0049056955613196), (85, 0.05900085395842325), (86, 0.5463133060839027), (87, 0.15350678020286068), (88, 0.15883797622518614), (89, 0.04995612835045904), (90, 0.4616404347252683), (91, 0.22457208143896423), (92, 0.010490487952665717), (93, 0.00013191052494221367), (94, 0.018049048318061978), (95, 0.6990230835508555), (96, 0.6575399229332106), (97, 0.005540475334168349), (98, 0.5761840711347759), (99, 0.2859346722407281), (100, 0.047979364046113915)]
[2024-06-02 12:03:11,182][flwr][INFO] - app_fit: metrics_distributed_fit {}
[2024-06-02 12:03:11,182][flwr][INFO] - app_fit: metrics_distributed {}
[2024-06-02 12:03:11,182][flwr][INFO] - app_fit: losses_centralized [(0, 180.76261854171753), (1, 148.2055071592331), (2, 106.15493875741959), (3, 55.8183174431324), (4, 64.38197195529938), (5, 36.18839205801487), (6, 35.10833005607128), (7, 29.55577565729618), (8, 32.12815311551094), (9, 21.75200590491295), (10, 13.566577700898051), (11, 9.865550292655826), (12, 8.765064018778503), (13, 20.298374190926552), (14, 11.160076258704066), (15, 8.451246264390647), (16, 8.179013637360185), (17, 8.511464331764728), (18, 5.734830131288618), (19, 6.768267531879246), (20, 6.157781535293907), (21, 6.922293236711994), (22, 5.23485135298688), (23, 9.13557385513559), (24, 5.076785049517639), (25, 5.292113251751289), (26, 4.691771773461369), (27, 6.650897774612531), (28, 4.475048239459284), (29, 5.518357009394094), (30, 5.480086017167196), (31, 4.95396765077021), (32, 7.287699037231505), (33, 4.889149453898426), (34, 4.381767236685846), (35, 3.8756487504579127), (36, 6.147233904455788), (37, 5.707750911242329), (38, 4.1442500102566555), (39, 4.898408570792526), (40, 5.396113945404068), (41, 5.335064027647604), (42, 4.23225041423575), (43, 5.247736588236876), (44, 4.897395159496227), (45, 5.048113820375875), (46, 4.705294097675505), (47, 3.488545117812464), (48, 4.462669315806124), (49, 5.257458575535566), (50, 4.245457397366408), (51, 4.279963409106131), (52, 5.436366077425191), (53, 5.430831475940067), (54, 4.796515152498614), (55, 5.177977173618274), (56, 4.084594825049862), (57, 5.75607911721454), (58, 4.562234656739747), (59, 4.1605581558724225), (60, 4.589052114004517), (61, 3.99111470565731), (62, 4.496220086621179), (63, 3.5865599474891496), (64, 3.6136706531688105), (65, 4.264402948469069), (66, 4.742050823679165), (67, 4.114112524344819), (68, 3.974006571326754), (69, 3.749124214944459), (70, 4.6172056083396456), (71, 3.8372593735402916), (72, 4.629456694987539), (73, 6.256820716767834), (74, 3.813973550881201), (75, 3.749737746315077), (76, 6.670240053121233), (77, 4.291251125570852), (78, 5.484077713328588), (79, 3.4132189759984612), (80, 3.543626495007402), (81, 3.42269161814329), (82, 3.3095744239676606), (83, 3.8853475649902975), (84, 3.9269393552640395), (85, 3.5563787647536174), (86, 3.595041139222303), (87, 3.511814372968729), (88, 4.271656671437086), (89, 3.3756191946636136), (90, 4.998530847718939), (91, 5.388735781969444), (92, 3.8377534476203436), (93, 4.223196643546544), (94, 3.9160234429873526), (95, 4.890785995659826), (96, 4.51852026270717), (97, 3.7878288134670584), (98, 5.01888565385525), (99, 4.763548067590136), (100, 3.9534271496795554)]
[2024-06-02 12:03:11,182][flwr][INFO] - app_fit: metrics_centralized {'accuracy': [(0, 0.0705), (1, 0.3393), (2, 0.6594), (3, 0.7542), (4, 0.7389), (5, 0.858), (6, 0.8413), (7, 0.8589), (8, 0.8395), (9, 0.901), (10, 0.948), (11, 0.9586), (12, 0.9661), (13, 0.9077), (14, 0.953), (15, 0.9688), (16, 0.9634), (17, 0.9636), (18, 0.9763), (19, 0.9697), (20, 0.9766), (21, 0.9717), (22, 0.9778), (23, 0.9573), (24, 0.9786), (25, 0.9784), (26, 0.9779), (27, 0.9744), (28, 0.9808), (29, 0.9769), (30, 0.9782), (31, 0.9796), (32, 0.9685), (33, 0.9766), (34, 0.9793), (35, 0.9831), (36, 0.976), (37, 0.978), (38, 0.9837), (39, 0.9814), (40, 0.9791), (41, 0.9809), (42, 0.9836), (43, 0.9795), (44, 0.9818), (45, 0.978), (46, 0.9829), (47, 0.9838), (48, 0.9818), (49, 0.9789), (50, 0.981), (51, 0.982), (52, 0.9821), (53, 0.9801), (54, 0.9811), (55, 0.9783), (56, 0.9831), (57, 0.9771), (58, 0.9827), (59, 0.9846), (60, 0.9832), (61, 0.9846), (62, 0.9835), (63, 0.9849), (64, 0.9836), (65, 0.984), (66, 0.98), (67, 0.9811), (68, 0.9849), (69, 0.9851), (70, 0.9823), (71, 0.9836), (72, 0.9837), (73, 0.9789), (74, 0.9866), (75, 0.986), (76, 0.9809), (77, 0.981), (78, 0.9809), (79, 0.9871), (80, 0.9867), (81, 0.9862), (82, 0.9878), (83, 0.9863), (84, 0.9845), (85, 0.9881), (86, 0.9873), (87, 0.9865), (88, 0.985), (89, 0.9876), (90, 0.9847), (91, 0.9811), (92, 0.9859), (93, 0.9854), (94, 0.9862), (95, 0.9845), (96, 0.9852), (97, 0.9854), (98, 0.9823), (99, 0.9857), (100, 0.9859)]}
