[2024-06-03 12:42:01,206][flwr][INFO] - Starting Flower simulation, config: ServerConfig(num_rounds=100, round_timeout=None)
[2024-06-03 12:42:03,278][flwr][INFO] - Flower VCE: Ray initialized with resources: {'memory': 83177153127.0, 'accelerator_type:G': 1.0, 'object_store_memory': 39933065625.0, 'node:172.17.34.3': 1.0, 'GPU': 2.0, 'CPU': 24.0}
[2024-06-03 12:42:03,280][flwr][INFO] - Initializing global parameters
[2024-06-03 12:42:03,280][flwr][INFO] - Requesting initial parameters from one random client
[2024-06-03 12:42:04,528][flwr][INFO] - Received initial parameters from one random client
[2024-06-03 12:42:04,528][flwr][INFO] - Evaluating initial parameters
[2024-06-03 12:42:05,914][flwr][INFO] - initial parameters (loss, other metrics): 181.91812825202942, {'accuracy': 0.1171}
[2024-06-03 12:42:05,914][flwr][INFO] - FL starting
[2024-06-03 12:42:05,914][flwr][DEBUG] - fit_round 1: strategy sampled 10 clients (out of 50)
[2024-06-03 12:42:10,291][flwr][DEBUG] - fit_round 1 received 10 results and 0 failures
[2024-06-03 12:42:10,795][flwr][WARNING] - No fit_metrics_aggregation_fn provided
[2024-06-03 12:42:11,216][flwr][INFO] - fit progress: (1, 154.91445863246918, {'accuracy': 0.7081}, 5.302503815852106)
[2024-06-03 12:42:11,217][flwr][DEBUG] - evaluate_round 1: strategy sampled 1 clients (out of 50)
[2024-06-03 12:42:11,490][flwr][DEBUG] - evaluate_round 1 received 1 results and 0 failures
[2024-06-03 12:42:11,490][flwr][WARNING] - No evaluate_metrics_aggregation_fn provided
[2024-06-03 12:42:11,490][flwr][DEBUG] - fit_round 2: strategy sampled 10 clients (out of 50)
[2024-06-03 12:42:13,169][flwr][DEBUG] - fit_round 2 received 10 results and 0 failures
[2024-06-03 12:42:14,081][flwr][INFO] - fit progress: (2, 104.04088842868805, {'accuracy': 0.8982}, 8.166835651732981)
[2024-06-03 12:42:14,081][flwr][DEBUG] - evaluate_round 2: strategy sampled 1 clients (out of 50)
[2024-06-03 12:42:14,341][flwr][DEBUG] - evaluate_round 2 received 1 results and 0 failures
[2024-06-03 12:42:14,341][flwr][DEBUG] - fit_round 3: strategy sampled 10 clients (out of 50)
[2024-06-03 12:42:15,997][flwr][DEBUG] - fit_round 3 received 10 results and 0 failures
[2024-06-03 12:42:16,902][flwr][INFO] - fit progress: (3, 22.733353223651648, {'accuracy': 0.9301}, 10.98798820283264)
[2024-06-03 12:42:16,902][flwr][DEBUG] - evaluate_round 3: strategy sampled 1 clients (out of 50)
[2024-06-03 12:42:17,190][flwr][DEBUG] - evaluate_round 3 received 1 results and 0 failures
[2024-06-03 12:42:17,190][flwr][DEBUG] - fit_round 4: strategy sampled 10 clients (out of 50)
[2024-06-03 12:42:18,878][flwr][DEBUG] - fit_round 4 received 10 results and 0 failures
[2024-06-03 12:42:22,511][flwr][INFO] - fit progress: (4, 34.17002795636654, {'accuracy': 0.9259}, 16.597395680844784)
[2024-06-03 12:42:22,511][flwr][DEBUG] - evaluate_round 4: strategy sampled 1 clients (out of 50)
[2024-06-03 12:42:22,787][flwr][DEBUG] - evaluate_round 4 received 1 results and 0 failures
[2024-06-03 12:42:22,787][flwr][DEBUG] - fit_round 5: strategy sampled 10 clients (out of 50)
[2024-06-03 12:42:24,588][flwr][DEBUG] - fit_round 5 received 10 results and 0 failures
[2024-06-03 12:42:28,391][flwr][INFO] - fit progress: (5, 34.39650276303291, {'accuracy': 0.9311}, 22.476632280740887)
[2024-06-03 12:42:28,391][flwr][DEBUG] - evaluate_round 5: strategy sampled 1 clients (out of 50)
[2024-06-03 12:42:28,660][flwr][DEBUG] - evaluate_round 5 received 1 results and 0 failures
[2024-06-03 12:42:28,660][flwr][DEBUG] - fit_round 6: strategy sampled 10 clients (out of 50)
[2024-06-03 12:42:30,529][flwr][DEBUG] - fit_round 6 received 10 results and 0 failures
[2024-06-03 12:42:34,139][flwr][INFO] - fit progress: (6, 85.67182499170303, {'accuracy': 0.8426}, 28.224649944808334)
[2024-06-03 12:42:34,139][flwr][DEBUG] - evaluate_round 6: strategy sampled 1 clients (out of 50)
[2024-06-03 12:42:34,406][flwr][DEBUG] - evaluate_round 6 received 1 results and 0 failures
[2024-06-03 12:42:34,406][flwr][DEBUG] - fit_round 7: strategy sampled 10 clients (out of 50)
[2024-06-03 12:42:36,364][flwr][DEBUG] - fit_round 7 received 10 results and 0 failures
[2024-06-03 12:42:39,966][flwr][INFO] - fit progress: (7, 36.194972306489944, {'accuracy': 0.9249}, 34.05225015478209)
[2024-06-03 12:42:39,966][flwr][DEBUG] - evaluate_round 7: strategy sampled 1 clients (out of 50)
[2024-06-03 12:42:40,244][flwr][DEBUG] - evaluate_round 7 received 1 results and 0 failures
[2024-06-03 12:42:40,244][flwr][DEBUG] - fit_round 8: strategy sampled 10 clients (out of 50)
[2024-06-03 12:42:42,020][flwr][DEBUG] - fit_round 8 received 10 results and 0 failures
[2024-06-03 12:42:45,640][flwr][INFO] - fit progress: (8, 80.91693729162216, {'accuracy': 0.8007}, 39.725992009975016)
[2024-06-03 12:42:45,640][flwr][DEBUG] - evaluate_round 8: strategy sampled 1 clients (out of 50)
[2024-06-03 12:42:45,932][flwr][DEBUG] - evaluate_round 8 received 1 results and 0 failures
[2024-06-03 12:42:45,932][flwr][DEBUG] - fit_round 9: strategy sampled 10 clients (out of 50)
[2024-06-03 12:42:47,768][flwr][DEBUG] - fit_round 9 received 10 results and 0 failures
[2024-06-03 12:42:51,411][flwr][INFO] - fit progress: (9, 86.80639666318893, {'accuracy': 0.7533}, 45.496854037977755)
[2024-06-03 12:42:51,411][flwr][DEBUG] - evaluate_round 9: strategy sampled 1 clients (out of 50)
[2024-06-03 12:42:51,696][flwr][DEBUG] - evaluate_round 9 received 1 results and 0 failures
[2024-06-03 12:42:51,696][flwr][DEBUG] - fit_round 10: strategy sampled 10 clients (out of 50)
[2024-06-03 12:42:53,382][flwr][DEBUG] - fit_round 10 received 10 results and 0 failures
[2024-06-03 12:42:56,981][flwr][INFO] - fit progress: (10, 87.40612143278122, {'accuracy': 0.7433}, 51.06733290478587)
[2024-06-03 12:42:56,981][flwr][DEBUG] - evaluate_round 10: strategy sampled 1 clients (out of 50)
[2024-06-03 12:42:57,260][flwr][DEBUG] - evaluate_round 10 received 1 results and 0 failures
[2024-06-03 12:42:57,260][flwr][DEBUG] - fit_round 11: strategy sampled 10 clients (out of 50)
[2024-06-03 12:42:59,157][flwr][DEBUG] - fit_round 11 received 10 results and 0 failures
[2024-06-03 12:43:02,757][flwr][INFO] - fit progress: (11, 14.95602012425661, {'accuracy': 0.95}, 56.843332638032734)
[2024-06-03 12:43:02,757][flwr][DEBUG] - evaluate_round 11: strategy sampled 1 clients (out of 50)
[2024-06-03 12:43:03,070][flwr][DEBUG] - evaluate_round 11 received 1 results and 0 failures
[2024-06-03 12:43:03,070][flwr][DEBUG] - fit_round 12: strategy sampled 10 clients (out of 50)
[2024-06-03 12:43:04,941][flwr][DEBUG] - fit_round 12 received 10 results and 0 failures
[2024-06-03 12:43:08,536][flwr][INFO] - fit progress: (12, 12.997744875960052, {'accuracy': 0.9513}, 62.622002138756216)
[2024-06-03 12:43:08,536][flwr][DEBUG] - evaluate_round 12: strategy sampled 1 clients (out of 50)
[2024-06-03 12:43:08,848][flwr][DEBUG] - evaluate_round 12 received 1 results and 0 failures
[2024-06-03 12:43:08,848][flwr][DEBUG] - fit_round 13: strategy sampled 10 clients (out of 50)
[2024-06-03 12:43:10,604][flwr][DEBUG] - fit_round 13 received 10 results and 0 failures
[2024-06-03 12:43:14,222][flwr][INFO] - fit progress: (13, 65.56290251016617, {'accuracy': 0.8384}, 68.30849417485297)
[2024-06-03 12:43:14,223][flwr][DEBUG] - evaluate_round 13: strategy sampled 1 clients (out of 50)
[2024-06-03 12:43:14,508][flwr][DEBUG] - evaluate_round 13 received 1 results and 0 failures
[2024-06-03 12:43:14,509][flwr][DEBUG] - fit_round 14: strategy sampled 10 clients (out of 50)
[2024-06-03 12:43:16,368][flwr][DEBUG] - fit_round 14 received 10 results and 0 failures
[2024-06-03 12:43:19,953][flwr][INFO] - fit progress: (14, 12.675436074845493, {'accuracy': 0.9557}, 74.0389598319307)
[2024-06-03 12:43:19,953][flwr][DEBUG] - evaluate_round 14: strategy sampled 1 clients (out of 50)
[2024-06-03 12:43:20,222][flwr][DEBUG] - evaluate_round 14 received 1 results and 0 failures
[2024-06-03 12:43:20,222][flwr][DEBUG] - fit_round 15: strategy sampled 10 clients (out of 50)
[2024-06-03 12:43:22,172][flwr][DEBUG] - fit_round 15 received 10 results and 0 failures
[2024-06-03 12:43:25,929][flwr][INFO] - fit progress: (15, 11.664051375351846, {'accuracy': 0.9552}, 80.01491674780846)
[2024-06-03 12:43:25,929][flwr][DEBUG] - evaluate_round 15: strategy sampled 1 clients (out of 50)
[2024-06-03 12:43:26,227][flwr][DEBUG] - evaluate_round 15 received 1 results and 0 failures
[2024-06-03 12:43:26,227][flwr][DEBUG] - fit_round 16: strategy sampled 10 clients (out of 50)
[2024-06-03 12:43:27,962][flwr][DEBUG] - fit_round 16 received 10 results and 0 failures
[2024-06-03 12:43:31,545][flwr][INFO] - fit progress: (16, 20.79011682793498, {'accuracy': 0.9482}, 85.63078607805073)
[2024-06-03 12:43:31,545][flwr][DEBUG] - evaluate_round 16: strategy sampled 1 clients (out of 50)
[2024-06-03 12:43:31,820][flwr][DEBUG] - evaluate_round 16 received 1 results and 0 failures
[2024-06-03 12:43:31,820][flwr][DEBUG] - fit_round 17: strategy sampled 10 clients (out of 50)
[2024-06-03 12:43:33,593][flwr][DEBUG] - fit_round 17 received 10 results and 0 failures
[2024-06-03 12:43:37,175][flwr][INFO] - fit progress: (17, 24.020478144288063, {'accuracy': 0.9389}, 91.26101842802018)
[2024-06-03 12:43:37,175][flwr][DEBUG] - evaluate_round 17: strategy sampled 1 clients (out of 50)
[2024-06-03 12:43:37,453][flwr][DEBUG] - evaluate_round 17 received 1 results and 0 failures
[2024-06-03 12:43:37,453][flwr][DEBUG] - fit_round 18: strategy sampled 10 clients (out of 50)
[2024-06-03 12:43:39,202][flwr][DEBUG] - fit_round 18 received 10 results and 0 failures
[2024-06-03 12:43:42,761][flwr][INFO] - fit progress: (18, 22.632225655019283, {'accuracy': 0.9454}, 96.8466056548059)
[2024-06-03 12:43:42,761][flwr][DEBUG] - evaluate_round 18: strategy sampled 1 clients (out of 50)
[2024-06-03 12:43:43,044][flwr][DEBUG] - evaluate_round 18 received 1 results and 0 failures
[2024-06-03 12:43:43,044][flwr][DEBUG] - fit_round 19: strategy sampled 10 clients (out of 50)
[2024-06-03 12:43:44,783][flwr][DEBUG] - fit_round 19 received 10 results and 0 failures
[2024-06-03 12:43:48,352][flwr][INFO] - fit progress: (19, 10.537797533441335, {'accuracy': 0.9603}, 102.4381286278367)
[2024-06-03 12:43:48,352][flwr][DEBUG] - evaluate_round 19: strategy sampled 1 clients (out of 50)
[2024-06-03 12:43:48,641][flwr][DEBUG] - evaluate_round 19 received 1 results and 0 failures
[2024-06-03 12:43:48,641][flwr][DEBUG] - fit_round 20: strategy sampled 10 clients (out of 50)
[2024-06-03 12:43:50,288][flwr][DEBUG] - fit_round 20 received 10 results and 0 failures
[2024-06-03 12:43:53,836][flwr][INFO] - fit progress: (20, 9.548588201403618, {'accuracy': 0.9651}, 107.92193563794717)
[2024-06-03 12:43:53,836][flwr][DEBUG] - evaluate_round 20: strategy sampled 1 clients (out of 50)
[2024-06-03 12:43:54,131][flwr][DEBUG] - evaluate_round 20 received 1 results and 0 failures
[2024-06-03 12:43:54,131][flwr][DEBUG] - fit_round 21: strategy sampled 10 clients (out of 50)
[2024-06-03 12:43:55,867][flwr][DEBUG] - fit_round 21 received 10 results and 0 failures
[2024-06-03 12:43:59,389][flwr][INFO] - fit progress: (21, 19.83536073938012, {'accuracy': 0.9502}, 113.47512637684122)
[2024-06-03 12:43:59,389][flwr][DEBUG] - evaluate_round 21: strategy sampled 1 clients (out of 50)
[2024-06-03 12:43:59,675][flwr][DEBUG] - evaluate_round 21 received 1 results and 0 failures
[2024-06-03 12:43:59,675][flwr][DEBUG] - fit_round 22: strategy sampled 10 clients (out of 50)
[2024-06-03 12:44:01,382][flwr][DEBUG] - fit_round 22 received 10 results and 0 failures
[2024-06-03 12:44:04,947][flwr][INFO] - fit progress: (22, 23.288190200924873, {'accuracy': 0.9471}, 119.0326271620579)
[2024-06-03 12:44:04,947][flwr][DEBUG] - evaluate_round 22: strategy sampled 1 clients (out of 50)
[2024-06-03 12:44:05,227][flwr][DEBUG] - evaluate_round 22 received 1 results and 0 failures
[2024-06-03 12:44:05,227][flwr][DEBUG] - fit_round 23: strategy sampled 10 clients (out of 50)
[2024-06-03 12:44:07,077][flwr][DEBUG] - fit_round 23 received 10 results and 0 failures
[2024-06-03 12:44:10,596][flwr][INFO] - fit progress: (23, 154.41881918907166, {'accuracy': 0.1205}, 124.68223845167086)
[2024-06-03 12:44:10,596][flwr][DEBUG] - evaluate_round 23: strategy sampled 1 clients (out of 50)
[2024-06-03 12:44:10,857][flwr][DEBUG] - evaluate_round 23 received 1 results and 0 failures
[2024-06-03 12:44:10,857][flwr][DEBUG] - fit_round 24: strategy sampled 10 clients (out of 50)
[2024-06-03 12:44:12,619][flwr][DEBUG] - fit_round 24 received 10 results and 0 failures
[2024-06-03 12:44:16,156][flwr][INFO] - fit progress: (24, 132.27493977546692, {'accuracy': 0.3776}, 130.24246087763458)
[2024-06-03 12:44:16,157][flwr][DEBUG] - evaluate_round 24: strategy sampled 1 clients (out of 50)
[2024-06-03 12:44:16,434][flwr][DEBUG] - evaluate_round 24 received 1 results and 0 failures
[2024-06-03 12:44:16,434][flwr][DEBUG] - fit_round 25: strategy sampled 10 clients (out of 50)
[2024-06-03 12:44:18,200][flwr][DEBUG] - fit_round 25 received 10 results and 0 failures
[2024-06-03 12:44:21,895][flwr][INFO] - fit progress: (25, 15.61269649118185, {'accuracy': 0.9507}, 135.98145205294713)
[2024-06-03 12:44:21,896][flwr][DEBUG] - evaluate_round 25: strategy sampled 1 clients (out of 50)
[2024-06-03 12:44:22,180][flwr][DEBUG] - evaluate_round 25 received 1 results and 0 failures
[2024-06-03 12:44:22,180][flwr][DEBUG] - fit_round 26: strategy sampled 10 clients (out of 50)
[2024-06-03 12:44:24,002][flwr][DEBUG] - fit_round 26 received 10 results and 0 failures
[2024-06-03 12:44:27,539][flwr][INFO] - fit progress: (26, 87.34807252883911, {'accuracy': 0.6742}, 141.6255053738132)
[2024-06-03 12:44:27,540][flwr][DEBUG] - evaluate_round 26: strategy sampled 1 clients (out of 50)
[2024-06-03 12:44:27,809][flwr][DEBUG] - evaluate_round 26 received 1 results and 0 failures
[2024-06-03 12:44:27,810][flwr][DEBUG] - fit_round 27: strategy sampled 10 clients (out of 50)
[2024-06-03 12:44:29,597][flwr][DEBUG] - fit_round 27 received 10 results and 0 failures
[2024-06-03 12:44:33,097][flwr][INFO] - fit progress: (27, 13.692051721736789, {'accuracy': 0.9536}, 147.18276589363813)
[2024-06-03 12:44:33,097][flwr][DEBUG] - evaluate_round 27: strategy sampled 1 clients (out of 50)
[2024-06-03 12:44:33,376][flwr][DEBUG] - evaluate_round 27 received 1 results and 0 failures
[2024-06-03 12:44:33,376][flwr][DEBUG] - fit_round 28: strategy sampled 10 clients (out of 50)
[2024-06-03 12:44:35,155][flwr][DEBUG] - fit_round 28 received 10 results and 0 failures
[2024-06-03 12:44:38,863][flwr][INFO] - fit progress: (28, 92.42202252149582, {'accuracy': 0.5805}, 152.94953644881025)
[2024-06-03 12:44:38,864][flwr][DEBUG] - evaluate_round 28: strategy sampled 1 clients (out of 50)
[2024-06-03 12:44:39,146][flwr][DEBUG] - evaluate_round 28 received 1 results and 0 failures
[2024-06-03 12:44:39,147][flwr][DEBUG] - fit_round 29: strategy sampled 10 clients (out of 50)
[2024-06-03 12:44:40,908][flwr][DEBUG] - fit_round 29 received 10 results and 0 failures
[2024-06-03 12:44:44,439][flwr][INFO] - fit progress: (29, 14.228661449626088, {'accuracy': 0.9525}, 158.52552566071972)
[2024-06-03 12:44:44,440][flwr][DEBUG] - evaluate_round 29: strategy sampled 1 clients (out of 50)
[2024-06-03 12:44:44,734][flwr][DEBUG] - evaluate_round 29 received 1 results and 0 failures
[2024-06-03 12:44:44,734][flwr][DEBUG] - fit_round 30: strategy sampled 10 clients (out of 50)
[2024-06-03 12:44:46,413][flwr][DEBUG] - fit_round 30 received 10 results and 0 failures
[2024-06-03 12:44:49,915][flwr][INFO] - fit progress: (30, 178.1313614845276, {'accuracy': 0.0974}, 164.00151170091704)
[2024-06-03 12:44:49,916][flwr][DEBUG] - evaluate_round 30: strategy sampled 1 clients (out of 50)
[2024-06-03 12:44:50,194][flwr][DEBUG] - evaluate_round 30 received 1 results and 0 failures
[2024-06-03 12:44:50,194][flwr][DEBUG] - fit_round 31: strategy sampled 10 clients (out of 50)
[2024-06-03 12:44:52,022][flwr][DEBUG] - fit_round 31 received 10 results and 0 failures
[2024-06-03 12:44:55,732][flwr][INFO] - fit progress: (31, 164.2207304239273, {'accuracy': 0.1365}, 169.81823390489444)
[2024-06-03 12:44:55,732][flwr][DEBUG] - evaluate_round 31: strategy sampled 1 clients (out of 50)
[2024-06-03 12:44:56,010][flwr][DEBUG] - evaluate_round 31 received 1 results and 0 failures
[2024-06-03 12:44:56,010][flwr][DEBUG] - fit_round 32: strategy sampled 10 clients (out of 50)
[2024-06-03 12:44:57,745][flwr][DEBUG] - fit_round 32 received 10 results and 0 failures
[2024-06-03 12:45:01,241][flwr][INFO] - fit progress: (32, 156.01940190792084, {'accuracy': 0.1369}, 175.3273018086329)
[2024-06-03 12:45:01,241][flwr][DEBUG] - evaluate_round 32: strategy sampled 1 clients (out of 50)
[2024-06-03 12:45:01,530][flwr][DEBUG] - evaluate_round 32 received 1 results and 0 failures
[2024-06-03 12:45:01,530][flwr][DEBUG] - fit_round 33: strategy sampled 10 clients (out of 50)
[2024-06-03 12:45:03,248][flwr][DEBUG] - fit_round 33 received 10 results and 0 failures
[2024-06-03 12:45:06,746][flwr][INFO] - fit progress: (33, 107.22171485424042, {'accuracy': 0.5625}, 180.8318482679315)
[2024-06-03 12:45:06,746][flwr][DEBUG] - evaluate_round 33: strategy sampled 1 clients (out of 50)
[2024-06-03 12:45:07,024][flwr][DEBUG] - evaluate_round 33 received 1 results and 0 failures
[2024-06-03 12:45:07,025][flwr][DEBUG] - fit_round 34: strategy sampled 10 clients (out of 50)
[2024-06-03 12:45:08,717][flwr][DEBUG] - fit_round 34 received 10 results and 0 failures
[2024-06-03 12:45:12,265][flwr][INFO] - fit progress: (34, 120.39786374568939, {'accuracy': 0.4173}, 186.3512682337314)
[2024-06-03 12:45:12,265][flwr][DEBUG] - evaluate_round 34: strategy sampled 1 clients (out of 50)
[2024-06-03 12:45:12,535][flwr][DEBUG] - evaluate_round 34 received 1 results and 0 failures
[2024-06-03 12:45:12,536][flwr][DEBUG] - fit_round 35: strategy sampled 10 clients (out of 50)
[2024-06-03 12:45:14,176][flwr][DEBUG] - fit_round 35 received 10 results and 0 failures
[2024-06-03 12:45:17,795][flwr][INFO] - fit progress: (35, 30.57094183564186, {'accuracy': 0.9003}, 191.88140065362677)
[2024-06-03 12:45:17,795][flwr][DEBUG] - evaluate_round 35: strategy sampled 1 clients (out of 50)
[2024-06-03 12:45:18,070][flwr][DEBUG] - evaluate_round 35 received 1 results and 0 failures
[2024-06-03 12:45:18,070][flwr][DEBUG] - fit_round 36: strategy sampled 10 clients (out of 50)
[2024-06-03 12:45:19,711][flwr][DEBUG] - fit_round 36 received 10 results and 0 failures
[2024-06-03 12:45:23,364][flwr][INFO] - fit progress: (36, 29.91624702513218, {'accuracy': 0.8778}, 197.44988265773281)
[2024-06-03 12:45:23,364][flwr][DEBUG] - evaluate_round 36: strategy sampled 1 clients (out of 50)
[2024-06-03 12:45:23,652][flwr][DEBUG] - evaluate_round 36 received 1 results and 0 failures
[2024-06-03 12:45:23,652][flwr][DEBUG] - fit_round 37: strategy sampled 10 clients (out of 50)
[2024-06-03 12:45:25,434][flwr][DEBUG] - fit_round 37 received 10 results and 0 failures
[2024-06-03 12:45:29,078][flwr][INFO] - fit progress: (37, 18.57300340384245, {'accuracy': 0.9307}, 203.16361948195845)
[2024-06-03 12:45:29,078][flwr][DEBUG] - evaluate_round 37: strategy sampled 1 clients (out of 50)
[2024-06-03 12:45:29,365][flwr][DEBUG] - evaluate_round 37 received 1 results and 0 failures
[2024-06-03 12:45:29,365][flwr][DEBUG] - fit_round 38: strategy sampled 10 clients (out of 50)
[2024-06-03 12:45:31,205][flwr][DEBUG] - fit_round 38 received 10 results and 0 failures
[2024-06-03 12:45:34,663][flwr][INFO] - fit progress: (38, 180.21750617027283, {'accuracy': 0.0974}, 208.74894623691216)
[2024-06-03 12:45:34,663][flwr][DEBUG] - evaluate_round 38: strategy sampled 1 clients (out of 50)
[2024-06-03 12:45:34,952][flwr][DEBUG] - evaluate_round 38 received 1 results and 0 failures
[2024-06-03 12:45:34,953][flwr][DEBUG] - fit_round 39: strategy sampled 10 clients (out of 50)
[2024-06-03 12:45:36,647][flwr][DEBUG] - fit_round 39 received 10 results and 0 failures
[2024-06-03 12:45:40,309][flwr][INFO] - fit progress: (39, 26.76605898141861, {'accuracy': 0.9171}, 214.39540290972218)
[2024-06-03 12:45:40,309][flwr][DEBUG] - evaluate_round 39: strategy sampled 1 clients (out of 50)
[2024-06-03 12:45:40,585][flwr][DEBUG] - evaluate_round 39 received 1 results and 0 failures
[2024-06-03 12:45:40,585][flwr][DEBUG] - fit_round 40: strategy sampled 10 clients (out of 50)
[2024-06-03 12:45:42,411][flwr][DEBUG] - fit_round 40 received 10 results and 0 failures
[2024-06-03 12:45:46,258][flwr][INFO] - fit progress: (40, 181.76847672462463, {'accuracy': 0.0974}, 220.3443194348365)
[2024-06-03 12:45:46,258][flwr][DEBUG] - evaluate_round 40: strategy sampled 1 clients (out of 50)
[2024-06-03 12:45:46,538][flwr][DEBUG] - evaluate_round 40 received 1 results and 0 failures
[2024-06-03 12:45:46,538][flwr][DEBUG] - fit_round 41: strategy sampled 10 clients (out of 50)
[2024-06-03 12:45:48,404][flwr][DEBUG] - fit_round 41 received 10 results and 0 failures
[2024-06-03 12:45:51,870][flwr][INFO] - fit progress: (41, 80.28150409460068, {'accuracy': 0.8581}, 225.9565046839416)
[2024-06-03 12:45:51,871][flwr][DEBUG] - evaluate_round 41: strategy sampled 1 clients (out of 50)
[2024-06-03 12:45:52,143][flwr][DEBUG] - evaluate_round 41 received 1 results and 0 failures
[2024-06-03 12:45:52,144][flwr][DEBUG] - fit_round 42: strategy sampled 10 clients (out of 50)
[2024-06-03 12:45:53,897][flwr][DEBUG] - fit_round 42 received 10 results and 0 failures
[2024-06-03 12:45:57,586][flwr][INFO] - fit progress: (42, 25.623731091618538, {'accuracy': 0.9099}, 231.67237629089504)
[2024-06-03 12:45:57,586][flwr][DEBUG] - evaluate_round 42: strategy sampled 1 clients (out of 50)
[2024-06-03 12:45:57,872][flwr][DEBUG] - evaluate_round 42 received 1 results and 0 failures
[2024-06-03 12:45:57,872][flwr][DEBUG] - fit_round 43: strategy sampled 10 clients (out of 50)
[2024-06-03 12:45:59,761][flwr][DEBUG] - fit_round 43 received 10 results and 0 failures
[2024-06-03 12:46:03,263][flwr][INFO] - fit progress: (43, 66.28203743696213, {'accuracy': 0.8425}, 237.34898662380874)
[2024-06-03 12:46:03,263][flwr][DEBUG] - evaluate_round 43: strategy sampled 1 clients (out of 50)
[2024-06-03 12:46:03,547][flwr][DEBUG] - evaluate_round 43 received 1 results and 0 failures
[2024-06-03 12:46:03,547][flwr][DEBUG] - fit_round 44: strategy sampled 10 clients (out of 50)
[2024-06-03 12:46:05,657][flwr][DEBUG] - fit_round 44 received 10 results and 0 failures
[2024-06-03 12:46:09,344][flwr][INFO] - fit progress: (44, 21.449089486151934, {'accuracy': 0.9196}, 243.42982069402933)
[2024-06-03 12:46:09,344][flwr][DEBUG] - evaluate_round 44: strategy sampled 1 clients (out of 50)
[2024-06-03 12:46:09,633][flwr][DEBUG] - evaluate_round 44 received 1 results and 0 failures
[2024-06-03 12:46:09,634][flwr][DEBUG] - fit_round 45: strategy sampled 10 clients (out of 50)
[2024-06-03 12:46:11,501][flwr][DEBUG] - fit_round 45 received 10 results and 0 failures
[2024-06-03 12:46:15,346][flwr][INFO] - fit progress: (45, 18.339518766850233, {'accuracy': 0.9301}, 249.4321075179614)
[2024-06-03 12:46:15,346][flwr][DEBUG] - evaluate_round 45: strategy sampled 1 clients (out of 50)
[2024-06-03 12:46:15,637][flwr][DEBUG] - evaluate_round 45 received 1 results and 0 failures
[2024-06-03 12:46:15,638][flwr][DEBUG] - fit_round 46: strategy sampled 10 clients (out of 50)
[2024-06-03 12:46:17,364][flwr][DEBUG] - fit_round 46 received 10 results and 0 failures
[2024-06-03 12:46:20,849][flwr][INFO] - fit progress: (46, 27.86685921996832, {'accuracy': 0.9093}, 254.93493068078533)
[2024-06-03 12:46:20,849][flwr][DEBUG] - evaluate_round 46: strategy sampled 1 clients (out of 50)
[2024-06-03 12:46:21,126][flwr][DEBUG] - evaluate_round 46 received 1 results and 0 failures
[2024-06-03 12:46:21,126][flwr][DEBUG] - fit_round 47: strategy sampled 10 clients (out of 50)
[2024-06-03 12:46:22,943][flwr][DEBUG] - fit_round 47 received 10 results and 0 failures
[2024-06-03 12:46:26,643][flwr][INFO] - fit progress: (47, 15.775747695937753, {'accuracy': 0.9396}, 260.7289430568926)
[2024-06-03 12:46:26,643][flwr][DEBUG] - evaluate_round 47: strategy sampled 1 clients (out of 50)
[2024-06-03 12:46:26,931][flwr][DEBUG] - evaluate_round 47 received 1 results and 0 failures
[2024-06-03 12:46:26,931][flwr][DEBUG] - fit_round 48: strategy sampled 10 clients (out of 50)
[2024-06-03 12:46:28,664][flwr][DEBUG] - fit_round 48 received 10 results and 0 failures
[2024-06-03 12:46:32,395][flwr][INFO] - fit progress: (48, 14.437251734547317, {'accuracy': 0.9433}, 266.480808283668)
[2024-06-03 12:46:32,395][flwr][DEBUG] - evaluate_round 48: strategy sampled 1 clients (out of 50)
[2024-06-03 12:46:32,675][flwr][DEBUG] - evaluate_round 48 received 1 results and 0 failures
[2024-06-03 12:46:32,675][flwr][DEBUG] - fit_round 49: strategy sampled 10 clients (out of 50)
[2024-06-03 12:46:34,474][flwr][DEBUG] - fit_round 49 received 10 results and 0 failures
[2024-06-03 12:46:38,037][flwr][INFO] - fit progress: (49, 179.20333886146545, {'accuracy': 0.0974}, 272.12279207864776)
[2024-06-03 12:46:38,037][flwr][DEBUG] - evaluate_round 49: strategy sampled 1 clients (out of 50)
[2024-06-03 12:46:38,324][flwr][DEBUG] - evaluate_round 49 received 1 results and 0 failures
[2024-06-03 12:46:38,324][flwr][DEBUG] - fit_round 50: strategy sampled 10 clients (out of 50)
[2024-06-03 12:46:40,064][flwr][DEBUG] - fit_round 50 received 10 results and 0 failures
[2024-06-03 12:46:43,834][flwr][INFO] - fit progress: (50, 22.586291700601578, {'accuracy': 0.9263}, 277.9201700887643)
[2024-06-03 12:46:43,834][flwr][DEBUG] - evaluate_round 50: strategy sampled 1 clients (out of 50)
[2024-06-03 12:46:44,113][flwr][DEBUG] - evaluate_round 50 received 1 results and 0 failures
[2024-06-03 12:46:44,113][flwr][DEBUG] - fit_round 51: strategy sampled 10 clients (out of 50)
[2024-06-03 12:46:45,905][flwr][DEBUG] - fit_round 51 received 10 results and 0 failures
[2024-06-03 12:46:49,438][flwr][INFO] - fit progress: (51, 114.61728692054749, {'accuracy': 0.4979}, 283.523802453652)
[2024-06-03 12:46:49,438][flwr][DEBUG] - evaluate_round 51: strategy sampled 1 clients (out of 50)
[2024-06-03 12:46:49,757][flwr][DEBUG] - evaluate_round 51 received 1 results and 0 failures
[2024-06-03 12:46:49,757][flwr][DEBUG] - fit_round 52: strategy sampled 10 clients (out of 50)
[2024-06-03 12:46:51,565][flwr][DEBUG] - fit_round 52 received 10 results and 0 failures
[2024-06-03 12:46:55,341][flwr][INFO] - fit progress: (52, 18.982519038021564, {'accuracy': 0.9343}, 289.4265587227419)
[2024-06-03 12:46:55,341][flwr][DEBUG] - evaluate_round 52: strategy sampled 1 clients (out of 50)
[2024-06-03 12:46:55,608][flwr][DEBUG] - evaluate_round 52 received 1 results and 0 failures
[2024-06-03 12:46:55,608][flwr][DEBUG] - fit_round 53: strategy sampled 10 clients (out of 50)
[2024-06-03 12:46:57,384][flwr][DEBUG] - fit_round 53 received 10 results and 0 failures
[2024-06-03 12:47:00,909][flwr][INFO] - fit progress: (53, 78.67012321949005, {'accuracy': 0.6928}, 294.99504682281986)
[2024-06-03 12:47:00,909][flwr][DEBUG] - evaluate_round 53: strategy sampled 1 clients (out of 50)
[2024-06-03 12:47:01,171][flwr][DEBUG] - evaluate_round 53 received 1 results and 0 failures
[2024-06-03 12:47:01,171][flwr][DEBUG] - fit_round 54: strategy sampled 10 clients (out of 50)
[2024-06-03 12:47:02,973][flwr][DEBUG] - fit_round 54 received 10 results and 0 failures
[2024-06-03 12:47:06,485][flwr][INFO] - fit progress: (54, 89.25708919763565, {'accuracy': 0.6318}, 300.5712796826847)
[2024-06-03 12:47:06,485][flwr][DEBUG] - evaluate_round 54: strategy sampled 1 clients (out of 50)
[2024-06-03 12:47:06,746][flwr][DEBUG] - evaluate_round 54 received 1 results and 0 failures
[2024-06-03 12:47:06,747][flwr][DEBUG] - fit_round 55: strategy sampled 10 clients (out of 50)
[2024-06-03 12:47:08,384][flwr][DEBUG] - fit_round 55 received 10 results and 0 failures
[2024-06-03 12:47:12,118][flwr][INFO] - fit progress: (55, 18.252629740163684, {'accuracy': 0.9338}, 306.20361965475604)
[2024-06-03 12:47:12,118][flwr][DEBUG] - evaluate_round 55: strategy sampled 1 clients (out of 50)
[2024-06-03 12:47:12,399][flwr][DEBUG] - evaluate_round 55 received 1 results and 0 failures
[2024-06-03 12:47:12,399][flwr][DEBUG] - fit_round 56: strategy sampled 10 clients (out of 50)
[2024-06-03 12:47:14,290][flwr][DEBUG] - fit_round 56 received 10 results and 0 failures
[2024-06-03 12:47:17,798][flwr][INFO] - fit progress: (56, 41.917722314596176, {'accuracy': 0.8839}, 311.88407038897276)
[2024-06-03 12:47:17,798][flwr][DEBUG] - evaluate_round 56: strategy sampled 1 clients (out of 50)
[2024-06-03 12:47:18,086][flwr][DEBUG] - evaluate_round 56 received 1 results and 0 failures
[2024-06-03 12:47:18,086][flwr][DEBUG] - fit_round 57: strategy sampled 10 clients (out of 50)
[2024-06-03 12:47:20,068][flwr][DEBUG] - fit_round 57 received 10 results and 0 failures
[2024-06-03 12:47:23,569][flwr][INFO] - fit progress: (57, 87.4937493801117, {'accuracy': 0.6675}, 317.65505846077576)
[2024-06-03 12:47:23,569][flwr][DEBUG] - evaluate_round 57: strategy sampled 1 clients (out of 50)
[2024-06-03 12:47:23,851][flwr][DEBUG] - evaluate_round 57 received 1 results and 0 failures
[2024-06-03 12:47:23,851][flwr][DEBUG] - fit_round 58: strategy sampled 10 clients (out of 50)
[2024-06-03 12:47:25,673][flwr][DEBUG] - fit_round 58 received 10 results and 0 failures
[2024-06-03 12:47:29,448][flwr][INFO] - fit progress: (58, 18.537162110209465, {'accuracy': 0.933}, 323.53440524591133)
[2024-06-03 12:47:29,448][flwr][DEBUG] - evaluate_round 58: strategy sampled 1 clients (out of 50)
[2024-06-03 12:47:29,740][flwr][DEBUG] - evaluate_round 58 received 1 results and 0 failures
[2024-06-03 12:47:29,740][flwr][DEBUG] - fit_round 59: strategy sampled 10 clients (out of 50)
[2024-06-03 12:47:31,615][flwr][DEBUG] - fit_round 59 received 10 results and 0 failures
[2024-06-03 12:47:35,384][flwr][INFO] - fit progress: (59, 14.926867696456611, {'accuracy': 0.9423}, 329.4701730296947)
[2024-06-03 12:47:35,384][flwr][DEBUG] - evaluate_round 59: strategy sampled 1 clients (out of 50)
[2024-06-03 12:47:35,712][flwr][DEBUG] - evaluate_round 59 received 1 results and 0 failures
[2024-06-03 12:47:35,712][flwr][DEBUG] - fit_round 60: strategy sampled 10 clients (out of 50)
[2024-06-03 12:47:37,573][flwr][DEBUG] - fit_round 60 received 10 results and 0 failures
[2024-06-03 12:47:41,331][flwr][INFO] - fit progress: (60, 13.812551310285926, {'accuracy': 0.9467}, 335.4167627557181)
[2024-06-03 12:47:41,331][flwr][DEBUG] - evaluate_round 60: strategy sampled 1 clients (out of 50)
[2024-06-03 12:47:41,610][flwr][DEBUG] - evaluate_round 60 received 1 results and 0 failures
[2024-06-03 12:47:41,610][flwr][DEBUG] - fit_round 61: strategy sampled 10 clients (out of 50)
[2024-06-03 12:47:43,419][flwr][DEBUG] - fit_round 61 received 10 results and 0 failures
[2024-06-03 12:47:47,175][flwr][INFO] - fit progress: (61, 12.896700636483729, {'accuracy': 0.95}, 341.2612678790465)
[2024-06-03 12:47:47,175][flwr][DEBUG] - evaluate_round 61: strategy sampled 1 clients (out of 50)
[2024-06-03 12:47:47,452][flwr][DEBUG] - evaluate_round 61 received 1 results and 0 failures
[2024-06-03 12:47:47,452][flwr][DEBUG] - fit_round 62: strategy sampled 10 clients (out of 50)
[2024-06-03 12:47:49,537][flwr][DEBUG] - fit_round 62 received 10 results and 0 failures
[2024-06-03 12:47:53,007][flwr][INFO] - fit progress: (62, 18.77531547471881, {'accuracy': 0.9418}, 347.09339522989467)
[2024-06-03 12:47:53,007][flwr][DEBUG] - evaluate_round 62: strategy sampled 1 clients (out of 50)
[2024-06-03 12:47:53,271][flwr][DEBUG] - evaluate_round 62 received 1 results and 0 failures
[2024-06-03 12:47:53,271][flwr][DEBUG] - fit_round 63: strategy sampled 10 clients (out of 50)
[2024-06-03 12:47:55,077][flwr][DEBUG] - fit_round 63 received 10 results and 0 failures
[2024-06-03 12:47:58,550][flwr][INFO] - fit progress: (63, 71.65792053937912, {'accuracy': 0.8276}, 352.6356695620343)
[2024-06-03 12:47:58,550][flwr][DEBUG] - evaluate_round 63: strategy sampled 1 clients (out of 50)
[2024-06-03 12:47:58,829][flwr][DEBUG] - evaluate_round 63 received 1 results and 0 failures
[2024-06-03 12:47:58,830][flwr][DEBUG] - fit_round 64: strategy sampled 10 clients (out of 50)
[2024-06-03 12:48:00,677][flwr][DEBUG] - fit_round 64 received 10 results and 0 failures
[2024-06-03 12:48:04,153][flwr][INFO] - fit progress: (64, 89.2405726313591, {'accuracy': 0.6864}, 358.2392639569007)
[2024-06-03 12:48:04,153][flwr][DEBUG] - evaluate_round 64: strategy sampled 1 clients (out of 50)
[2024-06-03 12:48:04,437][flwr][DEBUG] - evaluate_round 64 received 1 results and 0 failures
[2024-06-03 12:48:04,437][flwr][DEBUG] - fit_round 65: strategy sampled 10 clients (out of 50)
[2024-06-03 12:48:06,242][flwr][DEBUG] - fit_round 65 received 10 results and 0 failures
[2024-06-03 12:48:09,716][flwr][INFO] - fit progress: (65, 154.4827365875244, {'accuracy': 0.2023}, 363.8020796510391)
[2024-06-03 12:48:09,716][flwr][DEBUG] - evaluate_round 65: strategy sampled 1 clients (out of 50)
[2024-06-03 12:48:10,000][flwr][DEBUG] - evaluate_round 65 received 1 results and 0 failures
[2024-06-03 12:48:10,000][flwr][DEBUG] - fit_round 66: strategy sampled 10 clients (out of 50)
[2024-06-03 12:48:11,754][flwr][DEBUG] - fit_round 66 received 10 results and 0 failures
[2024-06-03 12:48:15,240][flwr][INFO] - fit progress: (66, 34.7433902323246, {'accuracy': 0.9152}, 369.32604224281386)
[2024-06-03 12:48:15,240][flwr][DEBUG] - evaluate_round 66: strategy sampled 1 clients (out of 50)
[2024-06-03 12:48:15,520][flwr][DEBUG] - evaluate_round 66 received 1 results and 0 failures
[2024-06-03 12:48:15,520][flwr][DEBUG] - fit_round 67: strategy sampled 10 clients (out of 50)
[2024-06-03 12:48:17,222][flwr][DEBUG] - fit_round 67 received 10 results and 0 failures
[2024-06-03 12:48:20,992][flwr][INFO] - fit progress: (67, 17.21266981959343, {'accuracy': 0.9378}, 375.07779647083953)
[2024-06-03 12:48:20,992][flwr][DEBUG] - evaluate_round 67: strategy sampled 1 clients (out of 50)
[2024-06-03 12:48:21,282][flwr][DEBUG] - evaluate_round 67 received 1 results and 0 failures
[2024-06-03 12:48:21,282][flwr][DEBUG] - fit_round 68: strategy sampled 10 clients (out of 50)
[2024-06-03 12:48:23,082][flwr][DEBUG] - fit_round 68 received 10 results and 0 failures
[2024-06-03 12:48:26,821][flwr][INFO] - fit progress: (68, 14.680892135947943, {'accuracy': 0.9444}, 380.90746196499094)
[2024-06-03 12:48:26,822][flwr][DEBUG] - evaluate_round 68: strategy sampled 1 clients (out of 50)
[2024-06-03 12:48:27,113][flwr][DEBUG] - evaluate_round 68 received 1 results and 0 failures
[2024-06-03 12:48:27,113][flwr][DEBUG] - fit_round 69: strategy sampled 10 clients (out of 50)
[2024-06-03 12:48:28,867][flwr][DEBUG] - fit_round 69 received 10 results and 0 failures
[2024-06-03 12:48:32,371][flwr][INFO] - fit progress: (69, 181.9026210308075, {'accuracy': 0.1391}, 386.45705880690366)
[2024-06-03 12:48:32,371][flwr][DEBUG] - evaluate_round 69: strategy sampled 1 clients (out of 50)
[2024-06-03 12:48:32,646][flwr][DEBUG] - evaluate_round 69 received 1 results and 0 failures
[2024-06-03 12:48:32,646][flwr][DEBUG] - fit_round 70: strategy sampled 10 clients (out of 50)
[2024-06-03 12:48:34,473][flwr][DEBUG] - fit_round 70 received 10 results and 0 failures
[2024-06-03 12:48:38,218][flwr][INFO] - fit progress: (70, 154.07628560066223, {'accuracy': 0.5487}, 392.30426439782605)
[2024-06-03 12:48:38,218][flwr][DEBUG] - evaluate_round 70: strategy sampled 1 clients (out of 50)
[2024-06-03 12:48:38,507][flwr][DEBUG] - evaluate_round 70 received 1 results and 0 failures
[2024-06-03 12:48:38,507][flwr][DEBUG] - fit_round 71: strategy sampled 10 clients (out of 50)
[2024-06-03 12:48:40,257][flwr][DEBUG] - fit_round 71 received 10 results and 0 failures
[2024-06-03 12:48:43,833][flwr][INFO] - fit progress: (71, 141.1590805053711, {'accuracy': 0.4537}, 397.9191577578895)
[2024-06-03 12:48:43,833][flwr][DEBUG] - evaluate_round 71: strategy sampled 1 clients (out of 50)
[2024-06-03 12:48:44,119][flwr][DEBUG] - evaluate_round 71 received 1 results and 0 failures
[2024-06-03 12:48:44,119][flwr][DEBUG] - fit_round 72: strategy sampled 10 clients (out of 50)
[2024-06-03 12:48:46,056][flwr][DEBUG] - fit_round 72 received 10 results and 0 failures
[2024-06-03 12:48:49,876][flwr][INFO] - fit progress: (72, 33.89039997756481, {'accuracy': 0.8952}, 403.9620136138983)
[2024-06-03 12:48:49,876][flwr][DEBUG] - evaluate_round 72: strategy sampled 1 clients (out of 50)
[2024-06-03 12:48:50,169][flwr][DEBUG] - evaluate_round 72 received 1 results and 0 failures
[2024-06-03 12:48:50,169][flwr][DEBUG] - fit_round 73: strategy sampled 10 clients (out of 50)
[2024-06-03 12:48:52,114][flwr][DEBUG] - fit_round 73 received 10 results and 0 failures
[2024-06-03 12:48:55,932][flwr][INFO] - fit progress: (73, 25.528116066008806, {'accuracy': 0.9099}, 410.01830702088773)
[2024-06-03 12:48:55,932][flwr][DEBUG] - evaluate_round 73: strategy sampled 1 clients (out of 50)
[2024-06-03 12:48:56,209][flwr][DEBUG] - evaluate_round 73 received 1 results and 0 failures
[2024-06-03 12:48:56,209][flwr][DEBUG] - fit_round 74: strategy sampled 10 clients (out of 50)
[2024-06-03 12:48:58,169][flwr][DEBUG] - fit_round 74 received 10 results and 0 failures
[2024-06-03 12:49:01,755][flwr][INFO] - fit progress: (74, 156.50619614124298, {'accuracy': 0.1124}, 415.84124789061025)
[2024-06-03 12:49:01,755][flwr][DEBUG] - evaluate_round 74: strategy sampled 1 clients (out of 50)
[2024-06-03 12:49:02,042][flwr][DEBUG] - evaluate_round 74 received 1 results and 0 failures
[2024-06-03 12:49:02,042][flwr][DEBUG] - fit_round 75: strategy sampled 10 clients (out of 50)
[2024-06-03 12:49:03,837][flwr][DEBUG] - fit_round 75 received 10 results and 0 failures
[2024-06-03 12:49:07,443][flwr][INFO] - fit progress: (75, 156.93543374538422, {'accuracy': 0.2299}, 421.52921258984134)
[2024-06-03 12:49:07,443][flwr][DEBUG] - evaluate_round 75: strategy sampled 1 clients (out of 50)
[2024-06-03 12:49:07,722][flwr][DEBUG] - evaluate_round 75 received 1 results and 0 failures
[2024-06-03 12:49:07,722][flwr][DEBUG] - fit_round 76: strategy sampled 10 clients (out of 50)
[2024-06-03 12:49:09,566][flwr][DEBUG] - fit_round 76 received 10 results and 0 failures
[2024-06-03 12:49:13,149][flwr][INFO] - fit progress: (76, 60.69294175505638, {'accuracy': 0.886}, 427.23515866696835)
[2024-06-03 12:49:13,149][flwr][DEBUG] - evaluate_round 76: strategy sampled 1 clients (out of 50)
[2024-06-03 12:49:13,438][flwr][DEBUG] - evaluate_round 76 received 1 results and 0 failures
[2024-06-03 12:49:13,438][flwr][DEBUG] - fit_round 77: strategy sampled 10 clients (out of 50)
[2024-06-03 12:49:15,255][flwr][DEBUG] - fit_round 77 received 10 results and 0 failures
[2024-06-03 12:49:18,818][flwr][INFO] - fit progress: (77, 128.45658421516418, {'accuracy': 0.4754}, 432.90373655362055)
[2024-06-03 12:49:18,818][flwr][DEBUG] - evaluate_round 77: strategy sampled 1 clients (out of 50)
[2024-06-03 12:49:19,092][flwr][DEBUG] - evaluate_round 77 received 1 results and 0 failures
[2024-06-03 12:49:19,092][flwr][DEBUG] - fit_round 78: strategy sampled 10 clients (out of 50)
[2024-06-03 12:49:20,870][flwr][DEBUG] - fit_round 78 received 10 results and 0 failures
[2024-06-03 12:49:24,706][flwr][INFO] - fit progress: (78, 23.26826272532344, {'accuracy': 0.9176}, 438.79158944869414)
[2024-06-03 12:49:24,706][flwr][DEBUG] - evaluate_round 78: strategy sampled 1 clients (out of 50)
[2024-06-03 12:49:24,968][flwr][DEBUG] - evaluate_round 78 received 1 results and 0 failures
[2024-06-03 12:49:24,968][flwr][DEBUG] - fit_round 79: strategy sampled 10 clients (out of 50)
[2024-06-03 12:49:26,833][flwr][DEBUG] - fit_round 79 received 10 results and 0 failures
[2024-06-03 12:49:30,686][flwr][INFO] - fit progress: (79, 20.155140168964863, {'accuracy': 0.9236}, 444.7724540377967)
[2024-06-03 12:49:30,687][flwr][DEBUG] - evaluate_round 79: strategy sampled 1 clients (out of 50)
[2024-06-03 12:49:30,954][flwr][DEBUG] - evaluate_round 79 received 1 results and 0 failures
[2024-06-03 12:49:30,954][flwr][DEBUG] - fit_round 80: strategy sampled 10 clients (out of 50)
[2024-06-03 12:49:32,624][flwr][DEBUG] - fit_round 80 received 10 results and 0 failures
[2024-06-03 12:49:36,161][flwr][INFO] - fit progress: (80, 109.8646856546402, {'accuracy': 0.5808}, 450.2473313440569)
[2024-06-03 12:49:36,161][flwr][DEBUG] - evaluate_round 80: strategy sampled 1 clients (out of 50)
[2024-06-03 12:49:36,450][flwr][DEBUG] - evaluate_round 80 received 1 results and 0 failures
[2024-06-03 12:49:36,450][flwr][DEBUG] - fit_round 81: strategy sampled 10 clients (out of 50)
[2024-06-03 12:49:38,198][flwr][DEBUG] - fit_round 81 received 10 results and 0 failures
[2024-06-03 12:49:41,710][flwr][INFO] - fit progress: (81, 76.86127835512161, {'accuracy': 0.8414}, 455.7956400997937)
[2024-06-03 12:49:41,710][flwr][DEBUG] - evaluate_round 81: strategy sampled 1 clients (out of 50)
[2024-06-03 12:49:41,993][flwr][DEBUG] - evaluate_round 81 received 1 results and 0 failures
[2024-06-03 12:49:41,994][flwr][DEBUG] - fit_round 82: strategy sampled 10 clients (out of 50)
[2024-06-03 12:49:43,743][flwr][DEBUG] - fit_round 82 received 10 results and 0 failures
[2024-06-03 12:49:47,570][flwr][INFO] - fit progress: (82, 19.296527970582247, {'accuracy': 0.9325}, 461.6558510917239)
[2024-06-03 12:49:47,570][flwr][DEBUG] - evaluate_round 82: strategy sampled 1 clients (out of 50)
[2024-06-03 12:49:47,843][flwr][DEBUG] - evaluate_round 82 received 1 results and 0 failures
[2024-06-03 12:49:47,843][flwr][DEBUG] - fit_round 83: strategy sampled 10 clients (out of 50)
[2024-06-03 12:49:49,548][flwr][DEBUG] - fit_round 83 received 10 results and 0 failures
[2024-06-03 12:49:53,093][flwr][INFO] - fit progress: (83, 72.22248876094818, {'accuracy': 0.7745}, 467.17908315593377)
[2024-06-03 12:49:53,093][flwr][DEBUG] - evaluate_round 83: strategy sampled 1 clients (out of 50)
[2024-06-03 12:49:53,384][flwr][DEBUG] - evaluate_round 83 received 1 results and 0 failures
[2024-06-03 12:49:53,385][flwr][DEBUG] - fit_round 84: strategy sampled 10 clients (out of 50)
[2024-06-03 12:49:55,309][flwr][DEBUG] - fit_round 84 received 10 results and 0 failures
[2024-06-03 12:49:59,114][flwr][INFO] - fit progress: (84, 18.021735657006502, {'accuracy': 0.9347}, 473.1997891147621)
[2024-06-03 12:49:59,114][flwr][DEBUG] - evaluate_round 84: strategy sampled 1 clients (out of 50)
[2024-06-03 12:49:59,396][flwr][DEBUG] - evaluate_round 84 received 1 results and 0 failures
[2024-06-03 12:49:59,396][flwr][DEBUG] - fit_round 85: strategy sampled 10 clients (out of 50)
[2024-06-03 12:50:01,151][flwr][DEBUG] - fit_round 85 received 10 results and 0 failures
[2024-06-03 12:50:04,666][flwr][INFO] - fit progress: (85, 126.089883685112, {'accuracy': 0.412}, 478.75221816264093)
[2024-06-03 12:50:04,666][flwr][DEBUG] - evaluate_round 85: strategy sampled 1 clients (out of 50)
[2024-06-03 12:50:04,959][flwr][DEBUG] - evaluate_round 85 received 1 results and 0 failures
[2024-06-03 12:50:04,959][flwr][DEBUG] - fit_round 86: strategy sampled 10 clients (out of 50)
[2024-06-03 12:50:06,814][flwr][DEBUG] - fit_round 86 received 10 results and 0 failures
[2024-06-03 12:50:10,333][flwr][INFO] - fit progress: (86, 149.34045433998108, {'accuracy': 0.2328}, 484.41874633776024)
[2024-06-03 12:50:10,333][flwr][DEBUG] - evaluate_round 86: strategy sampled 1 clients (out of 50)
[2024-06-03 12:50:10,612][flwr][DEBUG] - evaluate_round 86 received 1 results and 0 failures
[2024-06-03 12:50:10,612][flwr][DEBUG] - fit_round 87: strategy sampled 10 clients (out of 50)
[2024-06-03 12:50:12,457][flwr][DEBUG] - fit_round 87 received 10 results and 0 failures
[2024-06-03 12:50:15,973][flwr][INFO] - fit progress: (87, 81.79399651288986, {'accuracy': 0.8609}, 490.059097842779)
[2024-06-03 12:50:15,973][flwr][DEBUG] - evaluate_round 87: strategy sampled 1 clients (out of 50)
[2024-06-03 12:50:16,260][flwr][DEBUG] - evaluate_round 87 received 1 results and 0 failures
[2024-06-03 12:50:16,260][flwr][DEBUG] - fit_round 88: strategy sampled 10 clients (out of 50)
[2024-06-03 12:50:18,113][flwr][DEBUG] - fit_round 88 received 10 results and 0 failures
[2024-06-03 12:50:21,897][flwr][INFO] - fit progress: (88, 20.634568506851792, {'accuracy': 0.9247}, 495.98331564990804)
[2024-06-03 12:50:21,897][flwr][DEBUG] - evaluate_round 88: strategy sampled 1 clients (out of 50)
[2024-06-03 12:50:22,164][flwr][DEBUG] - evaluate_round 88 received 1 results and 0 failures
[2024-06-03 12:50:22,165][flwr][DEBUG] - fit_round 89: strategy sampled 10 clients (out of 50)
[2024-06-03 12:50:23,910][flwr][DEBUG] - fit_round 89 received 10 results and 0 failures
[2024-06-03 12:50:27,440][flwr][INFO] - fit progress: (89, 27.740049310028553, {'accuracy': 0.9183}, 501.52556058298796)
[2024-06-03 12:50:27,440][flwr][DEBUG] - evaluate_round 89: strategy sampled 1 clients (out of 50)
[2024-06-03 12:50:27,716][flwr][DEBUG] - evaluate_round 89 received 1 results and 0 failures
[2024-06-03 12:50:27,717][flwr][DEBUG] - fit_round 90: strategy sampled 10 clients (out of 50)
[2024-06-03 12:50:29,464][flwr][DEBUG] - fit_round 90 received 10 results and 0 failures
[2024-06-03 12:50:32,975][flwr][INFO] - fit progress: (90, 152.52433788776398, {'accuracy': 0.1645}, 507.0610521477647)
[2024-06-03 12:50:32,975][flwr][DEBUG] - evaluate_round 90: strategy sampled 1 clients (out of 50)
[2024-06-03 12:50:33,243][flwr][DEBUG] - evaluate_round 90 received 1 results and 0 failures
[2024-06-03 12:50:33,243][flwr][DEBUG] - fit_round 91: strategy sampled 10 clients (out of 50)
[2024-06-03 12:50:34,963][flwr][DEBUG] - fit_round 91 received 10 results and 0 failures
[2024-06-03 12:50:38,727][flwr][INFO] - fit progress: (91, 20.574960572645068, {'accuracy': 0.9283}, 512.8126039230265)
[2024-06-03 12:50:38,727][flwr][DEBUG] - evaluate_round 91: strategy sampled 1 clients (out of 50)
[2024-06-03 12:50:39,003][flwr][DEBUG] - evaluate_round 91 received 1 results and 0 failures
[2024-06-03 12:50:39,004][flwr][DEBUG] - fit_round 92: strategy sampled 10 clients (out of 50)
[2024-06-03 12:50:40,789][flwr][DEBUG] - fit_round 92 received 10 results and 0 failures
[2024-06-03 12:50:44,620][flwr][INFO] - fit progress: (92, 18.315292758867145, {'accuracy': 0.9322}, 518.7064138576388)
[2024-06-03 12:50:44,620][flwr][DEBUG] - evaluate_round 92: strategy sampled 1 clients (out of 50)
[2024-06-03 12:50:44,884][flwr][DEBUG] - evaluate_round 92 received 1 results and 0 failures
[2024-06-03 12:50:44,885][flwr][DEBUG] - fit_round 93: strategy sampled 10 clients (out of 50)
[2024-06-03 12:50:46,768][flwr][DEBUG] - fit_round 93 received 10 results and 0 failures
[2024-06-03 12:50:50,315][flwr][INFO] - fit progress: (93, 44.13879884779453, {'accuracy': 0.8878}, 524.4015337987803)
[2024-06-03 12:50:50,316][flwr][DEBUG] - evaluate_round 93: strategy sampled 1 clients (out of 50)
[2024-06-03 12:50:50,602][flwr][DEBUG] - evaluate_round 93 received 1 results and 0 failures
[2024-06-03 12:50:50,602][flwr][DEBUG] - fit_round 94: strategy sampled 10 clients (out of 50)
[2024-06-03 12:50:52,412][flwr][DEBUG] - fit_round 94 received 10 results and 0 failures
[2024-06-03 12:50:55,956][flwr][INFO] - fit progress: (94, 71.39105951786041, {'accuracy': 0.8439}, 530.0420261546969)
[2024-06-03 12:50:55,956][flwr][DEBUG] - evaluate_round 94: strategy sampled 1 clients (out of 50)
[2024-06-03 12:50:56,224][flwr][DEBUG] - evaluate_round 94 received 1 results and 0 failures
[2024-06-03 12:50:56,224][flwr][DEBUG] - fit_round 95: strategy sampled 10 clients (out of 50)
[2024-06-03 12:50:57,984][flwr][DEBUG] - fit_round 95 received 10 results and 0 failures
[2024-06-03 12:51:01,513][flwr][INFO] - fit progress: (95, 72.92674857378006, {'accuracy': 0.8575}, 535.5986194149591)
[2024-06-03 12:51:01,513][flwr][DEBUG] - evaluate_round 95: strategy sampled 1 clients (out of 50)
[2024-06-03 12:51:01,790][flwr][DEBUG] - evaluate_round 95 received 1 results and 0 failures
[2024-06-03 12:51:01,790][flwr][DEBUG] - fit_round 96: strategy sampled 10 clients (out of 50)
[2024-06-03 12:51:03,583][flwr][DEBUG] - fit_round 96 received 10 results and 0 failures
[2024-06-03 12:51:07,124][flwr][INFO] - fit progress: (96, 154.3853485584259, {'accuracy': 0.2209}, 541.209993544966)
[2024-06-03 12:51:07,124][flwr][DEBUG] - evaluate_round 96: strategy sampled 1 clients (out of 50)
[2024-06-03 12:51:07,397][flwr][DEBUG] - evaluate_round 96 received 1 results and 0 failures
[2024-06-03 12:51:07,398][flwr][DEBUG] - fit_round 97: strategy sampled 10 clients (out of 50)
[2024-06-03 12:51:09,155][flwr][DEBUG] - fit_round 97 received 10 results and 0 failures
[2024-06-03 12:51:12,950][flwr][INFO] - fit progress: (97, 21.42414366081357, {'accuracy': 0.925}, 547.0363339949399)
[2024-06-03 12:51:12,950][flwr][DEBUG] - evaluate_round 97: strategy sampled 1 clients (out of 50)
[2024-06-03 12:51:13,239][flwr][DEBUG] - evaluate_round 97 received 1 results and 0 failures
[2024-06-03 12:51:13,240][flwr][DEBUG] - fit_round 98: strategy sampled 10 clients (out of 50)
[2024-06-03 12:51:15,053][flwr][DEBUG] - fit_round 98 received 10 results and 0 failures
[2024-06-03 12:51:18,887][flwr][INFO] - fit progress: (98, 17.858668853528798, {'accuracy': 0.9334}, 552.9733246196993)
[2024-06-03 12:51:18,887][flwr][DEBUG] - evaluate_round 98: strategy sampled 1 clients (out of 50)
[2024-06-03 12:51:19,167][flwr][DEBUG] - evaluate_round 98 received 1 results and 0 failures
[2024-06-03 12:51:19,167][flwr][DEBUG] - fit_round 99: strategy sampled 10 clients (out of 50)
[2024-06-03 12:51:20,978][flwr][DEBUG] - fit_round 99 received 10 results and 0 failures
[2024-06-03 12:51:24,504][flwr][INFO] - fit progress: (99, 53.017606884241104, {'accuracy': 0.8793}, 558.5896273506805)
[2024-06-03 12:51:24,504][flwr][DEBUG] - evaluate_round 99: strategy sampled 1 clients (out of 50)
[2024-06-03 12:51:24,789][flwr][DEBUG] - evaluate_round 99 received 1 results and 0 failures
[2024-06-03 12:51:24,789][flwr][DEBUG] - fit_round 100: strategy sampled 10 clients (out of 50)
[2024-06-03 12:51:26,474][flwr][DEBUG] - fit_round 100 received 10 results and 0 failures
[2024-06-03 12:51:30,262][flwr][INFO] - fit progress: (100, 16.54661003034562, {'accuracy': 0.94}, 564.348509741947)
[2024-06-03 12:51:30,263][flwr][DEBUG] - evaluate_round 100: strategy sampled 1 clients (out of 50)
[2024-06-03 12:51:30,579][flwr][DEBUG] - evaluate_round 100 received 1 results and 0 failures
[2024-06-03 12:51:30,579][flwr][INFO] - FL finished in 564.6651254189201
[2024-06-03 12:51:30,603][flwr][INFO] - app_fit: losses_distributed [(1, 9.823870658874512), (2, 6.5747188329696655), (3, 1.2441720440983772), (4, 2.31209534406662), (5, 2.194934159517288), (6, 5.3805553913116455), (7, 2.0952267348766327), (8, 5.042571306228638), (9, 5.528144419193268), (10, 5.977333307266235), (11, 1.2885364145040512), (12, 1.0920446813106537), (13, 4.182001888751984), (14, 0.8266579359769821), (15, 0.8385125920176506), (16, 1.6927912682294846), (17, 1.6762990802526474), (18, 1.6511437594890594), (19, 0.7876570262014866), (20, 0.8341847993433475), (21, 1.0722140297293663), (22, 1.3665329068899155), (23, 10.048844695091248), (24, 8.62129032611847), (25, 1.1890852451324463), (26, 5.8105432987213135), (27, 1.0769323259592056), (28, 6.72293746471405), (29, 1.2666977941989899), (30, 11.090288639068604), (31, 10.656271696090698), (32, 10.04777705669403), (33, 6.501584529876709), (34, 7.358552694320679), (35, 1.8962246775627136), (36, 1.8938509225845337), (37, 1.2267727330327034), (38, 11.190523386001587), (39, 2.5762525498867035), (40, 11.505728244781494), (41, 5.309930443763733), (42, 1.6128956973552704), (43, 4.5169424414634705), (44, 1.3365262746810913), (45, 1.4911082983016968), (46, 1.7837101221084595), (47, 0.8137906454503536), (48, 0.7607414275407791), (49, 11.384534120559692), (50, 0.9916425570845604), (51, 7.619438052177429), (52, 1.537260577082634), (53, 4.76367849111557), (54, 5.627966403961182), (55, 1.7206659466028214), (56, 3.2993719577789307), (57, 5.636763334274292), (58, 1.0185696929693222), (59, 1.320924885571003), (60, 0.7869248017668724), (61, 0.630958117544651), (62, 0.9788404107093811), (63, 5.276946425437927), (64, 6.005345463752747), (65, 9.954026579856873), (66, 2.147653579711914), (67, 0.9834160208702087), (68, 1.0278961062431335), (69, 11.513537883758545), (70, 9.77409291267395), (71, 8.796604871749878), (72, 2.0280284583568573), (73, 1.0252414122223854), (74, 9.543023705482483), (75, 9.809053659439087), (76, 4.300487637519836), (77, 8.128028869628906), (78, 1.6200192272663116), (79, 1.872497670352459), (80, 7.218491077423096), (81, 4.59494161605835), (82, 1.1503850370645523), (83, 5.496488571166992), (84, 1.7050679475069046), (85, 8.317237257957458), (86, 9.63809585571289), (87, 5.455089807510376), (88, 0.9811496138572693), (89, 2.2591812908649445), (90, 9.745949745178223), (91, 1.7341413497924805), (92, 1.0157110467553139), (93, 3.2401633858680725), (94, 4.422369301319122), (95, 4.570118427276611), (96, 9.82034182548523), (97, 1.0291039645671844), (98, 0.8931217938661575), (99, 3.367289125919342), (100, 1.5348139107227325)]
[2024-06-03 12:51:30,603][flwr][INFO] - app_fit: metrics_distributed_fit {}
[2024-06-03 12:51:30,603][flwr][INFO] - app_fit: metrics_distributed {}
[2024-06-03 12:51:30,603][flwr][INFO] - app_fit: losses_centralized [(0, 181.91812825202942), (1, 154.91445863246918), (2, 104.04088842868805), (3, 22.733353223651648), (4, 34.17002795636654), (5, 34.39650276303291), (6, 85.67182499170303), (7, 36.194972306489944), (8, 80.91693729162216), (9, 86.80639666318893), (10, 87.40612143278122), (11, 14.95602012425661), (12, 12.997744875960052), (13, 65.56290251016617), (14, 12.675436074845493), (15, 11.664051375351846), (16, 20.79011682793498), (17, 24.020478144288063), (18, 22.632225655019283), (19, 10.537797533441335), (20, 9.548588201403618), (21, 19.83536073938012), (22, 23.288190200924873), (23, 154.41881918907166), (24, 132.27493977546692), (25, 15.61269649118185), (26, 87.34807252883911), (27, 13.692051721736789), (28, 92.42202252149582), (29, 14.228661449626088), (30, 178.1313614845276), (31, 164.2207304239273), (32, 156.01940190792084), (33, 107.22171485424042), (34, 120.39786374568939), (35, 30.57094183564186), (36, 29.91624702513218), (37, 18.57300340384245), (38, 180.21750617027283), (39, 26.76605898141861), (40, 181.76847672462463), (41, 80.28150409460068), (42, 25.623731091618538), (43, 66.28203743696213), (44, 21.449089486151934), (45, 18.339518766850233), (46, 27.86685921996832), (47, 15.775747695937753), (48, 14.437251734547317), (49, 179.20333886146545), (50, 22.586291700601578), (51, 114.61728692054749), (52, 18.982519038021564), (53, 78.67012321949005), (54, 89.25708919763565), (55, 18.252629740163684), (56, 41.917722314596176), (57, 87.4937493801117), (58, 18.537162110209465), (59, 14.926867696456611), (60, 13.812551310285926), (61, 12.896700636483729), (62, 18.77531547471881), (63, 71.65792053937912), (64, 89.2405726313591), (65, 154.4827365875244), (66, 34.7433902323246), (67, 17.21266981959343), (68, 14.680892135947943), (69, 181.9026210308075), (70, 154.07628560066223), (71, 141.1590805053711), (72, 33.89039997756481), (73, 25.528116066008806), (74, 156.50619614124298), (75, 156.93543374538422), (76, 60.69294175505638), (77, 128.45658421516418), (78, 23.26826272532344), (79, 20.155140168964863), (80, 109.8646856546402), (81, 76.86127835512161), (82, 19.296527970582247), (83, 72.22248876094818), (84, 18.021735657006502), (85, 126.089883685112), (86, 149.34045433998108), (87, 81.79399651288986), (88, 20.634568506851792), (89, 27.740049310028553), (90, 152.52433788776398), (91, 20.574960572645068), (92, 18.315292758867145), (93, 44.13879884779453), (94, 71.39105951786041), (95, 72.92674857378006), (96, 154.3853485584259), (97, 21.42414366081357), (98, 17.858668853528798), (99, 53.017606884241104), (100, 16.54661003034562)]
[2024-06-03 12:51:30,603][flwr][INFO] - app_fit: metrics_centralized {'accuracy': [(0, 0.1171), (1, 0.7081), (2, 0.8982), (3, 0.9301), (4, 0.9259), (5, 0.9311), (6, 0.8426), (7, 0.9249), (8, 0.8007), (9, 0.7533), (10, 0.7433), (11, 0.95), (12, 0.9513), (13, 0.8384), (14, 0.9557), (15, 0.9552), (16, 0.9482), (17, 0.9389), (18, 0.9454), (19, 0.9603), (20, 0.9651), (21, 0.9502), (22, 0.9471), (23, 0.1205), (24, 0.3776), (25, 0.9507), (26, 0.6742), (27, 0.9536), (28, 0.5805), (29, 0.9525), (30, 0.0974), (31, 0.1365), (32, 0.1369), (33, 0.5625), (34, 0.4173), (35, 0.9003), (36, 0.8778), (37, 0.9307), (38, 0.0974), (39, 0.9171), (40, 0.0974), (41, 0.8581), (42, 0.9099), (43, 0.8425), (44, 0.9196), (45, 0.9301), (46, 0.9093), (47, 0.9396), (48, 0.9433), (49, 0.0974), (50, 0.9263), (51, 0.4979), (52, 0.9343), (53, 0.6928), (54, 0.6318), (55, 0.9338), (56, 0.8839), (57, 0.6675), (58, 0.933), (59, 0.9423), (60, 0.9467), (61, 0.95), (62, 0.9418), (63, 0.8276), (64, 0.6864), (65, 0.2023), (66, 0.9152), (67, 0.9378), (68, 0.9444), (69, 0.1391), (70, 0.5487), (71, 0.4537), (72, 0.8952), (73, 0.9099), (74, 0.1124), (75, 0.2299), (76, 0.886), (77, 0.4754), (78, 0.9176), (79, 0.9236), (80, 0.5808), (81, 0.8414), (82, 0.9325), (83, 0.7745), (84, 0.9347), (85, 0.412), (86, 0.2328), (87, 0.8609), (88, 0.9247), (89, 0.9183), (90, 0.1645), (91, 0.9283), (92, 0.9322), (93, 0.8878), (94, 0.8439), (95, 0.8575), (96, 0.2209), (97, 0.925), (98, 0.9334), (99, 0.8793), (100, 0.94)]}
