[2024-06-02 12:57:59,076][flwr][INFO] - Starting Flower simulation, config: ServerConfig(num_rounds=100, round_timeout=None)
[2024-06-02 12:58:01,131][flwr][INFO] - Flower VCE: Ray initialized with resources: {'accelerator_type:G': 1.0, 'object_store_memory': 39929507020.0, 'node:172.17.34.3': 1.0, 'CPU': 24.0, 'memory': 83168849716.0, 'GPU': 2.0}
[2024-06-02 12:58:01,133][flwr][INFO] - Initializing global parameters
[2024-06-02 12:58:01,133][flwr][INFO] - Requesting initial parameters from one random client
[2024-06-02 12:58:02,300][flwr][INFO] - Received initial parameters from one random client
[2024-06-02 12:58:02,300][flwr][INFO] - Evaluating initial parameters
[2024-06-02 12:58:04,257][flwr][INFO] - initial parameters (loss, other metrics): 180.11435198783875, {'accuracy': 0.0559}
[2024-06-02 12:58:04,257][flwr][INFO] - FL starting
[2024-06-02 12:58:04,257][flwr][DEBUG] - fit_round 1: strategy sampled 10 clients (out of 50)
[2024-06-02 12:58:08,487][flwr][DEBUG] - fit_round 1 received 10 results and 0 failures
[2024-06-02 12:58:08,503][flwr][WARNING] - No fit_metrics_aggregation_fn provided
[2024-06-02 12:58:08,837][flwr][INFO] - fit progress: (1, 115.4111328125, {'accuracy': 0.4905}, 4.5793520007282495)
[2024-06-02 12:58:08,837][flwr][DEBUG] - evaluate_round 1: strategy sampled 1 clients (out of 50)
[2024-06-02 12:58:08,977][flwr][DEBUG] - evaluate_round 1 received 1 results and 0 failures
[2024-06-02 12:58:08,977][flwr][WARNING] - No evaluate_metrics_aggregation_fn provided
[2024-06-02 12:58:08,977][flwr][DEBUG] - fit_round 2: strategy sampled 10 clients (out of 50)
[2024-06-02 12:58:09,754][flwr][DEBUG] - fit_round 2 received 10 results and 0 failures
[2024-06-02 12:58:10,098][flwr][INFO] - fit progress: (2, 180.31726729869843, {'accuracy': 0.4892}, 5.840469224844128)
[2024-06-02 12:58:10,098][flwr][DEBUG] - evaluate_round 2: strategy sampled 1 clients (out of 50)
[2024-06-02 12:58:10,267][flwr][DEBUG] - evaluate_round 2 received 1 results and 0 failures
[2024-06-02 12:58:10,267][flwr][DEBUG] - fit_round 3: strategy sampled 10 clients (out of 50)
[2024-06-02 12:58:10,984][flwr][DEBUG] - fit_round 3 received 10 results and 0 failures
[2024-06-02 12:58:11,319][flwr][INFO] - fit progress: (3, 416.0501630306244, {'accuracy': 0.3104}, 7.061643230728805)
[2024-06-02 12:58:11,319][flwr][DEBUG] - evaluate_round 3: strategy sampled 1 clients (out of 50)
[2024-06-02 12:58:11,487][flwr][DEBUG] - evaluate_round 3 received 1 results and 0 failures
[2024-06-02 12:58:11,488][flwr][DEBUG] - fit_round 4: strategy sampled 10 clients (out of 50)
[2024-06-02 12:58:12,181][flwr][DEBUG] - fit_round 4 received 10 results and 0 failures
[2024-06-02 12:58:13,119][flwr][INFO] - fit progress: (4, 54.65668085217476, {'accuracy': 0.7893}, 8.862195090856403)
[2024-06-02 12:58:13,119][flwr][DEBUG] - evaluate_round 4: strategy sampled 1 clients (out of 50)
[2024-06-02 12:58:13,281][flwr][DEBUG] - evaluate_round 4 received 1 results and 0 failures
[2024-06-02 12:58:13,281][flwr][DEBUG] - fit_round 5: strategy sampled 10 clients (out of 50)
[2024-06-02 12:58:13,983][flwr][DEBUG] - fit_round 5 received 10 results and 0 failures
[2024-06-02 12:58:14,537][flwr][INFO] - fit progress: (5, 28.7509633153677, {'accuracy': 0.8754}, 10.280214976985008)
[2024-06-02 12:58:14,538][flwr][DEBUG] - evaluate_round 5: strategy sampled 1 clients (out of 50)
[2024-06-02 12:58:14,753][flwr][DEBUG] - evaluate_round 5 received 1 results and 0 failures
[2024-06-02 12:58:14,753][flwr][DEBUG] - fit_round 6: strategy sampled 10 clients (out of 50)
[2024-06-02 12:58:15,394][flwr][DEBUG] - fit_round 6 received 10 results and 0 failures
[2024-06-02 12:58:15,979][flwr][INFO] - fit progress: (6, 23.227753788232803, {'accuracy': 0.9023}, 11.72202604683116)
[2024-06-02 12:58:15,979][flwr][DEBUG] - evaluate_round 6: strategy sampled 1 clients (out of 50)
[2024-06-02 12:58:16,150][flwr][DEBUG] - evaluate_round 6 received 1 results and 0 failures
[2024-06-02 12:58:16,151][flwr][DEBUG] - fit_round 7: strategy sampled 10 clients (out of 50)
[2024-06-02 12:58:18,448][flwr][DEBUG] - fit_round 7 received 10 results and 0 failures
[2024-06-02 12:58:18,998][flwr][INFO] - fit progress: (7, 14.483674811199307, {'accuracy': 0.9377}, 14.740506913978606)
[2024-06-02 12:58:18,998][flwr][DEBUG] - evaluate_round 7: strategy sampled 1 clients (out of 50)
[2024-06-02 12:58:19,140][flwr][DEBUG] - evaluate_round 7 received 1 results and 0 failures
[2024-06-02 12:58:19,141][flwr][DEBUG] - fit_round 8: strategy sampled 10 clients (out of 50)
[2024-06-02 12:58:19,885][flwr][DEBUG] - fit_round 8 received 10 results and 0 failures
[2024-06-02 12:58:20,444][flwr][INFO] - fit progress: (8, 12.101609813049436, {'accuracy': 0.9508}, 16.186623612884432)
[2024-06-02 12:58:20,444][flwr][DEBUG] - evaluate_round 8: strategy sampled 1 clients (out of 50)
[2024-06-02 12:58:20,605][flwr][DEBUG] - evaluate_round 8 received 1 results and 0 failures
[2024-06-02 12:58:20,605][flwr][DEBUG] - fit_round 9: strategy sampled 10 clients (out of 50)
[2024-06-02 12:58:21,253][flwr][DEBUG] - fit_round 9 received 10 results and 0 failures
[2024-06-02 12:58:21,801][flwr][INFO] - fit progress: (9, 12.616065854206681, {'accuracy': 0.9476}, 17.543996863998473)
[2024-06-02 12:58:21,801][flwr][DEBUG] - evaluate_round 9: strategy sampled 1 clients (out of 50)
[2024-06-02 12:58:21,952][flwr][DEBUG] - evaluate_round 9 received 1 results and 0 failures
[2024-06-02 12:58:21,952][flwr][DEBUG] - fit_round 10: strategy sampled 10 clients (out of 50)
[2024-06-02 12:58:22,722][flwr][DEBUG] - fit_round 10 received 10 results and 0 failures
[2024-06-02 12:58:23,674][flwr][INFO] - fit progress: (10, 9.951331340475008, {'accuracy': 0.9596}, 19.416676878929138)
[2024-06-02 12:58:23,674][flwr][DEBUG] - evaluate_round 10: strategy sampled 1 clients (out of 50)
[2024-06-02 12:58:23,840][flwr][DEBUG] - evaluate_round 10 received 1 results and 0 failures
[2024-06-02 12:58:23,840][flwr][DEBUG] - fit_round 11: strategy sampled 10 clients (out of 50)
[2024-06-02 12:58:24,572][flwr][DEBUG] - fit_round 11 received 10 results and 0 failures
[2024-06-02 12:58:25,126][flwr][INFO] - fit progress: (11, 8.93108025053516, {'accuracy': 0.9618}, 20.868617658037692)
[2024-06-02 12:58:25,126][flwr][DEBUG] - evaluate_round 11: strategy sampled 1 clients (out of 50)
[2024-06-02 12:58:25,335][flwr][DEBUG] - evaluate_round 11 received 1 results and 0 failures
[2024-06-02 12:58:25,335][flwr][DEBUG] - fit_round 12: strategy sampled 10 clients (out of 50)
[2024-06-02 12:58:26,032][flwr][DEBUG] - fit_round 12 received 10 results and 0 failures
[2024-06-02 12:58:26,586][flwr][INFO] - fit progress: (12, 8.326273270184174, {'accuracy': 0.9659}, 22.329274822957814)
[2024-06-02 12:58:26,587][flwr][DEBUG] - evaluate_round 12: strategy sampled 1 clients (out of 50)
[2024-06-02 12:58:26,760][flwr][DEBUG] - evaluate_round 12 received 1 results and 0 failures
[2024-06-02 12:58:26,760][flwr][DEBUG] - fit_round 13: strategy sampled 10 clients (out of 50)
[2024-06-02 12:58:27,518][flwr][DEBUG] - fit_round 13 received 10 results and 0 failures
[2024-06-02 12:58:28,071][flwr][INFO] - fit progress: (13, 6.60651528229937, {'accuracy': 0.9715}, 23.81385159259662)
[2024-06-02 12:58:28,071][flwr][DEBUG] - evaluate_round 13: strategy sampled 1 clients (out of 50)
[2024-06-02 12:58:28,264][flwr][DEBUG] - evaluate_round 13 received 1 results and 0 failures
[2024-06-02 12:58:28,264][flwr][DEBUG] - fit_round 14: strategy sampled 10 clients (out of 50)
[2024-06-02 12:58:29,016][flwr][DEBUG] - fit_round 14 received 10 results and 0 failures
[2024-06-02 12:58:29,583][flwr][INFO] - fit progress: (14, 9.411149720661342, {'accuracy': 0.9597}, 25.325539304874837)
[2024-06-02 12:58:29,583][flwr][DEBUG] - evaluate_round 14: strategy sampled 1 clients (out of 50)
[2024-06-02 12:58:29,752][flwr][DEBUG] - evaluate_round 14 received 1 results and 0 failures
[2024-06-02 12:58:29,752][flwr][DEBUG] - fit_round 15: strategy sampled 10 clients (out of 50)
[2024-06-02 12:58:30,503][flwr][DEBUG] - fit_round 15 received 10 results and 0 failures
[2024-06-02 12:58:31,059][flwr][INFO] - fit progress: (15, 8.172350482316688, {'accuracy': 0.9676}, 26.8017239687033)
[2024-06-02 12:58:31,059][flwr][DEBUG] - evaluate_round 15: strategy sampled 1 clients (out of 50)
[2024-06-02 12:58:31,222][flwr][DEBUG] - evaluate_round 15 received 1 results and 0 failures
[2024-06-02 12:58:31,223][flwr][DEBUG] - fit_round 16: strategy sampled 10 clients (out of 50)
[2024-06-02 12:58:31,951][flwr][DEBUG] - fit_round 16 received 10 results and 0 failures
[2024-06-02 12:58:32,505][flwr][INFO] - fit progress: (16, 6.254457095405087, {'accuracy': 0.9739}, 28.24798683775589)
[2024-06-02 12:58:32,505][flwr][DEBUG] - evaluate_round 16: strategy sampled 1 clients (out of 50)
[2024-06-02 12:58:32,673][flwr][DEBUG] - evaluate_round 16 received 1 results and 0 failures
[2024-06-02 12:58:32,673][flwr][DEBUG] - fit_round 17: strategy sampled 10 clients (out of 50)
[2024-06-02 12:58:33,389][flwr][DEBUG] - fit_round 17 received 10 results and 0 failures
[2024-06-02 12:58:33,948][flwr][INFO] - fit progress: (17, 9.544885562267154, {'accuracy': 0.9621}, 29.690976754762232)
[2024-06-02 12:58:33,948][flwr][DEBUG] - evaluate_round 17: strategy sampled 1 clients (out of 50)
[2024-06-02 12:58:34,087][flwr][DEBUG] - evaluate_round 17 received 1 results and 0 failures
[2024-06-02 12:58:34,087][flwr][DEBUG] - fit_round 18: strategy sampled 10 clients (out of 50)
[2024-06-02 12:58:34,743][flwr][DEBUG] - fit_round 18 received 10 results and 0 failures
[2024-06-02 12:58:35,305][flwr][INFO] - fit progress: (18, 6.375227799013373, {'accuracy': 0.972}, 31.047355578746647)
[2024-06-02 12:58:35,305][flwr][DEBUG] - evaluate_round 18: strategy sampled 1 clients (out of 50)
[2024-06-02 12:58:35,479][flwr][DEBUG] - evaluate_round 18 received 1 results and 0 failures
[2024-06-02 12:58:35,479][flwr][DEBUG] - fit_round 19: strategy sampled 10 clients (out of 50)
[2024-06-02 12:58:36,164][flwr][DEBUG] - fit_round 19 received 10 results and 0 failures
[2024-06-02 12:58:36,720][flwr][INFO] - fit progress: (19, 6.119372830085922, {'accuracy': 0.9762}, 32.46240278799087)
[2024-06-02 12:58:36,720][flwr][DEBUG] - evaluate_round 19: strategy sampled 1 clients (out of 50)
[2024-06-02 12:58:36,890][flwr][DEBUG] - evaluate_round 19 received 1 results and 0 failures
[2024-06-02 12:58:36,890][flwr][DEBUG] - fit_round 20: strategy sampled 10 clients (out of 50)
[2024-06-02 12:58:37,644][flwr][DEBUG] - fit_round 20 received 10 results and 0 failures
[2024-06-02 12:58:38,200][flwr][INFO] - fit progress: (20, 5.927381186687853, {'accuracy': 0.9743}, 33.9430673616007)
[2024-06-02 12:58:38,200][flwr][DEBUG] - evaluate_round 20: strategy sampled 1 clients (out of 50)
[2024-06-02 12:58:38,363][flwr][DEBUG] - evaluate_round 20 received 1 results and 0 failures
[2024-06-02 12:58:38,363][flwr][DEBUG] - fit_round 21: strategy sampled 10 clients (out of 50)
[2024-06-02 12:58:39,158][flwr][DEBUG] - fit_round 21 received 10 results and 0 failures
[2024-06-02 12:58:39,706][flwr][INFO] - fit progress: (21, 5.28531382753863, {'accuracy': 0.9789}, 35.44885062193498)
[2024-06-02 12:58:39,706][flwr][DEBUG] - evaluate_round 21: strategy sampled 1 clients (out of 50)
[2024-06-02 12:58:39,844][flwr][DEBUG] - evaluate_round 21 received 1 results and 0 failures
[2024-06-02 12:58:39,845][flwr][DEBUG] - fit_round 22: strategy sampled 10 clients (out of 50)
[2024-06-02 12:58:40,586][flwr][DEBUG] - fit_round 22 received 10 results and 0 failures
[2024-06-02 12:58:41,157][flwr][INFO] - fit progress: (22, 4.992701176634, {'accuracy': 0.9796}, 36.899620352778584)
[2024-06-02 12:58:41,157][flwr][DEBUG] - evaluate_round 22: strategy sampled 1 clients (out of 50)
[2024-06-02 12:58:41,304][flwr][DEBUG] - evaluate_round 22 received 1 results and 0 failures
[2024-06-02 12:58:41,305][flwr][DEBUG] - fit_round 23: strategy sampled 10 clients (out of 50)
[2024-06-02 12:58:42,031][flwr][DEBUG] - fit_round 23 received 10 results and 0 failures
[2024-06-02 12:58:43,006][flwr][INFO] - fit progress: (23, 4.822826916890335, {'accuracy': 0.9806}, 38.748587811831385)
[2024-06-02 12:58:43,006][flwr][DEBUG] - evaluate_round 23: strategy sampled 1 clients (out of 50)
[2024-06-02 12:58:43,169][flwr][DEBUG] - evaluate_round 23 received 1 results and 0 failures
[2024-06-02 12:58:43,169][flwr][DEBUG] - fit_round 24: strategy sampled 10 clients (out of 50)
[2024-06-02 12:58:43,926][flwr][DEBUG] - fit_round 24 received 10 results and 0 failures
[2024-06-02 12:58:44,476][flwr][INFO] - fit progress: (24, 4.9341364395586425, {'accuracy': 0.9795}, 40.219175652600825)
[2024-06-02 12:58:44,476][flwr][DEBUG] - evaluate_round 24: strategy sampled 1 clients (out of 50)
[2024-06-02 12:58:44,643][flwr][DEBUG] - evaluate_round 24 received 1 results and 0 failures
[2024-06-02 12:58:44,643][flwr][DEBUG] - fit_round 25: strategy sampled 10 clients (out of 50)
[2024-06-02 12:58:45,418][flwr][DEBUG] - fit_round 25 received 10 results and 0 failures
[2024-06-02 12:58:45,970][flwr][INFO] - fit progress: (25, 7.486200764134992, {'accuracy': 0.9698}, 41.71322107780725)
[2024-06-02 12:58:45,970][flwr][DEBUG] - evaluate_round 25: strategy sampled 1 clients (out of 50)
[2024-06-02 12:58:46,119][flwr][DEBUG] - evaluate_round 25 received 1 results and 0 failures
[2024-06-02 12:58:46,120][flwr][DEBUG] - fit_round 26: strategy sampled 10 clients (out of 50)
[2024-06-02 12:58:46,841][flwr][DEBUG] - fit_round 26 received 10 results and 0 failures
[2024-06-02 12:58:47,814][flwr][INFO] - fit progress: (26, 117.81645274162292, {'accuracy': 0.711}, 43.556474999990314)
[2024-06-02 12:58:47,814][flwr][DEBUG] - evaluate_round 26: strategy sampled 1 clients (out of 50)
[2024-06-02 12:58:47,967][flwr][DEBUG] - evaluate_round 26 received 1 results and 0 failures
[2024-06-02 12:58:47,967][flwr][DEBUG] - fit_round 27: strategy sampled 10 clients (out of 50)
[2024-06-02 12:58:48,752][flwr][DEBUG] - fit_round 27 received 10 results and 0 failures
[2024-06-02 12:58:49,312][flwr][INFO] - fit progress: (27, 11.248668438522145, {'accuracy': 0.9604}, 45.05507286358625)
[2024-06-02 12:58:49,312][flwr][DEBUG] - evaluate_round 27: strategy sampled 1 clients (out of 50)
[2024-06-02 12:58:49,483][flwr][DEBUG] - evaluate_round 27 received 1 results and 0 failures
[2024-06-02 12:58:49,483][flwr][DEBUG] - fit_round 28: strategy sampled 10 clients (out of 50)
[2024-06-02 12:58:50,257][flwr][DEBUG] - fit_round 28 received 10 results and 0 failures
[2024-06-02 12:58:50,808][flwr][INFO] - fit progress: (28, 16.954682862386107, {'accuracy': 0.9421}, 46.55080669792369)
[2024-06-02 12:58:50,808][flwr][DEBUG] - evaluate_round 28: strategy sampled 1 clients (out of 50)
[2024-06-02 12:58:50,967][flwr][DEBUG] - evaluate_round 28 received 1 results and 0 failures
[2024-06-02 12:58:50,968][flwr][DEBUG] - fit_round 29: strategy sampled 10 clients (out of 50)
[2024-06-02 12:58:51,687][flwr][DEBUG] - fit_round 29 received 10 results and 0 failures
[2024-06-02 12:58:52,242][flwr][INFO] - fit progress: (29, 9.953961272374727, {'accuracy': 0.964}, 47.98523398162797)
[2024-06-02 12:58:52,243][flwr][DEBUG] - evaluate_round 29: strategy sampled 1 clients (out of 50)
[2024-06-02 12:58:52,417][flwr][DEBUG] - evaluate_round 29 received 1 results and 0 failures
[2024-06-02 12:58:52,417][flwr][DEBUG] - fit_round 30: strategy sampled 10 clients (out of 50)
[2024-06-02 12:58:53,141][flwr][DEBUG] - fit_round 30 received 10 results and 0 failures
[2024-06-02 12:58:53,697][flwr][INFO] - fit progress: (30, 61.87018218636513, {'accuracy': 0.8548}, 49.440005926880985)
[2024-06-02 12:58:53,697][flwr][DEBUG] - evaluate_round 30: strategy sampled 1 clients (out of 50)
[2024-06-02 12:58:53,837][flwr][DEBUG] - evaluate_round 30 received 1 results and 0 failures
[2024-06-02 12:58:53,837][flwr][DEBUG] - fit_round 31: strategy sampled 10 clients (out of 50)
[2024-06-02 12:58:54,615][flwr][DEBUG] - fit_round 31 received 10 results and 0 failures
[2024-06-02 12:58:55,168][flwr][INFO] - fit progress: (31, 20.42580257449299, {'accuracy': 0.9396}, 50.91045063780621)
[2024-06-02 12:58:55,168][flwr][DEBUG] - evaluate_round 31: strategy sampled 1 clients (out of 50)
[2024-06-02 12:58:55,335][flwr][DEBUG] - evaluate_round 31 received 1 results and 0 failures
[2024-06-02 12:58:55,335][flwr][DEBUG] - fit_round 32: strategy sampled 10 clients (out of 50)
[2024-06-02 12:58:56,081][flwr][DEBUG] - fit_round 32 received 10 results and 0 failures
[2024-06-02 12:58:56,660][flwr][INFO] - fit progress: (32, 21.606654568575323, {'accuracy': 0.9387}, 52.4024885375984)
[2024-06-02 12:58:56,660][flwr][DEBUG] - evaluate_round 32: strategy sampled 1 clients (out of 50)
[2024-06-02 12:58:56,832][flwr][DEBUG] - evaluate_round 32 received 1 results and 0 failures
[2024-06-02 12:58:56,832][flwr][DEBUG] - fit_round 33: strategy sampled 10 clients (out of 50)
[2024-06-02 12:58:57,603][flwr][DEBUG] - fit_round 33 received 10 results and 0 failures
[2024-06-02 12:58:58,160][flwr][INFO] - fit progress: (33, 18.636859071382787, {'accuracy': 0.9451}, 53.902960049919784)
[2024-06-02 12:58:58,160][flwr][DEBUG] - evaluate_round 33: strategy sampled 1 clients (out of 50)
[2024-06-02 12:58:58,341][flwr][DEBUG] - evaluate_round 33 received 1 results and 0 failures
[2024-06-02 12:58:58,341][flwr][DEBUG] - fit_round 34: strategy sampled 10 clients (out of 50)
[2024-06-02 12:58:59,089][flwr][DEBUG] - fit_round 34 received 10 results and 0 failures
[2024-06-02 12:58:59,643][flwr][INFO] - fit progress: (34, 15.044523638149258, {'accuracy': 0.9546}, 55.385819473769516)
[2024-06-02 12:58:59,643][flwr][DEBUG] - evaluate_round 34: strategy sampled 1 clients (out of 50)
[2024-06-02 12:58:59,810][flwr][DEBUG] - evaluate_round 34 received 1 results and 0 failures
[2024-06-02 12:58:59,811][flwr][DEBUG] - fit_round 35: strategy sampled 10 clients (out of 50)
[2024-06-02 12:59:00,490][flwr][DEBUG] - fit_round 35 received 10 results and 0 failures
[2024-06-02 12:59:01,461][flwr][INFO] - fit progress: (35, 13.076556274201721, {'accuracy': 0.9554}, 57.20392802171409)
[2024-06-02 12:59:01,461][flwr][DEBUG] - evaluate_round 35: strategy sampled 1 clients (out of 50)
[2024-06-02 12:59:01,626][flwr][DEBUG] - evaluate_round 35 received 1 results and 0 failures
[2024-06-02 12:59:01,626][flwr][DEBUG] - fit_round 36: strategy sampled 10 clients (out of 50)
[2024-06-02 12:59:02,330][flwr][DEBUG] - fit_round 36 received 10 results and 0 failures
[2024-06-02 12:59:02,891][flwr][INFO] - fit progress: (36, 34.713815247640014, {'accuracy': 0.9162}, 58.63346474990249)
[2024-06-02 12:59:02,891][flwr][DEBUG] - evaluate_round 36: strategy sampled 1 clients (out of 50)
[2024-06-02 12:59:03,038][flwr][DEBUG] - evaluate_round 36 received 1 results and 0 failures
[2024-06-02 12:59:03,039][flwr][DEBUG] - fit_round 37: strategy sampled 10 clients (out of 50)
[2024-06-02 12:59:03,750][flwr][DEBUG] - fit_round 37 received 10 results and 0 failures
[2024-06-02 12:59:04,306][flwr][INFO] - fit progress: (37, 21.478033668361604, {'accuracy': 0.9424}, 60.048562773969024)
[2024-06-02 12:59:04,306][flwr][DEBUG] - evaluate_round 37: strategy sampled 1 clients (out of 50)
[2024-06-02 12:59:04,479][flwr][DEBUG] - evaluate_round 37 received 1 results and 0 failures
[2024-06-02 12:59:04,480][flwr][DEBUG] - fit_round 38: strategy sampled 10 clients (out of 50)
[2024-06-02 12:59:05,242][flwr][DEBUG] - fit_round 38 received 10 results and 0 failures
[2024-06-02 12:59:06,209][flwr][INFO] - fit progress: (38, 16.227729728649138, {'accuracy': 0.9569}, 61.952292875852436)
[2024-06-02 12:59:06,210][flwr][DEBUG] - evaluate_round 38: strategy sampled 1 clients (out of 50)
[2024-06-02 12:59:06,355][flwr][DEBUG] - evaluate_round 38 received 1 results and 0 failures
[2024-06-02 12:59:06,355][flwr][DEBUG] - fit_round 39: strategy sampled 10 clients (out of 50)
[2024-06-02 12:59:07,064][flwr][DEBUG] - fit_round 39 received 10 results and 0 failures
[2024-06-02 12:59:07,622][flwr][INFO] - fit progress: (39, 11.600149214500561, {'accuracy': 0.9688}, 63.36507111880928)
[2024-06-02 12:59:07,622][flwr][DEBUG] - evaluate_round 39: strategy sampled 1 clients (out of 50)
[2024-06-02 12:59:07,795][flwr][DEBUG] - evaluate_round 39 received 1 results and 0 failures
[2024-06-02 12:59:07,796][flwr][DEBUG] - fit_round 40: strategy sampled 10 clients (out of 50)
[2024-06-02 12:59:08,627][flwr][DEBUG] - fit_round 40 received 10 results and 0 failures
[2024-06-02 12:59:09,180][flwr][INFO] - fit progress: (40, 12.522974562671152, {'accuracy': 0.9656}, 64.92250895360485)
[2024-06-02 12:59:09,180][flwr][DEBUG] - evaluate_round 40: strategy sampled 1 clients (out of 50)
[2024-06-02 12:59:09,338][flwr][DEBUG] - evaluate_round 40 received 1 results and 0 failures
[2024-06-02 12:59:09,338][flwr][DEBUG] - fit_round 41: strategy sampled 10 clients (out of 50)
[2024-06-02 12:59:09,980][flwr][DEBUG] - fit_round 41 received 10 results and 0 failures
[2024-06-02 12:59:10,527][flwr][INFO] - fit progress: (41, 12.771242966099635, {'accuracy': 0.9681}, 66.26953188795596)
[2024-06-02 12:59:10,527][flwr][DEBUG] - evaluate_round 41: strategy sampled 1 clients (out of 50)
[2024-06-02 12:59:10,697][flwr][DEBUG] - evaluate_round 41 received 1 results and 0 failures
[2024-06-02 12:59:10,697][flwr][DEBUG] - fit_round 42: strategy sampled 10 clients (out of 50)
[2024-06-02 12:59:11,426][flwr][DEBUG] - fit_round 42 received 10 results and 0 failures
[2024-06-02 12:59:12,384][flwr][INFO] - fit progress: (42, 10.836257642840792, {'accuracy': 0.9686}, 68.12653253786266)
[2024-06-02 12:59:12,384][flwr][DEBUG] - evaluate_round 42: strategy sampled 1 clients (out of 50)
[2024-06-02 12:59:12,559][flwr][DEBUG] - evaluate_round 42 received 1 results and 0 failures
[2024-06-02 12:59:12,559][flwr][DEBUG] - fit_round 43: strategy sampled 10 clients (out of 50)
[2024-06-02 12:59:13,150][flwr][DEBUG] - fit_round 43 received 10 results and 0 failures
[2024-06-02 12:59:13,707][flwr][INFO] - fit progress: (43, 11.60940729190952, {'accuracy': 0.9682}, 69.44938411703333)
[2024-06-02 12:59:13,707][flwr][DEBUG] - evaluate_round 43: strategy sampled 1 clients (out of 50)
[2024-06-02 12:59:13,858][flwr][DEBUG] - evaluate_round 43 received 1 results and 0 failures
[2024-06-02 12:59:13,858][flwr][DEBUG] - fit_round 44: strategy sampled 10 clients (out of 50)
[2024-06-02 12:59:14,551][flwr][DEBUG] - fit_round 44 received 10 results and 0 failures
[2024-06-02 12:59:15,103][flwr][INFO] - fit progress: (44, 803.4962520599365, {'accuracy': 0.5865}, 70.84608188876882)
[2024-06-02 12:59:15,103][flwr][DEBUG] - evaluate_round 44: strategy sampled 1 clients (out of 50)
[2024-06-02 12:59:15,275][flwr][DEBUG] - evaluate_round 44 received 1 results and 0 failures
[2024-06-02 12:59:15,276][flwr][DEBUG] - fit_round 45: strategy sampled 10 clients (out of 50)
[2024-06-02 12:59:16,010][flwr][DEBUG] - fit_round 45 received 10 results and 0 failures
[2024-06-02 12:59:16,569][flwr][INFO] - fit progress: (45, 382.29511296749115, {'accuracy': 0.7428}, 72.31216930691153)
[2024-06-02 12:59:16,569][flwr][DEBUG] - evaluate_round 45: strategy sampled 1 clients (out of 50)
[2024-06-02 12:59:16,708][flwr][DEBUG] - evaluate_round 45 received 1 results and 0 failures
[2024-06-02 12:59:16,708][flwr][DEBUG] - fit_round 46: strategy sampled 10 clients (out of 50)
[2024-06-02 12:59:17,469][flwr][DEBUG] - fit_round 46 received 10 results and 0 failures
[2024-06-02 12:59:18,036][flwr][INFO] - fit progress: (46, 97.15572676062584, {'accuracy': 0.8883}, 73.77913865074515)
[2024-06-02 12:59:18,036][flwr][DEBUG] - evaluate_round 46: strategy sampled 1 clients (out of 50)
[2024-06-02 12:59:18,184][flwr][DEBUG] - evaluate_round 46 received 1 results and 0 failures
[2024-06-02 12:59:18,184][flwr][DEBUG] - fit_round 47: strategy sampled 10 clients (out of 50)
[2024-06-02 12:59:18,959][flwr][DEBUG] - fit_round 47 received 10 results and 0 failures
[2024-06-02 12:59:19,518][flwr][INFO] - fit progress: (47, 115.80828061699867, {'accuracy': 0.8656}, 75.26049452181906)
[2024-06-02 12:59:19,518][flwr][DEBUG] - evaluate_round 47: strategy sampled 1 clients (out of 50)
[2024-06-02 12:59:19,687][flwr][DEBUG] - evaluate_round 47 received 1 results and 0 failures
[2024-06-02 12:59:19,687][flwr][DEBUG] - fit_round 48: strategy sampled 10 clients (out of 50)
[2024-06-02 12:59:20,478][flwr][DEBUG] - fit_round 48 received 10 results and 0 failures
[2024-06-02 12:59:21,033][flwr][INFO] - fit progress: (48, 51.50360049074516, {'accuracy': 0.9279}, 76.77547260001302)
[2024-06-02 12:59:21,033][flwr][DEBUG] - evaluate_round 48: strategy sampled 1 clients (out of 50)
[2024-06-02 12:59:21,181][flwr][DEBUG] - evaluate_round 48 received 1 results and 0 failures
[2024-06-02 12:59:21,181][flwr][DEBUG] - fit_round 49: strategy sampled 10 clients (out of 50)
[2024-06-02 12:59:21,890][flwr][DEBUG] - fit_round 49 received 10 results and 0 failures
[2024-06-02 12:59:22,445][flwr][INFO] - fit progress: (49, 39.46883213915862, {'accuracy': 0.9421}, 78.18787852488458)
[2024-06-02 12:59:22,445][flwr][DEBUG] - evaluate_round 49: strategy sampled 1 clients (out of 50)
[2024-06-02 12:59:22,625][flwr][DEBUG] - evaluate_round 49 received 1 results and 0 failures
[2024-06-02 12:59:22,625][flwr][DEBUG] - fit_round 50: strategy sampled 10 clients (out of 50)
[2024-06-02 12:59:23,363][flwr][DEBUG] - fit_round 50 received 10 results and 0 failures
[2024-06-02 12:59:23,921][flwr][INFO] - fit progress: (50, 44.4455853253603, {'accuracy': 0.9333}, 79.66372968396172)
[2024-06-02 12:59:23,921][flwr][DEBUG] - evaluate_round 50: strategy sampled 1 clients (out of 50)
[2024-06-02 12:59:24,089][flwr][DEBUG] - evaluate_round 50 received 1 results and 0 failures
[2024-06-02 12:59:24,089][flwr][DEBUG] - fit_round 51: strategy sampled 10 clients (out of 50)
[2024-06-02 12:59:24,835][flwr][DEBUG] - fit_round 51 received 10 results and 0 failures
[2024-06-02 12:59:25,389][flwr][INFO] - fit progress: (51, 37.66961810737848, {'accuracy': 0.9332}, 81.13173453370109)
[2024-06-02 12:59:25,389][flwr][DEBUG] - evaluate_round 51: strategy sampled 1 clients (out of 50)
[2024-06-02 12:59:25,558][flwr][DEBUG] - evaluate_round 51 received 1 results and 0 failures
[2024-06-02 12:59:25,558][flwr][DEBUG] - fit_round 52: strategy sampled 10 clients (out of 50)
[2024-06-02 12:59:26,264][flwr][DEBUG] - fit_round 52 received 10 results and 0 failures
[2024-06-02 12:59:26,814][flwr][INFO] - fit progress: (52, 48.61159271886572, {'accuracy': 0.9347}, 82.55638646101579)
[2024-06-02 12:59:26,814][flwr][DEBUG] - evaluate_round 52: strategy sampled 1 clients (out of 50)
[2024-06-02 12:59:26,975][flwr][DEBUG] - evaluate_round 52 received 1 results and 0 failures
[2024-06-02 12:59:26,975][flwr][DEBUG] - fit_round 53: strategy sampled 10 clients (out of 50)
[2024-06-02 12:59:27,727][flwr][DEBUG] - fit_round 53 received 10 results and 0 failures
[2024-06-02 12:59:28,678][flwr][INFO] - fit progress: (53, 43.899069614708424, {'accuracy': 0.9331}, 84.4210368776694)
[2024-06-02 12:59:28,678][flwr][DEBUG] - evaluate_round 53: strategy sampled 1 clients (out of 50)
[2024-06-02 12:59:28,824][flwr][DEBUG] - evaluate_round 53 received 1 results and 0 failures
[2024-06-02 12:59:28,824][flwr][DEBUG] - fit_round 54: strategy sampled 10 clients (out of 50)
[2024-06-02 12:59:29,547][flwr][DEBUG] - fit_round 54 received 10 results and 0 failures
[2024-06-02 12:59:30,097][flwr][INFO] - fit progress: (54, 512.7754430770874, {'accuracy': 0.7181}, 85.84014415182173)
[2024-06-02 12:59:30,097][flwr][DEBUG] - evaluate_round 54: strategy sampled 1 clients (out of 50)
[2024-06-02 12:59:30,279][flwr][DEBUG] - evaluate_round 54 received 1 results and 0 failures
[2024-06-02 12:59:30,279][flwr][DEBUG] - fit_round 55: strategy sampled 10 clients (out of 50)
[2024-06-02 12:59:31,059][flwr][DEBUG] - fit_round 55 received 10 results and 0 failures
[2024-06-02 12:59:32,018][flwr][INFO] - fit progress: (55, 126.44848221540451, {'accuracy': 0.8995}, 87.76077323593199)
[2024-06-02 12:59:32,018][flwr][DEBUG] - evaluate_round 55: strategy sampled 1 clients (out of 50)
[2024-06-02 12:59:32,191][flwr][DEBUG] - evaluate_round 55 received 1 results and 0 failures
[2024-06-02 12:59:32,192][flwr][DEBUG] - fit_round 56: strategy sampled 10 clients (out of 50)
[2024-06-02 12:59:32,893][flwr][DEBUG] - fit_round 56 received 10 results and 0 failures
[2024-06-02 12:59:33,451][flwr][INFO] - fit progress: (56, 166.4247736632824, {'accuracy': 0.8792}, 89.19376727798954)
[2024-06-02 12:59:33,451][flwr][DEBUG] - evaluate_round 56: strategy sampled 1 clients (out of 50)
[2024-06-02 12:59:33,603][flwr][DEBUG] - evaluate_round 56 received 1 results and 0 failures
[2024-06-02 12:59:33,604][flwr][DEBUG] - fit_round 57: strategy sampled 10 clients (out of 50)
[2024-06-02 12:59:34,319][flwr][DEBUG] - fit_round 57 received 10 results and 0 failures
[2024-06-02 12:59:34,887][flwr][INFO] - fit progress: (57, 150.9211215749383, {'accuracy': 0.8866}, 90.62954333983362)
[2024-06-02 12:59:34,887][flwr][DEBUG] - evaluate_round 57: strategy sampled 1 clients (out of 50)
[2024-06-02 12:59:35,064][flwr][DEBUG] - evaluate_round 57 received 1 results and 0 failures
[2024-06-02 12:59:35,064][flwr][DEBUG] - fit_round 58: strategy sampled 10 clients (out of 50)
[2024-06-02 12:59:35,827][flwr][DEBUG] - fit_round 58 received 10 results and 0 failures
[2024-06-02 12:59:36,388][flwr][INFO] - fit progress: (58, 109.89006841927767, {'accuracy': 0.9041}, 92.1310053546913)
[2024-06-02 12:59:36,388][flwr][DEBUG] - evaluate_round 58: strategy sampled 1 clients (out of 50)
[2024-06-02 12:59:36,619][flwr][DEBUG] - evaluate_round 58 received 1 results and 0 failures
[2024-06-02 12:59:36,619][flwr][DEBUG] - fit_round 59: strategy sampled 10 clients (out of 50)
[2024-06-02 12:59:37,392][flwr][DEBUG] - fit_round 59 received 10 results and 0 failures
[2024-06-02 12:59:37,943][flwr][INFO] - fit progress: (59, 85.32153340987861, {'accuracy': 0.9206}, 93.68550480762497)
[2024-06-02 12:59:37,943][flwr][DEBUG] - evaluate_round 59: strategy sampled 1 clients (out of 50)
[2024-06-02 12:59:38,110][flwr][DEBUG] - evaluate_round 59 received 1 results and 0 failures
[2024-06-02 12:59:38,110][flwr][DEBUG] - fit_round 60: strategy sampled 10 clients (out of 50)
[2024-06-02 12:59:38,904][flwr][DEBUG] - fit_round 60 received 10 results and 0 failures
[2024-06-02 12:59:39,464][flwr][INFO] - fit progress: (60, 96.59932817704976, {'accuracy': 0.9144}, 95.20726243173704)
[2024-06-02 12:59:39,465][flwr][DEBUG] - evaluate_round 60: strategy sampled 1 clients (out of 50)
[2024-06-02 12:59:39,629][flwr][DEBUG] - evaluate_round 60 received 1 results and 0 failures
[2024-06-02 12:59:39,629][flwr][DEBUG] - fit_round 61: strategy sampled 10 clients (out of 50)
[2024-06-02 12:59:40,353][flwr][DEBUG] - fit_round 61 received 10 results and 0 failures
[2024-06-02 12:59:40,914][flwr][INFO] - fit progress: (61, 98.34752965171356, {'accuracy': 0.9172}, 96.65713433967903)
[2024-06-02 12:59:40,914][flwr][DEBUG] - evaluate_round 61: strategy sampled 1 clients (out of 50)
[2024-06-02 12:59:41,090][flwr][DEBUG] - evaluate_round 61 received 1 results and 0 failures
[2024-06-02 12:59:41,091][flwr][DEBUG] - fit_round 62: strategy sampled 10 clients (out of 50)
[2024-06-02 12:59:41,886][flwr][DEBUG] - fit_round 62 received 10 results and 0 failures
[2024-06-02 12:59:42,448][flwr][INFO] - fit progress: (62, 103.96429326757789, {'accuracy': 0.9131}, 98.19115182384849)
[2024-06-02 12:59:42,448][flwr][DEBUG] - evaluate_round 62: strategy sampled 1 clients (out of 50)
[2024-06-02 12:59:42,618][flwr][DEBUG] - evaluate_round 62 received 1 results and 0 failures
[2024-06-02 12:59:42,618][flwr][DEBUG] - fit_round 63: strategy sampled 10 clients (out of 50)
[2024-06-02 12:59:43,441][flwr][DEBUG] - fit_round 63 received 10 results and 0 failures
[2024-06-02 12:59:43,997][flwr][INFO] - fit progress: (63, 66.98859523797458, {'accuracy': 0.9376}, 99.74026730796322)
[2024-06-02 12:59:43,998][flwr][DEBUG] - evaluate_round 63: strategy sampled 1 clients (out of 50)
[2024-06-02 12:59:44,138][flwr][DEBUG] - evaluate_round 63 received 1 results and 0 failures
[2024-06-02 12:59:44,138][flwr][DEBUG] - fit_round 64: strategy sampled 10 clients (out of 50)
[2024-06-02 12:59:44,882][flwr][DEBUG] - fit_round 64 received 10 results and 0 failures
[2024-06-02 12:59:45,459][flwr][INFO] - fit progress: (64, 59.12474648327793, {'accuracy': 0.9442}, 101.20227398583665)
[2024-06-02 12:59:45,460][flwr][DEBUG] - evaluate_round 64: strategy sampled 1 clients (out of 50)
[2024-06-02 12:59:45,614][flwr][DEBUG] - evaluate_round 64 received 1 results and 0 failures
[2024-06-02 12:59:45,614][flwr][DEBUG] - fit_round 65: strategy sampled 10 clients (out of 50)
[2024-06-02 12:59:46,382][flwr][DEBUG] - fit_round 65 received 10 results and 0 failures
[2024-06-02 12:59:46,932][flwr][INFO] - fit progress: (65, 65.90016778032805, {'accuracy': 0.9321}, 102.67475321376696)
[2024-06-02 12:59:46,932][flwr][DEBUG] - evaluate_round 65: strategy sampled 1 clients (out of 50)
[2024-06-02 12:59:47,098][flwr][DEBUG] - evaluate_round 65 received 1 results and 0 failures
[2024-06-02 12:59:47,099][flwr][DEBUG] - fit_round 66: strategy sampled 10 clients (out of 50)
[2024-06-02 12:59:47,835][flwr][DEBUG] - fit_round 66 received 10 results and 0 failures
[2024-06-02 12:59:48,796][flwr][INFO] - fit progress: (66, 312.2107467651367, {'accuracy': 0.8071}, 104.5385432546027)
[2024-06-02 12:59:48,796][flwr][DEBUG] - evaluate_round 66: strategy sampled 1 clients (out of 50)
[2024-06-02 12:59:48,956][flwr][DEBUG] - evaluate_round 66 received 1 results and 0 failures
[2024-06-02 12:59:48,956][flwr][DEBUG] - fit_round 67: strategy sampled 10 clients (out of 50)
[2024-06-02 12:59:49,652][flwr][DEBUG] - fit_round 67 received 10 results and 0 failures
[2024-06-02 12:59:50,203][flwr][INFO] - fit progress: (67, 119.39673265791498, {'accuracy': 0.9091}, 105.94572456460446)
[2024-06-02 12:59:50,203][flwr][DEBUG] - evaluate_round 67: strategy sampled 1 clients (out of 50)
[2024-06-02 12:59:50,371][flwr][DEBUG] - evaluate_round 67 received 1 results and 0 failures
[2024-06-02 12:59:50,371][flwr][DEBUG] - fit_round 68: strategy sampled 10 clients (out of 50)
[2024-06-02 12:59:51,155][flwr][DEBUG] - fit_round 68 received 10 results and 0 failures
[2024-06-02 12:59:51,705][flwr][INFO] - fit progress: (68, 264.95671141147614, {'accuracy': 0.877}, 107.44810186466202)
[2024-06-02 12:59:51,705][flwr][DEBUG] - evaluate_round 68: strategy sampled 1 clients (out of 50)
[2024-06-02 12:59:51,872][flwr][DEBUG] - evaluate_round 68 received 1 results and 0 failures
[2024-06-02 12:59:51,872][flwr][DEBUG] - fit_round 69: strategy sampled 10 clients (out of 50)
[2024-06-02 12:59:52,540][flwr][DEBUG] - fit_round 69 received 10 results and 0 failures
[2024-06-02 12:59:53,092][flwr][INFO] - fit progress: (69, 252.16533643007278, {'accuracy': 0.8803}, 108.8345406926237)
[2024-06-02 12:59:53,092][flwr][DEBUG] - evaluate_round 69: strategy sampled 1 clients (out of 50)
[2024-06-02 12:59:53,259][flwr][DEBUG] - evaluate_round 69 received 1 results and 0 failures
[2024-06-02 12:59:53,259][flwr][DEBUG] - fit_round 70: strategy sampled 10 clients (out of 50)
[2024-06-02 12:59:53,977][flwr][DEBUG] - fit_round 70 received 10 results and 0 failures
[2024-06-02 12:59:54,926][flwr][INFO] - fit progress: (70, 119.83893939713016, {'accuracy': 0.9372}, 110.6690547936596)
[2024-06-02 12:59:54,926][flwr][DEBUG] - evaluate_round 70: strategy sampled 1 clients (out of 50)
[2024-06-02 12:59:55,102][flwr][DEBUG] - evaluate_round 70 received 1 results and 0 failures
[2024-06-02 12:59:55,103][flwr][DEBUG] - fit_round 71: strategy sampled 10 clients (out of 50)
[2024-06-02 12:59:55,799][flwr][DEBUG] - fit_round 71 received 10 results and 0 failures
[2024-06-02 12:59:56,353][flwr][INFO] - fit progress: (71, 229.7108340524137, {'accuracy': 0.8955}, 112.09547357400879)
[2024-06-02 12:59:56,353][flwr][DEBUG] - evaluate_round 71: strategy sampled 1 clients (out of 50)
[2024-06-02 12:59:56,539][flwr][DEBUG] - evaluate_round 71 received 1 results and 0 failures
[2024-06-02 12:59:56,539][flwr][DEBUG] - fit_round 72: strategy sampled 10 clients (out of 50)
[2024-06-02 12:59:57,228][flwr][DEBUG] - fit_round 72 received 10 results and 0 failures
[2024-06-02 12:59:57,782][flwr][INFO] - fit progress: (72, 133.12213662771683, {'accuracy': 0.9303}, 113.5248157037422)
[2024-06-02 12:59:57,782][flwr][DEBUG] - evaluate_round 72: strategy sampled 1 clients (out of 50)
[2024-06-02 12:59:57,921][flwr][DEBUG] - evaluate_round 72 received 1 results and 0 failures
[2024-06-02 12:59:57,921][flwr][DEBUG] - fit_round 73: strategy sampled 10 clients (out of 50)
[2024-06-02 12:59:58,631][flwr][DEBUG] - fit_round 73 received 10 results and 0 failures
[2024-06-02 12:59:59,186][flwr][INFO] - fit progress: (73, 205.07794870436192, {'accuracy': 0.9005}, 114.92847994389012)
[2024-06-02 12:59:59,186][flwr][DEBUG] - evaluate_round 73: strategy sampled 1 clients (out of 50)
[2024-06-02 12:59:59,355][flwr][DEBUG] - evaluate_round 73 received 1 results and 0 failures
[2024-06-02 12:59:59,355][flwr][DEBUG] - fit_round 74: strategy sampled 10 clients (out of 50)
[2024-06-02 13:00:00,104][flwr][DEBUG] - fit_round 74 received 10 results and 0 failures
[2024-06-02 13:00:00,659][flwr][INFO] - fit progress: (74, 421.4895590543747, {'accuracy': 0.8293}, 116.40168941300362)
[2024-06-02 13:00:00,659][flwr][DEBUG] - evaluate_round 74: strategy sampled 1 clients (out of 50)
[2024-06-02 13:00:00,797][flwr][DEBUG] - evaluate_round 74 received 1 results and 0 failures
[2024-06-02 13:00:00,797][flwr][DEBUG] - fit_round 75: strategy sampled 10 clients (out of 50)
[2024-06-02 13:00:01,552][flwr][DEBUG] - fit_round 75 received 10 results and 0 failures
[2024-06-02 13:00:02,105][flwr][INFO] - fit progress: (75, 209.4261640906334, {'accuracy': 0.9018}, 117.8478281525895)
[2024-06-02 13:00:02,105][flwr][DEBUG] - evaluate_round 75: strategy sampled 1 clients (out of 50)
[2024-06-02 13:00:02,281][flwr][DEBUG] - evaluate_round 75 received 1 results and 0 failures
[2024-06-02 13:00:02,282][flwr][DEBUG] - fit_round 76: strategy sampled 10 clients (out of 50)
[2024-06-02 13:00:03,016][flwr][DEBUG] - fit_round 76 received 10 results and 0 failures
[2024-06-02 13:00:03,581][flwr][INFO] - fit progress: (76, 328.7739733529161, {'accuracy': 0.8545}, 119.32338640559465)
[2024-06-02 13:00:03,581][flwr][DEBUG] - evaluate_round 76: strategy sampled 1 clients (out of 50)
[2024-06-02 13:00:03,723][flwr][DEBUG] - evaluate_round 76 received 1 results and 0 failures
[2024-06-02 13:00:03,723][flwr][DEBUG] - fit_round 77: strategy sampled 10 clients (out of 50)
[2024-06-02 13:00:04,450][flwr][DEBUG] - fit_round 77 received 10 results and 0 failures
[2024-06-02 13:00:05,378][flwr][INFO] - fit progress: (77, 3838.5526847839355, {'accuracy': 0.5125}, 121.12076241383329)
[2024-06-02 13:00:05,378][flwr][DEBUG] - evaluate_round 77: strategy sampled 1 clients (out of 50)
[2024-06-02 13:00:05,553][flwr][DEBUG] - evaluate_round 77 received 1 results and 0 failures
[2024-06-02 13:00:05,553][flwr][DEBUG] - fit_round 78: strategy sampled 10 clients (out of 50)
[2024-06-02 13:00:06,299][flwr][DEBUG] - fit_round 78 received 10 results and 0 failures
[2024-06-02 13:00:06,852][flwr][INFO] - fit progress: (78, 668.7023378610611, {'accuracy': 0.8351}, 122.59512013569474)
[2024-06-02 13:00:06,852][flwr][DEBUG] - evaluate_round 78: strategy sampled 1 clients (out of 50)
[2024-06-02 13:00:07,019][flwr][DEBUG] - evaluate_round 78 received 1 results and 0 failures
[2024-06-02 13:00:07,020][flwr][DEBUG] - fit_round 79: strategy sampled 10 clients (out of 50)
[2024-06-02 13:00:07,772][flwr][DEBUG] - fit_round 79 received 10 results and 0 failures
[2024-06-02 13:00:08,340][flwr][INFO] - fit progress: (79, 562.3262760639191, {'accuracy': 0.8566}, 124.08245356800035)
[2024-06-02 13:00:08,340][flwr][DEBUG] - evaluate_round 79: strategy sampled 1 clients (out of 50)
[2024-06-02 13:00:08,510][flwr][DEBUG] - evaluate_round 79 received 1 results and 0 failures
[2024-06-02 13:00:08,510][flwr][DEBUG] - fit_round 80: strategy sampled 10 clients (out of 50)
[2024-06-02 13:00:09,292][flwr][DEBUG] - fit_round 80 received 10 results and 0 failures
[2024-06-02 13:00:09,850][flwr][INFO] - fit progress: (80, 402.2032141685486, {'accuracy': 0.8853}, 125.59292671782896)
[2024-06-02 13:00:09,850][flwr][DEBUG] - evaluate_round 80: strategy sampled 1 clients (out of 50)
[2024-06-02 13:00:10,027][flwr][DEBUG] - evaluate_round 80 received 1 results and 0 failures
[2024-06-02 13:00:10,027][flwr][DEBUG] - fit_round 81: strategy sampled 10 clients (out of 50)
[2024-06-02 13:00:10,764][flwr][DEBUG] - fit_round 81 received 10 results and 0 failures
[2024-06-02 13:00:11,317][flwr][INFO] - fit progress: (81, 324.94886089488864, {'accuracy': 0.8964}, 127.05975327873603)
[2024-06-02 13:00:11,317][flwr][DEBUG] - evaluate_round 81: strategy sampled 1 clients (out of 50)
[2024-06-02 13:00:11,471][flwr][DEBUG] - evaluate_round 81 received 1 results and 0 failures
[2024-06-02 13:00:11,472][flwr][DEBUG] - fit_round 82: strategy sampled 10 clients (out of 50)
[2024-06-02 13:00:12,266][flwr][DEBUG] - fit_round 82 received 10 results and 0 failures
[2024-06-02 13:00:12,817][flwr][INFO] - fit progress: (82, 235.5637512338344, {'accuracy': 0.9166}, 128.560031555593)
[2024-06-02 13:00:12,817][flwr][DEBUG] - evaluate_round 82: strategy sampled 1 clients (out of 50)
[2024-06-02 13:00:12,990][flwr][DEBUG] - evaluate_round 82 received 1 results and 0 failures
[2024-06-02 13:00:12,990][flwr][DEBUG] - fit_round 83: strategy sampled 10 clients (out of 50)
[2024-06-02 13:00:13,773][flwr][DEBUG] - fit_round 83 received 10 results and 0 failures
[2024-06-02 13:00:14,330][flwr][INFO] - fit progress: (83, 220.64647444989532, {'accuracy': 0.9185}, 130.07282678876072)
[2024-06-02 13:00:14,330][flwr][DEBUG] - evaluate_round 83: strategy sampled 1 clients (out of 50)
[2024-06-02 13:00:14,469][flwr][DEBUG] - evaluate_round 83 received 1 results and 0 failures
[2024-06-02 13:00:14,469][flwr][DEBUG] - fit_round 84: strategy sampled 10 clients (out of 50)
[2024-06-02 13:00:15,137][flwr][DEBUG] - fit_round 84 received 10 results and 0 failures
[2024-06-02 13:00:15,696][flwr][INFO] - fit progress: (84, 190.25241134967655, {'accuracy': 0.9286}, 131.439074147027)
[2024-06-02 13:00:15,696][flwr][DEBUG] - evaluate_round 84: strategy sampled 1 clients (out of 50)
[2024-06-02 13:00:15,855][flwr][DEBUG] - evaluate_round 84 received 1 results and 0 failures
[2024-06-02 13:00:15,855][flwr][DEBUG] - fit_round 85: strategy sampled 10 clients (out of 50)
[2024-06-02 13:00:16,631][flwr][DEBUG] - fit_round 85 received 10 results and 0 failures
[2024-06-02 13:00:17,191][flwr][INFO] - fit progress: (85, 210.12225043401122, {'accuracy': 0.9171}, 132.93368042260408)
[2024-06-02 13:00:17,191][flwr][DEBUG] - evaluate_round 85: strategy sampled 1 clients (out of 50)
[2024-06-02 13:00:17,356][flwr][DEBUG] - evaluate_round 85 received 1 results and 0 failures
[2024-06-02 13:00:17,357][flwr][DEBUG] - fit_round 86: strategy sampled 10 clients (out of 50)
[2024-06-02 13:00:18,066][flwr][DEBUG] - fit_round 86 received 10 results and 0 failures
[2024-06-02 13:00:19,032][flwr][INFO] - fit progress: (86, 742.4683976173401, {'accuracy': 0.7922}, 134.77532145474106)
[2024-06-02 13:00:19,033][flwr][DEBUG] - evaluate_round 86: strategy sampled 1 clients (out of 50)
[2024-06-02 13:00:19,207][flwr][DEBUG] - evaluate_round 86 received 1 results and 0 failures
[2024-06-02 13:00:19,208][flwr][DEBUG] - fit_round 87: strategy sampled 10 clients (out of 50)
[2024-06-02 13:00:19,953][flwr][DEBUG] - fit_round 87 received 10 results and 0 failures
[2024-06-02 13:00:20,509][flwr][INFO] - fit progress: (87, 709.4099102020264, {'accuracy': 0.8205}, 136.25206591095775)
[2024-06-02 13:00:20,509][flwr][DEBUG] - evaluate_round 87: strategy sampled 1 clients (out of 50)
[2024-06-02 13:00:20,680][flwr][DEBUG] - evaluate_round 87 received 1 results and 0 failures
[2024-06-02 13:00:20,680][flwr][DEBUG] - fit_round 88: strategy sampled 10 clients (out of 50)
[2024-06-02 13:00:21,413][flwr][DEBUG] - fit_round 88 received 10 results and 0 failures
[2024-06-02 13:00:22,218][flwr][INFO] - fit progress: (88, 1942.6439247131348, {'accuracy': 0.6907}, 137.9610566208139)
[2024-06-02 13:00:22,218][flwr][DEBUG] - evaluate_round 88: strategy sampled 1 clients (out of 50)
[2024-06-02 13:00:22,388][flwr][DEBUG] - evaluate_round 88 received 1 results and 0 failures
[2024-06-02 13:00:22,388][flwr][DEBUG] - fit_round 89: strategy sampled 10 clients (out of 50)
[2024-06-02 13:00:23,081][flwr][DEBUG] - fit_round 89 received 10 results and 0 failures
[2024-06-02 13:00:24,034][flwr][INFO] - fit progress: (89, 850.7120552062988, {'accuracy': 0.8267}, 139.77698028367013)
[2024-06-02 13:00:24,034][flwr][DEBUG] - evaluate_round 89: strategy sampled 1 clients (out of 50)
[2024-06-02 13:00:24,201][flwr][DEBUG] - evaluate_round 89 received 1 results and 0 failures
[2024-06-02 13:00:24,201][flwr][DEBUG] - fit_round 90: strategy sampled 10 clients (out of 50)
[2024-06-02 13:00:24,942][flwr][DEBUG] - fit_round 90 received 10 results and 0 failures
[2024-06-02 13:00:25,508][flwr][INFO] - fit progress: (90, 501.18728840351105, {'accuracy': 0.882}, 141.25096575263888)
[2024-06-02 13:00:25,508][flwr][DEBUG] - evaluate_round 90: strategy sampled 1 clients (out of 50)
[2024-06-02 13:00:25,689][flwr][DEBUG] - evaluate_round 90 received 1 results and 0 failures
[2024-06-02 13:00:25,689][flwr][DEBUG] - fit_round 91: strategy sampled 10 clients (out of 50)
[2024-06-02 13:00:26,363][flwr][DEBUG] - fit_round 91 received 10 results and 0 failures
[2024-06-02 13:00:26,915][flwr][INFO] - fit progress: (91, 375.18137441376166, {'accuracy': 0.905}, 142.6578329638578)
[2024-06-02 13:00:26,915][flwr][DEBUG] - evaluate_round 91: strategy sampled 1 clients (out of 50)
[2024-06-02 13:00:27,068][flwr][DEBUG] - evaluate_round 91 received 1 results and 0 failures
[2024-06-02 13:00:27,068][flwr][DEBUG] - fit_round 92: strategy sampled 10 clients (out of 50)
[2024-06-02 13:00:27,817][flwr][DEBUG] - fit_round 92 received 10 results and 0 failures
[2024-06-02 13:00:28,373][flwr][INFO] - fit progress: (92, 347.4473037570715, {'accuracy': 0.9141}, 144.11553745158017)
[2024-06-02 13:00:28,373][flwr][DEBUG] - evaluate_round 92: strategy sampled 1 clients (out of 50)
[2024-06-02 13:00:28,540][flwr][DEBUG] - evaluate_round 92 received 1 results and 0 failures
[2024-06-02 13:00:28,541][flwr][DEBUG] - fit_round 93: strategy sampled 10 clients (out of 50)
[2024-06-02 13:00:29,182][flwr][DEBUG] - fit_round 93 received 10 results and 0 failures
[2024-06-02 13:00:29,736][flwr][INFO] - fit progress: (93, 395.79142386838794, {'accuracy': 0.8944}, 145.4784240727313)
[2024-06-02 13:00:29,736][flwr][DEBUG] - evaluate_round 93: strategy sampled 1 clients (out of 50)
[2024-06-02 13:00:29,882][flwr][DEBUG] - evaluate_round 93 received 1 results and 0 failures
[2024-06-02 13:00:29,882][flwr][DEBUG] - fit_round 94: strategy sampled 10 clients (out of 50)
[2024-06-02 13:00:30,624][flwr][DEBUG] - fit_round 94 received 10 results and 0 failures
[2024-06-02 13:00:31,591][flwr][INFO] - fit progress: (94, 3135.3414096832275, {'accuracy': 0.7202}, 147.3342144410126)
[2024-06-02 13:00:31,591][flwr][DEBUG] - evaluate_round 94: strategy sampled 1 clients (out of 50)
[2024-06-02 13:00:31,765][flwr][DEBUG] - evaluate_round 94 received 1 results and 0 failures
[2024-06-02 13:00:31,766][flwr][DEBUG] - fit_round 95: strategy sampled 10 clients (out of 50)
[2024-06-02 13:00:32,488][flwr][DEBUG] - fit_round 95 received 10 results and 0 failures
[2024-06-02 13:00:33,042][flwr][INFO] - fit progress: (95, 2228.0881481170654, {'accuracy': 0.7268}, 148.7843626625836)
[2024-06-02 13:00:33,042][flwr][DEBUG] - evaluate_round 95: strategy sampled 1 clients (out of 50)
[2024-06-02 13:00:33,208][flwr][DEBUG] - evaluate_round 95 received 1 results and 0 failures
[2024-06-02 13:00:33,208][flwr][DEBUG] - fit_round 96: strategy sampled 10 clients (out of 50)
[2024-06-02 13:00:33,901][flwr][DEBUG] - fit_round 96 received 10 results and 0 failures
[2024-06-02 13:00:34,889][flwr][INFO] - fit progress: (96, 1017.6533294916153, {'accuracy': 0.8483}, 150.63166846567765)
[2024-06-02 13:00:34,889][flwr][DEBUG] - evaluate_round 96: strategy sampled 1 clients (out of 50)
[2024-06-02 13:00:35,045][flwr][DEBUG] - evaluate_round 96 received 1 results and 0 failures
[2024-06-02 13:00:35,045][flwr][DEBUG] - fit_round 97: strategy sampled 10 clients (out of 50)
[2024-06-02 13:00:35,737][flwr][DEBUG] - fit_round 97 received 10 results and 0 failures
[2024-06-02 13:00:36,299][flwr][INFO] - fit progress: (97, 772.573320388794, {'accuracy': 0.8863}, 152.04192664893344)
[2024-06-02 13:00:36,299][flwr][DEBUG] - evaluate_round 97: strategy sampled 1 clients (out of 50)
[2024-06-02 13:00:36,470][flwr][DEBUG] - evaluate_round 97 received 1 results and 0 failures
[2024-06-02 13:00:36,471][flwr][DEBUG] - fit_round 98: strategy sampled 10 clients (out of 50)
[2024-06-02 13:00:37,213][flwr][DEBUG] - fit_round 98 received 10 results and 0 failures
[2024-06-02 13:00:37,768][flwr][INFO] - fit progress: (98, 562.0706335157156, {'accuracy': 0.9059}, 153.5106987049803)
[2024-06-02 13:00:37,768][flwr][DEBUG] - evaluate_round 98: strategy sampled 1 clients (out of 50)
[2024-06-02 13:00:37,911][flwr][DEBUG] - evaluate_round 98 received 1 results and 0 failures
[2024-06-02 13:00:37,911][flwr][DEBUG] - fit_round 99: strategy sampled 10 clients (out of 50)
[2024-06-02 13:00:38,718][flwr][DEBUG] - fit_round 99 received 10 results and 0 failures
[2024-06-02 13:00:39,683][flwr][INFO] - fit progress: (99, 652.6220653057098, {'accuracy': 0.8913}, 155.42557011265308)
[2024-06-02 13:00:39,683][flwr][DEBUG] - evaluate_round 99: strategy sampled 1 clients (out of 50)
[2024-06-02 13:00:39,852][flwr][DEBUG] - evaluate_round 99 received 1 results and 0 failures
[2024-06-02 13:00:39,852][flwr][DEBUG] - fit_round 100: strategy sampled 10 clients (out of 50)
[2024-06-02 13:00:40,580][flwr][DEBUG] - fit_round 100 received 10 results and 0 failures
[2024-06-02 13:00:41,135][flwr][INFO] - fit progress: (100, 464.4464668035507, {'accuracy': 0.9144}, 156.8781454130076)
[2024-06-02 13:00:41,135][flwr][DEBUG] - evaluate_round 100: strategy sampled 1 clients (out of 50)
[2024-06-02 13:00:41,310][flwr][DEBUG] - evaluate_round 100 received 1 results and 0 failures
[2024-06-02 13:00:41,311][flwr][INFO] - FL finished in 157.0534713617526
[2024-06-02 13:00:41,311][flwr][INFO] - app_fit: losses_distributed [(1, 6.485037088394165), (2, 11.290748119354248), (3, 12.32151985168457), (4, 2.4365975856781006), (5, 1.2792417258024216), (6, 1.2266541421413422), (7, 1.1281893514096737), (8, 1.2648650221526623), (9, 1.3651884347200394), (10, 0.9272005539387465), (11, 1.6172922402620316), (12, 0.08809054456651211), (13, 0.17314018914476037), (14, 0.49380903982091695), (15, 0.3305402444675565), (16, 0.5473244339227676), (17, 0.11629209667444229), (18, 0.6302962237969041), (19, 0.8289959412068129), (20, 0.7019128128886223), (21, 0.6219028234481812), (22, 0.5056742038577795), (23, 0.513471529702656), (24, 0.06897557433694601), (25, 0.5165145760402083), (26, 5.6804541647434235), (27, 0.7719123740680516), (28, 2.4018263816833496), (29, 0.285921749076806), (30, 1.7182785123586655), (31, 1.2151672546751797), (32, 0.8463298827409744), (33, 2.0079411627957597), (34, 0.38447357894619927), (35, 1.2727758958935738), (36, 1.640127178048715), (37, 1.4471598472446203), (38, 0.5284550813958049), (39, 1.8348154108971357), (40, 0.6389340507812449), (41, 1.0260359749663621), (42, 1.6455922154709697), (43, 0.14001372456550598), (44, 44.281075954437256), (45, 5.228701114654541), (46, 6.163030982017517), (47, 28.197150945663452), (48, 2.1943202167749405), (49, 2.373914551608455), (50, 2.9047287926077843), (51, 2.333972379565239), (52, 1.6502530865254812), (53, 1.2948373393155634), (54, 35.07257127761841), (55, 5.088384538888931), (56, 5.418907642364502), (57, 9.480219066143036), (58, 10.369470119476318), (59, 13.786600053310394), (60, 1.630949700788051), (61, 11.617012828588486), (62, 5.635498642921448), (63, 3.5570363830702263), (64, 0.7533740773797035), (65, 4.65008419752121), (66, 27.258605241775513), (67, 11.307383179664612), (68, 12.146151706576347), (69, 14.839909175129833), (70, 3.058792658150196), (71, 19.892412781715393), (72, 10.877109318971625), (73, 13.927599430084229), (74, 15.643596410751343), (75, 9.772360026836395), (76, 5.701710224151611), (77, 294.9893455505371), (78, 48.261802673339844), (79, 6.885196089744568), (80, 14.300785541534424), (81, 18.714489936828613), (82, 8.989563465118408), (83, 6.227044582366943), (84, 8.405062675476074), (85, 3.3945494890213013), (86, 102.86206531524658), (87, 27.219401836395264), (88, 43.25900077819824), (89, 52.58938217163086), (90, 57.146838665008545), (91, 16.724455028772354), (92, 42.61818778514862), (93, 25.817954218015075), (94, 67.27129173278809), (95, 62.584482192993164), (96, 88.97429347038269), (97, 65.01965928077698), (98, 35.95402950048447), (99, 29.49176549911499), (100, 57.96089553833008)]
[2024-06-02 13:00:41,311][flwr][INFO] - app_fit: metrics_distributed_fit {}
[2024-06-02 13:00:41,311][flwr][INFO] - app_fit: metrics_distributed {}
[2024-06-02 13:00:41,311][flwr][INFO] - app_fit: losses_centralized [(0, 180.11435198783875), (1, 115.4111328125), (2, 180.31726729869843), (3, 416.0501630306244), (4, 54.65668085217476), (5, 28.7509633153677), (6, 23.227753788232803), (7, 14.483674811199307), (8, 12.101609813049436), (9, 12.616065854206681), (10, 9.951331340475008), (11, 8.93108025053516), (12, 8.326273270184174), (13, 6.60651528229937), (14, 9.411149720661342), (15, 8.172350482316688), (16, 6.254457095405087), (17, 9.544885562267154), (18, 6.375227799013373), (19, 6.119372830085922), (20, 5.927381186687853), (21, 5.28531382753863), (22, 4.992701176634), (23, 4.822826916890335), (24, 4.9341364395586425), (25, 7.486200764134992), (26, 117.81645274162292), (27, 11.248668438522145), (28, 16.954682862386107), (29, 9.953961272374727), (30, 61.87018218636513), (31, 20.42580257449299), (32, 21.606654568575323), (33, 18.636859071382787), (34, 15.044523638149258), (35, 13.076556274201721), (36, 34.713815247640014), (37, 21.478033668361604), (38, 16.227729728649138), (39, 11.600149214500561), (40, 12.522974562671152), (41, 12.771242966099635), (42, 10.836257642840792), (43, 11.60940729190952), (44, 803.4962520599365), (45, 382.29511296749115), (46, 97.15572676062584), (47, 115.80828061699867), (48, 51.50360049074516), (49, 39.46883213915862), (50, 44.4455853253603), (51, 37.66961810737848), (52, 48.61159271886572), (53, 43.899069614708424), (54, 512.7754430770874), (55, 126.44848221540451), (56, 166.4247736632824), (57, 150.9211215749383), (58, 109.89006841927767), (59, 85.32153340987861), (60, 96.59932817704976), (61, 98.34752965171356), (62, 103.96429326757789), (63, 66.98859523797458), (64, 59.12474648327793), (65, 65.90016778032805), (66, 312.2107467651367), (67, 119.39673265791498), (68, 264.95671141147614), (69, 252.16533643007278), (70, 119.83893939713016), (71, 229.7108340524137), (72, 133.12213662771683), (73, 205.07794870436192), (74, 421.4895590543747), (75, 209.4261640906334), (76, 328.7739733529161), (77, 3838.5526847839355), (78, 668.7023378610611), (79, 562.3262760639191), (80, 402.2032141685486), (81, 324.94886089488864), (82, 235.5637512338344), (83, 220.64647444989532), (84, 190.25241134967655), (85, 210.12225043401122), (86, 742.4683976173401), (87, 709.4099102020264), (88, 1942.6439247131348), (89, 850.7120552062988), (90, 501.18728840351105), (91, 375.18137441376166), (92, 347.4473037570715), (93, 395.79142386838794), (94, 3135.3414096832275), (95, 2228.0881481170654), (96, 1017.6533294916153), (97, 772.573320388794), (98, 562.0706335157156), (99, 652.6220653057098), (100, 464.4464668035507)]
[2024-06-02 13:00:41,311][flwr][INFO] - app_fit: metrics_centralized {'accuracy': [(0, 0.0559), (1, 0.4905), (2, 0.4892), (3, 0.3104), (4, 0.7893), (5, 0.8754), (6, 0.9023), (7, 0.9377), (8, 0.9508), (9, 0.9476), (10, 0.9596), (11, 0.9618), (12, 0.9659), (13, 0.9715), (14, 0.9597), (15, 0.9676), (16, 0.9739), (17, 0.9621), (18, 0.972), (19, 0.9762), (20, 0.9743), (21, 0.9789), (22, 0.9796), (23, 0.9806), (24, 0.9795), (25, 0.9698), (26, 0.711), (27, 0.9604), (28, 0.9421), (29, 0.964), (30, 0.8548), (31, 0.9396), (32, 0.9387), (33, 0.9451), (34, 0.9546), (35, 0.9554), (36, 0.9162), (37, 0.9424), (38, 0.9569), (39, 0.9688), (40, 0.9656), (41, 0.9681), (42, 0.9686), (43, 0.9682), (44, 0.5865), (45, 0.7428), (46, 0.8883), (47, 0.8656), (48, 0.9279), (49, 0.9421), (50, 0.9333), (51, 0.9332), (52, 0.9347), (53, 0.9331), (54, 0.7181), (55, 0.8995), (56, 0.8792), (57, 0.8866), (58, 0.9041), (59, 0.9206), (60, 0.9144), (61, 0.9172), (62, 0.9131), (63, 0.9376), (64, 0.9442), (65, 0.9321), (66, 0.8071), (67, 0.9091), (68, 0.877), (69, 0.8803), (70, 0.9372), (71, 0.8955), (72, 0.9303), (73, 0.9005), (74, 0.8293), (75, 0.9018), (76, 0.8545), (77, 0.5125), (78, 0.8351), (79, 0.8566), (80, 0.8853), (81, 0.8964), (82, 0.9166), (83, 0.9185), (84, 0.9286), (85, 0.9171), (86, 0.7922), (87, 0.8205), (88, 0.6907), (89, 0.8267), (90, 0.882), (91, 0.905), (92, 0.9141), (93, 0.8944), (94, 0.7202), (95, 0.7268), (96, 0.8483), (97, 0.8863), (98, 0.9059), (99, 0.8913), (100, 0.9144)]}
