[2024-05-08 16:29:19,143][flwr][INFO] - Starting Flower simulation, config: ServerConfig(num_rounds=100, round_timeout=None)
[2024-05-08 16:29:21,547][flwr][INFO] - Flower VCE: Ray initialized with resources: {'object_store_memory': 19495992115.0, 'memory': 38991984231.0, 'CPU': 20.0, 'node:__internal_head__': 1.0, 'accelerator_type:G': 1.0, 'GPU': 4.0, 'node:172.17.34.49': 1.0}
[2024-05-08 16:29:21,548][flwr][INFO] - Initializing global parameters
[2024-05-08 16:29:21,548][flwr][INFO] - Requesting initial parameters from one random client
[2024-05-08 16:29:24,132][flwr][INFO] - Received initial parameters from one random client
[2024-05-08 16:29:24,132][flwr][INFO] - Evaluating initial parameters
[2024-05-08 16:29:27,563][flwr][INFO] - initial parameters (loss, other metrics): 194.70238041877747, {'accuracy': 0.0952}
[2024-05-08 16:29:27,563][flwr][INFO] - FL starting
[2024-05-08 16:29:27,564][flwr][DEBUG] - fit_round 1: strategy sampled 10 clients (out of 50)
[2024-05-08 16:30:18,450][flwr][DEBUG] - fit_round 1 received 10 results and 0 failures
[2024-05-08 16:30:21,022][flwr][WARNING] - No fit_metrics_aggregation_fn provided
[2024-05-08 16:30:22,961][flwr][INFO] - fit progress: (1, 77.49384611845016, {'accuracy': 0.6461}, 55.39805457368493)
[2024-05-08 16:30:22,962][flwr][DEBUG] - evaluate_round 1: strategy sampled 1 clients (out of 50)
[2024-05-08 16:30:26,932][flwr][DEBUG] - evaluate_round 1 received 1 results and 0 failures
[2024-05-08 16:30:26,932][flwr][WARNING] - No evaluate_metrics_aggregation_fn provided
[2024-05-08 16:30:26,932][flwr][DEBUG] - fit_round 2: strategy sampled 10 clients (out of 50)
[2024-05-08 16:31:17,234][flwr][DEBUG] - fit_round 2 received 10 results and 0 failures
[2024-05-08 16:31:21,786][flwr][INFO] - fit progress: (2, 325.15297228097916, {'accuracy': 0.7253}, 114.22258121520281)
[2024-05-08 16:31:21,786][flwr][DEBUG] - evaluate_round 2: strategy sampled 1 clients (out of 50)
[2024-05-08 16:31:25,687][flwr][DEBUG] - evaluate_round 2 received 1 results and 0 failures
[2024-05-08 16:31:25,688][flwr][DEBUG] - fit_round 3: strategy sampled 10 clients (out of 50)
[2024-05-08 16:32:16,269][flwr][DEBUG] - fit_round 3 received 10 results and 0 failures
