[2024-06-02 18:12:47,008][flwr][INFO] - Starting Flower simulation, config: ServerConfig(num_rounds=100, round_timeout=None)
[2024-06-02 18:12:48,060][flwr][INFO] - Flower VCE: Ray initialized with resources: {'memory': 83157604557.0, 'object_store_memory': 39924687667.0, 'CPU': 24.0, 'accelerator_type:G': 1.0, 'GPU': 2.0, 'node:172.17.34.3': 1.0}
[2024-06-02 18:12:48,061][flwr][INFO] - Initializing global parameters
[2024-06-02 18:12:48,061][flwr][INFO] - Requesting initial parameters from one random client
[2024-06-02 18:12:49,130][flwr][INFO] - Received initial parameters from one random client
[2024-06-02 18:12:49,130][flwr][INFO] - Evaluating initial parameters
[2024-06-02 18:12:51,090][flwr][INFO] - initial parameters (loss, other metrics): 182.77047753334045, {'accuracy': 0.0988}
[2024-06-02 18:12:51,091][flwr][INFO] - FL starting
[2024-06-02 18:12:51,091][flwr][DEBUG] - fit_round 1: strategy sampled 10 clients (out of 50)
[2024-06-02 18:12:56,015][flwr][DEBUG] - fit_round 1 received 10 results and 0 failures
[2024-06-02 18:12:56,038][flwr][WARNING] - No fit_metrics_aggregation_fn provided
[2024-06-02 18:12:56,370][flwr][INFO] - fit progress: (1, 42.29290473461151, {'accuracy': 0.9136}, 5.279413600917906)
[2024-06-02 18:12:56,370][flwr][DEBUG] - evaluate_round 1: strategy sampled 1 clients (out of 50)
[2024-06-02 18:12:56,574][flwr][DEBUG] - evaluate_round 1 received 1 results and 0 failures
[2024-06-02 18:12:56,574][flwr][WARNING] - No evaluate_metrics_aggregation_fn provided
[2024-06-02 18:12:56,574][flwr][DEBUG] - fit_round 2: strategy sampled 10 clients (out of 50)
[2024-06-02 18:12:57,323][flwr][DEBUG] - fit_round 2 received 10 results and 0 failures
[2024-06-02 18:12:57,662][flwr][INFO] - fit progress: (2, 12.124963512644172, {'accuracy': 0.9542}, 6.571335318032652)
[2024-06-02 18:12:57,662][flwr][DEBUG] - evaluate_round 2: strategy sampled 1 clients (out of 50)
[2024-06-02 18:12:57,838][flwr][DEBUG] - evaluate_round 2 received 1 results and 0 failures
[2024-06-02 18:12:57,839][flwr][DEBUG] - fit_round 3: strategy sampled 10 clients (out of 50)
[2024-06-02 18:12:58,633][flwr][DEBUG] - fit_round 3 received 10 results and 0 failures
[2024-06-02 18:12:58,978][flwr][INFO] - fit progress: (3, 8.562152978498489, {'accuracy': 0.9677}, 7.887479600962251)
[2024-06-02 18:12:58,978][flwr][DEBUG] - evaluate_round 3: strategy sampled 1 clients (out of 50)
[2024-06-02 18:12:59,170][flwr][DEBUG] - evaluate_round 3 received 1 results and 0 failures
[2024-06-02 18:12:59,171][flwr][DEBUG] - fit_round 4: strategy sampled 10 clients (out of 50)
[2024-06-02 18:12:59,946][flwr][DEBUG] - fit_round 4 received 10 results and 0 failures
[2024-06-02 18:13:00,903][flwr][INFO] - fit progress: (4, 7.177629812853411, {'accuracy': 0.9715}, 9.811923635657877)
[2024-06-02 18:13:00,903][flwr][DEBUG] - evaluate_round 4: strategy sampled 1 clients (out of 50)
[2024-06-02 18:13:01,067][flwr][DEBUG] - evaluate_round 4 received 1 results and 0 failures
[2024-06-02 18:13:01,067][flwr][DEBUG] - fit_round 5: strategy sampled 10 clients (out of 50)
[2024-06-02 18:13:01,810][flwr][DEBUG] - fit_round 5 received 10 results and 0 failures
[2024-06-02 18:13:02,370][flwr][INFO] - fit progress: (5, 6.52081690588966, {'accuracy': 0.9746}, 11.279046579729766)
[2024-06-02 18:13:02,370][flwr][DEBUG] - evaluate_round 5: strategy sampled 1 clients (out of 50)
[2024-06-02 18:13:02,550][flwr][DEBUG] - evaluate_round 5 received 1 results and 0 failures
[2024-06-02 18:13:02,550][flwr][DEBUG] - fit_round 6: strategy sampled 10 clients (out of 50)
[2024-06-02 18:13:03,280][flwr][DEBUG] - fit_round 6 received 10 results and 0 failures
[2024-06-02 18:13:03,849][flwr][INFO] - fit progress: (6, 5.094994794111699, {'accuracy': 0.9799}, 12.758633412886411)
[2024-06-02 18:13:03,849][flwr][DEBUG] - evaluate_round 6: strategy sampled 1 clients (out of 50)
[2024-06-02 18:13:04,056][flwr][DEBUG] - evaluate_round 6 received 1 results and 0 failures
[2024-06-02 18:13:04,056][flwr][DEBUG] - fit_round 7: strategy sampled 10 clients (out of 50)
[2024-06-02 18:13:04,792][flwr][DEBUG] - fit_round 7 received 10 results and 0 failures
[2024-06-02 18:13:05,367][flwr][INFO] - fit progress: (7, 4.53361236769706, {'accuracy': 0.9811}, 14.27663044584915)
[2024-06-02 18:13:05,367][flwr][DEBUG] - evaluate_round 7: strategy sampled 1 clients (out of 50)
[2024-06-02 18:13:05,505][flwr][DEBUG] - evaluate_round 7 received 1 results and 0 failures
[2024-06-02 18:13:05,506][flwr][DEBUG] - fit_round 8: strategy sampled 10 clients (out of 50)
[2024-06-02 18:13:06,246][flwr][DEBUG] - fit_round 8 received 10 results and 0 failures
[2024-06-02 18:13:06,793][flwr][INFO] - fit progress: (8, 4.363892405992374, {'accuracy': 0.9827}, 15.702898825984448)
[2024-06-02 18:13:06,794][flwr][DEBUG] - evaluate_round 8: strategy sampled 1 clients (out of 50)
[2024-06-02 18:13:06,956][flwr][DEBUG] - evaluate_round 8 received 1 results and 0 failures
[2024-06-02 18:13:06,957][flwr][DEBUG] - fit_round 9: strategy sampled 10 clients (out of 50)
[2024-06-02 18:13:07,741][flwr][DEBUG] - fit_round 9 received 10 results and 0 failures
[2024-06-02 18:13:08,296][flwr][INFO] - fit progress: (9, 4.205954492237652, {'accuracy': 0.982}, 17.20492616062984)
[2024-06-02 18:13:08,296][flwr][DEBUG] - evaluate_round 9: strategy sampled 1 clients (out of 50)
[2024-06-02 18:13:08,467][flwr][DEBUG] - evaluate_round 9 received 1 results and 0 failures
[2024-06-02 18:13:08,468][flwr][DEBUG] - fit_round 10: strategy sampled 10 clients (out of 50)
[2024-06-02 18:13:09,213][flwr][DEBUG] - fit_round 10 received 10 results and 0 failures
[2024-06-02 18:13:09,761][flwr][INFO] - fit progress: (10, 4.2897160274442285, {'accuracy': 0.982}, 18.670873048715293)
[2024-06-02 18:13:09,762][flwr][DEBUG] - evaluate_round 10: strategy sampled 1 clients (out of 50)
[2024-06-02 18:13:09,919][flwr][DEBUG] - evaluate_round 10 received 1 results and 0 failures
[2024-06-02 18:13:09,919][flwr][DEBUG] - fit_round 11: strategy sampled 10 clients (out of 50)
[2024-06-02 18:13:10,644][flwr][DEBUG] - fit_round 11 received 10 results and 0 failures
[2024-06-02 18:13:11,206][flwr][INFO] - fit progress: (11, 3.773725808656309, {'accuracy': 0.9851}, 20.11558088194579)
[2024-06-02 18:13:11,206][flwr][DEBUG] - evaluate_round 11: strategy sampled 1 clients (out of 50)
[2024-06-02 18:13:11,404][flwr][DEBUG] - evaluate_round 11 received 1 results and 0 failures
[2024-06-02 18:13:11,405][flwr][DEBUG] - fit_round 12: strategy sampled 10 clients (out of 50)
[2024-06-02 18:13:12,147][flwr][DEBUG] - fit_round 12 received 10 results and 0 failures
[2024-06-02 18:13:13,079][flwr][INFO] - fit progress: (12, 3.9040386701235548, {'accuracy': 0.9846}, 21.98838242981583)
[2024-06-02 18:13:13,079][flwr][DEBUG] - evaluate_round 12: strategy sampled 1 clients (out of 50)
[2024-06-02 18:13:13,251][flwr][DEBUG] - evaluate_round 12 received 1 results and 0 failures
[2024-06-02 18:13:13,251][flwr][DEBUG] - fit_round 13: strategy sampled 10 clients (out of 50)
[2024-06-02 18:13:13,975][flwr][DEBUG] - fit_round 13 received 10 results and 0 failures
[2024-06-02 18:13:14,537][flwr][INFO] - fit progress: (13, 4.2039582130964845, {'accuracy': 0.9837}, 23.446195061784238)
[2024-06-02 18:13:14,537][flwr][DEBUG] - evaluate_round 13: strategy sampled 1 clients (out of 50)
[2024-06-02 18:13:14,698][flwr][DEBUG] - evaluate_round 13 received 1 results and 0 failures
[2024-06-02 18:13:14,698][flwr][DEBUG] - fit_round 14: strategy sampled 10 clients (out of 50)
[2024-06-02 18:13:15,542][flwr][DEBUG] - fit_round 14 received 10 results and 0 failures
[2024-06-02 18:13:16,106][flwr][INFO] - fit progress: (14, 3.7944435858516954, {'accuracy': 0.9856}, 25.015584598761052)
[2024-06-02 18:13:16,106][flwr][DEBUG] - evaluate_round 14: strategy sampled 1 clients (out of 50)
[2024-06-02 18:13:16,276][flwr][DEBUG] - evaluate_round 14 received 1 results and 0 failures
[2024-06-02 18:13:16,277][flwr][DEBUG] - fit_round 15: strategy sampled 10 clients (out of 50)
[2024-06-02 18:13:17,113][flwr][DEBUG] - fit_round 15 received 10 results and 0 failures
[2024-06-02 18:13:17,681][flwr][INFO] - fit progress: (15, 3.602376321447082, {'accuracy': 0.985}, 26.590819363016635)
[2024-06-02 18:13:17,682][flwr][DEBUG] - evaluate_round 15: strategy sampled 1 clients (out of 50)
[2024-06-02 18:13:17,847][flwr][DEBUG] - evaluate_round 15 received 1 results and 0 failures
[2024-06-02 18:13:17,847][flwr][DEBUG] - fit_round 16: strategy sampled 10 clients (out of 50)
[2024-06-02 18:13:18,593][flwr][DEBUG] - fit_round 16 received 10 results and 0 failures
[2024-06-02 18:13:19,158][flwr][INFO] - fit progress: (16, 3.0246300126891583, {'accuracy': 0.9876}, 28.06763639859855)
[2024-06-02 18:13:19,158][flwr][DEBUG] - evaluate_round 16: strategy sampled 1 clients (out of 50)
[2024-06-02 18:13:19,303][flwr][DEBUG] - evaluate_round 16 received 1 results and 0 failures
[2024-06-02 18:13:19,304][flwr][DEBUG] - fit_round 17: strategy sampled 10 clients (out of 50)
[2024-06-02 18:13:20,042][flwr][DEBUG] - fit_round 17 received 10 results and 0 failures
[2024-06-02 18:13:20,596][flwr][INFO] - fit progress: (17, 3.5655330336885527, {'accuracy': 0.9876}, 29.505482956767082)
[2024-06-02 18:13:20,596][flwr][DEBUG] - evaluate_round 17: strategy sampled 1 clients (out of 50)
[2024-06-02 18:13:20,760][flwr][DEBUG] - evaluate_round 17 received 1 results and 0 failures
[2024-06-02 18:13:20,761][flwr][DEBUG] - fit_round 18: strategy sampled 10 clients (out of 50)
[2024-06-02 18:13:21,510][flwr][DEBUG] - fit_round 18 received 10 results and 0 failures
[2024-06-02 18:13:22,055][flwr][INFO] - fit progress: (18, 2.965226848900784, {'accuracy': 0.988}, 30.96428685588762)
[2024-06-02 18:13:22,055][flwr][DEBUG] - evaluate_round 18: strategy sampled 1 clients (out of 50)
[2024-06-02 18:13:22,219][flwr][DEBUG] - evaluate_round 18 received 1 results and 0 failures
[2024-06-02 18:13:22,220][flwr][DEBUG] - fit_round 19: strategy sampled 10 clients (out of 50)
[2024-06-02 18:13:22,994][flwr][DEBUG] - fit_round 19 received 10 results and 0 failures
[2024-06-02 18:13:23,546][flwr][INFO] - fit progress: (19, 3.141124719317304, {'accuracy': 0.9868}, 32.455326018854976)
[2024-06-02 18:13:23,546][flwr][DEBUG] - evaluate_round 19: strategy sampled 1 clients (out of 50)
[2024-06-02 18:13:23,724][flwr][DEBUG] - evaluate_round 19 received 1 results and 0 failures
[2024-06-02 18:13:23,724][flwr][DEBUG] - fit_round 20: strategy sampled 10 clients (out of 50)
[2024-06-02 18:13:24,490][flwr][DEBUG] - fit_round 20 received 10 results and 0 failures
[2024-06-02 18:13:25,053][flwr][INFO] - fit progress: (20, 2.6244344190490665, {'accuracy': 0.9897}, 33.96225437289104)
[2024-06-02 18:13:25,053][flwr][DEBUG] - evaluate_round 20: strategy sampled 1 clients (out of 50)
[2024-06-02 18:13:25,203][flwr][DEBUG] - evaluate_round 20 received 1 results and 0 failures
[2024-06-02 18:13:25,203][flwr][DEBUG] - fit_round 21: strategy sampled 10 clients (out of 50)
[2024-06-02 18:13:25,942][flwr][DEBUG] - fit_round 21 received 10 results and 0 failures
[2024-06-02 18:13:26,499][flwr][INFO] - fit progress: (21, 2.7039390051650116, {'accuracy': 0.9894}, 35.40865802066401)
[2024-06-02 18:13:26,499][flwr][DEBUG] - evaluate_round 21: strategy sampled 1 clients (out of 50)
[2024-06-02 18:13:26,664][flwr][DEBUG] - evaluate_round 21 received 1 results and 0 failures
[2024-06-02 18:13:26,665][flwr][DEBUG] - fit_round 22: strategy sampled 10 clients (out of 50)
[2024-06-02 18:13:27,450][flwr][DEBUG] - fit_round 22 received 10 results and 0 failures
[2024-06-02 18:13:28,006][flwr][INFO] - fit progress: (22, 3.1587757547968067, {'accuracy': 0.9877}, 36.91561527783051)
[2024-06-02 18:13:28,006][flwr][DEBUG] - evaluate_round 22: strategy sampled 1 clients (out of 50)
[2024-06-02 18:13:28,184][flwr][DEBUG] - evaluate_round 22 received 1 results and 0 failures
[2024-06-02 18:13:28,184][flwr][DEBUG] - fit_round 23: strategy sampled 10 clients (out of 50)
[2024-06-02 18:13:28,923][flwr][DEBUG] - fit_round 23 received 10 results and 0 failures
[2024-06-02 18:13:29,476][flwr][INFO] - fit progress: (23, 2.731119033349387, {'accuracy': 0.9886}, 38.38506624568254)
[2024-06-02 18:13:29,476][flwr][DEBUG] - evaluate_round 23: strategy sampled 1 clients (out of 50)
[2024-06-02 18:13:29,618][flwr][DEBUG] - evaluate_round 23 received 1 results and 0 failures
[2024-06-02 18:13:29,618][flwr][DEBUG] - fit_round 24: strategy sampled 10 clients (out of 50)
[2024-06-02 18:13:30,361][flwr][DEBUG] - fit_round 24 received 10 results and 0 failures
[2024-06-02 18:13:30,920][flwr][INFO] - fit progress: (24, 2.9125421091739554, {'accuracy': 0.9891}, 39.82966344570741)
[2024-06-02 18:13:30,920][flwr][DEBUG] - evaluate_round 24: strategy sampled 1 clients (out of 50)
[2024-06-02 18:13:31,087][flwr][DEBUG] - evaluate_round 24 received 1 results and 0 failures
[2024-06-02 18:13:31,088][flwr][DEBUG] - fit_round 25: strategy sampled 10 clients (out of 50)
[2024-06-02 18:13:31,848][flwr][DEBUG] - fit_round 25 received 10 results and 0 failures
[2024-06-02 18:13:32,408][flwr][INFO] - fit progress: (25, 3.0694647817435907, {'accuracy': 0.9875}, 41.31772800302133)
[2024-06-02 18:13:32,408][flwr][DEBUG] - evaluate_round 25: strategy sampled 1 clients (out of 50)
[2024-06-02 18:13:32,559][flwr][DEBUG] - evaluate_round 25 received 1 results and 0 failures
[2024-06-02 18:13:32,559][flwr][DEBUG] - fit_round 26: strategy sampled 10 clients (out of 50)
[2024-06-02 18:13:33,335][flwr][DEBUG] - fit_round 26 received 10 results and 0 failures
[2024-06-02 18:13:33,888][flwr][INFO] - fit progress: (26, 2.5808329779538326, {'accuracy': 0.9891}, 42.79775426257402)
[2024-06-02 18:13:33,888][flwr][DEBUG] - evaluate_round 26: strategy sampled 1 clients (out of 50)
[2024-06-02 18:13:34,064][flwr][DEBUG] - evaluate_round 26 received 1 results and 0 failures
[2024-06-02 18:13:34,064][flwr][DEBUG] - fit_round 27: strategy sampled 10 clients (out of 50)
[2024-06-02 18:13:34,829][flwr][DEBUG] - fit_round 27 received 10 results and 0 failures
[2024-06-02 18:13:35,390][flwr][INFO] - fit progress: (27, 3.019636883469502, {'accuracy': 0.9876}, 44.29958893591538)
[2024-06-02 18:13:35,390][flwr][DEBUG] - evaluate_round 27: strategy sampled 1 clients (out of 50)
[2024-06-02 18:13:35,540][flwr][DEBUG] - evaluate_round 27 received 1 results and 0 failures
[2024-06-02 18:13:35,540][flwr][DEBUG] - fit_round 28: strategy sampled 10 clients (out of 50)
[2024-06-02 18:13:36,286][flwr][DEBUG] - fit_round 28 received 10 results and 0 failures
[2024-06-02 18:13:36,845][flwr][INFO] - fit progress: (28, 2.580133725423366, {'accuracy': 0.9892}, 45.75463239569217)
[2024-06-02 18:13:36,845][flwr][DEBUG] - evaluate_round 28: strategy sampled 1 clients (out of 50)
[2024-06-02 18:13:37,018][flwr][DEBUG] - evaluate_round 28 received 1 results and 0 failures
[2024-06-02 18:13:37,019][flwr][DEBUG] - fit_round 29: strategy sampled 10 clients (out of 50)
[2024-06-02 18:13:37,803][flwr][DEBUG] - fit_round 29 received 10 results and 0 failures
[2024-06-02 18:13:38,353][flwr][INFO] - fit progress: (29, 2.771328844479285, {'accuracy': 0.9886}, 47.26269052783027)
[2024-06-02 18:13:38,353][flwr][DEBUG] - evaluate_round 29: strategy sampled 1 clients (out of 50)
[2024-06-02 18:13:38,532][flwr][DEBUG] - evaluate_round 29 received 1 results and 0 failures
[2024-06-02 18:13:38,532][flwr][DEBUG] - fit_round 30: strategy sampled 10 clients (out of 50)
[2024-06-02 18:13:39,277][flwr][DEBUG] - fit_round 30 received 10 results and 0 failures
[2024-06-02 18:13:39,832][flwr][INFO] - fit progress: (30, 2.8048334630730096, {'accuracy': 0.989}, 48.741560669615865)
[2024-06-02 18:13:39,832][flwr][DEBUG] - evaluate_round 30: strategy sampled 1 clients (out of 50)
[2024-06-02 18:13:39,995][flwr][DEBUG] - evaluate_round 30 received 1 results and 0 failures
[2024-06-02 18:13:39,995][flwr][DEBUG] - fit_round 31: strategy sampled 10 clients (out of 50)
[2024-06-02 18:13:40,735][flwr][DEBUG] - fit_round 31 received 10 results and 0 failures
[2024-06-02 18:13:41,292][flwr][INFO] - fit progress: (31, 2.772469326700957, {'accuracy': 0.9886}, 50.20186516875401)
[2024-06-02 18:13:41,293][flwr][DEBUG] - evaluate_round 31: strategy sampled 1 clients (out of 50)
[2024-06-02 18:13:41,453][flwr][DEBUG] - evaluate_round 31 received 1 results and 0 failures
[2024-06-02 18:13:41,453][flwr][DEBUG] - fit_round 32: strategy sampled 10 clients (out of 50)
[2024-06-02 18:13:42,196][flwr][DEBUG] - fit_round 32 received 10 results and 0 failures
[2024-06-02 18:13:42,773][flwr][INFO] - fit progress: (32, 2.758759530785028, {'accuracy': 0.9893}, 51.68259567162022)
[2024-06-02 18:13:42,773][flwr][DEBUG] - evaluate_round 32: strategy sampled 1 clients (out of 50)
[2024-06-02 18:13:42,946][flwr][DEBUG] - evaluate_round 32 received 1 results and 0 failures
[2024-06-02 18:13:42,946][flwr][DEBUG] - fit_round 33: strategy sampled 10 clients (out of 50)
[2024-06-02 18:13:43,680][flwr][DEBUG] - fit_round 33 received 10 results and 0 failures
[2024-06-02 18:13:44,238][flwr][INFO] - fit progress: (33, 2.60060041223187, {'accuracy': 0.9904}, 53.14772585686296)
[2024-06-02 18:13:44,238][flwr][DEBUG] - evaluate_round 33: strategy sampled 1 clients (out of 50)
[2024-06-02 18:13:44,454][flwr][DEBUG] - evaluate_round 33 received 1 results and 0 failures
[2024-06-02 18:13:44,454][flwr][DEBUG] - fit_round 34: strategy sampled 10 clients (out of 50)
[2024-06-02 18:13:45,198][flwr][DEBUG] - fit_round 34 received 10 results and 0 failures
[2024-06-02 18:13:45,747][flwr][INFO] - fit progress: (34, 2.8493691060866695, {'accuracy': 0.9878}, 54.65637757163495)
[2024-06-02 18:13:45,747][flwr][DEBUG] - evaluate_round 34: strategy sampled 1 clients (out of 50)
[2024-06-02 18:13:45,927][flwr][DEBUG] - evaluate_round 34 received 1 results and 0 failures
[2024-06-02 18:13:45,927][flwr][DEBUG] - fit_round 35: strategy sampled 10 clients (out of 50)
[2024-06-02 18:13:46,664][flwr][DEBUG] - fit_round 35 received 10 results and 0 failures
[2024-06-02 18:13:47,226][flwr][INFO] - fit progress: (35, 2.658240599135752, {'accuracy': 0.9886}, 56.13569416757673)
[2024-06-02 18:13:47,226][flwr][DEBUG] - evaluate_round 35: strategy sampled 1 clients (out of 50)
[2024-06-02 18:13:47,399][flwr][DEBUG] - evaluate_round 35 received 1 results and 0 failures
[2024-06-02 18:13:47,400][flwr][DEBUG] - fit_round 36: strategy sampled 10 clients (out of 50)
[2024-06-02 18:13:48,143][flwr][DEBUG] - fit_round 36 received 10 results and 0 failures
[2024-06-02 18:13:48,692][flwr][INFO] - fit progress: (36, 2.507779992702126, {'accuracy': 0.9896}, 57.601642241701484)
[2024-06-02 18:13:48,692][flwr][DEBUG] - evaluate_round 36: strategy sampled 1 clients (out of 50)
[2024-06-02 18:13:48,832][flwr][DEBUG] - evaluate_round 36 received 1 results and 0 failures
[2024-06-02 18:13:48,832][flwr][DEBUG] - fit_round 37: strategy sampled 10 clients (out of 50)
[2024-06-02 18:13:49,591][flwr][DEBUG] - fit_round 37 received 10 results and 0 failures
[2024-06-02 18:13:50,162][flwr][INFO] - fit progress: (37, 2.6294229874038137, {'accuracy': 0.9905}, 59.07099204789847)
[2024-06-02 18:13:50,162][flwr][DEBUG] - evaluate_round 37: strategy sampled 1 clients (out of 50)
[2024-06-02 18:13:50,347][flwr][DEBUG] - evaluate_round 37 received 1 results and 0 failures
[2024-06-02 18:13:50,347][flwr][DEBUG] - fit_round 38: strategy sampled 10 clients (out of 50)
[2024-06-02 18:13:51,072][flwr][DEBUG] - fit_round 38 received 10 results and 0 failures
[2024-06-02 18:13:51,626][flwr][INFO] - fit progress: (38, 2.434122844861122, {'accuracy': 0.9902}, 60.53565342258662)
[2024-06-02 18:13:51,626][flwr][DEBUG] - evaluate_round 38: strategy sampled 1 clients (out of 50)
[2024-06-02 18:13:51,793][flwr][DEBUG] - evaluate_round 38 received 1 results and 0 failures
[2024-06-02 18:13:51,793][flwr][DEBUG] - fit_round 39: strategy sampled 10 clients (out of 50)
[2024-06-02 18:13:52,579][flwr][DEBUG] - fit_round 39 received 10 results and 0 failures
[2024-06-02 18:13:53,129][flwr][INFO] - fit progress: (39, 2.8043141396919964, {'accuracy': 0.9889}, 62.03872694494203)
[2024-06-02 18:13:53,129][flwr][DEBUG] - evaluate_round 39: strategy sampled 1 clients (out of 50)
[2024-06-02 18:13:53,293][flwr][DEBUG] - evaluate_round 39 received 1 results and 0 failures
[2024-06-02 18:13:53,293][flwr][DEBUG] - fit_round 40: strategy sampled 10 clients (out of 50)
[2024-06-02 18:13:54,040][flwr][DEBUG] - fit_round 40 received 10 results and 0 failures
[2024-06-02 18:13:54,603][flwr][INFO] - fit progress: (40, 2.7487661729901447, {'accuracy': 0.9893}, 63.51225695665926)
[2024-06-02 18:13:54,603][flwr][DEBUG] - evaluate_round 40: strategy sampled 1 clients (out of 50)
[2024-06-02 18:13:54,768][flwr][DEBUG] - evaluate_round 40 received 1 results and 0 failures
[2024-06-02 18:13:54,769][flwr][DEBUG] - fit_round 41: strategy sampled 10 clients (out of 50)
[2024-06-02 18:13:55,514][flwr][DEBUG] - fit_round 41 received 10 results and 0 failures
[2024-06-02 18:13:56,476][flwr][INFO] - fit progress: (41, 2.815907472955587, {'accuracy': 0.9896}, 65.38505067303777)
[2024-06-02 18:13:56,476][flwr][DEBUG] - evaluate_round 41: strategy sampled 1 clients (out of 50)
[2024-06-02 18:13:56,616][flwr][DEBUG] - evaluate_round 41 received 1 results and 0 failures
[2024-06-02 18:13:56,617][flwr][DEBUG] - fit_round 42: strategy sampled 10 clients (out of 50)
[2024-06-02 18:13:57,377][flwr][DEBUG] - fit_round 42 received 10 results and 0 failures
[2024-06-02 18:13:58,322][flwr][INFO] - fit progress: (42, 2.62423921948357, {'accuracy': 0.9896}, 67.23118783580139)
[2024-06-02 18:13:58,322][flwr][DEBUG] - evaluate_round 42: strategy sampled 1 clients (out of 50)
[2024-06-02 18:13:58,470][flwr][DEBUG] - evaluate_round 42 received 1 results and 0 failures
[2024-06-02 18:13:58,470][flwr][DEBUG] - fit_round 43: strategy sampled 10 clients (out of 50)
[2024-06-02 18:13:59,236][flwr][DEBUG] - fit_round 43 received 10 results and 0 failures
[2024-06-02 18:13:59,788][flwr][INFO] - fit progress: (43, 2.8026737737163785, {'accuracy': 0.9895}, 68.69737583491951)
[2024-06-02 18:13:59,788][flwr][DEBUG] - evaluate_round 43: strategy sampled 1 clients (out of 50)
[2024-06-02 18:13:59,957][flwr][DEBUG] - evaluate_round 43 received 1 results and 0 failures
[2024-06-02 18:13:59,958][flwr][DEBUG] - fit_round 44: strategy sampled 10 clients (out of 50)
[2024-06-02 18:14:00,756][flwr][DEBUG] - fit_round 44 received 10 results and 0 failures
[2024-06-02 18:14:01,310][flwr][INFO] - fit progress: (44, 2.4608227771968814, {'accuracy': 0.9907}, 70.21925981063396)
[2024-06-02 18:14:01,310][flwr][DEBUG] - evaluate_round 44: strategy sampled 1 clients (out of 50)
[2024-06-02 18:14:01,450][flwr][DEBUG] - evaluate_round 44 received 1 results and 0 failures
[2024-06-02 18:14:01,450][flwr][DEBUG] - fit_round 45: strategy sampled 10 clients (out of 50)
[2024-06-02 18:14:02,207][flwr][DEBUG] - fit_round 45 received 10 results and 0 failures
[2024-06-02 18:14:03,146][flwr][INFO] - fit progress: (45, 2.9695813763355545, {'accuracy': 0.9886}, 72.05524660972878)
[2024-06-02 18:14:03,146][flwr][DEBUG] - evaluate_round 45: strategy sampled 1 clients (out of 50)
[2024-06-02 18:14:03,315][flwr][DEBUG] - evaluate_round 45 received 1 results and 0 failures
[2024-06-02 18:14:03,315][flwr][DEBUG] - fit_round 46: strategy sampled 10 clients (out of 50)
[2024-06-02 18:14:04,097][flwr][DEBUG] - fit_round 46 received 10 results and 0 failures
[2024-06-02 18:14:04,657][flwr][INFO] - fit progress: (46, 2.649216599893407, {'accuracy': 0.9898}, 73.56688748579472)
[2024-06-02 18:14:04,658][flwr][DEBUG] - evaluate_round 46: strategy sampled 1 clients (out of 50)
[2024-06-02 18:14:04,823][flwr][DEBUG] - evaluate_round 46 received 1 results and 0 failures
[2024-06-02 18:14:04,824][flwr][DEBUG] - fit_round 47: strategy sampled 10 clients (out of 50)
[2024-06-02 18:14:05,556][flwr][DEBUG] - fit_round 47 received 10 results and 0 failures
[2024-06-02 18:14:06,115][flwr][INFO] - fit progress: (47, 2.4855030451581115, {'accuracy': 0.9902}, 75.02419084077701)
[2024-06-02 18:14:06,115][flwr][DEBUG] - evaluate_round 47: strategy sampled 1 clients (out of 50)
[2024-06-02 18:14:06,285][flwr][DEBUG] - evaluate_round 47 received 1 results and 0 failures
[2024-06-02 18:14:06,286][flwr][DEBUG] - fit_round 48: strategy sampled 10 clients (out of 50)
[2024-06-02 18:14:07,060][flwr][DEBUG] - fit_round 48 received 10 results and 0 failures
[2024-06-02 18:14:07,626][flwr][INFO] - fit progress: (48, 2.7177128440744127, {'accuracy': 0.9895}, 76.53585541760549)
[2024-06-02 18:14:07,627][flwr][DEBUG] - evaluate_round 48: strategy sampled 1 clients (out of 50)
[2024-06-02 18:14:07,796][flwr][DEBUG] - evaluate_round 48 received 1 results and 0 failures
[2024-06-02 18:14:07,796][flwr][DEBUG] - fit_round 49: strategy sampled 10 clients (out of 50)
[2024-06-02 18:14:08,700][flwr][DEBUG] - fit_round 49 received 10 results and 0 failures
[2024-06-02 18:14:09,261][flwr][INFO] - fit progress: (49, 2.390383904277769, {'accuracy': 0.9905}, 78.17040222790092)
[2024-06-02 18:14:09,261][flwr][DEBUG] - evaluate_round 49: strategy sampled 1 clients (out of 50)
[2024-06-02 18:14:09,424][flwr][DEBUG] - evaluate_round 49 received 1 results and 0 failures
[2024-06-02 18:14:09,424][flwr][DEBUG] - fit_round 50: strategy sampled 10 clients (out of 50)
[2024-06-02 18:14:10,163][flwr][DEBUG] - fit_round 50 received 10 results and 0 failures
[2024-06-02 18:14:10,707][flwr][INFO] - fit progress: (50, 2.9278079061323297, {'accuracy': 0.9899}, 79.61677782190964)
[2024-06-02 18:14:10,707][flwr][DEBUG] - evaluate_round 50: strategy sampled 1 clients (out of 50)
[2024-06-02 18:14:10,871][flwr][DEBUG] - evaluate_round 50 received 1 results and 0 failures
[2024-06-02 18:14:10,872][flwr][DEBUG] - fit_round 51: strategy sampled 10 clients (out of 50)
[2024-06-02 18:14:11,590][flwr][DEBUG] - fit_round 51 received 10 results and 0 failures
[2024-06-02 18:14:12,143][flwr][INFO] - fit progress: (51, 2.6189640890970622, {'accuracy': 0.9911}, 81.05265465984121)
[2024-06-02 18:14:12,143][flwr][DEBUG] - evaluate_round 51: strategy sampled 1 clients (out of 50)
[2024-06-02 18:14:12,307][flwr][DEBUG] - evaluate_round 51 received 1 results and 0 failures
[2024-06-02 18:14:12,307][flwr][DEBUG] - fit_round 52: strategy sampled 10 clients (out of 50)
[2024-06-02 18:14:13,051][flwr][DEBUG] - fit_round 52 received 10 results and 0 failures
[2024-06-02 18:14:13,615][flwr][INFO] - fit progress: (52, 2.822105241261852, {'accuracy': 0.9901}, 82.5248099276796)
[2024-06-02 18:14:13,616][flwr][DEBUG] - evaluate_round 52: strategy sampled 1 clients (out of 50)
[2024-06-02 18:14:13,777][flwr][DEBUG] - evaluate_round 52 received 1 results and 0 failures
[2024-06-02 18:14:13,777][flwr][DEBUG] - fit_round 53: strategy sampled 10 clients (out of 50)
[2024-06-02 18:14:14,550][flwr][DEBUG] - fit_round 53 received 10 results and 0 failures
[2024-06-02 18:14:15,109][flwr][INFO] - fit progress: (53, 2.6461326314783946, {'accuracy': 0.9903}, 84.01826279982924)
[2024-06-02 18:14:15,109][flwr][DEBUG] - evaluate_round 53: strategy sampled 1 clients (out of 50)
[2024-06-02 18:14:15,275][flwr][DEBUG] - evaluate_round 53 received 1 results and 0 failures
[2024-06-02 18:14:15,275][flwr][DEBUG] - fit_round 54: strategy sampled 10 clients (out of 50)
[2024-06-02 18:14:16,038][flwr][DEBUG] - fit_round 54 received 10 results and 0 failures
[2024-06-02 18:14:16,612][flwr][INFO] - fit progress: (54, 2.6666527901942345, {'accuracy': 0.9908}, 85.52131592668593)
[2024-06-02 18:14:16,612][flwr][DEBUG] - evaluate_round 54: strategy sampled 1 clients (out of 50)
