[2024-05-12 15:07:24,269][flwr][INFO] - Starting Flower simulation, config: ServerConfig(num_rounds=100, round_timeout=None)
[2024-05-12 15:07:26,561][flwr][INFO] - Flower VCE: Ray initialized with resources: {'node:__internal_head__': 1.0, 'GPU': 4.0, 'accelerator_type:G': 1.0, 'memory': 36395822286.0, 'node:172.17.34.49': 1.0, 'object_store_memory': 18197911142.0, 'CPU': 20.0}
[2024-05-12 15:07:26,562][flwr][INFO] - Initializing global parameters
[2024-05-12 15:07:26,562][flwr][INFO] - Requesting initial parameters from one random client
[2024-05-12 15:07:29,148][flwr][INFO] - Received initial parameters from one random client
[2024-05-12 15:07:29,148][flwr][INFO] - Evaluating initial parameters
[2024-05-12 15:07:32,540][flwr][INFO] - initial parameters (loss, other metrics): 192.7770335674286, {'accuracy': 0.0995}
[2024-05-12 15:07:32,540][flwr][INFO] - FL starting
[2024-05-12 15:07:32,540][flwr][DEBUG] - fit_round 1: strategy sampled 10 clients (out of 50)
[2024-05-12 15:08:23,211][flwr][DEBUG] - fit_round 1 received 10 results and 0 failures
[2024-05-12 15:08:25,797][flwr][WARNING] - No fit_metrics_aggregation_fn provided
[2024-05-12 15:08:27,725][flwr][INFO] - fit progress: (1, 142.81523430347443, {'accuracy': 0.6098}, 55.18516609817743)
[2024-05-12 15:08:27,725][flwr][DEBUG] - evaluate_round 1: strategy sampled 1 clients (out of 50)
[2024-05-12 15:08:31,670][flwr][DEBUG] - evaluate_round 1 received 1 results and 0 failures
[2024-05-12 15:08:31,670][flwr][WARNING] - No evaluate_metrics_aggregation_fn provided
[2024-05-12 15:08:31,670][flwr][DEBUG] - fit_round 2: strategy sampled 10 clients (out of 50)
[2024-05-12 15:09:21,867][flwr][DEBUG] - fit_round 2 received 10 results and 0 failures
[2024-05-12 15:09:26,409][flwr][INFO] - fit progress: (2, 118.03969648480415, {'accuracy': 0.691}, 113.86871805787086)
[2024-05-12 15:09:26,409][flwr][DEBUG] - evaluate_round 2: strategy sampled 1 clients (out of 50)
[2024-05-12 15:09:30,354][flwr][DEBUG] - evaluate_round 2 received 1 results and 0 failures
[2024-05-12 15:09:30,355][flwr][DEBUG] - fit_round 3: strategy sampled 10 clients (out of 50)
[2024-05-12 15:10:21,210][flwr][DEBUG] - fit_round 3 received 10 results and 0 failures
[2024-05-12 15:10:25,714][flwr][INFO] - fit progress: (3, 92.16639894247055, {'accuracy': 0.7046}, 173.17379901185632)
[2024-05-12 15:10:25,714][flwr][DEBUG] - evaluate_round 3: strategy sampled 1 clients (out of 50)
[2024-05-12 15:10:29,682][flwr][DEBUG] - evaluate_round 3 received 1 results and 0 failures
[2024-05-12 15:10:29,682][flwr][DEBUG] - fit_round 4: strategy sampled 10 clients (out of 50)
[2024-05-12 15:11:20,684][flwr][DEBUG] - fit_round 4 received 10 results and 0 failures
[2024-05-12 15:11:29,386][flwr][INFO] - fit progress: (4, 87.40204945206642, {'accuracy': 0.7705}, 236.84569629654288)
[2024-05-12 15:11:29,386][flwr][DEBUG] - evaluate_round 4: strategy sampled 1 clients (out of 50)
[2024-05-12 15:11:33,326][flwr][DEBUG] - evaluate_round 4 received 1 results and 0 failures
[2024-05-12 15:11:33,326][flwr][DEBUG] - fit_round 5: strategy sampled 10 clients (out of 50)
[2024-05-12 15:12:24,217][flwr][DEBUG] - fit_round 5 received 10 results and 0 failures
[2024-05-12 15:12:33,040][flwr][INFO] - fit progress: (5, 98.57271838188171, {'accuracy': 0.6657}, 300.4995945766568)
[2024-05-12 15:12:33,040][flwr][DEBUG] - evaluate_round 5: strategy sampled 1 clients (out of 50)
[2024-05-12 15:12:36,985][flwr][DEBUG] - evaluate_round 5 received 1 results and 0 failures
[2024-05-12 15:12:36,985][flwr][DEBUG] - fit_round 6: strategy sampled 10 clients (out of 50)
[2024-05-12 15:13:27,956][flwr][DEBUG] - fit_round 6 received 10 results and 0 failures
[2024-05-12 15:13:36,662][flwr][INFO] - fit progress: (6, 103.00537467002869, {'accuracy': 0.6866}, 364.1219892986119)
[2024-05-12 15:13:36,662][flwr][DEBUG] - evaluate_round 6: strategy sampled 1 clients (out of 50)
[2024-05-12 15:13:40,623][flwr][DEBUG] - evaluate_round 6 received 1 results and 0 failures
[2024-05-12 15:13:40,623][flwr][DEBUG] - fit_round 7: strategy sampled 10 clients (out of 50)
