[2024-06-02 13:08:56,612][flwr][INFO] - Starting Flower simulation, config: ServerConfig(num_rounds=100, round_timeout=None)
[2024-06-02 13:08:58,677][flwr][INFO] - Flower VCE: Ray initialized with resources: {'object_store_memory': 39928721817.0, 'GPU': 2.0, 'memory': 83167017575.0, 'node:172.17.34.3': 1.0, 'accelerator_type:G': 1.0, 'CPU': 24.0}
[2024-06-02 13:08:58,678][flwr][INFO] - Initializing global parameters
[2024-06-02 13:08:58,678][flwr][INFO] - Requesting initial parameters from one random client
[2024-06-02 13:08:59,808][flwr][INFO] - Received initial parameters from one random client
[2024-06-02 13:08:59,808][flwr][INFO] - Evaluating initial parameters
[2024-06-02 13:09:01,780][flwr][INFO] - initial parameters (loss, other metrics): 179.7719326019287, {'accuracy': 0.1142}
[2024-06-02 13:09:01,780][flwr][INFO] - FL starting
[2024-06-02 13:09:01,780][flwr][DEBUG] - fit_round 1: strategy sampled 10 clients (out of 50)
[2024-06-02 13:09:06,646][flwr][DEBUG] - fit_round 1 received 10 results and 0 failures
[2024-06-02 13:09:06,661][flwr][WARNING] - No fit_metrics_aggregation_fn provided
[2024-06-02 13:09:06,995][flwr][INFO] - fit progress: (1, 13025.479187011719, {'accuracy': 0.089}, 5.214957121293992)
[2024-06-02 13:09:06,995][flwr][DEBUG] - evaluate_round 1: strategy sampled 1 clients (out of 50)
[2024-06-02 13:09:07,163][flwr][DEBUG] - evaluate_round 1 received 1 results and 0 failures
[2024-06-02 13:09:07,163][flwr][WARNING] - No evaluate_metrics_aggregation_fn provided
[2024-06-02 13:09:07,163][flwr][DEBUG] - fit_round 2: strategy sampled 10 clients (out of 50)
[2024-06-02 13:09:07,925][flwr][DEBUG] - fit_round 2 received 10 results and 0 failures
[2024-06-02 13:09:08,283][flwr][INFO] - fit progress: (2, 104.51825785636902, {'accuracy': 0.638}, 6.502584700938314)
[2024-06-02 13:09:08,283][flwr][DEBUG] - evaluate_round 2: strategy sampled 1 clients (out of 50)
[2024-06-02 13:09:08,453][flwr][DEBUG] - evaluate_round 2 received 1 results and 0 failures
[2024-06-02 13:09:08,453][flwr][DEBUG] - fit_round 3: strategy sampled 10 clients (out of 50)
[2024-06-02 13:09:09,194][flwr][DEBUG] - fit_round 3 received 10 results and 0 failures
[2024-06-02 13:09:09,542][flwr][INFO] - fit progress: (3, 45.02470377087593, {'accuracy': 0.8081}, 7.76202645804733)
[2024-06-02 13:09:09,542][flwr][DEBUG] - evaluate_round 3: strategy sampled 1 clients (out of 50)
[2024-06-02 13:09:09,719][flwr][DEBUG] - evaluate_round 3 received 1 results and 0 failures
[2024-06-02 13:09:09,719][flwr][DEBUG] - fit_round 4: strategy sampled 10 clients (out of 50)
[2024-06-02 13:09:10,495][flwr][DEBUG] - fit_round 4 received 10 results and 0 failures
[2024-06-02 13:09:11,454][flwr][INFO] - fit progress: (4, 18.27327585220337, {'accuracy': 0.9192}, 9.673892652150244)
[2024-06-02 13:09:11,454][flwr][DEBUG] - evaluate_round 4: strategy sampled 1 clients (out of 50)
[2024-06-02 13:09:11,683][flwr][DEBUG] - evaluate_round 4 received 1 results and 0 failures
[2024-06-02 13:09:11,683][flwr][DEBUG] - fit_round 5: strategy sampled 10 clients (out of 50)
[2024-06-02 13:09:12,425][flwr][DEBUG] - fit_round 5 received 10 results and 0 failures
[2024-06-02 13:09:12,991][flwr][INFO] - fit progress: (5, 136.73932498693466, {'accuracy': 0.6724}, 11.210555321071297)
[2024-06-02 13:09:12,991][flwr][DEBUG] - evaluate_round 5: strategy sampled 1 clients (out of 50)
[2024-06-02 13:09:13,161][flwr][DEBUG] - evaluate_round 5 received 1 results and 0 failures
[2024-06-02 13:09:13,161][flwr][DEBUG] - fit_round 6: strategy sampled 10 clients (out of 50)
[2024-06-02 13:09:13,899][flwr][DEBUG] - fit_round 6 received 10 results and 0 failures
[2024-06-02 13:09:14,900][flwr][INFO] - fit progress: (6, 5238.854709625244, {'accuracy': 0.0973}, 13.119894185103476)
[2024-06-02 13:09:14,900][flwr][DEBUG] - evaluate_round 6: strategy sampled 1 clients (out of 50)
[2024-06-02 13:09:15,053][flwr][DEBUG] - evaluate_round 6 received 1 results and 0 failures
[2024-06-02 13:09:15,054][flwr][DEBUG] - fit_round 7: strategy sampled 10 clients (out of 50)
[2024-06-02 13:09:15,792][flwr][DEBUG] - fit_round 7 received 10 results and 0 failures
[2024-06-02 13:09:16,357][flwr][INFO] - fit progress: (7, 18.433841459453106, {'accuracy': 0.9269}, 14.576471823267639)
[2024-06-02 13:09:16,357][flwr][DEBUG] - evaluate_round 7: strategy sampled 1 clients (out of 50)
[2024-06-02 13:09:16,503][flwr][DEBUG] - evaluate_round 7 received 1 results and 0 failures
[2024-06-02 13:09:16,504][flwr][DEBUG] - fit_round 8: strategy sampled 10 clients (out of 50)
[2024-06-02 13:09:17,291][flwr][DEBUG] - fit_round 8 received 10 results and 0 failures
[2024-06-02 13:09:17,851][flwr][INFO] - fit progress: (8, 52.75702020525932, {'accuracy': 0.8679}, 16.071161195170134)
[2024-06-02 13:09:17,851][flwr][DEBUG] - evaluate_round 8: strategy sampled 1 clients (out of 50)
[2024-06-02 13:09:17,992][flwr][DEBUG] - evaluate_round 8 received 1 results and 0 failures
[2024-06-02 13:09:17,992][flwr][DEBUG] - fit_round 9: strategy sampled 10 clients (out of 50)
[2024-06-02 13:09:18,770][flwr][DEBUG] - fit_round 9 received 10 results and 0 failures
[2024-06-02 13:09:19,334][flwr][INFO] - fit progress: (9, 10.514220133423805, {'accuracy': 0.9601}, 17.554102565161884)
[2024-06-02 13:09:19,334][flwr][DEBUG] - evaluate_round 9: strategy sampled 1 clients (out of 50)
[2024-06-02 13:09:19,486][flwr][DEBUG] - evaluate_round 9 received 1 results and 0 failures
[2024-06-02 13:09:19,487][flwr][DEBUG] - fit_round 10: strategy sampled 10 clients (out of 50)
[2024-06-02 13:09:20,259][flwr][DEBUG] - fit_round 10 received 10 results and 0 failures
[2024-06-02 13:09:20,816][flwr][INFO] - fit progress: (10, 19.226357131265104, {'accuracy': 0.927}, 19.035375805106014)
[2024-06-02 13:09:20,816][flwr][DEBUG] - evaluate_round 10: strategy sampled 1 clients (out of 50)
[2024-06-02 13:09:21,068][flwr][DEBUG] - evaluate_round 10 received 1 results and 0 failures
[2024-06-02 13:09:21,068][flwr][DEBUG] - fit_round 11: strategy sampled 10 clients (out of 50)
[2024-06-02 13:09:21,858][flwr][DEBUG] - fit_round 11 received 10 results and 0 failures
[2024-06-02 13:09:22,428][flwr][INFO] - fit progress: (11, 4678.4739418029785, {'accuracy': 0.089}, 20.648138415068388)
[2024-06-02 13:09:22,428][flwr][DEBUG] - evaluate_round 11: strategy sampled 1 clients (out of 50)
[2024-06-02 13:09:22,595][flwr][DEBUG] - evaluate_round 11 received 1 results and 0 failures
[2024-06-02 13:09:22,595][flwr][DEBUG] - fit_round 12: strategy sampled 10 clients (out of 50)
[2024-06-02 13:09:23,377][flwr][DEBUG] - fit_round 12 received 10 results and 0 failures
[2024-06-02 13:09:24,232][flwr][INFO] - fit progress: (12, 5642.860656738281, {'accuracy': 0.089}, 22.452055125962943)
[2024-06-02 13:09:24,232][flwr][DEBUG] - evaluate_round 12: strategy sampled 1 clients (out of 50)
[2024-06-02 13:09:24,395][flwr][DEBUG] - evaluate_round 12 received 1 results and 0 failures
[2024-06-02 13:09:24,395][flwr][DEBUG] - fit_round 13: strategy sampled 10 clients (out of 50)
[2024-06-02 13:09:25,150][flwr][DEBUG] - fit_round 13 received 10 results and 0 failures
[2024-06-02 13:09:25,708][flwr][INFO] - fit progress: (13, 10479.620643615723, {'accuracy': 0.089}, 23.92768105585128)
[2024-06-02 13:09:25,708][flwr][DEBUG] - evaluate_round 13: strategy sampled 1 clients (out of 50)
[2024-06-02 13:09:25,903][flwr][DEBUG] - evaluate_round 13 received 1 results and 0 failures
[2024-06-02 13:09:25,903][flwr][DEBUG] - fit_round 14: strategy sampled 10 clients (out of 50)
[2024-06-02 13:09:26,701][flwr][DEBUG] - fit_round 14 received 10 results and 0 failures
[2024-06-02 13:09:27,593][flwr][INFO] - fit progress: (14, 20.887726546265185, {'accuracy': 0.9292}, 25.812627382110804)
[2024-06-02 13:09:27,593][flwr][DEBUG] - evaluate_round 14: strategy sampled 1 clients (out of 50)
[2024-06-02 13:09:27,786][flwr][DEBUG] - evaluate_round 14 received 1 results and 0 failures
[2024-06-02 13:09:27,786][flwr][DEBUG] - fit_round 15: strategy sampled 10 clients (out of 50)
[2024-06-02 13:09:28,591][flwr][DEBUG] - fit_round 15 received 10 results and 0 failures
[2024-06-02 13:09:29,145][flwr][INFO] - fit progress: (15, 11.638768538832664, {'accuracy': 0.9573}, 27.364737639203668)
[2024-06-02 13:09:29,145][flwr][DEBUG] - evaluate_round 15: strategy sampled 1 clients (out of 50)
[2024-06-02 13:09:29,342][flwr][DEBUG] - evaluate_round 15 received 1 results and 0 failures
[2024-06-02 13:09:29,342][flwr][DEBUG] - fit_round 16: strategy sampled 10 clients (out of 50)
[2024-06-02 13:09:30,155][flwr][DEBUG] - fit_round 16 received 10 results and 0 failures
[2024-06-02 13:09:30,716][flwr][INFO] - fit progress: (16, 8.32241191342473, {'accuracy': 0.9687}, 28.935734243132174)
[2024-06-02 13:09:30,716][flwr][DEBUG] - evaluate_round 16: strategy sampled 1 clients (out of 50)
[2024-06-02 13:09:30,879][flwr][DEBUG] - evaluate_round 16 received 1 results and 0 failures
[2024-06-02 13:09:30,879][flwr][DEBUG] - fit_round 17: strategy sampled 10 clients (out of 50)
[2024-06-02 13:09:31,678][flwr][DEBUG] - fit_round 17 received 10 results and 0 failures
[2024-06-02 13:09:32,235][flwr][INFO] - fit progress: (17, 8.887796697032172, {'accuracy': 0.9634}, 30.455003243871033)
[2024-06-02 13:09:32,235][flwr][DEBUG] - evaluate_round 17: strategy sampled 1 clients (out of 50)
[2024-06-02 13:09:32,397][flwr][DEBUG] - evaluate_round 17 received 1 results and 0 failures
[2024-06-02 13:09:32,398][flwr][DEBUG] - fit_round 18: strategy sampled 10 clients (out of 50)
[2024-06-02 13:09:33,113][flwr][DEBUG] - fit_round 18 received 10 results and 0 failures
[2024-06-02 13:09:33,670][flwr][INFO] - fit progress: (18, 3279.9464225769043, {'accuracy': 0.0979}, 31.890348257962614)
[2024-06-02 13:09:33,671][flwr][DEBUG] - evaluate_round 18: strategy sampled 1 clients (out of 50)
[2024-06-02 13:09:33,838][flwr][DEBUG] - evaluate_round 18 received 1 results and 0 failures
[2024-06-02 13:09:33,838][flwr][DEBUG] - fit_round 19: strategy sampled 10 clients (out of 50)
[2024-06-02 13:09:34,693][flwr][DEBUG] - fit_round 19 received 10 results and 0 failures
[2024-06-02 13:09:35,649][flwr][INFO] - fit progress: (19, 104.434605111368, {'accuracy': 0.8574}, 33.86903886916116)
[2024-06-02 13:09:35,649][flwr][DEBUG] - evaluate_round 19: strategy sampled 1 clients (out of 50)
[2024-06-02 13:09:35,797][flwr][DEBUG] - evaluate_round 19 received 1 results and 0 failures
[2024-06-02 13:09:35,797][flwr][DEBUG] - fit_round 20: strategy sampled 10 clients (out of 50)
[2024-06-02 13:09:36,515][flwr][DEBUG] - fit_round 20 received 10 results and 0 failures
[2024-06-02 13:09:37,098][flwr][INFO] - fit progress: (20, 7.2782033761614, {'accuracy': 0.9676}, 35.31755222985521)
[2024-06-02 13:09:37,098][flwr][DEBUG] - evaluate_round 20: strategy sampled 1 clients (out of 50)
[2024-06-02 13:09:37,264][flwr][DEBUG] - evaluate_round 20 received 1 results and 0 failures
[2024-06-02 13:09:37,264][flwr][DEBUG] - fit_round 21: strategy sampled 10 clients (out of 50)
[2024-06-02 13:09:38,049][flwr][DEBUG] - fit_round 21 received 10 results and 0 failures
[2024-06-02 13:09:39,015][flwr][INFO] - fit progress: (21, 7.119775958126411, {'accuracy': 0.9735}, 37.234369929879904)
[2024-06-02 13:09:39,015][flwr][DEBUG] - evaluate_round 21: strategy sampled 1 clients (out of 50)
[2024-06-02 13:09:39,180][flwr][DEBUG] - evaluate_round 21 received 1 results and 0 failures
[2024-06-02 13:09:39,180][flwr][DEBUG] - fit_round 22: strategy sampled 10 clients (out of 50)
[2024-06-02 13:09:39,958][flwr][DEBUG] - fit_round 22 received 10 results and 0 failures
[2024-06-02 13:09:40,516][flwr][INFO] - fit progress: (22, 9.42723018862307, {'accuracy': 0.9648}, 38.73634768510237)
[2024-06-02 13:09:40,517][flwr][DEBUG] - evaluate_round 22: strategy sampled 1 clients (out of 50)
[2024-06-02 13:09:40,679][flwr][DEBUG] - evaluate_round 22 received 1 results and 0 failures
[2024-06-02 13:09:40,680][flwr][DEBUG] - fit_round 23: strategy sampled 10 clients (out of 50)
[2024-06-02 13:09:41,448][flwr][DEBUG] - fit_round 23 received 10 results and 0 failures
[2024-06-02 13:09:42,018][flwr][INFO] - fit progress: (23, 6.551504314178601, {'accuracy': 0.972}, 40.23772456822917)
[2024-06-02 13:09:42,018][flwr][DEBUG] - evaluate_round 23: strategy sampled 1 clients (out of 50)
[2024-06-02 13:09:42,172][flwr][DEBUG] - evaluate_round 23 received 1 results and 0 failures
[2024-06-02 13:09:42,172][flwr][DEBUG] - fit_round 24: strategy sampled 10 clients (out of 50)
[2024-06-02 13:09:42,962][flwr][DEBUG] - fit_round 24 received 10 results and 0 failures
[2024-06-02 13:09:43,926][flwr][INFO] - fit progress: (24, 5.914420021697879, {'accuracy': 0.9783}, 42.145515146199614)
[2024-06-02 13:09:43,926][flwr][DEBUG] - evaluate_round 24: strategy sampled 1 clients (out of 50)
[2024-06-02 13:09:44,091][flwr][DEBUG] - evaluate_round 24 received 1 results and 0 failures
[2024-06-02 13:09:44,091][flwr][DEBUG] - fit_round 25: strategy sampled 10 clients (out of 50)
[2024-06-02 13:09:44,844][flwr][DEBUG] - fit_round 25 received 10 results and 0 failures
[2024-06-02 13:09:45,411][flwr][INFO] - fit progress: (25, 6.834638405707665, {'accuracy': 0.9695}, 43.63125398987904)
[2024-06-02 13:09:45,412][flwr][DEBUG] - evaluate_round 25: strategy sampled 1 clients (out of 50)
[2024-06-02 13:09:45,579][flwr][DEBUG] - evaluate_round 25 received 1 results and 0 failures
[2024-06-02 13:09:45,579][flwr][DEBUG] - fit_round 26: strategy sampled 10 clients (out of 50)
[2024-06-02 13:09:46,340][flwr][DEBUG] - fit_round 26 received 10 results and 0 failures
[2024-06-02 13:09:46,895][flwr][INFO] - fit progress: (26, 4.650025305629242, {'accuracy': 0.9818}, 45.1144241578877)
[2024-06-02 13:09:46,895][flwr][DEBUG] - evaluate_round 26: strategy sampled 1 clients (out of 50)
[2024-06-02 13:09:47,043][flwr][DEBUG] - evaluate_round 26 received 1 results and 0 failures
[2024-06-02 13:09:47,043][flwr][DEBUG] - fit_round 27: strategy sampled 10 clients (out of 50)
[2024-06-02 13:09:47,806][flwr][DEBUG] - fit_round 27 received 10 results and 0 failures
[2024-06-02 13:09:48,488][flwr][INFO] - fit progress: (27, 9.065862367860973, {'accuracy': 0.9652}, 46.70741439098492)
[2024-06-02 13:09:48,488][flwr][DEBUG] - evaluate_round 27: strategy sampled 1 clients (out of 50)
[2024-06-02 13:09:48,634][flwr][DEBUG] - evaluate_round 27 received 1 results and 0 failures
[2024-06-02 13:09:48,634][flwr][DEBUG] - fit_round 28: strategy sampled 10 clients (out of 50)
[2024-06-02 13:09:49,365][flwr][DEBUG] - fit_round 28 received 10 results and 0 failures
[2024-06-02 13:09:49,924][flwr][INFO] - fit progress: (28, 5.766708189388737, {'accuracy': 0.9767}, 48.143625964876264)
[2024-06-02 13:09:49,924][flwr][DEBUG] - evaluate_round 28: strategy sampled 1 clients (out of 50)
[2024-06-02 13:09:50,091][flwr][DEBUG] - evaluate_round 28 received 1 results and 0 failures
[2024-06-02 13:09:50,091][flwr][DEBUG] - fit_round 29: strategy sampled 10 clients (out of 50)
[2024-06-02 13:09:50,866][flwr][DEBUG] - fit_round 29 received 10 results and 0 failures
[2024-06-02 13:09:51,420][flwr][INFO] - fit progress: (29, 4.786298612249084, {'accuracy': 0.9802}, 49.64021670818329)
[2024-06-02 13:09:51,420][flwr][DEBUG] - evaluate_round 29: strategy sampled 1 clients (out of 50)
[2024-06-02 13:09:51,558][flwr][DEBUG] - evaluate_round 29 received 1 results and 0 failures
[2024-06-02 13:09:51,558][flwr][DEBUG] - fit_round 30: strategy sampled 10 clients (out of 50)
[2024-06-02 13:09:52,365][flwr][DEBUG] - fit_round 30 received 10 results and 0 failures
[2024-06-02 13:09:52,926][flwr][INFO] - fit progress: (30, 4.602650490036467, {'accuracy': 0.9785}, 51.14558137115091)
[2024-06-02 13:09:52,926][flwr][DEBUG] - evaluate_round 30: strategy sampled 1 clients (out of 50)
[2024-06-02 13:09:53,065][flwr][DEBUG] - evaluate_round 30 received 1 results and 0 failures
[2024-06-02 13:09:53,065][flwr][DEBUG] - fit_round 31: strategy sampled 10 clients (out of 50)
[2024-06-02 13:09:53,852][flwr][DEBUG] - fit_round 31 received 10 results and 0 failures
[2024-06-02 13:09:54,414][flwr][INFO] - fit progress: (31, 8266.100151062012, {'accuracy': 0.089}, 52.63382924115285)
[2024-06-02 13:09:54,414][flwr][DEBUG] - evaluate_round 31: strategy sampled 1 clients (out of 50)
[2024-06-02 13:09:54,588][flwr][DEBUG] - evaluate_round 31 received 1 results and 0 failures
[2024-06-02 13:09:54,588][flwr][DEBUG] - fit_round 32: strategy sampled 10 clients (out of 50)
[2024-06-02 13:09:55,337][flwr][DEBUG] - fit_round 32 received 10 results and 0 failures
[2024-06-02 13:09:55,897][flwr][INFO] - fit progress: (32, 20.63743432444153, {'accuracy': 0.9676}, 54.117072984110564)
[2024-06-02 13:09:55,897][flwr][DEBUG] - evaluate_round 32: strategy sampled 1 clients (out of 50)
[2024-06-02 13:09:56,082][flwr][DEBUG] - evaluate_round 32 received 1 results and 0 failures
[2024-06-02 13:09:56,083][flwr][DEBUG] - fit_round 33: strategy sampled 10 clients (out of 50)
[2024-06-02 13:09:56,912][flwr][DEBUG] - fit_round 33 received 10 results and 0 failures
[2024-06-02 13:09:57,888][flwr][INFO] - fit progress: (33, 5.26387882403651, {'accuracy': 0.9802}, 56.10774105228484)
[2024-06-02 13:09:57,888][flwr][DEBUG] - evaluate_round 33: strategy sampled 1 clients (out of 50)
[2024-06-02 13:09:58,062][flwr][DEBUG] - evaluate_round 33 received 1 results and 0 failures
[2024-06-02 13:09:58,062][flwr][DEBUG] - fit_round 34: strategy sampled 10 clients (out of 50)
[2024-06-02 13:09:58,791][flwr][DEBUG] - fit_round 34 received 10 results and 0 failures
[2024-06-02 13:09:59,348][flwr][INFO] - fit progress: (34, 4.7722201204742305, {'accuracy': 0.9773}, 57.56834388989955)
[2024-06-02 13:09:59,349][flwr][DEBUG] - evaluate_round 34: strategy sampled 1 clients (out of 50)
[2024-06-02 13:09:59,523][flwr][DEBUG] - evaluate_round 34 received 1 results and 0 failures
[2024-06-02 13:09:59,524][flwr][DEBUG] - fit_round 35: strategy sampled 10 clients (out of 50)
[2024-06-02 13:10:00,306][flwr][DEBUG] - fit_round 35 received 10 results and 0 failures
[2024-06-02 13:10:01,286][flwr][INFO] - fit progress: (35, 4.684816261767992, {'accuracy': 0.9795}, 59.50605274224654)
[2024-06-02 13:10:01,286][flwr][DEBUG] - evaluate_round 35: strategy sampled 1 clients (out of 50)
[2024-06-02 13:10:01,453][flwr][DEBUG] - evaluate_round 35 received 1 results and 0 failures
[2024-06-02 13:10:01,453][flwr][DEBUG] - fit_round 36: strategy sampled 10 clients (out of 50)
[2024-06-02 13:10:02,212][flwr][DEBUG] - fit_round 36 received 10 results and 0 failures
[2024-06-02 13:10:02,809][flwr][INFO] - fit progress: (36, 5.23585368366912, {'accuracy': 0.9798}, 61.028604741208255)
[2024-06-02 13:10:02,809][flwr][DEBUG] - evaluate_round 36: strategy sampled 1 clients (out of 50)
[2024-06-02 13:10:02,987][flwr][DEBUG] - evaluate_round 36 received 1 results and 0 failures
[2024-06-02 13:10:02,987][flwr][DEBUG] - fit_round 37: strategy sampled 10 clients (out of 50)
[2024-06-02 13:10:03,692][flwr][DEBUG] - fit_round 37 received 10 results and 0 failures
[2024-06-02 13:10:04,271][flwr][INFO] - fit progress: (37, 4.725779266154859, {'accuracy': 0.9804}, 62.49079866986722)
[2024-06-02 13:10:04,271][flwr][DEBUG] - evaluate_round 37: strategy sampled 1 clients (out of 50)
[2024-06-02 13:10:04,407][flwr][DEBUG] - evaluate_round 37 received 1 results and 0 failures
[2024-06-02 13:10:04,407][flwr][DEBUG] - fit_round 38: strategy sampled 10 clients (out of 50)
[2024-06-02 13:10:05,182][flwr][DEBUG] - fit_round 38 received 10 results and 0 failures
[2024-06-02 13:10:06,105][flwr][INFO] - fit progress: (38, 616.517151594162, {'accuracy': 0.4956}, 64.32517167925835)
[2024-06-02 13:10:06,105][flwr][DEBUG] - evaluate_round 38: strategy sampled 1 clients (out of 50)
[2024-06-02 13:10:06,256][flwr][DEBUG] - evaluate_round 38 received 1 results and 0 failures
[2024-06-02 13:10:06,256][flwr][DEBUG] - fit_round 39: strategy sampled 10 clients (out of 50)
[2024-06-02 13:10:07,046][flwr][DEBUG] - fit_round 39 received 10 results and 0 failures
[2024-06-02 13:10:08,009][flwr][INFO] - fit progress: (39, 4.794747523046681, {'accuracy': 0.9806}, 66.2291051899083)
[2024-06-02 13:10:08,009][flwr][DEBUG] - evaluate_round 39: strategy sampled 1 clients (out of 50)
[2024-06-02 13:10:08,175][flwr][DEBUG] - evaluate_round 39 received 1 results and 0 failures
[2024-06-02 13:10:08,175][flwr][DEBUG] - fit_round 40: strategy sampled 10 clients (out of 50)
[2024-06-02 13:10:08,950][flwr][DEBUG] - fit_round 40 received 10 results and 0 failures
[2024-06-02 13:10:09,507][flwr][INFO] - fit progress: (40, 4.10331685723213, {'accuracy': 0.9822}, 67.72712265886366)
[2024-06-02 13:10:09,507][flwr][DEBUG] - evaluate_round 40: strategy sampled 1 clients (out of 50)
[2024-06-02 13:10:09,677][flwr][DEBUG] - evaluate_round 40 received 1 results and 0 failures
[2024-06-02 13:10:09,677][flwr][DEBUG] - fit_round 41: strategy sampled 10 clients (out of 50)
[2024-06-02 13:10:10,490][flwr][DEBUG] - fit_round 41 received 10 results and 0 failures
[2024-06-02 13:10:11,460][flwr][INFO] - fit progress: (41, 3.951229665253777, {'accuracy': 0.9832}, 69.67946472298354)
[2024-06-02 13:10:11,460][flwr][DEBUG] - evaluate_round 41: strategy sampled 1 clients (out of 50)
[2024-06-02 13:10:11,614][flwr][DEBUG] - evaluate_round 41 received 1 results and 0 failures
[2024-06-02 13:10:11,614][flwr][DEBUG] - fit_round 42: strategy sampled 10 clients (out of 50)
[2024-06-02 13:10:12,361][flwr][DEBUG] - fit_round 42 received 10 results and 0 failures
[2024-06-02 13:10:12,928][flwr][INFO] - fit progress: (42, 155.36779464781284, {'accuracy': 0.7927}, 71.14830405730754)
[2024-06-02 13:10:12,929][flwr][DEBUG] - evaluate_round 42: strategy sampled 1 clients (out of 50)
[2024-06-02 13:10:13,091][flwr][DEBUG] - evaluate_round 42 received 1 results and 0 failures
[2024-06-02 13:10:13,092][flwr][DEBUG] - fit_round 43: strategy sampled 10 clients (out of 50)
[2024-06-02 13:10:13,874][flwr][DEBUG] - fit_round 43 received 10 results and 0 failures
[2024-06-02 13:10:14,429][flwr][INFO] - fit progress: (43, 5.368820649069676, {'accuracy': 0.9797}, 72.64872260624543)
[2024-06-02 13:10:14,429][flwr][DEBUG] - evaluate_round 43: strategy sampled 1 clients (out of 50)
[2024-06-02 13:10:14,596][flwr][DEBUG] - evaluate_round 43 received 1 results and 0 failures
[2024-06-02 13:10:14,596][flwr][DEBUG] - fit_round 44: strategy sampled 10 clients (out of 50)
[2024-06-02 13:10:15,441][flwr][DEBUG] - fit_round 44 received 10 results and 0 failures
[2024-06-02 13:10:16,001][flwr][INFO] - fit progress: (44, 4.661966844461858, {'accuracy': 0.9829}, 74.22051278688014)
[2024-06-02 13:10:16,001][flwr][DEBUG] - evaluate_round 44: strategy sampled 1 clients (out of 50)
[2024-06-02 13:10:16,171][flwr][DEBUG] - evaluate_round 44 received 1 results and 0 failures
[2024-06-02 13:10:16,171][flwr][DEBUG] - fit_round 45: strategy sampled 10 clients (out of 50)
[2024-06-02 13:10:16,958][flwr][DEBUG] - fit_round 45 received 10 results and 0 failures
[2024-06-02 13:10:17,517][flwr][INFO] - fit progress: (45, 3.6353087962197606, {'accuracy': 0.9855}, 75.73702471330762)
[2024-06-02 13:10:17,517][flwr][DEBUG] - evaluate_round 45: strategy sampled 1 clients (out of 50)
[2024-06-02 13:10:17,664][flwr][DEBUG] - evaluate_round 45 received 1 results and 0 failures
[2024-06-02 13:10:17,664][flwr][DEBUG] - fit_round 46: strategy sampled 10 clients (out of 50)
[2024-06-02 13:10:18,489][flwr][DEBUG] - fit_round 46 received 10 results and 0 failures
[2024-06-02 13:10:19,047][flwr][INFO] - fit progress: (46, 3.724686399436905, {'accuracy': 0.9842}, 77.26715568825603)
[2024-06-02 13:10:19,047][flwr][DEBUG] - evaluate_round 46: strategy sampled 1 clients (out of 50)
[2024-06-02 13:10:19,207][flwr][DEBUG] - evaluate_round 46 received 1 results and 0 failures
[2024-06-02 13:10:19,207][flwr][DEBUG] - fit_round 47: strategy sampled 10 clients (out of 50)
[2024-06-02 13:10:20,010][flwr][DEBUG] - fit_round 47 received 10 results and 0 failures
[2024-06-02 13:10:20,567][flwr][INFO] - fit progress: (47, 62.18613277748227, {'accuracy': 0.8774}, 78.78656499786302)
[2024-06-02 13:10:20,567][flwr][DEBUG] - evaluate_round 47: strategy sampled 1 clients (out of 50)
[2024-06-02 13:10:20,737][flwr][DEBUG] - evaluate_round 47 received 1 results and 0 failures
[2024-06-02 13:10:20,737][flwr][DEBUG] - fit_round 48: strategy sampled 10 clients (out of 50)
[2024-06-02 13:10:21,522][flwr][DEBUG] - fit_round 48 received 10 results and 0 failures
[2024-06-02 13:10:22,086][flwr][INFO] - fit progress: (48, 7641.43465423584, {'accuracy': 0.1008}, 80.30598352197558)
[2024-06-02 13:10:22,086][flwr][DEBUG] - evaluate_round 48: strategy sampled 1 clients (out of 50)
[2024-06-02 13:10:22,258][flwr][DEBUG] - evaluate_round 48 received 1 results and 0 failures
[2024-06-02 13:10:22,258][flwr][DEBUG] - fit_round 49: strategy sampled 10 clients (out of 50)
[2024-06-02 13:10:23,051][flwr][DEBUG] - fit_round 49 received 10 results and 0 failures
[2024-06-02 13:10:23,611][flwr][INFO] - fit progress: (49, 2340.966522216797, {'accuracy': 0.4483}, 81.83047382812947)
[2024-06-02 13:10:23,611][flwr][DEBUG] - evaluate_round 49: strategy sampled 1 clients (out of 50)
[2024-06-02 13:10:23,777][flwr][DEBUG] - evaluate_round 49 received 1 results and 0 failures
[2024-06-02 13:10:23,777][flwr][DEBUG] - fit_round 50: strategy sampled 10 clients (out of 50)
[2024-06-02 13:10:24,555][flwr][DEBUG] - fit_round 50 received 10 results and 0 failures
[2024-06-02 13:10:25,120][flwr][INFO] - fit progress: (50, 8.314249934076216, {'accuracy': 0.9818}, 83.34032015595585)
[2024-06-02 13:10:25,121][flwr][DEBUG] - evaluate_round 50: strategy sampled 1 clients (out of 50)
[2024-06-02 13:10:25,286][flwr][DEBUG] - evaluate_round 50 received 1 results and 0 failures
[2024-06-02 13:10:25,286][flwr][DEBUG] - fit_round 51: strategy sampled 10 clients (out of 50)
[2024-06-02 13:10:26,062][flwr][DEBUG] - fit_round 51 received 10 results and 0 failures
[2024-06-02 13:10:26,628][flwr][INFO] - fit progress: (51, 4.9834466782176605, {'accuracy': 0.9809}, 84.84793693106622)
[2024-06-02 13:10:26,628][flwr][DEBUG] - evaluate_round 51: strategy sampled 1 clients (out of 50)
[2024-06-02 13:10:26,807][flwr][DEBUG] - evaluate_round 51 received 1 results and 0 failures
[2024-06-02 13:10:26,807][flwr][DEBUG] - fit_round 52: strategy sampled 10 clients (out of 50)
[2024-06-02 13:10:27,559][flwr][DEBUG] - fit_round 52 received 10 results and 0 failures
[2024-06-02 13:10:28,122][flwr][INFO] - fit progress: (52, 3.9067601719925733, {'accuracy': 0.986}, 86.34199109207839)
[2024-06-02 13:10:28,122][flwr][DEBUG] - evaluate_round 52: strategy sampled 1 clients (out of 50)
[2024-06-02 13:10:28,289][flwr][DEBUG] - evaluate_round 52 received 1 results and 0 failures
[2024-06-02 13:10:28,289][flwr][DEBUG] - fit_round 53: strategy sampled 10 clients (out of 50)
[2024-06-02 13:10:29,020][flwr][DEBUG] - fit_round 53 received 10 results and 0 failures
[2024-06-02 13:10:29,580][flwr][INFO] - fit progress: (53, 6713.70255279541, {'accuracy': 0.1012}, 87.80012409714982)
[2024-06-02 13:10:29,580][flwr][DEBUG] - evaluate_round 53: strategy sampled 1 clients (out of 50)
[2024-06-02 13:10:29,731][flwr][DEBUG] - evaluate_round 53 received 1 results and 0 failures
[2024-06-02 13:10:29,732][flwr][DEBUG] - fit_round 54: strategy sampled 10 clients (out of 50)
[2024-06-02 13:10:30,500][flwr][DEBUG] - fit_round 54 received 10 results and 0 failures
[2024-06-02 13:10:31,057][flwr][INFO] - fit progress: (54, 20.269787482371612, {'accuracy': 0.9587}, 89.27680523507297)
[2024-06-02 13:10:31,057][flwr][DEBUG] - evaluate_round 54: strategy sampled 1 clients (out of 50)
[2024-06-02 13:10:31,229][flwr][DEBUG] - evaluate_round 54 received 1 results and 0 failures
[2024-06-02 13:10:31,229][flwr][DEBUG] - fit_round 55: strategy sampled 10 clients (out of 50)
[2024-06-02 13:10:31,983][flwr][DEBUG] - fit_round 55 received 10 results and 0 failures
[2024-06-02 13:10:32,543][flwr][INFO] - fit progress: (55, 127.25585366785526, {'accuracy': 0.8103}, 90.76283417316154)
[2024-06-02 13:10:32,543][flwr][DEBUG] - evaluate_round 55: strategy sampled 1 clients (out of 50)
[2024-06-02 13:10:32,731][flwr][DEBUG] - evaluate_round 55 received 1 results and 0 failures
[2024-06-02 13:10:32,731][flwr][DEBUG] - fit_round 56: strategy sampled 10 clients (out of 50)
[2024-06-02 13:10:33,451][flwr][DEBUG] - fit_round 56 received 10 results and 0 failures
[2024-06-02 13:10:34,016][flwr][INFO] - fit progress: (56, 4.809275971241732, {'accuracy': 0.9808}, 92.23564578406513)
[2024-06-02 13:10:34,016][flwr][DEBUG] - evaluate_round 56: strategy sampled 1 clients (out of 50)
[2024-06-02 13:10:34,196][flwr][DEBUG] - evaluate_round 56 received 1 results and 0 failures
[2024-06-02 13:10:34,196][flwr][DEBUG] - fit_round 57: strategy sampled 10 clients (out of 50)
[2024-06-02 13:10:35,059][flwr][DEBUG] - fit_round 57 received 10 results and 0 failures
[2024-06-02 13:10:36,047][flwr][INFO] - fit progress: (57, 3.837212431295484, {'accuracy': 0.985}, 94.26638324931264)
[2024-06-02 13:10:36,047][flwr][DEBUG] - evaluate_round 57: strategy sampled 1 clients (out of 50)
[2024-06-02 13:10:36,216][flwr][DEBUG] - evaluate_round 57 received 1 results and 0 failures
[2024-06-02 13:10:36,216][flwr][DEBUG] - fit_round 58: strategy sampled 10 clients (out of 50)
[2024-06-02 13:10:36,981][flwr][DEBUG] - fit_round 58 received 10 results and 0 failures
[2024-06-02 13:10:37,540][flwr][INFO] - fit progress: (58, 4.280353648031451, {'accuracy': 0.9826}, 95.76013589510694)
[2024-06-02 13:10:37,540][flwr][DEBUG] - evaluate_round 58: strategy sampled 1 clients (out of 50)
[2024-06-02 13:10:37,712][flwr][DEBUG] - evaluate_round 58 received 1 results and 0 failures
[2024-06-02 13:10:37,713][flwr][DEBUG] - fit_round 59: strategy sampled 10 clients (out of 50)
[2024-06-02 13:10:38,426][flwr][DEBUG] - fit_round 59 received 10 results and 0 failures
[2024-06-02 13:10:38,981][flwr][INFO] - fit progress: (59, 4.033549290714291, {'accuracy': 0.9842}, 97.20134162018076)
[2024-06-02 13:10:38,982][flwr][DEBUG] - evaluate_round 59: strategy sampled 1 clients (out of 50)
[2024-06-02 13:10:39,148][flwr][DEBUG] - evaluate_round 59 received 1 results and 0 failures
[2024-06-02 13:10:39,148][flwr][DEBUG] - fit_round 60: strategy sampled 10 clients (out of 50)
[2024-06-02 13:10:39,938][flwr][DEBUG] - fit_round 60 received 10 results and 0 failures
[2024-06-02 13:10:40,499][flwr][INFO] - fit progress: (60, 3.542350168547273, {'accuracy': 0.9851}, 98.71883598621935)
[2024-06-02 13:10:40,499][flwr][DEBUG] - evaluate_round 60: strategy sampled 1 clients (out of 50)
[2024-06-02 13:10:40,670][flwr][DEBUG] - evaluate_round 60 received 1 results and 0 failures
[2024-06-02 13:10:40,670][flwr][DEBUG] - fit_round 61: strategy sampled 10 clients (out of 50)
[2024-06-02 13:10:41,391][flwr][DEBUG] - fit_round 61 received 10 results and 0 failures
[2024-06-02 13:10:41,958][flwr][INFO] - fit progress: (61, 5.300697606406175, {'accuracy': 0.9799}, 100.17746342299506)
[2024-06-02 13:10:41,958][flwr][DEBUG] - evaluate_round 61: strategy sampled 1 clients (out of 50)
[2024-06-02 13:10:42,128][flwr][DEBUG] - evaluate_round 61 received 1 results and 0 failures
[2024-06-02 13:10:42,129][flwr][DEBUG] - fit_round 62: strategy sampled 10 clients (out of 50)
[2024-06-02 13:10:42,955][flwr][DEBUG] - fit_round 62 received 10 results and 0 failures
[2024-06-02 13:10:43,516][flwr][INFO] - fit progress: (62, 4.628594070018153, {'accuracy': 0.9825}, 101.73609681101516)
[2024-06-02 13:10:43,516][flwr][DEBUG] - evaluate_round 62: strategy sampled 1 clients (out of 50)
[2024-06-02 13:10:43,684][flwr][DEBUG] - evaluate_round 62 received 1 results and 0 failures
[2024-06-02 13:10:43,684][flwr][DEBUG] - fit_round 63: strategy sampled 10 clients (out of 50)
[2024-06-02 13:10:44,473][flwr][DEBUG] - fit_round 63 received 10 results and 0 failures
[2024-06-02 13:10:45,041][flwr][INFO] - fit progress: (63, 4.414951132785063, {'accuracy': 0.9821}, 103.261257418897)
[2024-06-02 13:10:45,042][flwr][DEBUG] - evaluate_round 63: strategy sampled 1 clients (out of 50)
[2024-06-02 13:10:45,175][flwr][DEBUG] - evaluate_round 63 received 1 results and 0 failures
[2024-06-02 13:10:45,175][flwr][DEBUG] - fit_round 64: strategy sampled 10 clients (out of 50)
[2024-06-02 13:10:45,942][flwr][DEBUG] - fit_round 64 received 10 results and 0 failures
[2024-06-02 13:10:46,500][flwr][INFO] - fit progress: (64, 5.181944146650494, {'accuracy': 0.9827}, 104.72017998807132)
[2024-06-02 13:10:46,500][flwr][DEBUG] - evaluate_round 64: strategy sampled 1 clients (out of 50)
[2024-06-02 13:10:46,668][flwr][DEBUG] - evaluate_round 64 received 1 results and 0 failures
[2024-06-02 13:10:46,669][flwr][DEBUG] - fit_round 65: strategy sampled 10 clients (out of 50)
[2024-06-02 13:10:47,374][flwr][DEBUG] - fit_round 65 received 10 results and 0 failures
[2024-06-02 13:10:47,946][flwr][INFO] - fit progress: (65, 5.619298865320161, {'accuracy': 0.9781}, 106.16628510830924)
[2024-06-02 13:10:47,947][flwr][DEBUG] - evaluate_round 65: strategy sampled 1 clients (out of 50)
[2024-06-02 13:10:48,114][flwr][DEBUG] - evaluate_round 65 received 1 results and 0 failures
[2024-06-02 13:10:48,114][flwr][DEBUG] - fit_round 66: strategy sampled 10 clients (out of 50)
[2024-06-02 13:10:48,852][flwr][DEBUG] - fit_round 66 received 10 results and 0 failures
[2024-06-02 13:10:49,414][flwr][INFO] - fit progress: (66, 10.019865038466378, {'accuracy': 0.9771}, 107.63389132730663)
[2024-06-02 13:10:49,414][flwr][DEBUG] - evaluate_round 66: strategy sampled 1 clients (out of 50)
[2024-06-02 13:10:49,592][flwr][DEBUG] - evaluate_round 66 received 1 results and 0 failures
[2024-06-02 13:10:49,592][flwr][DEBUG] - fit_round 67: strategy sampled 10 clients (out of 50)
[2024-06-02 13:10:50,337][flwr][DEBUG] - fit_round 67 received 10 results and 0 failures
[2024-06-02 13:10:50,943][flwr][INFO] - fit progress: (67, 3.8079034585971385, {'accuracy': 0.9836}, 109.1629231502302)
[2024-06-02 13:10:50,943][flwr][DEBUG] - evaluate_round 67: strategy sampled 1 clients (out of 50)
[2024-06-02 13:10:51,097][flwr][DEBUG] - evaluate_round 67 received 1 results and 0 failures
[2024-06-02 13:10:51,097][flwr][DEBUG] - fit_round 68: strategy sampled 10 clients (out of 50)
[2024-06-02 13:10:51,840][flwr][DEBUG] - fit_round 68 received 10 results and 0 failures
[2024-06-02 13:10:52,402][flwr][INFO] - fit progress: (68, 44.35842673107982, {'accuracy': 0.9248}, 110.62194156087935)
[2024-06-02 13:10:52,402][flwr][DEBUG] - evaluate_round 68: strategy sampled 1 clients (out of 50)
[2024-06-02 13:10:52,571][flwr][DEBUG] - evaluate_round 68 received 1 results and 0 failures
[2024-06-02 13:10:52,571][flwr][DEBUG] - fit_round 69: strategy sampled 10 clients (out of 50)
[2024-06-02 13:10:53,362][flwr][DEBUG] - fit_round 69 received 10 results and 0 failures
[2024-06-02 13:10:53,923][flwr][INFO] - fit progress: (69, 3218.6123428344727, {'accuracy': 0.1863}, 112.14286799402907)
[2024-06-02 13:10:53,923][flwr][DEBUG] - evaluate_round 69: strategy sampled 1 clients (out of 50)
[2024-06-02 13:10:54,107][flwr][DEBUG] - evaluate_round 69 received 1 results and 0 failures
[2024-06-02 13:10:54,107][flwr][DEBUG] - fit_round 70: strategy sampled 10 clients (out of 50)
[2024-06-02 13:10:54,832][flwr][DEBUG] - fit_round 70 received 10 results and 0 failures
[2024-06-02 13:10:55,387][flwr][INFO] - fit progress: (70, 9.004038138631586, {'accuracy': 0.9794}, 113.606897899881)
[2024-06-02 13:10:55,387][flwr][DEBUG] - evaluate_round 70: strategy sampled 1 clients (out of 50)
[2024-06-02 13:10:55,521][flwr][DEBUG] - evaluate_round 70 received 1 results and 0 failures
[2024-06-02 13:10:55,522][flwr][DEBUG] - fit_round 71: strategy sampled 10 clients (out of 50)
[2024-06-02 13:10:56,338][flwr][DEBUG] - fit_round 71 received 10 results and 0 failures
[2024-06-02 13:10:56,919][flwr][INFO] - fit progress: (71, 4.703292529888131, {'accuracy': 0.9857}, 115.13851453689858)
[2024-06-02 13:10:56,919][flwr][DEBUG] - evaluate_round 71: strategy sampled 1 clients (out of 50)
[2024-06-02 13:10:57,091][flwr][DEBUG] - evaluate_round 71 received 1 results and 0 failures
[2024-06-02 13:10:57,092][flwr][DEBUG] - fit_round 72: strategy sampled 10 clients (out of 50)
[2024-06-02 13:10:57,832][flwr][DEBUG] - fit_round 72 received 10 results and 0 failures
[2024-06-02 13:10:58,390][flwr][INFO] - fit progress: (72, 4.7783629849000135, {'accuracy': 0.9821}, 116.60965054295957)
[2024-06-02 13:10:58,390][flwr][DEBUG] - evaluate_round 72: strategy sampled 1 clients (out of 50)
[2024-06-02 13:10:58,553][flwr][DEBUG] - evaluate_round 72 received 1 results and 0 failures
[2024-06-02 13:10:58,553][flwr][DEBUG] - fit_round 73: strategy sampled 10 clients (out of 50)
[2024-06-02 13:10:59,346][flwr][DEBUG] - fit_round 73 received 10 results and 0 failures
[2024-06-02 13:10:59,904][flwr][INFO] - fit progress: (73, 3.5901915856302367, {'accuracy': 0.987}, 118.1238226229325)
[2024-06-02 13:10:59,904][flwr][DEBUG] - evaluate_round 73: strategy sampled 1 clients (out of 50)
[2024-06-02 13:11:00,051][flwr][DEBUG] - evaluate_round 73 received 1 results and 0 failures
[2024-06-02 13:11:00,051][flwr][DEBUG] - fit_round 74: strategy sampled 10 clients (out of 50)
[2024-06-02 13:11:00,827][flwr][DEBUG] - fit_round 74 received 10 results and 0 failures
[2024-06-02 13:11:01,378][flwr][INFO] - fit progress: (74, 4.593261018140765, {'accuracy': 0.9839}, 119.59761673631147)
[2024-06-02 13:11:01,378][flwr][DEBUG] - evaluate_round 74: strategy sampled 1 clients (out of 50)
[2024-06-02 13:11:01,536][flwr][DEBUG] - evaluate_round 74 received 1 results and 0 failures
[2024-06-02 13:11:01,536][flwr][DEBUG] - fit_round 75: strategy sampled 10 clients (out of 50)
[2024-06-02 13:11:02,256][flwr][DEBUG] - fit_round 75 received 10 results and 0 failures
[2024-06-02 13:11:02,818][flwr][INFO] - fit progress: (75, 7.654200985158695, {'accuracy': 0.9805}, 121.03820932097733)
[2024-06-02 13:11:02,818][flwr][DEBUG] - evaluate_round 75: strategy sampled 1 clients (out of 50)
[2024-06-02 13:11:02,987][flwr][DEBUG] - evaluate_round 75 received 1 results and 0 failures
[2024-06-02 13:11:02,987][flwr][DEBUG] - fit_round 76: strategy sampled 10 clients (out of 50)
[2024-06-02 13:11:03,732][flwr][DEBUG] - fit_round 76 received 10 results and 0 failures
[2024-06-02 13:11:04,286][flwr][INFO] - fit progress: (76, 4.511419688717979, {'accuracy': 0.9842}, 122.50633348617703)
[2024-06-02 13:11:04,287][flwr][DEBUG] - evaluate_round 76: strategy sampled 1 clients (out of 50)
[2024-06-02 13:11:04,426][flwr][DEBUG] - evaluate_round 76 received 1 results and 0 failures
[2024-06-02 13:11:04,426][flwr][DEBUG] - fit_round 77: strategy sampled 10 clients (out of 50)
[2024-06-02 13:11:05,225][flwr][DEBUG] - fit_round 77 received 10 results and 0 failures
[2024-06-02 13:11:05,784][flwr][INFO] - fit progress: (77, 5.176524527929814, {'accuracy': 0.9843}, 124.00431409198791)
[2024-06-02 13:11:05,785][flwr][DEBUG] - evaluate_round 77: strategy sampled 1 clients (out of 50)
[2024-06-02 13:11:05,940][flwr][DEBUG] - evaluate_round 77 received 1 results and 0 failures
[2024-06-02 13:11:05,940][flwr][DEBUG] - fit_round 78: strategy sampled 10 clients (out of 50)
[2024-06-02 13:11:06,687][flwr][DEBUG] - fit_round 78 received 10 results and 0 failures
[2024-06-02 13:11:07,248][flwr][INFO] - fit progress: (78, 4.3952433609592845, {'accuracy': 0.984}, 125.46771356696263)
[2024-06-02 13:11:07,248][flwr][DEBUG] - evaluate_round 78: strategy sampled 1 clients (out of 50)
[2024-06-02 13:11:07,422][flwr][DEBUG] - evaluate_round 78 received 1 results and 0 failures
[2024-06-02 13:11:07,423][flwr][DEBUG] - fit_round 79: strategy sampled 10 clients (out of 50)
[2024-06-02 13:11:08,188][flwr][DEBUG] - fit_round 79 received 10 results and 0 failures
[2024-06-02 13:11:08,746][flwr][INFO] - fit progress: (79, 3.8603881916042155, {'accuracy': 0.9864}, 126.96595378499478)
[2024-06-02 13:11:08,746][flwr][DEBUG] - evaluate_round 79: strategy sampled 1 clients (out of 50)
[2024-06-02 13:11:08,915][flwr][DEBUG] - evaluate_round 79 received 1 results and 0 failures
[2024-06-02 13:11:08,915][flwr][DEBUG] - fit_round 80: strategy sampled 10 clients (out of 50)
[2024-06-02 13:11:09,699][flwr][DEBUG] - fit_round 80 received 10 results and 0 failures
[2024-06-02 13:11:10,306][flwr][INFO] - fit progress: (80, 4.71737556441667, {'accuracy': 0.9846}, 128.5260405628942)
[2024-06-02 13:11:10,306][flwr][DEBUG] - evaluate_round 80: strategy sampled 1 clients (out of 50)
[2024-06-02 13:11:10,481][flwr][DEBUG] - evaluate_round 80 received 1 results and 0 failures
[2024-06-02 13:11:10,481][flwr][DEBUG] - fit_round 81: strategy sampled 10 clients (out of 50)
[2024-06-02 13:11:11,228][flwr][DEBUG] - fit_round 81 received 10 results and 0 failures
[2024-06-02 13:11:11,788][flwr][INFO] - fit progress: (81, 4.32193046982502, {'accuracy': 0.9843}, 130.00755898701027)
[2024-06-02 13:11:11,788][flwr][DEBUG] - evaluate_round 81: strategy sampled 1 clients (out of 50)
[2024-06-02 13:11:11,940][flwr][DEBUG] - evaluate_round 81 received 1 results and 0 failures
[2024-06-02 13:11:11,940][flwr][DEBUG] - fit_round 82: strategy sampled 10 clients (out of 50)
[2024-06-02 13:11:12,706][flwr][DEBUG] - fit_round 82 received 10 results and 0 failures
[2024-06-02 13:11:13,268][flwr][INFO] - fit progress: (82, 362.71405613422394, {'accuracy': 0.6028}, 131.488085036166)
[2024-06-02 13:11:13,268][flwr][DEBUG] - evaluate_round 82: strategy sampled 1 clients (out of 50)
[2024-06-02 13:11:13,417][flwr][DEBUG] - evaluate_round 82 received 1 results and 0 failures
[2024-06-02 13:11:13,417][flwr][DEBUG] - fit_round 83: strategy sampled 10 clients (out of 50)
[2024-06-02 13:11:14,144][flwr][DEBUG] - fit_round 83 received 10 results and 0 failures
[2024-06-02 13:11:14,708][flwr][INFO] - fit progress: (83, 4.395045776977838, {'accuracy': 0.9857}, 132.92788218613714)
[2024-06-02 13:11:14,708][flwr][DEBUG] - evaluate_round 83: strategy sampled 1 clients (out of 50)
[2024-06-02 13:11:14,864][flwr][DEBUG] - evaluate_round 83 received 1 results and 0 failures
[2024-06-02 13:11:14,864][flwr][DEBUG] - fit_round 84: strategy sampled 10 clients (out of 50)
[2024-06-02 13:11:15,622][flwr][DEBUG] - fit_round 84 received 10 results and 0 failures
[2024-06-02 13:11:16,512][flwr][INFO] - fit progress: (84, 3.7607619986902137, {'accuracy': 0.9861}, 134.73223263723776)
[2024-06-02 13:11:16,512][flwr][DEBUG] - evaluate_round 84: strategy sampled 1 clients (out of 50)
[2024-06-02 13:11:16,678][flwr][DEBUG] - evaluate_round 84 received 1 results and 0 failures
[2024-06-02 13:11:16,678][flwr][DEBUG] - fit_round 85: strategy sampled 10 clients (out of 50)
[2024-06-02 13:11:17,454][flwr][DEBUG] - fit_round 85 received 10 results and 0 failures
[2024-06-02 13:11:18,013][flwr][INFO] - fit progress: (85, 38.87787949666381, {'accuracy': 0.9298}, 136.23257861286402)
[2024-06-02 13:11:18,013][flwr][DEBUG] - evaluate_round 85: strategy sampled 1 clients (out of 50)
[2024-06-02 13:11:18,168][flwr][DEBUG] - evaluate_round 85 received 1 results and 0 failures
[2024-06-02 13:11:18,168][flwr][DEBUG] - fit_round 86: strategy sampled 10 clients (out of 50)
[2024-06-02 13:11:18,951][flwr][DEBUG] - fit_round 86 received 10 results and 0 failures
[2024-06-02 13:11:19,510][flwr][INFO] - fit progress: (86, 4.9993718368086775, {'accuracy': 0.9853}, 137.7297640251927)
[2024-06-02 13:11:19,510][flwr][DEBUG] - evaluate_round 86: strategy sampled 1 clients (out of 50)
[2024-06-02 13:11:19,648][flwr][DEBUG] - evaluate_round 86 received 1 results and 0 failures
[2024-06-02 13:11:19,648][flwr][DEBUG] - fit_round 87: strategy sampled 10 clients (out of 50)
[2024-06-02 13:11:20,446][flwr][DEBUG] - fit_round 87 received 10 results and 0 failures
[2024-06-02 13:11:21,015][flwr][INFO] - fit progress: (87, 7585.662445068359, {'accuracy': 0.2254}, 139.23511148616672)
[2024-06-02 13:11:21,015][flwr][DEBUG] - evaluate_round 87: strategy sampled 1 clients (out of 50)
[2024-06-02 13:11:21,190][flwr][DEBUG] - evaluate_round 87 received 1 results and 0 failures
[2024-06-02 13:11:21,191][flwr][DEBUG] - fit_round 88: strategy sampled 10 clients (out of 50)
[2024-06-02 13:11:21,957][flwr][DEBUG] - fit_round 88 received 10 results and 0 failures
[2024-06-02 13:11:22,930][flwr][INFO] - fit progress: (88, 15.248151806444184, {'accuracy': 0.9768}, 141.1498326221481)
[2024-06-02 13:11:22,930][flwr][DEBUG] - evaluate_round 88: strategy sampled 1 clients (out of 50)
[2024-06-02 13:11:23,095][flwr][DEBUG] - evaluate_round 88 received 1 results and 0 failures
[2024-06-02 13:11:23,095][flwr][DEBUG] - fit_round 89: strategy sampled 10 clients (out of 50)
[2024-06-02 13:11:23,885][flwr][DEBUG] - fit_round 89 received 10 results and 0 failures
[2024-06-02 13:11:24,440][flwr][INFO] - fit progress: (89, 6.672425472635496, {'accuracy': 0.9832}, 142.6602486241609)
[2024-06-02 13:11:24,440][flwr][DEBUG] - evaluate_round 89: strategy sampled 1 clients (out of 50)
[2024-06-02 13:11:24,596][flwr][DEBUG] - evaluate_round 89 received 1 results and 0 failures
[2024-06-02 13:11:24,596][flwr][DEBUG] - fit_round 90: strategy sampled 10 clients (out of 50)
[2024-06-02 13:11:25,380][flwr][DEBUG] - fit_round 90 received 10 results and 0 failures
[2024-06-02 13:11:25,946][flwr][INFO] - fit progress: (90, 5.68436788534018, {'accuracy': 0.9825}, 144.16545350290835)
[2024-06-02 13:11:25,946][flwr][DEBUG] - evaluate_round 90: strategy sampled 1 clients (out of 50)
[2024-06-02 13:11:26,117][flwr][DEBUG] - evaluate_round 90 received 1 results and 0 failures
[2024-06-02 13:11:26,117][flwr][DEBUG] - fit_round 91: strategy sampled 10 clients (out of 50)
[2024-06-02 13:11:26,905][flwr][DEBUG] - fit_round 91 received 10 results and 0 failures
[2024-06-02 13:11:27,457][flwr][INFO] - fit progress: (91, 4.30843092561372, {'accuracy': 0.9864}, 145.67676890129223)
[2024-06-02 13:11:27,457][flwr][DEBUG] - evaluate_round 91: strategy sampled 1 clients (out of 50)
[2024-06-02 13:11:27,626][flwr][DEBUG] - evaluate_round 91 received 1 results and 0 failures
[2024-06-02 13:11:27,627][flwr][DEBUG] - fit_round 92: strategy sampled 10 clients (out of 50)
[2024-06-02 13:11:28,376][flwr][DEBUG] - fit_round 92 received 10 results and 0 failures
[2024-06-02 13:11:28,936][flwr][INFO] - fit progress: (92, 3.8794019968099747, {'accuracy': 0.9861}, 147.15557015314698)
[2024-06-02 13:11:28,936][flwr][DEBUG] - evaluate_round 92: strategy sampled 1 clients (out of 50)
[2024-06-02 13:11:29,083][flwr][DEBUG] - evaluate_round 92 received 1 results and 0 failures
[2024-06-02 13:11:29,083][flwr][DEBUG] - fit_round 93: strategy sampled 10 clients (out of 50)
[2024-06-02 13:11:29,843][flwr][DEBUG] - fit_round 93 received 10 results and 0 failures
[2024-06-02 13:11:30,678][flwr][INFO] - fit progress: (93, 185.29706616699696, {'accuracy': 0.8098}, 148.89751786086708)
[2024-06-02 13:11:30,678][flwr][DEBUG] - evaluate_round 93: strategy sampled 1 clients (out of 50)
[2024-06-02 13:11:30,845][flwr][DEBUG] - evaluate_round 93 received 1 results and 0 failures
[2024-06-02 13:11:30,846][flwr][DEBUG] - fit_round 94: strategy sampled 10 clients (out of 50)
[2024-06-02 13:11:31,636][flwr][DEBUG] - fit_round 94 received 10 results and 0 failures
[2024-06-02 13:11:32,213][flwr][INFO] - fit progress: (94, 2096.2005910873413, {'accuracy': 0.3714}, 150.4326845309697)
[2024-06-02 13:11:32,213][flwr][DEBUG] - evaluate_round 94: strategy sampled 1 clients (out of 50)
[2024-06-02 13:11:32,391][flwr][DEBUG] - evaluate_round 94 received 1 results and 0 failures
[2024-06-02 13:11:32,391][flwr][DEBUG] - fit_round 95: strategy sampled 10 clients (out of 50)
[2024-06-02 13:11:33,128][flwr][DEBUG] - fit_round 95 received 10 results and 0 failures
[2024-06-02 13:11:34,093][flwr][INFO] - fit progress: (95, 29.48248750970378, {'accuracy': 0.9698}, 152.3128479248844)
[2024-06-02 13:11:34,093][flwr][DEBUG] - evaluate_round 95: strategy sampled 1 clients (out of 50)
[2024-06-02 13:11:34,265][flwr][DEBUG] - evaluate_round 95 received 1 results and 0 failures
[2024-06-02 13:11:34,265][flwr][DEBUG] - fit_round 96: strategy sampled 10 clients (out of 50)
[2024-06-02 13:11:35,019][flwr][DEBUG] - fit_round 96 received 10 results and 0 failures
[2024-06-02 13:11:35,586][flwr][INFO] - fit progress: (96, 5.975120393646648, {'accuracy': 0.984}, 153.80579082807526)
[2024-06-02 13:11:35,586][flwr][DEBUG] - evaluate_round 96: strategy sampled 1 clients (out of 50)
[2024-06-02 13:11:35,746][flwr][DEBUG] - evaluate_round 96 received 1 results and 0 failures
[2024-06-02 13:11:35,746][flwr][DEBUG] - fit_round 97: strategy sampled 10 clients (out of 50)
[2024-06-02 13:11:36,479][flwr][DEBUG] - fit_round 97 received 10 results and 0 failures
[2024-06-02 13:11:37,060][flwr][INFO] - fit progress: (97, 6945.56746673584, {'accuracy': 0.1657}, 155.2796656889841)
[2024-06-02 13:11:37,060][flwr][DEBUG] - evaluate_round 97: strategy sampled 1 clients (out of 50)
[2024-06-02 13:11:37,194][flwr][DEBUG] - evaluate_round 97 received 1 results and 0 failures
[2024-06-02 13:11:37,194][flwr][DEBUG] - fit_round 98: strategy sampled 10 clients (out of 50)
[2024-06-02 13:11:38,032][flwr][DEBUG] - fit_round 98 received 10 results and 0 failures
[2024-06-02 13:11:38,593][flwr][INFO] - fit progress: (98, 22.54033790369766, {'accuracy': 0.9692}, 156.81326891528443)
[2024-06-02 13:11:38,594][flwr][DEBUG] - evaluate_round 98: strategy sampled 1 clients (out of 50)
[2024-06-02 13:11:38,763][flwr][DEBUG] - evaluate_round 98 received 1 results and 0 failures
[2024-06-02 13:11:38,763][flwr][DEBUG] - fit_round 99: strategy sampled 10 clients (out of 50)
[2024-06-02 13:11:39,533][flwr][DEBUG] - fit_round 99 received 10 results and 0 failures
[2024-06-02 13:11:40,101][flwr][INFO] - fit progress: (99, 5.144254192897435, {'accuracy': 0.9855}, 158.32133621908724)
[2024-06-02 13:11:40,102][flwr][DEBUG] - evaluate_round 99: strategy sampled 1 clients (out of 50)
[2024-06-02 13:11:40,272][flwr][DEBUG] - evaluate_round 99 received 1 results and 0 failures
[2024-06-02 13:11:40,272][flwr][DEBUG] - fit_round 100: strategy sampled 10 clients (out of 50)
[2024-06-02 13:11:41,053][flwr][DEBUG] - fit_round 100 received 10 results and 0 failures
[2024-06-02 13:11:42,035][flwr][INFO] - fit progress: (100, 4.651703557682595, {'accuracy': 0.9846}, 160.25468736793846)
[2024-06-02 13:11:42,035][flwr][DEBUG] - evaluate_round 100: strategy sampled 1 clients (out of 50)
[2024-06-02 13:11:42,199][flwr][DEBUG] - evaluate_round 100 received 1 results and 0 failures
[2024-06-02 13:11:42,199][flwr][INFO] - FL finished in 160.4187514828518
[2024-06-02 13:11:42,199][flwr][INFO] - app_fit: losses_distributed [(1, 717.3121948242188), (2, 9.841854572296143), (3, 1.320489913225174), (4, 1.0723315179347992), (5, 8.502687692642212), (6, 236.7101058959961), (7, 1.3035129308700562), (8, 0.21700406074523926), (9, 0.40184761211276054), (10, 0.7835090160369873), (11, 303.3739204406738), (12, 342.92709732055664), (13, 270.08274841308594), (14, 0.8258426301181316), (15, 0.2947157612070441), (16, 0.2441333420574665), (17, 1.1573626548051834), (18, 96.31036949157715), (19, 6.644411891698837), (20, 0.7855686042457819), (21, 0.31343141198158264), (22, 0.42378318682312965), (23, 0.3308065142482519), (24, 1.0660715252161026), (25, 0.3414835184812546), (26, 0.04804157686885446), (27, 0.30916891642846167), (28, 0.5535491071641445), (29, 0.1193956509232521), (30, 0.23058666568249464), (31, 526.6260147094727), (32, 0.8416601698004342), (33, 0.1378168989904225), (34, 0.09596037741721375), (35, 0.2651120568625629), (36, 0.20415545534342527), (37, 0.37116025388240814), (38, 21.55857014656067), (39, 0.2670809393748641), (40, 0.06190116424113512), (41, 0.2786588668823242), (42, 22.54072403907776), (43, 0.5040147923282348), (44, 0.09007673803716898), (45, 0.13013329813838936), (46, 0.05575876799412072), (47, 1.4281343817710876), (48, 640.4114303588867), (49, 260.4839515686035), (50, 1.0167381469073007), (51, 0.7840541801415384), (52, 0.001974023809452774), (53, 385.1020202636719), (54, 0.701865117662237), (55, 5.9994635581970215), (56, 0.7038744347519241), (57, 1.022778782993555), (58, 0.12563121960192802), (59, 0.15382624266203493), (60, 0.33875834522768855), (61, 0.07291218626778573), (62, 0.04186540702357888), (63, 0.4546321928501129), (64, 0.337662507571622), (65, 0.46237359347287565), (66, 1.5587130633125525), (67, 0.5407552216202021), (68, 3.8633392453193665), (69, 185.54784393310547), (70, 0.83036165786325), (71, 0.00857012248116007), (72, 1.1277734134382627), (73, 0.4643589330371469), (74, 0.17166746431030333), (75, 0.37298506824299693), (76, 0.01714174111657485), (77, 0.006468264851719141), (78, 0.6539316079579294), (79, 0.05871465702512069), (80, 0.2020873727703929), (81, 0.08442944631678984), (82, 12.365904808044434), (83, 0.16281975735910237), (84, 0.1023279270157218), (85, 6.032241404056549), (86, 0.04530876428088959), (87, 507.9187316894531), (88, 0.19609894589302712), (89, 0.5050850238549174), (90, 0.007571766815090086), (91, 0.00026565819968027427), (92, 0.5871788440272212), (93, 14.514320731163025), (94, 56.864919662475586), (95, 0.5511444297929602), (96, 0.00033396727280887717), (97, 437.1998519897461), (98, 3.3531476110219955), (99, 0.5342627358040772), (100, 0.08798883939834923)]
[2024-06-02 13:11:42,199][flwr][INFO] - app_fit: metrics_distributed_fit {}
[2024-06-02 13:11:42,199][flwr][INFO] - app_fit: metrics_distributed {}
[2024-06-02 13:11:42,199][flwr][INFO] - app_fit: losses_centralized [(0, 179.7719326019287), (1, 13025.479187011719), (2, 104.51825785636902), (3, 45.02470377087593), (4, 18.27327585220337), (5, 136.73932498693466), (6, 5238.854709625244), (7, 18.433841459453106), (8, 52.75702020525932), (9, 10.514220133423805), (10, 19.226357131265104), (11, 4678.4739418029785), (12, 5642.860656738281), (13, 10479.620643615723), (14, 20.887726546265185), (15, 11.638768538832664), (16, 8.32241191342473), (17, 8.887796697032172), (18, 3279.9464225769043), (19, 104.434605111368), (20, 7.2782033761614), (21, 7.119775958126411), (22, 9.42723018862307), (23, 6.551504314178601), (24, 5.914420021697879), (25, 6.834638405707665), (26, 4.650025305629242), (27, 9.065862367860973), (28, 5.766708189388737), (29, 4.786298612249084), (30, 4.602650490036467), (31, 8266.100151062012), (32, 20.63743432444153), (33, 5.26387882403651), (34, 4.7722201204742305), (35, 4.684816261767992), (36, 5.23585368366912), (37, 4.725779266154859), (38, 616.517151594162), (39, 4.794747523046681), (40, 4.10331685723213), (41, 3.951229665253777), (42, 155.36779464781284), (43, 5.368820649069676), (44, 4.661966844461858), (45, 3.6353087962197606), (46, 3.724686399436905), (47, 62.18613277748227), (48, 7641.43465423584), (49, 2340.966522216797), (50, 8.314249934076216), (51, 4.9834466782176605), (52, 3.9067601719925733), (53, 6713.70255279541), (54, 20.269787482371612), (55, 127.25585366785526), (56, 4.809275971241732), (57, 3.837212431295484), (58, 4.280353648031451), (59, 4.033549290714291), (60, 3.542350168547273), (61, 5.300697606406175), (62, 4.628594070018153), (63, 4.414951132785063), (64, 5.181944146650494), (65, 5.619298865320161), (66, 10.019865038466378), (67, 3.8079034585971385), (68, 44.35842673107982), (69, 3218.6123428344727), (70, 9.004038138631586), (71, 4.703292529888131), (72, 4.7783629849000135), (73, 3.5901915856302367), (74, 4.593261018140765), (75, 7.654200985158695), (76, 4.511419688717979), (77, 5.176524527929814), (78, 4.3952433609592845), (79, 3.8603881916042155), (80, 4.71737556441667), (81, 4.32193046982502), (82, 362.71405613422394), (83, 4.395045776977838), (84, 3.7607619986902137), (85, 38.87787949666381), (86, 4.9993718368086775), (87, 7585.662445068359), (88, 15.248151806444184), (89, 6.672425472635496), (90, 5.68436788534018), (91, 4.30843092561372), (92, 3.8794019968099747), (93, 185.29706616699696), (94, 2096.2005910873413), (95, 29.48248750970378), (96, 5.975120393646648), (97, 6945.56746673584), (98, 22.54033790369766), (99, 5.144254192897435), (100, 4.651703557682595)]
[2024-06-02 13:11:42,200][flwr][INFO] - app_fit: metrics_centralized {'accuracy': [(0, 0.1142), (1, 0.089), (2, 0.638), (3, 0.8081), (4, 0.9192), (5, 0.6724), (6, 0.0973), (7, 0.9269), (8, 0.8679), (9, 0.9601), (10, 0.927), (11, 0.089), (12, 0.089), (13, 0.089), (14, 0.9292), (15, 0.9573), (16, 0.9687), (17, 0.9634), (18, 0.0979), (19, 0.8574), (20, 0.9676), (21, 0.9735), (22, 0.9648), (23, 0.972), (24, 0.9783), (25, 0.9695), (26, 0.9818), (27, 0.9652), (28, 0.9767), (29, 0.9802), (30, 0.9785), (31, 0.089), (32, 0.9676), (33, 0.9802), (34, 0.9773), (35, 0.9795), (36, 0.9798), (37, 0.9804), (38, 0.4956), (39, 0.9806), (40, 0.9822), (41, 0.9832), (42, 0.7927), (43, 0.9797), (44, 0.9829), (45, 0.9855), (46, 0.9842), (47, 0.8774), (48, 0.1008), (49, 0.4483), (50, 0.9818), (51, 0.9809), (52, 0.986), (53, 0.1012), (54, 0.9587), (55, 0.8103), (56, 0.9808), (57, 0.985), (58, 0.9826), (59, 0.9842), (60, 0.9851), (61, 0.9799), (62, 0.9825), (63, 0.9821), (64, 0.9827), (65, 0.9781), (66, 0.9771), (67, 0.9836), (68, 0.9248), (69, 0.1863), (70, 0.9794), (71, 0.9857), (72, 0.9821), (73, 0.987), (74, 0.9839), (75, 0.9805), (76, 0.9842), (77, 0.9843), (78, 0.984), (79, 0.9864), (80, 0.9846), (81, 0.9843), (82, 0.6028), (83, 0.9857), (84, 0.9861), (85, 0.9298), (86, 0.9853), (87, 0.2254), (88, 0.9768), (89, 0.9832), (90, 0.9825), (91, 0.9864), (92, 0.9861), (93, 0.8098), (94, 0.3714), (95, 0.9698), (96, 0.984), (97, 0.1657), (98, 0.9692), (99, 0.9855), (100, 0.9846)]}
