[2024-05-12 14:45:18,681][flwr][INFO] - Starting Flower simulation, config: ServerConfig(num_rounds=100, round_timeout=None)
[2024-05-12 14:45:20,053][flwr][INFO] - Flower VCE: Ray initialized with resources: {'memory': 38909885646.0, 'accelerator_type:G': 1.0, 'GPU': 4.0, 'node:__internal_head__': 1.0, 'object_store_memory': 19454942822.0, 'node:172.17.34.49': 1.0, 'CPU': 20.0}
[2024-05-12 14:45:20,054][flwr][INFO] - Initializing global parameters
[2024-05-12 14:45:20,054][flwr][INFO] - Requesting initial parameters from one random client
[2024-05-12 14:45:22,587][flwr][INFO] - Received initial parameters from one random client
[2024-05-12 14:45:22,589][flwr][INFO] - Evaluating initial parameters
[2024-05-12 14:45:25,994][flwr][INFO] - initial parameters (loss, other metrics): 194.11793494224548, {'accuracy': 0.1124}
[2024-05-12 14:45:25,995][flwr][INFO] - FL starting
[2024-05-12 14:45:25,995][flwr][DEBUG] - fit_round 1: strategy sampled 10 clients (out of 50)
[2024-05-12 14:46:16,855][flwr][DEBUG] - fit_round 1 received 10 results and 0 failures
[2024-05-12 14:46:19,406][flwr][WARNING] - No fit_metrics_aggregation_fn provided
[2024-05-12 14:46:21,334][flwr][INFO] - fit progress: (1, 92.96444565057755, {'accuracy': 0.6699}, 55.33945120871067)
[2024-05-12 14:46:21,334][flwr][DEBUG] - evaluate_round 1: strategy sampled 1 clients (out of 50)
[2024-05-12 14:46:25,245][flwr][DEBUG] - evaluate_round 1 received 1 results and 0 failures
[2024-05-12 14:46:25,245][flwr][WARNING] - No evaluate_metrics_aggregation_fn provided
[2024-05-12 14:46:25,245][flwr][DEBUG] - fit_round 2: strategy sampled 10 clients (out of 50)
[2024-05-12 14:47:15,806][flwr][DEBUG] - fit_round 2 received 10 results and 0 failures
[2024-05-12 14:47:20,325][flwr][INFO] - fit progress: (2, 242.60092520713806, {'accuracy': 0.5266}, 114.32987281680107)
[2024-05-12 14:47:20,325][flwr][DEBUG] - evaluate_round 2: strategy sampled 1 clients (out of 50)
[2024-05-12 14:47:24,256][flwr][DEBUG] - evaluate_round 2 received 1 results and 0 failures
[2024-05-12 14:47:24,256][flwr][DEBUG] - fit_round 3: strategy sampled 10 clients (out of 50)
[2024-05-12 14:48:14,384][flwr][DEBUG] - fit_round 3 received 10 results and 0 failures
[2024-05-12 14:48:18,937][flwr][INFO] - fit progress: (3, 148.21177333593369, {'accuracy': 0.7327}, 172.9425184428692)
[2024-05-12 14:48:18,937][flwr][DEBUG] - evaluate_round 3: strategy sampled 1 clients (out of 50)
[2024-05-12 14:48:22,893][flwr][DEBUG] - evaluate_round 3 received 1 results and 0 failures
[2024-05-12 14:48:22,893][flwr][DEBUG] - fit_round 4: strategy sampled 10 clients (out of 50)
[2024-05-12 14:49:13,480][flwr][DEBUG] - fit_round 4 received 10 results and 0 failures
[2024-05-12 14:49:22,212][flwr][INFO] - fit progress: (4, 136.1166042611003, {'accuracy': 0.7948}, 236.21735821664333)
[2024-05-12 14:49:22,212][flwr][DEBUG] - evaluate_round 4: strategy sampled 1 clients (out of 50)
[2024-05-12 14:49:26,132][flwr][DEBUG] - evaluate_round 4 received 1 results and 0 failures
[2024-05-12 14:49:26,133][flwr][DEBUG] - fit_round 5: strategy sampled 10 clients (out of 50)
[2024-05-12 14:50:16,561][flwr][DEBUG] - fit_round 5 received 10 results and 0 failures
[2024-05-12 14:50:25,185][flwr][INFO] - fit progress: (5, 78.67097424715757, {'accuracy': 0.8189}, 299.19082760065794)
[2024-05-12 14:50:25,186][flwr][DEBUG] - evaluate_round 5: strategy sampled 1 clients (out of 50)
[2024-05-12 14:50:29,141][flwr][DEBUG] - evaluate_round 5 received 1 results and 0 failures
[2024-05-12 14:50:29,141][flwr][DEBUG] - fit_round 6: strategy sampled 10 clients (out of 50)
[2024-05-12 14:51:20,047][flwr][DEBUG] - fit_round 6 received 10 results and 0 failures
[2024-05-12 14:51:28,790][flwr][INFO] - fit progress: (6, 58.38697052001953, {'accuracy': 0.7645}, 362.7952822893858)
[2024-05-12 14:51:28,790][flwr][DEBUG] - evaluate_round 6: strategy sampled 1 clients (out of 50)
[2024-05-12 14:51:32,702][flwr][DEBUG] - evaluate_round 6 received 1 results and 0 failures
[2024-05-12 14:51:32,702][flwr][DEBUG] - fit_round 7: strategy sampled 10 clients (out of 50)
[2024-05-12 14:52:23,395][flwr][DEBUG] - fit_round 7 received 10 results and 0 failures
[2024-05-12 14:52:32,152][flwr][INFO] - fit progress: (7, 69.81792032718658, {'accuracy': 0.7237}, 426.1570440977812)
[2024-05-12 14:52:32,152][flwr][DEBUG] - evaluate_round 7: strategy sampled 1 clients (out of 50)
[2024-05-12 14:52:36,150][flwr][DEBUG] - evaluate_round 7 received 1 results and 0 failures
[2024-05-12 14:52:36,151][flwr][DEBUG] - fit_round 8: strategy sampled 10 clients (out of 50)
[2024-05-12 14:53:26,899][flwr][DEBUG] - fit_round 8 received 10 results and 0 failures
[2024-05-12 14:53:35,658][flwr][INFO] - fit progress: (8, 72.17206352949142, {'accuracy': 0.7135}, 489.66346736624837)
[2024-05-12 14:53:35,658][flwr][DEBUG] - evaluate_round 8: strategy sampled 1 clients (out of 50)
[2024-05-12 14:53:39,628][flwr][DEBUG] - evaluate_round 8 received 1 results and 0 failures
[2024-05-12 14:53:39,629][flwr][DEBUG] - fit_round 9: strategy sampled 10 clients (out of 50)
[2024-05-12 14:54:30,343][flwr][DEBUG] - fit_round 9 received 10 results and 0 failures
[2024-05-12 14:54:39,067][flwr][INFO] - fit progress: (9, 57.699596256017685, {'accuracy': 0.8153}, 553.0720252357423)
[2024-05-12 14:54:39,067][flwr][DEBUG] - evaluate_round 9: strategy sampled 1 clients (out of 50)
[2024-05-12 14:54:42,985][flwr][DEBUG] - evaluate_round 9 received 1 results and 0 failures
[2024-05-12 14:54:42,986][flwr][DEBUG] - fit_round 10: strategy sampled 10 clients (out of 50)
[2024-05-12 14:55:33,932][flwr][DEBUG] - fit_round 10 received 10 results and 0 failures
[2024-05-12 14:55:42,719][flwr][INFO] - fit progress: (10, 47.00574520230293, {'accuracy': 0.8533}, 616.7242585197091)
[2024-05-12 14:55:42,719][flwr][DEBUG] - evaluate_round 10: strategy sampled 1 clients (out of 50)
[2024-05-12 14:55:46,690][flwr][DEBUG] - evaluate_round 10 received 1 results and 0 failures
[2024-05-12 14:55:46,690][flwr][DEBUG] - fit_round 11: strategy sampled 10 clients (out of 50)
[2024-05-12 14:56:37,439][flwr][DEBUG] - fit_round 11 received 10 results and 0 failures
[2024-05-12 14:56:46,055][flwr][INFO] - fit progress: (11, 39.61807944625616, {'accuracy': 0.8505}, 680.0600371435285)
[2024-05-12 14:56:46,055][flwr][DEBUG] - evaluate_round 11: strategy sampled 1 clients (out of 50)
[2024-05-12 14:56:50,036][flwr][DEBUG] - evaluate_round 11 received 1 results and 0 failures
[2024-05-12 14:56:50,036][flwr][DEBUG] - fit_round 12: strategy sampled 10 clients (out of 50)
[2024-05-12 14:57:40,967][flwr][DEBUG] - fit_round 12 received 10 results and 0 failures
[2024-05-12 14:57:49,626][flwr][INFO] - fit progress: (12, 36.68823231756687, {'accuracy': 0.885}, 743.6318438723683)
[2024-05-12 14:57:49,627][flwr][DEBUG] - evaluate_round 12: strategy sampled 1 clients (out of 50)
[2024-05-12 14:57:53,584][flwr][DEBUG] - evaluate_round 12 received 1 results and 0 failures
[2024-05-12 14:57:53,585][flwr][DEBUG] - fit_round 13: strategy sampled 10 clients (out of 50)
[2024-05-12 14:58:44,142][flwr][DEBUG] - fit_round 13 received 10 results and 0 failures
[2024-05-12 14:58:52,785][flwr][INFO] - fit progress: (13, 44.2451296299696, {'accuracy': 0.8638}, 806.7904986999929)
[2024-05-12 14:58:52,785][flwr][DEBUG] - evaluate_round 13: strategy sampled 1 clients (out of 50)
[2024-05-12 14:58:56,719][flwr][DEBUG] - evaluate_round 13 received 1 results and 0 failures
[2024-05-12 14:58:56,719][flwr][DEBUG] - fit_round 14: strategy sampled 10 clients (out of 50)
[2024-05-12 14:59:47,768][flwr][DEBUG] - fit_round 14 received 10 results and 0 failures
[2024-05-12 14:59:56,458][flwr][INFO] - fit progress: (14, 37.46896179020405, {'accuracy': 0.8872}, 870.4632115848362)
[2024-05-12 14:59:56,458][flwr][DEBUG] - evaluate_round 14: strategy sampled 1 clients (out of 50)
[2024-05-12 15:00:00,429][flwr][DEBUG] - evaluate_round 14 received 1 results and 0 failures
[2024-05-12 15:00:00,430][flwr][DEBUG] - fit_round 15: strategy sampled 10 clients (out of 50)
[2024-05-12 15:00:50,664][flwr][DEBUG] - fit_round 15 received 10 results and 0 failures
[2024-05-12 15:00:59,439][flwr][INFO] - fit progress: (15, 37.57553654909134, {'accuracy': 0.882}, 933.4442800320685)
[2024-05-12 15:00:59,439][flwr][DEBUG] - evaluate_round 15: strategy sampled 1 clients (out of 50)
[2024-05-12 15:01:03,469][flwr][DEBUG] - evaluate_round 15 received 1 results and 0 failures
[2024-05-12 15:01:03,469][flwr][DEBUG] - fit_round 16: strategy sampled 10 clients (out of 50)
[2024-05-12 15:01:54,239][flwr][DEBUG] - fit_round 16 received 10 results and 0 failures
[2024-05-12 15:02:02,943][flwr][INFO] - fit progress: (16, 30.42286580055952, {'accuracy': 0.8867}, 996.9486399441957)
[2024-05-12 15:02:02,943][flwr][DEBUG] - evaluate_round 16: strategy sampled 1 clients (out of 50)
[2024-05-12 15:02:06,934][flwr][DEBUG] - evaluate_round 16 received 1 results and 0 failures
[2024-05-12 15:02:06,934][flwr][DEBUG] - fit_round 17: strategy sampled 10 clients (out of 50)
[2024-05-12 15:02:57,604][flwr][DEBUG] - fit_round 17 received 10 results and 0 failures
[2024-05-12 15:03:06,350][flwr][INFO] - fit progress: (17, 39.291896253824234, {'accuracy': 0.867}, 1060.3553645126522)
[2024-05-12 15:03:06,350][flwr][DEBUG] - evaluate_round 17: strategy sampled 1 clients (out of 50)
[2024-05-12 15:03:10,303][flwr][DEBUG] - evaluate_round 17 received 1 results and 0 failures
[2024-05-12 15:03:10,304][flwr][DEBUG] - fit_round 18: strategy sampled 10 clients (out of 50)
[2024-05-12 15:04:01,686][flwr][DEBUG] - fit_round 18 received 10 results and 0 failures
[2024-05-12 15:04:10,455][flwr][INFO] - fit progress: (18, 38.969155475497246, {'accuracy': 0.8706}, 1124.4608450122178)
[2024-05-12 15:04:10,456][flwr][DEBUG] - evaluate_round 18: strategy sampled 1 clients (out of 50)
[2024-05-12 15:04:14,459][flwr][DEBUG] - evaluate_round 18 received 1 results and 0 failures
[2024-05-12 15:04:14,460][flwr][DEBUG] - fit_round 19: strategy sampled 10 clients (out of 50)
[2024-05-12 15:05:05,408][flwr][DEBUG] - fit_round 19 received 10 results and 0 failures
[2024-05-12 15:05:14,186][flwr][INFO] - fit progress: (19, 128.84506213665009, {'accuracy': 0.8404}, 1188.1911011710763)
[2024-05-12 15:05:14,186][flwr][DEBUG] - evaluate_round 19: strategy sampled 1 clients (out of 50)
[2024-05-12 15:05:18,174][flwr][DEBUG] - evaluate_round 19 received 1 results and 0 failures
[2024-05-12 15:05:18,175][flwr][DEBUG] - fit_round 20: strategy sampled 10 clients (out of 50)
