[2024-05-08 19:22:16,605][flwr][INFO] - Starting Flower simulation, config: ServerConfig(num_rounds=100, round_timeout=None)
[2024-05-08 19:22:19,015][flwr][INFO] - Flower VCE: Ray initialized with resources: {'object_store_memory': 18239855001.0, 'node:172.17.34.49': 1.0, 'GPU': 4.0, 'accelerator_type:G': 1.0, 'CPU': 20.0, 'node:__internal_head__': 1.0, 'memory': 36479710004.0}
[2024-05-08 19:22:19,016][flwr][INFO] - Initializing global parameters
[2024-05-08 19:22:19,016][flwr][INFO] - Requesting initial parameters from one random client
[2024-05-08 19:22:21,538][flwr][INFO] - Received initial parameters from one random client
[2024-05-08 19:22:21,538][flwr][INFO] - Evaluating initial parameters
[2024-05-08 19:22:24,948][flwr][INFO] - initial parameters (loss, other metrics): 191.43265199661255, {'accuracy': 0.1084}
[2024-05-08 19:22:24,948][flwr][INFO] - FL starting
[2024-05-08 19:22:24,948][flwr][DEBUG] - fit_round 1: strategy sampled 10 clients (out of 50)
[2024-05-08 19:23:15,124][flwr][DEBUG] - fit_round 1 received 10 results and 0 failures
[2024-05-08 19:23:19,462][flwr][WARNING] - No fit_metrics_aggregation_fn provided
[2024-05-08 19:23:21,398][flwr][INFO] - fit progress: (1, 151.97940731048584, {'accuracy': 0.6431}, 56.449734944850206)
[2024-05-08 19:23:21,398][flwr][DEBUG] - evaluate_round 1: strategy sampled 1 clients (out of 50)
[2024-05-08 19:23:25,315][flwr][DEBUG] - evaluate_round 1 received 1 results and 0 failures
[2024-05-08 19:23:25,316][flwr][WARNING] - No evaluate_metrics_aggregation_fn provided
[2024-05-08 19:23:25,316][flwr][DEBUG] - fit_round 2: strategy sampled 10 clients (out of 50)
[2024-05-08 19:24:16,319][flwr][DEBUG] - fit_round 2 received 10 results and 0 failures
[2024-05-08 19:24:22,542][flwr][INFO] - fit progress: (2, 425.70854330062866, {'accuracy': 0.5973}, 117.5938969142735)
[2024-05-08 19:24:22,542][flwr][DEBUG] - evaluate_round 2: strategy sampled 1 clients (out of 50)
[2024-05-08 19:24:26,481][flwr][DEBUG] - evaluate_round 2 received 1 results and 0 failures
[2024-05-08 19:24:26,481][flwr][DEBUG] - fit_round 3: strategy sampled 10 clients (out of 50)
[2024-05-08 19:25:17,502][flwr][DEBUG] - fit_round 3 received 10 results and 0 failures
[2024-05-08 19:25:23,672][flwr][INFO] - fit progress: (3, 302.4674516618252, {'accuracy': 0.7413}, 178.72388530522585)
[2024-05-08 19:25:23,672][flwr][DEBUG] - evaluate_round 3: strategy sampled 1 clients (out of 50)
[2024-05-08 19:25:27,659][flwr][DEBUG] - evaluate_round 3 received 1 results and 0 failures
[2024-05-08 19:25:27,660][flwr][DEBUG] - fit_round 4: strategy sampled 10 clients (out of 50)
[2024-05-08 19:26:18,400][flwr][DEBUG] - fit_round 4 received 10 results and 0 failures
[2024-05-08 19:26:24,562][flwr][INFO] - fit progress: (4, 265.7706896364689, {'accuracy': 0.8014}, 239.613451320678)
[2024-05-08 19:26:24,562][flwr][DEBUG] - evaluate_round 4: strategy sampled 1 clients (out of 50)
[2024-05-08 19:26:28,545][flwr][DEBUG] - evaluate_round 4 received 1 results and 0 failures
[2024-05-08 19:26:28,546][flwr][DEBUG] - fit_round 5: strategy sampled 10 clients (out of 50)
[2024-05-08 19:27:20,228][flwr][DEBUG] - fit_round 5 received 10 results and 0 failures
[2024-05-08 19:27:26,384][flwr][INFO] - fit progress: (5, 206.16774401813745, {'accuracy': 0.8608}, 301.4353157989681)
[2024-05-08 19:27:26,384][flwr][DEBUG] - evaluate_round 5: strategy sampled 1 clients (out of 50)
[2024-05-08 19:27:30,329][flwr][DEBUG] - evaluate_round 5 received 1 results and 0 failures
[2024-05-08 19:27:30,329][flwr][DEBUG] - fit_round 6: strategy sampled 10 clients (out of 50)
