[2024-05-08 17:39:25,378][flwr][INFO] - Starting Flower simulation, config: ServerConfig(num_rounds=100, round_timeout=None)
[2024-05-08 17:39:27,710][flwr][INFO] - Flower VCE: Ray initialized with resources: {'node:__internal_head__': 1.0, 'CPU': 20.0, 'node:172.17.34.49': 1.0, 'memory': 36476903424.0, 'object_store_memory': 18238451712.0, 'GPU': 4.0, 'accelerator_type:G': 1.0}
[2024-05-08 17:39:27,711][flwr][INFO] - Initializing global parameters
[2024-05-08 17:39:27,711][flwr][INFO] - Requesting initial parameters from one random client
[2024-05-08 17:39:30,268][flwr][INFO] - Received initial parameters from one random client
[2024-05-08 17:39:30,268][flwr][INFO] - Evaluating initial parameters
[2024-05-08 17:39:33,721][flwr][INFO] - initial parameters (loss, other metrics): 197.9931869506836, {'accuracy': 0.0918}
[2024-05-08 17:39:33,722][flwr][INFO] - FL starting
[2024-05-08 17:39:33,722][flwr][DEBUG] - fit_round 1: strategy sampled 10 clients (out of 50)
[2024-05-08 17:40:24,762][flwr][DEBUG] - fit_round 1 received 10 results and 0 failures
[2024-05-08 17:40:29,130][flwr][WARNING] - No fit_metrics_aggregation_fn provided
[2024-05-08 17:40:31,099][flwr][INFO] - fit progress: (1, 121.46166497468948, {'accuracy': 0.7233}, 57.377692736685276)
[2024-05-08 17:40:31,100][flwr][DEBUG] - evaluate_round 1: strategy sampled 1 clients (out of 50)
[2024-05-08 17:40:35,014][flwr][DEBUG] - evaluate_round 1 received 1 results and 0 failures
[2024-05-08 17:40:35,014][flwr][WARNING] - No evaluate_metrics_aggregation_fn provided
[2024-05-08 17:40:35,014][flwr][DEBUG] - fit_round 2: strategy sampled 10 clients (out of 50)
[2024-05-08 17:41:26,302][flwr][DEBUG] - fit_round 2 received 10 results and 0 failures
[2024-05-08 17:41:32,559][flwr][INFO] - fit progress: (2, 181.39511826634407, {'accuracy': 0.7181}, 118.8377491608262)
[2024-05-08 17:41:32,560][flwr][DEBUG] - evaluate_round 2: strategy sampled 1 clients (out of 50)
[2024-05-08 17:41:36,534][flwr][DEBUG] - evaluate_round 2 received 1 results and 0 failures
[2024-05-08 17:41:36,534][flwr][DEBUG] - fit_round 3: strategy sampled 10 clients (out of 50)
[2024-05-08 17:42:27,354][flwr][DEBUG] - fit_round 3 received 10 results and 0 failures
[2024-05-08 17:42:33,580][flwr][INFO] - fit progress: (3, 223.71566988527775, {'accuracy': 0.796}, 179.85805679485202)
[2024-05-08 17:42:33,580][flwr][DEBUG] - evaluate_round 3: strategy sampled 1 clients (out of 50)
[2024-05-08 17:42:37,539][flwr][DEBUG] - evaluate_round 3 received 1 results and 0 failures
[2024-05-08 17:42:37,540][flwr][DEBUG] - fit_round 4: strategy sampled 10 clients (out of 50)
