[2024-05-19 18:03:15,333][flwr][INFO] - Starting Flower simulation, config: ServerConfig(num_rounds=100, round_timeout=None)
[2024-05-19 18:03:17,388][flwr][INFO] - Flower VCE: Ray initialized with resources: {'node:172.17.34.3': 1.0, 'CPU': 24.0, 'memory': 81442967348.0, 'object_store_memory': 39189843148.0, 'accelerator_type:G': 1.0, 'GPU': 2.0}
[2024-05-19 18:03:17,390][flwr][INFO] - Initializing global parameters
[2024-05-19 18:03:17,390][flwr][INFO] - Requesting initial parameters from one random client
[2024-05-19 18:03:19,131][flwr][INFO] - Received initial parameters from one random client
[2024-05-19 18:03:19,131][flwr][INFO] - Evaluating initial parameters
[2024-05-19 18:03:21,045][flwr][INFO] - initial parameters (loss, other metrics): 189.24660634994507, {'accuracy': 0.1203}
[2024-05-19 18:03:21,045][flwr][INFO] - FL starting
[2024-05-19 18:03:21,045][flwr][DEBUG] - fit_round 1: strategy sampled 10 clients (out of 50)
[2024-05-19 18:03:33,133][flwr][DEBUG] - fit_round 1 received 10 results and 0 failures
[2024-05-19 18:03:34,550][flwr][WARNING] - No fit_metrics_aggregation_fn provided
[2024-05-19 18:03:35,445][flwr][INFO] - fit progress: (1, 299.25026416778564, {'accuracy': 0.3148}, 14.399634958943352)
[2024-05-19 18:03:35,445][flwr][DEBUG] - evaluate_round 1: strategy sampled 1 clients (out of 50)
[2024-05-19 18:03:36,073][flwr][DEBUG] - evaluate_round 1 received 1 results and 0 failures
[2024-05-19 18:03:36,073][flwr][WARNING] - No evaluate_metrics_aggregation_fn provided
[2024-05-19 18:03:36,073][flwr][DEBUG] - fit_round 2: strategy sampled 10 clients (out of 50)
[2024-05-19 18:03:47,081][flwr][DEBUG] - fit_round 2 received 10 results and 0 failures
[2024-05-19 18:03:49,415][flwr][INFO] - fit progress: (2, 847.858304977417, {'accuracy': 0.1883}, 28.369490321958438)
[2024-05-19 18:03:49,415][flwr][DEBUG] - evaluate_round 2: strategy sampled 1 clients (out of 50)
[2024-05-19 18:03:50,052][flwr][DEBUG] - evaluate_round 2 received 1 results and 0 failures
[2024-05-19 18:03:50,052][flwr][DEBUG] - fit_round 3: strategy sampled 10 clients (out of 50)
[2024-05-19 18:04:01,052][flwr][DEBUG] - fit_round 3 received 10 results and 0 failures
[2024-05-19 18:04:03,369][flwr][INFO] - fit progress: (3, 801.5970010757446, {'accuracy': 0.2706}, 42.323953456943855)
[2024-05-19 18:04:03,369][flwr][DEBUG] - evaluate_round 3: strategy sampled 1 clients (out of 50)
[2024-05-19 18:04:04,016][flwr][DEBUG] - evaluate_round 3 received 1 results and 0 failures
[2024-05-19 18:04:04,016][flwr][DEBUG] - fit_round 4: strategy sampled 10 clients (out of 50)
[2024-05-19 18:04:15,010][flwr][DEBUG] - fit_round 4 received 10 results and 0 failures
[2024-05-19 18:04:17,323][flwr][INFO] - fit progress: (4, 1413.157720565796, {'accuracy': 0.1855}, 56.27818869287148)
[2024-05-19 18:04:17,323][flwr][DEBUG] - evaluate_round 4: strategy sampled 1 clients (out of 50)
[2024-05-19 18:04:17,982][flwr][DEBUG] - evaluate_round 4 received 1 results and 0 failures
[2024-05-19 18:04:17,983][flwr][DEBUG] - fit_round 5: strategy sampled 10 clients (out of 50)
[2024-05-19 18:04:28,775][flwr][DEBUG] - fit_round 5 received 10 results and 0 failures
[2024-05-19 18:04:31,049][flwr][INFO] - fit progress: (5, 1274.8369579315186, {'accuracy': 0.1546}, 70.00352136790752)
[2024-05-19 18:04:31,049][flwr][DEBUG] - evaluate_round 5: strategy sampled 1 clients (out of 50)
[2024-05-19 18:04:31,701][flwr][DEBUG] - evaluate_round 5 received 1 results and 0 failures
[2024-05-19 18:04:31,702][flwr][DEBUG] - fit_round 6: strategy sampled 10 clients (out of 50)
[2024-05-19 18:04:42,726][flwr][DEBUG] - fit_round 6 received 10 results and 0 failures
[2024-05-19 18:04:44,999][flwr][INFO] - fit progress: (6, 2079.337936401367, {'accuracy': 0.0843}, 83.95429450902157)
[2024-05-19 18:04:45,000][flwr][DEBUG] - evaluate_round 6: strategy sampled 1 clients (out of 50)
[2024-05-19 18:04:45,664][flwr][DEBUG] - evaluate_round 6 received 1 results and 0 failures
[2024-05-19 18:04:45,665][flwr][DEBUG] - fit_round 7: strategy sampled 10 clients (out of 50)
[2024-05-19 18:04:56,622][flwr][DEBUG] - fit_round 7 received 10 results and 0 failures
[2024-05-19 18:04:58,890][flwr][INFO] - fit progress: (7, 1589.883794784546, {'accuracy': 0.2348}, 97.84499680483714)
[2024-05-19 18:04:58,890][flwr][DEBUG] - evaluate_round 7: strategy sampled 1 clients (out of 50)
[2024-05-19 18:04:59,553][flwr][DEBUG] - evaluate_round 7 received 1 results and 0 failures
[2024-05-19 18:04:59,553][flwr][DEBUG] - fit_round 8: strategy sampled 10 clients (out of 50)
[2024-05-19 18:05:10,648][flwr][DEBUG] - fit_round 8 received 10 results and 0 failures
[2024-05-19 18:05:12,912][flwr][INFO] - fit progress: (8, 2393.101327896118, {'accuracy': 0.1938}, 111.86715873982757)
[2024-05-19 18:05:12,912][flwr][DEBUG] - evaluate_round 8: strategy sampled 1 clients (out of 50)
[2024-05-19 18:05:13,583][flwr][DEBUG] - evaluate_round 8 received 1 results and 0 failures
[2024-05-19 18:05:13,583][flwr][DEBUG] - fit_round 9: strategy sampled 10 clients (out of 50)
[2024-05-19 18:05:24,547][flwr][DEBUG] - fit_round 9 received 10 results and 0 failures
[2024-05-19 18:05:26,814][flwr][INFO] - fit progress: (9, 2131.1707401275635, {'accuracy': 0.1302}, 125.76897521084175)
[2024-05-19 18:05:26,814][flwr][DEBUG] - evaluate_round 9: strategy sampled 1 clients (out of 50)
[2024-05-19 18:05:27,472][flwr][DEBUG] - evaluate_round 9 received 1 results and 0 failures
[2024-05-19 18:05:27,472][flwr][DEBUG] - fit_round 10: strategy sampled 10 clients (out of 50)
[2024-05-19 18:05:38,370][flwr][DEBUG] - fit_round 10 received 10 results and 0 failures
[2024-05-19 18:05:40,595][flwr][INFO] - fit progress: (10, 2135.8131675720215, {'accuracy': 0.1711}, 139.5495798208285)
[2024-05-19 18:05:40,595][flwr][DEBUG] - evaluate_round 10: strategy sampled 1 clients (out of 50)
[2024-05-19 18:05:41,257][flwr][DEBUG] - evaluate_round 10 received 1 results and 0 failures
[2024-05-19 18:05:41,258][flwr][DEBUG] - fit_round 11: strategy sampled 10 clients (out of 50)
[2024-05-19 18:05:52,479][flwr][DEBUG] - fit_round 11 received 10 results and 0 failures
[2024-05-19 18:05:54,736][flwr][INFO] - fit progress: (11, 3027.5017433166504, {'accuracy': 0.0985}, 153.6913769969251)
[2024-05-19 18:05:54,737][flwr][DEBUG] - evaluate_round 11: strategy sampled 1 clients (out of 50)
[2024-05-19 18:05:55,391][flwr][DEBUG] - evaluate_round 11 received 1 results and 0 failures
[2024-05-19 18:05:55,391][flwr][DEBUG] - fit_round 12: strategy sampled 10 clients (out of 50)
[2024-05-19 18:06:06,356][flwr][DEBUG] - fit_round 12 received 10 results and 0 failures
[2024-05-19 18:06:08,588][flwr][INFO] - fit progress: (12, 2035.031000137329, {'accuracy': 0.0874}, 167.54241274204105)
[2024-05-19 18:06:08,588][flwr][DEBUG] - evaluate_round 12: strategy sampled 1 clients (out of 50)
[2024-05-19 18:06:09,246][flwr][DEBUG] - evaluate_round 12 received 1 results and 0 failures
[2024-05-19 18:06:09,246][flwr][DEBUG] - fit_round 13: strategy sampled 10 clients (out of 50)
[2024-05-19 18:06:20,329][flwr][DEBUG] - fit_round 13 received 10 results and 0 failures
[2024-05-19 18:06:22,559][flwr][INFO] - fit progress: (13, 2233.3071269989014, {'accuracy': 0.1523}, 181.51384135498665)
[2024-05-19 18:06:22,559][flwr][DEBUG] - evaluate_round 13: strategy sampled 1 clients (out of 50)
[2024-05-19 18:06:23,215][flwr][DEBUG] - evaluate_round 13 received 1 results and 0 failures
[2024-05-19 18:06:23,215][flwr][DEBUG] - fit_round 14: strategy sampled 10 clients (out of 50)
[2024-05-19 18:06:34,131][flwr][DEBUG] - fit_round 14 received 10 results and 0 failures
[2024-05-19 18:06:36,345][flwr][INFO] - fit progress: (14, 2536.160861968994, {'accuracy': 0.1014}, 195.29995016404428)
[2024-05-19 18:06:36,345][flwr][DEBUG] - evaluate_round 14: strategy sampled 1 clients (out of 50)
[2024-05-19 18:06:37,022][flwr][DEBUG] - evaluate_round 14 received 1 results and 0 failures
[2024-05-19 18:06:37,022][flwr][DEBUG] - fit_round 15: strategy sampled 10 clients (out of 50)
[2024-05-19 18:06:47,958][flwr][DEBUG] - fit_round 15 received 10 results and 0 failures
[2024-05-19 18:06:50,186][flwr][INFO] - fit progress: (15, 2956.328851699829, {'accuracy': 0.0757}, 209.14063980290666)
[2024-05-19 18:06:50,186][flwr][DEBUG] - evaluate_round 15: strategy sampled 1 clients (out of 50)
[2024-05-19 18:06:50,858][flwr][DEBUG] - evaluate_round 15 received 1 results and 0 failures
[2024-05-19 18:06:50,858][flwr][DEBUG] - fit_round 16: strategy sampled 10 clients (out of 50)
[2024-05-19 18:07:01,786][flwr][DEBUG] - fit_round 16 received 10 results and 0 failures
[2024-05-19 18:07:04,009][flwr][INFO] - fit progress: (16, 2605.82763671875, {'accuracy': 0.2616}, 222.96367112384178)
[2024-05-19 18:07:04,009][flwr][DEBUG] - evaluate_round 16: strategy sampled 1 clients (out of 50)
[2024-05-19 18:07:04,662][flwr][DEBUG] - evaluate_round 16 received 1 results and 0 failures
[2024-05-19 18:07:04,662][flwr][DEBUG] - fit_round 17: strategy sampled 10 clients (out of 50)
[2024-05-19 18:07:15,730][flwr][DEBUG] - fit_round 17 received 10 results and 0 failures
[2024-05-19 18:07:17,954][flwr][INFO] - fit progress: (17, 2711.793920516968, {'accuracy': 0.1193}, 236.90857251593843)
[2024-05-19 18:07:17,954][flwr][DEBUG] - evaluate_round 17: strategy sampled 1 clients (out of 50)
[2024-05-19 18:07:18,618][flwr][DEBUG] - evaluate_round 17 received 1 results and 0 failures
[2024-05-19 18:07:18,619][flwr][DEBUG] - fit_round 18: strategy sampled 10 clients (out of 50)
[2024-05-19 18:07:29,623][flwr][DEBUG] - fit_round 18 received 10 results and 0 failures
[2024-05-19 18:07:31,805][flwr][INFO] - fit progress: (18, 2352.9990062713623, {'accuracy': 0.1642}, 250.7601838200353)
[2024-05-19 18:07:31,805][flwr][DEBUG] - evaluate_round 18: strategy sampled 1 clients (out of 50)
[2024-05-19 18:07:32,480][flwr][DEBUG] - evaluate_round 18 received 1 results and 0 failures
[2024-05-19 18:07:32,481][flwr][DEBUG] - fit_round 19: strategy sampled 10 clients (out of 50)
[2024-05-19 18:07:43,374][flwr][DEBUG] - fit_round 19 received 10 results and 0 failures
[2024-05-19 18:07:45,597][flwr][INFO] - fit progress: (19, 1786.87162399292, {'accuracy': 0.1889}, 264.5515924489591)
[2024-05-19 18:07:45,597][flwr][DEBUG] - evaluate_round 19: strategy sampled 1 clients (out of 50)
[2024-05-19 18:07:46,268][flwr][DEBUG] - evaluate_round 19 received 1 results and 0 failures
[2024-05-19 18:07:46,268][flwr][DEBUG] - fit_round 20: strategy sampled 10 clients (out of 50)
[2024-05-19 18:07:57,399][flwr][DEBUG] - fit_round 20 received 10 results and 0 failures
[2024-05-19 18:07:59,608][flwr][INFO] - fit progress: (20, 2122.605665206909, {'accuracy': 0.1201}, 278.5624902318232)
[2024-05-19 18:07:59,608][flwr][DEBUG] - evaluate_round 20: strategy sampled 1 clients (out of 50)
[2024-05-19 18:08:00,276][flwr][DEBUG] - evaluate_round 20 received 1 results and 0 failures
[2024-05-19 18:08:00,276][flwr][DEBUG] - fit_round 21: strategy sampled 10 clients (out of 50)
[2024-05-19 18:08:11,263][flwr][DEBUG] - fit_round 21 received 10 results and 0 failures
[2024-05-19 18:08:13,474][flwr][INFO] - fit progress: (21, 2659.1560096740723, {'accuracy': 0.1588}, 292.42849577288143)
[2024-05-19 18:08:13,474][flwr][DEBUG] - evaluate_round 21: strategy sampled 1 clients (out of 50)
[2024-05-19 18:08:14,142][flwr][DEBUG] - evaluate_round 21 received 1 results and 0 failures
[2024-05-19 18:08:14,142][flwr][DEBUG] - fit_round 22: strategy sampled 10 clients (out of 50)
[2024-05-19 18:08:25,060][flwr][DEBUG] - fit_round 22 received 10 results and 0 failures
[2024-05-19 18:08:27,277][flwr][INFO] - fit progress: (22, 1654.9292182922363, {'accuracy': 0.1467}, 306.23179159197025)
[2024-05-19 18:08:27,277][flwr][DEBUG] - evaluate_round 22: strategy sampled 1 clients (out of 50)
[2024-05-19 18:08:27,949][flwr][DEBUG] - evaluate_round 22 received 1 results and 0 failures
[2024-05-19 18:08:27,949][flwr][DEBUG] - fit_round 23: strategy sampled 10 clients (out of 50)
[2024-05-19 18:08:39,049][flwr][DEBUG] - fit_round 23 received 10 results and 0 failures
[2024-05-19 18:08:41,227][flwr][INFO] - fit progress: (23, 2075.789249420166, {'accuracy': 0.0981}, 320.18146531586535)
[2024-05-19 18:08:41,227][flwr][DEBUG] - evaluate_round 23: strategy sampled 1 clients (out of 50)
[2024-05-19 18:08:41,876][flwr][DEBUG] - evaluate_round 23 received 1 results and 0 failures
[2024-05-19 18:08:41,876][flwr][DEBUG] - fit_round 24: strategy sampled 10 clients (out of 50)
[2024-05-19 18:08:52,942][flwr][DEBUG] - fit_round 24 received 10 results and 0 failures
[2024-05-19 18:08:55,116][flwr][INFO] - fit progress: (24, 1937.402021408081, {'accuracy': 0.1714}, 334.0711312829517)
[2024-05-19 18:08:55,116][flwr][DEBUG] - evaluate_round 24: strategy sampled 1 clients (out of 50)
[2024-05-19 18:08:55,778][flwr][DEBUG] - evaluate_round 24 received 1 results and 0 failures
[2024-05-19 18:08:55,779][flwr][DEBUG] - fit_round 25: strategy sampled 10 clients (out of 50)
[2024-05-19 18:09:06,989][flwr][DEBUG] - fit_round 25 received 10 results and 0 failures
[2024-05-19 18:09:09,194][flwr][INFO] - fit progress: (25, 1870.4616966247559, {'accuracy': 0.0639}, 348.1486078228336)
[2024-05-19 18:09:09,194][flwr][DEBUG] - evaluate_round 25: strategy sampled 1 clients (out of 50)
[2024-05-19 18:09:09,865][flwr][DEBUG] - evaluate_round 25 received 1 results and 0 failures
[2024-05-19 18:09:09,865][flwr][DEBUG] - fit_round 26: strategy sampled 10 clients (out of 50)
[2024-05-19 18:09:20,983][flwr][DEBUG] - fit_round 26 received 10 results and 0 failures
[2024-05-19 18:09:23,190][flwr][INFO] - fit progress: (26, 1148.54753780365, {'accuracy': 0.2138}, 362.1446019690484)
[2024-05-19 18:09:23,190][flwr][DEBUG] - evaluate_round 26: strategy sampled 1 clients (out of 50)
[2024-05-19 18:09:23,862][flwr][DEBUG] - evaluate_round 26 received 1 results and 0 failures
[2024-05-19 18:09:23,862][flwr][DEBUG] - fit_round 27: strategy sampled 10 clients (out of 50)
[2024-05-19 18:09:34,884][flwr][DEBUG] - fit_round 27 received 10 results and 0 failures
[2024-05-19 18:09:37,089][flwr][INFO] - fit progress: (27, 1573.4174785614014, {'accuracy': 0.0921}, 376.0440182478633)
[2024-05-19 18:09:37,089][flwr][DEBUG] - evaluate_round 27: strategy sampled 1 clients (out of 50)
[2024-05-19 18:09:37,747][flwr][DEBUG] - evaluate_round 27 received 1 results and 0 failures
[2024-05-19 18:09:37,747][flwr][DEBUG] - fit_round 28: strategy sampled 10 clients (out of 50)
[2024-05-19 18:09:48,670][flwr][DEBUG] - fit_round 28 received 10 results and 0 failures
[2024-05-19 18:09:50,881][flwr][INFO] - fit progress: (28, 1394.7653341293335, {'accuracy': 0.1603}, 389.83601286797784)
[2024-05-19 18:09:50,881][flwr][DEBUG] - evaluate_round 28: strategy sampled 1 clients (out of 50)
[2024-05-19 18:09:51,546][flwr][DEBUG] - evaluate_round 28 received 1 results and 0 failures
[2024-05-19 18:09:51,546][flwr][DEBUG] - fit_round 29: strategy sampled 10 clients (out of 50)
[2024-05-19 18:10:02,536][flwr][DEBUG] - fit_round 29 received 10 results and 0 failures
[2024-05-19 18:10:04,735][flwr][INFO] - fit progress: (29, 1072.158730506897, {'accuracy': 0.049}, 403.6897464389913)
[2024-05-19 18:10:04,735][flwr][DEBUG] - evaluate_round 29: strategy sampled 1 clients (out of 50)
[2024-05-19 18:10:05,397][flwr][DEBUG] - evaluate_round 29 received 1 results and 0 failures
[2024-05-19 18:10:05,397][flwr][DEBUG] - fit_round 30: strategy sampled 10 clients (out of 50)
[2024-05-19 18:10:16,581][flwr][DEBUG] - fit_round 30 received 10 results and 0 failures
[2024-05-19 18:10:18,792][flwr][INFO] - fit progress: (30, 857.519681930542, {'accuracy': 0.0787}, 417.7468268398661)
[2024-05-19 18:10:18,792][flwr][DEBUG] - evaluate_round 30: strategy sampled 1 clients (out of 50)
[2024-05-19 18:10:19,474][flwr][DEBUG] - evaluate_round 30 received 1 results and 0 failures
[2024-05-19 18:10:19,474][flwr][DEBUG] - fit_round 31: strategy sampled 10 clients (out of 50)
[2024-05-19 18:10:30,763][flwr][DEBUG] - fit_round 31 received 10 results and 0 failures
[2024-05-19 18:10:32,974][flwr][INFO] - fit progress: (31, 1206.000093460083, {'accuracy': 0.1932}, 431.9290561438538)
[2024-05-19 18:10:32,974][flwr][DEBUG] - evaluate_round 31: strategy sampled 1 clients (out of 50)
[2024-05-19 18:10:33,644][flwr][DEBUG] - evaluate_round 31 received 1 results and 0 failures
[2024-05-19 18:10:33,645][flwr][DEBUG] - fit_round 32: strategy sampled 10 clients (out of 50)
[2024-05-19 18:10:44,658][flwr][DEBUG] - fit_round 32 received 10 results and 0 failures
[2024-05-19 18:10:46,875][flwr][INFO] - fit progress: (32, 1197.2142162322998, {'accuracy': 0.1689}, 445.82957136491314)
[2024-05-19 18:10:46,875][flwr][DEBUG] - evaluate_round 32: strategy sampled 1 clients (out of 50)
[2024-05-19 18:10:47,554][flwr][DEBUG] - evaluate_round 32 received 1 results and 0 failures
[2024-05-19 18:10:47,554][flwr][DEBUG] - fit_round 33: strategy sampled 10 clients (out of 50)
[2024-05-19 18:10:58,566][flwr][DEBUG] - fit_round 33 received 10 results and 0 failures
[2024-05-19 18:11:00,776][flwr][INFO] - fit progress: (33, 661.7665786743164, {'accuracy': 0.2344}, 459.73112737596966)
[2024-05-19 18:11:00,776][flwr][DEBUG] - evaluate_round 33: strategy sampled 1 clients (out of 50)
[2024-05-19 18:11:01,426][flwr][DEBUG] - evaluate_round 33 received 1 results and 0 failures
[2024-05-19 18:11:01,426][flwr][DEBUG] - fit_round 34: strategy sampled 10 clients (out of 50)
[2024-05-19 18:11:12,614][flwr][DEBUG] - fit_round 34 received 10 results and 0 failures
[2024-05-19 18:11:14,823][flwr][INFO] - fit progress: (34, 676.2211742401123, {'accuracy': 0.1496}, 473.777674238896)
[2024-05-19 18:11:14,823][flwr][DEBUG] - evaluate_round 34: strategy sampled 1 clients (out of 50)
[2024-05-19 18:11:15,492][flwr][DEBUG] - evaluate_round 34 received 1 results and 0 failures
[2024-05-19 18:11:15,493][flwr][DEBUG] - fit_round 35: strategy sampled 10 clients (out of 50)
[2024-05-19 18:11:26,757][flwr][DEBUG] - fit_round 35 received 10 results and 0 failures
[2024-05-19 18:11:28,984][flwr][INFO] - fit progress: (35, 819.0300998687744, {'accuracy': 0.1699}, 487.93922349391505)
[2024-05-19 18:11:28,984][flwr][DEBUG] - evaluate_round 35: strategy sampled 1 clients (out of 50)
[2024-05-19 18:11:29,661][flwr][DEBUG] - evaluate_round 35 received 1 results and 0 failures
[2024-05-19 18:11:29,661][flwr][DEBUG] - fit_round 36: strategy sampled 10 clients (out of 50)
