[2024-05-08 20:23:23,484][flwr][INFO] - Starting Flower simulation, config: ServerConfig(num_rounds=100, round_timeout=None)
[2024-05-08 20:23:26,937][flwr][INFO] - Flower VCE: Ray initialized with resources: {'memory': 36477554688.0, 'CPU': 20.0, 'node:__internal_head__': 1.0, 'object_store_memory': 18238777344.0, 'GPU': 4.0, 'accelerator_type:G': 1.0, 'node:172.17.34.49': 1.0}
[2024-05-08 20:23:26,938][flwr][INFO] - Initializing global parameters
[2024-05-08 20:23:26,938][flwr][INFO] - Requesting initial parameters from one random client
[2024-05-08 20:23:29,599][flwr][INFO] - Received initial parameters from one random client
[2024-05-08 20:23:29,600][flwr][INFO] - Evaluating initial parameters
[2024-05-08 20:23:33,018][flwr][INFO] - initial parameters (loss, other metrics): 190.01067066192627, {'accuracy': 0.1083}
[2024-05-08 20:23:33,018][flwr][INFO] - FL starting
[2024-05-08 20:23:33,018][flwr][DEBUG] - fit_round 1: strategy sampled 10 clients (out of 50)
[2024-05-08 20:24:23,632][flwr][DEBUG] - fit_round 1 received 10 results and 0 failures
[2024-05-08 20:24:27,963][flwr][WARNING] - No fit_metrics_aggregation_fn provided
[2024-05-08 20:24:29,901][flwr][INFO] - fit progress: (1, 131.39139115810394, {'accuracy': 0.6868}, 56.88357149064541)
[2024-05-08 20:24:29,902][flwr][DEBUG] - evaluate_round 1: strategy sampled 1 clients (out of 50)
[2024-05-08 20:24:33,825][flwr][DEBUG] - evaluate_round 1 received 1 results and 0 failures
[2024-05-08 20:24:33,825][flwr][WARNING] - No evaluate_metrics_aggregation_fn provided
[2024-05-08 20:24:33,825][flwr][DEBUG] - fit_round 2: strategy sampled 10 clients (out of 50)
[2024-05-08 20:25:24,999][flwr][DEBUG] - fit_round 2 received 10 results and 0 failures
[2024-05-08 20:25:31,241][flwr][INFO] - fit progress: (2, 308.03178191185, {'accuracy': 0.5761}, 118.22350752353668)
[2024-05-08 20:25:31,242][flwr][DEBUG] - evaluate_round 2: strategy sampled 1 clients (out of 50)
[2024-05-08 20:25:35,193][flwr][DEBUG] - evaluate_round 2 received 1 results and 0 failures
[2024-05-08 20:25:35,194][flwr][DEBUG] - fit_round 3: strategy sampled 10 clients (out of 50)
[2024-05-08 20:26:26,162][flwr][DEBUG] - fit_round 3 received 10 results and 0 failures
[2024-05-08 20:26:32,422][flwr][INFO] - fit progress: (3, 182.23076711781323, {'accuracy': 0.838}, 179.4037973023951)
[2024-05-08 20:26:32,422][flwr][DEBUG] - evaluate_round 3: strategy sampled 1 clients (out of 50)
[2024-05-08 20:26:36,340][flwr][DEBUG] - evaluate_round 3 received 1 results and 0 failures
[2024-05-08 20:26:36,340][flwr][DEBUG] - fit_round 4: strategy sampled 10 clients (out of 50)
[2024-05-08 20:27:27,219][flwr][DEBUG] - fit_round 4 received 10 results and 0 failures
[2024-05-08 20:27:33,418][flwr][INFO] - fit progress: (4, 247.84364207088947, {'accuracy': 0.8321}, 240.40034877881408)
[2024-05-08 20:27:33,418][flwr][DEBUG] - evaluate_round 4: strategy sampled 1 clients (out of 50)
[2024-05-08 20:27:37,411][flwr][DEBUG] - evaluate_round 4 received 1 results and 0 failures
[2024-05-08 20:27:37,411][flwr][DEBUG] - fit_round 5: strategy sampled 10 clients (out of 50)
[2024-05-08 20:28:28,072][flwr][DEBUG] - fit_round 5 received 10 results and 0 failures
[2024-05-08 20:28:34,247][flwr][INFO] - fit progress: (5, 272.25959791243076, {'accuracy': 0.8163}, 301.2296016179025)
[2024-05-08 20:28:34,248][flwr][DEBUG] - evaluate_round 5: strategy sampled 1 clients (out of 50)
[2024-05-08 20:28:38,168][flwr][DEBUG] - evaluate_round 5 received 1 results and 0 failures
[2024-05-08 20:28:38,168][flwr][DEBUG] - fit_round 6: strategy sampled 10 clients (out of 50)
[2024-05-08 20:29:29,654][flwr][DEBUG] - fit_round 6 received 10 results and 0 failures
[2024-05-08 20:29:35,790][flwr][INFO] - fit progress: (6, 189.05793549865484, {'accuracy': 0.8763}, 362.7724164314568)
[2024-05-08 20:29:35,790][flwr][DEBUG] - evaluate_round 6: strategy sampled 1 clients (out of 50)
[2024-05-08 20:29:39,751][flwr][DEBUG] - evaluate_round 6 received 1 results and 0 failures
[2024-05-08 20:29:39,752][flwr][DEBUG] - fit_round 7: strategy sampled 10 clients (out of 50)
[2024-05-08 20:30:30,451][flwr][DEBUG] - fit_round 7 received 10 results and 0 failures
[2024-05-08 20:30:36,580][flwr][INFO] - fit progress: (7, 178.38012606278062, {'accuracy': 0.881}, 423.562413174659)
[2024-05-08 20:30:36,580][flwr][DEBUG] - evaluate_round 7: strategy sampled 1 clients (out of 50)
[2024-05-08 20:30:40,535][flwr][DEBUG] - evaluate_round 7 received 1 results and 0 failures
[2024-05-08 20:30:40,536][flwr][DEBUG] - fit_round 8: strategy sampled 10 clients (out of 50)
[2024-05-08 20:31:31,717][flwr][DEBUG] - fit_round 8 received 10 results and 0 failures
[2024-05-08 20:31:37,833][flwr][INFO] - fit progress: (8, 154.3602486080199, {'accuracy': 0.893}, 484.81469182670116)
[2024-05-08 20:31:37,833][flwr][DEBUG] - evaluate_round 8: strategy sampled 1 clients (out of 50)
[2024-05-08 20:31:41,793][flwr][DEBUG] - evaluate_round 8 received 1 results and 0 failures
[2024-05-08 20:31:41,794][flwr][DEBUG] - fit_round 9: strategy sampled 10 clients (out of 50)
[2024-05-08 20:32:32,992][flwr][DEBUG] - fit_round 9 received 10 results and 0 failures
[2024-05-08 20:32:39,117][flwr][INFO] - fit progress: (9, 140.77480868529528, {'accuracy': 0.8914}, 546.0991862080991)
[2024-05-08 20:32:39,117][flwr][DEBUG] - evaluate_round 9: strategy sampled 1 clients (out of 50)
[2024-05-08 20:32:43,074][flwr][DEBUG] - evaluate_round 9 received 1 results and 0 failures
[2024-05-08 20:32:43,074][flwr][DEBUG] - fit_round 10: strategy sampled 10 clients (out of 50)
