[2024-05-30 18:48:02,877][flwr][INFO] - Starting Flower simulation, config: ServerConfig(num_rounds=100, round_timeout=None)
[2024-05-30 18:48:04,942][flwr][INFO] - Flower VCE: Ray initialized with resources: {'CPU': 24.0, 'accelerator_type:G': 1.0, 'memory': 83159086900.0, 'object_store_memory': 39925322956.0, 'GPU': 2.0, 'node:172.17.34.3': 1.0}
[2024-05-30 18:48:04,943][flwr][INFO] - Initializing global parameters
[2024-05-30 18:48:04,943][flwr][INFO] - Requesting initial parameters from one random client
[2024-05-30 18:48:06,098][flwr][INFO] - Received initial parameters from one random client
[2024-05-30 18:48:06,098][flwr][INFO] - Evaluating initial parameters
[2024-05-30 18:48:08,053][flwr][INFO] - initial parameters (loss, other metrics): 183.23317694664001, {'accuracy': 0.0755}
[2024-05-30 18:48:08,053][flwr][INFO] - FL starting
[2024-05-30 18:48:08,053][flwr][DEBUG] - fit_round 1: strategy sampled 10 clients (out of 50)
[2024-05-30 18:48:12,851][flwr][DEBUG] - fit_round 1 received 10 results and 0 failures
[2024-05-30 18:48:12,867][flwr][WARNING] - No fit_metrics_aggregation_fn provided
[2024-05-30 18:48:13,217][flwr][INFO] - fit progress: (1, 178.1716935634613, {'accuracy': 0.2656}, 5.164347613696009)
[2024-05-30 18:48:13,217][flwr][DEBUG] - evaluate_round 1: strategy sampled 1 clients (out of 50)
[2024-05-30 18:48:13,378][flwr][DEBUG] - evaluate_round 1 received 1 results and 0 failures
[2024-05-30 18:48:13,378][flwr][WARNING] - No evaluate_metrics_aggregation_fn provided
[2024-05-30 18:48:13,378][flwr][DEBUG] - fit_round 2: strategy sampled 10 clients (out of 50)
[2024-05-30 18:48:14,135][flwr][DEBUG] - fit_round 2 received 10 results and 0 failures
[2024-05-30 18:48:14,481][flwr][INFO] - fit progress: (2, 173.31249499320984, {'accuracy': 0.537}, 6.428335936740041)
[2024-05-30 18:48:14,481][flwr][DEBUG] - evaluate_round 2: strategy sampled 1 clients (out of 50)
[2024-05-30 18:48:14,618][flwr][DEBUG] - evaluate_round 2 received 1 results and 0 failures
[2024-05-30 18:48:14,619][flwr][DEBUG] - fit_round 3: strategy sampled 10 clients (out of 50)
[2024-05-30 18:48:15,414][flwr][DEBUG] - fit_round 3 received 10 results and 0 failures
[2024-05-30 18:48:15,763][flwr][INFO] - fit progress: (3, 168.05005073547363, {'accuracy': 0.6494}, 7.71078004874289)
[2024-05-30 18:48:15,764][flwr][DEBUG] - evaluate_round 3: strategy sampled 1 clients (out of 50)
[2024-05-30 18:48:15,901][flwr][DEBUG] - evaluate_round 3 received 1 results and 0 failures
[2024-05-30 18:48:15,902][flwr][DEBUG] - fit_round 4: strategy sampled 10 clients (out of 50)
[2024-05-30 18:48:16,754][flwr][DEBUG] - fit_round 4 received 10 results and 0 failures
[2024-05-30 18:48:19,656][flwr][INFO] - fit progress: (4, 162.12984454631805, {'accuracy': 0.6908}, 11.602935583796352)
[2024-05-30 18:48:19,656][flwr][DEBUG] - evaluate_round 4: strategy sampled 1 clients (out of 50)
[2024-05-30 18:48:19,794][flwr][DEBUG] - evaluate_round 4 received 1 results and 0 failures
[2024-05-30 18:48:19,795][flwr][DEBUG] - fit_round 5: strategy sampled 10 clients (out of 50)
[2024-05-30 18:48:20,510][flwr][DEBUG] - fit_round 5 received 10 results and 0 failures
[2024-05-30 18:48:22,975][flwr][INFO] - fit progress: (5, 155.60277831554413, {'accuracy': 0.707}, 14.922492277808487)
[2024-05-30 18:48:22,975][flwr][DEBUG] - evaluate_round 5: strategy sampled 1 clients (out of 50)
[2024-05-30 18:48:23,115][flwr][DEBUG] - evaluate_round 5 received 1 results and 0 failures
[2024-05-30 18:48:23,115][flwr][DEBUG] - fit_round 6: strategy sampled 10 clients (out of 50)
[2024-05-30 18:48:23,928][flwr][DEBUG] - fit_round 6 received 10 results and 0 failures
[2024-05-30 18:48:26,298][flwr][INFO] - fit progress: (6, 148.3071165084839, {'accuracy': 0.7417}, 18.244975897017866)
[2024-05-30 18:48:26,298][flwr][DEBUG] - evaluate_round 6: strategy sampled 1 clients (out of 50)
[2024-05-30 18:48:26,464][flwr][DEBUG] - evaluate_round 6 received 1 results and 0 failures
[2024-05-30 18:48:26,464][flwr][DEBUG] - fit_round 7: strategy sampled 10 clients (out of 50)
