[2024-05-30 18:19:34,065][flwr][INFO] - Starting Flower simulation, config: ServerConfig(num_rounds=100, round_timeout=None)
[2024-05-30 18:19:36,162][flwr][INFO] - Flower VCE: Ray initialized with resources: {'GPU': 2.0, 'object_store_memory': 39931570176.0, 'node:172.17.34.3': 1.0, 'memory': 83173663744.0, 'CPU': 24.0, 'accelerator_type:G': 1.0}
[2024-05-30 18:19:36,163][flwr][INFO] - Initializing global parameters
[2024-05-30 18:19:36,163][flwr][INFO] - Requesting initial parameters from one random client
[2024-05-30 18:19:37,297][flwr][INFO] - Received initial parameters from one random client
[2024-05-30 18:19:37,297][flwr][INFO] - Evaluating initial parameters
[2024-05-30 18:19:39,248][flwr][INFO] - initial parameters (loss, other metrics): 182.21931290626526, {'accuracy': 0.0924}
[2024-05-30 18:19:39,248][flwr][INFO] - FL starting
[2024-05-30 18:19:39,248][flwr][DEBUG] - fit_round 1: strategy sampled 10 clients (out of 50)
[2024-05-30 18:19:43,991][flwr][DEBUG] - fit_round 1 received 10 results and 0 failures
[2024-05-30 18:19:44,008][flwr][WARNING] - No fit_metrics_aggregation_fn provided
[2024-05-30 18:19:44,337][flwr][INFO] - fit progress: (1, 124.16666400432587, {'accuracy': 0.7164}, 5.089271224569529)
[2024-05-30 18:19:44,338][flwr][DEBUG] - evaluate_round 1: strategy sampled 1 clients (out of 50)
[2024-05-30 18:19:44,481][flwr][DEBUG] - evaluate_round 1 received 1 results and 0 failures
[2024-05-30 18:19:44,481][flwr][WARNING] - No evaluate_metrics_aggregation_fn provided
[2024-05-30 18:19:44,481][flwr][DEBUG] - fit_round 2: strategy sampled 10 clients (out of 50)
[2024-05-30 18:19:45,244][flwr][DEBUG] - fit_round 2 received 10 results and 0 failures
[2024-05-30 18:19:45,586][flwr][INFO] - fit progress: (2, 57.445388585329056, {'accuracy': 0.8544}, 6.337765023577958)
[2024-05-30 18:19:45,586][flwr][DEBUG] - evaluate_round 2: strategy sampled 1 clients (out of 50)
[2024-05-30 18:19:45,753][flwr][DEBUG] - evaluate_round 2 received 1 results and 0 failures
[2024-05-30 18:19:45,753][flwr][DEBUG] - fit_round 3: strategy sampled 10 clients (out of 50)
[2024-05-30 18:19:46,598][flwr][DEBUG] - fit_round 3 received 10 results and 0 failures
[2024-05-30 18:19:46,936][flwr][INFO] - fit progress: (3, 35.10739266872406, {'accuracy': 0.8918}, 7.687772125937045)
[2024-05-30 18:19:46,936][flwr][DEBUG] - evaluate_round 3: strategy sampled 1 clients (out of 50)
[2024-05-30 18:19:47,096][flwr][DEBUG] - evaluate_round 3 received 1 results and 0 failures
[2024-05-30 18:19:47,096][flwr][DEBUG] - fit_round 4: strategy sampled 10 clients (out of 50)
[2024-05-30 18:19:47,808][flwr][DEBUG] - fit_round 4 received 10 results and 0 failures
[2024-05-30 18:19:50,751][flwr][INFO] - fit progress: (4, nan, {'accuracy': 0.098}, 11.502857719548047)
[2024-05-30 18:19:50,751][flwr][DEBUG] - evaluate_round 4: strategy sampled 1 clients (out of 50)
[2024-05-30 18:19:50,914][flwr][DEBUG] - evaluate_round 4 received 1 results and 0 failures
[2024-05-30 18:19:50,914][flwr][DEBUG] - fit_round 5: strategy sampled 10 clients (out of 50)
[2024-05-30 18:19:51,683][flwr][DEBUG] - fit_round 5 received 10 results and 0 failures
