[2024-05-30 18:35:45,930][flwr][INFO] - Starting Flower simulation, config: ServerConfig(num_rounds=100, round_timeout=None)
[2024-05-30 18:35:47,986][flwr][INFO] - Flower VCE: Ray initialized with resources: {'CPU': 24.0, 'memory': 83171682509.0, 'node:172.17.34.3': 1.0, 'accelerator_type:G': 1.0, 'object_store_memory': 39930721075.0, 'GPU': 2.0}
[2024-05-30 18:35:47,987][flwr][INFO] - Initializing global parameters
[2024-05-30 18:35:47,987][flwr][INFO] - Requesting initial parameters from one random client
[2024-05-30 18:35:49,182][flwr][INFO] - Received initial parameters from one random client
[2024-05-30 18:35:49,182][flwr][INFO] - Evaluating initial parameters
[2024-05-30 18:35:51,135][flwr][INFO] - initial parameters (loss, other metrics): 181.65109777450562, {'accuracy': 0.0978}
[2024-05-30 18:35:51,135][flwr][INFO] - FL starting
[2024-05-30 18:35:51,135][flwr][DEBUG] - fit_round 1: strategy sampled 10 clients (out of 50)
[2024-05-30 18:35:56,049][flwr][DEBUG] - fit_round 1 received 10 results and 0 failures
[2024-05-30 18:35:56,065][flwr][WARNING] - No fit_metrics_aggregation_fn provided
[2024-05-30 18:35:56,403][flwr][INFO] - fit progress: (1, 176.5263934135437, {'accuracy': 0.1292}, 5.267534256912768)
[2024-05-30 18:35:56,403][flwr][DEBUG] - evaluate_round 1: strategy sampled 1 clients (out of 50)
[2024-05-30 18:35:56,568][flwr][DEBUG] - evaluate_round 1 received 1 results and 0 failures
[2024-05-30 18:35:56,568][flwr][WARNING] - No evaluate_metrics_aggregation_fn provided
[2024-05-30 18:35:56,568][flwr][DEBUG] - fit_round 2: strategy sampled 10 clients (out of 50)
[2024-05-30 18:35:57,311][flwr][DEBUG] - fit_round 2 received 10 results and 0 failures
[2024-05-30 18:35:57,650][flwr][INFO] - fit progress: (2, 170.84192895889282, {'accuracy': 0.4996}, 6.515328289009631)
[2024-05-30 18:35:57,650][flwr][DEBUG] - evaluate_round 2: strategy sampled 1 clients (out of 50)
[2024-05-30 18:35:57,827][flwr][DEBUG] - evaluate_round 2 received 1 results and 0 failures
[2024-05-30 18:35:57,827][flwr][DEBUG] - fit_round 3: strategy sampled 10 clients (out of 50)
[2024-05-30 18:35:58,622][flwr][DEBUG] - fit_round 3 received 10 results and 0 failures
[2024-05-30 18:35:58,960][flwr][INFO] - fit progress: (3, 164.38042616844177, {'accuracy': 0.6738}, 7.825471736956388)
[2024-05-30 18:35:58,961][flwr][DEBUG] - evaluate_round 3: strategy sampled 1 clients (out of 50)
[2024-05-30 18:35:59,132][flwr][DEBUG] - evaluate_round 3 received 1 results and 0 failures
[2024-05-30 18:35:59,133][flwr][DEBUG] - fit_round 4: strategy sampled 10 clients (out of 50)
[2024-05-30 18:35:59,897][flwr][DEBUG] - fit_round 4 received 10 results and 0 failures
[2024-05-30 18:36:02,640][flwr][INFO] - fit progress: (4, nan, {'accuracy': 0.098}, 11.50478971004486)
[2024-05-30 18:36:02,640][flwr][DEBUG] - evaluate_round 4: strategy sampled 1 clients (out of 50)
[2024-05-30 18:36:02,820][flwr][DEBUG] - evaluate_round 4 received 1 results and 0 failures
[2024-05-30 18:36:02,820][flwr][DEBUG] - fit_round 5: strategy sampled 10 clients (out of 50)
[2024-05-30 18:36:03,554][flwr][DEBUG] - fit_round 5 received 10 results and 0 failures
