[2024-05-30 18:17:04,670][flwr][INFO] - Starting Flower simulation, config: ServerConfig(num_rounds=100, round_timeout=None)
[2024-05-30 18:17:06,719][flwr][INFO] - Flower VCE: Ray initialized with resources: {'object_store_memory': 39936727449.0, 'accelerator_type:G': 1.0, 'node:172.17.34.3': 1.0, 'GPU': 2.0, 'memory': 83185697383.0, 'CPU': 24.0}
[2024-05-30 18:17:06,719][flwr][INFO] - Initializing global parameters
[2024-05-30 18:17:06,719][flwr][INFO] - Requesting initial parameters from one random client
[2024-05-30 18:17:07,841][flwr][INFO] - Received initial parameters from one random client
[2024-05-30 18:17:07,841][flwr][INFO] - Evaluating initial parameters
[2024-05-30 18:17:09,788][flwr][INFO] - initial parameters (loss, other metrics): 180.7259168624878, {'accuracy': 0.1866}
[2024-05-30 18:17:09,788][flwr][INFO] - FL starting
[2024-05-30 18:17:09,788][flwr][DEBUG] - fit_round 1: strategy sampled 10 clients (out of 50)
[2024-05-30 18:17:14,723][flwr][DEBUG] - fit_round 1 received 10 results and 0 failures
[2024-05-30 18:17:14,744][flwr][WARNING] - No fit_metrics_aggregation_fn provided
[2024-05-30 18:17:15,077][flwr][INFO] - fit progress: (1, 111.9293075799942, {'accuracy': 0.7973}, 5.2883583777584136)
[2024-05-30 18:17:15,077][flwr][DEBUG] - evaluate_round 1: strategy sampled 1 clients (out of 50)
[2024-05-30 18:17:15,250][flwr][DEBUG] - evaluate_round 1 received 1 results and 0 failures
[2024-05-30 18:17:15,250][flwr][WARNING] - No evaluate_metrics_aggregation_fn provided
[2024-05-30 18:17:15,250][flwr][DEBUG] - fit_round 2: strategy sampled 10 clients (out of 50)
[2024-05-30 18:17:15,974][flwr][DEBUG] - fit_round 2 received 10 results and 0 failures
[2024-05-30 18:17:16,325][flwr][INFO] - fit progress: (2, 51.92247933149338, {'accuracy': 0.8666}, 6.537168630864471)
[2024-05-30 18:17:16,325][flwr][DEBUG] - evaluate_round 2: strategy sampled 1 clients (out of 50)
[2024-05-30 18:17:16,459][flwr][DEBUG] - evaluate_round 2 received 1 results and 0 failures
[2024-05-30 18:17:16,459][flwr][DEBUG] - fit_round 3: strategy sampled 10 clients (out of 50)
[2024-05-30 18:17:17,404][flwr][DEBUG] - fit_round 3 received 10 results and 0 failures
[2024-05-30 18:17:17,751][flwr][INFO] - fit progress: (3, 33.85333736240864, {'accuracy': 0.8963}, 7.962840668857098)
[2024-05-30 18:17:17,751][flwr][DEBUG] - evaluate_round 3: strategy sampled 1 clients (out of 50)
[2024-05-30 18:17:17,955][flwr][DEBUG] - evaluate_round 3 received 1 results and 0 failures
[2024-05-30 18:17:17,956][flwr][DEBUG] - fit_round 4: strategy sampled 10 clients (out of 50)
[2024-05-30 18:17:18,680][flwr][DEBUG] - fit_round 4 received 10 results and 0 failures
[2024-05-30 18:17:21,122][flwr][INFO] - fit progress: (4, nan, {'accuracy': 0.098}, 11.333985063713044)
[2024-05-30 18:17:21,122][flwr][DEBUG] - evaluate_round 4: strategy sampled 1 clients (out of 50)
[2024-05-30 18:17:21,259][flwr][DEBUG] - evaluate_round 4 received 1 results and 0 failures
[2024-05-30 18:17:21,259][flwr][DEBUG] - fit_round 5: strategy sampled 10 clients (out of 50)
[2024-05-30 18:17:22,013][flwr][DEBUG] - fit_round 5 received 10 results and 0 failures
